epoch:0, loss: 1.479145202996596, other:0.33|0.98|0.50, company:0.00|0.00|0.00, address:0.90|0.24|0.38, date:0.33|0.02|0.04, total:0.76|0.07|0.12
epoch:1, loss: 1.2691266446743372, other:0.76|0.96|0.85, company:0.00|0.00|0.00, address:0.95|0.26|0.41, date:0.09|0.02|0.04, total:0.17|0.07|0.10
epoch:2, loss: 1.0695459055450727, other:0.88|0.96|0.92, company:0.00|0.00|0.00, address:0.96|0.27|0.42, date:0.01|0.07|0.01, total:0.04|0.08|0.06
epoch:3, loss: 0.9348465811531499, other:0.91|0.96|0.94, company:0.00|0.00|0.00, address:0.93|0.33|0.48, date:0.02|0.31|0.04, total:0.04|0.11|0.06
epoch:4, loss: 0.8645803017436333, other:0.89|0.96|0.92, company:0.00|0.00|0.00, address:0.97|0.29|0.45, date:0.06|0.29|0.10, total:0.05|0.10|0.07
epoch:5, loss: 0.8146078833993876, other:0.91|0.96|0.94, company:0.00|0.00|0.00, address:0.96|0.32|0.48, date:0.06|0.32|0.10, total:0.05|0.24|0.08
epoch:6, loss: 0.7903352064906426, other:0.90|0.96|0.93, company:0.00|0.00|0.00, address:0.95|0.33|0.49, date:0.12|0.29|0.17, total:0.10|0.16|0.12
epoch:7, loss: 0.7665388910275586, other:0.88|0.96|0.92, company:0.00|0.00|0.00, address:0.94|0.34|0.50, date:0.19|0.21|0.20, total:0.25|0.14|0.18
epoch:8, loss: 0.7325495706414277, other:0.89|0.97|0.92, company:0.01|0.11|0.01, address:0.95|0.34|0.51, date:0.18|0.26|0.22, total:0.24|0.15|0.19
epoch:9, loss: 0.7074754181897865, other:0.89|0.96|0.93, company:0.08|0.50|0.14, address:0.95|0.36|0.53, date:0.22|0.21|0.22, total:0.18|0.16|0.17
epoch:10, loss: 0.6854094784214811, other:0.87|0.97|0.92, company:0.21|0.53|0.30, address:0.95|0.36|0.52, date:0.26|0.25|0.25, total:0.31|0.16|0.21
epoch:11, loss: 0.6598089618502923, other:0.86|0.97|0.91, company:0.65|0.44|0.52, address:0.79|0.38|0.51, date:0.30|0.22|0.25, total:0.37|0.15|0.22
epoch:12, loss: 0.6525728736283645, other:0.87|0.97|0.92, company:0.69|0.47|0.56, address:0.82|0.36|0.50, date:0.31|0.24|0.27, total:0.29|0.17|0.21
epoch:13, loss: 0.6342447152677572, other:0.87|0.97|0.92, company:0.52|0.59|0.55, address:0.90|0.38|0.54, date:0.31|0.26|0.28, total:0.34|0.16|0.21
epoch:0, loss: 1.479831927227524, other:0.33|0.98|0.50, company:0.00|0.00|0.00, address:0.87|0.25|0.39, date:0.36|0.02|0.04, total:0.74|0.07|0.12
epoch:1, loss: 1.269917053996392, other:0.76|0.96|0.85, company:0.00|0.00|0.00, address:0.95|0.27|0.42, date:0.11|0.02|0.04, total:0.17|0.07|0.10
epoch:2, loss: 1.064137802933747, other:0.88|0.96|0.92, company:0.00|0.00|0.00, address:0.96|0.28|0.43, date:0.01|0.07|0.01, total:0.04|0.11|0.06
epoch:3, loss: 0.9381035330160609, other:0.92|0.96|0.94, company:0.00|0.00|0.00, address:0.91|0.33|0.49, date:0.01|0.31|0.03, total:0.04|0.11|0.06
epoch:4, loss: 0.8691735874931767, other:0.88|0.96|0.92, company:0.00|0.00|0.00, address:0.96|0.29|0.45, date:0.04|0.21|0.06, total:0.05|0.07|0.06
epoch:5, loss: 0.8155176009771958, other:0.91|0.96|0.94, company:0.00|0.00|0.00, address:0.95|0.33|0.49, date:0.04|0.31|0.08, total:0.04|0.14|0.06
epoch:6, loss: 0.797015093407541, other:0.91|0.96|0.93, company:0.00|0.00|0.00, address:0.95|0.33|0.49, date:0.09|0.26|0.13, total:0.04|0.11|0.06
epoch:7, loss: 0.7748339446085803, other:0.87|0.97|0.92, company:0.00|0.00|0.00, address:0.94|0.34|0.50, date:0.17|0.23|0.19, total:0.31|0.13|0.19
epoch:8, loss: 0.7417238062282778, other:0.89|0.96|0.93, company:0.00|0.00|0.00, address:0.95|0.34|0.50, date:0.18|0.27|0.22, total:0.18|0.15|0.16
epoch:9, loss: 0.7088150438272728, other:0.88|0.97|0.92, company:0.06|0.61|0.11, address:0.95|0.35|0.51, date:0.22|0.25|0.24, total:0.27|0.15|0.19
epoch:10, loss: 0.6883421484029518, other:0.89|0.97|0.93, company:0.38|0.52|0.44, address:0.92|0.37|0.53, date:0.24|0.25|0.25, total:0.15|0.15|0.15
epoch:11, loss: 0.66454715886206, other:0.86|0.97|0.91, company:0.57|0.56|0.57, address:0.89|0.39|0.54, date:0.29|0.22|0.25, total:0.39|0.16|0.22
epoch:12, loss: 0.6803314415913708, other:0.88|0.97|0.92, company:0.75|0.45|0.56, address:0.76|0.38|0.50, date:0.28|0.21|0.24, total:0.23|0.16|0.19
epoch:13, loss: 0.6435777466252165, other:0.88|0.97|0.92, company:0.39|0.65|0.49, address:0.93|0.38|0.54, date:0.29|0.25|0.27, total:0.30|0.17|0.22
epoch:14, loss: 0.6414792290273702, other:0.89|0.97|0.92, company:0.39|0.66|0.49, address:0.93|0.38|0.54, date:0.27|0.25|0.26, total:0.26|0.18|0.21
epoch:15, loss: 0.6359513621285277, other:0.90|0.97|0.93, company:0.54|0.58|0.56, address:0.86|0.41|0.55, date:0.33|0.25|0.28, total:0.21|0.20|0.20
epoch:16, loss: 0.6130097947030697, other:0.87|0.97|0.92, company:0.57|0.56|0.57, address:0.89|0.40|0.55, date:0.34|0.24|0.28, total:0.36|0.17|0.24
epoch:17, loss: 0.617518239426163, other:0.86|0.97|0.91, company:0.58|0.57|0.57, address:0.85|0.41|0.55, date:0.33|0.24|0.28, total:0.45|0.16|0.23
epoch:18, loss: 0.601354182891126, other:0.87|0.97|0.92, company:0.54|0.66|0.59, address:0.92|0.39|0.55, date:0.35|0.24|0.29, total:0.38|0.17|0.24
epoch:19, loss: 0.6026373005138254, other:0.86|0.97|0.91, company:0.48|0.65|0.55, address:0.93|0.38|0.54, date:0.33|0.26|0.29, total:0.44|0.17|0.24
epoch:20, loss: 0.6008784433580795, other:0.87|0.97|0.92, company:0.73|0.50|0.59, address:0.84|0.42|0.56, date:0.32|0.27|0.29, total:0.39|0.17|0.24
epoch:21, loss: 0.5978195279274346, other:0.85|0.97|0.91, company:0.78|0.48|0.60, address:0.82|0.37|0.51, date:0.36|0.24|0.29, total:0.43|0.18|0.25
epoch:22, loss: 0.6152181321719907, other:0.85|0.97|0.91, company:0.85|0.42|0.56, address:0.75|0.33|0.46, date:0.35|0.23|0.28, total:0.39|0.18|0.25
epoch:23, loss: 0.6094735697755274, other:0.84|0.97|0.90, company:0.80|0.46|0.58, address:0.82|0.35|0.49, date:0.42|0.21|0.28, total:0.36|0.18|0.24
epoch:24, loss: 0.5906992987641748, other:0.86|0.97|0.91, company:0.78|0.46|0.58, address:0.81|0.39|0.53, date:0.43|0.23|0.30, total:0.37|0.17|0.23
epoch:25, loss: 0.5961164416007276, other:0.86|0.97|0.91, company:0.51|0.62|0.56, address:0.94|0.38|0.54, date:0.39|0.24|0.30, total:0.37|0.19|0.25
epoch:26, loss: 0.5824402919355428, other:0.88|0.97|0.92, company:0.70|0.52|0.60, address:0.86|0.41|0.56, date:0.37|0.26|0.30, total:0.29|0.18|0.22
epoch:27, loss: 0.5765244539053935, other:0.87|0.97|0.92, company:0.78|0.48|0.59, address:0.83|0.41|0.55, date:0.41|0.25|0.31, total:0.36|0.19|0.25
epoch:28, loss: 0.5792733813231846, other:0.89|0.97|0.93, company:0.71|0.55|0.62, address:0.83|0.44|0.58, date:0.41|0.25|0.31, total:0.34|0.20|0.25
epoch:29, loss: 0.580031838619484, other:0.86|0.97|0.91, company:0.75|0.47|0.58, address:0.80|0.40|0.53, date:0.42|0.24|0.30, total:0.52|0.19|0.28
epoch:30, loss: 0.6161870264782096, other:0.85|0.97|0.91, company:0.86|0.40|0.55, address:0.72|0.36|0.48, date:0.37|0.25|0.30, total:0.46|0.19|0.27
epoch:31, loss: 0.5934198223194986, other:0.89|0.97|0.93, company:0.72|0.52|0.60, address:0.84|0.43|0.57, date:0.35|0.25|0.29, total:0.26|0.21|0.23
epoch:32, loss: 0.5669496571117977, other:0.86|0.97|0.91, company:0.62|0.60|0.61, address:0.91|0.40|0.55, date:0.36|0.28|0.32, total:0.48|0.19|0.27
epoch:33, loss: 0.5649328237434603, other:0.87|0.97|0.92, company:0.67|0.52|0.58, address:0.86|0.41|0.56, date:0.42|0.25|0.31, total:0.45|0.20|0.28
epoch:34, loss: 0.5635378827463906, other:0.86|0.97|0.91, company:0.82|0.51|0.63, address:0.84|0.43|0.56, date:0.41|0.23|0.30, total:0.47|0.18|0.26
epoch:35, loss: 0.5618534802265887, other:0.86|0.97|0.91, company:0.65|0.56|0.60, address:0.86|0.43|0.58, date:0.48|0.20|0.28, total:0.43|0.20|0.27
epoch:36, loss: 0.563535859000008, other:0.87|0.97|0.92, company:0.71|0.53|0.61, address:0.85|0.41|0.56, date:0.40|0.27|0.32, total:0.39|0.19|0.25
epoch:37, loss: 0.5474730690695205, other:0.86|0.97|0.91, company:0.70|0.55|0.61, address:0.86|0.45|0.59, date:0.43|0.24|0.30, total:0.57|0.18|0.27
epoch:38, loss: 0.5527128734678592, other:0.83|0.98|0.90, company:0.73|0.56|0.63, address:0.89|0.38|0.53, date:0.43|0.22|0.30, total:0.56|0.17|0.26
epoch:39, loss: 0.5592347361006826, other:0.83|0.98|0.90, company:0.78|0.50|0.61, address:0.82|0.39|0.53, date:0.47|0.22|0.30, total:0.60|0.17|0.26
epoch:40, loss: 0.5485958428877704, other:0.86|0.97|0.91, company:0.78|0.50|0.61, address:0.83|0.42|0.56, date:0.46|0.24|0.32, total:0.50|0.18|0.27
epoch:41, loss: 0.5592000394497277, other:0.85|0.98|0.91, company:0.76|0.49|0.60, address:0.83|0.42|0.56, date:0.45|0.23|0.31, total:0.57|0.17|0.27
epoch:42, loss: 0.5469015195684613, other:0.86|0.97|0.91, company:0.68|0.57|0.62, address:0.90|0.41|0.56, date:0.38|0.27|0.32, total:0.48|0.19|0.28
epoch:43, loss: 0.5459682058613256, other:0.82|0.98|0.89, company:0.64|0.58|0.61, address:0.92|0.41|0.57, date:0.53|0.19|0.28, total:0.58|0.17|0.27
epoch:44, loss: 0.5335138423262902, other:0.85|0.97|0.91, company:0.75|0.55|0.64, address:0.88|0.42|0.56, date:0.49|0.22|0.31, total:0.47|0.18|0.26
epoch:45, loss: 0.5247212086083755, other:0.84|0.98|0.90, company:0.72|0.58|0.64, address:0.89|0.43|0.58, date:0.46|0.25|0.33, total:0.64|0.17|0.27
epoch:46, loss: 0.5326916884701207, other:0.87|0.97|0.92, company:0.70|0.58|0.64, address:0.88|0.45|0.60, date:0.43|0.26|0.32, total:0.49|0.19|0.27
epoch:47, loss: 0.5325601275237102, other:0.85|0.97|0.91, company:0.75|0.55|0.63, address:0.86|0.45|0.59, date:0.45|0.26|0.33, total:0.56|0.17|0.26
epoch:48, loss: 0.5186713517836805, other:0.84|0.98|0.90, company:0.77|0.57|0.66, address:0.89|0.42|0.57, date:0.46|0.25|0.32, total:0.59|0.17|0.27
epoch:49, loss: 0.5336930048915575, other:0.85|0.97|0.91, company:0.70|0.58|0.63, address:0.89|0.41|0.57, date:0.41|0.24|0.30, total:0.54|0.18|0.27
epoch:50, loss: 0.5335462537576567, other:0.86|0.97|0.91, company:0.65|0.66|0.66, address:0.92|0.41|0.57, date:0.42|0.22|0.29, total:0.46|0.20|0.28
epoch:51, loss: 0.520066666153242, other:0.86|0.98|0.91, company:0.72|0.59|0.65, address:0.89|0.42|0.58, date:0.45|0.24|0.31, total:0.53|0.19|0.28
epoch:52, loss: 0.5300618128956489, other:0.86|0.97|0.91, company:0.79|0.51|0.62, address:0.84|0.42|0.56, date:0.40|0.28|0.33, total:0.53|0.19|0.27
epoch:53, loss: 0.5217309217408018, other:0.84|0.98|0.90, company:0.73|0.60|0.66, address:0.90|0.43|0.58, date:0.52|0.22|0.31, total:0.52|0.18|0.26
epoch:54, loss: 0.5297190338935492, other:0.84|0.98|0.90, company:0.70|0.61|0.65, address:0.89|0.41|0.56, date:0.51|0.21|0.29, total:0.54|0.17|0.26
epoch:55, loss: 0.5225179465311878, other:0.81|0.98|0.89, company:0.74|0.55|0.63, address:0.89|0.39|0.54, date:0.51|0.22|0.31, total:0.69|0.16|0.26
epoch:56, loss: 0.5387580872706648, other:0.87|0.97|0.92, company:0.72|0.59|0.65, address:0.87|0.43|0.57, date:0.46|0.26|0.33, total:0.49|0.20|0.28
epoch:57, loss: 0.546615128247243, other:0.85|0.98|0.91, company:0.79|0.50|0.61, address:0.81|0.42|0.56, date:0.47|0.25|0.33, total:0.55|0.19|0.28
epoch:58, loss: 0.5136352659396406, other:0.84|0.98|0.91, company:0.75|0.58|0.65, address:0.87|0.42|0.57, date:0.54|0.23|0.32, total:0.57|0.18|0.28
epoch:59, loss: 0.5104890921205845, other:0.84|0.98|0.90, company:0.75|0.64|0.69, address:0.91|0.39|0.55, date:0.54|0.21|0.31, total:0.47|0.18|0.26
epoch:60, loss: 0.5077800137816735, other:0.84|0.98|0.91, company:0.74|0.60|0.67, address:0.89|0.43|0.58, date:0.53|0.23|0.32, total:0.56|0.18|0.27
epoch:61, loss: 0.5335461322991353, other:0.86|0.97|0.92, company:0.80|0.52|0.63, address:0.82|0.44|0.57, date:0.47|0.27|0.35, total:0.55|0.19|0.28
epoch:62, loss: 0.49877906689104046, other:0.84|0.98|0.90, company:0.81|0.59|0.68, address:0.89|0.42|0.57, date:0.54|0.24|0.34, total:0.55|0.18|0.27
epoch:63, loss: 0.5174224933363357, other:0.83|0.98|0.90, company:0.83|0.54|0.66, address:0.87|0.40|0.54, date:0.52|0.26|0.34, total:0.59|0.18|0.28
epoch:64, loss: 0.5009726881980896, other:0.84|0.98|0.90, company:0.75|0.60|0.67, address:0.92|0.41|0.57, date:0.54|0.24|0.33, total:0.54|0.18|0.27
epoch:65, loss: 0.514374075070867, other:0.85|0.98|0.91, company:0.71|0.58|0.64, address:0.88|0.43|0.58, date:0.50|0.28|0.36, total:0.60|0.18|0.28
epoch:66, loss: 0.5104066735168673, other:0.84|0.98|0.91, company:0.83|0.55|0.66, address:0.85|0.43|0.57, date:0.48|0.28|0.35, total:0.62|0.17|0.27
epoch:67, loss: 0.5176617654989351, other:0.85|0.98|0.91, company:0.79|0.53|0.64, address:0.84|0.42|0.56, date:0.52|0.24|0.33, total:0.55|0.18|0.27
epoch:68, loss: 0.5123013460411215, other:0.86|0.98|0.91, company:0.78|0.58|0.66, address:0.87|0.46|0.60, date:0.52|0.23|0.32, total:0.49|0.19|0.27
epoch:69, loss: 0.5240494383955902, other:0.84|0.98|0.90, company:0.78|0.52|0.63, address:0.86|0.42|0.56, date:0.53|0.24|0.33, total:0.56|0.17|0.26
epoch:70, loss: 0.4955513932794895, other:0.84|0.98|0.91, company:0.75|0.63|0.68, address:0.91|0.45|0.60, date:0.53|0.26|0.35, total:0.61|0.18|0.28
epoch:71, loss: 0.5129980045669483, other:0.84|0.98|0.90, company:0.73|0.54|0.62, address:0.90|0.41|0.56, date:0.51|0.25|0.34, total:0.59|0.18|0.27
epoch:72, loss: 0.531058927189629, other:0.85|0.98|0.91, company:0.85|0.47|0.60, address:0.78|0.43|0.56, date:0.51|0.26|0.34, total:0.58|0.18|0.27
epoch:73, loss: 0.49926292052808796, other:0.86|0.98|0.91, company:0.77|0.61|0.68, address:0.91|0.44|0.60, date:0.53|0.28|0.36, total:0.51|0.19|0.28
epoch:74, loss: 0.5003060479209108, other:0.82|0.98|0.90, company:0.68|0.63|0.65, address:0.93|0.41|0.57, date:0.56|0.26|0.35, total:0.70|0.17|0.27
epoch:75, loss: 0.5182971189606864, other:0.83|0.98|0.90, company:0.81|0.57|0.67, address:0.89|0.38|0.53, date:0.52|0.25|0.34, total:0.57|0.17|0.26
epoch:76, loss: 0.49428024213269073, other:0.85|0.98|0.91, company:0.66|0.68|0.67, address:0.92|0.45|0.60, date:0.51|0.27|0.35, total:0.61|0.18|0.27
epoch:77, loss: 0.49398113759058826, other:0.83|0.98|0.90, company:0.80|0.56|0.66, address:0.88|0.42|0.57, date:0.54|0.27|0.36, total:0.67|0.18|0.28
epoch:78, loss: 0.4930433546597103, other:0.84|0.98|0.91, company:0.83|0.54|0.65, address:0.84|0.44|0.58, date:0.56|0.26|0.36, total:0.62|0.18|0.28
epoch:79, loss: 0.47841946302719834, other:0.86|0.98|0.92, company:0.76|0.61|0.68, address:0.91|0.47|0.62, date:0.54|0.29|0.38, total:0.54|0.19|0.28
epoch:80, loss: 0.49427787875229456, other:0.83|0.98|0.90, company:0.77|0.58|0.66, address:0.89|0.41|0.56, date:0.58|0.26|0.36, total:0.61|0.18|0.28
epoch:81, loss: 0.5084074589441407, other:0.88|0.97|0.92, company:0.72|0.62|0.67, address:0.90|0.46|0.61, date:0.53|0.29|0.37, total:0.46|0.20|0.28
epoch:82, loss: 0.4839962124824524, other:0.85|0.98|0.91, company:0.77|0.61|0.68, address:0.88|0.45|0.60, date:0.55|0.30|0.39, total:0.61|0.18|0.28
epoch:83, loss: 0.48445375348037145, other:0.85|0.98|0.91, company:0.71|0.62|0.66, address:0.91|0.43|0.58, date:0.57|0.27|0.37, total:0.61|0.19|0.29
epoch:84, loss: 0.4895171933578995, other:0.84|0.98|0.91, company:0.68|0.66|0.67, address:0.93|0.43|0.59, date:0.59|0.25|0.35, total:0.57|0.19|0.28
epoch:85, loss: 0.4785278135875486, other:0.85|0.98|0.91, company:0.75|0.63|0.69, address:0.88|0.48|0.62, date:0.59|0.27|0.37, total:0.62|0.18|0.27
epoch:86, loss: 0.48913921500152013, other:0.84|0.98|0.90, company:0.78|0.58|0.66, address:0.88|0.45|0.60, date:0.59|0.24|0.34, total:0.60|0.17|0.27
epoch:87, loss: 0.4853134183388836, other:0.85|0.98|0.91, company:0.74|0.60|0.66, address:0.90|0.49|0.63, date:0.54|0.28|0.37, total:0.62|0.16|0.26
epoch:88, loss: 0.49237361156715537, other:0.84|0.98|0.90, company:0.71|0.62|0.66, address:0.92|0.45|0.60, date:0.52|0.30|0.38, total:0.67|0.17|0.27
epoch:89, loss: 0.48411093905286967, other:0.85|0.98|0.91, company:0.77|0.63|0.69, address:0.89|0.45|0.60, date:0.56|0.26|0.35, total:0.57|0.18|0.27
epoch:90, loss: 0.46847856607077254, other:0.85|0.98|0.91, company:0.77|0.65|0.70, address:0.92|0.45|0.61, date:0.55|0.28|0.37, total:0.58|0.19|0.28
epoch:91, loss: 0.47854089455784493, other:0.86|0.98|0.92, company:0.83|0.59|0.69, address:0.89|0.45|0.59, date:0.58|0.28|0.38, total:0.48|0.20|0.28
epoch:92, loss: 0.4851499705944421, other:0.87|0.98|0.92, company:0.78|0.67|0.72, address:0.92|0.44|0.60, date:0.55|0.29|0.38, total:0.47|0.21|0.29
epoch:93, loss: 0.46960652436850203, other:0.85|0.98|0.91, company:0.77|0.63|0.69, address:0.92|0.45|0.60, date:0.57|0.28|0.38, total:0.58|0.18|0.28
epoch:94, loss: 0.4671513168316967, other:0.86|0.98|0.92, company:0.71|0.68|0.70, address:0.93|0.45|0.61, date:0.54|0.32|0.40, total:0.56|0.19|0.28
epoch:95, loss: 0.4737169933768938, other:0.86|0.98|0.92, company:0.78|0.61|0.69, address:0.89|0.45|0.60, date:0.52|0.32|0.40, total:0.61|0.19|0.29
epoch:96, loss: 0.486453189602438, other:0.84|0.98|0.91, company:0.80|0.58|0.67, address:0.87|0.44|0.58, date:0.57|0.27|0.37, total:0.64|0.18|0.28
epoch:97, loss: 0.46707012574627715, other:0.85|0.98|0.91, company:0.76|0.67|0.71, address:0.92|0.45|0.60, date:0.58|0.28|0.37, total:0.65|0.18|0.29
epoch:98, loss: 0.4658989872572557, other:0.86|0.98|0.91, company:0.77|0.67|0.72, address:0.91|0.45|0.61, date:0.55|0.30|0.38, total:0.57|0.19|0.28
epoch:99, loss: 0.46446281727754846, other:0.83|0.98|0.90, company:0.81|0.62|0.70, address:0.90|0.46|0.61, date:0.59|0.27|0.37, total:0.71|0.17|0.27
epoch:100, loss: 0.46994698609945906, other:0.85|0.98|0.91, company:0.85|0.57|0.68, address:0.85|0.47|0.60, date:0.57|0.28|0.38, total:0.66|0.18|0.28
epoch:101, loss: 0.4795545311468952, other:0.83|0.98|0.90, company:0.77|0.59|0.67, address:0.90|0.45|0.60, date:0.59|0.24|0.34, total:0.67|0.17|0.27
epoch:102, loss: 0.5010358820546348, other:0.85|0.98|0.91, company:0.86|0.52|0.64, address:0.82|0.43|0.56, date:0.57|0.28|0.38, total:0.60|0.19|0.29
epoch:103, loss: 0.4769656866226556, other:0.83|0.98|0.90, company:0.86|0.57|0.69, address:0.86|0.44|0.58, date:0.60|0.27|0.37, total:0.66|0.17|0.27
epoch:104, loss: 0.49064629482773114, other:0.85|0.98|0.91, company:0.87|0.53|0.66, address:0.83|0.44|0.58, date:0.55|0.27|0.36, total:0.62|0.19|0.29
epoch:105, loss: 0.48041152110639607, other:0.84|0.98|0.90, company:0.79|0.58|0.67, address:0.87|0.45|0.59, date:0.54|0.31|0.39, total:0.71|0.17|0.28
epoch:106, loss: 0.4879045784473419, other:0.84|0.98|0.90, company:0.85|0.54|0.66, address:0.85|0.43|0.57, date:0.58|0.29|0.38, total:0.65|0.18|0.28
epoch:107, loss: 0.4771284427282945, other:0.83|0.98|0.90, company:0.75|0.61|0.67, address:0.93|0.43|0.59, date:0.64|0.24|0.35, total:0.58|0.18|0.27
epoch:108, loss: 0.46434101912210574, other:0.84|0.98|0.90, company:0.73|0.65|0.69, address:0.93|0.46|0.62, date:0.65|0.25|0.36, total:0.62|0.18|0.27
epoch:109, loss: 0.47914344297265105, other:0.85|0.98|0.91, company:0.83|0.57|0.67, address:0.87|0.46|0.60, date:0.59|0.28|0.38, total:0.57|0.19|0.28
epoch:110, loss: 0.49037637575617377, other:0.83|0.98|0.90, company:0.86|0.52|0.65, address:0.83|0.45|0.58, date:0.57|0.26|0.36, total:0.68|0.17|0.28
epoch:111, loss: 0.46892821732557044, other:0.85|0.98|0.91, company:0.79|0.59|0.67, address:0.88|0.46|0.60, date:0.62|0.28|0.39, total:0.57|0.18|0.28
epoch:112, loss: 0.46799121487815426, other:0.80|0.98|0.88, company:0.72|0.65|0.68, address:0.93|0.45|0.60, date:0.63|0.23|0.34, total:0.76|0.15|0.25
epoch:113, loss: 0.4600496725091394, other:0.85|0.98|0.91, company:0.75|0.64|0.69, address:0.91|0.48|0.63, date:0.60|0.27|0.37, total:0.61|0.18|0.27
epoch:114, loss: 0.4545614387629167, other:0.85|0.98|0.91, company:0.76|0.66|0.71, address:0.92|0.48|0.63, date:0.61|0.27|0.37, total:0.60|0.18|0.28
epoch:115, loss: 0.4830625720743863, other:0.84|0.98|0.91, company:0.86|0.49|0.63, address:0.82|0.45|0.58, date:0.61|0.26|0.37, total:0.62|0.19|0.29
epoch:116, loss: 0.4628645136671246, other:0.84|0.98|0.90, company:0.76|0.61|0.67, address:0.89|0.47|0.61, date:0.61|0.26|0.37, total:0.71|0.18|0.28
epoch:117, loss: 0.48367093194205807, other:0.84|0.98|0.91, company:0.80|0.55|0.65, address:0.87|0.43|0.58, date:0.58|0.25|0.35, total:0.55|0.18|0.27
epoch:118, loss: 0.4742089161333048, other:0.87|0.98|0.92, company:0.74|0.63|0.68, address:0.86|0.51|0.64, date:0.55|0.29|0.38, total:0.57|0.18|0.28
epoch:119, loss: 0.45081639852163924, other:0.86|0.98|0.91, company:0.75|0.65|0.69, address:0.90|0.51|0.65, date:0.64|0.27|0.38, total:0.62|0.18|0.28
epoch:120, loss: 0.454288457362157, other:0.84|0.98|0.90, company:0.75|0.65|0.69, address:0.92|0.47|0.62, date:0.65|0.23|0.34, total:0.63|0.19|0.29
epoch:121, loss: 0.44851438954191386, other:0.84|0.98|0.90, company:0.79|0.61|0.69, address:0.90|0.46|0.61, date:0.62|0.25|0.36, total:0.67|0.18|0.28
epoch:122, loss: 0.4569722324047448, other:0.87|0.98|0.92, company:0.70|0.73|0.71, address:0.92|0.48|0.63, date:0.64|0.27|0.38, total:0.53|0.20|0.29
epoch:123, loss: 0.4520090970228303, other:0.87|0.98|0.92, company:0.73|0.65|0.69, address:0.91|0.48|0.63, date:0.59|0.28|0.38, total:0.53|0.20|0.29
epoch:124, loss: 0.44805781458908656, other:0.85|0.98|0.91, company:0.80|0.65|0.72, address:0.91|0.44|0.60, date:0.63|0.26|0.37, total:0.56|0.21|0.30
epoch:125, loss: 0.4489117613378561, other:0.83|0.98|0.90, company:0.76|0.63|0.69, address:0.91|0.45|0.60, date:0.68|0.26|0.38, total:0.69|0.18|0.28
epoch:126, loss: 0.4502343597277155, other:0.85|0.98|0.91, company:0.75|0.61|0.67, address:0.92|0.46|0.61, date:0.67|0.25|0.36, total:0.57|0.20|0.30
epoch:127, loss: 0.44614133126330824, other:0.87|0.98|0.92, company:0.76|0.69|0.72, address:0.92|0.48|0.63, date:0.64|0.28|0.39, total:0.53|0.20|0.29
epoch:128, loss: 0.4349586361984037, other:0.84|0.98|0.91, company:0.73|0.69|0.71, address:0.93|0.47|0.62, date:0.66|0.27|0.39, total:0.67|0.18|0.29
epoch:129, loss: 0.46045225802457557, other:0.84|0.98|0.90, company:0.82|0.57|0.68, address:0.88|0.44|0.59, date:0.68|0.26|0.37, total:0.62|0.19|0.29
epoch:130, loss: 0.4504157310386874, other:0.83|0.98|0.90, company:0.78|0.64|0.70, address:0.91|0.44|0.59, date:0.67|0.25|0.37, total:0.68|0.17|0.27
epoch:131, loss: 0.4327141591962778, other:0.84|0.98|0.90, company:0.71|0.72|0.72, address:0.94|0.46|0.61, date:0.65|0.26|0.37, total:0.70|0.18|0.29
epoch:132, loss: 0.431595541958539, other:0.84|0.98|0.91, company:0.78|0.67|0.72, address:0.92|0.48|0.63, date:0.65|0.29|0.40, total:0.71|0.18|0.29
epoch:133, loss: 0.44420351509778006, other:0.85|0.98|0.91, company:0.77|0.64|0.70, address:0.89|0.48|0.62, date:0.63|0.28|0.39, total:0.63|0.19|0.29
epoch:134, loss: 0.44894646080035083, other:0.83|0.98|0.90, company:0.74|0.61|0.67, address:0.91|0.45|0.60, date:0.65|0.27|0.38, total:0.72|0.18|0.29
epoch:135, loss: 0.4604459854791749, other:0.87|0.98|0.92, company:0.70|0.64|0.67, address:0.92|0.46|0.62, date:0.64|0.31|0.42, total:0.53|0.20|0.29
epoch:136, loss: 0.46001978134209254, other:0.87|0.98|0.92, company:0.83|0.62|0.71, address:0.86|0.50|0.63, date:0.59|0.31|0.41, total:0.56|0.19|0.29
epoch:137, loss: 0.4520553952118136, other:0.85|0.98|0.91, company:0.81|0.60|0.69, address:0.87|0.46|0.60, date:0.66|0.29|0.40, total:0.65|0.19|0.29
epoch:138, loss: 0.4567979169341753, other:0.85|0.98|0.91, company:0.77|0.62|0.69, address:0.91|0.45|0.60, date:0.64|0.29|0.40, total:0.57|0.19|0.29
epoch:139, loss: 0.44802441686954136, other:0.87|0.98|0.92, company:0.79|0.63|0.70, address:0.89|0.48|0.62, date:0.61|0.30|0.40, total:0.59|0.21|0.30
epoch:140, loss: 0.44609245770382433, other:0.85|0.98|0.91, company:0.74|0.65|0.69, address:0.93|0.46|0.61, date:0.63|0.28|0.39, total:0.61|0.20|0.30
epoch:141, loss: 0.44567117769763154, other:0.85|0.98|0.91, company:0.78|0.63|0.70, address:0.92|0.46|0.61, date:0.63|0.29|0.39, total:0.64|0.19|0.29
epoch:142, loss: 0.44365815002963227, other:0.86|0.98|0.92, company:0.80|0.64|0.71, address:0.92|0.47|0.62, date:0.65|0.29|0.40, total:0.57|0.20|0.29
epoch:143, loss: 0.4498556236613472, other:0.83|0.98|0.90, company:0.73|0.62|0.67, address:0.93|0.45|0.61, date:0.63|0.26|0.36, total:0.68|0.19|0.29
epoch:144, loss: 0.4491138351413439, other:0.85|0.98|0.91, company:0.69|0.71|0.70, address:0.94|0.45|0.61, date:0.63|0.29|0.40, total:0.61|0.19|0.29
epoch:145, loss: 0.4362378980753557, other:0.83|0.98|0.90, company:0.79|0.65|0.71, address:0.92|0.45|0.60, date:0.64|0.28|0.39, total:0.71|0.18|0.28
epoch:146, loss: 0.4340213076123651, other:0.84|0.98|0.91, company:0.76|0.66|0.70, address:0.94|0.46|0.61, date:0.64|0.27|0.38, total:0.68|0.19|0.30
epoch:147, loss: 0.452008511097926, other:0.87|0.98|0.92, company:0.69|0.72|0.71, address:0.93|0.48|0.64, date:0.58|0.30|0.40, total:0.57|0.20|0.29
epoch:148, loss: 0.43974504718240703, other:0.85|0.98|0.91, company:0.83|0.64|0.72, address:0.93|0.45|0.61, date:0.62|0.30|0.40, total:0.60|0.19|0.29
epoch:149, loss: 0.45375305526661425, other:0.87|0.98|0.92, company:0.86|0.59|0.70, address:0.86|0.49|0.62, date:0.61|0.31|0.41, total:0.55|0.21|0.30
epoch:150, loss: 0.43875202592813745, other:0.86|0.98|0.92, company:0.76|0.70|0.73, address:0.94|0.49|0.65, date:0.61|0.28|0.38, total:0.64|0.20|0.30
epoch:151, loss: 0.4447353993946651, other:0.86|0.98|0.91, company:0.83|0.62|0.71, address:0.91|0.47|0.62, date:0.64|0.27|0.38, total:0.60|0.21|0.31
epoch:152, loss: 0.44383337194064876, other:0.85|0.98|0.91, company:0.74|0.67|0.70, address:0.95|0.45|0.61, date:0.64|0.28|0.39, total:0.62|0.20|0.31
epoch:153, loss: 0.44293628492445314, other:0.83|0.98|0.90, company:0.79|0.62|0.70, address:0.93|0.45|0.60, date:0.66|0.27|0.38, total:0.67|0.19|0.30
epoch:154, loss: 0.43352659580842506, other:0.85|0.98|0.91, company:0.77|0.67|0.71, address:0.91|0.50|0.64, date:0.62|0.33|0.43, total:0.71|0.19|0.29
epoch:155, loss: 0.4447462255100034, other:0.86|0.98|0.92, company:0.73|0.66|0.69, address:0.92|0.47|0.62, date:0.61|0.31|0.41, total:0.64|0.20|0.30
epoch:156, loss: 0.4461465753474326, other:0.86|0.98|0.92, company:0.79|0.62|0.70, address:0.90|0.48|0.62, date:0.62|0.31|0.41, total:0.58|0.20|0.30
epoch:157, loss: 0.4411673450245048, other:0.83|0.98|0.90, company:0.76|0.65|0.70, address:0.92|0.47|0.62, date:0.65|0.26|0.37, total:0.70|0.17|0.28
epoch:158, loss: 0.44047659972928604, other:0.85|0.98|0.91, company:0.72|0.69|0.71, address:0.95|0.46|0.62, date:0.62|0.29|0.40, total:0.66|0.20|0.31
epoch:159, loss: 0.44312301896653083, other:0.83|0.98|0.90, company:0.73|0.68|0.71, address:0.94|0.44|0.60, date:0.65|0.27|0.38, total:0.71|0.18|0.29
epoch:160, loss: 0.4460064943106669, other:0.84|0.98|0.90, company:0.79|0.64|0.70, address:0.92|0.45|0.61, date:0.63|0.27|0.38, total:0.67|0.18|0.28
epoch:161, loss: 0.4432538151741028, other:0.85|0.98|0.91, company:0.76|0.65|0.70, address:0.92|0.45|0.61, date:0.62|0.30|0.41, total:0.66|0.19|0.30
epoch:162, loss: 0.4468752291967284, other:0.83|0.98|0.90, company:0.69|0.65|0.67, address:0.94|0.46|0.62, date:0.65|0.26|0.38, total:0.71|0.18|0.29
epoch:163, loss: 0.4310136780423938, other:0.84|0.98|0.91, company:0.75|0.68|0.71, address:0.94|0.47|0.63, date:0.70|0.26|0.38, total:0.66|0.19|0.29
epoch:164, loss: 0.4243312714234838, other:0.84|0.98|0.91, company:0.79|0.68|0.73, address:0.93|0.46|0.62, date:0.67|0.28|0.40, total:0.69|0.19|0.30
epoch:165, loss: 0.4398621674978508, other:0.84|0.98|0.90, company:0.79|0.62|0.69, address:0.92|0.46|0.61, date:0.65|0.26|0.38, total:0.70|0.19|0.30
epoch:166, loss: 0.43557863527873775, other:0.85|0.98|0.91, company:0.84|0.63|0.72, address:0.90|0.49|0.63, date:0.61|0.28|0.38, total:0.66|0.19|0.30
epoch:167, loss: 0.4405734145416404, other:0.86|0.98|0.92, company:0.73|0.67|0.70, address:0.93|0.48|0.63, date:0.63|0.28|0.39, total:0.59|0.20|0.29
epoch:168, loss: 0.4380622944741879, other:0.86|0.98|0.92, company:0.80|0.61|0.70, address:0.92|0.47|0.62, date:0.61|0.30|0.41, total:0.62|0.20|0.30
epoch:169, loss: 0.43350873803192713, other:0.84|0.98|0.91, company:0.78|0.64|0.70, address:0.92|0.48|0.63, date:0.61|0.32|0.42, total:0.73|0.17|0.28
epoch:170, loss: 0.43751452385254624, other:0.85|0.98|0.91, company:0.70|0.72|0.71, address:0.95|0.46|0.62, date:0.64|0.29|0.40, total:0.62|0.20|0.30
epoch:171, loss: 0.44300527224000896, other:0.85|0.98|0.91, company:0.79|0.65|0.71, address:0.90|0.49|0.63, date:0.63|0.29|0.40, total:0.66|0.19|0.30
epoch:172, loss: 0.4349454365811258, other:0.87|0.98|0.92, company:0.79|0.67|0.72, address:0.92|0.48|0.63, date:0.62|0.29|0.39, total:0.59|0.21|0.31
epoch:173, loss: 0.44360019857028743, other:0.86|0.98|0.92, company:0.81|0.66|0.73, address:0.90|0.51|0.65, date:0.57|0.30|0.39, total:0.64|0.18|0.29
epoch:174, loss: 0.4496008742530391, other:0.86|0.98|0.92, company:0.86|0.56|0.68, address:0.85|0.48|0.61, date:0.62|0.29|0.39, total:0.64|0.20|0.31
epoch:175, loss: 0.4410348219691582, other:0.85|0.98|0.91, company:0.82|0.62|0.70, address:0.90|0.45|0.60, date:0.65|0.27|0.39, total:0.63|0.21|0.31
epoch:176, loss: 0.45914870556795373, other:0.84|0.98|0.91, company:0.70|0.66|0.68, address:0.95|0.45|0.61, date:0.62|0.26|0.36, total:0.63|0.19|0.29
epoch:177, loss: 0.43736932806248935, other:0.86|0.98|0.91, company:0.69|0.72|0.71, address:0.93|0.49|0.64, date:0.68|0.25|0.37, total:0.63|0.21|0.31
epoch:178, loss: 0.44605631535907964, other:0.83|0.98|0.90, company:0.75|0.63|0.69, address:0.91|0.46|0.61, date:0.66|0.28|0.39, total:0.72|0.18|0.28
epoch:179, loss: 0.4401633947525384, other:0.84|0.98|0.91, company:0.76|0.64|0.69, address:0.92|0.46|0.61, date:0.67|0.27|0.38, total:0.65|0.19|0.30
epoch:180, loss: 0.43749753146801357, other:0.86|0.98|0.92, company:0.80|0.63|0.70, address:0.90|0.47|0.62, date:0.62|0.30|0.40, total:0.60|0.20|0.30
epoch:181, loss: 0.4300790507838411, other:0.86|0.98|0.91, company:0.80|0.68|0.74, address:0.90|0.50|0.64, date:0.64|0.28|0.39, total:0.66|0.19|0.30
epoch:182, loss: 0.4472430134719273, other:0.85|0.98|0.91, company:0.67|0.70|0.68, address:0.95|0.44|0.60, date:0.65|0.29|0.40, total:0.66|0.20|0.30
epoch:183, loss: 0.43733386104961613, other:0.86|0.98|0.92, company:0.83|0.61|0.70, address:0.87|0.48|0.62, date:0.65|0.28|0.39, total:0.61|0.20|0.30
epoch:184, loss: 0.4313628746653503, other:0.84|0.99|0.91, company:0.75|0.64|0.69, address:0.92|0.48|0.63, date:0.67|0.32|0.43, total:0.73|0.18|0.28
epoch:185, loss: 0.43319568825217913, other:0.85|0.98|0.91, company:0.79|0.61|0.69, address:0.91|0.46|0.61, date:0.67|0.29|0.41, total:0.63|0.19|0.29
epoch:186, loss: 0.4326099697149025, other:0.85|0.98|0.91, company:0.79|0.61|0.69, address:0.91|0.48|0.63, date:0.67|0.32|0.44, total:0.71|0.19|0.29
epoch:187, loss: 0.442742701408998, other:0.86|0.98|0.92, company:0.76|0.63|0.69, address:0.90|0.48|0.62, date:0.64|0.33|0.44, total:0.65|0.19|0.30
epoch:188, loss: 0.43956524302374644, other:0.86|0.98|0.92, company:0.76|0.63|0.69, address:0.92|0.48|0.63, date:0.65|0.29|0.40, total:0.60|0.20|0.30
epoch:189, loss: 0.4473827841146937, other:0.81|0.99|0.89, company:0.74|0.62|0.68, address:0.93|0.45|0.61, date:0.68|0.25|0.37, total:0.74|0.17|0.27
epoch:190, loss: 0.4353857940098025, other:0.83|0.99|0.90, company:0.76|0.61|0.68, address:0.92|0.47|0.62, date:0.68|0.28|0.40, total:0.74|0.18|0.29
epoch:191, loss: 0.45087973689133265, other:0.86|0.98|0.91, company:0.90|0.54|0.67, address:0.82|0.52|0.63, date:0.66|0.29|0.40, total:0.66|0.19|0.30
epoch:192, loss: 0.4468785670568358, other:0.87|0.98|0.92, company:0.76|0.60|0.67, address:0.87|0.51|0.64, date:0.66|0.29|0.40, total:0.61|0.20|0.30
epoch:193, loss: 0.4429234086342578, other:0.84|0.98|0.91, company:0.73|0.65|0.68, address:0.93|0.47|0.62, date:0.58|0.32|0.41, total:0.71|0.18|0.28
epoch:194, loss: 0.4355299360347244, other:0.85|0.98|0.91, company:0.75|0.65|0.70, address:0.94|0.48|0.63, date:0.67|0.29|0.40, total:0.67|0.19|0.29
epoch:195, loss: 0.4338852200867995, other:0.83|0.98|0.90, company:0.76|0.67|0.71, address:0.93|0.48|0.63, date:0.69|0.26|0.38, total:0.72|0.18|0.29
epoch:196, loss: 0.4295842262371531, other:0.84|0.98|0.91, company:0.82|0.65|0.72, address:0.90|0.48|0.63, date:0.67|0.28|0.39, total:0.69|0.18|0.29
epoch:197, loss: 0.4356538709604515, other:0.85|0.98|0.91, company:0.74|0.69|0.71, address:0.94|0.46|0.62, date:0.64|0.30|0.40, total:0.64|0.19|0.29
epoch:198, loss: 0.42884560744717437, other:0.87|0.98|0.92, company:0.75|0.72|0.74, address:0.92|0.50|0.65, date:0.64|0.33|0.44, total:0.59|0.21|0.31
epoch:199, loss: 0.42371281025544655, other:0.85|0.98|0.91, company:0.74|0.70|0.72, address:0.95|0.46|0.62, date:0.68|0.30|0.41, total:0.65|0.20|0.30
epoch:200, loss: 0.4267362058162689, other:0.86|0.98|0.92, company:0.77|0.67|0.71, address:0.92|0.50|0.64, date:0.65|0.29|0.40, total:0.63|0.19|0.30
epoch:201, loss: 0.4209946928159246, other:0.86|0.98|0.92, company:0.82|0.62|0.71, address:0.91|0.50|0.64, date:0.64|0.33|0.43, total:0.66|0.19|0.30
epoch:202, loss: 0.4267068266306283, other:0.86|0.98|0.92, company:0.77|0.67|0.72, address:0.94|0.47|0.63, date:0.67|0.32|0.44, total:0.61|0.20|0.30
epoch:203, loss: 0.4385880434288169, other:0.86|0.98|0.92, company:0.81|0.63|0.71, address:0.89|0.47|0.61, date:0.69|0.32|0.43, total:0.60|0.20|0.30
epoch:204, loss: 0.43178064530750493, other:0.84|0.98|0.91, company:0.83|0.63|0.71, address:0.90|0.47|0.62, date:0.67|0.29|0.41, total:0.67|0.18|0.28
epoch:205, loss: 0.43052232799664986, other:0.85|0.98|0.91, company:0.72|0.71|0.71, address:0.95|0.47|0.63, date:0.69|0.31|0.43, total:0.67|0.18|0.28
epoch:206, loss: 0.4315276578912195, other:0.83|0.99|0.90, company:0.77|0.67|0.72, address:0.94|0.46|0.62, date:0.68|0.28|0.39, total:0.74|0.18|0.28
epoch:207, loss: 0.4229287516396001, other:0.85|0.98|0.91, company:0.81|0.67|0.73, address:0.92|0.48|0.63, date:0.70|0.29|0.41, total:0.65|0.19|0.30
epoch:208, loss: 0.43864288476278196, other:0.86|0.98|0.92, company:0.82|0.62|0.71, address:0.90|0.48|0.63, date:0.70|0.29|0.40, total:0.57|0.20|0.30
epoch:209, loss: 0.4203666150569916, other:0.85|0.98|0.91, company:0.83|0.62|0.71, address:0.91|0.50|0.64, date:0.66|0.31|0.43, total:0.72|0.18|0.29
epoch:210, loss: 0.4213022122967918, other:0.85|0.98|0.91, company:0.76|0.67|0.71, address:0.94|0.47|0.63, date:0.66|0.31|0.42, total:0.66|0.19|0.29
epoch:211, loss: 0.41665846559236636, other:0.83|0.99|0.90, company:0.80|0.64|0.71, address:0.93|0.48|0.64, date:0.70|0.28|0.40, total:0.76|0.18|0.29
epoch:212, loss: 0.42372982063383424, other:0.84|0.98|0.91, company:0.86|0.63|0.73, address:0.91|0.48|0.63, date:0.69|0.29|0.40, total:0.70|0.18|0.29
epoch:213, loss: 0.4230049696733367, other:0.86|0.98|0.92, company:0.75|0.70|0.72, address:0.93|0.51|0.66, date:0.70|0.28|0.40, total:0.63|0.20|0.30
epoch:214, loss: 0.4263709215623028, other:0.86|0.98|0.92, company:0.86|0.62|0.72, address:0.87|0.50|0.63, date:0.67|0.31|0.43, total:0.69|0.20|0.31
epoch:215, loss: 0.4239721972987337, other:0.84|0.99|0.91, company:0.83|0.59|0.69, address:0.90|0.47|0.62, date:0.69|0.28|0.40, total:0.72|0.19|0.30
epoch:216, loss: 0.4131617624804659, other:0.88|0.98|0.93, company:0.77|0.72|0.74, address:0.92|0.52|0.66, date:0.65|0.32|0.43, total:0.60|0.21|0.32
epoch:217, loss: 0.41986030846271877, other:0.85|0.98|0.91, company:0.77|0.69|0.73, address:0.94|0.49|0.64, date:0.67|0.30|0.42, total:0.68|0.19|0.30
epoch:218, loss: 0.4194668590460183, other:0.83|0.99|0.90, company:0.82|0.64|0.72, address:0.94|0.46|0.62, date:0.67|0.29|0.40, total:0.75|0.17|0.28
epoch:219, loss: 0.42008577202850916, other:0.85|0.98|0.91, company:0.86|0.61|0.71, address:0.88|0.50|0.63, date:0.63|0.33|0.43, total:0.76|0.18|0.29
epoch:220, loss: 0.4149791536466131, other:0.85|0.98|0.91, company:0.77|0.65|0.71, address:0.94|0.47|0.63, date:0.68|0.31|0.43, total:0.62|0.19|0.30
epoch:221, loss: 0.41049863341844306, other:0.86|0.98|0.92, company:0.80|0.66|0.72, address:0.92|0.50|0.65, date:0.68|0.30|0.42, total:0.62|0.19|0.29
epoch:222, loss: 0.4188195416387522, other:0.84|0.98|0.91, company:0.81|0.61|0.70, address:0.92|0.48|0.63, date:0.70|0.29|0.41, total:0.66|0.19|0.29
epoch:223, loss: 0.4162615194635571, other:0.83|0.98|0.90, company:0.78|0.64|0.70, address:0.93|0.47|0.63, date:0.70|0.29|0.41, total:0.71|0.18|0.28
epoch:224, loss: 0.42138227033165265, other:0.85|0.98|0.91, company:0.82|0.60|0.69, address:0.91|0.49|0.63, date:0.67|0.31|0.42, total:0.68|0.18|0.29
epoch:225, loss: 0.41945423382633135, other:0.86|0.98|0.92, company:0.81|0.67|0.74, address:0.93|0.48|0.63, date:0.65|0.31|0.42, total:0.64|0.20|0.31
epoch:226, loss: 0.4209758366616267, other:0.85|0.98|0.91, company:0.81|0.66|0.72, address:0.91|0.48|0.63, date:0.66|0.30|0.41, total:0.67|0.19|0.30
epoch:227, loss: 0.41366952235968607, other:0.84|0.99|0.91, company:0.83|0.64|0.72, address:0.92|0.48|0.63, date:0.69|0.29|0.41, total:0.72|0.19|0.30
epoch:228, loss: 0.4345059929028997, other:0.83|0.99|0.90, company:0.75|0.62|0.68, address:0.92|0.45|0.61, date:0.67|0.29|0.41, total:0.73|0.18|0.29
epoch:229, loss: 0.42320543640064745, other:0.85|0.98|0.91, company:0.80|0.64|0.71, address:0.91|0.48|0.63, date:0.67|0.31|0.42, total:0.71|0.20|0.31
epoch:230, loss: 0.4204352543039142, other:0.83|0.99|0.90, company:0.84|0.60|0.70, address:0.92|0.46|0.62, date:0.71|0.29|0.41, total:0.71|0.18|0.29
epoch:231, loss: 0.42231818527545567, other:0.86|0.98|0.92, company:0.84|0.62|0.72, address:0.89|0.49|0.63, date:0.70|0.32|0.44, total:0.64|0.20|0.31
epoch:232, loss: 0.41245026914578564, other:0.85|0.98|0.91, company:0.82|0.65|0.72, address:0.91|0.48|0.63, date:0.70|0.34|0.46, total:0.67|0.19|0.30
epoch:233, loss: 0.4267264036637432, other:0.83|0.99|0.90, company:0.83|0.64|0.72, address:0.90|0.46|0.61, date:0.70|0.28|0.40, total:0.72|0.18|0.29
epoch:234, loss: 0.42136031951544417, other:0.83|0.99|0.90, company:0.83|0.60|0.69, address:0.91|0.48|0.63, date:0.69|0.30|0.42, total:0.77|0.18|0.29
epoch:235, loss: 0.43001544250632234, other:0.84|0.99|0.90, company:0.86|0.56|0.68, address:0.87|0.46|0.60, date:0.70|0.31|0.43, total:0.78|0.19|0.31
epoch:236, loss: 0.41907204715710766, other:0.84|0.99|0.91, company:0.82|0.63|0.71, address:0.92|0.46|0.61, date:0.68|0.30|0.42, total:0.74|0.19|0.31
epoch:237, loss: 0.41467850641259607, other:0.85|0.98|0.91, company:0.77|0.68|0.72, address:0.93|0.49|0.64, date:0.72|0.28|0.40, total:0.65|0.21|0.32
epoch:238, loss: 0.41469151681324223, other:0.86|0.98|0.92, company:0.78|0.66|0.71, address:0.93|0.48|0.64, date:0.69|0.31|0.43, total:0.66|0.20|0.31
epoch:239, loss: 0.40883097642997523, other:0.87|0.98|0.92, company:0.80|0.67|0.73, address:0.92|0.50|0.65, date:0.68|0.34|0.45, total:0.66|0.21|0.32
epoch:240, loss: 0.4146216607318734, other:0.85|0.98|0.91, company:0.78|0.65|0.71, address:0.93|0.49|0.64, date:0.68|0.31|0.42, total:0.70|0.20|0.31
epoch:241, loss: 0.4039726035212571, other:0.85|0.98|0.91, company:0.78|0.68|0.72, address:0.94|0.50|0.65, date:0.68|0.32|0.43, total:0.73|0.19|0.31
epoch:242, loss: 0.4165151838986379, other:0.86|0.98|0.92, company:0.75|0.62|0.68, address:0.93|0.49|0.64, date:0.67|0.32|0.43, total:0.63|0.21|0.32
epoch:243, loss: 0.41159958884401143, other:0.87|0.98|0.92, company:0.70|0.70|0.70, address:0.94|0.50|0.65, date:0.69|0.33|0.45, total:0.68|0.21|0.32
epoch:244, loss: 0.4015730917453766, other:0.85|0.99|0.91, company:0.84|0.64|0.73, address:0.90|0.49|0.64, date:0.69|0.33|0.44, total:0.76|0.19|0.31
epoch:245, loss: 0.41161917374943785, other:0.86|0.98|0.91, company:0.76|0.66|0.71, address:0.94|0.46|0.62, date:0.64|0.34|0.44, total:0.69|0.21|0.32
epoch:246, loss: 0.4168635606765747, other:0.85|0.98|0.91, company:0.75|0.68|0.72, address:0.93|0.48|0.63, date:0.68|0.33|0.44, total:0.72|0.19|0.30
epoch:247, loss: 0.4177022708474465, other:0.84|0.99|0.91, company:0.70|0.70|0.70, address:0.94|0.49|0.65, date:0.71|0.31|0.43, total:0.76|0.19|0.30
epoch:248, loss: 0.4081432971189607, other:0.85|0.99|0.91, company:0.81|0.61|0.69, address:0.91|0.49|0.64, date:0.68|0.35|0.46, total:0.76|0.19|0.30
epoch:249, loss: 0.4056215426831875, other:0.85|0.98|0.91, company:0.77|0.69|0.73, address:0.91|0.51|0.66, date:0.70|0.33|0.44, total:0.75|0.19|0.30
epoch:250, loss: 0.4215117614224272, other:0.85|0.98|0.91, company:0.77|0.62|0.69, address:0.91|0.49|0.63, date:0.71|0.32|0.44, total:0.67|0.20|0.30
epoch:251, loss: 0.4132474812696565, other:0.85|0.99|0.91, company:0.83|0.61|0.70, address:0.92|0.49|0.64, date:0.72|0.31|0.43, total:0.68|0.20|0.31
epoch:252, loss: 0.4085778425324638, other:0.87|0.98|0.92, company:0.76|0.67|0.71, address:0.94|0.50|0.65, date:0.69|0.34|0.45, total:0.62|0.21|0.32
epoch:253, loss: 0.4051449400074077, other:0.84|0.99|0.91, company:0.80|0.65|0.72, address:0.93|0.48|0.63, date:0.72|0.31|0.43, total:0.71|0.19|0.30
epoch:254, loss: 0.402530404194346, other:0.86|0.98|0.92, company:0.77|0.68|0.72, address:0.94|0.50|0.65, date:0.69|0.33|0.45, total:0.67|0.20|0.30
epoch:255, loss: 0.39997139460635633, other:0.86|0.98|0.92, company:0.76|0.70|0.72, address:0.93|0.51|0.66, date:0.69|0.33|0.45, total:0.73|0.20|0.31
epoch:256, loss: 0.4078803672543112, other:0.87|0.98|0.92, company:0.81|0.61|0.70, address:0.92|0.50|0.65, date:0.67|0.33|0.44, total:0.62|0.23|0.33
epoch:257, loss: 0.41127395911036796, other:0.85|0.99|0.91, company:0.85|0.58|0.69, address:0.89|0.50|0.64, date:0.70|0.31|0.43, total:0.73|0.21|0.32
epoch:258, loss: 0.42438174193760136, other:0.85|0.99|0.91, company:0.82|0.59|0.68, address:0.87|0.51|0.64, date:0.72|0.29|0.41, total:0.75|0.20|0.31
epoch:259, loss: 0.4185018983652007, other:0.85|0.99|0.91, company:0.74|0.67|0.71, address:0.93|0.49|0.64, date:0.70|0.30|0.42, total:0.71|0.20|0.31
epoch:260, loss: 0.40692304046648853, other:0.84|0.99|0.91, company:0.84|0.62|0.71, address:0.90|0.52|0.66, date:0.72|0.30|0.43, total:0.78|0.19|0.30
epoch:261, loss: 0.41309333915980356, other:0.86|0.98|0.92, company:0.81|0.68|0.74, address:0.92|0.50|0.65, date:0.69|0.31|0.43, total:0.63|0.21|0.31
epoch:262, loss: 0.40557415417905124, other:0.85|0.98|0.91, company:0.80|0.62|0.70, address:0.92|0.51|0.65, date:0.68|0.32|0.43, total:0.75|0.20|0.31
epoch:263, loss: 0.4081254320324592, other:0.84|0.99|0.91, company:0.81|0.62|0.70, address:0.92|0.50|0.65, date:0.71|0.28|0.41, total:0.78|0.20|0.32
epoch:264, loss: 0.4003234230122476, other:0.86|0.98|0.92, company:0.80|0.69|0.74, address:0.93|0.52|0.67, date:0.68|0.32|0.43, total:0.70|0.21|0.32
epoch:265, loss: 0.4088582770442063, other:0.87|0.98|0.92, company:0.75|0.72|0.73, address:0.94|0.51|0.66, date:0.68|0.31|0.43, total:0.63|0.21|0.31
epoch:266, loss: 0.4132278336668914, other:0.84|0.99|0.91, company:0.79|0.67|0.73, address:0.93|0.49|0.64, date:0.69|0.32|0.44, total:0.81|0.18|0.30
epoch:267, loss: 0.41574515430432446, other:0.84|0.99|0.91, company:0.71|0.71|0.71, address:0.93|0.50|0.65, date:0.74|0.27|0.39, total:0.76|0.20|0.31
epoch:268, loss: 0.4184531423280824, other:0.85|0.98|0.91, company:0.71|0.72|0.72, address:0.95|0.50|0.66, date:0.72|0.28|0.40, total:0.72|0.21|0.32
epoch:269, loss: 0.40777756948516053, other:0.84|0.99|0.91, company:0.76|0.69|0.72, address:0.95|0.47|0.63, date:0.68|0.32|0.43, total:0.77|0.20|0.31
epoch:270, loss: 0.41284419033887254, other:0.85|0.99|0.91, company:0.78|0.67|0.72, address:0.92|0.50|0.65, date:0.72|0.30|0.42, total:0.72|0.21|0.32
epoch:271, loss: 0.40503000735111955, other:0.85|0.99|0.91, company:0.77|0.70|0.73, address:0.94|0.50|0.65, date:0.72|0.31|0.43, total:0.76|0.20|0.32
epoch:272, loss: 0.4038941685883504, other:0.84|0.99|0.91, company:0.83|0.65|0.73, address:0.92|0.50|0.64, date:0.75|0.28|0.40, total:0.76|0.20|0.32
epoch:273, loss: 0.4085585722383463, other:0.85|0.98|0.91, company:0.78|0.68|0.73, address:0.93|0.48|0.63, date:0.70|0.31|0.43, total:0.70|0.21|0.32
epoch:274, loss: 0.4025164988805663, other:0.86|0.99|0.92, company:0.82|0.64|0.72, address:0.91|0.50|0.65, date:0.74|0.29|0.42, total:0.69|0.22|0.34
epoch:275, loss: 0.4055576285101333, other:0.84|0.99|0.91, company:0.80|0.67|0.73, address:0.93|0.49|0.65, date:0.72|0.29|0.41, total:0.76|0.19|0.31
epoch:276, loss: 0.41736911321586034, other:0.86|0.98|0.92, company:0.73|0.72|0.73, address:0.94|0.50|0.65, date:0.69|0.30|0.42, total:0.67|0.20|0.31
epoch:277, loss: 0.39964534145481184, other:0.85|0.99|0.92, company:0.78|0.65|0.71, address:0.94|0.49|0.65, date:0.71|0.32|0.44, total:0.73|0.21|0.32
epoch:278, loss: 0.40554040726625695, other:0.86|0.98|0.92, company:0.76|0.71|0.74, address:0.93|0.49|0.65, date:0.68|0.34|0.45, total:0.72|0.20|0.31
epoch:279, loss: 0.4227586326734075, other:0.85|0.99|0.91, company:0.83|0.62|0.71, address:0.88|0.48|0.62, date:0.72|0.32|0.45, total:0.71|0.19|0.30
epoch:280, loss: 0.4106525700047331, other:0.84|0.99|0.91, company:0.81|0.62|0.71, address:0.90|0.49|0.64, date:0.69|0.34|0.46, total:0.80|0.19|0.30
epoch:281, loss: 0.4043857820753781, other:0.83|0.99|0.90, company:0.78|0.62|0.69, address:0.92|0.48|0.63, date:0.70|0.33|0.45, total:0.83|0.18|0.29
epoch:282, loss: 0.40621724527961806, other:0.86|0.98|0.92, company:0.75|0.69|0.72, address:0.94|0.49|0.64, date:0.69|0.35|0.47, total:0.70|0.21|0.32
epoch:283, loss: 0.39565744208839704, other:0.86|0.99|0.92, company:0.80|0.67|0.73, address:0.93|0.51|0.66, date:0.71|0.35|0.47, total:0.74|0.20|0.31
epoch:284, loss: 0.39159268337600633, other:0.85|0.99|0.91, company:0.83|0.65|0.73, address:0.92|0.51|0.65, date:0.70|0.33|0.45, total:0.77|0.20|0.31
epoch:285, loss: 0.3985942039849623, other:0.85|0.99|0.91, company:0.74|0.69|0.72, address:0.94|0.50|0.65, date:0.74|0.30|0.43, total:0.75|0.20|0.32
epoch:286, loss: 0.3993086859865009, other:0.88|0.98|0.93, company:0.76|0.71|0.74, address:0.94|0.52|0.66, date:0.70|0.35|0.47, total:0.63|0.22|0.33
epoch:287, loss: 0.3905373179125336, other:0.85|0.99|0.91, company:0.80|0.68|0.73, address:0.94|0.50|0.65, date:0.72|0.33|0.45, total:0.73|0.20|0.31
epoch:288, loss: 0.39772781139274815, other:0.85|0.99|0.91, company:0.80|0.65|0.72, address:0.92|0.49|0.64, date:0.73|0.30|0.43, total:0.71|0.20|0.31
epoch:289, loss: 0.40520695582875665, other:0.85|0.99|0.91, company:0.85|0.62|0.71, address:0.90|0.48|0.63, date:0.71|0.31|0.43, total:0.72|0.21|0.32
epoch:290, loss: 0.40012855209269615, other:0.85|0.99|0.91, company:0.83|0.63|0.72, address:0.92|0.49|0.64, date:0.71|0.34|0.46, total:0.74|0.20|0.32
epoch:291, loss: 0.41157005024406146, other:0.87|0.98|0.92, company:0.82|0.62|0.71, address:0.91|0.48|0.63, date:0.67|0.35|0.46, total:0.63|0.21|0.32
epoch:292, loss: 0.40890775705283544, other:0.85|0.99|0.91, company:0.74|0.68|0.71, address:0.92|0.50|0.65, date:0.71|0.35|0.46, total:0.79|0.19|0.31
epoch:293, loss: 0.40436828023982496, other:0.86|0.99|0.92, company:0.70|0.70|0.70, address:0.95|0.48|0.64, date:0.72|0.33|0.45, total:0.69|0.21|0.33
epoch:294, loss: 0.4022760441843069, other:0.85|0.99|0.91, company:0.78|0.66|0.72, address:0.93|0.48|0.63, date:0.70|0.34|0.46, total:0.74|0.20|0.31
epoch:295, loss: 0.3982581957331244, other:0.85|0.99|0.91, company:0.76|0.69|0.72, address:0.95|0.48|0.63, date:0.70|0.33|0.45, total:0.73|0.21|0.32
epoch:296, loss: 0.39900394711854326, other:0.85|0.99|0.91, company:0.73|0.70|0.71, address:0.95|0.49|0.65, date:0.71|0.32|0.44, total:0.73|0.20|0.31
epoch:297, loss: 0.40946345846608, other:0.84|0.99|0.91, company:0.73|0.68|0.71, address:0.94|0.49|0.64, date:0.70|0.34|0.46, total:0.79|0.19|0.31
epoch:298, loss: 0.4061168862401314, other:0.86|0.99|0.92, company:0.78|0.65|0.71, address:0.92|0.51|0.65, date:0.73|0.31|0.43, total:0.72|0.21|0.33
epoch:299, loss: 0.4182755649089813, other:0.86|0.98|0.92, company:0.66|0.73|0.70, address:0.95|0.49|0.65, date:0.75|0.30|0.42, total:0.68|0.21|0.32
