epoch:0, loss: 1.2818866968154907, other:0.90|0.95|0.92, company:0.00|0.00|0.00, address:0.80|0.27|0.40, date:0.00|0.00|0.00, total:0.00|0.00|0.00
epoch:1, loss: 1.0876526877565205, other:0.91|0.95|0.93, company:0.00|0.00|0.00, address:0.87|0.30|0.44, date:0.00|0.00|0.00, total:0.00|0.00|0.00
epoch:2, loss: 0.9624391726727756, other:0.90|0.96|0.93, company:0.00|0.00|0.00, address:0.92|0.29|0.44, date:0.00|0.00|0.00, total:0.00|0.00|0.00
epoch:3, loss: 0.9007694496298736, other:0.94|0.95|0.95, company:0.00|0.00|0.00, address:0.87|0.35|0.50, date:0.00|0.20|0.00, total:0.00|0.00|0.00
epoch:4, loss: 0.8294087760853317, other:0.89|0.96|0.93, company:0.00|0.00|0.00, address:0.97|0.29|0.44, date:0.04|0.34|0.07, total:0.03|0.15|0.04
epoch:5, loss: 0.81122717092622, other:0.92|0.96|0.94, company:0.00|0.00|0.00, address:0.87|0.35|0.50, date:0.11|0.31|0.16, total:0.07|0.14|0.10
epoch:6, loss: 0.7810086259302104, other:0.90|0.96|0.93, company:0.01|0.50|0.01, address:0.91|0.33|0.48, date:0.16|0.24|0.20, total:0.10|0.15|0.12
epoch:7, loss: 0.7209094526632777, other:0.89|0.96|0.93, company:0.20|0.61|0.31, address:0.91|0.35|0.51, date:0.19|0.29|0.23, total:0.22|0.15|0.17
epoch:8, loss: 0.7156057166603377, other:0.90|0.96|0.93, company:0.24|0.49|0.32, address:0.90|0.37|0.52, date:0.21|0.25|0.22, total:0.16|0.16|0.16
epoch:9, loss: 0.689345694937796, other:0.89|0.96|0.92, company:0.37|0.51|0.43, address:0.86|0.40|0.54, date:0.25|0.27|0.26, total:0.29|0.15|0.20
epoch:10, loss: 0.6827944011058448, other:0.89|0.97|0.93, company:0.53|0.49|0.51, address:0.81|0.42|0.55, date:0.34|0.23|0.27, total:0.28|0.16|0.21
epoch:11, loss: 0.6510440167391075, other:0.89|0.97|0.92, company:0.53|0.51|0.52, address:0.88|0.40|0.55, date:0.26|0.26|0.26, total:0.27|0.16|0.20
epoch:12, loss: 0.6658841360290095, other:0.88|0.97|0.92, company:0.77|0.42|0.54, address:0.71|0.41|0.52, date:0.28|0.23|0.25, total:0.33|0.16|0.22
epoch:13, loss: 0.6461176889122657, other:0.89|0.97|0.92, company:0.56|0.55|0.56, address:0.87|0.42|0.57, date:0.31|0.24|0.27, total:0.30|0.17|0.21
epoch:14, loss: 0.6860162548299106, other:0.85|0.97|0.91, company:0.81|0.32|0.46, address:0.63|0.34|0.44, date:0.34|0.23|0.28, total:0.39|0.16|0.22
epoch:15, loss: 0.6071528466242664, other:0.87|0.97|0.92, company:0.67|0.51|0.58, address:0.86|0.40|0.55, date:0.35|0.26|0.30, total:0.38|0.16|0.23
epoch:16, loss: 0.5993784171230389, other:0.87|0.97|0.92, company:0.52|0.63|0.57, address:0.91|0.40|0.56, date:0.39|0.26|0.31, total:0.38|0.18|0.24
epoch:17, loss: 0.5916733303160038, other:0.87|0.97|0.92, company:0.69|0.56|0.62, address:0.85|0.44|0.58, date:0.41|0.26|0.32, total:0.43|0.16|0.23
epoch:18, loss: 0.6336733063436905, other:0.89|0.96|0.93, company:0.58|0.60|0.59, address:0.81|0.48|0.60, date:0.36|0.24|0.29, total:0.34|0.16|0.22
epoch:19, loss: 0.5847340327388836, other:0.88|0.97|0.92, company:0.61|0.57|0.59, address:0.89|0.42|0.57, date:0.39|0.28|0.33, total:0.30|0.17|0.21
epoch:20, loss: 0.6049873474633919, other:0.89|0.97|0.93, company:0.77|0.48|0.59, address:0.75|0.44|0.56, date:0.38|0.27|0.32, total:0.31|0.18|0.23
epoch:21, loss: 0.5849205806570233, other:0.89|0.97|0.93, company:0.47|0.66|0.55, address:0.91|0.43|0.59, date:0.37|0.28|0.32, total:0.32|0.17|0.22
epoch:22, loss: 0.5883149229130655, other:0.88|0.97|0.92, company:0.54|0.60|0.57, address:0.88|0.42|0.57, date:0.39|0.28|0.33, total:0.35|0.18|0.23
epoch:23, loss: 0.582677923845795, other:0.88|0.97|0.92, company:0.58|0.53|0.56, address:0.88|0.42|0.56, date:0.34|0.31|0.32, total:0.40|0.16|0.23
epoch:24, loss: 0.5996759635097576, other:0.91|0.96|0.93, company:0.56|0.68|0.61, address:0.88|0.47|0.61, date:0.28|0.30|0.29, total:0.28|0.17|0.21
epoch:25, loss: 0.5856625808859771, other:0.90|0.97|0.93, company:0.69|0.57|0.62, address:0.82|0.47|0.60, date:0.32|0.28|0.30, total:0.34|0.17|0.23
epoch:26, loss: 0.5508871168460486, other:0.85|0.97|0.91, company:0.61|0.60|0.61, address:0.91|0.40|0.56, date:0.45|0.27|0.33, total:0.44|0.15|0.22
epoch:27, loss: 0.6004330364038359, other:0.88|0.97|0.92, company:0.77|0.45|0.57, address:0.74|0.43|0.54, date:0.41|0.27|0.32, total:0.33|0.17|0.23
