epoch:0, loss: 1.4996451656773406, other:0.88|0.90|0.89, company:0.01|0.06|0.02, address:0.00|0.00|0.00, date:0.00|0.00|0.00, total:0.15|0.02|0.04
epoch:1, loss: 1.4002713977165941, other:0.90|0.91|0.91, company:0.03|0.06|0.04, address:0.00|0.50|0.00, date:0.00|0.00|0.00, total:0.10|0.02|0.03
epoch:2, loss: 1.3627797410173237, other:0.94|0.90|0.92, company:0.01|0.04|0.02, address:0.00|0.35|0.01, date:0.00|0.00|0.00, total:0.04|0.01|0.02
epoch:3, loss: 1.3046671669438201, other:0.91|0.90|0.91, company:0.04|0.03|0.04, address:0.11|0.18|0.14, date:0.00|0.00|0.00, total:0.01|0.00|0.01
epoch:4, loss: 1.2317150223929927, other:0.85|0.94|0.90, company:0.00|0.00|0.00, address:0.74|0.19|0.31, date:0.00|0.00|0.00, total:0.00|0.00|0.00
epoch:5, loss: 1.165014165752339, other:0.87|0.96|0.91, company:0.00|0.00|0.00, address:0.89|0.24|0.37, date:0.00|0.00|0.00, total:0.00|0.17|0.00
epoch:6, loss: 1.0892423582526873, other:0.89|0.96|0.92, company:0.00|0.00|0.00, address:0.89|0.26|0.40, date:0.00|0.00|0.00, total:0.00|0.20|0.00
epoch:7, loss: 1.0595602325673372, other:0.91|0.95|0.93, company:0.00|0.00|0.00, address:0.83|0.29|0.43, date:0.00|0.00|0.00, total:0.00|0.11|0.00
epoch:8, loss: 1.017745240679327, other:0.92|0.96|0.94, company:0.00|0.00|0.00, address:0.86|0.31|0.45, date:0.00|0.00|0.00, total:0.00|0.00|0.00
epoch:9, loss: 0.9916530510164657, other:0.89|0.96|0.92, company:0.00|0.00|0.00, address:0.95|0.27|0.42, date:0.00|0.00|0.00, total:0.00|0.00|0.00
epoch:10, loss: 0.9729727810283877, other:0.91|0.96|0.93, company:0.00|0.00|0.00, address:0.91|0.30|0.45, date:0.00|0.00|0.00, total:0.00|0.00|0.00
epoch:11, loss: 0.9515722922559054, other:0.90|0.96|0.93, company:0.00|0.00|0.00, address:0.94|0.28|0.44, date:0.00|0.00|0.00, total:0.00|0.00|0.00
epoch:12, loss: 0.9158599905247958, other:0.91|0.96|0.94, company:0.00|0.00|0.00, address:0.93|0.30|0.46, date:0.00|0.00|0.00, total:0.00|0.07|0.00
epoch:13, loss: 0.9276532148415187, other:0.87|0.97|0.92, company:0.00|0.00|0.00, address:0.98|0.25|0.40, date:0.00|0.00|0.00, total:0.00|0.11|0.01
epoch:14, loss: 0.889443575211291, other:0.92|0.96|0.94, company:0.00|0.00|0.00, address:0.93|0.31|0.47, date:0.00|0.00|0.00, total:0.01|0.09|0.01
epoch:15, loss: 0.8917303299004177, other:0.89|0.96|0.92, company:0.00|0.00|0.00, address:0.97|0.28|0.44, date:0.00|0.06|0.01, total:0.02|0.10|0.03
epoch:16, loss: 0.8780340889714798, other:0.89|0.96|0.92, company:0.00|0.00|0.00, address:0.97|0.28|0.43, date:0.00|0.09|0.01, total:0.02|0.09|0.03
epoch:17, loss: 0.8705386879309168, other:0.92|0.96|0.94, company:0.00|0.00|0.00, address:0.89|0.32|0.47, date:0.02|0.24|0.04, total:0.01|0.08|0.01
epoch:18, loss: 0.8509434169193484, other:0.90|0.96|0.93, company:0.00|0.00|0.00, address:0.94|0.29|0.45, date:0.01|0.15|0.02, total:0.01|0.10|0.02
epoch:19, loss: 0.846716435450428, other:0.91|0.96|0.94, company:0.00|0.00|0.00, address:0.92|0.31|0.47, date:0.02|0.09|0.03, total:0.01|0.18|0.02
epoch:20, loss: 0.8428164304427381, other:0.89|0.96|0.93, company:0.00|0.00|0.00, address:0.97|0.29|0.45, date:0.03|0.11|0.04, total:0.01|0.12|0.02
epoch:21, loss: 0.8577151444723021, other:0.88|0.96|0.92, company:0.00|0.00|0.00, address:0.95|0.28|0.43, date:0.06|0.09|0.07, total:0.02|0.11|0.04
epoch:22, loss: 0.8251854394966701, other:0.90|0.96|0.93, company:0.00|0.00|0.00, address:0.92|0.32|0.48, date:0.08|0.09|0.08, total:0.02|0.08|0.03
epoch:23, loss: 0.8216086311160393, other:0.91|0.96|0.94, company:0.00|0.00|0.00, address:0.88|0.35|0.50, date:0.13|0.13|0.13, total:0.03|0.11|0.04
epoch:24, loss: 0.8133139576552049, other:0.90|0.96|0.93, company:0.00|0.00|0.00, address:0.90|0.34|0.50, date:0.16|0.12|0.14, total:0.03|0.09|0.04
epoch:25, loss: 0.8203452263238296, other:0.89|0.96|0.92, company:0.00|0.07|0.01, address:0.94|0.32|0.48, date:0.19|0.15|0.16, total:0.03|0.08|0.04
epoch:26, loss: 0.8046027556905206, other:0.90|0.96|0.93, company:0.00|0.00|0.00, address:0.91|0.35|0.51, date:0.22|0.16|0.18, total:0.03|0.08|0.04
epoch:27, loss: 0.8092736331921704, other:0.89|0.96|0.93, company:0.01|0.16|0.01, address:0.94|0.32|0.48, date:0.21|0.19|0.20, total:0.06|0.11|0.07
epoch:28, loss: 0.7986216904982081, other:0.90|0.96|0.93, company:0.00|0.11|0.00, address:0.91|0.35|0.51, date:0.23|0.16|0.19, total:0.03|0.09|0.05
epoch:29, loss: 0.8070882648791907, other:0.89|0.96|0.93, company:0.00|0.05|0.00, address:0.92|0.34|0.49, date:0.22|0.15|0.18, total:0.05|0.10|0.06
epoch:30, loss: 0.7811176237070335, other:0.90|0.96|0.93, company:0.01|0.16|0.01, address:0.95|0.34|0.50, date:0.25|0.21|0.23, total:0.03|0.11|0.05
epoch:31, loss: 0.7703625424852911, other:0.89|0.96|0.93, company:0.01|0.17|0.02, address:0.92|0.36|0.52, date:0.30|0.17|0.22, total:0.07|0.12|0.09
epoch:32, loss: 0.7621051860305498, other:0.90|0.96|0.93, company:0.04|0.17|0.06, address:0.90|0.35|0.50, date:0.29|0.21|0.24, total:0.04|0.11|0.06
epoch:33, loss: 0.7813224095218586, other:0.87|0.97|0.92, company:0.03|0.14|0.06, address:0.94|0.31|0.46, date:0.32|0.20|0.24, total:0.06|0.10|0.08
epoch:34, loss: 0.7964175714636749, other:0.88|0.97|0.92, company:0.02|0.16|0.03, address:0.95|0.30|0.45, date:0.27|0.27|0.27, total:0.08|0.13|0.10
epoch:35, loss: 0.7956795445028341, other:0.87|0.97|0.91, company:0.02|0.18|0.04, address:0.94|0.31|0.47, date:0.33|0.20|0.25, total:0.09|0.11|0.10
epoch:36, loss: 0.7628931909237268, other:0.89|0.96|0.93, company:0.00|0.09|0.01, address:0.85|0.37|0.52, date:0.37|0.18|0.24, total:0.11|0.12|0.11
epoch:37, loss: 0.7646164365534512, other:0.88|0.97|0.92, company:0.03|0.24|0.06, address:0.93|0.33|0.49, date:0.31|0.21|0.25, total:0.11|0.11|0.11
epoch:38, loss: 0.759391854394157, other:0.88|0.97|0.92, company:0.13|0.38|0.19, address:0.89|0.34|0.49, date:0.28|0.20|0.23, total:0.12|0.11|0.11
epoch:39, loss: 0.7613598839291986, other:0.88|0.97|0.92, company:0.10|0.27|0.15, address:0.90|0.32|0.47, date:0.30|0.21|0.25, total:0.09|0.11|0.10
epoch:40, loss: 0.7556999989275662, other:0.88|0.96|0.92, company:0.16|0.31|0.21, address:0.81|0.37|0.51, date:0.29|0.17|0.21, total:0.15|0.10|0.12
epoch:41, loss: 0.7521068071419338, other:0.88|0.96|0.92, company:0.06|0.30|0.10, address:0.92|0.34|0.50, date:0.29|0.19|0.23, total:0.10|0.11|0.10
epoch:42, loss: 0.7569637557245651, other:0.89|0.97|0.92, company:0.25|0.30|0.27, address:0.83|0.34|0.48, date:0.27|0.18|0.22, total:0.09|0.13|0.11
epoch:43, loss: 0.7852548012193644, other:0.89|0.96|0.93, company:0.08|0.27|0.13, address:0.84|0.37|0.51, date:0.33|0.18|0.23, total:0.13|0.13|0.13
epoch:44, loss: 0.7564516764766765, other:0.87|0.97|0.92, company:0.22|0.29|0.25, address:0.84|0.35|0.50, date:0.31|0.17|0.22, total:0.16|0.10|0.13
epoch:45, loss: 0.7475222978951797, other:0.87|0.97|0.91, company:0.14|0.29|0.19, address:0.90|0.34|0.49, date:0.28|0.20|0.23, total:0.15|0.09|0.11
epoch:46, loss: 0.7624745290234404, other:0.85|0.97|0.91, company:0.12|0.25|0.17, address:0.91|0.31|0.46, date:0.30|0.21|0.25, total:0.18|0.11|0.13
epoch:47, loss: 0.7650343820733844, other:0.87|0.97|0.92, company:0.16|0.24|0.20, address:0.87|0.32|0.46, date:0.30|0.20|0.24, total:0.10|0.12|0.11
epoch:48, loss: 0.7543127772943029, other:0.88|0.97|0.92, company:0.13|0.28|0.18, address:0.89|0.35|0.51, date:0.32|0.23|0.26, total:0.14|0.10|0.12
epoch:49, loss: 0.7587906043484526, other:0.86|0.97|0.91, company:0.10|0.26|0.14, address:0.90|0.32|0.47, date:0.29|0.22|0.25, total:0.16|0.10|0.12
epoch:50, loss: 0.7534215787671646, other:0.89|0.96|0.92, company:0.25|0.31|0.28, address:0.82|0.36|0.50, date:0.30|0.21|0.25, total:0.12|0.11|0.11
epoch:51, loss: 0.7513165507676467, other:0.89|0.96|0.92, company:0.31|0.31|0.31, address:0.80|0.35|0.49, date:0.28|0.22|0.24, total:0.11|0.10|0.10
epoch:52, loss: 0.7473738632112179, other:0.87|0.97|0.92, company:0.51|0.30|0.38, address:0.72|0.33|0.45, date:0.29|0.20|0.24, total:0.14|0.10|0.11
epoch:53, loss: 0.7434237801803733, other:0.90|0.96|0.93, company:0.38|0.39|0.39, address:0.81|0.39|0.53, date:0.25|0.22|0.23, total:0.10|0.10|0.10
epoch:54, loss: 0.7358051965821464, other:0.88|0.97|0.92, company:0.38|0.37|0.38, address:0.79|0.35|0.48, date:0.30|0.23|0.26, total:0.14|0.10|0.12
epoch:55, loss: 0.7364925033641312, other:0.86|0.97|0.91, company:0.43|0.35|0.39, address:0.77|0.32|0.46, date:0.35|0.20|0.25, total:0.15|0.09|0.11
epoch:56, loss: 0.7259512048847271, other:0.89|0.96|0.92, company:0.35|0.47|0.40, address:0.84|0.37|0.52, date:0.32|0.20|0.24, total:0.12|0.10|0.11
epoch:57, loss: 0.7518823810343472, other:0.88|0.96|0.92, company:0.28|0.52|0.37, address:0.86|0.35|0.50, date:0.23|0.20|0.22, total:0.14|0.10|0.12
epoch:58, loss: 0.7529100876934124, other:0.90|0.96|0.93, company:0.38|0.32|0.35, address:0.74|0.35|0.48, date:0.31|0.20|0.24, total:0.07|0.10|0.08
epoch:59, loss: 0.7313653849205881, other:0.88|0.97|0.92, company:0.27|0.35|0.30, address:0.83|0.35|0.49, date:0.25|0.22|0.24, total:0.14|0.10|0.12
epoch:60, loss: 0.7291759275040537, other:0.88|0.97|0.92, company:0.52|0.34|0.41, address:0.73|0.34|0.46, date:0.28|0.22|0.25, total:0.14|0.11|0.12
epoch:61, loss: 0.7257871684038414, other:0.87|0.97|0.92, company:0.48|0.33|0.39, address:0.75|0.32|0.45, date:0.30|0.23|0.26, total:0.16|0.12|0.14
epoch:62, loss: 0.7545394245183693, other:0.87|0.97|0.92, company:0.41|0.43|0.42, address:0.79|0.35|0.49, date:0.30|0.16|0.21, total:0.16|0.10|0.12
epoch:63, loss: 0.7326837451952808, other:0.87|0.97|0.92, company:0.48|0.48|0.48, address:0.81|0.37|0.51, date:0.29|0.17|0.21, total:0.18|0.10|0.13
epoch:64, loss: 0.7215816086193301, other:0.87|0.97|0.91, company:0.46|0.41|0.43, address:0.79|0.34|0.47, date:0.32|0.21|0.25, total:0.17|0.10|0.13
epoch:65, loss: 0.7047733079712346, other:0.90|0.96|0.93, company:0.43|0.48|0.45, address:0.82|0.40|0.53, date:0.30|0.24|0.27, total:0.10|0.11|0.10
epoch:66, loss: 0.7088466376628516, other:0.88|0.97|0.92, company:0.47|0.47|0.47, address:0.84|0.37|0.51, date:0.31|0.23|0.26, total:0.16|0.11|0.13
epoch:67, loss: 0.7091813874694536, other:0.88|0.97|0.92, company:0.37|0.42|0.39, address:0.84|0.37|0.51, date:0.32|0.22|0.26, total:0.19|0.11|0.13
epoch:68, loss: 0.6981597182885656, other:0.86|0.97|0.91, company:0.49|0.43|0.45, address:0.81|0.34|0.48, date:0.33|0.23|0.27, total:0.23|0.10|0.14
epoch:69, loss: 0.7301248165796388, other:0.88|0.97|0.92, company:0.71|0.36|0.47, address:0.64|0.32|0.43, date:0.33|0.22|0.27, total:0.11|0.11|0.11
epoch:70, loss: 0.7024788215475263, other:0.90|0.96|0.93, company:0.56|0.44|0.50, address:0.78|0.40|0.53, date:0.28|0.25|0.26, total:0.13|0.10|0.11
epoch:71, loss: 0.7382684563690761, other:0.89|0.96|0.92, company:0.57|0.44|0.50, address:0.77|0.41|0.53, date:0.25|0.21|0.23, total:0.17|0.09|0.12
epoch:72, loss: 0.7071116364227151, other:0.87|0.97|0.92, company:0.51|0.38|0.44, address:0.77|0.36|0.49, date:0.27|0.20|0.23, total:0.19|0.10|0.14
epoch:73, loss: 0.7184968253351608, other:0.89|0.97|0.93, company:0.65|0.39|0.49, address:0.72|0.36|0.48, date:0.29|0.25|0.27, total:0.12|0.10|0.11
epoch:74, loss: 0.7146502811953707, other:0.88|0.97|0.92, company:0.49|0.40|0.44, address:0.77|0.37|0.50, date:0.34|0.19|0.25, total:0.12|0.10|0.11
epoch:75, loss: 0.6941865581386494, other:0.89|0.97|0.93, company:0.52|0.44|0.47, address:0.80|0.36|0.50, date:0.30|0.23|0.26, total:0.11|0.11|0.11
epoch:76, loss: 0.6942881885564552, other:0.88|0.97|0.92, company:0.54|0.50|0.52, address:0.85|0.39|0.53, date:0.29|0.22|0.25, total:0.18|0.10|0.13
epoch:77, loss: 0.6922769299093282, other:0.90|0.96|0.93, company:0.45|0.52|0.48, address:0.86|0.40|0.54, date:0.30|0.22|0.25, total:0.10|0.10|0.10
epoch:78, loss: 0.692966731089466, other:0.90|0.96|0.93, company:0.57|0.50|0.53, address:0.81|0.41|0.55, date:0.31|0.23|0.26, total:0.12|0.11|0.11
epoch:79, loss: 0.6989295786281802, other:0.89|0.96|0.93, company:0.56|0.52|0.54, address:0.84|0.40|0.54, date:0.30|0.21|0.25, total:0.14|0.12|0.13
epoch:80, loss: 0.7018462644433076, other:0.90|0.96|0.93, company:0.70|0.50|0.58, address:0.77|0.44|0.56, date:0.26|0.22|0.24, total:0.14|0.11|0.12
epoch:81, loss: 0.693881056218777, other:0.88|0.97|0.92, company:0.67|0.46|0.54, address:0.75|0.37|0.50, date:0.33|0.22|0.27, total:0.14|0.11|0.12
epoch:82, loss: 0.7492525273898862, other:0.90|0.96|0.93, company:0.45|0.66|0.53, address:0.83|0.44|0.58, date:0.25|0.18|0.21, total:0.16|0.10|0.12
epoch:83, loss: 0.6901406949421145, other:0.88|0.97|0.92, company:0.58|0.57|0.58, address:0.85|0.41|0.55, date:0.32|0.19|0.24, total:0.15|0.11|0.12
epoch:84, loss: 0.6792465639564226, other:0.88|0.97|0.92, company:0.69|0.48|0.57, address:0.80|0.40|0.53, date:0.32|0.23|0.27, total:0.14|0.10|0.11
epoch:85, loss: 0.6866421767000882, other:0.88|0.97|0.92, company:0.72|0.42|0.53, address:0.75|0.38|0.50, date:0.32|0.22|0.26, total:0.13|0.10|0.11
epoch:86, loss: 0.7011845291785475, other:0.87|0.97|0.92, company:0.57|0.41|0.47, address:0.77|0.33|0.46, date:0.32|0.23|0.27, total:0.15|0.10|0.12
epoch:87, loss: 0.6961438914514938, other:0.87|0.97|0.92, company:0.57|0.50|0.54, address:0.82|0.38|0.52, date:0.32|0.18|0.23, total:0.18|0.10|0.13
epoch:88, loss: 0.6946018675588211, other:0.87|0.97|0.92, company:0.69|0.45|0.55, address:0.77|0.37|0.50, date:0.35|0.21|0.26, total:0.17|0.10|0.13
epoch:89, loss: 0.6879474475698651, other:0.86|0.97|0.91, company:0.57|0.49|0.53, address:0.84|0.39|0.53, date:0.33|0.18|0.23, total:0.22|0.10|0.14
epoch:90, loss: 0.7020462357772971, other:0.88|0.97|0.92, company:0.51|0.44|0.48, address:0.78|0.36|0.49, date:0.34|0.22|0.27, total:0.16|0.11|0.13
epoch:91, loss: 0.6808424704479721, other:0.89|0.97|0.92, company:0.55|0.54|0.55, address:0.85|0.38|0.53, date:0.31|0.24|0.27, total:0.15|0.11|0.12
epoch:92, loss: 0.6967800079651598, other:0.89|0.96|0.92, company:0.64|0.51|0.57, address:0.79|0.39|0.53, date:0.29|0.24|0.26, total:0.16|0.10|0.12
epoch:93, loss: 0.6957563555465555, other:0.88|0.97|0.92, company:0.61|0.52|0.56, address:0.81|0.36|0.50, date:0.32|0.19|0.24, total:0.13|0.10|0.11
epoch:94, loss: 0.7117843481729615, other:0.87|0.97|0.92, company:0.69|0.36|0.47, address:0.63|0.31|0.41, date:0.33|0.21|0.26, total:0.15|0.10|0.12
epoch:95, loss: 0.6763575088303044, other:0.89|0.96|0.92, company:0.64|0.50|0.56, address:0.81|0.38|0.52, date:0.31|0.24|0.27, total:0.12|0.10|0.11
epoch:96, loss: 0.6792029603472296, other:0.87|0.97|0.91, company:0.65|0.48|0.55, address:0.82|0.36|0.50, date:0.33|0.22|0.26, total:0.17|0.10|0.13
epoch:97, loss: 0.6737270411455406, other:0.88|0.97|0.92, company:0.57|0.54|0.56, address:0.85|0.38|0.52, date:0.33|0.23|0.27, total:0.12|0.10|0.11
epoch:98, loss: 0.703933299712415, other:0.89|0.96|0.93, company:0.76|0.44|0.55, address:0.68|0.39|0.50, date:0.30|0.22|0.25, total:0.13|0.10|0.11
epoch:99, loss: 0.6792054693653898, other:0.90|0.96|0.93, company:0.56|0.56|0.56, address:0.83|0.42|0.56, date:0.27|0.24|0.25, total:0.12|0.10|0.11
epoch:100, loss: 0.6627971293791285, other:0.89|0.96|0.93, company:0.65|0.51|0.57, address:0.81|0.40|0.53, date:0.32|0.24|0.28, total:0.13|0.10|0.11
epoch:101, loss: 0.6686797558136706, other:0.88|0.97|0.92, company:0.64|0.52|0.57, address:0.81|0.40|0.54, date:0.32|0.23|0.27, total:0.17|0.10|0.13
epoch:102, loss: 0.6680530590831109, other:0.89|0.96|0.93, company:0.65|0.52|0.58, address:0.81|0.40|0.54, date:0.31|0.24|0.27, total:0.15|0.10|0.12
epoch:103, loss: 0.6670509543059007, other:0.88|0.97|0.92, company:0.66|0.53|0.59, address:0.81|0.41|0.54, date:0.31|0.22|0.26, total:0.19|0.10|0.13
epoch:104, loss: 0.669580099717626, other:0.89|0.96|0.93, company:0.71|0.51|0.59, address:0.79|0.41|0.54, date:0.30|0.24|0.27, total:0.16|0.10|0.12
epoch:105, loss: 0.662675715842337, other:0.89|0.96|0.93, company:0.67|0.52|0.58, address:0.81|0.41|0.54, date:0.30|0.25|0.27, total:0.14|0.10|0.12
epoch:106, loss: 0.6710759581259962, other:0.90|0.96|0.93, company:0.64|0.54|0.59, address:0.81|0.42|0.55, date:0.30|0.23|0.26, total:0.13|0.10|0.11
epoch:107, loss: 0.6708722508178567, other:0.89|0.96|0.93, company:0.66|0.55|0.60, address:0.80|0.42|0.55, date:0.30|0.23|0.26, total:0.14|0.10|0.12
epoch:108, loss: 0.6760853663930353, other:0.89|0.96|0.93, company:0.66|0.55|0.60, address:0.80|0.43|0.56, date:0.28|0.23|0.26, total:0.16|0.10|0.12
epoch:109, loss: 0.6613389039939305, other:0.89|0.96|0.92, company:0.71|0.51|0.59, address:0.80|0.40|0.54, date:0.31|0.24|0.27, total:0.15|0.10|0.12
epoch:110, loss: 0.6563143235332561, other:0.89|0.96|0.93, company:0.65|0.54|0.59, address:0.83|0.41|0.55, date:0.31|0.24|0.27, total:0.14|0.10|0.12
epoch:111, loss: 0.6610723385271037, other:0.89|0.96|0.92, company:0.69|0.53|0.60, address:0.81|0.41|0.55, date:0.32|0.23|0.27, total:0.16|0.10|0.12
epoch:112, loss: 0.6650353456443211, other:0.90|0.96|0.93, company:0.69|0.56|0.62, address:0.81|0.42|0.55, date:0.30|0.23|0.26, total:0.11|0.11|0.11
epoch:113, loss: 0.674335149099242, other:0.89|0.96|0.92, company:0.70|0.53|0.60, address:0.79|0.40|0.54, date:0.31|0.23|0.26, total:0.16|0.10|0.13
epoch:114, loss: 0.6568772354215946, other:0.89|0.96|0.93, company:0.66|0.57|0.61, address:0.84|0.41|0.55, date:0.32|0.23|0.27, total:0.14|0.10|0.12
epoch:115, loss: 0.6604913259452244, other:0.88|0.97|0.92, company:0.67|0.56|0.61, address:0.83|0.40|0.54, date:0.32|0.23|0.27, total:0.18|0.10|0.13
epoch:116, loss: 0.6652735685402492, other:0.88|0.97|0.92, company:0.64|0.59|0.61, address:0.84|0.41|0.55, date:0.32|0.21|0.26, total:0.17|0.10|0.13
epoch:117, loss: 0.6631356016644891, other:0.89|0.96|0.93, company:0.73|0.51|0.60, address:0.78|0.41|0.54, date:0.31|0.25|0.28, total:0.14|0.10|0.12
epoch:118, loss: 0.6632705555771882, other:0.90|0.96|0.93, company:0.65|0.59|0.61, address:0.83|0.42|0.56, date:0.30|0.24|0.27, total:0.11|0.11|0.11
epoch:119, loss: 0.6617166546155822, other:0.90|0.96|0.93, company:0.65|0.54|0.59, address:0.82|0.41|0.55, date:0.30|0.26|0.28, total:0.13|0.10|0.11
epoch:120, loss: 0.662385140949825, other:0.89|0.96|0.93, company:0.70|0.51|0.59, address:0.80|0.41|0.54, date:0.31|0.24|0.27, total:0.14|0.10|0.12
epoch:121, loss: 0.6650014171060527, other:0.88|0.96|0.92, company:0.68|0.55|0.61, address:0.81|0.41|0.55, date:0.32|0.22|0.26, total:0.17|0.10|0.13
epoch:122, loss: 0.6577358302080406, other:0.89|0.96|0.93, company:0.65|0.55|0.59, address:0.83|0.41|0.54, date:0.31|0.24|0.27, total:0.15|0.11|0.13
epoch:123, loss: 0.6633427626681778, other:0.88|0.96|0.92, company:0.70|0.53|0.60, address:0.81|0.40|0.54, date:0.31|0.23|0.27, total:0.17|0.10|0.13
epoch:124, loss: 0.6544856957669528, other:0.89|0.96|0.93, company:0.67|0.54|0.60, address:0.82|0.41|0.55, date:0.31|0.24|0.27, total:0.15|0.10|0.12
epoch:125, loss: 0.6588018390367616, other:0.89|0.96|0.92, company:0.63|0.57|0.60, address:0.85|0.41|0.55, date:0.31|0.22|0.26, total:0.15|0.10|0.12
epoch:126, loss: 0.65738508386432, other:0.90|0.96|0.93, company:0.71|0.52|0.60, address:0.81|0.42|0.55, date:0.31|0.25|0.27, total:0.11|0.10|0.11
epoch:127, loss: 0.6533762947568353, other:0.89|0.96|0.93, company:0.66|0.57|0.61, address:0.83|0.42|0.56, date:0.31|0.23|0.26, total:0.14|0.10|0.12
epoch:128, loss: 0.6469888046102704, other:0.88|0.97|0.92, company:0.60|0.57|0.59, address:0.86|0.41|0.55, date:0.32|0.23|0.27, total:0.16|0.10|0.12
epoch:129, loss: 0.655170555384654, other:0.89|0.96|0.92, company:0.70|0.53|0.60, address:0.81|0.41|0.55, date:0.30|0.23|0.26, total:0.17|0.10|0.13
epoch:130, loss: 0.655552125202035, other:0.89|0.96|0.93, company:0.67|0.55|0.61, address:0.84|0.42|0.56, date:0.30|0.25|0.27, total:0.14|0.10|0.11
epoch:131, loss: 0.6499525128670458, other:0.88|0.97|0.92, company:0.68|0.55|0.61, address:0.83|0.41|0.55, date:0.32|0.23|0.27, total:0.20|0.10|0.13
epoch:132, loss: 0.6498277142362775, other:0.89|0.96|0.93, company:0.63|0.60|0.61, address:0.87|0.41|0.56, date:0.31|0.24|0.27, total:0.13|0.10|0.11
epoch:133, loss: 0.6487615378397815, other:0.88|0.97|0.92, company:0.65|0.57|0.61, address:0.85|0.41|0.55, date:0.32|0.23|0.27, total:0.16|0.10|0.12
epoch:134, loss: 0.651125672853218, other:0.91|0.96|0.93, company:0.69|0.55|0.61, address:0.82|0.43|0.57, date:0.28|0.24|0.26, total:0.09|0.11|0.10
epoch:135, loss: 0.6545932821507724, other:0.89|0.96|0.92, company:0.74|0.50|0.59, address:0.80|0.40|0.53, date:0.29|0.24|0.26, total:0.15|0.10|0.12
epoch:136, loss: 0.648209459376785, other:0.90|0.96|0.93, company:0.66|0.55|0.60, address:0.84|0.42|0.56, date:0.30|0.24|0.27, total:0.11|0.10|0.11
epoch:137, loss: 0.6538426280021667, other:0.89|0.97|0.92, company:0.70|0.54|0.61, address:0.83|0.41|0.55, date:0.31|0.24|0.27, total:0.16|0.10|0.13
epoch:138, loss: 0.6466222754064596, other:0.89|0.97|0.92, company:0.64|0.56|0.60, address:0.85|0.41|0.56, date:0.32|0.23|0.27, total:0.16|0.10|0.12
epoch:139, loss: 0.6399397265236333, other:0.88|0.97|0.92, company:0.66|0.56|0.60, address:0.86|0.41|0.56, date:0.33|0.24|0.27, total:0.18|0.10|0.13
epoch:140, loss: 0.6488545402041022, other:0.89|0.96|0.93, company:0.64|0.61|0.62, address:0.85|0.43|0.57, date:0.31|0.23|0.26, total:0.17|0.10|0.12
epoch:141, loss: 0.6382206161067171, other:0.88|0.97|0.92, company:0.70|0.54|0.61, address:0.83|0.41|0.55, date:0.32|0.25|0.28, total:0.18|0.10|0.13
epoch:142, loss: 0.647399181464933, other:0.88|0.97|0.92, company:0.67|0.54|0.60, address:0.84|0.41|0.55, date:0.32|0.23|0.27, total:0.18|0.10|0.13
epoch:143, loss: 0.6454096717654534, other:0.89|0.96|0.93, company:0.65|0.59|0.62, address:0.85|0.42|0.57, date:0.31|0.23|0.27, total:0.13|0.10|0.12
epoch:144, loss: 0.6403391237528819, other:0.90|0.96|0.93, company:0.69|0.55|0.61, address:0.84|0.42|0.56, date:0.32|0.25|0.28, total:0.12|0.10|0.11
epoch:145, loss: 0.6416140119984465, other:0.87|0.97|0.92, company:0.68|0.53|0.60, address:0.84|0.41|0.55, date:0.33|0.23|0.28, total:0.20|0.10|0.13
epoch:146, loss: 0.6454997450675605, other:0.88|0.97|0.92, company:0.66|0.55|0.60, address:0.85|0.41|0.56, date:0.33|0.22|0.26, total:0.15|0.10|0.12
epoch:147, loss: 0.6398435167546542, other:0.89|0.96|0.93, company:0.67|0.56|0.61, address:0.84|0.43|0.57, date:0.31|0.24|0.27, total:0.15|0.10|0.12
epoch:148, loss: 0.6455476733873475, other:0.87|0.97|0.92, company:0.63|0.60|0.62, address:0.87|0.42|0.57, date:0.32|0.22|0.26, total:0.22|0.10|0.13
epoch:149, loss: 0.6398383497067217, other:0.88|0.97|0.92, company:0.71|0.53|0.61, address:0.82|0.42|0.55, date:0.32|0.24|0.27, total:0.18|0.11|0.13
epoch:150, loss: 0.6483385866543032, other:0.89|0.96|0.93, company:0.70|0.53|0.60, address:0.82|0.42|0.55, date:0.29|0.25|0.27, total:0.14|0.10|0.12
epoch:151, loss: 0.6429970832365863, other:0.89|0.96|0.93, company:0.67|0.59|0.63, address:0.85|0.42|0.57, date:0.30|0.25|0.27, total:0.15|0.10|0.12
epoch:152, loss: 0.6363726415724125, other:0.89|0.97|0.92, company:0.71|0.54|0.61, address:0.84|0.42|0.56, date:0.32|0.27|0.29, total:0.18|0.10|0.13
epoch:153, loss: 0.6445238781425188, other:0.89|0.96|0.93, company:0.66|0.58|0.62, address:0.86|0.43|0.57, date:0.30|0.24|0.27, total:0.15|0.10|0.12
epoch:154, loss: 0.6314128299929062, other:0.89|0.97|0.92, company:0.70|0.58|0.63, address:0.86|0.42|0.56, date:0.32|0.25|0.28, total:0.16|0.10|0.13
epoch:155, loss: 0.6344297685713138, other:0.89|0.97|0.92, company:0.71|0.54|0.61, address:0.84|0.41|0.55, date:0.31|0.25|0.28, total:0.16|0.10|0.13
epoch:156, loss: 0.6382650609286327, other:0.89|0.97|0.92, company:0.69|0.56|0.62, address:0.85|0.41|0.56, date:0.31|0.23|0.27, total:0.16|0.10|0.12
epoch:157, loss: 0.6366482315198431, other:0.89|0.96|0.93, company:0.71|0.55|0.62, address:0.84|0.42|0.56, date:0.31|0.24|0.27, total:0.13|0.11|0.12
epoch:158, loss: 0.6360596952573309, other:0.88|0.97|0.92, company:0.72|0.54|0.62, address:0.83|0.41|0.55, date:0.33|0.23|0.27, total:0.19|0.10|0.13
epoch:159, loss: 0.6369291774506839, other:0.88|0.97|0.92, company:0.68|0.56|0.62, address:0.85|0.42|0.56, date:0.31|0.24|0.27, total:0.19|0.10|0.13
epoch:160, loss: 0.6417418066060768, other:0.88|0.97|0.92, company:0.69|0.55|0.61, address:0.85|0.42|0.56, date:0.32|0.24|0.27, total:0.21|0.10|0.14
epoch:161, loss: 0.6360309034023645, other:0.90|0.96|0.93, company:0.72|0.57|0.64, address:0.84|0.45|0.58, date:0.29|0.26|0.27, total:0.15|0.10|0.12
epoch:162, loss: 0.6365209716670918, other:0.90|0.96|0.93, company:0.70|0.59|0.64, address:0.85|0.43|0.57, date:0.31|0.24|0.27, total:0.14|0.11|0.12
epoch:163, loss: 0.6479499829265306, other:0.89|0.96|0.92, company:0.68|0.61|0.64, address:0.85|0.44|0.58, date:0.33|0.23|0.27, total:0.17|0.10|0.12
epoch:164, loss: 0.6291814890672576, other:0.88|0.97|0.92, company:0.72|0.52|0.60, address:0.84|0.41|0.55, date:0.32|0.26|0.29, total:0.20|0.11|0.14
epoch:165, loss: 0.6321705551642292, other:0.89|0.97|0.93, company:0.73|0.53|0.62, address:0.82|0.43|0.56, date:0.32|0.25|0.28, total:0.16|0.11|0.13
epoch:166, loss: 0.6357132511318855, other:0.89|0.96|0.93, company:0.70|0.54|0.61, address:0.83|0.42|0.56, date:0.32|0.25|0.28, total:0.16|0.10|0.13
epoch:167, loss: 0.6361069825460326, other:0.89|0.97|0.92, company:0.67|0.56|0.61, address:0.84|0.42|0.56, date:0.33|0.24|0.28, total:0.17|0.10|0.13
epoch:168, loss: 0.6359834744120544, other:0.89|0.97|0.92, company:0.74|0.54|0.62, address:0.82|0.43|0.56, date:0.31|0.25|0.28, total:0.18|0.10|0.13
epoch:169, loss: 0.6349990176704695, other:0.89|0.97|0.93, company:0.69|0.57|0.63, address:0.87|0.41|0.56, date:0.31|0.26|0.28, total:0.16|0.11|0.13
epoch:170, loss: 0.6406221305424312, other:0.88|0.97|0.92, company:0.73|0.54|0.62, address:0.82|0.42|0.56, date:0.32|0.25|0.28, total:0.18|0.10|0.13
epoch:171, loss: 0.6333654134903314, other:0.89|0.97|0.93, company:0.73|0.54|0.62, address:0.84|0.41|0.55, date:0.32|0.26|0.29, total:0.15|0.11|0.12
epoch:172, loss: 0.6396474607710568, other:0.88|0.97|0.92, company:0.67|0.59|0.62, address:0.86|0.43|0.57, date:0.31|0.22|0.26, total:0.19|0.10|0.13
epoch:173, loss: 0.6285867196209026, other:0.89|0.96|0.93, company:0.71|0.57|0.64, address:0.84|0.43|0.57, date:0.31|0.25|0.28, total:0.15|0.11|0.12
epoch:174, loss: 0.6345907792730151, other:0.89|0.96|0.92, company:0.70|0.60|0.65, address:0.86|0.43|0.57, date:0.31|0.25|0.28, total:0.18|0.10|0.13
epoch:175, loss: 0.6336970694784848, other:0.90|0.96|0.93, company:0.72|0.58|0.64, address:0.84|0.43|0.57, date:0.32|0.25|0.28, total:0.13|0.10|0.11
epoch:176, loss: 0.6346520972701738, other:0.90|0.96|0.93, company:0.68|0.61|0.64, address:0.85|0.44|0.58, date:0.31|0.26|0.28, total:0.12|0.11|0.11
epoch:177, loss: 0.631947249174118, other:0.87|0.97|0.92, company:0.65|0.61|0.63, address:0.88|0.42|0.56, date:0.33|0.22|0.27, total:0.21|0.10|0.14
epoch:178, loss: 0.6359550368111089, other:0.89|0.96|0.93, company:0.71|0.56|0.63, address:0.85|0.42|0.56, date:0.31|0.25|0.28, total:0.16|0.11|0.13
epoch:179, loss: 0.6324210560546731, other:0.89|0.96|0.93, company:0.71|0.59|0.64, address:0.86|0.43|0.57, date:0.32|0.26|0.28, total:0.15|0.10|0.12
epoch:180, loss: 0.632410854101181, other:0.88|0.97|0.92, company:0.67|0.61|0.64, address:0.88|0.42|0.57, date:0.33|0.23|0.27, total:0.20|0.10|0.13
epoch:181, loss: 0.6383635772849029, other:0.88|0.97|0.92, company:0.73|0.56|0.63, address:0.84|0.42|0.56, date:0.33|0.24|0.28, total:0.18|0.10|0.13
epoch:182, loss: 0.6339133764212986, other:0.88|0.97|0.92, company:0.73|0.57|0.64, address:0.85|0.42|0.56, date:0.33|0.24|0.28, total:0.17|0.10|0.13
epoch:183, loss: 0.6348638095945682, other:0.90|0.96|0.93, company:0.74|0.55|0.63, address:0.82|0.44|0.57, date:0.30|0.24|0.27, total:0.15|0.11|0.13
epoch:184, loss: 0.6295393103698514, other:0.89|0.96|0.93, company:0.69|0.59|0.63, address:0.86|0.43|0.57, date:0.32|0.25|0.28, total:0.15|0.10|0.12
epoch:185, loss: 0.6316402132781047, other:0.89|0.97|0.92, company:0.77|0.51|0.62, address:0.81|0.43|0.56, date:0.32|0.25|0.28, total:0.17|0.11|0.13
epoch:186, loss: 0.6353470266989942, other:0.89|0.96|0.93, company:0.68|0.60|0.64, address:0.86|0.43|0.57, date:0.31|0.24|0.27, total:0.16|0.10|0.13
epoch:187, loss: 0.6396405702491976, other:0.89|0.97|0.93, company:0.72|0.55|0.62, address:0.83|0.42|0.56, date:0.32|0.24|0.28, total:0.17|0.11|0.13
epoch:188, loss: 0.6408448539814859, other:0.89|0.96|0.93, company:0.69|0.60|0.64, address:0.85|0.44|0.58, date:0.33|0.23|0.27, total:0.14|0.11|0.12
epoch:189, loss: 0.6391473153852066, other:0.88|0.97|0.92, company:0.69|0.57|0.62, address:0.84|0.41|0.56, date:0.35|0.23|0.27, total:0.17|0.10|0.13
epoch:190, loss: 0.6372381786130509, other:0.88|0.96|0.92, company:0.69|0.58|0.63, address:0.84|0.43|0.57, date:0.32|0.24|0.27, total:0.19|0.10|0.13
epoch:191, loss: 0.6295587875933017, other:0.88|0.97|0.92, company:0.75|0.53|0.62, address:0.83|0.41|0.55, date:0.33|0.25|0.28, total:0.19|0.11|0.14
epoch:192, loss: 0.6273149690538082, other:0.88|0.97|0.92, company:0.71|0.57|0.63, address:0.85|0.43|0.57, date:0.32|0.25|0.28, total:0.18|0.10|0.13
epoch:193, loss: 0.6294566735906421, other:0.88|0.97|0.92, company:0.70|0.58|0.63, address:0.86|0.43|0.57, date:0.32|0.26|0.29, total:0.20|0.11|0.14
epoch:194, loss: 0.6299446084589329, other:0.88|0.97|0.92, company:0.65|0.60|0.62, address:0.86|0.42|0.57, date:0.33|0.22|0.26, total:0.19|0.10|0.13
epoch:195, loss: 0.6331620981108468, other:0.87|0.97|0.92, company:0.73|0.53|0.61, address:0.84|0.41|0.55, date:0.35|0.23|0.28, total:0.20|0.10|0.13
epoch:196, loss: 0.6241222366971789, other:0.89|0.97|0.93, company:0.70|0.56|0.62, address:0.85|0.43|0.57, date:0.33|0.24|0.28, total:0.15|0.11|0.13
epoch:197, loss: 0.6316888506682414, other:0.89|0.97|0.92, company:0.71|0.57|0.63, address:0.84|0.43|0.57, date:0.31|0.24|0.27, total:0.18|0.10|0.13
epoch:198, loss: 0.6332269046666488, other:0.89|0.97|0.92, company:0.71|0.56|0.63, address:0.85|0.42|0.57, date:0.32|0.26|0.29, total:0.18|0.11|0.13
epoch:199, loss: 0.6335633279017683, other:0.88|0.97|0.92, company:0.69|0.58|0.63, address:0.85|0.42|0.57, date:0.31|0.24|0.27, total:0.19|0.10|0.13
epoch:200, loss: 0.6283035351420349, other:0.88|0.97|0.92, company:0.65|0.59|0.62, address:0.87|0.41|0.56, date:0.34|0.23|0.27, total:0.18|0.10|0.13
epoch:201, loss: 0.6374943031454986, other:0.89|0.97|0.93, company:0.77|0.54|0.63, address:0.80|0.43|0.56, date:0.31|0.23|0.27, total:0.16|0.11|0.13
epoch:202, loss: 0.6274506826445742, other:0.88|0.97|0.92, company:0.70|0.57|0.63, address:0.84|0.42|0.56, date:0.33|0.23|0.27, total:0.21|0.10|0.14
epoch:203, loss: 0.6322878638528427, other:0.89|0.96|0.93, company:0.73|0.55|0.63, address:0.83|0.43|0.56, date:0.30|0.26|0.28, total:0.15|0.11|0.13
epoch:204, loss: 0.6277791025503626, other:0.89|0.96|0.93, company:0.74|0.58|0.65, address:0.83|0.44|0.57, date:0.33|0.24|0.28, total:0.17|0.10|0.13
epoch:205, loss: 0.6234859942265276, other:0.89|0.96|0.93, company:0.71|0.60|0.65, address:0.85|0.44|0.58, date:0.32|0.25|0.28, total:0.16|0.10|0.13
epoch:206, loss: 0.625350129491878, other:0.88|0.96|0.92, company:0.70|0.57|0.63, address:0.85|0.43|0.57, date:0.32|0.25|0.28, total:0.18|0.10|0.13
epoch:207, loss: 0.6218373505574353, other:0.88|0.97|0.92, company:0.71|0.55|0.62, address:0.85|0.41|0.55, date:0.34|0.24|0.28, total:0.18|0.11|0.13
epoch:208, loss: 0.6268821808527101, other:0.88|0.97|0.92, company:0.65|0.59|0.62, address:0.88|0.42|0.57, date:0.34|0.24|0.28, total:0.17|0.10|0.13
epoch:209, loss: 0.6270089953575494, other:0.89|0.96|0.93, company:0.71|0.57|0.63, address:0.83|0.42|0.56, date:0.32|0.25|0.28, total:0.16|0.11|0.13
epoch:210, loss: 0.6313223737590717, other:0.88|0.97|0.92, company:0.67|0.58|0.62, address:0.85|0.42|0.56, date:0.32|0.24|0.27, total:0.17|0.10|0.13
epoch:211, loss: 0.6313133526523158, other:0.90|0.96|0.93, company:0.72|0.59|0.65, address:0.82|0.44|0.57, date:0.31|0.26|0.28, total:0.14|0.11|0.12
epoch:212, loss: 0.6321124333255695, other:0.89|0.96|0.93, company:0.69|0.57|0.62, address:0.83|0.43|0.57, date:0.32|0.25|0.28, total:0.17|0.10|0.13
epoch:213, loss: 0.6240539753212119, other:0.88|0.97|0.92, company:0.71|0.56|0.63, address:0.85|0.42|0.56, date:0.34|0.25|0.29, total:0.20|0.10|0.14
epoch:214, loss: 0.6204185305901293, other:0.88|0.97|0.92, company:0.69|0.56|0.62, address:0.86|0.41|0.56, date:0.34|0.25|0.29, total:0.19|0.10|0.14
epoch:215, loss: 0.6241284423279312, other:0.89|0.96|0.93, company:0.70|0.56|0.62, address:0.84|0.42|0.56, date:0.31|0.25|0.28, total:0.16|0.11|0.13
epoch:216, loss: 0.630846730942996, other:0.87|0.97|0.91, company:0.72|0.55|0.62, address:0.84|0.41|0.55, date:0.33|0.24|0.28, total:0.23|0.10|0.14
epoch:217, loss: 0.6289543515106417, other:0.88|0.97|0.92, company:0.70|0.56|0.63, address:0.84|0.41|0.55, date:0.33|0.24|0.28, total:0.20|0.10|0.13
epoch:218, loss: 0.6266158689867776, other:0.89|0.97|0.93, company:0.68|0.58|0.63, address:0.86|0.42|0.56, date:0.32|0.24|0.27, total:0.16|0.11|0.13
epoch:219, loss: 0.6314709895061996, other:0.88|0.97|0.92, company:0.69|0.58|0.63, address:0.84|0.42|0.57, date:0.35|0.25|0.29, total:0.21|0.10|0.13
epoch:220, loss: 0.63034392302891, other:0.88|0.97|0.92, company:0.72|0.56|0.63, address:0.83|0.43|0.57, date:0.33|0.25|0.29, total:0.20|0.10|0.13
epoch:221, loss: 0.6233493657606952, other:0.88|0.97|0.92, company:0.70|0.56|0.62, address:0.85|0.41|0.55, date:0.34|0.25|0.29, total:0.19|0.10|0.13
epoch:222, loss: 0.6291787888643876, other:0.89|0.96|0.93, company:0.70|0.57|0.63, address:0.84|0.42|0.56, date:0.32|0.26|0.28, total:0.14|0.11|0.12
epoch:223, loss: 0.6349433716737999, other:0.89|0.96|0.93, company:0.74|0.55|0.63, address:0.82|0.44|0.57, date:0.32|0.25|0.28, total:0.17|0.11|0.13
epoch:224, loss: 0.6298818076556584, other:0.89|0.96|0.93, company:0.74|0.56|0.64, address:0.82|0.43|0.56, date:0.32|0.24|0.28, total:0.16|0.10|0.13
epoch:225, loss: 0.6267147587155396, other:0.88|0.97|0.92, company:0.70|0.59|0.64, address:0.84|0.42|0.57, date:0.35|0.23|0.28, total:0.17|0.10|0.13
epoch:226, loss: 0.6337466892206444, other:0.90|0.96|0.93, company:0.72|0.62|0.67, address:0.85|0.44|0.58, date:0.33|0.25|0.29, total:0.14|0.10|0.12
epoch:227, loss: 0.6192240760011493, other:0.89|0.96|0.93, company:0.72|0.60|0.65, address:0.84|0.44|0.58, date:0.34|0.24|0.28, total:0.17|0.10|0.13
epoch:228, loss: 0.6279881225441987, other:0.89|0.97|0.92, company:0.76|0.56|0.65, address:0.84|0.42|0.56, date:0.33|0.25|0.29, total:0.15|0.11|0.13
epoch:229, loss: 0.6313640407796176, other:0.88|0.97|0.92, company:0.73|0.59|0.65, address:0.84|0.42|0.56, date:0.35|0.24|0.28, total:0.18|0.10|0.13
epoch:230, loss: 0.6199944486033242, other:0.88|0.97|0.92, company:0.70|0.59|0.64, address:0.87|0.41|0.56, date:0.36|0.24|0.29, total:0.19|0.10|0.13
epoch:231, loss: 0.6407442306572536, other:0.90|0.96|0.93, company:0.67|0.62|0.65, address:0.85|0.45|0.59, date:0.34|0.25|0.29, total:0.12|0.11|0.11
epoch:232, loss: 0.6252721598688161, other:0.88|0.97|0.92, company:0.72|0.57|0.64, address:0.85|0.42|0.57, date:0.35|0.25|0.29, total:0.19|0.11|0.13
epoch:233, loss: 0.6126105903454546, other:0.89|0.97|0.93, company:0.71|0.60|0.65, address:0.87|0.43|0.58, date:0.33|0.26|0.29, total:0.16|0.11|0.13
epoch:234, loss: 0.6163520363141906, other:0.88|0.97|0.92, company:0.70|0.59|0.64, address:0.87|0.42|0.57, date:0.35|0.24|0.29, total:0.19|0.10|0.13
epoch:235, loss: 0.6187993726640377, other:0.88|0.97|0.92, company:0.73|0.56|0.63, address:0.86|0.42|0.57, date:0.35|0.24|0.28, total:0.19|0.10|0.13
epoch:236, loss: 0.6257059006196148, other:0.88|0.97|0.92, company:0.70|0.59|0.64, address:0.86|0.43|0.57, date:0.35|0.24|0.28, total:0.19|0.10|0.13
epoch:237, loss: 0.615078534157771, other:0.88|0.97|0.92, company:0.76|0.56|0.64, address:0.84|0.42|0.56, date:0.33|0.24|0.28, total:0.17|0.11|0.13
epoch:238, loss: 0.6145263308624052, other:0.89|0.96|0.93, company:0.76|0.55|0.64, address:0.83|0.44|0.57, date:0.34|0.25|0.29, total:0.16|0.11|0.13
epoch:239, loss: 0.6363908952137209, other:0.89|0.96|0.93, company:0.64|0.63|0.63, address:0.87|0.44|0.58, date:0.33|0.23|0.27, total:0.15|0.10|0.12
epoch:240, loss: 0.6268206244369723, other:0.90|0.96|0.93, company:0.69|0.59|0.64, address:0.85|0.43|0.58, date:0.33|0.25|0.29, total:0.13|0.11|0.12
epoch:241, loss: 0.6248677923994245, other:0.89|0.96|0.93, company:0.69|0.61|0.65, address:0.86|0.43|0.57, date:0.34|0.24|0.28, total:0.16|0.11|0.13
epoch:242, loss: 0.6311843035356054, other:0.89|0.97|0.92, company:0.67|0.61|0.64, address:0.86|0.43|0.57, date:0.35|0.23|0.28, total:0.16|0.11|0.13
epoch:243, loss: 0.6197607612834787, other:0.88|0.97|0.92, company:0.73|0.57|0.64, address:0.85|0.42|0.56, date:0.36|0.25|0.30, total:0.18|0.11|0.13
epoch:244, loss: 0.6150400829765031, other:0.89|0.96|0.93, company:0.76|0.56|0.65, address:0.84|0.43|0.57, date:0.33|0.26|0.29, total:0.14|0.11|0.12
epoch:245, loss: 0.6183777372792082, other:0.89|0.97|0.92, company:0.69|0.59|0.64, address:0.84|0.43|0.57, date:0.35|0.24|0.28, total:0.17|0.11|0.13
epoch:246, loss: 0.6154885640684163, other:0.88|0.97|0.92, company:0.77|0.56|0.65, address:0.84|0.42|0.56, date:0.34|0.25|0.29, total:0.16|0.10|0.12
epoch:247, loss: 0.6128233997326977, other:0.88|0.97|0.92, company:0.70|0.61|0.65, address:0.87|0.42|0.57, date:0.35|0.24|0.29, total:0.19|0.10|0.13
epoch:248, loss: 0.61684102944608, other:0.89|0.97|0.92, company:0.74|0.58|0.65, address:0.84|0.43|0.57, date:0.35|0.24|0.29, total:0.17|0.11|0.13
epoch:249, loss: 0.6184805221152756, other:0.88|0.97|0.92, company:0.76|0.56|0.65, address:0.84|0.42|0.56, date:0.35|0.26|0.30, total:0.20|0.10|0.14
epoch:250, loss: 0.6182821263682168, other:0.88|0.97|0.92, company:0.71|0.61|0.66, address:0.87|0.43|0.58, date:0.35|0.26|0.30, total:0.19|0.10|0.13
epoch:251, loss: 0.6126580474511633, other:0.88|0.97|0.92, company:0.69|0.62|0.65, address:0.89|0.43|0.58, date:0.35|0.25|0.29, total:0.21|0.11|0.14
epoch:252, loss: 0.6091422337406086, other:0.89|0.97|0.92, company:0.71|0.61|0.65, address:0.87|0.43|0.57, date:0.36|0.25|0.30, total:0.17|0.10|0.13
epoch:253, loss: 0.6079061897295825, other:0.89|0.96|0.93, company:0.69|0.64|0.66, address:0.88|0.44|0.59, date:0.35|0.25|0.30, total:0.16|0.11|0.13
epoch:254, loss: 0.6115044462230971, other:0.88|0.97|0.92, company:0.77|0.56|0.65, address:0.83|0.43|0.57, date:0.36|0.25|0.29, total:0.18|0.11|0.13
epoch:255, loss: 0.6258430233541524, other:0.89|0.96|0.93, company:0.69|0.64|0.66, address:0.86|0.44|0.59, date:0.32|0.25|0.28, total:0.16|0.11|0.13
epoch:256, loss: 0.6167998623173192, other:0.89|0.97|0.93, company:0.77|0.56|0.65, address:0.84|0.44|0.57, date:0.33|0.26|0.29, total:0.17|0.11|0.13
epoch:257, loss: 0.6198694492286106, other:0.89|0.97|0.93, company:0.79|0.54|0.64, address:0.84|0.42|0.56, date:0.32|0.27|0.29, total:0.17|0.11|0.13
epoch:258, loss: 0.6120901147149643, other:0.89|0.97|0.93, company:0.73|0.61|0.66, address:0.87|0.44|0.58, date:0.34|0.25|0.29, total:0.16|0.11|0.13
epoch:259, loss: 0.6118211470684916, other:0.88|0.97|0.92, company:0.74|0.60|0.66, address:0.88|0.42|0.57, date:0.37|0.26|0.30, total:0.19|0.10|0.13
epoch:260, loss: 0.6238020191777427, other:0.90|0.96|0.93, company:0.73|0.60|0.66, address:0.86|0.44|0.58, date:0.32|0.27|0.29, total:0.13|0.11|0.12
epoch:261, loss: 0.6165844983649704, other:0.89|0.97|0.93, company:0.77|0.57|0.66, address:0.84|0.43|0.57, date:0.34|0.26|0.30, total:0.14|0.11|0.12
epoch:262, loss: 0.6293735616611984, other:0.89|0.96|0.93, company:0.73|0.59|0.65, address:0.84|0.43|0.57, date:0.33|0.24|0.28, total:0.15|0.11|0.13
epoch:263, loss: 0.6194892851811535, other:0.89|0.97|0.92, company:0.77|0.56|0.65, address:0.84|0.43|0.57, date:0.33|0.25|0.29, total:0.18|0.11|0.13
epoch:264, loss: 0.6203447051768033, other:0.87|0.97|0.92, company:0.71|0.59|0.64, address:0.86|0.42|0.57, date:0.36|0.24|0.29, total:0.22|0.10|0.14
epoch:265, loss: 0.6238249607805936, other:0.88|0.97|0.92, company:0.74|0.56|0.64, address:0.85|0.42|0.56, date:0.36|0.25|0.29, total:0.20|0.11|0.14
epoch:266, loss: 0.6244976211268947, other:0.88|0.97|0.92, company:0.70|0.61|0.65, address:0.87|0.43|0.58, date:0.36|0.24|0.29, total:0.20|0.10|0.13
epoch:267, loss: 0.6143780986093125, other:0.88|0.97|0.92, company:0.73|0.59|0.65, address:0.87|0.43|0.57, date:0.35|0.26|0.30, total:0.19|0.11|0.14
epoch:268, loss: 0.6190997868214013, other:0.88|0.97|0.92, company:0.73|0.60|0.66, address:0.87|0.43|0.57, date:0.35|0.25|0.29, total:0.21|0.10|0.14
epoch:269, loss: 0.6109475369723338, other:0.89|0.97|0.93, company:0.76|0.58|0.66, address:0.86|0.44|0.58, date:0.35|0.26|0.30, total:0.16|0.10|0.13
epoch:270, loss: 0.6184830255103562, other:0.88|0.97|0.92, company:0.75|0.54|0.62, address:0.85|0.41|0.56, date:0.35|0.26|0.30, total:0.20|0.11|0.14
epoch:271, loss: 0.6147550473797996, other:0.88|0.97|0.92, company:0.76|0.59|0.66, address:0.86|0.43|0.57, date:0.36|0.23|0.28, total:0.19|0.10|0.13
epoch:272, loss: 0.6272546665848426, other:0.89|0.97|0.93, company:0.74|0.62|0.67, address:0.85|0.46|0.60, date:0.34|0.25|0.29, total:0.18|0.10|0.13
epoch:273, loss: 0.621205599240537, other:0.88|0.97|0.92, company:0.76|0.58|0.66, address:0.84|0.44|0.57, date:0.33|0.24|0.28, total:0.19|0.10|0.13
epoch:274, loss: 0.6096337381398903, other:0.87|0.97|0.92, company:0.69|0.62|0.65, address:0.87|0.42|0.57, date:0.36|0.22|0.27, total:0.22|0.11|0.14
epoch:275, loss: 0.624313418595296, other:0.89|0.97|0.92, company:0.76|0.55|0.64, address:0.83|0.43|0.56, date:0.35|0.24|0.28, total:0.16|0.11|0.13
epoch:276, loss: 0.6199965971820759, other:0.90|0.96|0.93, company:0.69|0.65|0.67, address:0.89|0.44|0.59, date:0.33|0.25|0.29, total:0.15|0.11|0.13
epoch:277, loss: 0.6180836142234083, other:0.88|0.97|0.92, company:0.72|0.60|0.65, address:0.87|0.43|0.58, date:0.36|0.24|0.29, total:0.19|0.11|0.14
epoch:278, loss: 0.6269574109113442, other:0.89|0.96|0.93, company:0.70|0.61|0.65, address:0.87|0.45|0.59, date:0.32|0.26|0.29, total:0.20|0.11|0.14
epoch:279, loss: 0.619644154917519, other:0.89|0.96|0.93, company:0.73|0.59|0.65, address:0.86|0.45|0.59, date:0.33|0.26|0.29, total:0.16|0.11|0.13
epoch:280, loss: 0.6216517945505539, other:0.89|0.96|0.93, company:0.76|0.59|0.67, address:0.85|0.44|0.58, date:0.34|0.25|0.29, total:0.15|0.11|0.13
epoch:281, loss: 0.6203877914626643, other:0.90|0.96|0.93, company:0.76|0.57|0.65, address:0.83|0.45|0.58, date:0.33|0.24|0.28, total:0.14|0.11|0.12
epoch:282, loss: 0.6336784593339236, other:0.89|0.96|0.92, company:0.68|0.63|0.65, address:0.86|0.45|0.59, date:0.33|0.24|0.28, total:0.19|0.10|0.13
epoch:283, loss: 0.6378989995650526, other:0.89|0.97|0.92, company:0.69|0.62|0.65, address:0.85|0.44|0.58, date:0.35|0.22|0.27, total:0.17|0.10|0.13
epoch:284, loss: 0.6061306067232816, other:0.88|0.97|0.92, company:0.69|0.63|0.66, address:0.90|0.43|0.58, date:0.37|0.24|0.29, total:0.20|0.11|0.14
epoch:285, loss: 0.6212958446088827, other:0.89|0.96|0.93, company:0.72|0.63|0.67, address:0.87|0.45|0.59, date:0.34|0.25|0.29, total:0.15|0.10|0.12
epoch:286, loss: 0.6277943962025192, other:0.90|0.96|0.93, company:0.77|0.59|0.67, address:0.86|0.44|0.58, date:0.32|0.27|0.29, total:0.12|0.11|0.12
epoch:287, loss: 0.6119404187742269, other:0.89|0.97|0.92, company:0.74|0.63|0.68, address:0.87|0.43|0.58, date:0.35|0.24|0.29, total:0.17|0.11|0.13
epoch:288, loss: 0.6144405001739286, other:0.89|0.97|0.93, company:0.70|0.66|0.68, address:0.88|0.44|0.58, date:0.36|0.26|0.30, total:0.15|0.10|0.12
epoch:289, loss: 0.6113127526247276, other:0.88|0.97|0.92, company:0.74|0.61|0.66, address:0.88|0.42|0.57, date:0.36|0.26|0.30, total:0.18|0.11|0.13
epoch:290, loss: 0.6141394865962694, other:0.89|0.97|0.93, company:0.76|0.59|0.66, address:0.86|0.43|0.57, date:0.35|0.27|0.30, total:0.15|0.11|0.12
epoch:291, loss: 0.6127631759868478, other:0.89|0.97|0.93, company:0.70|0.63|0.66, address:0.88|0.43|0.58, date:0.35|0.27|0.30, total:0.17|0.11|0.13
epoch:292, loss: 0.6060206620198376, other:0.88|0.97|0.92, company:0.74|0.60|0.67, address:0.88|0.43|0.58, date:0.38|0.24|0.30, total:0.20|0.10|0.14
epoch:293, loss: 0.6087968349456787, other:0.88|0.97|0.92, company:0.74|0.63|0.68, address:0.88|0.43|0.58, date:0.36|0.25|0.29, total:0.21|0.10|0.14
epoch:294, loss: 0.6127804484007493, other:0.88|0.97|0.92, company:0.77|0.58|0.66, address:0.85|0.43|0.57, date:0.37|0.25|0.30, total:0.19|0.11|0.14
epoch:295, loss: 0.6088213588831559, other:0.87|0.97|0.92, company:0.77|0.60|0.68, address:0.86|0.42|0.57, date:0.37|0.25|0.30, total:0.21|0.10|0.14
epoch:296, loss: 0.6166972731644252, other:0.89|0.97|0.92, company:0.76|0.60|0.67, address:0.85|0.44|0.58, date:0.35|0.25|0.30, total:0.18|0.10|0.13
epoch:297, loss: 0.6125055804567517, other:0.86|0.97|0.91, company:0.75|0.61|0.67, address:0.88|0.42|0.57, date:0.39|0.23|0.29, total:0.26|0.10|0.15
epoch:298, loss: 0.6131214274550384, other:0.89|0.97|0.92, company:0.78|0.59|0.67, address:0.85|0.44|0.58, date:0.35|0.26|0.30, total:0.18|0.11|0.14
epoch:299, loss: 0.6016911065803384, other:0.88|0.97|0.92, company:0.72|0.62|0.66, address:0.88|0.43|0.57, date:0.38|0.24|0.29, total:0.20|0.11|0.14
