epoch:0, loss: 1.1962272496450514, other:0.76|0.96|0.85, company:0.00|0.02|0.00, address:0.90|0.15|0.26, date:0.00|0.00|0.00, total:0.00|0.00|0.00
epoch:1, loss: 0.9845969614528475, other:0.87|0.96|0.91, company:0.00|0.00|0.00, address:0.91|0.23|0.37, date:0.00|0.00|0.00, total:0.00|0.12|0.00
epoch:2, loss: 0.9822167771203177, other:0.89|0.95|0.92, company:0.00|0.00|0.00, address:0.76|0.26|0.39, date:0.00|0.00|0.00, total:0.09|0.10|0.10
epoch:3, loss: 1.011975714138576, other:0.78|0.97|0.86, company:0.00|0.00|0.00, address:0.93|0.19|0.32, date:0.00|0.00|0.00, total:0.23|0.11|0.15
epoch:4, loss: 0.9464856471334185, other:0.87|0.96|0.91, company:0.00|0.00|0.00, address:0.85|0.27|0.41, date:0.00|0.00|0.00, total:0.18|0.11|0.14
epoch:5, loss: 0.9614317082223438, other:0.76|0.97|0.85, company:0.00|0.00|0.00, address:0.91|0.21|0.34, date:0.00|0.00|0.00, total:0.38|0.09|0.14
epoch:6, loss: 0.940800933043162, other:0.82|0.96|0.88, company:0.00|0.00|0.00, address:0.83|0.28|0.42, date:0.00|0.06|0.00, total:0.45|0.09|0.15
epoch:7, loss: 0.9955435094379244, other:0.84|0.95|0.89, company:0.00|0.00|0.00, address:0.81|0.22|0.35, date:0.01|0.29|0.01, total:0.15|0.10|0.12
epoch:8, loss: 1.0178485813595, other:0.80|0.96|0.87, company:0.00|0.00|0.00, address:0.86|0.21|0.34, date:0.03|0.14|0.05, total:0.21|0.09|0.12
epoch:9, loss: 0.9470746681803749, other:0.87|0.96|0.91, company:0.00|0.00|0.00, address:0.81|0.29|0.43, date:0.06|0.13|0.08, total:0.25|0.11|0.15
epoch:10, loss: 0.9319404306865874, other:0.86|0.96|0.91, company:0.01|0.58|0.02, address:0.81|0.27|0.40, date:0.11|0.16|0.13, total:0.19|0.12|0.14
epoch:11, loss: 0.8389788133757455, other:0.84|0.97|0.90, company:0.03|0.63|0.05, address:0.88|0.29|0.43, date:0.14|0.16|0.15, total:0.33|0.11|0.17
epoch:12, loss: 0.8209937390826997, other:0.83|0.96|0.89, company:0.08|0.55|0.14, address:0.86|0.32|0.47, date:0.08|0.09|0.08, total:0.51|0.12|0.19
epoch:13, loss: 0.8326742546898979, other:0.76|0.97|0.85, company:0.15|0.31|0.20, address:0.92|0.28|0.43, date:0.12|0.13|0.13, total:0.59|0.10|0.17
epoch:14, loss: 0.9252888009661719, other:0.73|0.97|0.83, company:0.08|0.22|0.12, address:0.83|0.20|0.33, date:0.24|0.07|0.10, total:0.29|0.11|0.16
epoch:15, loss: 0.8323241018113636, other:0.79|0.97|0.87, company:0.14|0.35|0.20, address:0.87|0.27|0.41, date:0.19|0.10|0.13, total:0.45|0.12|0.20
epoch:16, loss: 0.9211224993069966, other:0.81|0.96|0.88, company:0.10|0.32|0.16, address:0.88|0.24|0.37, date:0.12|0.07|0.09, total:0.15|0.13|0.14
epoch:17, loss: 0.8148820752189273, other:0.82|0.97|0.89, company:0.21|0.34|0.26, address:0.87|0.27|0.41, date:0.16|0.13|0.14, total:0.35|0.14|0.19
epoch:18, loss: 0.8404918784186953, other:0.83|0.97|0.89, company:0.13|0.37|0.19, address:0.87|0.29|0.43, date:0.16|0.13|0.14, total:0.34|0.12|0.18
epoch:19, loss: 0.780233413264865, other:0.86|0.96|0.91, company:0.30|0.40|0.34, address:0.79|0.33|0.47, date:0.22|0.15|0.18, total:0.31|0.14|0.19
epoch:20, loss: 0.7842669356436957, other:0.85|0.97|0.90, company:0.53|0.32|0.40, address:0.70|0.32|0.44, date:0.16|0.22|0.18, total:0.36|0.12|0.18
epoch:21, loss: 0.8821002716109866, other:0.84|0.96|0.90, company:0.25|0.37|0.30, address:0.83|0.28|0.41, date:0.17|0.12|0.14, total:0.22|0.13|0.16
epoch:22, loss: 0.8376459036554609, other:0.85|0.96|0.90, company:0.38|0.34|0.36, address:0.71|0.32|0.44, date:0.19|0.17|0.18, total:0.35|0.11|0.17
epoch:23, loss: 0.7879412157194955, other:0.83|0.97|0.90, company:0.45|0.34|0.39, address:0.74|0.30|0.43, date:0.22|0.17|0.19, total:0.35|0.12|0.17
epoch:24, loss: 0.7916144490242004, other:0.88|0.96|0.92, company:0.35|0.32|0.33, address:0.81|0.29|0.43, date:0.12|0.22|0.16, total:0.14|0.14|0.14
epoch:25, loss: 0.8439251451265244, other:0.87|0.96|0.91, company:0.39|0.37|0.38, address:0.72|0.35|0.47, date:0.19|0.14|0.16, total:0.25|0.12|0.16
epoch:26, loss: 0.822217503615788, other:0.87|0.96|0.91, company:0.44|0.33|0.38, address:0.68|0.36|0.47, date:0.12|0.14|0.13, total:0.33|0.12|0.17
epoch:27, loss: 0.7865315431640262, other:0.83|0.97|0.89, company:0.39|0.29|0.34, address:0.79|0.30|0.43, date:0.16|0.16|0.16, total:0.36|0.12|0.18
epoch:28, loss: 0.8511082359722683, other:0.86|0.96|0.91, company:0.38|0.28|0.32, address:0.73|0.29|0.42, date:0.10|0.15|0.12, total:0.29|0.14|0.19
epoch:29, loss: 0.8163140961102077, other:0.85|0.96|0.90, company:0.45|0.28|0.35, address:0.67|0.32|0.43, date:0.13|0.19|0.15, total:0.39|0.12|0.18
epoch:30, loss: 0.8053561011950175, other:0.83|0.97|0.89, company:0.44|0.29|0.35, address:0.73|0.30|0.43, date:0.13|0.20|0.16, total:0.45|0.11|0.18
epoch:31, loss: 0.8055674365588597, other:0.80|0.97|0.88, company:0.43|0.33|0.37, address:0.79|0.27|0.41, date:0.16|0.15|0.16, total:0.45|0.11|0.18
epoch:32, loss: 0.8233926506269545, other:0.84|0.96|0.90, company:0.45|0.30|0.36, address:0.67|0.32|0.43, date:0.21|0.17|0.19, total:0.43|0.13|0.20
epoch:33, loss: 0.9526547954196022, other:0.86|0.95|0.90, company:0.41|0.32|0.36, address:0.48|0.34|0.40, date:0.13|0.15|0.14, total:0.46|0.11|0.18
epoch:34, loss: 0.9470264991124471, other:0.85|0.96|0.90, company:0.15|0.49|0.23, address:0.82|0.26|0.40, date:0.09|0.11|0.10, total:0.19|0.11|0.14
epoch:35, loss: 0.8625766708737328, other:0.85|0.96|0.90, company:0.29|0.35|0.32, address:0.81|0.30|0.44, date:0.12|0.21|0.15, total:0.27|0.10|0.15
epoch:36, loss: 0.8878564170428684, other:0.88|0.96|0.92, company:0.46|0.31|0.37, address:0.67|0.32|0.43, date:0.07|0.14|0.10, total:0.26|0.13|0.17
epoch:37, loss: 0.8096605505262102, other:0.87|0.96|0.91, company:0.35|0.43|0.39, address:0.79|0.33|0.47, date:0.12|0.19|0.15, total:0.27|0.11|0.16
epoch:38, loss: 0.8443596783138457, other:0.80|0.97|0.88, company:0.45|0.39|0.42, address:0.80|0.28|0.41, date:0.21|0.10|0.14, total:0.31|0.11|0.16
epoch:39, loss: 0.8110597144989741, other:0.84|0.96|0.90, company:0.35|0.46|0.39, address:0.83|0.30|0.44, date:0.16|0.14|0.15, total:0.30|0.13|0.18
epoch:40, loss: 0.8301546403339931, other:0.84|0.96|0.90, company:0.39|0.45|0.42, address:0.82|0.30|0.44, date:0.15|0.08|0.10, total:0.20|0.11|0.14
epoch:41, loss: 0.7811868338357835, other:0.83|0.97|0.89, company:0.53|0.34|0.41, address:0.72|0.31|0.43, date:0.18|0.13|0.15, total:0.37|0.12|0.18
epoch:42, loss: 0.8969537729308719, other:0.76|0.97|0.85, company:0.61|0.28|0.39, address:0.66|0.20|0.31, date:0.21|0.08|0.11, total:0.30|0.12|0.17
epoch:43, loss: 0.88640547479902, other:0.75|0.97|0.85, company:0.34|0.35|0.34, address:0.77|0.23|0.35, date:0.20|0.06|0.09, total:0.33|0.12|0.17
epoch:44, loss: 0.8861287213507153, other:0.75|0.97|0.84, company:0.50|0.33|0.40, address:0.77|0.20|0.31, date:0.16|0.07|0.10, total:0.28|0.12|0.17
epoch:45, loss: 0.8136578735851107, other:0.78|0.97|0.87, company:0.41|0.36|0.38, address:0.81|0.25|0.38, date:0.15|0.08|0.10, total:0.36|0.12|0.18
epoch:46, loss: 0.8028874851408458, other:0.73|0.97|0.83, company:0.19|0.51|0.27, address:0.89|0.28|0.42, date:0.29|0.09|0.14, total:0.58|0.10|0.17
epoch:47, loss: 0.7831061760584513, other:0.79|0.97|0.87, company:0.53|0.35|0.42, address:0.74|0.27|0.40, date:0.19|0.10|0.13, total:0.42|0.12|0.18
epoch:48, loss: 0.766683026154836, other:0.81|0.97|0.88, company:0.35|0.48|0.41, address:0.87|0.28|0.43, date:0.18|0.10|0.13, total:0.38|0.13|0.19
epoch:49, loss: 0.7672459511529832, other:0.81|0.97|0.88, company:0.42|0.39|0.41, address:0.81|0.30|0.43, date:0.21|0.11|0.15, total:0.42|0.13|0.19
epoch:50, loss: 0.7559778934433347, other:0.81|0.97|0.88, company:0.40|0.44|0.42, address:0.84|0.30|0.45, date:0.19|0.12|0.15, total:0.43|0.12|0.19
epoch:51, loss: 0.7620275168191819, other:0.83|0.97|0.89, company:0.40|0.44|0.42, address:0.84|0.30|0.44, date:0.15|0.12|0.13, total:0.36|0.14|0.20
