epoch:0, loss: 1.3615895059873473, other:0.79|0.93|0.86, company:0.18|0.06|0.09, address:0.51|0.14|0.22, date:0.00|0.00|0.00, total:0.00|0.00|0.00
epoch:1, loss: 1.1828938092825547, other:0.82|0.95|0.88, company:0.00|0.00|0.00, address:0.87|0.18|0.30, date:0.00|0.00|0.00, total:0.00|0.00|0.00
epoch:2, loss: 1.0879458897518661, other:0.75|0.97|0.84, company:0.00|0.00|0.00, address:0.98|0.16|0.27, date:0.00|0.00|0.00, total:0.00|0.00|0.00
epoch:3, loss: 1.0226574506399766, other:0.88|0.96|0.92, company:0.00|0.00|0.00, address:0.88|0.25|0.39, date:0.00|0.00|0.00, total:0.00|0.00|0.00
epoch:4, loss: 1.0281593799591064, other:0.82|0.96|0.89, company:0.00|0.00|0.00, address:0.95|0.20|0.33, date:0.00|0.00|0.00, total:0.00|0.00|0.00
epoch:5, loss: 0.9866228508499434, other:0.88|0.96|0.92, company:0.00|0.00|0.00, address:0.90|0.25|0.39, date:0.00|0.00|0.00, total:0.00|0.05|0.01
epoch:6, loss: 1.108033445646178, other:0.90|0.94|0.92, company:0.00|0.00|0.00, address:0.75|0.26|0.38, date:0.00|0.00|0.00, total:0.01|0.09|0.02
epoch:7, loss: 1.071804308666373, other:0.92|0.95|0.93, company:0.00|0.00|0.00, address:0.77|0.29|0.42, date:0.00|0.00|0.00, total:0.02|0.08|0.03
epoch:8, loss: 1.0845534070482794, other:0.83|0.96|0.89, company:0.00|0.00|0.00, address:0.89|0.20|0.33, date:0.00|0.00|0.00, total:0.03|0.08|0.04
epoch:9, loss: 0.9694886410011435, other:0.83|0.96|0.89, company:0.00|0.00|0.00, address:0.96|0.22|0.36, date:0.00|0.00|0.00, total:0.03|0.07|0.04
epoch:10, loss: 0.9689577176885785, other:0.90|0.96|0.93, company:0.00|0.00|0.00, address:0.90|0.29|0.44, date:0.00|0.00|0.00, total:0.01|0.06|0.01
epoch:11, loss: 0.9203328681441972, other:0.86|0.96|0.91, company:0.00|0.00|0.00, address:0.94|0.25|0.40, date:0.00|0.00|0.00, total:0.05|0.07|0.06
epoch:12, loss: 0.9301383798977114, other:0.86|0.96|0.91, company:0.00|0.00|0.00, address:0.92|0.25|0.40, date:0.00|0.00|0.00, total:0.09|0.07|0.08
epoch:13, loss: 1.1425358045775935, other:0.85|0.93|0.89, company:0.00|0.00|0.00, address:0.60|0.19|0.29, date:0.00|0.00|0.00, total:0.12|0.07|0.09
epoch:14, loss: 1.069151204711986, other:0.84|0.94|0.89, company:0.00|0.00|0.00, address:0.69|0.21|0.32, date:0.00|0.00|0.00, total:0.15|0.08|0.10
epoch:15, loss: 1.0288803273776792, other:0.89|0.95|0.91, company:0.00|0.00|0.00, address:0.75|0.24|0.37, date:0.00|0.00|0.00, total:0.06|0.10|0.08
epoch:16, loss: 0.9583454019618485, other:0.84|0.96|0.90, company:0.00|0.00|0.00, address:0.93|0.22|0.35, date:0.00|0.00|0.00, total:0.05|0.09|0.07
epoch:17, loss: 0.9474779671093203, other:0.82|0.96|0.88, company:0.00|0.00|0.00, address:0.92|0.24|0.38, date:0.00|0.00|0.00, total:0.23|0.08|0.12
epoch:18, loss: 0.9571388037699573, other:0.87|0.96|0.91, company:0.00|0.00|0.00, address:0.88|0.30|0.45, date:0.00|0.00|0.00, total:0.15|0.07|0.09
epoch:19, loss: 0.951390691523282, other:0.85|0.96|0.90, company:0.00|0.00|0.00, address:0.94|0.24|0.39, date:0.00|0.00|0.00, total:0.11|0.09|0.10
epoch:20, loss: 0.9650289191389984, other:0.92|0.95|0.93, company:0.00|0.00|0.00, address:0.81|0.33|0.47, date:0.00|0.00|0.00, total:0.07|0.08|0.08
epoch:21, loss: 0.9659629385426359, other:0.93|0.95|0.94, company:0.00|0.00|0.00, address:0.79|0.33|0.46, date:0.00|0.00|0.00, total:0.02|0.09|0.03
epoch:22, loss: 0.9553763124178041, other:0.83|0.96|0.89, company:0.00|0.00|0.00, address:0.96|0.22|0.35, date:0.00|0.00|0.00, total:0.05|0.07|0.06
epoch:23, loss: 0.9243577415088438, other:0.88|0.96|0.92, company:0.00|0.00|0.00, address:0.89|0.27|0.42, date:0.00|0.00|0.00, total:0.05|0.08|0.06
epoch:24, loss: 0.9003071290142132, other:0.89|0.96|0.92, company:0.00|0.00|0.00, address:0.90|0.29|0.44, date:0.00|0.00|0.00, total:0.08|0.08|0.08
epoch:25, loss: 0.899288368674944, other:0.92|0.95|0.93, company:0.00|0.00|0.00, address:0.84|0.33|0.47, date:0.00|0.13|0.01, total:0.06|0.10|0.08
epoch:26, loss: 0.8866472694109071, other:0.85|0.96|0.90, company:0.00|0.00|0.00, address:0.90|0.29|0.44, date:0.01|0.09|0.01, total:0.27|0.09|0.14
epoch:27, loss: 0.8954376038515343, other:0.89|0.95|0.92, company:0.00|0.00|0.00, address:0.84|0.33|0.47, date:0.03|0.17|0.05, total:0.17|0.09|0.12
epoch:28, loss: 0.9032724443471657, other:0.82|0.96|0.88, company:0.00|0.00|0.00, address:0.91|0.23|0.37, date:0.00|0.04|0.01, total:0.22|0.10|0.14
epoch:29, loss: 0.8675914699176572, other:0.84|0.96|0.90, company:0.00|0.00|0.00, address:0.93|0.26|0.41, date:0.00|0.03|0.01, total:0.23|0.10|0.14
epoch:30, loss: 0.8629270105991723, other:0.84|0.96|0.90, company:0.00|0.00|0.00, address:0.94|0.25|0.40, date:0.00|0.02|0.00, total:0.22|0.10|0.14
epoch:31, loss: 0.8421245239815622, other:0.83|0.97|0.89, company:0.00|0.00|0.00, address:0.94|0.27|0.42, date:0.02|0.11|0.03, total:0.29|0.10|0.15
epoch:32, loss: 0.8290604690335831, other:0.85|0.96|0.90, company:0.00|0.00|0.00, address:0.92|0.31|0.46, date:0.04|0.16|0.06, total:0.29|0.10|0.15
epoch:33, loss: 0.8356031426843608, other:0.82|0.96|0.89, company:0.00|0.00|0.00, address:0.91|0.31|0.47, date:0.06|0.20|0.09, total:0.44|0.10|0.16
epoch:34, loss: 0.8368995886928631, other:0.90|0.96|0.93, company:0.03|0.30|0.05, address:0.87|0.33|0.47, date:0.05|0.21|0.08, total:0.14|0.12|0.13
epoch:35, loss: 0.853883683681488, other:0.89|0.96|0.92, company:0.08|0.38|0.13, address:0.82|0.35|0.49, date:0.09|0.21|0.13, total:0.24|0.10|0.14
epoch:36, loss: 0.9420958588708122, other:0.92|0.95|0.93, company:0.15|0.36|0.21, address:0.68|0.38|0.48, date:0.03|0.17|0.06, total:0.18|0.11|0.13
epoch:37, loss: 0.8858239088418349, other:0.89|0.96|0.92, company:0.05|0.26|0.09, address:0.89|0.30|0.45, date:0.01|0.12|0.02, total:0.13|0.12|0.12
epoch:38, loss: 0.8884402648457941, other:0.83|0.96|0.89, company:0.20|0.27|0.23, address:0.83|0.30|0.44, date:0.08|0.14|0.10, total:0.34|0.10|0.15
epoch:39, loss: 0.8583306591465788, other:0.88|0.96|0.92, company:0.08|0.41|0.13, address:0.83|0.31|0.46, date:0.06|0.21|0.10, total:0.20|0.11|0.14
epoch:0, loss: 1.124745393934704, other:0.91|0.95|0.93, company:0.00|0.00|0.00, address:0.85|0.28|0.43, date:0.00|0.00|0.00, total:0.01|0.11|0.01
epoch:0, loss: 1.3301876311032277, other:0.92|0.94|0.93, company:0.16|0.08|0.11, address:0.51|0.32|0.39, date:0.00|0.00|0.00, total:0.04|0.08|0.05
epoch:1, loss: 1.0988154501285192, other:0.92|0.95|0.94, company:0.00|0.00|0.00, address:0.87|0.31|0.45, date:0.00|0.00|0.00, total:0.00|0.15|0.01
epoch:2, loss: 0.9679288515504801, other:0.89|0.96|0.92, company:0.00|0.00|0.00, address:0.96|0.27|0.42, date:0.00|0.00|0.00, total:0.00|0.00|0.00
epoch:3, loss: 0.8880655922979679, other:0.92|0.96|0.94, company:0.00|0.00|0.00, address:0.92|0.32|0.47, date:0.00|0.00|0.00, total:0.01|0.21|0.02
epoch:4, loss: 0.8432411990075741, other:0.90|0.96|0.93, company:0.00|0.00|0.00, address:0.93|0.32|0.48, date:0.00|0.29|0.01, total:0.12|0.15|0.13
epoch:5, loss: 0.7959437808900509, other:0.91|0.96|0.93, company:0.00|0.00|0.00, address:0.88|0.36|0.51, date:0.06|0.28|0.10, total:0.25|0.16|0.20
epoch:6, loss: 0.7600526517292239, other:0.89|0.96|0.93, company:0.04|0.58|0.08, address:0.92|0.36|0.52, date:0.16|0.25|0.19, total:0.25|0.15|0.18
epoch:7, loss: 0.7908691246554537, other:0.91|0.96|0.93, company:0.22|0.58|0.32, address:0.81|0.41|0.54, date:0.16|0.23|0.19, total:0.28|0.18|0.22
epoch:8, loss: 0.7382443536002681, other:0.89|0.97|0.92, company:0.43|0.57|0.49, address:0.91|0.35|0.51, date:0.23|0.28|0.25, total:0.22|0.17|0.19
epoch:9, loss: 0.6779131450743046, other:0.88|0.97|0.92, company:0.39|0.62|0.48, address:0.93|0.36|0.52, date:0.25|0.26|0.25, total:0.30|0.17|0.22
epoch:10, loss: 0.6975911079712633, other:0.87|0.97|0.92, company:0.62|0.45|0.52, address:0.79|0.36|0.50, date:0.27|0.25|0.26, total:0.41|0.18|0.25
epoch:0, loss: 1.644644743991348, other:0.03|0.87|0.05, company:0.32|0.06|0.10, address:0.06|0.28|0.09, date:0.07|0.04|0.05, total:0.96|0.02|0.04
epoch:1, loss: 1.618563397875372, other:0.04|0.88|0.08, company:0.12|0.08|0.10, address:0.16|0.27|0.20, date:0.06|0.05|0.05, total:0.97|0.02|0.04
