epoch:0, loss: nan, other:1.00|0.89|0.94, company:0.00|0.00|0.00, address:0.00|0.00|0.00, date:0.00|0.00|0.00, total:0.00|0.00|0.00
epoch:1, loss: nan, other:1.00|0.89|0.94, company:0.00|0.00|0.00, address:0.00|0.00|0.00, date:0.00|0.00|0.00, total:0.00|0.00|0.00
epoch:0, loss: 1.4169762269505914, other:0.71|0.96|0.82, company:0.82|0.06|0.10, address:0.12|0.29|0.17, date:0.00|0.00|0.00, total:0.08|0.12|0.09
epoch:1, loss: 1.2104949388863906, other:0.91|0.95|0.93, company:0.08|0.06|0.07, address:0.77|0.32|0.45, date:0.00|0.00|0.00, total:0.01|0.28|0.02
epoch:2, loss: 1.0298107457610797, other:0.93|0.96|0.94, company:0.00|0.03|0.00, address:0.89|0.34|0.49, date:0.00|0.00|0.00, total:0.01|0.20|0.01
epoch:3, loss: 0.92100183918791, other:0.92|0.96|0.94, company:0.00|0.00|0.00, address:0.93|0.32|0.48, date:0.00|0.00|0.00, total:0.01|0.11|0.02
epoch:4, loss: 0.8373149385992086, other:0.90|0.96|0.93, company:0.01|0.18|0.02, address:0.92|0.32|0.48, date:0.00|0.00|0.00, total:0.13|0.15|0.14
epoch:5, loss: 0.7904813750734869, other:0.88|0.96|0.92, company:0.26|0.60|0.36, address:0.93|0.33|0.49, date:0.00|0.00|0.00, total:0.34|0.15|0.21
epoch:6, loss: 0.7419467883289985, other:0.90|0.96|0.93, company:0.26|0.59|0.36, address:0.91|0.37|0.53, date:0.00|0.00|0.00, total:0.28|0.17|0.22
epoch:7, loss: 0.711487058198677, other:0.87|0.97|0.92, company:0.56|0.46|0.51, address:0.83|0.35|0.49, date:0.01|0.16|0.02, total:0.43|0.16|0.23
epoch:8, loss: 0.6903227320257223, other:0.88|0.97|0.92, company:0.51|0.55|0.53, address:0.87|0.36|0.51, date:0.13|0.26|0.17, total:0.35|0.18|0.24
epoch:9, loss: 0.6642092725016037, other:0.90|0.97|0.93, company:0.47|0.66|0.55, address:0.88|0.42|0.57, date:0.21|0.26|0.23, total:0.37|0.21|0.26
epoch:10, loss: 0.6386167935605319, other:0.89|0.97|0.93, company:0.52|0.57|0.54, address:0.91|0.37|0.52, date:0.21|0.28|0.24, total:0.34|0.22|0.27
epoch:11, loss: 0.6320935701424221, other:0.89|0.97|0.93, company:0.65|0.50|0.56, address:0.84|0.37|0.51, date:0.24|0.24|0.24, total:0.26|0.23|0.24
epoch:12, loss: 0.6166769980259661, other:0.86|0.97|0.91, company:0.71|0.46|0.56, address:0.82|0.35|0.49, date:0.28|0.24|0.26, total:0.43|0.21|0.28
epoch:13, loss: 0.6084617696843058, other:0.88|0.97|0.92, company:0.53|0.62|0.57, address:0.89|0.41|0.56, date:0.35|0.23|0.28, total:0.38|0.20|0.26
epoch:14, loss: 0.6120848852508473, other:0.88|0.97|0.92, company:0.60|0.54|0.57, address:0.87|0.41|0.56, date:0.33|0.25|0.28, total:0.41|0.20|0.27
epoch:15, loss: 0.5874579357651045, other:0.84|0.98|0.90, company:0.64|0.53|0.58, address:0.86|0.38|0.52, date:0.40|0.25|0.31, total:0.58|0.18|0.27
epoch:16, loss: 0.5807319007954508, other:0.86|0.97|0.91, company:0.70|0.55|0.62, address:0.87|0.39|0.54, date:0.40|0.24|0.30, total:0.45|0.20|0.28
epoch:17, loss: 0.5933249733358059, other:0.84|0.98|0.90, company:0.72|0.45|0.55, address:0.83|0.36|0.50, date:0.38|0.25|0.30, total:0.58|0.19|0.28
epoch:18, loss: 0.5814386122631576, other:0.89|0.97|0.93, company:0.48|0.64|0.55, address:0.90|0.44|0.59, date:0.36|0.23|0.28, total:0.43|0.21|0.29
epoch:19, loss: 0.5906470648522647, other:0.88|0.97|0.92, company:0.75|0.40|0.52, address:0.76|0.38|0.50, date:0.38|0.27|0.31, total:0.38|0.24|0.29
epoch:20, loss: 0.5608764453878943, other:0.86|0.98|0.92, company:0.69|0.47|0.56, address:0.83|0.39|0.53, date:0.43|0.23|0.30, total:0.49|0.23|0.31
epoch:21, loss: 0.5679814922359755, other:0.88|0.97|0.92, company:0.55|0.61|0.58, address:0.91|0.42|0.57, date:0.36|0.23|0.28, total:0.36|0.22|0.27
epoch:22, loss: 0.5534580681683883, other:0.87|0.97|0.92, company:0.72|0.52|0.60, address:0.85|0.43|0.57, date:0.40|0.25|0.31, total:0.48|0.22|0.30
epoch:23, loss: 0.5452905151079286, other:0.85|0.98|0.91, company:0.63|0.61|0.62, address:0.91|0.40|0.56, date:0.46|0.23|0.30, total:0.53|0.19|0.28
epoch:24, loss: 0.5654167830944061, other:0.84|0.98|0.91, company:0.48|0.60|0.53, address:0.95|0.37|0.53, date:0.46|0.22|0.30, total:0.51|0.20|0.29
epoch:25, loss: 0.5666064406340977, other:0.88|0.97|0.92, company:0.73|0.50|0.60, address:0.85|0.42|0.56, date:0.37|0.25|0.30, total:0.39|0.22|0.29
epoch:26, loss: 0.5414074957370758, other:0.86|0.98|0.92, company:0.67|0.57|0.61, address:0.89|0.42|0.57, date:0.43|0.25|0.32, total:0.54|0.21|0.30
epoch:27, loss: 0.5426847861622864, other:0.83|0.98|0.90, company:0.74|0.53|0.62, address:0.85|0.39|0.54, date:0.48|0.21|0.30, total:0.61|0.18|0.28
epoch:28, loss: 0.5286715053162485, other:0.86|0.98|0.91, company:0.65|0.60|0.62, address:0.91|0.41|0.57, date:0.46|0.21|0.29, total:0.48|0.21|0.30
epoch:29, loss: 0.5555501574615263, other:0.88|0.97|0.92, company:0.70|0.49|0.57, address:0.81|0.44|0.57, date:0.48|0.24|0.32, total:0.44|0.21|0.29
epoch:30, loss: 0.5411687167185657, other:0.87|0.97|0.92, company:0.71|0.53|0.61, address:0.83|0.43|0.57, date:0.46|0.24|0.32, total:0.48|0.21|0.29
epoch:31, loss: 0.544229157690732, other:0.86|0.98|0.91, company:0.79|0.52|0.63, address:0.83|0.40|0.54, date:0.44|0.23|0.31, total:0.55|0.21|0.30
epoch:32, loss: 0.5255389101100418, other:0.86|0.98|0.92, company:0.65|0.60|0.63, address:0.88|0.42|0.57, date:0.48|0.23|0.31, total:0.50|0.21|0.29
epoch:33, loss: 0.525869220495224, other:0.84|0.98|0.91, company:0.60|0.62|0.61, address:0.92|0.41|0.57, date:0.53|0.20|0.29, total:0.52|0.20|0.29
epoch:34, loss: 0.5285521200243032, other:0.85|0.98|0.91, company:0.73|0.53|0.61, address:0.86|0.41|0.55, date:0.48|0.23|0.31, total:0.56|0.20|0.30
epoch:35, loss: 0.5124670587620646, other:0.83|0.98|0.90, company:0.71|0.60|0.65, address:0.91|0.43|0.58, date:0.50|0.22|0.31, total:0.67|0.19|0.29
epoch:36, loss: 0.5220353850778544, other:0.85|0.98|0.91, company:0.57|0.67|0.62, address:0.94|0.40|0.56, date:0.53|0.23|0.32, total:0.53|0.22|0.31
epoch:37, loss: 0.5220317655014541, other:0.88|0.98|0.92, company:0.65|0.63|0.64, address:0.89|0.43|0.58, date:0.49|0.27|0.35, total:0.48|0.23|0.31
epoch:38, loss: 0.5091128596719706, other:0.86|0.98|0.92, company:0.64|0.71|0.67, address:0.92|0.43|0.59, date:0.50|0.24|0.32, total:0.54|0.21|0.30
epoch:39, loss: 0.5130306707238251, other:0.86|0.98|0.91, company:0.71|0.63|0.67, address:0.91|0.42|0.58, date:0.53|0.22|0.31, total:0.50|0.23|0.31
epoch:40, loss: 0.5072529225979211, other:0.85|0.98|0.91, company:0.63|0.68|0.65, address:0.94|0.42|0.58, date:0.51|0.23|0.32, total:0.61|0.20|0.30
epoch:41, loss: 0.5111582380420757, other:0.85|0.98|0.91, company:0.55|0.71|0.62, address:0.94|0.42|0.58, date:0.56|0.21|0.30, total:0.56|0.22|0.32
epoch:42, loss: 0.506461352672217, other:0.86|0.98|0.91, company:0.80|0.56|0.66, address:0.85|0.44|0.58, date:0.48|0.24|0.32, total:0.59|0.21|0.31
epoch:43, loss: 0.4959356953512947, other:0.85|0.98|0.91, company:0.62|0.68|0.65, address:0.92|0.44|0.60, date:0.53|0.21|0.30, total:0.60|0.22|0.32
epoch:44, loss: 0.5077586820665395, other:0.86|0.98|0.91, company:0.69|0.66|0.67, address:0.93|0.40|0.56, date:0.54|0.23|0.32, total:0.46|0.23|0.31
epoch:45, loss: 0.5075812828990648, other:0.86|0.98|0.92, company:0.82|0.54|0.65, address:0.84|0.43|0.57, date:0.49|0.26|0.34, total:0.59|0.23|0.33
epoch:46, loss: 0.4864144347748666, other:0.82|0.98|0.90, company:0.69|0.65|0.67, address:0.92|0.43|0.59, date:0.55|0.23|0.33, total:0.74|0.18|0.28
epoch:47, loss: 0.505726547736042, other:0.86|0.98|0.91, company:0.77|0.58|0.66, address:0.87|0.43|0.57, date:0.51|0.22|0.31, total:0.55|0.23|0.32
epoch:48, loss: 0.49974190851427475, other:0.85|0.98|0.91, company:0.64|0.66|0.65, address:0.93|0.43|0.59, date:0.53|0.23|0.32, total:0.58|0.21|0.31
epoch:49, loss: 0.5115939305638367, other:0.84|0.98|0.90, company:0.72|0.59|0.65, address:0.92|0.41|0.57, date:0.59|0.19|0.29, total:0.47|0.22|0.30
epoch:50, loss: 0.5025183901471911, other:0.84|0.98|0.91, company:0.62|0.64|0.63, address:0.91|0.44|0.59, date:0.56|0.22|0.32, total:0.63|0.20|0.30
epoch:51, loss: 0.5122484699735101, other:0.84|0.98|0.91, company:0.55|0.70|0.62, address:0.95|0.41|0.57, date:0.57|0.19|0.29, total:0.53|0.23|0.32
epoch:52, loss: 0.5000404271314729, other:0.86|0.98|0.92, company:0.71|0.61|0.66, address:0.89|0.43|0.58, date:0.53|0.24|0.33, total:0.51|0.23|0.31
epoch:53, loss: 0.4762682948472365, other:0.84|0.98|0.90, company:0.65|0.69|0.67, address:0.94|0.43|0.59, date:0.59|0.24|0.34, total:0.70|0.20|0.31
epoch:54, loss: 0.4851914824179883, other:0.84|0.98|0.90, company:0.68|0.67|0.67, address:0.93|0.44|0.59, date:0.60|0.22|0.32, total:0.62|0.21|0.31
epoch:55, loss: 0.47703453617275887, other:0.86|0.98|0.92, company:0.72|0.64|0.68, address:0.91|0.44|0.59, date:0.53|0.26|0.35, total:0.59|0.22|0.32
epoch:56, loss: 0.4827466612716891, other:0.86|0.98|0.92, company:0.77|0.60|0.67, address:0.88|0.45|0.60, date:0.54|0.24|0.33, total:0.57|0.22|0.32
epoch:57, loss: 0.48879946402783664, other:0.84|0.98|0.90, company:0.60|0.69|0.64, address:0.94|0.45|0.61, date:0.56|0.22|0.32, total:0.70|0.19|0.30
epoch:58, loss: 0.4893742214958623, other:0.85|0.98|0.91, company:0.76|0.58|0.66, address:0.89|0.43|0.58, date:0.54|0.25|0.34, total:0.64|0.21|0.31
epoch:59, loss: 0.4968939654107364, other:0.87|0.98|0.92, company:0.74|0.60|0.66, address:0.88|0.45|0.60, date:0.56|0.24|0.34, total:0.56|0.24|0.33
epoch:60, loss: 0.49834740443049735, other:0.86|0.98|0.92, company:0.79|0.57|0.66, address:0.86|0.43|0.58, date:0.53|0.25|0.34, total:0.52|0.22|0.31
epoch:61, loss: 0.4840933596188167, other:0.86|0.98|0.91, company:0.63|0.67|0.65, address:0.92|0.45|0.60, date:0.55|0.24|0.33, total:0.61|0.21|0.31
epoch:62, loss: 0.5011446459113427, other:0.87|0.98|0.92, company:0.71|0.63|0.67, address:0.88|0.45|0.60, date:0.54|0.25|0.34, total:0.57|0.23|0.32
epoch:63, loss: 0.4881028696051184, other:0.85|0.98|0.91, company:0.77|0.61|0.68, address:0.88|0.44|0.59, date:0.55|0.24|0.34, total:0.65|0.20|0.31
epoch:64, loss: 0.49806788451266737, other:0.86|0.98|0.91, company:0.81|0.58|0.67, address:0.84|0.43|0.57, date:0.56|0.26|0.35, total:0.61|0.22|0.32
epoch:65, loss: 0.48841907955565544, other:0.83|0.98|0.90, company:0.70|0.62|0.66, address:0.89|0.44|0.59, date:0.59|0.24|0.34, total:0.74|0.19|0.30
epoch:66, loss: 0.4989193554194468, other:0.85|0.98|0.91, company:0.79|0.58|0.67, address:0.85|0.44|0.58, date:0.55|0.24|0.33, total:0.60|0.21|0.31
epoch:67, loss: 0.4937481570918605, other:0.85|0.98|0.91, company:0.84|0.53|0.65, address:0.81|0.47|0.59, date:0.56|0.23|0.33, total:0.68|0.20|0.31
epoch:68, loss: 0.49008904313141444, other:0.86|0.98|0.91, company:0.77|0.57|0.66, address:0.85|0.45|0.59, date:0.55|0.25|0.34, total:0.63|0.21|0.31
epoch:69, loss: 0.5058552768995177, other:0.86|0.98|0.92, company:0.59|0.68|0.63, address:0.94|0.44|0.60, date:0.58|0.24|0.34, total:0.53|0.22|0.31
epoch:70, loss: 0.4700660564989414, other:0.85|0.98|0.91, company:0.68|0.64|0.66, address:0.93|0.44|0.60, date:0.58|0.26|0.36, total:0.63|0.21|0.31
epoch:71, loss: 0.4763990342617035, other:0.86|0.98|0.91, company:0.73|0.59|0.65, address:0.90|0.44|0.59, date:0.57|0.26|0.36, total:0.57|0.22|0.32
epoch:72, loss: 0.46995101447375315, other:0.83|0.98|0.90, company:0.71|0.67|0.69, address:0.92|0.43|0.58, date:0.61|0.24|0.34, total:0.72|0.19|0.30
epoch:73, loss: 0.4586548091105695, other:0.85|0.98|0.91, company:0.78|0.64|0.70, address:0.91|0.44|0.60, date:0.58|0.26|0.36, total:0.61|0.21|0.31
epoch:74, loss: 0.46349887184376987, other:0.86|0.98|0.92, company:0.75|0.63|0.68, address:0.91|0.45|0.60, date:0.60|0.27|0.37, total:0.55|0.23|0.32
epoch:75, loss: 0.4921448680589784, other:0.86|0.98|0.92, company:0.81|0.55|0.65, address:0.87|0.43|0.57, date:0.54|0.29|0.37, total:0.56|0.23|0.32
epoch:76, loss: 0.4795665982759224, other:0.86|0.98|0.92, company:0.73|0.65|0.68, address:0.92|0.42|0.58, date:0.59|0.28|0.38, total:0.53|0.23|0.32
epoch:77, loss: 0.48465456490246756, other:0.85|0.98|0.91, company:0.81|0.57|0.67, address:0.87|0.43|0.57, date:0.55|0.27|0.36, total:0.63|0.20|0.31
epoch:78, loss: 0.4551400143020558, other:0.85|0.98|0.91, company:0.77|0.63|0.69, address:0.91|0.46|0.61, date:0.61|0.25|0.36, total:0.66|0.20|0.31
epoch:79, loss: 0.47124059751348674, other:0.85|0.98|0.91, company:0.79|0.57|0.67, address:0.87|0.44|0.58, date:0.60|0.25|0.35, total:0.62|0.21|0.31
epoch:80, loss: 0.45953829333467305, other:0.86|0.98|0.92, company:0.70|0.67|0.69, address:0.93|0.43|0.59, date:0.59|0.26|0.36, total:0.53|0.24|0.33
epoch:81, loss: 0.4668517568201389, other:0.86|0.98|0.92, company:0.76|0.62|0.68, address:0.90|0.43|0.59, date:0.59|0.25|0.35, total:0.50|0.24|0.32
epoch:82, loss: 0.45989656504595056, other:0.86|0.98|0.91, company:0.64|0.66|0.65, address:0.93|0.46|0.62, date:0.60|0.24|0.34, total:0.63|0.22|0.33
epoch:83, loss: 0.4587566009107626, other:0.84|0.98|0.90, company:0.83|0.58|0.69, address:0.88|0.44|0.59, date:0.61|0.24|0.35, total:0.70|0.20|0.31
epoch:84, loss: 0.4494299832380043, other:0.85|0.98|0.91, company:0.76|0.66|0.71, address:0.92|0.45|0.60, date:0.64|0.26|0.37, total:0.60|0.23|0.33
epoch:85, loss: 0.4460060624581463, other:0.84|0.98|0.90, company:0.70|0.68|0.69, address:0.94|0.45|0.60, date:0.63|0.25|0.36, total:0.72|0.20|0.31
epoch:86, loss: 0.4558173828529862, other:0.85|0.98|0.91, company:0.69|0.65|0.67, address:0.93|0.44|0.60, date:0.65|0.23|0.34, total:0.59|0.23|0.33
epoch:87, loss: 0.45145296319475714, other:0.82|0.99|0.90, company:0.77|0.59|0.67, address:0.90|0.44|0.59, date:0.68|0.23|0.35, total:0.77|0.20|0.32
epoch:88, loss: 0.4624620799748403, other:0.84|0.98|0.91, company:0.79|0.59|0.68, address:0.88|0.42|0.57, date:0.62|0.25|0.35, total:0.68|0.21|0.33
epoch:89, loss: 0.4648309648036957, other:0.82|0.99|0.89, company:0.65|0.65|0.65, address:0.93|0.42|0.58, date:0.62|0.23|0.33, total:0.77|0.19|0.30
epoch:90, loss: 0.45988436015147083, other:0.86|0.98|0.92, company:0.74|0.60|0.66, address:0.89|0.44|0.59, date:0.60|0.28|0.38, total:0.67|0.22|0.34
epoch:91, loss: 0.47017973380268746, other:0.83|0.98|0.90, company:0.80|0.60|0.69, address:0.89|0.42|0.57, date:0.62|0.23|0.34, total:0.68|0.21|0.32
epoch:92, loss: 0.45437380165423985, other:0.83|0.99|0.90, company:0.63|0.67|0.65, address:0.94|0.45|0.61, date:0.68|0.24|0.35, total:0.74|0.20|0.32
epoch:93, loss: 0.45538548253617195, other:0.83|0.99|0.90, company:0.71|0.60|0.65, address:0.91|0.44|0.59, date:0.67|0.23|0.35, total:0.73|0.21|0.33
epoch:94, loss: 0.4582040338021404, other:0.83|0.98|0.90, company:0.68|0.67|0.67, address:0.93|0.43|0.59, date:0.66|0.24|0.35, total:0.72|0.19|0.30
epoch:95, loss: 0.4469500628282439, other:0.85|0.98|0.91, company:0.75|0.64|0.69, address:0.92|0.45|0.60, date:0.59|0.26|0.36, total:0.72|0.21|0.33
epoch:96, loss: 0.45585193217925307, other:0.84|0.98|0.91, company:0.73|0.65|0.69, address:0.91|0.43|0.58, date:0.61|0.27|0.38, total:0.70|0.21|0.32
epoch:97, loss: 0.45392118141336263, other:0.84|0.98|0.91, company:0.72|0.64|0.68, address:0.92|0.43|0.59, date:0.67|0.25|0.36, total:0.69|0.22|0.33
epoch:98, loss: 0.44136009407493304, other:0.84|0.99|0.90, company:0.71|0.67|0.69, address:0.92|0.46|0.61, date:0.65|0.26|0.37, total:0.77|0.20|0.31
epoch:99, loss: 0.4451373264474689, other:0.83|0.99|0.90, company:0.71|0.64|0.67, address:0.91|0.45|0.61, date:0.67|0.25|0.36, total:0.77|0.20|0.32
epoch:100, loss: 0.451471727411702, other:0.83|0.99|0.90, company:0.77|0.59|0.67, address:0.90|0.43|0.58, date:0.65|0.25|0.36, total:0.77|0.20|0.32
epoch:101, loss: 0.44873122730345094, other:0.84|0.98|0.91, company:0.69|0.66|0.67, address:0.94|0.45|0.61, date:0.64|0.25|0.36, total:0.70|0.22|0.33
epoch:102, loss: 0.4566225876223366, other:0.84|0.98|0.91, company:0.68|0.62|0.65, address:0.92|0.44|0.59, date:0.64|0.26|0.37, total:0.70|0.22|0.33
epoch:103, loss: 0.4550741624157384, other:0.85|0.98|0.91, company:0.79|0.60|0.68, address:0.91|0.44|0.59, date:0.65|0.25|0.36, total:0.62|0.23|0.33
epoch:104, loss: 0.43962485497852544, other:0.84|0.99|0.90, company:0.81|0.60|0.69, address:0.89|0.49|0.63, date:0.66|0.26|0.37, total:0.78|0.20|0.31
epoch:105, loss: 0.4483801688788072, other:0.85|0.98|0.91, company:0.74|0.64|0.68, address:0.92|0.45|0.60, date:0.64|0.27|0.39, total:0.70|0.22|0.34
epoch:106, loss: 0.4546299987244156, other:0.83|0.99|0.90, company:0.63|0.68|0.65, address:0.96|0.42|0.59, date:0.65|0.25|0.36, total:0.77|0.21|0.33
epoch:107, loss: 0.45385201922002827, other:0.81|0.99|0.89, company:0.76|0.58|0.66, address:0.90|0.44|0.60, date:0.65|0.21|0.32, total:0.80|0.19|0.31
epoch:108, loss: 0.454648956375302, other:0.84|0.98|0.90, company:0.70|0.62|0.66, address:0.92|0.45|0.60, date:0.64|0.24|0.35, total:0.71|0.20|0.32
epoch:109, loss: 0.45094053025515574, other:0.84|0.98|0.91, company:0.74|0.61|0.67, address:0.91|0.45|0.60, date:0.61|0.25|0.36, total:0.73|0.20|0.32
epoch:110, loss: 0.43819256829765607, other:0.85|0.98|0.91, company:0.76|0.66|0.70, address:0.91|0.47|0.62, date:0.67|0.26|0.37, total:0.68|0.21|0.33
epoch:111, loss: 0.4365625516423639, other:0.85|0.98|0.91, company:0.73|0.66|0.69, address:0.92|0.45|0.60, date:0.61|0.26|0.37, total:0.68|0.22|0.34
epoch:112, loss: 0.4408601443722563, other:0.85|0.98|0.91, company:0.79|0.63|0.70, address:0.91|0.44|0.59, date:0.58|0.26|0.36, total:0.68|0.21|0.33
epoch:113, loss: 0.4427835558945278, other:0.84|0.98|0.91, company:0.73|0.68|0.70, address:0.91|0.48|0.63, date:0.63|0.25|0.36, total:0.76|0.20|0.32
epoch:114, loss: 0.4449124662381298, other:0.83|0.98|0.90, company:0.74|0.63|0.68, address:0.92|0.44|0.59, date:0.61|0.26|0.36, total:0.73|0.20|0.32
epoch:115, loss: 0.4359567182243995, other:0.86|0.98|0.91, company:0.75|0.66|0.71, address:0.92|0.46|0.62, date:0.62|0.26|0.37, total:0.64|0.22|0.33
epoch:116, loss: 0.44127103461409517, other:0.84|0.98|0.91, company:0.82|0.60|0.69, address:0.88|0.47|0.62, date:0.66|0.24|0.35, total:0.71|0.21|0.33
epoch:117, loss: 0.43708920759974784, other:0.85|0.98|0.91, company:0.78|0.65|0.70, address:0.90|0.49|0.63, date:0.60|0.26|0.37, total:0.70|0.20|0.31
epoch:118, loss: 0.44010758849809756, other:0.84|0.98|0.91, company:0.84|0.59|0.69, address:0.89|0.46|0.61, date:0.61|0.26|0.37, total:0.73|0.20|0.31
epoch:119, loss: 0.4417896383213547, other:0.85|0.98|0.91, company:0.80|0.61|0.69, address:0.89|0.45|0.60, date:0.62|0.27|0.37, total:0.65|0.21|0.32
epoch:120, loss: 0.4349714348900993, other:0.86|0.98|0.92, company:0.82|0.64|0.72, address:0.89|0.48|0.62, date:0.62|0.28|0.38, total:0.68|0.23|0.35
epoch:121, loss: 0.4338476719721308, other:0.83|0.99|0.90, company:0.74|0.71|0.72, address:0.93|0.46|0.61, date:0.67|0.26|0.38, total:0.78|0.20|0.31
epoch:122, loss: 0.4362200633534845, other:0.84|0.98|0.91, company:0.81|0.62|0.70, address:0.90|0.46|0.61, date:0.64|0.29|0.40, total:0.77|0.20|0.32
epoch:123, loss: 0.4477232683379695, other:0.86|0.98|0.92, company:0.80|0.60|0.68, address:0.89|0.46|0.61, date:0.61|0.32|0.42, total:0.70|0.22|0.34
epoch:124, loss: 0.44509477660341085, other:0.83|0.99|0.90, company:0.74|0.68|0.70, address:0.92|0.44|0.60, date:0.67|0.24|0.35, total:0.74|0.20|0.32
epoch:125, loss: 0.4334980727366681, other:0.83|0.99|0.90, company:0.77|0.63|0.69, address:0.90|0.46|0.61, date:0.65|0.28|0.39, total:0.78|0.19|0.30
epoch:126, loss: 0.438841442454536, other:0.84|0.99|0.91, company:0.69|0.67|0.68, address:0.93|0.45|0.61, date:0.68|0.25|0.37, total:0.73|0.20|0.31
epoch:127, loss: 0.4282380005098739, other:0.85|0.98|0.91, company:0.74|0.64|0.69, address:0.91|0.48|0.63, date:0.68|0.25|0.37, total:0.66|0.21|0.32
epoch:128, loss: 0.42967001222214607, other:0.85|0.98|0.91, company:0.76|0.66|0.71, address:0.90|0.48|0.63, date:0.65|0.29|0.40, total:0.76|0.21|0.33
epoch:129, loss: 0.42740571273947664, other:0.84|0.98|0.91, company:0.79|0.64|0.71, address:0.90|0.46|0.61, date:0.66|0.26|0.37, total:0.75|0.21|0.32
epoch:130, loss: 0.4370456467259605, other:0.86|0.98|0.92, company:0.80|0.59|0.68, address:0.87|0.45|0.59, date:0.65|0.30|0.41, total:0.68|0.23|0.35
epoch:131, loss: 0.42859192558054654, other:0.84|0.99|0.91, company:0.77|0.63|0.69, address:0.89|0.45|0.60, date:0.65|0.28|0.39, total:0.76|0.21|0.32
epoch:132, loss: 0.4306212809850585, other:0.85|0.98|0.91, company:0.70|0.71|0.70, address:0.94|0.45|0.60, date:0.67|0.28|0.40, total:0.72|0.21|0.33
epoch:133, loss: 0.4257160655732425, other:0.84|0.99|0.91, company:0.73|0.68|0.70, address:0.93|0.46|0.62, date:0.70|0.26|0.38, total:0.71|0.22|0.33
epoch:134, loss: 0.42830157954737824, other:0.85|0.98|0.91, company:0.70|0.67|0.69, address:0.93|0.48|0.63, date:0.66|0.28|0.39, total:0.75|0.20|0.32
epoch:135, loss: 0.4382010568987648, other:0.84|0.98|0.91, company:0.75|0.66|0.70, address:0.92|0.46|0.61, date:0.69|0.25|0.37, total:0.71|0.21|0.33
epoch:136, loss: 0.4290695544683708, other:0.85|0.98|0.91, company:0.74|0.67|0.71, address:0.92|0.48|0.63, date:0.69|0.25|0.37, total:0.68|0.21|0.33
epoch:137, loss: 0.43614295743546394, other:0.87|0.98|0.92, company:0.79|0.63|0.70, address:0.90|0.48|0.62, date:0.65|0.29|0.40, total:0.61|0.23|0.34
epoch:138, loss: 0.4356643709371675, other:0.87|0.98|0.92, company:0.82|0.62|0.70, address:0.88|0.48|0.62, date:0.58|0.32|0.41, total:0.63|0.22|0.32
epoch:139, loss: 0.42792159825001125, other:0.86|0.98|0.92, company:0.76|0.66|0.71, address:0.92|0.45|0.61, date:0.69|0.28|0.40, total:0.63|0.23|0.34
epoch:140, loss: 0.4420317602607439, other:0.85|0.98|0.91, company:0.79|0.57|0.66, address:0.88|0.44|0.59, date:0.66|0.28|0.40, total:0.66|0.22|0.33
epoch:141, loss: 0.4325633183965143, other:0.83|0.99|0.90, company:0.68|0.69|0.69, address:0.94|0.45|0.61, date:0.71|0.25|0.37, total:0.74|0.20|0.31
epoch:142, loss: 0.4336323535667275, other:0.85|0.98|0.91, company:0.63|0.68|0.66, address:0.93|0.47|0.62, date:0.72|0.26|0.38, total:0.70|0.21|0.32
epoch:143, loss: 0.43103041682603227, other:0.86|0.98|0.92, company:0.67|0.73|0.70, address:0.93|0.47|0.62, date:0.72|0.27|0.39, total:0.65|0.23|0.34
epoch:144, loss: 0.42223414216401445, other:0.84|0.99|0.91, company:0.71|0.72|0.72, address:0.93|0.49|0.64, date:0.69|0.28|0.40, total:0.76|0.20|0.31
epoch:145, loss: 0.42851109549684346, other:0.84|0.99|0.91, company:0.72|0.68|0.70, address:0.91|0.48|0.63, date:0.69|0.28|0.40, total:0.78|0.19|0.31
epoch:146, loss: 0.4160270460371701, other:0.85|0.99|0.91, company:0.73|0.70|0.71, address:0.93|0.48|0.63, date:0.68|0.29|0.40, total:0.74|0.20|0.32
epoch:147, loss: 0.42457874934628326, other:0.84|0.98|0.91, company:0.76|0.67|0.71, address:0.93|0.45|0.60, date:0.66|0.29|0.40, total:0.71|0.21|0.32
epoch:148, loss: 0.4275041678041782, other:0.83|0.99|0.90, company:0.69|0.74|0.71, address:0.94|0.46|0.62, date:0.70|0.26|0.38, total:0.80|0.19|0.30
epoch:149, loss: 0.42569425983249015, other:0.83|0.99|0.90, company:0.73|0.70|0.72, address:0.94|0.46|0.62, date:0.66|0.26|0.38, total:0.80|0.18|0.30
epoch:150, loss: 0.4310465263870527, other:0.85|0.98|0.91, company:0.83|0.59|0.69, address:0.87|0.47|0.61, date:0.64|0.29|0.40, total:0.71|0.21|0.32
epoch:151, loss: 0.4279902363723179, other:0.86|0.98|0.91, company:0.73|0.66|0.69, address:0.93|0.47|0.62, date:0.66|0.27|0.38, total:0.65|0.22|0.33
epoch:152, loss: 0.4218643234585816, other:0.83|0.99|0.90, company:0.77|0.68|0.72, address:0.93|0.48|0.63, date:0.66|0.27|0.38, total:0.80|0.18|0.30
epoch:153, loss: 0.43467985852709357, other:0.83|0.99|0.90, company:0.71|0.70|0.70, address:0.94|0.45|0.61, date:0.72|0.23|0.35, total:0.71|0.20|0.32
epoch:154, loss: 0.430635559109022, other:0.83|0.99|0.90, company:0.68|0.73|0.70, address:0.95|0.47|0.63, date:0.71|0.23|0.35, total:0.74|0.20|0.31
epoch:155, loss: 0.41329506770619806, other:0.84|0.99|0.91, company:0.73|0.73|0.73, address:0.95|0.48|0.64, date:0.70|0.26|0.38, total:0.75|0.20|0.32
epoch:156, loss: 0.4128101591793996, other:0.87|0.98|0.92, company:0.80|0.67|0.73, address:0.91|0.50|0.65, date:0.69|0.29|0.41, total:0.66|0.24|0.35
epoch:157, loss: 0.43615065993003127, other:0.84|0.99|0.91, company:0.61|0.73|0.66, address:0.94|0.48|0.64, date:0.68|0.27|0.39, total:0.79|0.19|0.30
epoch:158, loss: 0.42260217722856774, other:0.86|0.98|0.92, company:0.75|0.66|0.70, address:0.91|0.49|0.63, date:0.65|0.30|0.41, total:0.68|0.21|0.32
epoch:159, loss: 0.4194218853734574, other:0.85|0.99|0.91, company:0.73|0.68|0.71, address:0.93|0.47|0.63, date:0.68|0.28|0.40, total:0.72|0.21|0.32
epoch:160, loss: 0.41648762799658867, other:0.85|0.98|0.91, company:0.73|0.67|0.70, address:0.93|0.48|0.63, date:0.67|0.29|0.40, total:0.75|0.20|0.32
epoch:161, loss: 0.4253415847724339, other:0.84|0.99|0.90, company:0.66|0.67|0.67, address:0.95|0.47|0.63, date:0.67|0.30|0.41, total:0.79|0.18|0.30
epoch:162, loss: 0.41508628905944106, other:0.86|0.98|0.92, company:0.70|0.70|0.70, address:0.93|0.50|0.65, date:0.66|0.29|0.40, total:0.67|0.22|0.33
epoch:163, loss: 0.40596274890989625, other:0.86|0.98|0.92, company:0.80|0.67|0.73, address:0.91|0.49|0.64, date:0.68|0.30|0.42, total:0.73|0.22|0.33
epoch:164, loss: 0.4168685424440312, other:0.84|0.99|0.91, company:0.73|0.70|0.72, address:0.94|0.49|0.64, date:0.70|0.28|0.40, total:0.78|0.20|0.32
epoch:165, loss: 0.41711794599047247, other:0.83|0.99|0.90, company:0.76|0.65|0.70, address:0.93|0.46|0.61, date:0.71|0.26|0.38, total:0.78|0.20|0.32
epoch:166, loss: 0.41846826278938437, other:0.84|0.99|0.91, company:0.78|0.62|0.69, address:0.90|0.50|0.64, date:0.74|0.26|0.39, total:0.74|0.20|0.32
epoch:167, loss: 0.4147813280798354, other:0.83|0.99|0.90, company:0.69|0.69|0.69, address:0.95|0.47|0.63, date:0.75|0.25|0.37, total:0.76|0.20|0.32
epoch:168, loss: 0.40612187700451546, other:0.86|0.98|0.92, company:0.80|0.68|0.73, address:0.92|0.48|0.63, date:0.68|0.30|0.42, total:0.71|0.21|0.33
epoch:169, loss: 0.40672322995257826, other:0.84|0.99|0.91, company:0.72|0.70|0.71, address:0.94|0.49|0.64, date:0.74|0.27|0.39, total:0.79|0.20|0.32
epoch:170, loss: 0.4206978982349612, other:0.85|0.99|0.91, company:0.71|0.72|0.71, address:0.94|0.48|0.64, date:0.73|0.26|0.38, total:0.70|0.21|0.32
epoch:171, loss: 0.4199116252503305, other:0.84|0.99|0.91, company:0.69|0.69|0.69, address:0.93|0.49|0.64, date:0.74|0.26|0.38, total:0.74|0.19|0.31
epoch:172, loss: 0.41117127886358296, other:0.84|0.99|0.91, company:0.73|0.70|0.72, address:0.92|0.49|0.64, date:0.70|0.28|0.40, total:0.77|0.20|0.32
epoch:173, loss: 0.4261976621061001, other:0.84|0.99|0.91, company:0.57|0.73|0.64, address:0.95|0.46|0.62, date:0.74|0.26|0.38, total:0.76|0.20|0.32
epoch:174, loss: 0.40399985718277265, other:0.84|0.99|0.91, company:0.76|0.68|0.72, address:0.93|0.48|0.63, date:0.74|0.27|0.40, total:0.78|0.21|0.33
epoch:175, loss: 0.413215789030183, other:0.84|0.99|0.91, company:0.73|0.71|0.72, address:0.94|0.46|0.62, date:0.70|0.28|0.40, total:0.75|0.20|0.32
epoch:176, loss: 0.4137029957096532, other:0.85|0.99|0.91, company:0.81|0.65|0.72, address:0.91|0.48|0.63, date:0.68|0.28|0.40, total:0.71|0.22|0.33
epoch:177, loss: 0.42357978168523536, other:0.83|0.99|0.90, company:0.74|0.64|0.69, address:0.94|0.46|0.62, date:0.71|0.24|0.36, total:0.76|0.20|0.32
epoch:178, loss: 0.41290278901469035, other:0.85|0.98|0.92, company:0.77|0.64|0.70, address:0.93|0.48|0.63, date:0.67|0.28|0.39, total:0.71|0.23|0.34
epoch:179, loss: 0.4135975590292013, other:0.84|0.99|0.91, company:0.74|0.69|0.71, address:0.94|0.49|0.64, date:0.74|0.26|0.38, total:0.74|0.20|0.32
epoch:180, loss: 0.4115214780816492, other:0.85|0.99|0.91, company:0.83|0.64|0.72, address:0.91|0.48|0.63, date:0.69|0.29|0.40, total:0.72|0.22|0.33
epoch:181, loss: 0.4102847784195306, other:0.84|0.99|0.91, company:0.82|0.65|0.73, address:0.91|0.49|0.64, date:0.69|0.26|0.38, total:0.76|0.21|0.33
epoch:182, loss: 0.40647138514608705, other:0.86|0.98|0.92, company:0.83|0.64|0.73, address:0.92|0.50|0.65, date:0.67|0.27|0.38, total:0.67|0.22|0.33
epoch:183, loss: 0.4158618675087983, other:0.83|0.99|0.90, company:0.71|0.70|0.70, address:0.94|0.48|0.64, date:0.73|0.24|0.36, total:0.78|0.20|0.31
epoch:184, loss: 0.42222841955580803, other:0.84|0.99|0.91, company:0.76|0.66|0.71, address:0.93|0.47|0.62, date:0.68|0.27|0.39, total:0.71|0.20|0.31
epoch:185, loss: 0.41083660834240465, other:0.85|0.99|0.91, company:0.76|0.69|0.73, address:0.92|0.47|0.63, date:0.70|0.28|0.40, total:0.71|0.21|0.32
epoch:186, loss: 0.4102791173840469, other:0.85|0.98|0.91, company:0.80|0.65|0.72, address:0.91|0.50|0.65, date:0.73|0.25|0.38, total:0.67|0.21|0.32
epoch:187, loss: 0.4186378554353174, other:0.87|0.98|0.92, company:0.71|0.67|0.69, address:0.91|0.52|0.66, date:0.71|0.28|0.40, total:0.67|0.23|0.34
epoch:188, loss: 0.4138461806864109, other:0.85|0.99|0.91, company:0.80|0.62|0.70, address:0.90|0.49|0.64, date:0.69|0.29|0.41, total:0.75|0.21|0.33
epoch:189, loss: 0.4167313243982927, other:0.84|0.99|0.90, company:0.76|0.67|0.71, address:0.91|0.47|0.62, date:0.71|0.26|0.38, total:0.76|0.20|0.32
epoch:190, loss: 0.41290010821144535, other:0.85|0.99|0.91, company:0.78|0.64|0.70, address:0.90|0.48|0.62, date:0.69|0.26|0.38, total:0.73|0.21|0.33
epoch:191, loss: 0.4206232650662368, other:0.84|0.99|0.91, company:0.85|0.57|0.68, address:0.86|0.48|0.62, date:0.70|0.28|0.40, total:0.77|0.21|0.32
epoch:192, loss: 0.40761462303827395, other:0.84|0.99|0.91, company:0.81|0.62|0.71, address:0.90|0.48|0.63, date:0.74|0.27|0.39, total:0.77|0.21|0.33
epoch:193, loss: 0.4245671877321207, other:0.84|0.98|0.90, company:0.77|0.66|0.71, address:0.92|0.47|0.62, date:0.71|0.23|0.35, total:0.70|0.21|0.32
epoch:194, loss: 0.4166602289901589, other:0.82|0.99|0.90, company:0.75|0.67|0.71, address:0.92|0.49|0.64, date:0.73|0.24|0.37, total:0.81|0.18|0.30
epoch:195, loss: 0.40848951407198636, other:0.85|0.99|0.91, company:0.78|0.64|0.70, address:0.90|0.50|0.64, date:0.70|0.27|0.39, total:0.73|0.22|0.33
epoch:196, loss: 0.41191432779690007, other:0.85|0.99|0.91, company:0.76|0.66|0.70, address:0.92|0.47|0.63, date:0.71|0.27|0.39, total:0.72|0.21|0.33
epoch:197, loss: 0.4082291775716926, other:0.84|0.99|0.91, company:0.71|0.68|0.70, address:0.93|0.49|0.65, date:0.74|0.26|0.39, total:0.80|0.20|0.32
epoch:198, loss: 0.4199469528108273, other:0.83|0.99|0.90, company:0.75|0.68|0.71, address:0.93|0.47|0.63, date:0.69|0.25|0.37, total:0.79|0.19|0.31
epoch:199, loss: 0.4097877712744587, other:0.86|0.99|0.92, company:0.75|0.67|0.71, address:0.92|0.49|0.64, date:0.74|0.29|0.42, total:0.69|0.22|0.34
epoch:200, loss: 0.3998012565216928, other:0.85|0.99|0.91, company:0.74|0.66|0.70, address:0.92|0.50|0.64, date:0.74|0.29|0.41, total:0.77|0.21|0.33
epoch:201, loss: 0.3985162557296033, other:0.85|0.99|0.91, company:0.84|0.63|0.72, address:0.90|0.50|0.64, date:0.72|0.28|0.40, total:0.77|0.21|0.33
epoch:202, loss: 0.41277263355704974, other:0.85|0.99|0.91, company:0.82|0.62|0.71, address:0.89|0.50|0.64, date:0.71|0.27|0.39, total:0.74|0.21|0.33
epoch:203, loss: 0.39956175831128965, other:0.85|0.99|0.91, company:0.79|0.67|0.72, address:0.91|0.51|0.65, date:0.70|0.27|0.39, total:0.75|0.21|0.33
epoch:204, loss: 0.41024292808658674, other:0.83|0.99|0.90, company:0.78|0.63|0.70, address:0.91|0.49|0.64, date:0.74|0.26|0.39, total:0.84|0.19|0.31
epoch:205, loss: 0.41155478189576344, other:0.85|0.99|0.91, company:0.79|0.64|0.71, address:0.91|0.47|0.62, date:0.72|0.29|0.41, total:0.75|0.21|0.33
epoch:206, loss: 0.40012343368440306, other:0.85|0.99|0.91, company:0.77|0.71|0.74, address:0.93|0.51|0.65, date:0.73|0.30|0.42, total:0.76|0.21|0.33
epoch:207, loss: 0.4094759298945373, other:0.85|0.99|0.91, company:0.82|0.60|0.69, address:0.89|0.49|0.63, date:0.73|0.27|0.40, total:0.72|0.22|0.33
epoch:208, loss: 0.4017312774118387, other:0.85|0.99|0.91, company:0.74|0.69|0.72, address:0.94|0.47|0.63, date:0.72|0.27|0.40, total:0.72|0.22|0.34
epoch:209, loss: 0.41864616690941575, other:0.84|0.99|0.91, company:0.67|0.72|0.69, address:0.95|0.48|0.63, date:0.72|0.27|0.40, total:0.78|0.20|0.32
epoch:210, loss: 0.39959554795948965, other:0.85|0.99|0.91, company:0.81|0.65|0.72, address:0.91|0.50|0.64, date:0.74|0.26|0.39, total:0.73|0.23|0.35
epoch:211, loss: 0.4029937178458808, other:0.85|0.99|0.91, company:0.81|0.65|0.72, address:0.92|0.48|0.63, date:0.71|0.29|0.41, total:0.74|0.22|0.34
epoch:212, loss: 0.40174113748208534, other:0.84|0.99|0.91, company:0.83|0.62|0.71, address:0.90|0.51|0.65, date:0.76|0.26|0.38, total:0.76|0.22|0.34
epoch:213, loss: 0.4077620376955788, other:0.85|0.99|0.91, company:0.68|0.73|0.71, address:0.95|0.47|0.63, date:0.73|0.29|0.42, total:0.74|0.22|0.34
epoch:214, loss: 0.4062242755350077, other:0.85|0.99|0.91, company:0.81|0.63|0.71, address:0.88|0.52|0.65, date:0.70|0.30|0.42, total:0.79|0.20|0.32
epoch:215, loss: 0.4085239849562915, other:0.85|0.99|0.91, company:0.84|0.59|0.70, address:0.88|0.50|0.64, date:0.69|0.27|0.39, total:0.74|0.22|0.34
epoch:216, loss: 0.4064493994667845, other:0.84|0.99|0.91, company:0.84|0.61|0.71, address:0.90|0.48|0.63, date:0.72|0.27|0.39, total:0.79|0.21|0.33
epoch:217, loss: 0.4060026356634104, other:0.85|0.99|0.91, company:0.73|0.70|0.71, address:0.93|0.50|0.65, date:0.72|0.28|0.40, total:0.77|0.21|0.33
epoch:218, loss: 0.4063745686468088, other:0.86|0.99|0.92, company:0.80|0.64|0.72, address:0.91|0.51|0.65, date:0.71|0.30|0.42, total:0.73|0.22|0.34
epoch:219, loss: 0.40822585911121007, other:0.87|0.98|0.92, company:0.73|0.70|0.72, address:0.93|0.49|0.64, date:0.69|0.30|0.42, total:0.68|0.23|0.34
epoch:220, loss: 0.39924141230448235, other:0.85|0.99|0.91, company:0.86|0.61|0.71, address:0.89|0.50|0.64, date:0.72|0.30|0.42, total:0.77|0.21|0.33
epoch:221, loss: 0.39952358659708276, other:0.85|0.99|0.91, company:0.82|0.65|0.72, address:0.91|0.48|0.63, date:0.71|0.32|0.44, total:0.74|0.21|0.33
epoch:222, loss: 0.3926476751858333, other:0.84|0.99|0.91, company:0.81|0.68|0.74, address:0.92|0.50|0.65, date:0.73|0.29|0.41, total:0.79|0.20|0.32
epoch:223, loss: 0.3986447203271794, other:0.84|0.99|0.91, company:0.85|0.62|0.71, address:0.89|0.49|0.64, date:0.77|0.27|0.40, total:0.76|0.21|0.33
epoch:224, loss: 0.3906628697548272, other:0.86|0.99|0.92, company:0.79|0.68|0.73, address:0.92|0.51|0.65, date:0.72|0.30|0.42, total:0.73|0.23|0.35
epoch:225, loss: 0.3933759224864672, other:0.86|0.99|0.92, company:0.75|0.70|0.72, address:0.93|0.51|0.65, date:0.72|0.30|0.42, total:0.73|0.23|0.35
epoch:226, loss: 0.39643056550115907, other:0.86|0.99|0.92, company:0.72|0.74|0.73, address:0.92|0.51|0.65, date:0.74|0.31|0.43, total:0.78|0.21|0.33
epoch:227, loss: 0.3995828302401417, other:0.87|0.98|0.92, company:0.86|0.63|0.72, address:0.88|0.52|0.66, date:0.71|0.34|0.46, total:0.72|0.23|0.34
epoch:228, loss: 0.4157188186105692, other:0.83|0.99|0.90, company:0.73|0.65|0.69, address:0.90|0.48|0.63, date:0.73|0.28|0.40, total:0.83|0.18|0.30
epoch:229, loss: 0.41046227093012827, other:0.84|0.99|0.91, company:0.70|0.70|0.70, address:0.92|0.50|0.65, date:0.73|0.26|0.38, total:0.79|0.19|0.31
epoch:230, loss: 0.397678533814988, other:0.84|0.99|0.91, company:0.80|0.69|0.74, address:0.91|0.49|0.64, date:0.75|0.26|0.39, total:0.78|0.20|0.32
epoch:231, loss: 0.40413988648720506, other:0.85|0.99|0.91, company:0.71|0.72|0.72, address:0.94|0.49|0.64, date:0.71|0.29|0.42, total:0.77|0.20|0.31
epoch:232, loss: 0.39895867682852837, other:0.85|0.99|0.92, company:0.78|0.69|0.73, address:0.91|0.52|0.66, date:0.70|0.31|0.43, total:0.78|0.20|0.32
epoch:233, loss: 0.3948243625883786, other:0.85|0.99|0.91, company:0.77|0.68|0.72, address:0.92|0.51|0.66, date:0.72|0.30|0.43, total:0.77|0.21|0.32
epoch:234, loss: 0.4032399097703538, other:0.86|0.98|0.92, company:0.68|0.69|0.68, address:0.93|0.50|0.65, date:0.71|0.33|0.45, total:0.73|0.21|0.33
epoch:235, loss: 0.40238137543201447, other:0.86|0.98|0.92, company:0.78|0.66|0.71, address:0.92|0.50|0.64, date:0.73|0.29|0.41, total:0.66|0.22|0.33
epoch:236, loss: 0.3966624433139585, other:0.85|0.99|0.92, company:0.85|0.63|0.72, address:0.90|0.50|0.65, date:0.71|0.30|0.42, total:0.75|0.21|0.33
epoch:237, loss: 0.3970010241247573, other:0.86|0.98|0.92, company:0.79|0.67|0.72, address:0.92|0.50|0.65, date:0.68|0.29|0.41, total:0.72|0.22|0.33
epoch:238, loss: 0.39973732069978174, other:0.84|0.99|0.91, company:0.79|0.69|0.73, address:0.93|0.49|0.64, date:0.74|0.27|0.39, total:0.74|0.20|0.32
epoch:239, loss: 0.37867754135491716, other:0.86|0.99|0.92, company:0.79|0.72|0.75, address:0.93|0.53|0.68, date:0.74|0.29|0.42, total:0.77|0.21|0.33
epoch:240, loss: 0.3843305065946759, other:0.84|0.99|0.91, company:0.84|0.67|0.74, address:0.92|0.50|0.65, date:0.73|0.30|0.42, total:0.80|0.19|0.31
epoch:241, loss: 0.3820508845009894, other:0.86|0.99|0.92, company:0.84|0.68|0.75, address:0.93|0.53|0.67, date:0.74|0.28|0.40, total:0.73|0.23|0.35
epoch:242, loss: 0.3838294353687538, other:0.84|0.99|0.91, company:0.83|0.65|0.73, address:0.92|0.50|0.65, date:0.75|0.29|0.42, total:0.78|0.21|0.33
epoch:243, loss: 0.39212233334217433, other:0.86|0.99|0.92, company:0.83|0.64|0.72, address:0.90|0.51|0.65, date:0.71|0.32|0.44, total:0.74|0.22|0.34
epoch:244, loss: 0.38778421451460643, other:0.84|0.99|0.91, company:0.81|0.70|0.75, address:0.92|0.51|0.66, date:0.76|0.27|0.40, total:0.81|0.21|0.33
epoch:245, loss: 0.3969687690150063, other:0.85|0.99|0.91, company:0.82|0.62|0.70, address:0.89|0.51|0.65, date:0.77|0.28|0.41, total:0.76|0.21|0.33
epoch:246, loss: 0.3920530378818512, other:0.86|0.99|0.92, company:0.85|0.63|0.72, address:0.89|0.50|0.64, date:0.70|0.34|0.45, total:0.78|0.21|0.33
epoch:247, loss: 0.38605528591938737, other:0.86|0.99|0.92, company:0.76|0.72|0.74, address:0.92|0.54|0.68, date:0.75|0.28|0.41, total:0.77|0.22|0.34
epoch:248, loss: 0.39000663329970164, other:0.83|0.99|0.90, company:0.76|0.70|0.73, address:0.94|0.49|0.64, date:0.74|0.29|0.41, total:0.82|0.19|0.30
epoch:249, loss: 0.3865022032328372, other:0.85|0.99|0.91, company:0.81|0.66|0.72, address:0.91|0.52|0.66, date:0.73|0.31|0.44, total:0.78|0.20|0.31
epoch:250, loss: 0.39478791659733037, other:0.85|0.99|0.91, company:0.77|0.67|0.72, address:0.93|0.47|0.63, date:0.73|0.30|0.42, total:0.72|0.22|0.34
epoch:251, loss: 0.40386207345521674, other:0.82|0.99|0.90, company:0.88|0.58|0.70, address:0.87|0.47|0.61, date:0.74|0.30|0.43, total:0.85|0.18|0.29
epoch:252, loss: 0.3810398173782061, other:0.84|0.99|0.91, company:0.78|0.69|0.73, address:0.93|0.51|0.66, date:0.74|0.31|0.44, total:0.82|0.20|0.32
epoch:253, loss: 0.38288081929368795, other:0.85|0.99|0.91, company:0.76|0.70|0.73, address:0.93|0.49|0.64, date:0.76|0.30|0.43, total:0.79|0.21|0.33
epoch:254, loss: 0.38718535793277453, other:0.85|0.99|0.91, company:0.80|0.69|0.74, address:0.91|0.49|0.64, date:0.71|0.31|0.43, total:0.78|0.21|0.34
epoch:255, loss: 0.397980106045615, other:0.86|0.99|0.92, company:0.73|0.69|0.71, address:0.93|0.52|0.67, date:0.73|0.30|0.42, total:0.75|0.21|0.33
epoch:256, loss: 0.402548925775402, other:0.83|0.99|0.90, company:0.71|0.69|0.70, address:0.94|0.49|0.64, date:0.73|0.28|0.40, total:0.83|0.19|0.32
epoch:257, loss: 0.37964008523608156, other:0.85|0.99|0.91, company:0.76|0.70|0.73, address:0.94|0.51|0.66, date:0.73|0.30|0.43, total:0.78|0.21|0.33
epoch:258, loss: 0.3780057719855938, other:0.86|0.99|0.92, company:0.79|0.69|0.74, address:0.93|0.52|0.66, date:0.69|0.33|0.45, total:0.78|0.21|0.33
epoch:259, loss: 0.38637624484188154, other:0.85|0.99|0.92, company:0.75|0.70|0.73, address:0.94|0.50|0.65, date:0.76|0.29|0.42, total:0.74|0.22|0.34
epoch:260, loss: 0.39063642666024984, other:0.85|0.99|0.91, company:0.75|0.67|0.71, address:0.94|0.48|0.64, date:0.77|0.30|0.43, total:0.75|0.21|0.33
epoch:261, loss: 0.38581212961448813, other:0.84|0.99|0.91, company:0.78|0.68|0.73, address:0.93|0.50|0.65, date:0.76|0.28|0.41, total:0.80|0.20|0.32
epoch:262, loss: 0.38678899688540763, other:0.85|0.99|0.92, company:0.78|0.67|0.72, address:0.92|0.49|0.64, date:0.74|0.31|0.44, total:0.75|0.22|0.34
epoch:263, loss: 0.38386724467547434, other:0.85|0.99|0.91, company:0.83|0.64|0.73, address:0.90|0.49|0.64, date:0.76|0.28|0.41, total:0.76|0.22|0.34
epoch:264, loss: 0.38125082175686675, other:0.86|0.99|0.92, company:0.81|0.66|0.73, address:0.92|0.50|0.65, date:0.73|0.30|0.42, total:0.74|0.23|0.35
epoch:265, loss: 0.3885785330016658, other:0.84|0.99|0.91, company:0.79|0.69|0.74, address:0.92|0.49|0.64, date:0.73|0.27|0.39, total:0.80|0.20|0.32
epoch:266, loss: 0.3898018778495069, other:0.84|0.99|0.91, company:0.71|0.74|0.72, address:0.93|0.51|0.66, date:0.74|0.26|0.38, total:0.81|0.20|0.32
epoch:267, loss: 0.3878438725786389, other:0.84|0.99|0.91, company:0.73|0.72|0.73, address:0.94|0.51|0.66, date:0.78|0.26|0.39, total:0.79|0.20|0.32
epoch:268, loss: 0.3821017438510679, other:0.86|0.99|0.92, company:0.79|0.69|0.74, address:0.93|0.50|0.65, date:0.72|0.31|0.44, total:0.72|0.23|0.35
epoch:269, loss: 0.3841296684629512, other:0.85|0.99|0.92, company:0.70|0.73|0.71, address:0.94|0.51|0.66, date:0.76|0.30|0.42, total:0.77|0.21|0.33
epoch:270, loss: 0.39730506741775656, other:0.83|0.99|0.90, company:0.79|0.66|0.72, address:0.93|0.48|0.64, date:0.76|0.24|0.36, total:0.73|0.21|0.33
epoch:271, loss: 0.38901929585438855, other:0.86|0.99|0.92, company:0.80|0.66|0.72, address:0.94|0.50|0.65, date:0.74|0.28|0.40, total:0.69|0.24|0.36
epoch:272, loss: 0.3741434418930198, other:0.85|0.99|0.91, company:0.79|0.69|0.74, address:0.93|0.51|0.66, date:0.72|0.29|0.41, total:0.76|0.21|0.33
epoch:273, loss: 0.40260877924145394, other:0.85|0.99|0.92, company:0.80|0.65|0.72, address:0.89|0.51|0.65, date:0.72|0.27|0.40, total:0.76|0.22|0.34
epoch:274, loss: 0.39570209215272145, other:0.85|0.99|0.91, company:0.75|0.66|0.70, address:0.93|0.49|0.64, date:0.77|0.26|0.39, total:0.73|0.22|0.34
epoch:275, loss: 0.3889206777203758, other:0.85|0.99|0.91, company:0.74|0.67|0.70, address:0.93|0.50|0.65, date:0.72|0.30|0.43, total:0.75|0.20|0.32
epoch:276, loss: 0.38856118355157243, other:0.86|0.99|0.92, company:0.77|0.68|0.72, address:0.92|0.51|0.66, date:0.73|0.30|0.42, total:0.71|0.21|0.32
epoch:277, loss: 0.38013031628896604, other:0.86|0.98|0.92, company:0.82|0.69|0.75, address:0.92|0.49|0.64, date:0.71|0.33|0.45, total:0.70|0.22|0.33
epoch:278, loss: 0.3831577444413923, other:0.87|0.98|0.92, company:0.77|0.70|0.74, address:0.94|0.52|0.67, date:0.72|0.31|0.43, total:0.70|0.22|0.34
epoch:279, loss: 0.3834072123720961, other:0.85|0.99|0.92, company:0.83|0.67|0.74, address:0.94|0.51|0.66, date:0.74|0.28|0.41, total:0.73|0.22|0.34
epoch:280, loss: 0.39505487033781017, other:0.86|0.98|0.92, company:0.75|0.69|0.72, address:0.94|0.50|0.65, date:0.75|0.27|0.39, total:0.65|0.23|0.34
epoch:281, loss: 0.37828338877210077, other:0.86|0.99|0.92, company:0.81|0.68|0.74, address:0.94|0.50|0.65, date:0.72|0.31|0.44, total:0.71|0.22|0.34
epoch:282, loss: 0.3758401499604279, other:0.87|0.98|0.92, company:0.80|0.67|0.73, address:0.94|0.52|0.67, date:0.70|0.32|0.44, total:0.70|0.23|0.35
epoch:283, loss: 0.3881926660267812, other:0.86|0.99|0.92, company:0.70|0.72|0.71, address:0.96|0.49|0.65, date:0.72|0.30|0.43, total:0.70|0.23|0.34
epoch:284, loss: 0.38425226115955496, other:0.85|0.99|0.92, company:0.73|0.70|0.71, address:0.94|0.49|0.65, date:0.73|0.28|0.41, total:0.74|0.22|0.34
epoch:285, loss: 0.38426138601213133, other:0.87|0.98|0.92, company:0.74|0.74|0.74, address:0.94|0.51|0.66, date:0.70|0.30|0.42, total:0.72|0.24|0.36
epoch:286, loss: 0.38866198484627706, other:0.85|0.99|0.92, company:0.80|0.68|0.74, address:0.93|0.49|0.64, date:0.69|0.29|0.41, total:0.72|0.21|0.33
epoch:287, loss: 0.3878259754405831, other:0.85|0.99|0.91, company:0.73|0.72|0.73, address:0.94|0.50|0.65, date:0.76|0.26|0.39, total:0.73|0.21|0.33
epoch:288, loss: 0.3736558654960596, other:0.86|0.99|0.92, company:0.75|0.71|0.73, address:0.94|0.50|0.65, date:0.71|0.31|0.44, total:0.73|0.23|0.35
epoch:289, loss: 0.38518318308974214, other:0.85|0.99|0.92, company:0.75|0.70|0.72, address:0.94|0.50|0.65, date:0.70|0.31|0.43, total:0.75|0.21|0.33
epoch:290, loss: 0.3788820687892302, other:0.87|0.99|0.92, company:0.76|0.70|0.73, address:0.94|0.51|0.66, date:0.69|0.32|0.44, total:0.74|0.23|0.35
epoch:291, loss: 0.37781045909197825, other:0.87|0.99|0.92, company:0.81|0.67|0.73, address:0.92|0.51|0.65, date:0.67|0.34|0.45, total:0.74|0.23|0.35
epoch:292, loss: 0.37984838997418024, other:0.86|0.99|0.92, company:0.86|0.66|0.74, address:0.92|0.51|0.65, date:0.73|0.31|0.44, total:0.75|0.23|0.35
epoch:293, loss: 0.3824679019316187, other:0.85|0.99|0.91, company:0.78|0.70|0.74, address:0.93|0.51|0.66, date:0.72|0.30|0.42, total:0.77|0.20|0.32
epoch:294, loss: 0.37959974357542003, other:0.85|0.99|0.91, company:0.79|0.71|0.75, address:0.95|0.48|0.64, date:0.71|0.30|0.42, total:0.77|0.21|0.33
epoch:295, loss: 0.3810983901878573, other:0.86|0.99|0.92, company:0.73|0.73|0.73, address:0.95|0.50|0.66, date:0.70|0.31|0.43, total:0.74|0.21|0.33
epoch:296, loss: 0.3890781650003397, other:0.86|0.99|0.92, company:0.75|0.73|0.74, address:0.94|0.49|0.64, date:0.70|0.31|0.43, total:0.76|0.21|0.33
epoch:297, loss: 0.3758491803452654, other:0.86|0.99|0.92, company:0.85|0.68|0.76, address:0.91|0.51|0.65, date:0.67|0.35|0.46, total:0.78|0.21|0.33
epoch:298, loss: 0.38218981308757133, other:0.84|0.99|0.91, company:0.77|0.70|0.73, address:0.95|0.49|0.65, date:0.74|0.27|0.40, total:0.79|0.21|0.33
epoch:299, loss: 0.38634265706224263, other:0.85|0.99|0.92, company:0.78|0.71|0.75, address:0.95|0.49|0.64, date:0.73|0.31|0.43, total:0.72|0.22|0.33
