epoch:0, loss: 1.686513653507939, other:0.00|0.71|0.00, company:0.25|0.06|0.10, address:0.00|0.20|0.00, date:0.02|0.05|0.03, total:0.99|0.02|0.04
epoch:1, loss: 1.6600461889196325, other:0.02|0.83|0.04, company:0.33|0.08|0.12, address:0.03|0.22|0.06, date:0.01|0.04|0.02, total:0.98|0.02|0.04
epoch:2, loss: 1.6212755839029949, other:0.09|0.84|0.16, company:0.28|0.10|0.14, address:0.14|0.21|0.17, date:0.03|0.06|0.04, total:0.94|0.02|0.04
epoch:3, loss: 1.5985646159560591, other:0.07|0.89|0.14, company:0.24|0.09|0.13, address:0.33|0.20|0.25, date:0.11|0.07|0.08, total:0.95|0.02|0.05
epoch:4, loss: 1.5630287064446344, other:0.10|0.93|0.18, company:0.13|0.07|0.09, address:0.60|0.20|0.29, date:0.14|0.08|0.10, total:0.94|0.03|0.05
epoch:5, loss: 1.560245531576651, other:0.07|0.95|0.13, company:0.13|0.06|0.08, address:0.57|0.21|0.31, date:0.17|0.08|0.11, total:0.95|0.02|0.05
epoch:6, loss: 1.5132417855439362, other:0.09|0.96|0.16, company:0.01|0.02|0.02, address:0.78|0.21|0.34, date:0.13|0.09|0.11, total:0.95|0.03|0.05
epoch:7, loss: 1.4589924503255773, other:0.12|0.96|0.22, company:0.00|0.01|0.00, address:0.88|0.20|0.32, date:0.13|0.12|0.12, total:0.94|0.03|0.05
epoch:8, loss: 1.4111479697404083, other:0.18|0.96|0.30, company:0.00|0.00|0.00, address:0.91|0.23|0.36, date:0.08|0.20|0.11, total:0.91|0.03|0.05
epoch:9, loss: 1.3610035975774128, other:0.25|0.96|0.40, company:0.00|0.00|0.00, address:0.94|0.24|0.38, date:0.03|0.22|0.06, total:0.82|0.03|0.05
epoch:10, loss: 1.294648325001752, other:0.38|0.96|0.54, company:0.00|0.00|0.00, address:0.97|0.22|0.36, date:0.10|0.25|0.14, total:0.49|0.02|0.04
epoch:11, loss: 1.2617902181766651, other:0.48|0.95|0.64, company:0.00|0.00|0.00, address:0.97|0.24|0.39, date:0.12|0.30|0.17, total:0.26|0.01|0.03
epoch:12, loss: 1.2053045255166512, other:0.59|0.95|0.73, company:0.00|0.00|0.00, address:0.97|0.25|0.40, date:0.12|0.30|0.17, total:0.09|0.01|0.01
epoch:13, loss: 1.1411018504036798, other:0.69|0.96|0.80, company:0.00|0.00|0.00, address:0.98|0.26|0.41, date:0.14|0.28|0.19, total:0.03|0.00|0.01
epoch:14, loss: 1.079945034450955, other:0.79|0.96|0.87, company:0.00|0.00|0.00, address:0.97|0.30|0.45, date:0.15|0.31|0.20, total:0.00|0.00|0.00
epoch:15, loss: 1.0372084114286635, other:0.86|0.96|0.91, company:0.00|0.00|0.00, address:0.97|0.29|0.45, date:0.16|0.33|0.22, total:0.00|0.00|0.00
epoch:16, loss: 0.9817287105101126, other:0.90|0.96|0.93, company:0.00|0.00|0.00, address:0.96|0.32|0.48, date:0.17|0.34|0.22, total:0.00|0.00|0.00
epoch:17, loss: 0.9475186952838192, other:0.90|0.96|0.93, company:0.00|0.00|0.00, address:0.95|0.32|0.48, date:0.17|0.23|0.19, total:0.00|0.00|0.00
epoch:18, loss: 0.9107722595885948, other:0.91|0.96|0.93, company:0.00|0.14|0.00, address:0.96|0.33|0.49, date:0.18|0.30|0.23, total:0.00|0.00|0.00
epoch:19, loss: 0.8998024331198798, other:0.91|0.96|0.94, company:0.01|0.40|0.01, address:0.94|0.33|0.49, date:0.20|0.31|0.24, total:0.00|0.00|0.00
epoch:20, loss: 0.8604152003924052, other:0.91|0.96|0.94, company:0.00|0.33|0.00, address:0.95|0.34|0.51, date:0.21|0.32|0.25, total:0.00|0.00|0.00
epoch:21, loss: 0.8404470240628278, other:0.92|0.96|0.94, company:0.00|0.33|0.00, address:0.94|0.35|0.51, date:0.20|0.27|0.23, total:0.00|0.00|0.00
epoch:22, loss: 0.8263835619997095, other:0.92|0.96|0.94, company:0.00|0.00|0.00, address:0.94|0.36|0.52, date:0.20|0.24|0.22, total:0.00|0.00|0.00
epoch:23, loss: 0.8130312716519391, other:0.92|0.96|0.94, company:0.00|0.00|0.00, address:0.94|0.37|0.53, date:0.23|0.25|0.24, total:0.00|0.00|0.00
epoch:24, loss: 0.8064477863135161, other:0.91|0.96|0.94, company:0.00|0.00|0.00, address:0.94|0.35|0.51, date:0.28|0.23|0.25, total:0.00|0.00|0.00
epoch:25, loss: 0.7841263369277671, other:0.93|0.96|0.94, company:0.00|0.00|0.00, address:0.93|0.38|0.54, date:0.24|0.27|0.25, total:0.00|0.00|0.00
epoch:26, loss: 0.7651983808588099, other:0.91|0.96|0.94, company:0.00|0.00|0.00, address:0.95|0.35|0.51, date:0.28|0.25|0.26, total:0.01|0.10|0.01
epoch:27, loss: 0.7604768011305068, other:0.93|0.96|0.94, company:0.03|0.63|0.07, address:0.91|0.38|0.54, date:0.25|0.29|0.27, total:0.01|0.10|0.02
epoch:28, loss: 0.7413124905692207, other:0.91|0.96|0.94, company:0.07|0.67|0.13, address:0.93|0.37|0.53, date:0.28|0.28|0.28, total:0.04|0.13|0.06
epoch:29, loss: 0.7245088087187873, other:0.91|0.96|0.93, company:0.15|0.73|0.25, address:0.93|0.37|0.53, date:0.32|0.23|0.27, total:0.05|0.14|0.07
epoch:30, loss: 0.7295663423008389, other:0.90|0.96|0.93, company:0.19|0.63|0.29, address:0.94|0.36|0.52, date:0.30|0.25|0.27, total:0.05|0.13|0.07
epoch:31, loss: 0.7142429462185612, other:0.91|0.96|0.94, company:0.25|0.62|0.36, address:0.92|0.38|0.54, date:0.29|0.27|0.28, total:0.05|0.15|0.07
epoch:32, loss: 0.6979805496003892, other:0.91|0.96|0.93, company:0.37|0.73|0.49, address:0.92|0.41|0.57, date:0.32|0.25|0.28, total:0.10|0.14|0.12
epoch:33, loss: 0.6819282527323123, other:0.90|0.96|0.93, company:0.36|0.72|0.48, address:0.94|0.40|0.56, date:0.30|0.26|0.28, total:0.14|0.14|0.14
epoch:34, loss: 0.6655292687592683, other:0.88|0.97|0.92, company:0.48|0.69|0.57, address:0.94|0.40|0.56, date:0.35|0.24|0.28, total:0.23|0.14|0.17
epoch:35, loss: 0.6661594576305814, other:0.90|0.96|0.93, company:0.52|0.64|0.57, address:0.90|0.42|0.57, date:0.30|0.25|0.27, total:0.13|0.16|0.14
epoch:36, loss: 0.6536918701948943, other:0.90|0.97|0.93, company:0.49|0.64|0.55, address:0.91|0.40|0.56, date:0.32|0.23|0.27, total:0.16|0.16|0.16
epoch:37, loss: 0.6829781995879279, other:0.90|0.96|0.93, company:0.65|0.44|0.53, address:0.79|0.39|0.52, date:0.29|0.25|0.27, total:0.16|0.16|0.16
epoch:38, loss: 0.6560349287810149, other:0.88|0.97|0.92, company:0.56|0.56|0.56, address:0.88|0.40|0.55, date:0.34|0.23|0.27, total:0.25|0.15|0.19
epoch:39, loss: 0.6451350980334811, other:0.89|0.96|0.93, company:0.55|0.56|0.55, address:0.88|0.43|0.57, date:0.32|0.25|0.28, total:0.26|0.18|0.21
epoch:40, loss: 0.6369703743192885, other:0.89|0.97|0.93, company:0.53|0.68|0.60, address:0.90|0.42|0.58, date:0.32|0.27|0.29, total:0.27|0.17|0.20
epoch:41, loss: 0.6326212949222989, other:0.85|0.97|0.91, company:0.66|0.53|0.59, address:0.86|0.40|0.54, date:0.38|0.23|0.29, total:0.46|0.15|0.23
epoch:42, loss: 0.6273806514563384, other:0.89|0.97|0.93, company:0.52|0.66|0.58, address:0.91|0.42|0.57, date:0.32|0.28|0.30, total:0.27|0.17|0.21
epoch:43, loss: 0.6007663430990996, other:0.85|0.97|0.91, company:0.74|0.49|0.59, address:0.81|0.41|0.54, date:0.39|0.23|0.29, total:0.46|0.16|0.23
epoch:44, loss: 0.6019850472609202, other:0.89|0.97|0.93, company:0.58|0.67|0.62, address:0.89|0.45|0.60, date:0.35|0.26|0.30, total:0.33|0.18|0.23
epoch:45, loss: 0.596754401922226, other:0.84|0.98|0.90, company:0.73|0.52|0.61, address:0.85|0.40|0.54, date:0.42|0.21|0.28, total:0.53|0.17|0.25
epoch:46, loss: 0.5968173797483798, other:0.90|0.97|0.93, company:0.57|0.70|0.63, address:0.89|0.45|0.60, date:0.33|0.25|0.28, total:0.30|0.18|0.23
epoch:47, loss: 0.5869953157725157, other:0.88|0.97|0.92, company:0.60|0.66|0.63, address:0.89|0.45|0.60, date:0.34|0.24|0.28, total:0.44|0.17|0.25
epoch:48, loss: 0.5742929070084183, other:0.87|0.97|0.92, company:0.74|0.57|0.64, address:0.88|0.44|0.58, date:0.43|0.22|0.29, total:0.38|0.18|0.25
epoch:49, loss: 0.5713918871349759, other:0.86|0.97|0.91, company:0.67|0.57|0.62, address:0.88|0.44|0.58, date:0.39|0.23|0.28, total:0.47|0.18|0.26
epoch:50, loss: 0.5689434387065746, other:0.84|0.98|0.90, company:0.71|0.51|0.60, address:0.86|0.41|0.55, date:0.45|0.20|0.28, total:0.54|0.18|0.26
epoch:51, loss: 0.5593643188476562, other:0.86|0.97|0.91, company:0.67|0.62|0.64, address:0.88|0.45|0.59, date:0.40|0.24|0.30, total:0.53|0.17|0.26
epoch:52, loss: 0.5759973073447192, other:0.87|0.97|0.92, company:0.84|0.46|0.60, address:0.74|0.42|0.54, date:0.39|0.24|0.30, total:0.49|0.19|0.27
epoch:53, loss: 0.5563163702134732, other:0.84|0.98|0.90, company:0.82|0.49|0.61, address:0.81|0.43|0.56, date:0.45|0.23|0.30, total:0.61|0.17|0.27
epoch:54, loss: 0.5515087456614883, other:0.87|0.97|0.92, company:0.72|0.59|0.65, address:0.85|0.46|0.59, date:0.43|0.25|0.32, total:0.46|0.19|0.26
epoch:55, loss: 0.5551686419381036, other:0.87|0.97|0.92, company:0.63|0.70|0.67, address:0.90|0.46|0.61, date:0.39|0.23|0.29, total:0.48|0.18|0.27
epoch:56, loss: 0.56025688957285, other:0.86|0.97|0.91, company:0.72|0.58|0.64, address:0.87|0.44|0.59, date:0.44|0.20|0.28, total:0.51|0.18|0.27
epoch:57, loss: 0.5552539582605716, other:0.84|0.98|0.90, company:0.76|0.53|0.62, address:0.83|0.44|0.57, date:0.45|0.22|0.29, total:0.64|0.17|0.27
epoch:58, loss: 0.5500072980368579, other:0.86|0.97|0.91, company:0.72|0.63|0.67, address:0.90|0.44|0.59, date:0.48|0.20|0.28, total:0.50|0.20|0.28
epoch:59, loss: 0.552340590291553, other:0.86|0.97|0.91, company:0.74|0.60|0.66, address:0.88|0.46|0.60, date:0.42|0.21|0.28, total:0.53|0.18|0.27
epoch:60, loss: 0.5528717162432494, other:0.86|0.97|0.91, company:0.77|0.59|0.67, address:0.88|0.44|0.59, date:0.47|0.22|0.30, total:0.47|0.20|0.28
epoch:61, loss: 0.5745421294812803, other:0.85|0.97|0.91, company:0.84|0.46|0.59, address:0.77|0.41|0.54, date:0.46|0.21|0.29, total:0.50|0.18|0.27
epoch:62, loss: 0.5506617901501832, other:0.82|0.98|0.89, company:0.75|0.53|0.62, address:0.85|0.41|0.55, date:0.52|0.18|0.27, total:0.62|0.18|0.28
epoch:63, loss: 0.5432748971162019, other:0.83|0.98|0.90, company:0.78|0.55|0.64, address:0.86|0.43|0.57, date:0.50|0.20|0.29, total:0.58|0.18|0.27
epoch:64, loss: 0.5316785905096266, other:0.86|0.97|0.91, company:0.74|0.55|0.63, address:0.86|0.45|0.59, date:0.44|0.25|0.32, total:0.54|0.18|0.27
epoch:65, loss: 0.5362013346619077, other:0.85|0.98|0.91, company:0.79|0.52|0.63, address:0.84|0.44|0.58, date:0.46|0.25|0.32, total:0.60|0.18|0.27
epoch:66, loss: 0.5442126779644577, other:0.87|0.97|0.92, company:0.77|0.57|0.66, address:0.84|0.45|0.59, date:0.45|0.25|0.32, total:0.51|0.20|0.29
epoch:67, loss: 0.528467767768436, other:0.85|0.98|0.91, company:0.78|0.61|0.68, address:0.87|0.43|0.58, date:0.51|0.24|0.32, total:0.53|0.19|0.28
epoch:68, loss: 0.52299455470509, other:0.86|0.98|0.91, company:0.78|0.57|0.66, address:0.85|0.46|0.60, date:0.47|0.26|0.34, total:0.60|0.19|0.28
epoch:69, loss: 0.5265341732237074, other:0.84|0.98|0.90, company:0.80|0.55|0.65, address:0.86|0.44|0.58, date:0.52|0.21|0.30, total:0.60|0.18|0.28
epoch:70, loss: 0.5385629556797169, other:0.84|0.98|0.90, company:0.76|0.52|0.61, address:0.85|0.42|0.56, date:0.50|0.21|0.30, total:0.56|0.18|0.28
epoch:71, loss: 0.5172816636385741, other:0.86|0.98|0.91, company:0.69|0.64|0.67, address:0.89|0.46|0.61, date:0.50|0.23|0.31, total:0.56|0.19|0.28
epoch:72, loss: 0.5296856065591177, other:0.87|0.97|0.92, company:0.67|0.64|0.65, address:0.89|0.46|0.60, date:0.40|0.26|0.31, total:0.50|0.19|0.27
epoch:73, loss: 0.5413693388303121, other:0.88|0.97|0.93, company:0.65|0.61|0.63, address:0.89|0.48|0.62, date:0.46|0.25|0.32, total:0.43|0.21|0.29
epoch:74, loss: 0.5144599190464726, other:0.87|0.97|0.92, company:0.81|0.58|0.67, address:0.86|0.46|0.60, date:0.48|0.24|0.32, total:0.54|0.20|0.30
epoch:75, loss: 0.5233365727795495, other:0.87|0.97|0.92, company:0.83|0.55|0.66, address:0.83|0.47|0.60, date:0.46|0.25|0.33, total:0.52|0.19|0.28
epoch:76, loss: 0.5259909927845001, other:0.86|0.97|0.92, company:0.75|0.59|0.66, address:0.88|0.48|0.62, date:0.49|0.23|0.32, total:0.53|0.19|0.28
epoch:77, loss: 0.5275023226384763, other:0.87|0.97|0.92, company:0.84|0.56|0.67, address:0.84|0.47|0.60, date:0.41|0.25|0.31, total:0.51|0.20|0.29
epoch:78, loss: 0.5279559504102778, other:0.86|0.97|0.92, company:0.85|0.52|0.64, address:0.83|0.46|0.59, date:0.44|0.23|0.31, total:0.53|0.21|0.30
epoch:79, loss: 0.5149635871251425, other:0.86|0.98|0.92, company:0.83|0.59|0.69, address:0.87|0.46|0.60, date:0.46|0.24|0.32, total:0.54|0.20|0.29
epoch:80, loss: 0.5070915442925913, other:0.86|0.98|0.91, company:0.72|0.64|0.68, address:0.89|0.47|0.62, date:0.52|0.23|0.32, total:0.59|0.19|0.29
epoch:81, loss: 0.4946134818924798, other:0.85|0.98|0.91, company:0.79|0.65|0.71, address:0.90|0.47|0.62, date:0.53|0.23|0.32, total:0.59|0.19|0.29
epoch:82, loss: 0.498031383311307, other:0.85|0.98|0.91, company:0.83|0.62|0.71, address:0.87|0.46|0.60, date:0.54|0.23|0.33, total:0.59|0.19|0.29
epoch:83, loss: 0.5231838138015182, other:0.87|0.98|0.92, company:0.87|0.51|0.64, address:0.81|0.45|0.58, date:0.51|0.24|0.33, total:0.49|0.21|0.29
epoch:84, loss: 0.5198929806550344, other:0.86|0.98|0.91, company:0.79|0.51|0.62, address:0.81|0.46|0.58, date:0.52|0.24|0.33, total:0.56|0.19|0.28
epoch:85, loss: 0.5051272334875884, other:0.84|0.98|0.91, company:0.82|0.57|0.67, address:0.87|0.44|0.59, date:0.50|0.24|0.32, total:0.62|0.18|0.28
epoch:86, loss: 0.5062710333753515, other:0.87|0.97|0.92, company:0.78|0.64|0.70, address:0.89|0.46|0.61, date:0.50|0.24|0.32, total:0.49|0.21|0.30
epoch:87, loss: 0.49969210668846414, other:0.85|0.98|0.91, company:0.84|0.58|0.69, address:0.85|0.45|0.59, date:0.50|0.23|0.32, total:0.60|0.20|0.30
epoch:88, loss: 0.5018237332503, other:0.84|0.98|0.91, company:0.83|0.60|0.69, address:0.88|0.44|0.59, date:0.48|0.22|0.30, total:0.61|0.19|0.29
epoch:89, loss: 0.5090424252880944, other:0.85|0.98|0.91, company:0.86|0.56|0.68, address:0.83|0.45|0.59, date:0.54|0.23|0.32, total:0.58|0.18|0.28
epoch:90, loss: 0.5022793997217108, other:0.84|0.98|0.90, company:0.78|0.54|0.64, address:0.86|0.45|0.59, date:0.55|0.22|0.31, total:0.63|0.18|0.28
epoch:91, loss: 0.5111573934555054, other:0.88|0.97|0.93, company:0.81|0.60|0.69, address:0.85|0.50|0.63, date:0.45|0.25|0.32, total:0.47|0.21|0.29
epoch:92, loss: 0.5169802429499449, other:0.85|0.98|0.91, company:0.86|0.54|0.66, address:0.82|0.46|0.59, date:0.49|0.23|0.31, total:0.57|0.19|0.28
epoch:93, loss: 0.5150158250773395, other:0.87|0.97|0.92, company:0.80|0.59|0.68, address:0.86|0.47|0.61, date:0.44|0.26|0.33, total:0.56|0.19|0.28
epoch:94, loss: 0.5010720988114675, other:0.85|0.98|0.91, company:0.83|0.58|0.68, address:0.85|0.45|0.59, date:0.50|0.24|0.32, total:0.58|0.18|0.28
epoch:95, loss: 0.5090067276248226, other:0.88|0.97|0.92, company:0.85|0.54|0.66, address:0.83|0.48|0.61, date:0.48|0.24|0.32, total:0.49|0.22|0.31
epoch:96, loss: 0.5080516603257921, other:0.84|0.98|0.91, company:0.87|0.50|0.64, address:0.79|0.45|0.57, date:0.52|0.23|0.32, total:0.65|0.19|0.29
epoch:97, loss: 0.49649050390278854, other:0.85|0.98|0.91, company:0.77|0.62|0.69, address:0.90|0.43|0.58, date:0.53|0.22|0.31, total:0.55|0.19|0.29
epoch:98, loss: 0.5013456598476127, other:0.84|0.98|0.90, company:0.81|0.55|0.66, address:0.85|0.43|0.57, date:0.55|0.22|0.32, total:0.60|0.18|0.28
epoch:99, loss: 0.5075691441694895, other:0.86|0.98|0.91, company:0.73|0.55|0.63, address:0.88|0.44|0.59, date:0.50|0.25|0.34, total:0.53|0.20|0.29
epoch:100, loss: 0.5031204058064355, other:0.86|0.98|0.92, company:0.83|0.53|0.65, address:0.84|0.45|0.58, date:0.52|0.25|0.34, total:0.53|0.22|0.31
epoch:101, loss: 0.49514840488080625, other:0.85|0.98|0.91, company:0.81|0.53|0.64, address:0.84|0.43|0.57, date:0.56|0.25|0.35, total:0.55|0.20|0.29
epoch:102, loss: 0.4904007426014653, other:0.85|0.98|0.91, company:0.76|0.60|0.67, address:0.89|0.45|0.60, date:0.54|0.23|0.32, total:0.58|0.20|0.29
epoch:103, loss: 0.49380661602373477, other:0.85|0.98|0.91, company:0.81|0.54|0.65, address:0.85|0.44|0.58, date:0.54|0.24|0.33, total:0.59|0.20|0.30
epoch:104, loss: 0.4963255646052184, other:0.85|0.98|0.91, company:0.82|0.52|0.63, address:0.84|0.44|0.58, date:0.52|0.25|0.33, total:0.58|0.20|0.29
epoch:105, loss: 0.4973854356341892, other:0.85|0.98|0.91, company:0.85|0.51|0.64, address:0.82|0.44|0.57, date:0.54|0.25|0.34, total:0.59|0.20|0.30
epoch:106, loss: 0.49685890696666857, other:0.84|0.98|0.91, company:0.83|0.53|0.64, address:0.85|0.44|0.58, date:0.53|0.24|0.33, total:0.60|0.19|0.29
epoch:107, loss: 0.49070673518710667, other:0.85|0.98|0.91, company:0.84|0.55|0.67, address:0.85|0.45|0.59, date:0.53|0.23|0.33, total:0.61|0.20|0.30
epoch:108, loss: 0.48749619391229415, other:0.85|0.98|0.91, company:0.85|0.55|0.67, address:0.85|0.44|0.58, date:0.53|0.24|0.33, total:0.59|0.20|0.30
epoch:109, loss: 0.4928278978224154, other:0.86|0.98|0.91, company:0.86|0.54|0.66, address:0.84|0.45|0.58, date:0.52|0.24|0.33, total:0.57|0.21|0.31
epoch:110, loss: 0.484079983499315, other:0.85|0.98|0.91, company:0.81|0.60|0.69, address:0.88|0.45|0.59, date:0.54|0.24|0.33, total:0.60|0.20|0.30
epoch:111, loss: 0.48134617783405165, other:0.85|0.98|0.91, company:0.82|0.61|0.70, address:0.88|0.46|0.61, date:0.54|0.25|0.34, total:0.58|0.20|0.29
epoch:112, loss: 0.4889896236084126, other:0.87|0.98|0.92, company:0.85|0.59|0.70, address:0.87|0.46|0.60, date:0.51|0.25|0.34, total:0.52|0.21|0.30
epoch:113, loss: 0.4886843804959898, other:0.84|0.98|0.91, company:0.86|0.56|0.68, address:0.86|0.44|0.58, date:0.54|0.23|0.32, total:0.60|0.20|0.30
epoch:114, loss: 0.4894436012815546, other:0.84|0.98|0.91, company:0.86|0.52|0.65, address:0.82|0.44|0.58, date:0.56|0.23|0.33, total:0.63|0.19|0.30
epoch:115, loss: 0.4833790063858032, other:0.86|0.98|0.92, company:0.82|0.61|0.70, address:0.88|0.46|0.61, date:0.52|0.25|0.34, total:0.56|0.20|0.30
epoch:116, loss: 0.4890432567508132, other:0.86|0.98|0.91, company:0.85|0.55|0.67, address:0.84|0.46|0.59, date:0.52|0.25|0.34, total:0.57|0.21|0.30
epoch:117, loss: 0.4810256295733982, other:0.86|0.98|0.91, company:0.83|0.60|0.70, address:0.87|0.45|0.60, date:0.53|0.23|0.32, total:0.54|0.21|0.30
epoch:118, loss: 0.4854892216346882, other:0.83|0.98|0.90, company:0.84|0.56|0.67, address:0.86|0.43|0.58, date:0.56|0.22|0.32, total:0.63|0.19|0.29
epoch:119, loss: 0.48004991919906054, other:0.84|0.98|0.90, company:0.82|0.60|0.69, address:0.89|0.44|0.59, date:0.58|0.22|0.32, total:0.59|0.19|0.29
epoch:120, loss: 0.47748899459838867, other:0.85|0.98|0.91, company:0.83|0.59|0.69, address:0.88|0.46|0.60, date:0.54|0.23|0.33, total:0.58|0.20|0.29
epoch:121, loss: 0.47850055164761013, other:0.86|0.98|0.92, company:0.83|0.60|0.70, address:0.88|0.47|0.61, date:0.52|0.24|0.33, total:0.56|0.20|0.30
epoch:122, loss: 0.4789787332216899, other:0.86|0.98|0.91, company:0.82|0.60|0.69, address:0.88|0.46|0.60, date:0.53|0.25|0.34, total:0.57|0.20|0.29
epoch:123, loss: 0.48558985966223256, other:0.85|0.98|0.91, company:0.85|0.54|0.66, address:0.83|0.45|0.58, date:0.53|0.24|0.33, total:0.60|0.20|0.30
epoch:124, loss: 0.48106222572150054, other:0.85|0.98|0.91, company:0.85|0.56|0.68, address:0.86|0.45|0.59, date:0.54|0.24|0.33, total:0.62|0.19|0.30
epoch:125, loss: 0.48517096594527914, other:0.84|0.98|0.91, company:0.87|0.54|0.67, address:0.85|0.45|0.58, date:0.56|0.23|0.33, total:0.61|0.20|0.30
epoch:126, loss: 0.48813063899676007, other:0.85|0.98|0.91, company:0.86|0.56|0.68, address:0.85|0.45|0.59, date:0.52|0.24|0.33, total:0.57|0.19|0.29
epoch:127, loss: 0.48487370985525624, other:0.85|0.98|0.91, company:0.85|0.55|0.67, address:0.84|0.44|0.58, date:0.55|0.23|0.33, total:0.61|0.20|0.30
epoch:128, loss: 0.48403965102301705, other:0.86|0.98|0.92, company:0.85|0.57|0.68, address:0.86|0.45|0.59, date:0.51|0.25|0.34, total:0.58|0.21|0.31
epoch:129, loss: 0.480348468930633, other:0.86|0.98|0.91, company:0.84|0.58|0.69, address:0.86|0.47|0.60, date:0.52|0.25|0.34, total:0.59|0.20|0.30
epoch:130, loss: 0.4769409917019032, other:0.84|0.98|0.90, company:0.85|0.58|0.69, address:0.87|0.44|0.58, date:0.56|0.23|0.33, total:0.63|0.19|0.30
epoch:131, loss: 0.4818250194743828, other:0.85|0.98|0.91, company:0.87|0.54|0.67, address:0.83|0.45|0.58, date:0.56|0.25|0.34, total:0.60|0.20|0.30
epoch:132, loss: 0.4730866065731755, other:0.86|0.98|0.91, company:0.85|0.58|0.69, address:0.86|0.46|0.60, date:0.54|0.26|0.35, total:0.59|0.20|0.30
epoch:133, loss: 0.4825639702655651, other:0.85|0.98|0.91, company:0.85|0.54|0.66, address:0.84|0.44|0.58, date:0.55|0.24|0.33, total:0.62|0.20|0.30
epoch:134, loss: 0.4859795813207273, other:0.86|0.98|0.92, company:0.85|0.55|0.67, address:0.84|0.47|0.60, date:0.53|0.25|0.34, total:0.57|0.20|0.30
epoch:135, loss: 0.4842147540163111, other:0.86|0.98|0.91, company:0.86|0.55|0.67, address:0.84|0.45|0.59, date:0.53|0.24|0.33, total:0.57|0.21|0.31
epoch:136, loss: 0.4817068676153819, other:0.83|0.98|0.90, company:0.86|0.57|0.68, address:0.87|0.43|0.58, date:0.59|0.22|0.32, total:0.64|0.19|0.29
epoch:137, loss: 0.48040226433012223, other:0.86|0.98|0.92, company:0.85|0.58|0.69, address:0.85|0.47|0.61, date:0.53|0.26|0.35, total:0.57|0.20|0.30
epoch:138, loss: 0.4847038620048099, other:0.86|0.98|0.92, company:0.86|0.53|0.66, address:0.82|0.46|0.59, date:0.52|0.25|0.34, total:0.59|0.21|0.31
epoch:139, loss: 0.4923497747491907, other:0.87|0.98|0.92, company:0.87|0.55|0.67, address:0.83|0.48|0.60, date:0.49|0.26|0.34, total:0.53|0.22|0.31
epoch:140, loss: 0.49479854658797934, other:0.87|0.98|0.92, company:0.88|0.53|0.66, address:0.82|0.45|0.58, date:0.51|0.27|0.35, total:0.53|0.21|0.30
epoch:141, loss: 0.47451990511682296, other:0.85|0.98|0.91, company:0.86|0.58|0.69, address:0.86|0.46|0.60, date:0.56|0.24|0.34, total:0.61|0.20|0.30
epoch:142, loss: 0.4867247894958214, other:0.85|0.98|0.91, company:0.87|0.53|0.66, address:0.83|0.45|0.58, date:0.54|0.24|0.33, total:0.62|0.20|0.31
epoch:143, loss: 0.4882953431871202, other:0.86|0.98|0.91, company:0.87|0.54|0.67, address:0.84|0.45|0.58, date:0.53|0.24|0.33, total:0.57|0.21|0.31
epoch:144, loss: 0.48078121300096865, other:0.86|0.98|0.91, company:0.86|0.58|0.70, address:0.87|0.45|0.59, date:0.53|0.25|0.34, total:0.58|0.21|0.31
epoch:145, loss: 0.4966543239575845, other:0.87|0.98|0.92, company:0.87|0.53|0.66, address:0.82|0.46|0.59, date:0.50|0.27|0.35, total:0.53|0.21|0.30
epoch:146, loss: 0.4828366427509873, other:0.86|0.98|0.91, company:0.87|0.56|0.68, address:0.85|0.45|0.59, date:0.53|0.24|0.33, total:0.58|0.21|0.30
epoch:147, loss: 0.4789060961317133, other:0.86|0.98|0.92, company:0.84|0.59|0.69, address:0.87|0.46|0.60, date:0.52|0.25|0.34, total:0.54|0.20|0.30
epoch:148, loss: 0.4820698080239473, other:0.86|0.98|0.92, company:0.85|0.56|0.67, address:0.84|0.47|0.60, date:0.54|0.25|0.34, total:0.58|0.21|0.30
epoch:149, loss: 0.47481582230991787, other:0.85|0.98|0.91, company:0.84|0.59|0.69, address:0.88|0.45|0.59, date:0.54|0.24|0.33, total:0.62|0.19|0.30
epoch:150, loss: 0.4844310261585094, other:0.86|0.98|0.91, company:0.87|0.53|0.66, address:0.82|0.46|0.59, date:0.53|0.24|0.33, total:0.59|0.21|0.30
epoch:151, loss: 0.47656921214527553, other:0.85|0.98|0.91, company:0.85|0.57|0.69, address:0.86|0.45|0.59, date:0.54|0.24|0.33, total:0.61|0.20|0.30
epoch:152, loss: 0.46956961574377837, other:0.84|0.98|0.90, company:0.82|0.62|0.71, address:0.90|0.45|0.60, date:0.57|0.22|0.32, total:0.63|0.19|0.30
epoch:153, loss: 0.47304311284312495, other:0.86|0.98|0.91, company:0.83|0.62|0.71, address:0.89|0.46|0.61, date:0.54|0.23|0.33, total:0.59|0.20|0.30
epoch:154, loss: 0.47675731115871006, other:0.84|0.98|0.90, company:0.86|0.57|0.69, address:0.86|0.44|0.59, date:0.58|0.22|0.32, total:0.64|0.19|0.29
epoch:155, loss: 0.47474257592801694, other:0.87|0.98|0.92, company:0.85|0.58|0.69, address:0.86|0.47|0.61, date:0.52|0.26|0.35, total:0.57|0.21|0.31
epoch:156, loss: 0.46650573059364603, other:0.85|0.98|0.91, company:0.83|0.63|0.72, address:0.89|0.45|0.60, date:0.57|0.24|0.34, total:0.60|0.20|0.30
epoch:157, loss: 0.4701262226811162, other:0.85|0.98|0.91, company:0.86|0.59|0.70, address:0.86|0.46|0.60, date:0.57|0.25|0.35, total:0.62|0.20|0.31
epoch:158, loss: 0.48522260122829014, other:0.88|0.98|0.92, company:0.87|0.55|0.67, address:0.82|0.49|0.61, date:0.49|0.28|0.36, total:0.58|0.22|0.32
epoch:159, loss: 0.4796497976338422, other:0.87|0.98|0.92, company:0.86|0.59|0.70, address:0.85|0.48|0.62, date:0.51|0.27|0.35, total:0.54|0.21|0.31
epoch:160, loss: 0.47731209242785416, other:0.87|0.98|0.92, company:0.87|0.58|0.69, address:0.85|0.48|0.61, date:0.52|0.26|0.34, total:0.55|0.22|0.31
epoch:161, loss: 0.47719305753707886, other:0.86|0.98|0.92, company:0.86|0.55|0.67, address:0.82|0.48|0.60, date:0.53|0.25|0.34, total:0.59|0.21|0.31
epoch:162, loss: 0.48182366181302955, other:0.87|0.98|0.92, company:0.87|0.56|0.68, address:0.84|0.47|0.61, date:0.52|0.26|0.35, total:0.53|0.21|0.31
epoch:163, loss: 0.48303953144285416, other:0.86|0.98|0.92, company:0.87|0.54|0.67, address:0.83|0.46|0.59, date:0.53|0.25|0.34, total:0.56|0.21|0.31
epoch:164, loss: 0.46945845308127226, other:0.86|0.98|0.91, company:0.86|0.58|0.69, address:0.86|0.47|0.61, date:0.55|0.24|0.33, total:0.59|0.21|0.31
epoch:165, loss: 0.48504568691606875, other:0.87|0.98|0.92, company:0.88|0.55|0.67, address:0.83|0.47|0.60, date:0.51|0.27|0.35, total:0.55|0.21|0.31
epoch:166, loss: 0.4751778719601808, other:0.87|0.98|0.92, company:0.86|0.57|0.69, address:0.85|0.47|0.61, date:0.54|0.25|0.34, total:0.55|0.22|0.31
epoch:167, loss: 0.4727055573904956, other:0.85|0.98|0.91, company:0.85|0.58|0.69, address:0.86|0.46|0.60, date:0.57|0.24|0.33, total:0.58|0.21|0.30
epoch:168, loss: 0.46663081535586604, other:0.84|0.98|0.91, company:0.85|0.61|0.71, address:0.88|0.46|0.60, date:0.60|0.23|0.33, total:0.63|0.21|0.31
epoch:169, loss: 0.47037487339090417, other:0.85|0.98|0.91, company:0.85|0.61|0.71, address:0.87|0.46|0.60, date:0.56|0.24|0.34, total:0.60|0.20|0.30
epoch:170, loss: 0.4683529469701979, other:0.85|0.98|0.91, company:0.84|0.58|0.69, address:0.86|0.47|0.61, date:0.54|0.24|0.33, total:0.65|0.20|0.31
epoch:171, loss: 0.4727520203148877, other:0.85|0.98|0.91, company:0.86|0.59|0.70, address:0.86|0.46|0.60, date:0.55|0.25|0.34, total:0.61|0.20|0.30
epoch:172, loss: 0.46709641924610845, other:0.84|0.98|0.90, company:0.83|0.62|0.71, address:0.88|0.45|0.59, date:0.58|0.22|0.32, total:0.64|0.20|0.30
epoch:173, loss: 0.46966350188961736, other:0.84|0.98|0.90, company:0.85|0.58|0.69, address:0.86|0.46|0.60, date:0.56|0.23|0.33, total:0.66|0.19|0.29
epoch:174, loss: 0.4680816211082317, other:0.83|0.98|0.90, company:0.83|0.63|0.72, address:0.90|0.44|0.59, date:0.61|0.22|0.32, total:0.65|0.18|0.29
epoch:175, loss: 0.47539505583268626, other:0.87|0.98|0.92, company:0.86|0.57|0.68, address:0.84|0.48|0.61, date:0.52|0.28|0.36, total:0.60|0.21|0.31
epoch:176, loss: 0.4678982275503653, other:0.86|0.98|0.92, company:0.83|0.60|0.70, address:0.86|0.48|0.62, date:0.56|0.26|0.35, total:0.60|0.21|0.31
epoch:177, loss: 0.4734709450492152, other:0.85|0.98|0.91, company:0.87|0.56|0.68, address:0.84|0.46|0.59, date:0.56|0.25|0.34, total:0.62|0.20|0.30
epoch:178, loss: 0.47422120306226945, other:0.86|0.98|0.92, company:0.86|0.56|0.68, address:0.85|0.46|0.60, date:0.53|0.25|0.35, total:0.58|0.21|0.31
epoch:179, loss: 0.4779537331174921, other:0.87|0.98|0.92, company:0.88|0.57|0.69, address:0.84|0.49|0.62, date:0.52|0.27|0.36, total:0.58|0.22|0.32
epoch:180, loss: 0.464234529821961, other:0.86|0.98|0.92, company:0.85|0.58|0.69, address:0.86|0.47|0.61, date:0.56|0.25|0.35, total:0.60|0.21|0.31
epoch:181, loss: 0.4719678461551666, other:0.87|0.98|0.92, company:0.86|0.59|0.70, address:0.85|0.49|0.62, date:0.53|0.27|0.36, total:0.57|0.22|0.31
epoch:182, loss: 0.47288462188508773, other:0.86|0.98|0.92, company:0.85|0.59|0.70, address:0.88|0.46|0.61, date:0.52|0.26|0.35, total:0.59|0.21|0.31
epoch:183, loss: 0.46658321663185404, other:0.85|0.98|0.91, company:0.85|0.59|0.70, address:0.87|0.45|0.60, date:0.56|0.24|0.33, total:0.61|0.20|0.31
epoch:184, loss: 0.46675405789304664, other:0.86|0.98|0.91, company:0.85|0.61|0.71, address:0.88|0.46|0.61, date:0.56|0.25|0.35, total:0.59|0.21|0.30
epoch:185, loss: 0.4733253088262346, other:0.84|0.98|0.91, company:0.86|0.56|0.68, address:0.85|0.45|0.59, date:0.56|0.24|0.34, total:0.62|0.19|0.29
epoch:186, loss: 0.4696766259493651, other:0.85|0.98|0.91, company:0.86|0.58|0.69, address:0.86|0.45|0.59, date:0.58|0.23|0.33, total:0.60|0.20|0.30
epoch:187, loss: 0.4782708861209728, other:0.86|0.98|0.91, company:0.86|0.56|0.68, address:0.85|0.46|0.60, date:0.51|0.26|0.35, total:0.61|0.20|0.30
epoch:188, loss: 0.47660741099604853, other:0.84|0.98|0.91, company:0.88|0.51|0.65, address:0.81|0.45|0.58, date:0.59|0.24|0.34, total:0.65|0.19|0.30
epoch:189, loss: 0.47010930048094857, other:0.84|0.98|0.91, company:0.85|0.56|0.68, address:0.84|0.47|0.60, date:0.56|0.25|0.34, total:0.69|0.19|0.30
epoch:190, loss: 0.4673126284722929, other:0.83|0.98|0.90, company:0.86|0.57|0.69, address:0.87|0.45|0.59, date:0.60|0.23|0.33, total:0.69|0.19|0.30
epoch:191, loss: 0.467164667668166, other:0.84|0.98|0.90, company:0.86|0.57|0.69, address:0.86|0.45|0.59, date:0.59|0.23|0.33, total:0.64|0.19|0.30
epoch:192, loss: 0.4641613761583964, other:0.85|0.98|0.91, company:0.85|0.59|0.70, address:0.87|0.46|0.60, date:0.59|0.24|0.34, total:0.65|0.20|0.31
epoch:193, loss: 0.4694217410352495, other:0.86|0.98|0.92, company:0.87|0.57|0.69, address:0.85|0.47|0.60, date:0.56|0.26|0.35, total:0.59|0.21|0.31
epoch:194, loss: 0.4633274089407038, other:0.85|0.98|0.91, company:0.84|0.61|0.71, address:0.87|0.48|0.62, date:0.56|0.24|0.34, total:0.66|0.20|0.31
epoch:195, loss: 0.4617314338684082, other:0.86|0.98|0.91, company:0.85|0.60|0.70, address:0.87|0.47|0.61, date:0.59|0.25|0.35, total:0.61|0.21|0.31
epoch:196, loss: 0.47169644633928937, other:0.84|0.98|0.91, company:0.87|0.56|0.68, address:0.85|0.45|0.59, date:0.57|0.24|0.34, total:0.63|0.20|0.30
epoch:197, loss: 0.4675351315074497, other:0.86|0.98|0.91, company:0.86|0.59|0.70, address:0.86|0.47|0.61, date:0.54|0.27|0.36, total:0.63|0.20|0.31
epoch:198, loss: 0.4704578761701231, other:0.86|0.98|0.91, company:0.86|0.57|0.68, address:0.84|0.47|0.60, date:0.55|0.25|0.35, total:0.62|0.21|0.31
epoch:199, loss: 0.46793233575644316, other:0.86|0.98|0.92, company:0.84|0.58|0.69, address:0.86|0.48|0.61, date:0.55|0.26|0.35, total:0.60|0.21|0.32
epoch:200, loss: 0.4716245576187416, other:0.86|0.98|0.92, company:0.86|0.58|0.69, address:0.85|0.48|0.61, date:0.55|0.26|0.35, total:0.59|0.21|0.31
epoch:201, loss: 0.4665772627901148, other:0.85|0.98|0.91, company:0.83|0.61|0.70, address:0.88|0.46|0.60, date:0.58|0.23|0.33, total:0.62|0.20|0.31
epoch:202, loss: 0.4717167582776811, other:0.86|0.98|0.91, company:0.86|0.59|0.70, address:0.86|0.46|0.60, date:0.53|0.26|0.35, total:0.62|0.21|0.31
epoch:203, loss: 0.4702546110859624, other:0.85|0.98|0.91, company:0.84|0.58|0.68, address:0.87|0.46|0.60, date:0.54|0.25|0.34, total:0.65|0.21|0.31
epoch:204, loss: 0.48174089082965144, other:0.85|0.98|0.91, company:0.88|0.51|0.65, address:0.82|0.45|0.58, date:0.55|0.25|0.34, total:0.60|0.20|0.30
epoch:205, loss: 0.47189724997237875, other:0.86|0.98|0.91, company:0.87|0.57|0.69, address:0.85|0.47|0.61, date:0.53|0.26|0.35, total:0.63|0.20|0.31
epoch:206, loss: 0.4662360869072102, other:0.86|0.98|0.92, company:0.85|0.60|0.70, address:0.87|0.48|0.62, date:0.53|0.26|0.34, total:0.60|0.21|0.31
epoch:207, loss: 0.4613260328769684, other:0.87|0.98|0.92, company:0.84|0.61|0.71, address:0.87|0.47|0.61, date:0.55|0.26|0.35, total:0.58|0.22|0.32
epoch:208, loss: 0.4878346456421746, other:0.88|0.98|0.93, company:0.87|0.53|0.66, address:0.82|0.50|0.62, date:0.50|0.30|0.37, total:0.54|0.23|0.32
epoch:209, loss: 0.4717552695009444, other:0.86|0.98|0.91, company:0.86|0.55|0.67, address:0.85|0.46|0.60, date:0.57|0.25|0.35, total:0.59|0.21|0.31
epoch:210, loss: 0.4591504754843535, other:0.84|0.98|0.91, company:0.84|0.60|0.70, address:0.87|0.45|0.60, date:0.60|0.23|0.34, total:0.64|0.20|0.31
epoch:211, loss: 0.46525948025562147, other:0.85|0.98|0.91, company:0.86|0.57|0.68, address:0.86|0.46|0.60, date:0.55|0.25|0.35, total:0.67|0.20|0.31
epoch:212, loss: 0.4631743574583972, other:0.85|0.98|0.91, company:0.84|0.60|0.70, address:0.87|0.46|0.60, date:0.57|0.25|0.34, total:0.65|0.20|0.31
epoch:213, loss: 0.46652140661522196, other:0.83|0.98|0.90, company:0.86|0.56|0.68, address:0.87|0.45|0.59, date:0.59|0.23|0.33, total:0.70|0.20|0.31
epoch:214, loss: 0.4661483852951615, other:0.86|0.98|0.92, company:0.85|0.57|0.68, address:0.86|0.47|0.61, date:0.55|0.26|0.35, total:0.60|0.21|0.31
epoch:215, loss: 0.4605288373099433, other:0.84|0.98|0.90, company:0.84|0.60|0.70, address:0.89|0.45|0.60, date:0.60|0.23|0.34, total:0.67|0.20|0.30
epoch:216, loss: 0.45911811457739937, other:0.85|0.98|0.91, company:0.83|0.59|0.69, address:0.88|0.46|0.60, date:0.57|0.26|0.36, total:0.63|0.21|0.31
epoch:217, loss: 0.4723132076086821, other:0.86|0.98|0.92, company:0.86|0.56|0.68, address:0.85|0.47|0.61, date:0.58|0.26|0.36, total:0.60|0.21|0.31
epoch:218, loss: 0.4631989708653203, other:0.86|0.98|0.91, company:0.84|0.57|0.68, address:0.86|0.47|0.60, date:0.56|0.25|0.35, total:0.62|0.21|0.31
epoch:219, loss: 0.46052004231346977, other:0.84|0.98|0.90, company:0.82|0.63|0.71, address:0.91|0.45|0.60, date:0.61|0.23|0.34, total:0.64|0.20|0.31
epoch:220, loss: 0.46425253925500093, other:0.86|0.98|0.91, company:0.84|0.59|0.69, address:0.88|0.47|0.61, date:0.55|0.25|0.35, total:0.60|0.21|0.31
epoch:221, loss: 0.4605296419726478, other:0.85|0.98|0.91, company:0.85|0.60|0.70, address:0.88|0.46|0.61, date:0.58|0.24|0.34, total:0.59|0.21|0.31
epoch:222, loss: 0.45388804541693795, other:0.85|0.98|0.91, company:0.83|0.62|0.71, address:0.89|0.46|0.61, date:0.60|0.25|0.35, total:0.64|0.21|0.32
epoch:223, loss: 0.4625491908303014, other:0.86|0.98|0.92, company:0.84|0.60|0.70, address:0.87|0.48|0.62, date:0.57|0.26|0.36, total:0.60|0.22|0.32
epoch:224, loss: 0.4662646209752118, other:0.86|0.98|0.92, company:0.85|0.57|0.69, address:0.86|0.47|0.61, date:0.55|0.27|0.37, total:0.62|0.21|0.32
epoch:225, loss: 0.4590124256081051, other:0.85|0.98|0.91, company:0.84|0.60|0.70, address:0.87|0.47|0.61, date:0.59|0.25|0.35, total:0.60|0.21|0.31
epoch:226, loss: 0.4543781137024915, other:0.86|0.98|0.91, company:0.83|0.63|0.72, address:0.88|0.47|0.61, date:0.59|0.25|0.35, total:0.63|0.21|0.32
epoch:227, loss: 0.47121866875224644, other:0.87|0.98|0.92, company:0.85|0.57|0.69, address:0.86|0.47|0.61, date:0.54|0.28|0.37, total:0.53|0.22|0.31
epoch:228, loss: 0.4633256506036829, other:0.85|0.98|0.91, company:0.86|0.58|0.69, address:0.86|0.48|0.61, date:0.57|0.25|0.34, total:0.63|0.20|0.30
epoch:229, loss: 0.460626948762823, other:0.86|0.98|0.92, company:0.81|0.65|0.72, address:0.90|0.46|0.61, date:0.55|0.25|0.35, total:0.59|0.21|0.32
epoch:230, loss: 0.46865019312611333, other:0.86|0.98|0.92, company:0.87|0.57|0.69, address:0.85|0.49|0.62, date:0.55|0.27|0.36, total:0.62|0.21|0.32
epoch:231, loss: 0.460965425879867, other:0.86|0.98|0.92, company:0.84|0.60|0.70, address:0.86|0.48|0.62, date:0.56|0.26|0.36, total:0.62|0.21|0.32
epoch:232, loss: 0.4614413016372257, other:0.86|0.98|0.91, company:0.85|0.59|0.70, address:0.86|0.47|0.61, date:0.56|0.25|0.35, total:0.62|0.21|0.32
epoch:233, loss: 0.46733796155011215, other:0.88|0.98|0.92, company:0.85|0.59|0.70, address:0.85|0.49|0.63, date:0.55|0.26|0.35, total:0.53|0.23|0.32
epoch:234, loss: 0.4665378276948576, other:0.84|0.98|0.91, company:0.86|0.57|0.68, address:0.86|0.45|0.59, date:0.59|0.23|0.33, total:0.66|0.20|0.30
epoch:235, loss: 0.4662515123685201, other:0.86|0.98|0.92, company:0.86|0.58|0.69, address:0.86|0.47|0.61, date:0.57|0.26|0.36, total:0.60|0.21|0.31
epoch:236, loss: 0.4682904537077303, other:0.86|0.98|0.92, company:0.87|0.55|0.67, address:0.84|0.46|0.60, date:0.56|0.27|0.36, total:0.59|0.21|0.31
epoch:237, loss: 0.465413361787796, other:0.85|0.98|0.91, company:0.84|0.59|0.70, address:0.88|0.45|0.60, date:0.57|0.23|0.33, total:0.61|0.21|0.31
epoch:238, loss: 0.47467078102959526, other:0.85|0.98|0.91, company:0.88|0.53|0.66, address:0.82|0.46|0.59, date:0.55|0.26|0.35, total:0.64|0.21|0.31
epoch:239, loss: 0.4673343852714256, other:0.84|0.98|0.90, company:0.85|0.55|0.67, address:0.85|0.44|0.58, date:0.61|0.23|0.33, total:0.67|0.20|0.31
epoch:240, loss: 0.4648303179829209, other:0.86|0.98|0.92, company:0.87|0.57|0.69, address:0.84|0.48|0.61, date:0.57|0.26|0.36, total:0.63|0.21|0.31
epoch:241, loss: 0.46883138572728195, other:0.85|0.98|0.91, company:0.87|0.55|0.67, address:0.83|0.47|0.60, date:0.57|0.26|0.35, total:0.66|0.20|0.31
epoch:242, loss: 0.46623291351177076, other:0.85|0.98|0.91, company:0.83|0.56|0.67, address:0.86|0.45|0.60, date:0.55|0.25|0.34, total:0.63|0.21|0.31
epoch:243, loss: 0.4712868211445985, other:0.85|0.98|0.91, company:0.85|0.55|0.67, address:0.84|0.45|0.59, date:0.60|0.25|0.35, total:0.66|0.20|0.31
epoch:244, loss: 0.47801280794320283, other:0.86|0.98|0.92, company:0.88|0.52|0.65, address:0.81|0.47|0.59, date:0.57|0.27|0.37, total:0.62|0.21|0.31
epoch:245, loss: 0.4593890806039174, other:0.85|0.98|0.91, company:0.84|0.58|0.69, address:0.87|0.46|0.60, date:0.57|0.26|0.35, total:0.61|0.21|0.31
epoch:246, loss: 0.46239008395760145, other:0.86|0.98|0.92, company:0.85|0.59|0.69, address:0.86|0.48|0.62, date:0.58|0.25|0.35, total:0.60|0.22|0.32
epoch:247, loss: 0.4632634001749533, other:0.87|0.98|0.92, company:0.85|0.58|0.69, address:0.86|0.49|0.62, date:0.56|0.26|0.35, total:0.62|0.22|0.32
epoch:248, loss: 0.47152501234301814, other:0.84|0.98|0.91, company:0.86|0.54|0.66, address:0.85|0.45|0.59, date:0.60|0.24|0.35, total:0.65|0.20|0.31
epoch:249, loss: 0.46011677715513444, other:0.86|0.98|0.92, company:0.86|0.58|0.69, address:0.85|0.48|0.62, date:0.58|0.26|0.36, total:0.64|0.21|0.32
epoch:250, loss: 0.4613129927052392, other:0.87|0.98|0.92, company:0.84|0.60|0.70, address:0.87|0.49|0.63, date:0.55|0.27|0.36, total:0.62|0.21|0.32
epoch:251, loss: 0.4563107004872075, other:0.85|0.98|0.91, company:0.84|0.60|0.70, address:0.88|0.46|0.60, date:0.58|0.24|0.34, total:0.66|0.20|0.31
epoch:252, loss: 0.4576145454689308, other:0.85|0.98|0.91, company:0.86|0.59|0.70, address:0.87|0.46|0.60, date:0.58|0.26|0.36, total:0.65|0.21|0.31
epoch:253, loss: 0.454636718387957, other:0.85|0.98|0.91, company:0.82|0.64|0.72, address:0.91|0.45|0.61, date:0.60|0.24|0.34, total:0.62|0.20|0.30
epoch:254, loss: 0.4585026171472337, other:0.86|0.98|0.92, company:0.83|0.60|0.70, address:0.88|0.48|0.62, date:0.56|0.26|0.35, total:0.58|0.22|0.31
epoch:255, loss: 0.45473251629758765, other:0.84|0.98|0.91, company:0.81|0.65|0.72, address:0.90|0.46|0.61, date:0.60|0.24|0.34, total:0.67|0.19|0.30
epoch:256, loss: 0.45819533754278113, other:0.84|0.98|0.91, company:0.84|0.63|0.72, address:0.90|0.45|0.60, date:0.61|0.23|0.33, total:0.62|0.21|0.31
epoch:257, loss: 0.4612698488765293, other:0.85|0.98|0.91, company:0.86|0.59|0.70, address:0.88|0.45|0.60, date:0.60|0.24|0.34, total:0.63|0.21|0.31
epoch:258, loss: 0.4697764449649387, other:0.88|0.98|0.92, company:0.86|0.58|0.69, address:0.85|0.50|0.63, date:0.54|0.28|0.37, total:0.57|0.22|0.32
epoch:259, loss: 0.45955801341268754, other:0.86|0.98|0.92, company:0.85|0.63|0.73, address:0.89|0.47|0.61, date:0.56|0.26|0.36, total:0.58|0.21|0.31
epoch:260, loss: 0.46014684438705444, other:0.85|0.98|0.91, company:0.85|0.61|0.71, address:0.89|0.46|0.61, date:0.56|0.26|0.35, total:0.63|0.20|0.31
epoch:261, loss: 0.45221569803025985, other:0.85|0.98|0.91, company:0.85|0.60|0.70, address:0.87|0.48|0.62, date:0.58|0.25|0.35, total:0.68|0.21|0.32
epoch:262, loss: 0.45823891847221937, other:0.86|0.98|0.92, company:0.85|0.60|0.71, address:0.87|0.48|0.62, date:0.58|0.27|0.36, total:0.60|0.22|0.32
epoch:263, loss: 0.46217213074366253, other:0.86|0.98|0.92, company:0.87|0.56|0.68, address:0.84|0.49|0.62, date:0.59|0.27|0.37, total:0.62|0.21|0.31
epoch:264, loss: 0.4567734588075567, other:0.86|0.98|0.92, company:0.85|0.60|0.71, address:0.87|0.48|0.62, date:0.57|0.27|0.37, total:0.63|0.21|0.32
epoch:265, loss: 0.4678301689801393, other:0.87|0.98|0.92, company:0.87|0.57|0.69, address:0.85|0.49|0.62, date:0.55|0.28|0.37, total:0.59|0.21|0.31
epoch:266, loss: 0.45451444497814886, other:0.85|0.98|0.91, company:0.84|0.61|0.71, address:0.88|0.47|0.61, date:0.59|0.25|0.35, total:0.66|0.21|0.31
epoch:267, loss: 0.4527504190250679, other:0.85|0.98|0.91, company:0.85|0.62|0.72, address:0.90|0.46|0.61, date:0.57|0.25|0.35, total:0.62|0.22|0.32
epoch:268, loss: 0.4577322105566661, other:0.86|0.98|0.92, company:0.86|0.60|0.71, address:0.88|0.47|0.62, date:0.55|0.27|0.36, total:0.60|0.21|0.32
epoch:269, loss: 0.45447708831893074, other:0.85|0.98|0.91, company:0.87|0.58|0.70, address:0.87|0.48|0.62, date:0.59|0.26|0.36, total:0.66|0.21|0.32
epoch:270, loss: 0.46348611624152575, other:0.87|0.98|0.92, company:0.86|0.57|0.68, address:0.85|0.49|0.62, date:0.55|0.29|0.38, total:0.62|0.21|0.32
epoch:271, loss: 0.45424968666500515, other:0.87|0.98|0.92, company:0.84|0.63|0.72, address:0.88|0.50|0.63, date:0.57|0.27|0.36, total:0.60|0.21|0.32
epoch:272, loss: 0.45941604397915026, other:0.85|0.98|0.91, company:0.88|0.56|0.68, address:0.86|0.47|0.61, date:0.59|0.24|0.34, total:0.66|0.21|0.31
epoch:273, loss: 0.46283131617086903, other:0.85|0.98|0.91, company:0.87|0.57|0.69, address:0.87|0.46|0.60, date:0.58|0.26|0.36, total:0.64|0.20|0.31
epoch:274, loss: 0.4541713794072469, other:0.85|0.98|0.91, company:0.86|0.59|0.70, address:0.87|0.47|0.61, date:0.58|0.26|0.36, total:0.64|0.21|0.31
epoch:275, loss: 0.45926516033985, other:0.86|0.98|0.91, company:0.85|0.60|0.70, address:0.88|0.47|0.62, date:0.57|0.26|0.36, total:0.60|0.21|0.31
epoch:276, loss: 0.455636669088293, other:0.85|0.98|0.91, company:0.86|0.59|0.70, address:0.87|0.46|0.61, date:0.60|0.24|0.35, total:0.65|0.20|0.31
epoch:277, loss: 0.46524034826843824, other:0.86|0.98|0.92, company:0.87|0.58|0.69, address:0.85|0.49|0.62, date:0.58|0.25|0.35, total:0.62|0.21|0.31
epoch:278, loss: 0.4575298031171163, other:0.86|0.98|0.92, company:0.85|0.60|0.71, address:0.88|0.47|0.62, date:0.56|0.26|0.36, total:0.60|0.21|0.31
epoch:279, loss: 0.4610698465947752, other:0.87|0.98|0.92, company:0.86|0.59|0.70, address:0.86|0.49|0.63, date:0.55|0.28|0.37, total:0.62|0.21|0.32
epoch:280, loss: 0.45343723782786616, other:0.84|0.98|0.91, company:0.85|0.59|0.70, address:0.88|0.46|0.60, date:0.59|0.25|0.35, total:0.69|0.20|0.31
epoch:281, loss: 0.463336956721765, other:0.86|0.98|0.92, company:0.88|0.56|0.68, address:0.85|0.48|0.61, date:0.57|0.27|0.36, total:0.63|0.21|0.31
epoch:282, loss: 0.4666151327115518, other:0.86|0.98|0.91, company:0.88|0.55|0.68, address:0.85|0.47|0.61, date:0.57|0.26|0.36, total:0.62|0.20|0.31
epoch:283, loss: 0.46829536667576543, other:0.86|0.98|0.92, company:0.88|0.57|0.69, address:0.85|0.48|0.61, date:0.57|0.26|0.36, total:0.59|0.21|0.32
epoch:284, loss: 0.46960639401718424, other:0.86|0.98|0.92, company:0.88|0.53|0.66, address:0.82|0.49|0.62, date:0.57|0.27|0.37, total:0.64|0.21|0.31
epoch:285, loss: 0.4546987999368597, other:0.85|0.98|0.91, company:0.84|0.59|0.70, address:0.88|0.47|0.61, date:0.58|0.25|0.35, total:0.66|0.19|0.30
epoch:286, loss: 0.46212572080117686, other:0.86|0.98|0.91, company:0.86|0.58|0.69, address:0.87|0.46|0.61, date:0.56|0.25|0.35, total:0.59|0.21|0.31
epoch:287, loss: 0.4659782162419072, other:0.85|0.98|0.91, company:0.87|0.57|0.69, address:0.87|0.45|0.60, date:0.59|0.25|0.35, total:0.62|0.21|0.31
epoch:288, loss: 0.4570995370546977, other:0.86|0.98|0.92, company:0.85|0.58|0.69, address:0.87|0.47|0.61, date:0.57|0.27|0.36, total:0.61|0.21|0.31
epoch:289, loss: 0.46263784170150757, other:0.87|0.98|0.92, company:0.84|0.62|0.72, address:0.89|0.47|0.61, date:0.56|0.27|0.37, total:0.53|0.22|0.31
epoch:290, loss: 0.463367294382166, other:0.86|0.98|0.92, company:0.85|0.58|0.69, address:0.87|0.47|0.61, date:0.58|0.26|0.35, total:0.57|0.22|0.31
epoch:291, loss: 0.47269498860394515, other:0.87|0.98|0.92, company:0.89|0.54|0.67, address:0.83|0.48|0.61, date:0.56|0.27|0.36, total:0.61|0.21|0.32
epoch:292, loss: 0.45378044468385204, other:0.86|0.98|0.92, company:0.84|0.61|0.71, address:0.88|0.47|0.61, date:0.59|0.26|0.36, total:0.60|0.22|0.32
epoch:293, loss: 0.4576271485399317, other:0.86|0.98|0.92, company:0.86|0.57|0.69, address:0.86|0.48|0.62, date:0.57|0.27|0.37, total:0.62|0.21|0.31
epoch:294, loss: 0.45540181354240133, other:0.84|0.98|0.91, company:0.86|0.59|0.70, address:0.88|0.46|0.60, date:0.60|0.25|0.35, total:0.67|0.20|0.31
epoch:295, loss: 0.4567142139982294, other:0.86|0.98|0.92, company:0.86|0.58|0.70, address:0.86|0.48|0.62, date:0.59|0.26|0.36, total:0.62|0.21|0.32
epoch:296, loss: 0.45055517333525197, other:0.85|0.98|0.91, company:0.83|0.64|0.72, address:0.89|0.47|0.62, date:0.61|0.25|0.35, total:0.62|0.21|0.31
epoch:297, loss: 0.4539819028642442, other:0.86|0.98|0.92, company:0.84|0.61|0.71, address:0.89|0.47|0.61, date:0.58|0.26|0.36, total:0.62|0.21|0.31
epoch:298, loss: 0.4598674917662585, other:0.87|0.98|0.92, company:0.87|0.57|0.69, address:0.85|0.49|0.62, date:0.59|0.28|0.38, total:0.61|0.22|0.32
epoch:299, loss: 0.4550067594757787, other:0.84|0.98|0.91, company:0.85|0.59|0.70, address:0.88|0.45|0.60, date:0.61|0.24|0.34, total:0.64|0.21|0.32
