epoch:0, loss: 1.3288697431672294, other:0.36|0.97|0.53, company:0.00|0.00|0.00, address:0.60|0.15|0.24, date:0.47|0.03|0.06, total:0.61|0.06|0.10
epoch:1, loss: 0.7542371345016191, other:0.55|0.96|0.70, company:0.00|0.00|0.00, address:0.76|0.13|0.22, date:0.15|0.02|0.04, total:0.35|0.09|0.14
epoch:2, loss: 0.5380651709043754, other:0.60|0.96|0.74, company:0.00|0.00|0.00, address:0.85|0.12|0.22, date:0.03|0.02|0.03, total:0.33|0.09|0.14
epoch:3, loss: 0.4814372917391219, other:0.62|0.96|0.76, company:0.00|0.00|0.00, address:0.88|0.14|0.25, date:0.01|0.01|0.01, total:0.45|0.08|0.14
epoch:4, loss: 0.48510808483609613, other:0.63|0.97|0.76, company:0.00|0.00|0.00, address:0.90|0.16|0.27, date:0.02|0.03|0.03, total:0.52|0.07|0.13
epoch:5, loss: 0.4619210373680547, other:0.68|0.96|0.80, company:0.00|0.00|0.00, address:0.87|0.18|0.30, date:0.05|0.05|0.05, total:0.48|0.09|0.14
epoch:6, loss: 0.42398147538023173, other:0.61|0.97|0.75, company:0.00|0.00|0.00, address:0.93|0.19|0.32, date:0.03|0.02|0.03, total:0.60|0.07|0.13
epoch:7, loss: 0.3989636588771388, other:0.53|0.98|0.69, company:0.00|0.00|0.00, address:0.96|0.19|0.32, date:0.07|0.03|0.05, total:0.77|0.07|0.12
epoch:8, loss: 0.4218796522549863, other:0.62|0.97|0.75, company:0.00|0.00|0.00, address:0.93|0.21|0.34, date:0.05|0.03|0.03, total:0.60|0.07|0.12
epoch:9, loss: 0.37588616418388654, other:0.53|0.98|0.68, company:0.00|0.00|0.00, address:0.97|0.20|0.34, date:0.10|0.03|0.04, total:0.80|0.07|0.13
epoch:10, loss: 0.36860229834070746, other:0.55|0.98|0.71, company:0.00|0.00|0.00, address:0.96|0.23|0.37, date:0.15|0.03|0.05, total:0.76|0.07|0.13
epoch:11, loss: 0.3457739915487901, other:0.54|0.98|0.69, company:0.00|0.00|0.00, address:0.97|0.26|0.40, date:0.21|0.04|0.06, total:0.81|0.07|0.13
epoch:12, loss: 0.34358132813336717, other:0.53|0.98|0.69, company:0.00|0.00|0.00, address:0.97|0.27|0.42, date:0.32|0.05|0.08, total:0.79|0.07|0.13
epoch:13, loss: 0.3482029255268709, other:0.53|0.98|0.69, company:0.00|0.00|0.00, address:0.97|0.26|0.41, date:0.31|0.05|0.08, total:0.81|0.07|0.13
epoch:14, loss: 0.37638952850170854, other:0.54|0.98|0.70, company:0.00|0.00|0.00, address:0.96|0.27|0.42, date:0.40|0.05|0.09, total:0.75|0.08|0.14
epoch:15, loss: 0.347732737660408, other:0.57|0.98|0.72, company:0.00|0.00|0.00, address:0.96|0.29|0.44, date:0.40|0.05|0.09, total:0.75|0.08|0.14
epoch:16, loss: 0.347249263018932, other:0.54|0.98|0.69, company:0.00|0.00|0.00, address:0.96|0.29|0.44, date:0.44|0.06|0.10, total:0.79|0.08|0.14
epoch:17, loss: 0.3844403146572833, other:0.57|0.98|0.72, company:0.00|0.00|0.00, address:0.95|0.30|0.45, date:0.44|0.06|0.10, total:0.70|0.08|0.14
epoch:18, loss: 0.3459996890346959, other:0.53|0.98|0.69, company:0.00|0.00|0.00, address:0.96|0.31|0.47, date:0.57|0.06|0.11, total:0.76|0.08|0.14
epoch:19, loss: 0.33714243713414893, other:0.55|0.98|0.71, company:0.00|0.00|0.00, address:0.94|0.33|0.49, date:0.61|0.06|0.12, total:0.72|0.08|0.14
epoch:20, loss: 0.3604480655125852, other:0.58|0.98|0.73, company:0.00|0.00|0.00, address:0.94|0.32|0.48, date:0.57|0.06|0.12, total:0.68|0.08|0.14
epoch:21, loss: 0.3720401100954919, other:0.57|0.98|0.72, company:0.00|0.00|0.00, address:0.95|0.30|0.45, date:0.53|0.06|0.11, total:0.64|0.08|0.15
epoch:22, loss: 0.3748199312754397, other:0.51|0.98|0.67, company:0.00|0.00|0.00, address:0.97|0.28|0.43, date:0.54|0.05|0.09, total:0.75|0.09|0.15
epoch:23, loss: 0.35914993061209627, other:0.49|0.99|0.65, company:0.00|0.00|0.00, address:0.96|0.31|0.46, date:0.67|0.06|0.10, total:0.79|0.08|0.15
epoch:24, loss: 0.3362395740904898, other:0.51|0.99|0.67, company:0.00|0.00|0.00, address:0.97|0.30|0.45, date:0.59|0.05|0.10, total:0.78|0.09|0.16
epoch:25, loss: 0.31403583541231334, other:0.53|0.98|0.69, company:0.00|0.00|0.00, address:0.98|0.30|0.45, date:0.58|0.06|0.11, total:0.76|0.09|0.15
epoch:26, loss: 0.32250925673628755, other:0.57|0.98|0.72, company:0.03|0.54|0.06, address:0.94|0.35|0.51, date:0.63|0.06|0.11, total:0.67|0.08|0.15
epoch:27, loss: 0.2980733480093614, other:0.58|0.98|0.73, company:0.07|0.54|0.12, address:0.95|0.35|0.51, date:0.66|0.07|0.12, total:0.69|0.09|0.16
epoch:28, loss: 0.30667697427407753, other:0.51|0.99|0.67, company:0.20|0.54|0.29, address:0.96|0.34|0.50, date:0.67|0.06|0.11, total:0.83|0.08|0.15
epoch:29, loss: 0.28430831910304305, other:0.54|0.98|0.69, company:0.38|0.53|0.44, address:0.92|0.37|0.52, date:0.70|0.06|0.12, total:0.78|0.09|0.16
epoch:30, loss: 0.297039694662364, other:0.53|0.98|0.69, company:0.27|0.46|0.34, address:0.94|0.33|0.49, date:0.63|0.06|0.11, total:0.80|0.09|0.16
epoch:31, loss: 0.27860408206031007, other:0.55|0.98|0.71, company:0.45|0.44|0.44, address:0.90|0.34|0.50, date:0.64|0.06|0.11, total:0.73|0.09|0.16
epoch:32, loss: 0.28448164758254896, other:0.51|0.99|0.68, company:0.49|0.48|0.49, address:0.90|0.36|0.51, date:0.67|0.06|0.11, total:0.84|0.09|0.17
epoch:33, loss: 0.28433700327603323, other:0.54|0.98|0.69, company:0.43|0.47|0.45, address:0.92|0.35|0.51, date:0.67|0.06|0.11, total:0.74|0.09|0.16
epoch:34, loss: 0.2718783040653984, other:0.54|0.98|0.70, company:0.42|0.55|0.47, address:0.94|0.37|0.53, date:0.68|0.06|0.11, total:0.76|0.09|0.16
epoch:35, loss: 0.2861917938263911, other:0.55|0.98|0.71, company:0.35|0.59|0.44, address:0.94|0.37|0.53, date:0.69|0.06|0.12, total:0.74|0.09|0.16
epoch:36, loss: 0.275921956688728, other:0.55|0.98|0.71, company:0.51|0.57|0.54, address:0.91|0.38|0.54, date:0.67|0.06|0.11, total:0.73|0.09|0.16
epoch:37, loss: 0.2871083808395098, other:0.55|0.98|0.70, company:0.61|0.42|0.50, address:0.85|0.37|0.52, date:0.67|0.06|0.11, total:0.75|0.09|0.16
epoch:38, loss: 0.2899855886990169, other:0.53|0.99|0.69, company:0.49|0.47|0.48, address:0.91|0.34|0.50, date:0.68|0.06|0.11, total:0.79|0.09|0.17
epoch:39, loss: 0.28158107498344387, other:0.53|0.98|0.69, company:0.45|0.55|0.50, address:0.93|0.35|0.51, date:0.68|0.06|0.11, total:0.76|0.09|0.17
epoch:40, loss: 0.28656103686904005, other:0.51|0.99|0.67, company:0.47|0.54|0.50, address:0.92|0.36|0.51, date:0.71|0.06|0.11, total:0.79|0.09|0.16
epoch:41, loss: 0.28485623044225405, other:0.53|0.98|0.69, company:0.58|0.47|0.52, address:0.87|0.38|0.53, date:0.73|0.06|0.11, total:0.77|0.09|0.16
epoch:42, loss: 0.2729431177085301, other:0.54|0.98|0.70, company:0.70|0.41|0.52, address:0.82|0.37|0.51, date:0.68|0.06|0.11, total:0.75|0.10|0.17
epoch:43, loss: 0.28064646993605596, other:0.52|0.99|0.68, company:0.57|0.42|0.48, address:0.88|0.35|0.51, date:0.67|0.06|0.10, total:0.77|0.10|0.17
epoch:44, loss: 0.2895796595598167, other:0.52|0.98|0.68, company:0.64|0.45|0.53, address:0.86|0.35|0.50, date:0.67|0.06|0.11, total:0.76|0.09|0.16
epoch:45, loss: 0.2677733300710624, other:0.52|0.99|0.68, company:0.76|0.40|0.52, address:0.75|0.38|0.51, date:0.76|0.06|0.12, total:0.79|0.09|0.16
epoch:46, loss: 0.25962960776293054, other:0.54|0.98|0.70, company:0.58|0.54|0.56, address:0.91|0.40|0.56, date:0.76|0.06|0.12, total:0.74|0.09|0.17
epoch:47, loss: 0.2945028932870559, other:0.59|0.98|0.74, company:0.54|0.58|0.56, address:0.92|0.36|0.52, date:0.66|0.06|0.12, total:0.58|0.09|0.16
epoch:48, loss: 0.2826767054931173, other:0.57|0.98|0.72, company:0.58|0.46|0.51, address:0.89|0.35|0.51, date:0.63|0.06|0.11, total:0.67|0.10|0.17
epoch:49, loss: 0.26816355493271127, other:0.52|0.99|0.68, company:0.55|0.48|0.51, address:0.92|0.38|0.54, date:0.75|0.06|0.12, total:0.80|0.09|0.16
epoch:50, loss: 0.26359162817023835, other:0.55|0.98|0.71, company:0.61|0.48|0.53, address:0.91|0.36|0.52, date:0.69|0.06|0.11, total:0.70|0.10|0.17
epoch:51, loss: 0.2553639991103478, other:0.54|0.98|0.70, company:0.51|0.56|0.53, address:0.93|0.38|0.53, date:0.74|0.06|0.12, total:0.73|0.10|0.17
epoch:52, loss: 0.29774895141709523, other:0.61|0.98|0.75, company:0.61|0.55|0.58, address:0.92|0.36|0.52, date:0.65|0.06|0.11, total:0.50|0.09|0.16
epoch:53, loss: 0.26209214624931226, other:0.55|0.98|0.71, company:0.55|0.54|0.55, address:0.93|0.39|0.55, date:0.77|0.06|0.12, total:0.69|0.10|0.18
epoch:54, loss: 0.27860196103464885, other:0.53|0.99|0.69, company:0.65|0.46|0.54, address:0.90|0.38|0.54, date:0.76|0.06|0.11, total:0.73|0.10|0.18
epoch:55, loss: 0.2671883446428011, other:0.56|0.98|0.71, company:0.68|0.48|0.56, address:0.88|0.36|0.52, date:0.71|0.06|0.11, total:0.69|0.10|0.18
epoch:56, loss: 0.2719052342592545, other:0.56|0.98|0.71, company:0.68|0.45|0.54, address:0.88|0.37|0.52, date:0.71|0.06|0.12, total:0.69|0.10|0.17
epoch:57, loss: 0.2686613459350928, other:0.55|0.98|0.71, company:0.64|0.53|0.58, address:0.91|0.37|0.52, date:0.73|0.06|0.11, total:0.68|0.10|0.17
epoch:58, loss: 0.24472350486606922, other:0.53|0.99|0.69, company:0.78|0.47|0.59, address:0.87|0.37|0.52, date:0.73|0.06|0.11, total:0.78|0.10|0.18
epoch:59, loss: 0.25516382351798833, other:0.51|0.99|0.67, company:0.62|0.55|0.59, address:0.92|0.38|0.53, date:0.78|0.06|0.11, total:0.80|0.10|0.17
epoch:60, loss: 0.2392469640329199, other:0.56|0.98|0.71, company:0.80|0.45|0.58, address:0.85|0.38|0.53, date:0.74|0.07|0.12, total:0.71|0.10|0.17
epoch:61, loss: 0.2740175057694597, other:0.58|0.98|0.73, company:0.75|0.46|0.57, address:0.86|0.42|0.57, date:0.77|0.07|0.12, total:0.61|0.10|0.17
epoch:62, loss: 0.2556842495248003, other:0.55|0.98|0.71, company:0.70|0.54|0.61, address:0.92|0.39|0.54, date:0.76|0.06|0.12, total:0.67|0.10|0.17
epoch:63, loss: 0.25697714244981984, other:0.59|0.98|0.73, company:0.56|0.56|0.56, address:0.95|0.37|0.54, date:0.73|0.06|0.12, total:0.57|0.10|0.17
epoch:64, loss: 0.2584793174041892, other:0.52|0.99|0.68, company:0.64|0.60|0.62, address:0.94|0.36|0.53, date:0.75|0.06|0.11, total:0.75|0.10|0.18
epoch:65, loss: 0.2694168598303255, other:0.57|0.98|0.72, company:0.77|0.48|0.59, address:0.84|0.38|0.52, date:0.74|0.06|0.12, total:0.63|0.10|0.17
epoch:66, loss: 0.2591068595647812, other:0.52|0.99|0.68, company:0.62|0.60|0.61, address:0.94|0.38|0.54, date:0.74|0.06|0.11, total:0.74|0.10|0.17
epoch:67, loss: 0.24656712994822916, other:0.52|0.99|0.68, company:0.61|0.62|0.61, address:0.95|0.39|0.55, date:0.79|0.06|0.11, total:0.74|0.10|0.17
epoch:68, loss: 0.2578826254268862, other:0.57|0.98|0.72, company:0.70|0.51|0.59, address:0.92|0.39|0.54, date:0.74|0.06|0.11, total:0.57|0.10|0.17
epoch:69, loss: 0.2581359530394932, other:0.59|0.98|0.74, company:0.74|0.51|0.61, address:0.90|0.38|0.53, date:0.72|0.06|0.12, total:0.50|0.10|0.16
epoch:70, loss: 0.2748375594053628, other:0.49|0.99|0.66, company:0.64|0.55|0.59, address:0.93|0.36|0.52, date:0.77|0.06|0.11, total:0.78|0.10|0.18
epoch:71, loss: 0.23989719616354638, other:0.54|0.98|0.70, company:0.71|0.58|0.64, address:0.93|0.36|0.52, date:0.75|0.06|0.11, total:0.67|0.10|0.18
epoch:72, loss: 0.25415267781266626, other:0.58|0.98|0.73, company:0.70|0.51|0.59, address:0.90|0.36|0.52, date:0.72|0.06|0.11, total:0.53|0.10|0.17
epoch:73, loss: 0.2278632198302251, other:0.55|0.98|0.71, company:0.67|0.59|0.63, address:0.93|0.37|0.53, date:0.77|0.06|0.11, total:0.65|0.10|0.18
epoch:74, loss: 0.23659792233188198, other:0.55|0.98|0.70, company:0.58|0.61|0.60, address:0.94|0.38|0.54, date:0.75|0.06|0.11, total:0.62|0.10|0.17
epoch:75, loss: 0.25518912779835035, other:0.56|0.98|0.71, company:0.63|0.58|0.60, address:0.95|0.35|0.51, date:0.73|0.06|0.11, total:0.56|0.11|0.18
epoch:76, loss: 0.23056717596526416, other:0.57|0.98|0.72, company:0.76|0.55|0.63, address:0.90|0.39|0.55, date:0.78|0.06|0.12, total:0.60|0.10|0.18
epoch:77, loss: 0.22450110007007168, other:0.56|0.98|0.72, company:0.81|0.49|0.61, address:0.85|0.39|0.53, date:0.78|0.06|0.12, total:0.65|0.11|0.18
epoch:78, loss: 0.2234388253879997, other:0.56|0.98|0.72, company:0.81|0.51|0.63, address:0.87|0.40|0.55, date:0.80|0.06|0.12, total:0.60|0.11|0.18
epoch:79, loss: 0.23322874490382536, other:0.56|0.98|0.71, company:0.81|0.49|0.61, address:0.85|0.37|0.52, date:0.76|0.06|0.11, total:0.62|0.11|0.18
epoch:80, loss: 0.23352724426197555, other:0.55|0.98|0.71, company:0.71|0.58|0.64, address:0.94|0.38|0.54, date:0.78|0.06|0.11, total:0.61|0.11|0.18
epoch:81, loss: 0.29329829972307636, other:0.62|0.98|0.76, company:0.69|0.54|0.61, address:0.90|0.39|0.55, date:0.78|0.07|0.12, total:0.38|0.11|0.17
epoch:82, loss: 0.24103256455569896, other:0.56|0.98|0.72, company:0.73|0.48|0.58, address:0.86|0.38|0.53, date:0.81|0.06|0.11, total:0.56|0.11|0.18
epoch:83, loss: 0.24641477541541154, other:0.55|0.98|0.70, company:0.70|0.49|0.58, address:0.86|0.39|0.53, date:0.83|0.06|0.11, total:0.62|0.11|0.19
epoch:84, loss: 0.23208108108560993, other:0.55|0.98|0.70, company:0.66|0.55|0.60, address:0.92|0.37|0.53, date:0.83|0.06|0.12, total:0.62|0.11|0.19
epoch:85, loss: 0.227156086490964, other:0.56|0.98|0.71, company:0.70|0.53|0.60, address:0.90|0.39|0.54, date:0.82|0.06|0.12, total:0.59|0.10|0.17
epoch:86, loss: 0.24991120468333083, other:0.56|0.98|0.72, company:0.62|0.58|0.60, address:0.95|0.37|0.53, date:0.80|0.06|0.11, total:0.54|0.11|0.18
epoch:87, loss: 0.23825535403107698, other:0.56|0.98|0.72, company:0.75|0.52|0.61, address:0.90|0.39|0.55, date:0.81|0.06|0.11, total:0.55|0.11|0.18
epoch:88, loss: 0.2721340898072945, other:0.59|0.98|0.74, company:0.71|0.50|0.58, address:0.90|0.36|0.52, date:0.76|0.06|0.11, total:0.45|0.11|0.18
epoch:89, loss: 0.2771639208186348, other:0.55|0.98|0.70, company:0.70|0.60|0.65, address:0.92|0.37|0.53, date:0.82|0.06|0.11, total:0.57|0.11|0.18
epoch:90, loss: 0.26327137353847613, other:0.57|0.98|0.72, company:0.74|0.51|0.61, address:0.88|0.38|0.53, date:0.81|0.06|0.11, total:0.46|0.11|0.17
epoch:91, loss: 0.27547599347132556, other:0.58|0.98|0.73, company:0.82|0.47|0.60, address:0.86|0.36|0.51, date:0.77|0.06|0.11, total:0.41|0.11|0.17
epoch:92, loss: 0.2742814333090242, other:0.58|0.98|0.73, company:0.54|0.61|0.57, address:0.95|0.38|0.55, date:0.83|0.06|0.11, total:0.41|0.10|0.17
epoch:93, loss: 0.2759961668612822, other:0.53|0.98|0.69, company:0.70|0.56|0.62, address:0.94|0.36|0.52, date:0.80|0.06|0.10, total:0.52|0.11|0.18
epoch:94, loss: 0.2662795575441055, other:0.58|0.98|0.73, company:0.78|0.48|0.60, address:0.88|0.37|0.52, date:0.78|0.06|0.11, total:0.42|0.11|0.18
epoch:95, loss: 0.268556610593256, other:0.60|0.97|0.74, company:0.69|0.49|0.57, address:0.90|0.37|0.53, date:0.76|0.06|0.11, total:0.34|0.10|0.16
epoch:96, loss: 0.2808459235249825, other:0.58|0.98|0.73, company:0.72|0.54|0.61, address:0.92|0.38|0.54, date:0.80|0.06|0.11, total:0.40|0.11|0.17
epoch:97, loss: 0.2810492590069771, other:0.59|0.97|0.73, company:0.65|0.57|0.61, address:0.94|0.40|0.56, date:0.81|0.06|0.11, total:0.36|0.11|0.17
epoch:98, loss: 0.2756706698323196, other:0.59|0.97|0.74, company:0.67|0.59|0.63, address:0.94|0.39|0.55, date:0.82|0.06|0.11, total:0.36|0.12|0.18
epoch:99, loss: 0.26343834667273286, other:0.57|0.98|0.72, company:0.78|0.52|0.62, address:0.89|0.38|0.54, date:0.82|0.06|0.11, total:0.38|0.11|0.17
epoch:100, loss: 0.2760851318543812, other:0.59|0.98|0.73, company:0.69|0.54|0.60, address:0.93|0.39|0.55, date:0.80|0.06|0.11, total:0.39|0.11|0.18
epoch:101, loss: 0.29792119562625885, other:0.54|0.98|0.69, company:0.64|0.59|0.61, address:0.97|0.36|0.52, date:0.79|0.05|0.10, total:0.47|0.12|0.19
epoch:102, loss: 0.2741918985573751, other:0.58|0.98|0.73, company:0.66|0.58|0.62, address:0.95|0.37|0.53, date:0.81|0.06|0.11, total:0.39|0.11|0.18
epoch:103, loss: 0.27131027925126955, other:0.55|0.98|0.70, company:0.64|0.61|0.62, address:0.94|0.36|0.53, date:0.82|0.06|0.11, total:0.49|0.12|0.19
epoch:104, loss: 0.2884982741385136, other:0.53|0.98|0.69, company:0.79|0.54|0.64, address:0.92|0.37|0.53, date:0.80|0.05|0.10, total:0.52|0.11|0.19
epoch:105, loss: 0.26004398459533473, other:0.57|0.98|0.72, company:0.62|0.60|0.61, address:0.95|0.37|0.53, date:0.80|0.06|0.11, total:0.43|0.11|0.18
epoch:106, loss: 0.2720058894944641, other:0.58|0.98|0.73, company:0.70|0.58|0.63, address:0.95|0.36|0.53, date:0.77|0.06|0.11, total:0.40|0.11|0.18
epoch:107, loss: 0.2691651825916092, other:0.58|0.98|0.72, company:0.76|0.55|0.64, address:0.90|0.36|0.52, date:0.79|0.06|0.11, total:0.45|0.12|0.19
epoch:108, loss: 0.2644647387963421, other:0.58|0.98|0.73, company:0.69|0.55|0.61, address:0.93|0.39|0.55, date:0.80|0.06|0.11, total:0.41|0.11|0.18
epoch:109, loss: 0.26640477888989, other:0.60|0.97|0.74, company:0.69|0.59|0.64, address:0.92|0.38|0.53, date:0.81|0.06|0.11, total:0.31|0.11|0.16
epoch:110, loss: 0.26667175582557356, other:0.60|0.97|0.74, company:0.68|0.59|0.63, address:0.93|0.37|0.53, date:0.80|0.06|0.11, total:0.36|0.11|0.17
epoch:111, loss: 0.2616127571969662, other:0.58|0.97|0.73, company:0.77|0.57|0.66, address:0.92|0.37|0.53, date:0.80|0.06|0.11, total:0.37|0.11|0.17
epoch:112, loss: 0.2955464542193233, other:0.53|0.98|0.69, company:0.68|0.63|0.65, address:0.95|0.36|0.52, date:0.82|0.06|0.10, total:0.54|0.11|0.19
epoch:113, loss: 0.2846376898716081, other:0.58|0.98|0.72, company:0.69|0.59|0.63, address:0.94|0.37|0.53, date:0.79|0.06|0.11, total:0.41|0.11|0.18
epoch:114, loss: 0.281276063255544, other:0.56|0.98|0.72, company:0.72|0.59|0.64, address:0.92|0.38|0.54, date:0.83|0.06|0.11, total:0.46|0.12|0.19
epoch:115, loss: 0.2875915882441233, other:0.56|0.98|0.71, company:0.72|0.55|0.63, address:0.91|0.38|0.53, date:0.81|0.06|0.11, total:0.49|0.12|0.20
epoch:116, loss: 0.28547720456460735, other:0.57|0.98|0.72, company:0.79|0.52|0.63, address:0.86|0.38|0.53, date:0.81|0.06|0.11, total:0.45|0.12|0.19
epoch:117, loss: 0.2911000710051015, other:0.59|0.97|0.73, company:0.69|0.63|0.66, address:0.94|0.39|0.55, date:0.81|0.06|0.11, total:0.35|0.11|0.17
epoch:118, loss: 0.2772596630285371, other:0.61|0.97|0.75, company:0.80|0.53|0.64, address:0.87|0.40|0.55, date:0.81|0.06|0.11, total:0.31|0.10|0.16
epoch:119, loss: 0.2699946605090825, other:0.60|0.97|0.74, company:0.66|0.58|0.61, address:0.92|0.41|0.57, date:0.82|0.06|0.11, total:0.32|0.11|0.17
epoch:120, loss: 0.28010211322667466, other:0.58|0.98|0.73, company:0.66|0.61|0.63, address:0.95|0.37|0.53, date:0.78|0.06|0.11, total:0.37|0.12|0.18
epoch:121, loss: 0.26909454110658393, other:0.57|0.98|0.72, company:0.65|0.61|0.63, address:0.95|0.38|0.54, date:0.82|0.06|0.11, total:0.39|0.12|0.18
epoch:122, loss: 0.2680782322894852, other:0.61|0.97|0.75, company:0.72|0.57|0.63, address:0.93|0.40|0.56, date:0.81|0.06|0.11, total:0.30|0.12|0.17
epoch:123, loss: 0.2570049303039065, other:0.60|0.97|0.74, company:0.60|0.59|0.59, address:0.94|0.37|0.53, date:0.78|0.06|0.11, total:0.35|0.12|0.17
epoch:124, loss: 0.2500968148123543, other:0.58|0.98|0.72, company:0.68|0.61|0.64, address:0.94|0.38|0.54, date:0.81|0.06|0.11, total:0.39|0.12|0.18
epoch:125, loss: 0.2569645896272839, other:0.56|0.98|0.71, company:0.70|0.58|0.64, address:0.93|0.37|0.53, date:0.82|0.06|0.11, total:0.44|0.12|0.19
epoch:126, loss: 0.2585776112270805, other:0.57|0.97|0.72, company:0.76|0.57|0.65, address:0.91|0.38|0.53, date:0.84|0.06|0.11, total:0.37|0.12|0.18
epoch:127, loss: 0.2853671448691836, other:0.62|0.97|0.75, company:0.76|0.56|0.65, address:0.91|0.41|0.57, date:0.82|0.06|0.11, total:0.25|0.11|0.16
epoch:128, loss: 0.26605028785624596, other:0.56|0.98|0.71, company:0.77|0.59|0.67, address:0.92|0.37|0.52, date:0.81|0.06|0.11, total:0.42|0.12|0.19
epoch:129, loss: 0.27985411081111655, other:0.55|0.98|0.70, company:0.73|0.59|0.65, address:0.92|0.38|0.53, date:0.86|0.06|0.11, total:0.41|0.12|0.19
epoch:130, loss: 0.26736263256028014, other:0.58|0.97|0.72, company:0.75|0.58|0.65, address:0.94|0.37|0.53, date:0.81|0.06|0.11, total:0.32|0.12|0.17
epoch:131, loss: 0.25830877825336634, other:0.55|0.98|0.71, company:0.72|0.56|0.63, address:0.93|0.38|0.54, date:0.84|0.06|0.11, total:0.45|0.12|0.19
epoch:132, loss: 0.26089814403709377, other:0.58|0.97|0.73, company:0.62|0.64|0.63, address:0.95|0.39|0.56, date:0.83|0.06|0.11, total:0.34|0.12|0.17
epoch:133, loss: 0.26818187506693714, other:0.57|0.97|0.72, company:0.70|0.56|0.62, address:0.93|0.37|0.53, date:0.80|0.06|0.10, total:0.38|0.13|0.19
epoch:134, loss: 0.2683539702644888, other:0.57|0.97|0.72, company:0.79|0.51|0.62, address:0.88|0.38|0.53, date:0.80|0.05|0.10, total:0.32|0.12|0.17
epoch:135, loss: 0.263893243417425, other:0.59|0.97|0.74, company:0.63|0.59|0.61, address:0.94|0.36|0.52, date:0.78|0.06|0.10, total:0.27|0.12|0.17
epoch:136, loss: 0.2754843901350813, other:0.61|0.97|0.75, company:0.71|0.54|0.61, address:0.91|0.38|0.54, date:0.78|0.06|0.11, total:0.26|0.12|0.16
epoch:137, loss: 0.254743921166321, other:0.58|0.97|0.73, company:0.72|0.58|0.64, address:0.92|0.38|0.54, date:0.82|0.06|0.11, total:0.36|0.12|0.18
epoch:138, loss: 0.27501492497493635, other:0.59|0.97|0.73, company:0.75|0.54|0.63, address:0.90|0.38|0.54, date:0.80|0.06|0.11, total:0.30|0.12|0.17
epoch:139, loss: 0.26326810329590206, other:0.57|0.98|0.72, company:0.68|0.57|0.62, address:0.93|0.38|0.54, date:0.82|0.06|0.11, total:0.40|0.12|0.19
epoch:140, loss: 0.2660514268110383, other:0.56|0.97|0.71, company:0.76|0.58|0.66, address:0.92|0.38|0.53, date:0.82|0.05|0.10, total:0.38|0.12|0.19
epoch:141, loss: 0.2721288966120414, other:0.58|0.97|0.73, company:0.69|0.55|0.61, address:0.92|0.37|0.53, date:0.81|0.06|0.11, total:0.31|0.12|0.17
epoch:142, loss: 0.30918617841770063, other:0.53|0.98|0.69, company:0.79|0.49|0.60, address:0.86|0.36|0.51, date:0.83|0.05|0.10, total:0.48|0.13|0.20
epoch:143, loss: 0.2945727729853594, other:0.56|0.98|0.71, company:0.66|0.57|0.61, address:0.92|0.37|0.53, date:0.81|0.05|0.10, total:0.42|0.13|0.20
epoch:144, loss: 0.2984906277566586, other:0.56|0.97|0.71, company:0.71|0.60|0.65, address:0.92|0.36|0.52, date:0.79|0.05|0.10, total:0.40|0.13|0.19
epoch:145, loss: 0.2774319627656127, other:0.56|0.97|0.71, company:0.74|0.58|0.65, address:0.91|0.36|0.52, date:0.79|0.05|0.10, total:0.39|0.13|0.19
epoch:146, loss: 0.28842964993332915, other:0.53|0.98|0.69, company:0.58|0.64|0.61, address:0.95|0.36|0.53, date:0.83|0.05|0.10, total:0.49|0.13|0.21
epoch:147, loss: 0.290457675479493, other:0.61|0.97|0.75, company:0.66|0.57|0.61, address:0.91|0.39|0.54, date:0.79|0.06|0.11, total:0.26|0.12|0.16
epoch:148, loss: 0.2899596653175804, other:0.58|0.97|0.73, company:0.72|0.55|0.62, address:0.92|0.36|0.52, date:0.78|0.06|0.10, total:0.31|0.12|0.17
epoch:149, loss: 0.28825856998281657, other:0.59|0.97|0.74, company:0.77|0.51|0.62, address:0.89|0.39|0.54, date:0.81|0.06|0.11, total:0.29|0.12|0.17
epoch:150, loss: 0.264342226790932, other:0.61|0.97|0.75, company:0.85|0.50|0.63, address:0.83|0.39|0.53, date:0.81|0.06|0.11, total:0.24|0.11|0.15
epoch:151, loss: 0.27494748007014114, other:0.59|0.97|0.73, company:0.72|0.52|0.60, address:0.88|0.39|0.54, date:0.83|0.06|0.11, total:0.32|0.12|0.17
epoch:152, loss: 0.2756769412531043, other:0.57|0.97|0.72, company:0.64|0.54|0.59, address:0.92|0.37|0.53, date:0.83|0.06|0.10, total:0.33|0.12|0.18
epoch:153, loss: 0.2932306968097417, other:0.53|0.98|0.69, company:0.73|0.53|0.62, address:0.90|0.36|0.51, date:0.85|0.05|0.10, total:0.43|0.13|0.19
epoch:154, loss: 0.26160251419499236, other:0.59|0.97|0.73, company:0.73|0.54|0.62, address:0.91|0.39|0.54, date:0.83|0.06|0.11, total:0.30|0.12|0.17
epoch:155, loss: 0.2852694971381493, other:0.58|0.97|0.73, company:0.69|0.53|0.60, address:0.90|0.39|0.54, date:0.83|0.06|0.11, total:0.32|0.12|0.17
epoch:156, loss: 0.2811020310476141, other:0.59|0.97|0.73, company:0.78|0.51|0.62, address:0.89|0.38|0.53, date:0.81|0.06|0.11, total:0.32|0.12|0.18
epoch:157, loss: 0.2883694714532708, other:0.58|0.97|0.72, company:0.61|0.55|0.58, address:0.94|0.38|0.54, date:0.82|0.06|0.10, total:0.35|0.12|0.18
epoch:158, loss: 0.2703279573118912, other:0.59|0.98|0.73, company:0.73|0.50|0.60, address:0.90|0.38|0.53, date:0.82|0.06|0.11, total:0.37|0.13|0.20
