epoch:0, loss: 1.0477813173223425, other:0.94|0.96|0.95, company:0.00|0.00|0.00, address:0.88|0.36|0.51, date:0.00|0.00|0.00, total:0.05|0.42|0.09
epoch:1, loss: 0.7642313838005066, other:0.95|0.96|0.95, company:0.01|0.70|0.02, address:0.87|0.43|0.58, date:0.01|0.12|0.02, total:0.15|0.28|0.20
epoch:2, loss: 0.5759601747548139, other:0.91|0.97|0.94, company:0.39|0.85|0.54, address:0.93|0.45|0.60, date:0.23|0.29|0.25, total:0.44|0.24|0.31
epoch:3, loss: 0.4685834966323994, other:0.89|0.98|0.93, company:0.68|0.84|0.75, address:0.96|0.48|0.64, date:0.48|0.31|0.38, total:0.56|0.24|0.34
epoch:4, loss: 0.41197402830477114, other:0.86|0.98|0.92, company:0.91|0.65|0.76, address:0.92|0.51|0.66, date:0.60|0.30|0.40, total:0.70|0.21|0.32
epoch:5, loss: 0.3716830180750953, other:0.87|0.98|0.92, company:0.84|0.79|0.81, address:0.96|0.53|0.68, date:0.60|0.34|0.43, total:0.74|0.23|0.35
epoch:6, loss: 0.34607375882290026, other:0.89|0.98|0.94, company:0.80|0.83|0.82, address:0.97|0.54|0.70, date:0.70|0.36|0.47, total:0.68|0.28|0.40
epoch:7, loss: 0.3356402748160892, other:0.87|0.99|0.93, company:0.79|0.84|0.82, address:0.98|0.52|0.68, date:0.70|0.37|0.49, total:0.82|0.24|0.37
epoch:8, loss: 0.3349003085383662, other:0.91|0.98|0.95, company:0.75|0.87|0.81, address:0.98|0.54|0.70, date:0.62|0.50|0.56, total:0.74|0.30|0.43
epoch:9, loss: 0.2964635883216505, other:0.89|0.99|0.94, company:0.91|0.77|0.83, address:0.98|0.53|0.69, date:0.72|0.43|0.54, total:0.78|0.29|0.42
epoch:10, loss: 0.29080210239798937, other:0.88|0.99|0.93, company:0.96|0.65|0.78, address:0.92|0.63|0.75, date:0.78|0.41|0.54, total:0.87|0.25|0.38
epoch:11, loss: 0.27478515825889727, other:0.92|0.99|0.95, company:0.94|0.74|0.83, address:0.97|0.59|0.74, date:0.82|0.42|0.56, total:0.57|0.43|0.49
epoch:12, loss: 0.2541746077714143, other:0.92|0.99|0.95, company:0.91|0.82|0.86, address:0.98|0.56|0.72, date:0.76|0.57|0.65, total:0.73|0.36|0.48
epoch:13, loss: 0.23903825658339042, other:0.91|0.99|0.95, company:0.93|0.75|0.83, address:0.98|0.61|0.75, date:0.87|0.45|0.59, total:0.78|0.36|0.50
epoch:14, loss: 0.238845928951546, other:0.92|0.99|0.95, company:0.88|0.84|0.86, address:0.99|0.60|0.75, date:0.87|0.49|0.63, total:0.74|0.38|0.51
epoch:15, loss: 0.24304364124933878, other:0.87|1.00|0.93, company:0.92|0.78|0.84, address:0.97|0.66|0.79, date:0.92|0.40|0.56, total:0.95|0.23|0.37
epoch:16, loss: 0.24927810000048745, other:0.90|0.99|0.94, company:0.97|0.68|0.80, address:0.95|0.63|0.76, date:0.85|0.41|0.55, total:0.85|0.32|0.47
epoch:17, loss: 0.22492619962603957, other:0.91|0.99|0.95, company:0.90|0.82|0.86, address:0.99|0.59|0.74, date:0.86|0.51|0.64, total:0.85|0.34|0.49
epoch:18, loss: 0.21546446173279374, other:0.88|1.00|0.94, company:0.92|0.81|0.86, address:0.98|0.69|0.81, date:0.92|0.41|0.57, total:0.95|0.24|0.39
epoch:19, loss: 0.21789912548330095, other:0.93|0.99|0.96, company:0.94|0.81|0.87, address:0.99|0.68|0.81, date:0.80|0.54|0.65, total:0.75|0.39|0.51
epoch:20, loss: 0.2195517177935, other:0.87|1.00|0.93, company:0.92|0.83|0.87, address:0.99|0.64|0.78, date:0.94|0.41|0.57, total:0.96|0.22|0.36
epoch:21, loss: 0.1898270481162601, other:0.94|0.99|0.96, company:0.94|0.76|0.84, address:0.99|0.72|0.83, date:0.91|0.52|0.66, total:0.76|0.44|0.56
epoch:22, loss: 0.18938088582621682, other:0.91|0.99|0.95, company:0.97|0.77|0.86, address:0.98|0.65|0.78, date:0.92|0.50|0.65, total:0.87|0.35|0.50
epoch:23, loss: 0.18075162724212365, other:0.91|1.00|0.95, company:0.97|0.70|0.81, address:0.98|0.71|0.82, date:0.90|0.55|0.68, total:0.93|0.33|0.49
epoch:24, loss: 0.19649140316027183, other:0.94|0.99|0.96, company:0.97|0.73|0.83, address:0.98|0.67|0.80, date:0.91|0.56|0.69, total:0.62|0.48|0.54
epoch:25, loss: 0.197993708981408, other:0.91|0.99|0.95, company:0.97|0.68|0.80, address:0.96|0.65|0.78, date:0.98|0.36|0.53, total:0.78|0.50|0.61
epoch:26, loss: 0.18890475785290753, other:0.93|0.99|0.96, company:0.98|0.71|0.83, address:0.97|0.71|0.82, date:0.80|0.66|0.72, total:0.86|0.38|0.53
epoch:27, loss: 0.18285010203167243, other:0.89|1.00|0.94, company:0.96|0.76|0.85, address:0.99|0.69|0.81, date:0.95|0.41|0.57, total:0.96|0.30|0.45
epoch:28, loss: 0.17517896355302245, other:0.94|0.99|0.96, company:0.94|0.85|0.89, address:0.99|0.73|0.84, date:0.92|0.58|0.71, total:0.76|0.39|0.51
epoch:29, loss: 0.16049950928599746, other:0.93|1.00|0.96, company:0.97|0.76|0.85, address:0.98|0.78|0.87, date:0.91|0.58|0.71, total:0.91|0.36|0.51
epoch:30, loss: 0.1451670312219196, other:0.93|1.00|0.96, company:0.96|0.82|0.89, address:0.99|0.78|0.87, date:0.96|0.57|0.72, total:0.94|0.38|0.54
epoch:31, loss: 0.14882026778327095, other:0.92|1.00|0.96, company:0.96|0.83|0.89, address:0.99|0.79|0.88, date:0.97|0.52|0.68, total:0.97|0.30|0.46
epoch:32, loss: 0.16935190227296618, other:0.95|0.99|0.97, company:0.92|0.85|0.88, address:0.96|0.81|0.88, date:0.96|0.60|0.74, total:0.82|0.45|0.58
epoch:33, loss: 0.14859802358680302, other:0.92|1.00|0.96, company:0.98|0.76|0.86, address:0.98|0.79|0.88, date:0.98|0.51|0.67, total:0.96|0.34|0.50
epoch:34, loss: 0.18682292269335854, other:0.92|0.99|0.96, company:0.98|0.73|0.84, address:0.93|0.89|0.91, date:0.99|0.35|0.52, total:0.86|0.38|0.53
epoch:35, loss: 0.15533267403090442, other:0.91|1.00|0.95, company:0.97|0.79|0.87, address:0.97|0.79|0.87, date:0.98|0.46|0.62, total:0.97|0.32|0.48
epoch:36, loss: 0.1662561766527317, other:0.96|0.99|0.98, company:0.95|0.83|0.89, address:0.96|0.86|0.91, date:0.97|0.58|0.73, total:0.71|0.56|0.63
epoch:37, loss: 0.172576902365243, other:0.92|1.00|0.96, company:0.87|0.88|0.87, address:0.98|0.78|0.87, date:0.96|0.62|0.76, total:0.98|0.28|0.43
epoch:38, loss: 0.21258361747971288, other:0.93|0.99|0.96, company:0.97|0.68|0.80, address:0.94|0.69|0.79, date:0.95|0.48|0.63, total:0.72|0.43|0.54
epoch:39, loss: 0.1788438078429964, other:0.94|0.99|0.97, company:0.91|0.82|0.86, address:0.99|0.74|0.85, date:0.96|0.49|0.65, total:0.71|0.55|0.62
epoch:40, loss: 0.16281169183828212, other:0.92|1.00|0.96, company:0.94|0.84|0.89, address:0.99|0.72|0.84, date:0.98|0.42|0.59, total:0.90|0.42|0.57
epoch:41, loss: 0.16347642132529505, other:0.90|1.00|0.95, company:0.93|0.83|0.88, address:1.00|0.66|0.80, date:0.95|0.55|0.70, total:0.95|0.29|0.45
epoch:42, loss: 0.16340447907094602, other:0.90|1.00|0.95, company:0.96|0.82|0.89, address:0.99|0.72|0.84, date:0.99|0.47|0.64, total:0.98|0.28|0.43
epoch:43, loss: 0.1421347321183593, other:0.95|0.99|0.97, company:0.95|0.83|0.89, address:0.98|0.82|0.89, date:0.94|0.68|0.79, total:0.88|0.45|0.59
epoch:44, loss: 0.13639430922490578, other:0.92|1.00|0.96, company:0.95|0.86|0.90, address:1.00|0.77|0.87, date:0.95|0.70|0.80, total:0.99|0.30|0.46
epoch:45, loss: 0.13055222812626097, other:0.96|0.99|0.98, company:0.98|0.82|0.89, address:1.00|0.77|0.87, date:0.97|0.70|0.81, total:0.73|0.61|0.66
epoch:46, loss: 0.1366514922292144, other:0.92|1.00|0.96, company:0.97|0.85|0.91, address:0.99|0.81|0.89, date:0.96|0.68|0.80, total:0.99|0.28|0.43
epoch:47, loss: 0.11628550456629859, other:0.95|1.00|0.97, company:0.97|0.87|0.91, address:0.99|0.84|0.91, date:1.00|0.61|0.76, total:0.93|0.46|0.61
epoch:48, loss: 0.1327938034578606, other:0.93|1.00|0.96, company:0.96|0.86|0.91, address:0.98|0.87|0.92, date:1.00|0.52|0.69, total:0.98|0.34|0.51
epoch:49, loss: 0.14150979121526083, other:0.94|1.00|0.97, company:0.99|0.74|0.85, address:0.96|0.81|0.88, date:0.93|0.61|0.74, total:0.95|0.38|0.55
epoch:50, loss: 0.11915194739898045, other:0.95|1.00|0.97, company:0.98|0.84|0.91, address:0.99|0.84|0.91, date:0.99|0.64|0.78, total:0.91|0.43|0.59
epoch:51, loss: 0.10971550919391491, other:0.94|1.00|0.97, company:0.98|0.83|0.90, address:1.00|0.72|0.84, date:0.99|0.75|0.85, total:0.97|0.45|0.61
epoch:52, loss: 0.1358266619068605, other:0.97|0.99|0.98, company:0.98|0.86|0.92, address:0.99|0.88|0.93, date:0.99|0.68|0.81, total:0.61|0.58|0.60
epoch:53, loss: 0.09980138198093132, other:0.94|1.00|0.97, company:0.98|0.87|0.92, address:1.00|0.85|0.92, date:1.00|0.68|0.81, total:0.98|0.37|0.54
epoch:54, loss: 0.13844244568436234, other:0.94|1.00|0.97, company:0.99|0.84|0.91, address:0.99|0.86|0.92, date:0.96|0.41|0.58, total:0.85|0.55|0.67
epoch:55, loss: 0.10074961709755438, other:0.94|1.00|0.97, company:0.99|0.80|0.89, address:1.00|0.86|0.92, date:1.00|0.71|0.83, total:0.98|0.38|0.55
epoch:56, loss: 0.12005313458266081, other:0.93|1.00|0.96, company:0.96|0.85|0.90, address:1.00|0.80|0.89, date:0.97|0.55|0.70, total:0.98|0.34|0.50
epoch:57, loss: 0.11914287203991855, other:0.95|1.00|0.97, company:0.98|0.81|0.88, address:0.99|0.79|0.88, date:0.95|0.75|0.84, total:0.95|0.43|0.59
epoch:58, loss: 0.09943325458853333, other:0.96|1.00|0.98, company:0.98|0.87|0.92, address:1.00|0.83|0.90, date:0.99|0.73|0.84, total:0.91|0.49|0.64
epoch:59, loss: 0.10227703634235594, other:0.93|1.00|0.97, company:0.96|0.87|0.91, address:1.00|0.77|0.87, date:1.00|0.65|0.78, total:0.99|0.36|0.53
epoch:60, loss: 0.11922005674353352, other:0.92|1.00|0.96, company:0.97|0.82|0.89, address:0.99|0.71|0.83, date:1.00|0.58|0.74, total:0.98|0.36|0.52
epoch:61, loss: 0.15525174416877605, other:0.90|1.00|0.95, company:0.90|0.85|0.88, address:1.00|0.76|0.87, date:0.99|0.48|0.64, total:0.99|0.28|0.43
epoch:62, loss: 0.14169077575206757, other:0.93|1.00|0.96, company:0.91|0.86|0.88, address:1.00|0.65|0.79, date:0.96|0.69|0.80, total:0.91|0.42|0.58
epoch:63, loss: 0.11082906524340312, other:0.96|1.00|0.98, company:0.99|0.82|0.89, address:0.99|0.84|0.91, date:1.00|0.66|0.80, total:0.88|0.54|0.67
epoch:64, loss: 0.10364932042581064, other:0.94|1.00|0.97, company:0.99|0.80|0.89, address:0.99|0.86|0.92, date:1.00|0.66|0.80, total:0.98|0.39|0.56
epoch:65, loss: 0.10935626730874733, other:0.95|1.00|0.97, company:0.97|0.86|0.91, address:0.99|0.84|0.91, date:1.00|0.68|0.81, total:0.95|0.42|0.58
epoch:66, loss: 0.098339785028387, other:0.94|1.00|0.97, company:0.99|0.83|0.90, address:1.00|0.78|0.87, date:0.99|0.64|0.78, total:0.98|0.44|0.61
epoch:67, loss: 0.09975591191539059, other:0.95|1.00|0.97, company:0.98|0.84|0.91, address:1.00|0.72|0.84, date:0.98|0.71|0.82, total:0.95|0.53|0.68
epoch:68, loss: 0.09989358636516112, other:0.97|1.00|0.98, company:0.97|0.88|0.92, address:1.00|0.85|0.92, date:0.96|0.84|0.89, total:0.88|0.54|0.67
epoch:69, loss: 0.09028682664588646, other:0.96|1.00|0.98, company:0.99|0.84|0.91, address:0.99|0.87|0.93, date:0.99|0.76|0.86, total:0.94|0.55|0.70
epoch:70, loss: 0.08749329491897866, other:0.96|1.00|0.98, company:0.99|0.84|0.91, address:1.00|0.80|0.89, date:1.00|0.71|0.83, total:0.92|0.58|0.71
epoch:71, loss: 0.08545097322375686, other:0.96|1.00|0.98, company:0.98|0.87|0.92, address:1.00|0.88|0.93, date:1.00|0.74|0.85, total:0.99|0.45|0.62
epoch:72, loss: 0.09787636250257492, other:0.95|1.00|0.97, company:0.98|0.86|0.92, address:0.99|0.92|0.95, date:1.00|0.76|0.86, total:0.99|0.37|0.54
epoch:73, loss: 0.15026932844409235, other:0.95|1.00|0.97, company:1.00|0.67|0.80, address:0.93|0.74|0.83, date:1.00|0.56|0.71, total:0.79|0.67|0.73
epoch:74, loss: 0.1131507514251603, other:0.97|1.00|0.98, company:0.91|0.87|0.89, address:0.99|0.82|0.90, date:0.97|0.76|0.85, total:0.90|0.60|0.72
epoch:75, loss: 0.10554825321391777, other:0.96|1.00|0.98, company:0.96|0.89|0.93, address:0.98|0.90|0.94, date:0.98|0.68|0.81, total:0.96|0.43|0.59
epoch:76, loss: 0.1165265245018182, other:0.97|0.99|0.98, company:0.97|0.90|0.93, address:0.99|0.90|0.94, date:0.95|0.66|0.78, total:0.87|0.56|0.68
epoch:77, loss: 0.08321903052705305, other:0.95|1.00|0.97, company:1.00|0.84|0.91, address:1.00|0.84|0.91, date:1.00|0.70|0.82, total:0.99|0.45|0.62
epoch:78, loss: 0.12989871783388984, other:0.93|1.00|0.96, company:0.99|0.80|0.88, address:1.00|0.62|0.76, date:0.94|0.75|0.83, total:0.98|0.46|0.62
epoch:79, loss: 0.20679233526742016, other:0.86|1.00|0.92, company:0.99|0.70|0.82, address:0.97|0.69|0.81, date:1.00|0.25|0.40, total:0.99|0.32|0.48
epoch:80, loss: 0.11796465405711422, other:0.94|1.00|0.97, company:0.98|0.84|0.90, address:0.99|0.84|0.91, date:0.99|0.58|0.73, total:0.93|0.43|0.59
epoch:81, loss: 0.09826930088025553, other:0.96|1.00|0.98, company:0.98|0.90|0.94, address:0.99|0.89|0.94, date:0.94|0.85|0.89, total:0.97|0.45|0.61
epoch:82, loss: 0.11311391713442626, other:0.96|1.00|0.97, company:0.98|0.89|0.93, address:1.00|0.86|0.92, date:0.99|0.75|0.86, total:0.79|0.39|0.52
epoch:83, loss: 0.09365827755795585, other:0.95|1.00|0.98, company:0.98|0.88|0.93, address:0.99|0.88|0.93, date:0.99|0.66|0.79, total:0.97|0.46|0.62
epoch:84, loss: 0.11578959833692622, other:0.96|1.00|0.98, company:0.98|0.90|0.93, address:0.95|0.92|0.94, date:1.00|0.75|0.86, total:0.91|0.41|0.57
epoch:85, loss: 0.087446264370724, other:0.96|1.00|0.98, company:0.98|0.87|0.92, address:1.00|0.85|0.92, date:0.99|0.80|0.89, total:0.96|0.47|0.63
epoch:86, loss: 0.0819947516752614, other:0.96|1.00|0.98, company:1.00|0.86|0.93, address:1.00|0.89|0.94, date:1.00|0.70|0.82, total:0.97|0.51|0.67
epoch:87, loss: 0.10170700152715047, other:0.96|1.00|0.98, company:0.99|0.89|0.94, address:0.96|0.92|0.94, date:1.00|0.67|0.80, total:0.96|0.53|0.68
epoch:88, loss: 0.07541910020841493, other:0.97|1.00|0.98, company:1.00|0.84|0.91, address:0.99|0.88|0.93, date:0.99|0.79|0.88, total:0.93|0.59|0.72
epoch:89, loss: 0.07636743645977091, other:0.96|1.00|0.98, company:0.98|0.90|0.94, address:1.00|0.88|0.94, date:0.99|0.74|0.85, total:0.99|0.48|0.65
epoch:90, loss: 0.09067889703092752, other:0.94|1.00|0.97, company:0.99|0.87|0.93, address:1.00|0.87|0.93, date:1.00|0.51|0.68, total:0.99|0.43|0.60
epoch:91, loss: 0.12575674498522724, other:0.93|1.00|0.96, company:0.99|0.86|0.92, address:0.99|0.67|0.80, date:0.92|0.73|0.81, total:0.99|0.41|0.58
epoch:92, loss: 0.09413910850330635, other:0.96|1.00|0.98, company:0.98|0.87|0.93, address:0.99|0.88|0.93, date:0.99|0.69|0.81, total:0.95|0.51|0.66
epoch:93, loss: 0.07909336824108053, other:0.95|1.00|0.98, company:1.00|0.85|0.92, address:1.00|0.88|0.94, date:1.00|0.75|0.86, total:1.00|0.42|0.59
epoch:94, loss: 0.08576043709008782, other:0.96|1.00|0.98, company:1.00|0.87|0.93, address:1.00|0.88|0.93, date:1.00|0.75|0.86, total:0.95|0.45|0.61
epoch:95, loss: 0.07811321787260196, other:0.95|1.00|0.97, company:1.00|0.84|0.91, address:1.00|0.82|0.90, date:1.00|0.66|0.80, total:0.99|0.45|0.62
epoch:96, loss: 0.09761715652766051, other:0.95|1.00|0.97, company:0.99|0.84|0.91, address:1.00|0.86|0.92, date:0.96|0.63|0.76, total:0.97|0.47|0.63
epoch:97, loss: 0.09403726596523214, other:0.94|1.00|0.97, company:0.97|0.90|0.93, address:1.00|0.85|0.92, date:1.00|0.60|0.75, total:0.99|0.41|0.58
epoch:98, loss: 0.0790650138148555, other:0.95|1.00|0.98, company:1.00|0.83|0.91, address:1.00|0.87|0.93, date:1.00|0.71|0.83, total:0.99|0.44|0.61
epoch:99, loss: 0.07987768396183297, other:0.95|1.00|0.97, company:1.00|0.84|0.91, address:1.00|0.87|0.93, date:1.00|0.63|0.77, total:0.98|0.47|0.63
epoch:100, loss: 0.10340628993731958, other:0.94|1.00|0.97, company:0.91|0.89|0.90, address:1.00|0.75|0.86, date:0.98|0.73|0.84, total:1.00|0.41|0.58
epoch:101, loss: 0.09485142001951183, other:0.95|1.00|0.97, company:0.98|0.81|0.89, address:0.98|0.82|0.90, date:1.00|0.74|0.85, total:0.98|0.43|0.60
epoch:102, loss: 0.08436100585041223, other:0.95|1.00|0.97, company:0.98|0.83|0.90, address:1.00|0.77|0.87, date:1.00|0.72|0.83, total:0.99|0.49|0.66
epoch:103, loss: 0.08130589155135332, other:0.95|1.00|0.98, company:1.00|0.88|0.93, address:1.00|0.88|0.93, date:0.99|0.68|0.81, total:0.99|0.44|0.61
epoch:104, loss: 0.08790157128263403, other:0.95|1.00|0.98, company:1.00|0.85|0.92, address:0.99|0.88|0.93, date:0.98|0.75|0.85, total:0.98|0.43|0.59
epoch:105, loss: 0.07183724517623584, other:0.96|1.00|0.98, company:0.99|0.87|0.93, address:1.00|0.86|0.92, date:1.00|0.76|0.86, total:0.99|0.48|0.65
epoch:106, loss: 0.06918078454004394, other:0.97|1.00|0.99, company:1.00|0.88|0.94, address:0.99|0.94|0.96, date:1.00|0.80|0.89, total:0.98|0.58|0.73
epoch:107, loss: 0.06469149694398597, other:0.96|1.00|0.98, company:1.00|0.85|0.92, address:1.00|0.86|0.92, date:1.00|0.79|0.88, total:1.00|0.48|0.65
epoch:108, loss: 0.06440830948176207, other:0.97|1.00|0.99, company:1.00|0.88|0.94, address:0.99|0.92|0.96, date:1.00|0.76|0.87, total:0.97|0.59|0.73
epoch:109, loss: 0.09719129044700552, other:0.97|0.99|0.98, company:0.99|0.91|0.95, address:0.98|0.93|0.96, date:0.90|0.81|0.85, total:0.91|0.56|0.70
epoch:110, loss: 0.07555929723161238, other:0.97|1.00|0.98, company:1.00|0.87|0.93, address:0.99|0.90|0.94, date:0.96|0.78|0.86, total:0.94|0.62|0.75
epoch:111, loss: 0.09166900868769046, other:0.95|1.00|0.97, company:0.99|0.82|0.90, address:1.00|0.75|0.86, date:1.00|0.66|0.79, total:0.94|0.52|0.67
epoch:112, loss: 0.08861813059559574, other:0.95|1.00|0.97, company:1.00|0.81|0.89, address:0.99|0.87|0.93, date:1.00|0.55|0.71, total:0.97|0.48|0.65
epoch:113, loss: 0.06767224879176528, other:0.98|1.00|0.99, company:1.00|0.87|0.93, address:0.99|0.94|0.96, date:1.00|0.82|0.90, total:0.95|0.65|0.77
epoch:114, loss: 0.0701981062690417, other:0.96|1.00|0.98, company:1.00|0.82|0.90, address:0.99|0.80|0.89, date:1.00|0.78|0.88, total:0.98|0.63|0.77
epoch:115, loss: 0.07854082669924807, other:0.96|1.00|0.98, company:0.92|0.90|0.91, address:0.99|0.84|0.91, date:1.00|0.78|0.88, total:0.99|0.53|0.69
epoch:116, loss: 0.06174612748954031, other:0.97|1.00|0.98, company:1.00|0.86|0.92, address:1.00|0.86|0.92, date:1.00|0.80|0.89, total:0.99|0.56|0.71
epoch:117, loss: 0.062447738316324025, other:0.97|1.00|0.98, company:1.00|0.87|0.93, address:0.99|0.94|0.97, date:1.00|0.78|0.87, total:0.99|0.55|0.71
epoch:118, loss: 0.06385175276685644, other:0.98|1.00|0.99, company:0.98|0.91|0.94, address:1.00|0.91|0.95, date:1.00|0.75|0.86, total:0.93|0.72|0.81
epoch:119, loss: 0.07125578461973756, other:0.95|1.00|0.98, company:1.00|0.86|0.93, address:1.00|0.81|0.90, date:1.00|0.70|0.82, total:0.99|0.50|0.67
epoch:120, loss: 0.09591794538277167, other:0.95|1.00|0.97, company:1.00|0.82|0.90, address:0.99|0.94|0.96, date:0.98|0.77|0.87, total:0.99|0.34|0.51
epoch:121, loss: 0.06771140159280212, other:0.97|1.00|0.99, company:1.00|0.88|0.93, address:1.00|0.89|0.94, date:0.98|0.76|0.86, total:0.96|0.65|0.77
epoch:122, loss: 0.06331643324207377, other:0.98|1.00|0.99, company:1.00|0.90|0.95, address:1.00|0.94|0.96, date:1.00|0.79|0.88, total:0.95|0.66|0.78
epoch:123, loss: 0.05645694280112231, other:0.97|1.00|0.99, company:1.00|0.86|0.93, address:1.00|0.90|0.95, date:1.00|0.81|0.90, total:0.97|0.65|0.78
epoch:124, loss: 0.05345493913800628, other:0.97|1.00|0.99, company:1.00|0.88|0.93, address:1.00|0.89|0.94, date:1.00|0.76|0.86, total:0.99|0.64|0.78
epoch:125, loss: 0.0570958513352606, other:0.97|1.00|0.98, company:1.00|0.88|0.93, address:1.00|0.91|0.95, date:1.00|0.77|0.87, total:0.99|0.54|0.70
epoch:126, loss: 0.07284461541308297, other:0.95|1.00|0.97, company:1.00|0.85|0.92, address:1.00|0.89|0.94, date:1.00|0.67|0.80, total:1.00|0.43|0.60
epoch:127, loss: 0.0997659597131941, other:0.94|1.00|0.97, company:1.00|0.86|0.92, address:1.00|0.88|0.93, date:0.95|0.65|0.77, total:0.99|0.33|0.50
epoch:128, loss: 0.10423601832654741, other:0.96|0.99|0.98, company:0.99|0.89|0.94, address:1.00|0.87|0.93, date:1.00|0.62|0.76, total:0.78|0.56|0.65
epoch:129, loss: 0.07809678934238574, other:0.97|1.00|0.98, company:1.00|0.87|0.93, address:0.99|0.92|0.96, date:1.00|0.74|0.85, total:0.96|0.53|0.68
epoch:130, loss: 0.06538052346419405, other:0.97|1.00|0.98, company:1.00|0.86|0.92, address:1.00|0.91|0.95, date:1.00|0.78|0.87, total:0.96|0.59|0.73
epoch:131, loss: 0.06003886806192221, other:0.96|1.00|0.98, company:1.00|0.86|0.92, address:1.00|0.88|0.94, date:1.00|0.76|0.87, total:0.99|0.50|0.66
epoch:132, loss: 0.06290538181309346, other:0.98|1.00|0.99, company:1.00|0.91|0.95, address:0.99|0.94|0.96, date:0.99|0.86|0.92, total:0.98|0.58|0.73
epoch:133, loss: 0.061224584088281346, other:0.98|1.00|0.99, company:1.00|0.90|0.94, address:0.99|0.96|0.98, date:1.00|0.84|0.91, total:0.99|0.57|0.73
epoch:134, loss: 0.06038923754736229, other:0.97|1.00|0.99, company:0.98|0.91|0.94, address:1.00|0.87|0.93, date:1.00|0.87|0.93, total:0.97|0.64|0.77
epoch:135, loss: 0.06590712029072973, other:0.97|1.00|0.98, company:1.00|0.85|0.92, address:0.99|0.88|0.93, date:1.00|0.77|0.87, total:0.96|0.55|0.70
epoch:136, loss: 0.07536190334293577, other:0.96|1.00|0.98, company:1.00|0.87|0.93, address:0.98|0.94|0.96, date:1.00|0.60|0.75, total:0.98|0.58|0.73
epoch:137, loss: 0.05762469837511027, other:0.96|1.00|0.98, company:0.99|0.87|0.93, address:1.00|0.89|0.94, date:1.00|0.82|0.90, total:0.99|0.51|0.67
epoch:138, loss: 0.0495098102837801, other:0.97|1.00|0.99, company:1.00|0.89|0.94, address:1.00|0.91|0.95, date:1.00|0.75|0.85, total:0.98|0.64|0.78
epoch:139, loss: 0.048863936491586546, other:0.97|1.00|0.99, company:1.00|0.89|0.94, address:1.00|0.90|0.94, date:1.00|0.75|0.85, total:0.98|0.62|0.76
epoch:140, loss: 0.04364288915638571, other:0.98|1.00|0.99, company:1.00|0.89|0.94, address:1.00|0.90|0.94, date:1.00|0.88|0.94, total:0.99|0.66|0.79
epoch:141, loss: 0.058550705650338424, other:0.96|1.00|0.98, company:1.00|0.86|0.93, address:1.00|0.89|0.94, date:1.00|0.72|0.84, total:0.99|0.53|0.69
epoch:142, loss: 0.07149703786880882, other:0.95|1.00|0.97, company:1.00|0.90|0.95, address:1.00|0.85|0.92, date:0.99|0.79|0.88, total:1.00|0.40|0.57
epoch:143, loss: 0.061053706540001765, other:0.97|1.00|0.98, company:1.00|0.85|0.92, address:1.00|0.90|0.95, date:0.98|0.71|0.82, total:0.98|0.60|0.75
epoch:144, loss: 0.08724675451715787, other:0.94|1.00|0.97, company:1.00|0.86|0.92, address:1.00|0.88|0.94, date:1.00|0.54|0.70, total:0.98|0.39|0.56
epoch:145, loss: 0.08392996299597952, other:0.97|1.00|0.98, company:0.99|0.92|0.95, address:1.00|0.92|0.96, date:1.00|0.63|0.77, total:0.85|0.59|0.69
epoch:146, loss: 0.09798063641345059, other:0.95|1.00|0.97, company:1.00|0.76|0.86, address:0.98|0.75|0.85, date:0.98|0.68|0.81, total:0.98|0.53|0.68
epoch:147, loss: 0.08499672029305387, other:0.95|1.00|0.97, company:0.99|0.87|0.93, address:1.00|0.73|0.84, date:1.00|0.67|0.80, total:0.99|0.51|0.67
epoch:148, loss: 0.06494223202268283, other:0.96|1.00|0.98, company:1.00|0.87|0.93, address:1.00|0.89|0.94, date:0.99|0.69|0.82, total:0.99|0.56|0.72
epoch:149, loss: 0.07190058752894402, other:0.98|1.00|0.99, company:1.00|0.85|0.92, address:0.99|0.93|0.96, date:0.93|0.87|0.90, total:0.99|0.60|0.75
epoch:150, loss: 0.06414153895996234, other:0.97|1.00|0.99, company:0.96|0.92|0.94, address:1.00|0.90|0.95, date:0.98|0.85|0.91, total:1.00|0.56|0.72
epoch:151, loss: 0.062396463420655995, other:0.97|1.00|0.98, company:1.00|0.88|0.93, address:1.00|0.88|0.93, date:1.00|0.69|0.81, total:0.97|0.63|0.76
epoch:152, loss: 0.08545839414000511, other:0.94|1.00|0.97, company:1.00|0.84|0.91, address:1.00|0.88|0.94, date:1.00|0.43|0.60, total:0.99|0.55|0.71
epoch:153, loss: 0.05689942740179874, other:0.98|1.00|0.99, company:1.00|0.91|0.95, address:1.00|0.92|0.96, date:0.99|0.79|0.87, total:0.98|0.64|0.77
epoch:154, loss: 0.058699713399012886, other:0.97|1.00|0.98, company:1.00|0.87|0.93, address:1.00|0.91|0.95, date:0.97|0.77|0.86, total:0.99|0.56|0.72
epoch:155, loss: 0.054762079621906636, other:0.97|1.00|0.98, company:1.00|0.89|0.94, address:1.00|0.94|0.97, date:1.00|0.77|0.87, total:0.99|0.54|0.70
epoch:156, loss: 0.05334334516966784, other:0.97|1.00|0.98, company:1.00|0.86|0.92, address:1.00|0.92|0.96, date:1.00|0.72|0.84, total:0.99|0.56|0.71
epoch:157, loss: 0.06553220735103996, other:0.97|1.00|0.98, company:1.00|0.85|0.92, address:1.00|0.94|0.97, date:0.99|0.71|0.82, total:0.98|0.56|0.71
epoch:158, loss: 0.05415346176811942, other:0.97|1.00|0.99, company:1.00|0.88|0.94, address:1.00|0.93|0.96, date:0.99|0.80|0.88, total:0.99|0.58|0.73
epoch:159, loss: 0.048897591660972, other:0.97|1.00|0.99, company:0.99|0.92|0.95, address:1.00|0.91|0.95, date:1.00|0.78|0.87, total:0.99|0.62|0.77
epoch:160, loss: 0.045509156943471345, other:0.97|1.00|0.99, company:1.00|0.88|0.94, address:1.00|0.93|0.96, date:1.00|0.82|0.90, total:1.00|0.59|0.74
epoch:161, loss: 0.04864011573846693, other:0.97|1.00|0.98, company:1.00|0.89|0.94, address:1.00|0.89|0.94, date:1.00|0.81|0.89, total:1.00|0.55|0.71
epoch:162, loss: 0.053560202596364195, other:0.97|1.00|0.98, company:1.00|0.91|0.95, address:1.00|0.95|0.97, date:1.00|0.78|0.88, total:0.99|0.50|0.66
epoch:163, loss: 0.04346387371144913, other:0.97|1.00|0.99, company:1.00|0.91|0.95, address:1.00|0.94|0.97, date:1.00|0.83|0.91, total:1.00|0.57|0.73
epoch:164, loss: 0.06483585980755312, other:0.96|1.00|0.98, company:1.00|0.89|0.94, address:1.00|0.94|0.97, date:1.00|0.63|0.77, total:1.00|0.45|0.62
epoch:165, loss: 0.07157400153853276, other:0.96|1.00|0.98, company:1.00|0.89|0.94, address:1.00|0.91|0.95, date:1.00|0.65|0.79, total:0.93|0.54|0.68
epoch:166, loss: 0.05513301933253253, other:0.98|1.00|0.99, company:1.00|0.91|0.95, address:0.99|0.96|0.98, date:1.00|0.85|0.92, total:0.98|0.61|0.75
epoch:167, loss: 0.05144785289411192, other:0.97|1.00|0.99, company:1.00|0.93|0.96, address:1.00|0.90|0.95, date:1.00|0.83|0.90, total:0.99|0.60|0.75
epoch:168, loss: 0.05503573103083505, other:0.97|1.00|0.98, company:1.00|0.87|0.93, address:1.00|0.86|0.93, date:1.00|0.78|0.88, total:0.98|0.58|0.73
epoch:169, loss: 0.04808686252821375, other:0.97|1.00|0.99, company:1.00|0.91|0.95, address:1.00|0.91|0.95, date:1.00|0.85|0.92, total:1.00|0.60|0.75
epoch:170, loss: 0.05252578413044965, other:0.97|1.00|0.98, company:0.98|0.91|0.95, address:1.00|0.92|0.96, date:1.00|0.81|0.90, total:1.00|0.51|0.68
epoch:171, loss: 0.05787085369229317, other:0.97|1.00|0.99, company:1.00|0.91|0.95, address:1.00|0.93|0.96, date:1.00|0.87|0.93, total:0.95|0.54|0.69
epoch:172, loss: 0.07712350302824268, other:0.97|1.00|0.98, company:1.00|0.79|0.88, address:0.95|0.97|0.96, date:1.00|0.74|0.85, total:0.99|0.55|0.71
epoch:173, loss: 0.06508816930430907, other:0.97|1.00|0.98, company:0.96|0.91|0.94, address:1.00|0.90|0.95, date:0.97|0.81|0.88, total:0.99|0.55|0.71
epoch:174, loss: 0.04830599107124187, other:0.97|1.00|0.99, company:1.00|0.92|0.96, address:1.00|0.94|0.97, date:1.00|0.79|0.88, total:1.00|0.57|0.73
epoch:175, loss: 0.05147401836735231, other:0.97|1.00|0.98, company:1.00|0.89|0.94, address:1.00|0.88|0.94, date:1.00|0.81|0.90, total:0.99|0.56|0.72
epoch:176, loss: 0.05164231435844192, other:0.96|1.00|0.98, company:1.00|0.91|0.95, address:1.00|0.92|0.96, date:1.00|0.79|0.88, total:1.00|0.48|0.65
epoch:177, loss: 0.06445582362788695, other:0.96|1.00|0.98, company:0.99|0.89|0.94, address:1.00|0.91|0.95, date:0.99|0.82|0.90, total:1.00|0.45|0.62
epoch:178, loss: 0.07578199894891845, other:0.96|1.00|0.98, company:1.00|0.87|0.93, address:1.00|0.90|0.95, date:0.99|0.80|0.88, total:0.96|0.42|0.58
epoch:179, loss: 0.0680957077829926, other:0.97|1.00|0.98, company:1.00|0.86|0.93, address:0.99|0.88|0.93, date:1.00|0.78|0.88, total:0.94|0.57|0.71
epoch:180, loss: 0.06874614691844692, other:0.98|1.00|0.99, company:0.99|0.92|0.95, address:0.99|0.93|0.96, date:1.00|0.80|0.89, total:0.92|0.63|0.75
epoch:181, loss: 0.06570824304664577, other:0.97|1.00|0.99, company:0.98|0.91|0.94, address:0.99|0.90|0.94, date:0.99|0.75|0.85, total:0.97|0.62|0.76
epoch:182, loss: 0.04715625458845386, other:0.98|1.00|0.99, company:1.00|0.90|0.95, address:1.00|0.93|0.96, date:1.00|0.81|0.89, total:0.99|0.66|0.79
epoch:183, loss: 0.04058491335146957, other:0.98|1.00|0.99, company:1.00|0.92|0.96, address:1.00|0.93|0.97, date:1.00|0.84|0.91, total:1.00|0.61|0.76
epoch:184, loss: 0.03785792738199234, other:0.98|1.00|0.99, company:1.00|0.92|0.96, address:1.00|0.95|0.97, date:1.00|0.90|0.95, total:1.00|0.65|0.78
epoch:185, loss: 0.052163407758430196, other:0.96|1.00|0.98, company:1.00|0.92|0.96, address:1.00|0.95|0.97, date:1.00|0.81|0.90, total:1.00|0.45|0.62
epoch:186, loss: 0.03852910300095876, other:0.98|1.00|0.99, company:0.99|0.94|0.97, address:1.00|0.95|0.97, date:1.00|0.87|0.93, total:0.99|0.67|0.80
epoch:187, loss: 0.03978425285054578, other:0.97|1.00|0.99, company:1.00|0.92|0.96, address:1.00|0.95|0.98, date:1.00|0.87|0.93, total:1.00|0.54|0.70
epoch:188, loss: 0.03554883150866738, other:0.98|1.00|0.99, company:1.00|0.91|0.95, address:1.00|0.95|0.97, date:1.00|0.83|0.91, total:1.00|0.60|0.75
epoch:189, loss: 0.04222843023361983, other:0.97|1.00|0.99, company:1.00|0.92|0.96, address:1.00|0.95|0.98, date:1.00|0.75|0.86, total:1.00|0.57|0.73
epoch:190, loss: 0.06776576820347044, other:0.96|1.00|0.98, company:1.00|0.78|0.88, address:0.99|0.94|0.97, date:1.00|0.56|0.72, total:0.99|0.65|0.78
epoch:191, loss: 0.05990822833997232, other:0.97|1.00|0.98, company:1.00|0.89|0.94, address:0.99|0.91|0.95, date:1.00|0.66|0.79, total:1.00|0.62|0.76
epoch:192, loss: 0.08008599943584865, other:0.97|1.00|0.98, company:0.99|0.90|0.94, address:0.99|0.91|0.95, date:0.87|0.92|0.89, total:1.00|0.54|0.70
epoch:193, loss: 0.04850990566666479, other:0.97|1.00|0.98, company:1.00|0.86|0.92, address:1.00|0.88|0.94, date:1.00|0.80|0.89, total:1.00|0.59|0.75
epoch:194, loss: 0.04576244598461522, other:0.97|1.00|0.98, company:1.00|0.90|0.95, address:1.00|0.93|0.96, date:1.00|0.80|0.89, total:1.00|0.54|0.70
epoch:195, loss: 0.05579288676381111, other:0.96|1.00|0.98, company:1.00|0.91|0.95, address:1.00|0.90|0.95, date:1.00|0.84|0.91, total:0.99|0.43|0.60
epoch:196, loss: 0.04064851516374835, other:0.98|1.00|0.99, company:1.00|0.90|0.95, address:1.00|0.92|0.96, date:1.00|0.82|0.90, total:0.99|0.64|0.78
epoch:197, loss: 0.04208219451484857, other:0.98|1.00|0.99, company:1.00|0.88|0.93, address:1.00|0.94|0.97, date:1.00|0.81|0.90, total:0.99|0.69|0.82
epoch:198, loss: 0.04019618034362793, other:0.98|1.00|0.99, company:1.00|0.92|0.96, address:1.00|0.95|0.97, date:1.00|0.79|0.88, total:1.00|0.66|0.79
epoch:199, loss: 0.06431044996888549, other:0.96|1.00|0.98, company:1.00|0.89|0.94, address:1.00|0.93|0.96, date:1.00|0.53|0.70, total:0.99|0.56|0.72
epoch:200, loss: 0.06300180722717885, other:0.96|1.00|0.98, company:1.00|0.87|0.93, address:1.00|0.90|0.95, date:0.98|0.75|0.85, total:1.00|0.52|0.68
epoch:201, loss: 0.05249303779392331, other:0.97|1.00|0.98, company:1.00|0.86|0.92, address:1.00|0.88|0.93, date:1.00|0.69|0.82, total:0.99|0.66|0.79
epoch:202, loss: 0.0505980066265221, other:0.98|1.00|0.99, company:1.00|0.89|0.94, address:1.00|0.94|0.97, date:1.00|0.79|0.88, total:0.97|0.66|0.78
epoch:203, loss: 0.043150676897278535, other:0.98|1.00|0.99, company:1.00|0.90|0.95, address:1.00|0.92|0.96, date:1.00|0.83|0.91, total:0.99|0.66|0.79
epoch:204, loss: 0.03736634856020963, other:0.98|1.00|0.99, company:1.00|0.89|0.94, address:1.00|0.96|0.98, date:1.00|0.84|0.91, total:0.99|0.72|0.84
epoch:205, loss: 0.03650862558020486, other:0.98|1.00|0.99, company:1.00|0.89|0.94, address:1.00|0.93|0.96, date:1.00|0.85|0.92, total:1.00|0.66|0.79
epoch:206, loss: 0.04435593621046455, other:0.98|1.00|0.99, company:0.99|0.87|0.93, address:1.00|0.93|0.96, date:1.00|0.73|0.84, total:0.99|0.73|0.84
epoch:207, loss: 0.05510965914086059, other:0.97|1.00|0.99, company:0.99|0.88|0.94, address:0.99|0.92|0.95, date:0.99|0.85|0.92, total:0.98|0.58|0.73
epoch:208, loss: 0.053672111282745995, other:0.98|1.00|0.99, company:1.00|0.91|0.95, address:1.00|0.96|0.98, date:1.00|0.82|0.90, total:0.91|0.70|0.79
epoch:209, loss: 0.03845644217950327, other:0.98|1.00|0.99, company:0.99|0.94|0.96, address:1.00|0.92|0.96, date:1.00|0.87|0.93, total:0.99|0.70|0.82
epoch:210, loss: 0.03871172397500939, other:0.98|1.00|0.99, company:0.98|0.93|0.95, address:1.00|0.91|0.96, date:1.00|0.90|0.95, total:1.00|0.65|0.79
epoch:211, loss: 0.0322373042366019, other:0.98|1.00|0.99, company:1.00|0.90|0.95, address:1.00|0.95|0.97, date:1.00|0.81|0.90, total:1.00|0.73|0.84
epoch:212, loss: 0.03255054623716407, other:0.98|1.00|0.99, company:1.00|0.93|0.96, address:1.00|0.97|0.98, date:1.00|0.86|0.93, total:1.00|0.63|0.77
epoch:213, loss: 0.06308995904745879, other:0.95|1.00|0.98, company:1.00|0.84|0.91, address:1.00|0.82|0.90, date:1.00|0.75|0.86, total:0.98|0.47|0.64
epoch:214, loss: 0.04098773720087828, other:0.98|1.00|0.99, company:1.00|0.92|0.96, address:1.00|0.97|0.98, date:1.00|0.90|0.95, total:1.00|0.64|0.78
epoch:215, loss: 0.05243497569527891, other:0.97|1.00|0.99, company:1.00|0.82|0.90, address:0.98|0.93|0.95, date:0.99|0.87|0.92, total:1.00|0.60|0.75
epoch:216, loss: 0.06319583138381993, other:0.97|1.00|0.98, company:0.98|0.88|0.92, address:1.00|0.88|0.93, date:0.98|0.84|0.90, total:0.97|0.59|0.73
epoch:217, loss: 0.05652865243178827, other:0.97|1.00|0.99, company:1.00|0.92|0.95, address:0.99|0.93|0.96, date:0.99|0.84|0.91, total:0.99|0.54|0.70
epoch:218, loss: 0.06287863326293451, other:0.96|1.00|0.98, company:1.00|0.85|0.92, address:1.00|0.91|0.95, date:1.00|0.66|0.79, total:0.99|0.53|0.69
epoch:219, loss: 0.0597091028811755, other:0.96|1.00|0.98, company:1.00|0.86|0.93, address:0.99|0.94|0.97, date:1.00|0.72|0.84, total:1.00|0.51|0.68
epoch:220, loss: 0.057183896363885316, other:0.97|1.00|0.99, company:1.00|0.90|0.94, address:1.00|0.91|0.95, date:1.00|0.65|0.79, total:0.99|0.68|0.81
epoch:221, loss: 0.040420658679472074, other:0.98|1.00|0.99, company:1.00|0.90|0.95, address:1.00|0.92|0.96, date:1.00|0.81|0.90, total:1.00|0.64|0.78
epoch:222, loss: 0.04002937584839485, other:0.98|1.00|0.99, company:1.00|0.93|0.96, address:1.00|0.94|0.97, date:1.00|0.75|0.86, total:1.00|0.66|0.80
epoch:223, loss: 0.03993812189609916, other:0.98|1.00|0.99, company:1.00|0.92|0.96, address:1.00|0.94|0.97, date:1.00|0.75|0.85, total:0.99|0.73|0.84
epoch:224, loss: 0.03927004482183191, other:0.98|1.00|0.99, company:0.99|0.94|0.96, address:1.00|0.91|0.95, date:1.00|0.82|0.90, total:1.00|0.62|0.77
epoch:225, loss: 0.03198582941183337, other:0.98|1.00|0.99, company:1.00|0.92|0.96, address:1.00|0.96|0.98, date:1.00|0.82|0.90, total:1.00|0.64|0.78
epoch:226, loss: 0.030105258062205934, other:0.98|1.00|0.99, company:1.00|0.92|0.96, address:1.00|0.96|0.98, date:1.00|0.85|0.92, total:1.00|0.72|0.84
epoch:227, loss: 0.03751583293908172, other:0.98|1.00|0.99, company:1.00|0.90|0.94, address:1.00|0.90|0.95, date:1.00|0.73|0.84, total:1.00|0.72|0.84
epoch:228, loss: 0.03981415285832352, other:0.98|1.00|0.99, company:0.99|0.93|0.96, address:0.99|0.94|0.97, date:1.00|0.80|0.89, total:1.00|0.66|0.80
epoch:229, loss: 0.03150215703580114, other:0.98|1.00|0.99, company:1.00|0.92|0.96, address:1.00|0.90|0.95, date:1.00|0.86|0.92, total:1.00|0.71|0.83
epoch:230, loss: 0.031528030418687396, other:0.98|1.00|0.99, company:1.00|0.94|0.97, address:1.00|0.96|0.98, date:1.00|0.83|0.91, total:1.00|0.65|0.79
epoch:231, loss: 0.0401198403150947, other:0.98|1.00|0.99, company:1.00|0.90|0.94, address:1.00|0.96|0.98, date:1.00|0.90|0.94, total:1.00|0.56|0.72
epoch:232, loss: 0.03503143283779974, other:0.98|1.00|0.99, company:1.00|0.88|0.94, address:1.00|0.96|0.98, date:1.00|0.82|0.90, total:1.00|0.64|0.78
epoch:233, loss: 0.029976484503734996, other:0.99|1.00|0.99, company:1.00|0.93|0.96, address:1.00|0.96|0.98, date:1.00|0.91|0.96, total:0.96|0.82|0.88
epoch:234, loss: 0.030169131717196217, other:0.98|1.00|0.99, company:1.00|0.93|0.96, address:1.00|0.98|0.99, date:1.00|0.89|0.94, total:1.00|0.67|0.80
epoch:235, loss: 0.04330972589000508, other:0.97|1.00|0.99, company:1.00|0.90|0.95, address:1.00|0.86|0.93, date:1.00|0.87|0.93, total:1.00|0.62|0.77
epoch:236, loss: 0.06096216691312967, other:0.97|1.00|0.98, company:1.00|0.88|0.94, address:1.00|0.79|0.88, date:0.99|0.83|0.90, total:1.00|0.67|0.80
epoch:237, loss: 0.0366482222797694, other:0.98|1.00|0.99, company:1.00|0.92|0.96, address:1.00|0.93|0.96, date:1.00|0.85|0.92, total:0.99|0.65|0.79
epoch:238, loss: 0.03151570619256408, other:0.98|1.00|0.99, company:1.00|0.91|0.95, address:1.00|0.96|0.98, date:1.00|0.87|0.93, total:1.00|0.63|0.77
epoch:239, loss: 0.0550039438875737, other:0.97|1.00|0.98, company:1.00|0.90|0.95, address:1.00|0.91|0.95, date:1.00|0.89|0.94, total:0.95|0.52|0.67
epoch:240, loss: 0.0810881799293889, other:0.97|1.00|0.98, company:1.00|0.86|0.92, address:0.98|0.92|0.95, date:1.00|0.75|0.86, total:0.87|0.58|0.70
epoch:241, loss: 0.0522393763617233, other:0.97|1.00|0.99, company:1.00|0.93|0.96, address:1.00|0.90|0.95, date:1.00|0.75|0.86, total:0.96|0.63|0.76
epoch:242, loss: 0.057832265893618263, other:0.97|1.00|0.98, company:1.00|0.91|0.95, address:1.00|0.96|0.98, date:1.00|0.69|0.82, total:0.97|0.52|0.68
epoch:243, loss: 0.06239049992075673, other:0.97|1.00|0.98, company:0.99|0.91|0.95, address:1.00|0.92|0.96, date:0.95|0.74|0.83, total:0.99|0.55|0.71
epoch:244, loss: 0.050370953977108, other:0.97|1.00|0.98, company:1.00|0.87|0.93, address:1.00|0.91|0.96, date:1.00|0.77|0.87, total:0.99|0.54|0.70
epoch:245, loss: 0.03841597573072822, other:0.98|1.00|0.99, company:1.00|0.92|0.96, address:1.00|0.95|0.98, date:1.00|0.87|0.93, total:0.99|0.66|0.79
epoch:246, loss: 0.03268764547451779, other:0.99|1.00|0.99, company:1.00|0.92|0.96, address:1.00|0.96|0.98, date:1.00|0.86|0.93, total:0.99|0.74|0.85
epoch:247, loss: 0.036956637959789346, other:0.97|1.00|0.99, company:1.00|0.91|0.95, address:1.00|0.93|0.96, date:1.00|0.85|0.92, total:1.00|0.56|0.72
epoch:248, loss: 0.03609242386840008, other:0.98|1.00|0.99, company:1.00|0.90|0.94, address:1.00|0.96|0.98, date:1.00|0.78|0.88, total:0.99|0.73|0.84
epoch:249, loss: 0.04195498854473785, other:0.98|1.00|0.99, company:1.00|0.94|0.97, address:1.00|0.88|0.94, date:0.99|0.90|0.94, total:0.97|0.84|0.90
epoch:250, loss: 0.03958195772159983, other:0.98|1.00|0.99, company:0.99|0.89|0.94, address:1.00|0.96|0.98, date:1.00|0.81|0.90, total:0.99|0.65|0.78
epoch:251, loss: 0.045496622721354164, other:0.97|1.00|0.98, company:1.00|0.84|0.91, address:1.00|0.94|0.97, date:1.00|0.72|0.84, total:1.00|0.56|0.72
epoch:252, loss: 0.03901419767902957, other:0.98|1.00|0.99, company:1.00|0.93|0.96, address:1.00|0.93|0.96, date:1.00|0.75|0.86, total:0.96|0.73|0.83
epoch:253, loss: 0.040816718643462216, other:0.97|1.00|0.99, company:1.00|0.90|0.95, address:1.00|0.95|0.98, date:1.00|0.77|0.87, total:1.00|0.54|0.70
epoch:254, loss: 0.05520152341988352, other:0.97|1.00|0.99, company:1.00|0.92|0.96, address:1.00|0.96|0.98, date:0.99|0.67|0.80, total:0.96|0.63|0.76
epoch:255, loss: 0.07435506499475902, other:0.96|1.00|0.98, company:0.98|0.92|0.95, address:1.00|0.92|0.96, date:0.99|0.76|0.86, total:1.00|0.40|0.57
epoch:256, loss: 0.07149584729362417, other:0.96|1.00|0.98, company:1.00|0.86|0.92, address:0.99|0.94|0.97, date:1.00|0.65|0.79, total:0.96|0.47|0.63
epoch:257, loss: 0.04465762436113976, other:0.98|1.00|0.99, company:1.00|0.92|0.96, address:1.00|0.95|0.97, date:1.00|0.81|0.90, total:0.98|0.64|0.77
epoch:258, loss: 0.060112157560609, other:0.97|1.00|0.99, company:0.96|0.90|0.93, address:0.99|0.88|0.93, date:1.00|0.79|0.88, total:0.99|0.63|0.77
epoch:259, loss: 0.03761193956489916, other:0.98|1.00|0.99, company:1.00|0.92|0.96, address:1.00|0.96|0.98, date:1.00|0.88|0.94, total:1.00|0.63|0.77
epoch:260, loss: 0.042990724038746625, other:0.97|1.00|0.99, company:1.00|0.91|0.95, address:1.00|0.96|0.98, date:1.00|0.85|0.92, total:1.00|0.51|0.67
epoch:261, loss: 0.04055849414456774, other:0.98|1.00|0.99, company:1.00|0.93|0.96, address:1.00|0.96|0.98, date:1.00|0.88|0.93, total:0.99|0.61|0.75
epoch:262, loss: 0.040373426068712165, other:0.98|1.00|0.99, company:1.00|0.92|0.95, address:1.00|0.93|0.96, date:1.00|0.87|0.93, total:1.00|0.66|0.80
epoch:263, loss: 0.051749369612446534, other:0.96|1.00|0.98, company:1.00|0.87|0.93, address:1.00|0.91|0.95, date:1.00|0.72|0.84, total:1.00|0.50|0.67
epoch:264, loss: 0.04217465528873382, other:0.97|1.00|0.99, company:1.00|0.89|0.94, address:1.00|0.90|0.95, date:1.00|0.71|0.83, total:0.99|0.69|0.81
epoch:265, loss: 0.0323183447536495, other:0.98|1.00|0.99, company:1.00|0.93|0.96, address:1.00|0.93|0.97, date:1.00|0.86|0.93, total:1.00|0.64|0.78
epoch:266, loss: 0.029615111649036407, other:0.98|1.00|0.99, company:1.00|0.93|0.96, address:1.00|0.95|0.98, date:1.00|0.87|0.93, total:1.00|0.65|0.79
epoch:267, loss: 0.027412973654766876, other:0.98|1.00|0.99, company:1.00|0.93|0.96, address:1.00|0.96|0.98, date:1.00|0.88|0.93, total:0.99|0.71|0.83
epoch:268, loss: 0.025498516340222623, other:0.98|1.00|0.99, company:1.00|0.93|0.96, address:1.00|0.98|0.99, date:1.00|0.86|0.93, total:1.00|0.69|0.82
epoch:269, loss: 0.032534469884854776, other:0.98|1.00|0.99, company:1.00|0.92|0.96, address:1.00|0.94|0.97, date:1.00|0.78|0.88, total:1.00|0.66|0.79
epoch:270, loss: 0.059072261607205426, other:0.96|1.00|0.98, company:1.00|0.88|0.94, address:1.00|0.94|0.97, date:1.00|0.76|0.87, total:0.99|0.43|0.60
epoch:271, loss: 0.07782072780860795, other:0.97|1.00|0.99, company:0.99|0.92|0.96, address:0.99|0.98|0.99, date:1.00|0.81|0.90, total:0.86|0.51|0.64
epoch:272, loss: 0.05715482254271154, other:0.98|1.00|0.99, company:1.00|0.93|0.97, address:1.00|0.95|0.97, date:0.99|0.89|0.94, total:0.89|0.60|0.72
epoch:273, loss: 0.04009077911851583, other:0.97|1.00|0.99, company:1.00|0.93|0.96, address:1.00|0.97|0.98, date:1.00|0.88|0.93, total:1.00|0.53|0.69
epoch:274, loss: 0.03716984611970407, other:0.98|1.00|0.99, company:1.00|0.93|0.96, address:1.00|0.96|0.98, date:1.00|0.86|0.92, total:0.99|0.64|0.78
epoch:275, loss: 0.03581459806473167, other:0.98|1.00|0.99, company:1.00|0.92|0.96, address:1.00|0.93|0.97, date:1.00|0.81|0.89, total:1.00|0.61|0.76
epoch:276, loss: 0.029687970842200297, other:0.98|1.00|0.99, company:1.00|0.93|0.96, address:1.00|0.97|0.99, date:1.00|0.86|0.93, total:1.00|0.63|0.78
epoch:277, loss: 0.02764725633379486, other:0.98|1.00|0.99, company:1.00|0.93|0.96, address:1.00|0.97|0.99, date:1.00|0.91|0.95, total:1.00|0.67|0.81
epoch:278, loss: 0.03342383775722097, other:0.98|1.00|0.99, company:1.00|0.90|0.95, address:1.00|0.95|0.97, date:1.00|0.83|0.91, total:1.00|0.61|0.76
epoch:279, loss: 0.05175058626466327, other:0.96|1.00|0.98, company:1.00|0.89|0.94, address:1.00|0.97|0.98, date:1.00|0.60|0.75, total:1.00|0.56|0.72
epoch:280, loss: 0.04346050611800618, other:0.98|1.00|0.99, company:1.00|0.92|0.96, address:0.98|0.99|0.98, date:1.00|0.86|0.92, total:1.00|0.63|0.77
epoch:281, loss: 0.053158889766092655, other:0.98|1.00|0.99, company:0.94|0.94|0.94, address:1.00|0.92|0.96, date:1.00|0.87|0.93, total:1.00|0.69|0.81
epoch:282, loss: 0.04919001956780752, other:0.97|1.00|0.99, company:1.00|0.86|0.92, address:0.98|0.90|0.94, date:1.00|0.88|0.94, total:1.00|0.58|0.73
epoch:283, loss: 0.06058255555453124, other:0.96|1.00|0.98, company:1.00|0.87|0.93, address:1.00|0.80|0.89, date:1.00|0.79|0.89, total:0.98|0.57|0.72
epoch:284, loss: 0.0539881513212566, other:0.98|1.00|0.99, company:1.00|0.88|0.94, address:0.98|0.95|0.96, date:0.99|0.83|0.90, total:0.99|0.62|0.76
epoch:285, loss: 0.04429878687693013, other:0.98|1.00|0.99, company:1.00|0.93|0.96, address:1.00|0.96|0.98, date:1.00|0.82|0.90, total:0.98|0.60|0.75
epoch:286, loss: 0.06604206534447493, other:0.95|1.00|0.98, company:1.00|0.90|0.95, address:1.00|0.92|0.96, date:1.00|0.61|0.75, total:0.99|0.47|0.64
epoch:287, loss: 0.03545901538045318, other:0.98|1.00|0.99, company:1.00|0.94|0.97, address:1.00|0.96|0.98, date:0.99|0.91|0.95, total:0.99|0.64|0.78
epoch:288, loss: 0.032781387506811706, other:0.98|1.00|0.99, company:1.00|0.93|0.96, address:1.00|0.97|0.98, date:1.00|0.83|0.91, total:1.00|0.68|0.81
epoch:289, loss: 0.048123580783053684, other:0.96|1.00|0.98, company:1.00|0.93|0.96, address:1.00|0.91|0.95, date:1.00|0.66|0.80, total:1.00|0.52|0.69
epoch:290, loss: 0.0652156792305134, other:0.97|1.00|0.98, company:1.00|0.86|0.92, address:0.97|0.90|0.94, date:1.00|0.76|0.86, total:0.98|0.59|0.74
epoch:291, loss: 0.044406810568438634, other:0.97|1.00|0.98, company:1.00|0.90|0.95, address:1.00|0.93|0.96, date:1.00|0.70|0.83, total:0.99|0.59|0.74
epoch:292, loss: 0.04269107079340352, other:0.97|1.00|0.99, company:1.00|0.92|0.96, address:1.00|0.89|0.94, date:0.99|0.82|0.90, total:1.00|0.61|0.76
epoch:293, loss: 0.04985018164195396, other:0.97|1.00|0.99, company:1.00|0.90|0.94, address:0.99|0.96|0.98, date:1.00|0.68|0.81, total:1.00|0.60|0.75
epoch:294, loss: 0.034284561320587444, other:0.98|1.00|0.99, company:1.00|0.94|0.97, address:1.00|0.97|0.99, date:1.00|0.85|0.92, total:0.99|0.67|0.80
epoch:295, loss: 0.029668625375186955, other:0.98|1.00|0.99, company:1.00|0.93|0.96, address:1.00|0.97|0.98, date:1.00|0.86|0.93, total:1.00|0.68|0.81
epoch:296, loss: 0.028327230398577673, other:0.98|1.00|0.99, company:1.00|0.93|0.96, address:1.00|0.95|0.97, date:1.00|0.88|0.94, total:1.00|0.70|0.82
epoch:297, loss: 0.029227908217796573, other:0.99|1.00|0.99, company:1.00|0.93|0.97, address:1.00|0.98|0.99, date:1.00|0.85|0.92, total:1.00|0.76|0.87
epoch:298, loss: 0.025119465706800972, other:0.99|1.00|0.99, company:1.00|0.93|0.96, address:1.00|0.97|0.98, date:1.00|0.81|0.89, total:1.00|0.78|0.88
epoch:299, loss: 0.024622437751127615, other:0.99|1.00|0.99, company:1.00|0.93|0.97, address:1.00|0.97|0.99, date:1.00|0.83|0.91, total:1.00|0.75|0.86
