epoch:0, loss: 1.4042403123996876, other:1.00|0.90|0.95, company:0.00|0.00|0.00, address:0.04|0.31|0.07, date:0.00|0.00|0.00, total:0.00|0.00|0.00
epoch:1, loss: 0.9652376969655355, other:0.98|0.94|0.96, company:0.00|0.67|0.01, address:0.61|0.45|0.52, date:0.00|0.00|0.00, total:0.03|0.17|0.05
epoch:2, loss: 0.6885979109340243, other:0.86|0.97|0.91, company:0.33|0.63|0.44, address:0.92|0.36|0.52, date:0.03|0.24|0.05, total:0.51|0.14|0.22
epoch:3, loss: 0.5951396094428169, other:0.82|0.98|0.89, company:0.60|0.70|0.65, address:0.91|0.39|0.55, date:0.24|0.32|0.28, total:0.75|0.14|0.23
epoch:4, loss: 0.5402068793773651, other:0.83|0.98|0.90, company:0.74|0.68|0.71, address:0.89|0.42|0.57, date:0.40|0.35|0.37, total:0.75|0.15|0.25
epoch:5, loss: 0.4920743593463191, other:0.82|0.99|0.89, company:0.82|0.71|0.76, address:0.91|0.46|0.61, date:0.53|0.29|0.37, total:0.84|0.16|0.27
epoch:6, loss: 0.4676010310649872, other:0.81|0.99|0.89, company:0.83|0.68|0.75, address:0.91|0.44|0.60, date:0.58|0.30|0.40, total:0.89|0.16|0.27
epoch:7, loss: 0.42976147598690456, other:0.82|0.99|0.90, company:0.80|0.72|0.76, address:0.95|0.47|0.62, date:0.67|0.30|0.41, total:0.84|0.17|0.28
epoch:8, loss: 0.41564533335191234, other:0.82|0.99|0.90, company:0.87|0.66|0.75, address:0.92|0.47|0.62, date:0.72|0.29|0.41, total:0.85|0.18|0.30
epoch:9, loss: 0.41838978948416533, other:0.78|0.99|0.88, company:0.78|0.80|0.79, address:0.97|0.45|0.61, date:0.75|0.27|0.40, total:0.93|0.15|0.26
epoch:10, loss: 0.38525241834146007, other:0.84|0.99|0.91, company:0.68|0.83|0.75, address:0.97|0.48|0.64, date:0.74|0.29|0.42, total:0.84|0.20|0.33
epoch:11, loss: 0.35836829741795856, other:0.84|0.99|0.91, company:0.83|0.74|0.78, address:0.95|0.51|0.67, date:0.73|0.31|0.44, total:0.86|0.20|0.33
epoch:12, loss: 0.3541872004667918, other:0.83|0.99|0.90, company:0.81|0.82|0.81, address:0.97|0.49|0.65, date:0.78|0.31|0.44, total:0.89|0.19|0.31
epoch:13, loss: 0.34044040353209887, other:0.83|0.99|0.90, company:0.84|0.78|0.81, address:0.96|0.52|0.68, date:0.78|0.29|0.43, total:0.88|0.19|0.32
epoch:14, loss: 0.3503309267538565, other:0.80|0.99|0.89, company:0.88|0.72|0.79, address:0.95|0.51|0.66, date:0.82|0.28|0.42, total:0.95|0.16|0.28
epoch:15, loss: 0.33325184053844875, other:0.83|0.99|0.90, company:0.77|0.79|0.78, address:0.98|0.49|0.65, date:0.81|0.32|0.46, total:0.91|0.19|0.32
epoch:16, loss: 0.31669345608463995, other:0.82|0.99|0.90, company:0.88|0.76|0.82, address:0.97|0.50|0.66, date:0.81|0.34|0.48, total:0.93|0.18|0.31
epoch:17, loss: 0.3409099269796301, other:0.82|0.99|0.90, company:0.66|0.83|0.73, address:0.99|0.50|0.66, date:0.86|0.28|0.42, total:0.91|0.19|0.32
epoch:18, loss: 0.3060188552847615, other:0.84|0.99|0.91, company:0.81|0.84|0.82, address:0.98|0.51|0.67, date:0.79|0.37|0.50, total:0.92|0.20|0.32
epoch:19, loss: 0.3017851346068912, other:0.83|0.99|0.90, company:0.92|0.70|0.80, address:0.96|0.53|0.68, date:0.84|0.35|0.50, total:0.95|0.18|0.31
epoch:20, loss: 0.29140774022649835, other:0.83|0.99|0.90, company:0.92|0.69|0.79, address:0.96|0.54|0.69, date:0.85|0.34|0.48, total:0.94|0.19|0.31
epoch:21, loss: 0.29947660863399506, other:0.83|0.99|0.91, company:0.81|0.83|0.82, address:0.99|0.53|0.69, date:0.90|0.27|0.42, total:0.88|0.21|0.34
epoch:22, loss: 0.2877900512130172, other:0.83|0.99|0.90, company:0.86|0.80|0.83, address:0.98|0.54|0.70, date:0.89|0.28|0.42, total:0.92|0.21|0.34
epoch:23, loss: 0.2976311395565669, other:0.82|1.00|0.90, company:0.82|0.84|0.83, address:0.99|0.53|0.69, date:0.90|0.30|0.45, total:0.95|0.18|0.30
epoch:24, loss: 0.26997511364795546, other:0.84|0.99|0.91, company:0.91|0.72|0.81, address:0.97|0.59|0.73, date:0.88|0.34|0.49, total:0.93|0.20|0.33
epoch:25, loss: 0.2715043353813666, other:0.85|0.99|0.92, company:0.87|0.81|0.84, address:0.98|0.58|0.73, date:0.89|0.32|0.47, total:0.91|0.22|0.35
epoch:26, loss: 0.28403507945714174, other:0.83|1.00|0.90, company:0.84|0.82|0.83, address:0.99|0.54|0.70, date:0.90|0.34|0.49, total:0.94|0.19|0.31
epoch:27, loss: 0.2865928284547947, other:0.85|0.99|0.92, company:0.76|0.84|0.80, address:0.98|0.59|0.74, date:0.90|0.32|0.47, total:0.91|0.22|0.35
epoch:28, loss: 0.2544933916242034, other:0.85|0.99|0.92, company:0.92|0.74|0.82, address:0.97|0.60|0.74, date:0.88|0.38|0.53, total:0.93|0.21|0.34
epoch:29, loss: 0.2607507578752659, other:0.85|1.00|0.92, company:0.86|0.84|0.85, address:0.99|0.61|0.75, date:0.89|0.36|0.51, total:0.94|0.20|0.33
epoch:30, loss: 0.24451523191399044, other:0.86|1.00|0.92, company:0.92|0.79|0.85, address:0.97|0.63|0.77, date:0.91|0.34|0.50, total:0.92|0.22|0.36
epoch:31, loss: 0.2883902159002092, other:0.84|1.00|0.91, company:0.72|0.82|0.77, address:0.99|0.57|0.72, date:0.91|0.33|0.49, total:0.95|0.19|0.32
epoch:32, loss: 0.24859118627177346, other:0.85|1.00|0.92, company:0.91|0.77|0.83, address:0.98|0.61|0.76, date:0.94|0.30|0.45, total:0.92|0.23|0.36
epoch:33, loss: 0.2613444996100885, other:0.86|1.00|0.92, company:0.79|0.83|0.81, address:0.99|0.58|0.73, date:0.92|0.38|0.54, total:0.94|0.22|0.36
epoch:34, loss: 0.24236975720635168, other:0.86|1.00|0.92, company:0.86|0.81|0.84, address:0.99|0.58|0.73, date:0.90|0.43|0.58, total:0.94|0.22|0.35
epoch:35, loss: 0.24153680271572536, other:0.85|1.00|0.92, company:0.92|0.75|0.83, address:0.98|0.61|0.75, date:0.92|0.36|0.52, total:0.95|0.21|0.34
epoch:36, loss: 0.23327459394931793, other:0.88|0.99|0.94, company:0.89|0.80|0.84, address:0.98|0.63|0.77, date:0.89|0.42|0.57, total:0.89|0.25|0.39
epoch:37, loss: 0.2724841711697755, other:0.86|1.00|0.92, company:0.73|0.83|0.78, address:0.98|0.60|0.75, date:0.90|0.35|0.50, total:0.93|0.22|0.36
epoch:38, loss: 0.2353880410944974, other:0.86|1.00|0.92, company:0.93|0.77|0.85, address:0.98|0.63|0.77, date:0.93|0.36|0.52, total:0.95|0.22|0.35
epoch:39, loss: 0.23558154426239156, other:0.86|1.00|0.92, company:0.90|0.78|0.84, address:0.98|0.65|0.78, date:0.93|0.34|0.50, total:0.94|0.23|0.37
epoch:40, loss: 0.24683263456379925, other:0.86|1.00|0.92, company:0.85|0.84|0.85, address:0.99|0.65|0.78, date:0.92|0.35|0.51, total:0.95|0.22|0.36
epoch:41, loss: 0.24178703239670507, other:0.84|1.00|0.91, company:0.90|0.81|0.85, address:0.99|0.65|0.78, date:0.94|0.32|0.47, total:0.96|0.20|0.33
epoch:42, loss: 0.25840932682708456, other:0.84|1.00|0.91, company:0.81|0.83|0.82, address:1.00|0.58|0.73, date:0.94|0.32|0.47, total:0.95|0.22|0.35
epoch:43, loss: 0.226316934382474, other:0.89|0.99|0.94, company:0.90|0.83|0.86, address:0.96|0.72|0.82, date:0.93|0.38|0.54, total:0.92|0.25|0.39
epoch:44, loss: 0.2275496815089826, other:0.87|1.00|0.93, company:0.87|0.83|0.85, address:0.99|0.64|0.77, date:0.93|0.39|0.55, total:0.93|0.24|0.39
epoch:45, loss: 0.22247504304956506, other:0.86|1.00|0.93, company:0.92|0.80|0.85, address:0.98|0.67|0.79, date:0.93|0.40|0.56, total:0.96|0.21|0.35
epoch:46, loss: 0.2133024329388583, other:0.88|1.00|0.93, company:0.91|0.82|0.86, address:0.99|0.63|0.77, date:0.93|0.44|0.59, total:0.93|0.24|0.38
epoch:47, loss: 0.22619284137531562, other:0.89|1.00|0.94, company:0.83|0.84|0.84, address:0.99|0.67|0.80, date:0.94|0.38|0.55, total:0.92|0.26|0.40
epoch:48, loss: 0.21646463650244255, other:0.88|1.00|0.93, company:0.90|0.83|0.87, address:0.98|0.67|0.80, date:0.91|0.41|0.57, total:0.95|0.24|0.38
epoch:49, loss: 0.22227745475592436, other:0.88|1.00|0.94, company:0.86|0.81|0.84, address:0.99|0.66|0.79, date:0.92|0.44|0.60, total:0.94|0.25|0.39
epoch:50, loss: 0.2090301596456104, other:0.89|1.00|0.94, company:0.92|0.80|0.86, address:0.99|0.71|0.82, date:0.90|0.47|0.61, total:0.93|0.24|0.38
epoch:51, loss: 0.2154327658591447, other:0.88|1.00|0.94, company:0.90|0.83|0.86, address:0.99|0.67|0.80, date:0.93|0.40|0.56, total:0.93|0.26|0.40
epoch:52, loss: 0.21845273894292336, other:0.86|1.00|0.92, company:0.92|0.80|0.85, address:0.99|0.68|0.81, date:0.93|0.40|0.56, total:0.97|0.20|0.34
epoch:53, loss: 0.21149857342243195, other:0.88|1.00|0.93, company:0.90|0.82|0.86, address:0.99|0.66|0.79, date:0.95|0.38|0.54, total:0.94|0.26|0.40
epoch:54, loss: 0.2072406510512034, other:0.88|1.00|0.94, company:0.90|0.82|0.86, address:0.99|0.64|0.78, date:0.94|0.43|0.59, total:0.94|0.26|0.41
epoch:55, loss: 0.2043868667549557, other:0.87|1.00|0.93, company:0.92|0.82|0.87, address:0.99|0.68|0.81, date:0.95|0.39|0.55, total:0.95|0.23|0.37
epoch:56, loss: 0.19852163118344765, other:0.88|1.00|0.93, company:0.94|0.78|0.85, address:0.99|0.68|0.81, date:0.94|0.42|0.58, total:0.95|0.23|0.38
epoch:57, loss: 0.19731189807256064, other:0.90|1.00|0.94, company:0.91|0.83|0.87, address:0.99|0.67|0.80, date:0.91|0.48|0.63, total:0.92|0.27|0.42
epoch:58, loss: 0.20653724173704782, other:0.89|1.00|0.94, company:0.91|0.82|0.87, address:0.97|0.74|0.84, date:0.93|0.42|0.58, total:0.94|0.25|0.40
epoch:59, loss: 0.18981718520323435, other:0.90|1.00|0.94, company:0.91|0.83|0.87, address:0.99|0.68|0.81, date:0.93|0.47|0.63, total:0.94|0.27|0.42
epoch:60, loss: 0.19335363143020207, other:0.88|1.00|0.94, company:0.92|0.81|0.86, address:0.99|0.68|0.81, date:0.94|0.40|0.56, total:0.94|0.26|0.41
epoch:61, loss: 0.1846299452914132, other:0.89|1.00|0.94, company:0.93|0.80|0.86, address:0.99|0.70|0.82, date:0.94|0.41|0.58, total:0.93|0.28|0.43
epoch:62, loss: 0.19147683900815468, other:0.88|1.00|0.93, company:0.96|0.77|0.86, address:0.98|0.67|0.80, date:0.95|0.43|0.59, total:0.96|0.24|0.38
epoch:63, loss: 0.19212688008944193, other:0.89|1.00|0.94, company:0.92|0.81|0.86, address:0.99|0.65|0.79, date:0.94|0.44|0.60, total:0.95|0.26|0.41
epoch:64, loss: 0.19460084592854535, other:0.87|1.00|0.93, company:0.95|0.78|0.86, address:0.99|0.69|0.81, date:0.95|0.40|0.56, total:0.96|0.23|0.38
epoch:65, loss: 0.18615269385002278, other:0.88|1.00|0.94, company:0.94|0.80|0.86, address:0.99|0.68|0.81, date:0.95|0.46|0.62, total:0.95|0.24|0.39
epoch:66, loss: 0.18828915501082386, other:0.88|1.00|0.93, company:0.95|0.80|0.87, address:0.99|0.68|0.81, date:0.95|0.44|0.60, total:0.95|0.23|0.38
epoch:67, loss: 0.18553952320858283, other:0.88|1.00|0.94, company:0.94|0.79|0.86, address:0.99|0.69|0.81, date:0.96|0.42|0.58, total:0.95|0.25|0.40
epoch:68, loss: 0.18580744663874307, other:0.89|1.00|0.94, company:0.95|0.78|0.85, address:0.99|0.69|0.81, date:0.96|0.45|0.61, total:0.94|0.26|0.40
epoch:69, loss: 0.19356330622125556, other:0.88|1.00|0.93, company:0.93|0.82|0.87, address:1.00|0.64|0.78, date:0.95|0.46|0.62, total:0.95|0.24|0.38
epoch:70, loss: 0.19140867668169517, other:0.89|1.00|0.94, company:0.90|0.82|0.86, address:0.99|0.70|0.82, date:0.96|0.42|0.58, total:0.94|0.26|0.41
epoch:71, loss: 0.192318437827958, other:0.88|1.00|0.94, company:0.90|0.83|0.86, address:0.99|0.67|0.80, date:0.95|0.46|0.62, total:0.96|0.25|0.39
epoch:72, loss: 0.17604498234060076, other:0.89|1.00|0.94, company:0.94|0.82|0.88, address:0.99|0.70|0.82, date:0.95|0.47|0.63, total:0.95|0.26|0.41
epoch:73, loss: 0.19191996256510416, other:0.88|1.00|0.93, company:0.93|0.82|0.87, address:0.99|0.71|0.83, date:0.97|0.40|0.56, total:0.97|0.23|0.37
epoch:74, loss: 0.18188776379382168, other:0.90|1.00|0.95, company:0.92|0.82|0.87, address:0.99|0.71|0.83, date:0.94|0.49|0.65, total:0.95|0.27|0.41
epoch:75, loss: 0.17366359576031012, other:0.89|1.00|0.94, company:0.96|0.78|0.86, address:0.99|0.71|0.83, date:0.96|0.47|0.63, total:0.95|0.25|0.40
epoch:76, loss: 0.18605306247870126, other:0.88|1.00|0.93, company:0.92|0.82|0.87, address:1.00|0.67|0.80, date:0.97|0.40|0.57, total:0.96|0.24|0.39
epoch:77, loss: 0.16886044983510617, other:0.90|1.00|0.95, company:0.95|0.82|0.88, address:0.99|0.72|0.84, date:0.95|0.47|0.63, total:0.95|0.27|0.42
epoch:78, loss: 0.17830790689697973, other:0.89|1.00|0.94, company:0.93|0.82|0.87, address:0.99|0.71|0.83, date:0.97|0.46|0.62, total:0.95|0.25|0.39
epoch:79, loss: 0.18207475018722039, other:0.91|1.00|0.95, company:0.88|0.86|0.87, address:0.99|0.73|0.84, date:0.96|0.48|0.64, total:0.94|0.29|0.45
epoch:80, loss: 0.16893560880864109, other:0.89|1.00|0.94, company:0.94|0.81|0.87, address:0.99|0.72|0.83, date:0.96|0.49|0.65, total:0.95|0.25|0.40
epoch:81, loss: 0.16663498707391597, other:0.91|1.00|0.95, company:0.95|0.80|0.87, address:0.99|0.72|0.83, date:0.95|0.51|0.66, total:0.91|0.31|0.46
epoch:82, loss: 0.18320948161460734, other:0.88|1.00|0.94, company:0.89|0.83|0.86, address:1.00|0.69|0.81, date:0.96|0.45|0.62, total:0.96|0.24|0.39
epoch:83, loss: 0.1721957281783775, other:0.88|1.00|0.94, company:0.94|0.82|0.88, address:0.99|0.71|0.83, date:0.97|0.42|0.59, total:0.96|0.25|0.40
epoch:84, loss: 0.1610701291097535, other:0.90|1.00|0.95, company:0.94|0.83|0.88, address:0.99|0.74|0.85, date:0.97|0.48|0.64, total:0.94|0.28|0.43
epoch:85, loss: 0.1566305720695743, other:0.90|1.00|0.95, company:0.97|0.80|0.88, address:0.99|0.73|0.84, date:0.97|0.51|0.66, total:0.95|0.27|0.43
epoch:86, loss: 0.16489876227246392, other:0.91|1.00|0.95, company:0.91|0.82|0.86, address:0.99|0.74|0.84, date:0.97|0.48|0.64, total:0.93|0.30|0.45
epoch:87, loss: 0.17182321184211308, other:0.88|1.00|0.94, company:0.98|0.77|0.86, address:0.99|0.73|0.84, date:0.98|0.37|0.54, total:0.95|0.26|0.41
epoch:88, loss: 0.1520965168321574, other:0.91|1.00|0.95, company:0.97|0.80|0.88, address:0.99|0.78|0.87, date:0.97|0.52|0.68, total:0.95|0.27|0.43
epoch:89, loss: 0.15606732169787088, other:0.91|1.00|0.95, company:0.92|0.85|0.88, address:0.99|0.75|0.86, date:0.97|0.52|0.68, total:0.94|0.30|0.45
epoch:90, loss: 0.16459261763978889, other:0.89|1.00|0.94, company:0.96|0.80|0.87, address:0.99|0.74|0.85, date:0.97|0.44|0.60, total:0.96|0.25|0.40
epoch:91, loss: 0.16140609151787227, other:0.90|1.00|0.95, company:0.92|0.83|0.87, address:0.99|0.72|0.83, date:0.97|0.49|0.66, total:0.95|0.29|0.44
epoch:92, loss: 0.15111310255748253, other:0.91|1.00|0.95, company:0.96|0.81|0.88, address:0.99|0.74|0.85, date:0.97|0.51|0.67, total:0.95|0.29|0.44
epoch:93, loss: 0.16308226684729257, other:0.91|1.00|0.95, company:0.93|0.83|0.87, address:0.99|0.76|0.86, date:0.97|0.46|0.63, total:0.95|0.29|0.45
epoch:94, loss: 0.15376455005672243, other:0.90|1.00|0.95, company:0.96|0.82|0.89, address:0.99|0.72|0.84, date:0.97|0.50|0.66, total:0.97|0.27|0.43
epoch:95, loss: 0.1550417967416622, other:0.90|1.00|0.95, company:0.96|0.82|0.88, address:0.99|0.75|0.86, date:0.97|0.49|0.65, total:0.97|0.26|0.41
epoch:96, loss: 0.15410365743769538, other:0.90|1.00|0.95, company:0.97|0.79|0.87, address:0.99|0.78|0.87, date:0.98|0.44|0.60, total:0.94|0.29|0.44
epoch:97, loss: 0.1617705532246166, other:0.89|1.00|0.94, company:0.94|0.80|0.86, address:1.00|0.72|0.84, date:0.97|0.47|0.63, total:0.97|0.26|0.41
epoch:98, loss: 0.15167193556273426, other:0.90|1.00|0.95, company:0.98|0.79|0.87, address:0.99|0.75|0.85, date:0.97|0.50|0.66, total:0.97|0.26|0.42
epoch:99, loss: 0.1559262239822635, other:0.92|1.00|0.96, company:0.95|0.82|0.88, address:0.98|0.81|0.89, date:0.97|0.50|0.66, total:0.94|0.31|0.47
epoch:100, loss: 0.14403209780101422, other:0.91|1.00|0.95, company:0.96|0.83|0.89, address:0.99|0.76|0.86, date:0.97|0.52|0.68, total:0.96|0.30|0.45
epoch:101, loss: 0.14421044510823708, other:0.91|1.00|0.95, company:0.96|0.82|0.89, address:0.99|0.75|0.85, date:0.98|0.51|0.67, total:0.97|0.28|0.44
epoch:102, loss: 0.14402462348893838, other:0.91|1.00|0.95, company:0.96|0.82|0.89, address:0.99|0.76|0.86, date:0.98|0.50|0.66, total:0.95|0.30|0.45
epoch:103, loss: 0.14582833896080652, other:0.91|1.00|0.95, company:0.95|0.83|0.88, address:0.99|0.76|0.86, date:0.98|0.49|0.65, total:0.96|0.29|0.45
epoch:104, loss: 0.14650677420474864, other:0.91|1.00|0.95, company:0.95|0.83|0.89, address:0.99|0.77|0.87, date:0.98|0.51|0.67, total:0.97|0.29|0.44
epoch:105, loss: 0.1442521556659981, other:0.91|1.00|0.95, company:0.95|0.83|0.89, address:0.99|0.76|0.86, date:0.98|0.49|0.65, total:0.96|0.29|0.45
epoch:106, loss: 0.14155823185488028, other:0.91|1.00|0.95, company:0.96|0.83|0.89, address:0.99|0.76|0.86, date:0.98|0.50|0.66, total:0.96|0.30|0.45
epoch:107, loss: 0.14464208097369582, other:0.91|1.00|0.95, company:0.94|0.84|0.89, address:0.99|0.77|0.87, date:0.98|0.50|0.66, total:0.96|0.30|0.45
epoch:108, loss: 0.1431201238323141, other:0.91|1.00|0.95, company:0.95|0.83|0.89, address:0.99|0.77|0.87, date:0.98|0.50|0.67, total:0.97|0.29|0.45
epoch:109, loss: 0.1417890282140838, other:0.91|1.00|0.95, company:0.97|0.81|0.88, address:0.99|0.75|0.85, date:0.98|0.49|0.66, total:0.97|0.29|0.45
epoch:110, loss: 0.1413033993707763, other:0.91|1.00|0.95, company:0.96|0.83|0.89, address:0.99|0.76|0.86, date:0.98|0.51|0.67, total:0.97|0.29|0.45
epoch:111, loss: 0.1410108432173729, other:0.91|1.00|0.95, company:0.96|0.83|0.89, address:0.99|0.77|0.87, date:0.98|0.50|0.67, total:0.96|0.30|0.45
epoch:112, loss: 0.1453166468827813, other:0.91|1.00|0.95, company:0.96|0.82|0.88, address:0.99|0.77|0.87, date:0.98|0.49|0.66, total:0.96|0.29|0.45
epoch:113, loss: 0.14589236124798102, other:0.91|1.00|0.95, company:0.94|0.83|0.88, address:0.99|0.77|0.87, date:0.98|0.50|0.66, total:0.97|0.29|0.45
epoch:114, loss: 0.1404818257799855, other:0.91|1.00|0.95, company:0.96|0.82|0.88, address:0.99|0.77|0.87, date:0.98|0.53|0.69, total:0.96|0.30|0.46
epoch:115, loss: 0.1427087339538115, other:0.91|1.00|0.95, company:0.95|0.83|0.88, address:0.99|0.77|0.87, date:0.98|0.51|0.67, total:0.95|0.30|0.45
epoch:116, loss: 0.13968110746807522, other:0.91|1.00|0.95, company:0.96|0.83|0.89, address:0.99|0.77|0.87, date:0.98|0.51|0.67, total:0.96|0.30|0.45
epoch:117, loss: 0.14480341888136333, other:0.90|1.00|0.95, company:0.96|0.83|0.89, address:0.99|0.76|0.86, date:0.99|0.47|0.64, total:0.97|0.28|0.44
epoch:118, loss: 0.13848408008063282, other:0.91|1.00|0.95, company:0.98|0.82|0.89, address:1.00|0.76|0.86, date:0.98|0.51|0.67, total:0.97|0.29|0.45
epoch:119, loss: 0.13755872983623435, other:0.91|1.00|0.95, company:0.97|0.83|0.89, address:0.99|0.76|0.86, date:0.98|0.51|0.67, total:0.97|0.29|0.45
epoch:120, loss: 0.13993400307717146, other:0.91|1.00|0.95, company:0.95|0.83|0.89, address:1.00|0.76|0.86, date:0.98|0.51|0.67, total:0.97|0.29|0.45
epoch:121, loss: 0.1361736136454123, other:0.91|1.00|0.95, company:0.96|0.84|0.89, address:1.00|0.77|0.87, date:0.98|0.52|0.68, total:0.96|0.30|0.46
epoch:122, loss: 0.14034573513048668, other:0.91|1.00|0.95, company:0.95|0.83|0.89, address:0.99|0.77|0.87, date:0.98|0.53|0.68, total:0.95|0.29|0.45
epoch:123, loss: 0.1404489877599257, other:0.91|1.00|0.95, company:0.96|0.83|0.89, address:0.99|0.78|0.88, date:0.99|0.50|0.67, total:0.97|0.29|0.45
epoch:124, loss: 0.1395351403841266, other:0.91|1.00|0.95, company:0.96|0.82|0.88, address:1.00|0.76|0.86, date:0.99|0.49|0.66, total:0.97|0.30|0.45
epoch:125, loss: 0.13807811670833164, other:0.91|1.00|0.95, company:0.97|0.82|0.89, address:1.00|0.77|0.87, date:0.99|0.50|0.66, total:0.97|0.29|0.45
epoch:126, loss: 0.14307155984419365, other:0.91|1.00|0.95, company:0.94|0.83|0.88, address:0.99|0.77|0.87, date:0.99|0.50|0.66, total:0.97|0.29|0.44
epoch:127, loss: 0.1379762187048241, other:0.91|1.00|0.95, company:0.95|0.83|0.89, address:0.99|0.78|0.87, date:0.98|0.50|0.67, total:0.96|0.30|0.46
epoch:128, loss: 0.1378212093755051, other:0.91|1.00|0.95, company:0.97|0.82|0.89, address:1.00|0.76|0.86, date:0.99|0.50|0.66, total:0.97|0.29|0.45
epoch:129, loss: 0.13821122491801227, other:0.91|1.00|0.95, company:0.96|0.84|0.89, address:1.00|0.77|0.87, date:0.99|0.51|0.67, total:0.97|0.30|0.46
epoch:130, loss: 0.13926321902760752, other:0.91|1.00|0.95, company:0.97|0.83|0.89, address:0.99|0.77|0.87, date:0.99|0.48|0.65, total:0.97|0.29|0.45
epoch:131, loss: 0.13596853779421914, other:0.92|1.00|0.96, company:0.96|0.83|0.89, address:0.99|0.78|0.87, date:0.98|0.53|0.69, total:0.96|0.31|0.47
epoch:132, loss: 0.13707720212362431, other:0.91|1.00|0.95, company:0.96|0.83|0.89, address:1.00|0.77|0.87, date:0.99|0.51|0.67, total:0.97|0.30|0.46
epoch:133, loss: 0.13632496611939537, other:0.92|1.00|0.96, company:0.97|0.82|0.89, address:0.99|0.79|0.88, date:0.98|0.53|0.69, total:0.95|0.30|0.46
epoch:134, loss: 0.1366660804660232, other:0.91|1.00|0.95, company:0.96|0.83|0.89, address:1.00|0.78|0.87, date:0.99|0.51|0.67, total:0.96|0.30|0.46
epoch:135, loss: 0.1354136069615682, other:0.91|1.00|0.95, company:0.97|0.82|0.89, address:1.00|0.78|0.87, date:0.99|0.49|0.66, total:0.97|0.30|0.46
epoch:136, loss: 0.1367368717436437, other:0.91|1.00|0.95, company:0.96|0.84|0.90, address:0.99|0.78|0.87, date:0.99|0.50|0.67, total:0.96|0.30|0.46
epoch:137, loss: 0.13462048051533876, other:0.91|1.00|0.95, company:0.96|0.83|0.89, address:0.99|0.79|0.88, date:0.99|0.51|0.68, total:0.96|0.30|0.46
epoch:138, loss: 0.1353248561973925, other:0.91|1.00|0.95, company:0.96|0.83|0.89, address:0.99|0.78|0.87, date:0.99|0.52|0.68, total:0.97|0.30|0.45
epoch:139, loss: 0.13382380097000687, other:0.91|1.00|0.95, company:0.97|0.83|0.89, address:1.00|0.78|0.87, date:0.98|0.51|0.67, total:0.96|0.30|0.46
epoch:140, loss: 0.13613128303377717, other:0.91|1.00|0.95, company:0.96|0.82|0.89, address:0.99|0.77|0.87, date:0.99|0.49|0.66, total:0.96|0.30|0.45
epoch:141, loss: 0.13464119644076736, other:0.91|1.00|0.95, company:0.96|0.83|0.89, address:1.00|0.77|0.87, date:0.98|0.51|0.67, total:0.97|0.29|0.45
epoch:142, loss: 0.13778415819009146, other:0.91|1.00|0.95, company:0.95|0.84|0.89, address:0.99|0.78|0.88, date:0.99|0.51|0.67, total:0.96|0.30|0.45
epoch:143, loss: 0.1329521812774517, other:0.91|1.00|0.95, company:0.97|0.83|0.89, address:1.00|0.77|0.87, date:0.99|0.52|0.68, total:0.97|0.30|0.46
epoch:144, loss: 0.13636350631713867, other:0.92|1.00|0.96, company:0.96|0.82|0.89, address:0.99|0.79|0.88, date:0.98|0.55|0.71, total:0.95|0.30|0.46
epoch:145, loss: 0.1350195926648599, other:0.91|1.00|0.95, company:0.96|0.84|0.89, address:1.00|0.77|0.87, date:0.98|0.50|0.67, total:0.96|0.30|0.46
epoch:146, loss: 0.1337677182422744, other:0.91|1.00|0.95, company:0.97|0.84|0.90, address:1.00|0.79|0.88, date:0.99|0.50|0.67, total:0.97|0.30|0.46
epoch:147, loss: 0.13167694514548337, other:0.92|1.00|0.96, company:0.97|0.83|0.90, address:0.99|0.79|0.88, date:0.98|0.54|0.69, total:0.95|0.31|0.47
epoch:148, loss: 0.13116839859220716, other:0.92|1.00|0.96, company:0.96|0.83|0.89, address:1.00|0.78|0.88, date:0.99|0.53|0.69, total:0.96|0.31|0.47
epoch:149, loss: 0.13415223360061646, other:0.91|1.00|0.95, company:0.98|0.83|0.90, address:1.00|0.78|0.87, date:0.99|0.50|0.67, total:0.97|0.29|0.45
epoch:150, loss: 0.13309671729803085, other:0.91|1.00|0.95, company:0.97|0.82|0.89, address:1.00|0.78|0.87, date:0.99|0.52|0.68, total:0.97|0.29|0.45
epoch:151, loss: 0.13137357737179156, other:0.91|1.00|0.95, company:0.98|0.83|0.90, address:1.00|0.80|0.89, date:0.98|0.53|0.69, total:0.97|0.29|0.45
epoch:152, loss: 0.13424921339308774, other:0.91|1.00|0.95, company:0.97|0.85|0.90, address:0.99|0.79|0.88, date:0.99|0.51|0.67, total:0.97|0.29|0.45
epoch:153, loss: 0.13146599961651695, other:0.91|1.00|0.95, company:0.97|0.84|0.90, address:0.99|0.79|0.88, date:0.99|0.51|0.67, total:0.97|0.30|0.46
epoch:154, loss: 0.13340265303850174, other:0.91|1.00|0.95, company:0.97|0.83|0.89, address:0.99|0.79|0.88, date:0.99|0.51|0.67, total:0.97|0.29|0.45
epoch:155, loss: 0.13484568066067165, other:0.91|1.00|0.95, company:0.96|0.83|0.89, address:1.00|0.78|0.88, date:0.99|0.50|0.67, total:0.97|0.30|0.45
epoch:156, loss: 0.13577152871423298, other:0.92|1.00|0.96, company:0.96|0.82|0.88, address:0.99|0.80|0.88, date:0.98|0.53|0.69, total:0.96|0.30|0.46
epoch:157, loss: 0.1334112212061882, other:0.91|1.00|0.95, company:0.98|0.82|0.89, address:1.00|0.79|0.88, date:0.99|0.49|0.66, total:0.97|0.29|0.45
epoch:158, loss: 0.13467071978030382, other:0.92|1.00|0.96, company:0.95|0.84|0.89, address:0.99|0.79|0.88, date:0.99|0.53|0.69, total:0.96|0.31|0.47
epoch:159, loss: 0.13317377727340768, other:0.91|1.00|0.95, company:0.98|0.83|0.90, address:0.99|0.79|0.88, date:0.99|0.50|0.67, total:0.98|0.29|0.44
epoch:160, loss: 0.13453992483792482, other:0.92|1.00|0.96, company:0.95|0.84|0.89, address:0.99|0.80|0.88, date:0.99|0.50|0.67, total:0.96|0.31|0.47
epoch:161, loss: 0.1313870499531428, other:0.92|1.00|0.96, company:0.96|0.84|0.90, address:0.99|0.79|0.88, date:0.99|0.52|0.68, total:0.95|0.32|0.48
epoch:162, loss: 0.1321782742937406, other:0.91|1.00|0.95, company:0.97|0.84|0.90, address:1.00|0.78|0.87, date:0.99|0.50|0.66, total:0.97|0.30|0.46
epoch:163, loss: 0.13093435543554802, other:0.91|1.00|0.95, company:0.97|0.84|0.90, address:1.00|0.78|0.88, date:0.99|0.52|0.68, total:0.97|0.29|0.45
epoch:164, loss: 0.13260840817734046, other:0.91|1.00|0.95, company:0.97|0.83|0.90, address:1.00|0.79|0.88, date:0.99|0.50|0.66, total:0.97|0.29|0.45
epoch:165, loss: 0.13113501364434207, other:0.92|1.00|0.96, company:0.97|0.83|0.89, address:0.99|0.79|0.88, date:0.99|0.53|0.69, total:0.96|0.30|0.46
epoch:166, loss: 0.1343255810163639, other:0.91|1.00|0.95, company:0.96|0.85|0.90, address:1.00|0.79|0.88, date:0.99|0.52|0.68, total:0.97|0.29|0.45
epoch:167, loss: 0.1289824197689692, other:0.92|1.00|0.96, company:0.97|0.84|0.90, address:1.00|0.80|0.89, date:0.98|0.53|0.69, total:0.97|0.30|0.46
epoch:168, loss: 0.13094241199670015, other:0.91|1.00|0.95, company:0.97|0.85|0.91, address:1.00|0.79|0.88, date:0.99|0.51|0.67, total:0.97|0.30|0.46
epoch:169, loss: 0.1305004686669067, other:0.91|1.00|0.95, company:0.98|0.84|0.90, address:1.00|0.79|0.88, date:0.99|0.50|0.67, total:0.97|0.30|0.46
epoch:170, loss: 0.1311538282919813, other:0.92|1.00|0.96, company:0.97|0.83|0.90, address:0.99|0.80|0.89, date:0.99|0.51|0.68, total:0.97|0.30|0.46
epoch:171, loss: 0.13452465445907028, other:0.92|1.00|0.96, company:0.96|0.83|0.89, address:0.99|0.81|0.89, date:0.99|0.52|0.68, total:0.95|0.31|0.47
epoch:172, loss: 0.13277473190316447, other:0.91|1.00|0.95, company:0.97|0.83|0.89, address:1.00|0.79|0.88, date:0.99|0.50|0.67, total:0.97|0.29|0.45
epoch:173, loss: 0.1342557911519651, other:0.91|1.00|0.95, company:0.96|0.83|0.89, address:0.99|0.78|0.88, date:0.99|0.51|0.68, total:0.97|0.30|0.46
epoch:174, loss: 0.13053016557737632, other:0.91|1.00|0.95, company:0.97|0.83|0.90, address:1.00|0.78|0.87, date:0.99|0.50|0.67, total:0.97|0.30|0.46
epoch:175, loss: 0.12981056835916308, other:0.92|1.00|0.96, company:0.96|0.86|0.91, address:0.99|0.81|0.89, date:0.99|0.52|0.68, total:0.96|0.31|0.47
epoch:176, loss: 0.13212860706779692, other:0.91|1.00|0.95, company:0.96|0.85|0.90, address:1.00|0.80|0.89, date:0.99|0.50|0.67, total:0.97|0.29|0.45
epoch:177, loss: 0.13001246088080937, other:0.91|1.00|0.95, company:0.98|0.84|0.90, address:1.00|0.78|0.88, date:0.99|0.51|0.67, total:0.98|0.29|0.45
epoch:178, loss: 0.1264605787065294, other:0.92|1.00|0.96, company:0.98|0.83|0.90, address:1.00|0.78|0.88, date:0.99|0.53|0.69, total:0.96|0.31|0.47
epoch:179, loss: 0.130413462166433, other:0.91|1.00|0.95, company:0.98|0.84|0.91, address:1.00|0.81|0.89, date:0.99|0.51|0.67, total:0.98|0.29|0.45
epoch:180, loss: 0.131193478902181, other:0.92|1.00|0.96, company:0.96|0.84|0.89, address:0.99|0.79|0.88, date:0.98|0.53|0.69, total:0.96|0.30|0.46
epoch:181, loss: 0.12924845489086928, other:0.92|1.00|0.96, company:0.96|0.85|0.90, address:0.99|0.80|0.89, date:0.98|0.55|0.71, total:0.95|0.31|0.47
epoch:182, loss: 0.12933923524838906, other:0.92|1.00|0.96, company:0.95|0.85|0.90, address:1.00|0.80|0.89, date:0.99|0.53|0.69, total:0.95|0.32|0.48
epoch:183, loss: 0.12940828640151908, other:0.91|1.00|0.95, company:0.98|0.83|0.90, address:1.00|0.79|0.88, date:0.99|0.50|0.67, total:0.97|0.30|0.45
epoch:184, loss: 0.12761426330716522, other:0.91|1.00|0.95, company:0.98|0.84|0.90, address:1.00|0.79|0.88, date:0.99|0.50|0.67, total:0.97|0.30|0.46
epoch:185, loss: 0.13279029147492516, other:0.91|1.00|0.95, company:0.97|0.85|0.90, address:1.00|0.78|0.88, date:0.99|0.50|0.66, total:0.98|0.29|0.45
epoch:186, loss: 0.12741205675734413, other:0.92|1.00|0.96, company:0.97|0.86|0.91, address:1.00|0.80|0.89, date:0.99|0.52|0.68, total:0.96|0.31|0.47
epoch:187, loss: 0.12794263688502489, other:0.92|1.00|0.96, company:0.97|0.85|0.91, address:1.00|0.80|0.89, date:0.99|0.51|0.68, total:0.97|0.30|0.46
epoch:188, loss: 0.12759687061663028, other:0.92|1.00|0.96, company:0.98|0.84|0.90, address:1.00|0.80|0.89, date:0.99|0.52|0.68, total:0.97|0.30|0.46
epoch:189, loss: 0.12556124754525996, other:0.92|1.00|0.96, company:0.98|0.84|0.90, address:0.99|0.80|0.89, date:0.99|0.52|0.68, total:0.96|0.31|0.47
epoch:190, loss: 0.1318188864323828, other:0.92|1.00|0.96, company:0.96|0.84|0.89, address:0.99|0.80|0.89, date:0.99|0.52|0.68, total:0.95|0.31|0.47
epoch:191, loss: 0.12952829593861545, other:0.91|1.00|0.95, company:0.98|0.85|0.91, address:1.00|0.79|0.88, date:0.99|0.50|0.66, total:0.97|0.30|0.45
epoch:192, loss: 0.1257607751974353, other:0.91|1.00|0.95, company:0.98|0.85|0.91, address:1.00|0.79|0.88, date:0.99|0.52|0.68, total:0.98|0.30|0.46
epoch:193, loss: 0.13235397857648354, other:0.92|1.00|0.96, company:0.95|0.84|0.89, address:0.99|0.80|0.88, date:0.99|0.53|0.69, total:0.96|0.30|0.46
epoch:194, loss: 0.12720941172705758, other:0.92|1.00|0.96, company:0.97|0.84|0.90, address:0.99|0.80|0.89, date:0.99|0.52|0.68, total:0.96|0.32|0.48
epoch:195, loss: 0.12980017066001892, other:0.92|1.00|0.96, company:0.97|0.83|0.89, address:0.99|0.80|0.89, date:0.98|0.53|0.69, total:0.95|0.31|0.47
epoch:196, loss: 0.12601737595266765, other:0.91|1.00|0.96, company:0.98|0.85|0.91, address:1.00|0.80|0.89, date:0.99|0.52|0.68, total:0.97|0.30|0.46
epoch:197, loss: 0.12621793730391395, other:0.92|1.00|0.96, company:0.96|0.85|0.90, address:0.99|0.80|0.89, date:0.99|0.54|0.69, total:0.95|0.31|0.47
epoch:198, loss: 0.12595177938540777, other:0.92|1.00|0.96, company:0.97|0.84|0.90, address:1.00|0.80|0.89, date:0.99|0.52|0.68, total:0.97|0.31|0.46
epoch:199, loss: 0.12652349444451155, other:0.92|1.00|0.96, company:0.97|0.85|0.91, address:1.00|0.80|0.89, date:0.99|0.53|0.69, total:0.95|0.33|0.48
epoch:200, loss: 0.12664554406095435, other:0.92|1.00|0.96, company:0.98|0.84|0.90, address:1.00|0.80|0.89, date:0.99|0.51|0.68, total:0.96|0.31|0.46
epoch:201, loss: 0.12627138859695858, other:0.92|1.00|0.96, company:0.97|0.83|0.90, address:1.00|0.79|0.88, date:0.99|0.52|0.68, total:0.97|0.31|0.47
epoch:202, loss: 0.12467949837446213, other:0.92|1.00|0.96, company:0.97|0.85|0.90, address:1.00|0.80|0.89, date:0.99|0.52|0.68, total:0.95|0.32|0.48
epoch:203, loss: 0.12588968790239757, other:0.91|1.00|0.96, company:0.98|0.85|0.91, address:1.00|0.81|0.89, date:0.99|0.50|0.67, total:0.98|0.30|0.46
epoch:204, loss: 0.12624690212585307, other:0.92|1.00|0.96, company:0.97|0.86|0.91, address:1.00|0.80|0.89, date:0.98|0.56|0.72, total:0.95|0.31|0.47
epoch:205, loss: 0.13032083461682, other:0.92|1.00|0.96, company:0.96|0.85|0.90, address:1.00|0.80|0.89, date:0.99|0.50|0.67, total:0.97|0.31|0.46
epoch:206, loss: 0.12496038719459816, other:0.92|1.00|0.96, company:0.97|0.84|0.90, address:1.00|0.81|0.89, date:0.99|0.53|0.69, total:0.97|0.31|0.47
epoch:207, loss: 0.12553160665211854, other:0.92|1.00|0.96, company:0.97|0.84|0.90, address:1.00|0.80|0.89, date:0.99|0.50|0.67, total:0.97|0.31|0.46
epoch:208, loss: 0.12391668033820612, other:0.92|1.00|0.96, company:0.97|0.86|0.91, address:1.00|0.81|0.89, date:0.99|0.53|0.69, total:0.97|0.32|0.48
epoch:209, loss: 0.12575875553819868, other:0.92|1.00|0.96, company:0.96|0.86|0.91, address:0.99|0.82|0.90, date:0.98|0.55|0.70, total:0.96|0.31|0.47
epoch:210, loss: 0.1269654863410526, other:0.91|1.00|0.95, company:0.97|0.84|0.90, address:1.00|0.79|0.88, date:0.99|0.52|0.68, total:0.98|0.29|0.45
epoch:211, loss: 0.12242907616827223, other:0.92|1.00|0.96, company:0.96|0.86|0.91, address:1.00|0.81|0.89, date:0.98|0.55|0.70, total:0.96|0.32|0.48
epoch:212, loss: 0.1251704819776394, other:0.92|1.00|0.96, company:0.97|0.85|0.90, address:1.00|0.82|0.90, date:0.99|0.53|0.69, total:0.96|0.31|0.47
epoch:213, loss: 0.1243316004121745, other:0.92|1.00|0.96, company:0.97|0.84|0.90, address:1.00|0.80|0.89, date:0.99|0.53|0.69, total:0.96|0.31|0.47
epoch:214, loss: 0.1264464857953566, other:0.92|1.00|0.96, company:0.97|0.83|0.90, address:0.99|0.81|0.89, date:0.99|0.52|0.69, total:0.97|0.31|0.47
epoch:215, loss: 0.12438834734536984, other:0.92|1.00|0.96, company:0.97|0.85|0.90, address:1.00|0.80|0.89, date:0.99|0.53|0.69, total:0.97|0.31|0.47
epoch:216, loss: 0.12879860787479966, other:0.92|1.00|0.96, company:0.96|0.85|0.91, address:1.00|0.81|0.89, date:0.99|0.50|0.67, total:0.97|0.31|0.47
epoch:217, loss: 0.12732576606450258, other:0.91|1.00|0.96, company:0.97|0.84|0.90, address:1.00|0.80|0.89, date:0.99|0.52|0.68, total:0.97|0.30|0.46
epoch:218, loss: 0.1229910930549657, other:0.92|1.00|0.96, company:0.97|0.85|0.91, address:1.00|0.81|0.90, date:0.99|0.55|0.71, total:0.96|0.31|0.47
epoch:219, loss: 0.12374306304587258, other:0.92|1.00|0.96, company:0.98|0.85|0.91, address:1.00|0.81|0.89, date:0.99|0.52|0.68, total:0.97|0.31|0.47
epoch:220, loss: 0.12330685914666564, other:0.92|1.00|0.96, company:0.97|0.85|0.91, address:1.00|0.79|0.88, date:0.99|0.53|0.69, total:0.96|0.31|0.47
epoch:221, loss: 0.12099714715171743, other:0.92|1.00|0.96, company:0.98|0.86|0.91, address:1.00|0.81|0.89, date:0.99|0.52|0.68, total:0.96|0.32|0.48
epoch:222, loss: 0.12141979347776484, other:0.92|1.00|0.96, company:0.98|0.85|0.91, address:1.00|0.80|0.88, date:0.99|0.53|0.69, total:0.97|0.31|0.47
epoch:223, loss: 0.12591706299119526, other:0.91|1.00|0.96, company:0.98|0.84|0.90, address:0.99|0.81|0.89, date:0.99|0.52|0.68, total:0.98|0.30|0.46
epoch:224, loss: 0.12751275521737557, other:0.92|1.00|0.96, company:0.97|0.83|0.89, address:1.00|0.80|0.89, date:0.99|0.52|0.68, total:0.96|0.31|0.47
epoch:225, loss: 0.1242935163555322, other:0.92|1.00|0.96, company:0.98|0.85|0.91, address:1.00|0.81|0.89, date:0.99|0.51|0.68, total:0.98|0.31|0.47
epoch:226, loss: 0.11998574987605766, other:0.92|1.00|0.96, company:0.98|0.83|0.90, address:1.00|0.81|0.89, date:0.99|0.56|0.71, total:0.97|0.31|0.47
epoch:227, loss: 0.11986066538978506, other:0.92|1.00|0.96, company:0.98|0.85|0.91, address:1.00|0.82|0.90, date:0.99|0.53|0.69, total:0.96|0.32|0.48
epoch:228, loss: 0.12490623665076715, other:0.92|1.00|0.96, company:0.97|0.85|0.91, address:1.00|0.80|0.89, date:0.99|0.52|0.68, total:0.98|0.31|0.47
epoch:229, loss: 0.12202454413528796, other:0.92|1.00|0.96, company:0.98|0.84|0.91, address:0.99|0.80|0.89, date:0.99|0.53|0.69, total:0.96|0.31|0.47
epoch:230, loss: 0.12160177335694984, other:0.92|1.00|0.96, company:0.97|0.86|0.91, address:1.00|0.81|0.89, date:0.99|0.54|0.70, total:0.96|0.32|0.48
epoch:231, loss: 0.12156704150968128, other:0.92|1.00|0.96, company:0.98|0.85|0.91, address:1.00|0.80|0.89, date:0.99|0.52|0.69, total:0.98|0.31|0.47
epoch:232, loss: 0.12356425959754873, other:0.91|1.00|0.95, company:0.99|0.84|0.91, address:0.99|0.80|0.89, date:0.99|0.52|0.68, total:0.98|0.30|0.46
epoch:233, loss: 0.1245062784464271, other:0.92|1.00|0.96, company:0.98|0.85|0.91, address:1.00|0.80|0.89, date:0.99|0.51|0.68, total:0.97|0.30|0.46
epoch:234, loss: 0.12053108187737288, other:0.92|1.00|0.96, company:0.98|0.84|0.91, address:1.00|0.82|0.90, date:0.99|0.53|0.69, total:0.98|0.31|0.47
epoch:235, loss: 0.12250781114454623, other:0.91|1.00|0.95, company:0.99|0.84|0.91, address:1.00|0.81|0.89, date:0.99|0.51|0.68, total:0.98|0.30|0.46
epoch:236, loss: 0.12007708930306965, other:0.92|1.00|0.96, company:0.98|0.84|0.90, address:1.00|0.81|0.89, date:0.99|0.53|0.69, total:0.98|0.31|0.47
epoch:237, loss: 0.11957936320039961, other:0.92|1.00|0.96, company:0.98|0.84|0.90, address:1.00|0.82|0.90, date:0.99|0.53|0.69, total:0.97|0.32|0.48
epoch:238, loss: 0.12205513235595492, other:0.91|1.00|0.95, company:0.99|0.83|0.90, address:0.99|0.80|0.88, date:0.99|0.52|0.68, total:0.98|0.30|0.46
epoch:239, loss: 0.1217155177836065, other:0.92|1.00|0.96, company:0.98|0.85|0.91, address:0.99|0.82|0.90, date:0.99|0.54|0.70, total:0.97|0.31|0.47
epoch:240, loss: 0.11896540362525869, other:0.92|1.00|0.96, company:0.98|0.84|0.91, address:1.00|0.81|0.89, date:0.99|0.54|0.70, total:0.96|0.32|0.48
epoch:241, loss: 0.1250556641154819, other:0.91|1.00|0.95, company:0.98|0.84|0.91, address:1.00|0.80|0.89, date:0.99|0.50|0.66, total:0.98|0.29|0.45
epoch:242, loss: 0.123187232348654, other:0.92|1.00|0.96, company:0.98|0.84|0.91, address:0.99|0.81|0.89, date:0.99|0.52|0.68, total:0.97|0.30|0.46
epoch:243, loss: 0.11777795906420108, other:0.92|1.00|0.96, company:0.98|0.84|0.91, address:1.00|0.81|0.90, date:0.99|0.54|0.70, total:0.97|0.32|0.48
epoch:244, loss: 0.11804143229016552, other:0.92|1.00|0.96, company:0.98|0.85|0.91, address:1.00|0.82|0.90, date:0.99|0.55|0.71, total:0.97|0.32|0.48
epoch:245, loss: 0.11964595290245833, other:0.92|1.00|0.96, company:0.98|0.85|0.91, address:1.00|0.82|0.90, date:0.99|0.53|0.69, total:0.96|0.32|0.48
epoch:246, loss: 0.11887832868982244, other:0.92|1.00|0.96, company:0.98|0.84|0.91, address:1.00|0.82|0.90, date:0.99|0.53|0.69, total:0.97|0.31|0.47
epoch:247, loss: 0.12133873999118805, other:0.92|1.00|0.96, company:0.97|0.86|0.91, address:1.00|0.82|0.90, date:0.99|0.53|0.69, total:0.97|0.31|0.47
epoch:248, loss: 0.12168589786246971, other:0.92|1.00|0.96, company:0.98|0.84|0.90, address:1.00|0.81|0.90, date:0.99|0.52|0.69, total:0.97|0.31|0.47
epoch:249, loss: 0.12060606921160663, other:0.92|1.00|0.96, company:0.98|0.85|0.91, address:1.00|0.81|0.89, date:0.99|0.54|0.70, total:0.98|0.31|0.47
epoch:250, loss: 0.116821790183032, other:0.93|1.00|0.96, company:0.98|0.85|0.91, address:1.00|0.82|0.90, date:0.99|0.56|0.72, total:0.95|0.33|0.49
epoch:251, loss: 0.12033307248795475, other:0.92|1.00|0.96, company:0.97|0.85|0.91, address:1.00|0.82|0.90, date:0.99|0.55|0.71, total:0.97|0.31|0.48
epoch:252, loss: 0.11888014249227664, other:0.92|1.00|0.96, company:0.98|0.84|0.91, address:0.99|0.82|0.90, date:0.99|0.54|0.70, total:0.97|0.32|0.48
epoch:253, loss: 0.12123990638388528, other:0.92|1.00|0.96, company:0.98|0.86|0.91, address:1.00|0.82|0.90, date:0.99|0.51|0.68, total:0.98|0.31|0.47
epoch:254, loss: 0.12166771347875949, other:0.92|1.00|0.96, company:0.96|0.86|0.91, address:0.99|0.82|0.90, date:0.99|0.54|0.70, total:0.97|0.32|0.48
epoch:255, loss: 0.11604371280581863, other:0.92|1.00|0.96, company:0.99|0.84|0.91, address:0.99|0.81|0.89, date:0.99|0.54|0.70, total:0.97|0.32|0.49
epoch:256, loss: 0.12191045615408155, other:0.92|1.00|0.96, company:0.98|0.85|0.91, address:0.99|0.82|0.90, date:0.99|0.53|0.69, total:0.98|0.30|0.46
epoch:257, loss: 0.121966570339821, other:0.91|1.00|0.95, company:0.99|0.84|0.91, address:0.99|0.79|0.88, date:0.99|0.50|0.66, total:0.98|0.31|0.47
epoch:258, loss: 0.12345950250272397, other:0.92|1.00|0.96, company:0.97|0.86|0.91, address:1.00|0.82|0.90, date:0.99|0.52|0.68, total:0.98|0.30|0.46
epoch:259, loss: 0.11996804729655937, other:0.92|1.00|0.96, company:0.98|0.85|0.91, address:1.00|0.82|0.90, date:0.99|0.52|0.69, total:0.98|0.31|0.48
epoch:260, loss: 0.1203692748590752, other:0.92|1.00|0.96, company:0.98|0.84|0.90, address:1.00|0.81|0.89, date:0.99|0.53|0.69, total:0.98|0.31|0.47
epoch:261, loss: 0.11769512902807307, other:0.92|1.00|0.96, company:0.98|0.85|0.91, address:1.00|0.83|0.90, date:0.99|0.53|0.69, total:0.97|0.32|0.48
epoch:262, loss: 0.1178886357832838, other:0.92|1.00|0.96, company:0.98|0.85|0.91, address:1.00|0.81|0.90, date:0.99|0.55|0.71, total:0.98|0.31|0.47
epoch:263, loss: 0.11778042437853636, other:0.92|1.00|0.96, company:0.98|0.86|0.91, address:1.00|0.82|0.90, date:0.99|0.53|0.69, total:0.97|0.31|0.48
epoch:264, loss: 0.1227206888574141, other:0.92|1.00|0.96, company:0.97|0.84|0.90, address:1.00|0.81|0.89, date:0.99|0.52|0.68, total:0.98|0.31|0.47
epoch:265, loss: 0.11825244928951617, other:0.92|1.00|0.96, company:0.99|0.84|0.91, address:0.99|0.81|0.90, date:0.99|0.52|0.69, total:0.98|0.31|0.47
epoch:266, loss: 0.11912144830933323, other:0.92|1.00|0.96, company:0.98|0.85|0.91, address:1.00|0.82|0.90, date:0.99|0.53|0.69, total:0.98|0.31|0.47
epoch:267, loss: 0.12004796829488543, other:0.93|1.00|0.96, company:0.98|0.85|0.91, address:1.00|0.81|0.90, date:0.98|0.58|0.73, total:0.95|0.33|0.49
epoch:268, loss: 0.11848063849740559, other:0.93|1.00|0.96, company:0.98|0.85|0.91, address:1.00|0.84|0.91, date:0.99|0.55|0.71, total:0.97|0.32|0.48
epoch:269, loss: 0.11701181558547197, other:0.92|1.00|0.96, company:0.99|0.85|0.91, address:1.00|0.82|0.90, date:0.99|0.53|0.69, total:0.98|0.31|0.47
epoch:270, loss: 0.11486108269956377, other:0.92|1.00|0.96, company:0.98|0.84|0.90, address:1.00|0.81|0.90, date:0.99|0.56|0.72, total:0.96|0.32|0.48
epoch:271, loss: 0.11869931165818814, other:0.92|1.00|0.96, company:0.97|0.86|0.91, address:1.00|0.79|0.88, date:0.99|0.53|0.69, total:0.98|0.31|0.47
epoch:272, loss: 0.12175928525350711, other:0.92|1.00|0.96, company:0.98|0.85|0.91, address:1.00|0.82|0.90, date:1.00|0.51|0.67, total:0.98|0.31|0.47
epoch:273, loss: 0.11652898567694205, other:0.92|1.00|0.96, company:0.98|0.85|0.91, address:1.00|0.82|0.90, date:0.99|0.54|0.70, total:0.98|0.32|0.48
epoch:274, loss: 0.11899598825860906, other:0.92|1.00|0.96, company:0.98|0.84|0.90, address:1.00|0.81|0.89, date:0.99|0.54|0.70, total:0.98|0.30|0.46
epoch:275, loss: 0.11569283433534482, other:0.92|1.00|0.96, company:0.99|0.84|0.91, address:1.00|0.82|0.90, date:0.99|0.53|0.69, total:0.97|0.32|0.48
epoch:276, loss: 0.11483987696744778, other:0.93|1.00|0.96, company:0.98|0.85|0.91, address:1.00|0.83|0.91, date:0.99|0.55|0.71, total:0.96|0.33|0.49
epoch:277, loss: 0.11975824860511003, other:0.92|1.00|0.96, company:0.98|0.85|0.91, address:1.00|0.81|0.89, date:0.99|0.53|0.69, total:0.98|0.30|0.46
epoch:278, loss: 0.11768605891201231, other:0.92|1.00|0.96, company:0.97|0.86|0.91, address:1.00|0.83|0.90, date:0.99|0.53|0.69, total:0.98|0.32|0.49
epoch:279, loss: 0.11879687783894716, other:0.92|1.00|0.96, company:0.98|0.85|0.91, address:1.00|0.82|0.90, date:0.99|0.52|0.69, total:0.98|0.30|0.46
epoch:280, loss: 0.11388122538725536, other:0.93|1.00|0.96, company:0.98|0.85|0.91, address:1.00|0.83|0.91, date:0.99|0.56|0.72, total:0.96|0.33|0.49
epoch:281, loss: 0.11777935011519326, other:0.92|1.00|0.96, company:0.98|0.85|0.91, address:1.00|0.81|0.90, date:0.99|0.53|0.69, total:0.97|0.31|0.47
epoch:282, loss: 0.11674811911803705, other:0.92|1.00|0.96, company:0.98|0.86|0.92, address:1.00|0.82|0.90, date:0.99|0.52|0.68, total:0.98|0.32|0.48
epoch:283, loss: 0.11723955003199754, other:0.92|1.00|0.96, company:0.99|0.85|0.92, address:1.00|0.82|0.90, date:0.99|0.54|0.70, total:0.98|0.31|0.47
epoch:284, loss: 0.1158893053178434, other:0.92|1.00|0.96, company:0.98|0.84|0.91, address:1.00|0.82|0.90, date:0.99|0.54|0.70, total:0.98|0.31|0.47
epoch:285, loss: 0.11564276284641689, other:0.92|1.00|0.96, company:0.98|0.85|0.91, address:1.00|0.82|0.90, date:0.99|0.55|0.71, total:0.98|0.31|0.47
epoch:286, loss: 0.11525793428774234, other:0.92|1.00|0.96, company:0.99|0.84|0.91, address:1.00|0.83|0.91, date:0.99|0.55|0.70, total:0.98|0.31|0.47
epoch:287, loss: 0.11203091729570318, other:0.92|1.00|0.96, company:0.99|0.85|0.91, address:1.00|0.81|0.90, date:0.99|0.57|0.73, total:0.98|0.32|0.48
epoch:288, loss: 0.1165194406553551, other:0.92|1.00|0.96, company:0.98|0.85|0.91, address:1.00|0.81|0.90, date:1.00|0.55|0.71, total:0.97|0.31|0.47
epoch:289, loss: 0.11721100354636158, other:0.92|1.00|0.96, company:0.99|0.84|0.91, address:1.00|0.83|0.90, date:1.00|0.53|0.69, total:0.98|0.30|0.46
epoch:290, loss: 0.11390289774647465, other:0.92|1.00|0.96, company:0.99|0.84|0.91, address:1.00|0.82|0.90, date:1.00|0.53|0.70, total:0.98|0.32|0.48
epoch:291, loss: 0.11604374012461414, other:0.92|1.00|0.96, company:0.98|0.84|0.90, address:1.00|0.83|0.90, date:0.99|0.54|0.70, total:0.98|0.31|0.47
epoch:292, loss: 0.1149256279071172, other:0.92|1.00|0.96, company:0.98|0.86|0.91, address:1.00|0.83|0.90, date:1.00|0.55|0.71, total:0.97|0.32|0.48
epoch:293, loss: 0.1145101112348062, other:0.92|1.00|0.96, company:0.98|0.86|0.92, address:1.00|0.82|0.90, date:0.99|0.55|0.71, total:0.98|0.32|0.49
epoch:294, loss: 0.1142313113367116, other:0.92|1.00|0.96, company:0.99|0.86|0.92, address:1.00|0.83|0.90, date:1.00|0.54|0.70, total:0.98|0.31|0.48
epoch:295, loss: 0.11332603875133726, other:0.92|1.00|0.96, company:0.99|0.85|0.91, address:1.00|0.82|0.90, date:1.00|0.54|0.70, total:0.98|0.32|0.49
epoch:296, loss: 0.11702720020656232, other:0.92|1.00|0.96, company:0.99|0.85|0.91, address:1.00|0.82|0.90, date:1.00|0.53|0.69, total:0.98|0.31|0.47
epoch:297, loss: 0.11132701789891278, other:0.93|1.00|0.96, company:0.98|0.85|0.91, address:0.99|0.83|0.91, date:0.99|0.57|0.73, total:0.96|0.33|0.49
epoch:298, loss: 0.11952196309963863, other:0.93|1.00|0.96, company:0.97|0.85|0.91, address:1.00|0.81|0.89, date:0.98|0.58|0.73, total:0.96|0.32|0.48
epoch:299, loss: 0.11409254261740932, other:0.92|1.00|0.96, company:0.98|0.86|0.92, address:1.00|0.83|0.91, date:1.00|0.53|0.69, total:0.98|0.31|0.48
