2020-06-23 12:56:49.660735epoch:0, train loss:1.1392643893206562
2020-06-23 12:56:59.145447epoch:0, test loss: 0.8502313627137078, other:0.92|0.96|0.94, company:0.00|0.00|0.00, address:0.98|0.34|0.51, date:0.00|0.00|0.00, total:0.00|0.00|0.00
2020-06-23 12:57:03.281484epoch:0, test loss: 0.8338419477144877, other:0.92|0.96|0.94, company:0.00|0.00|0.00, address:1.00|0.34|0.50, date:0.00|0.00|0.00, total:0.00|0.00|0.00
2020-06-23 12:57:20.972189epoch:1, train loss:0.785574268411707
2020-06-23 12:57:30.389170epoch:1, test loss: 0.6882218321164449, other:0.92|0.96|0.94, company:0.00|0.00|0.00, address:0.98|0.38|0.54, date:0.20|0.35|0.26, total:0.03|0.29|0.05
2020-06-23 12:57:34.561516epoch:1, test loss: 0.6637230277061462, other:0.92|0.97|0.94, company:0.00|0.00|0.00, address:1.00|0.37|0.53, date:0.24|0.40|0.30, total:0.03|0.24|0.05
2020-06-23 12:57:51.688309epoch:2, train loss:0.6707267672927292
2020-06-23 12:58:01.024882epoch:2, test loss: 0.6085779755203812, other:0.80|0.98|0.88, company:0.33|0.80|0.47, address:0.96|0.40|0.57, date:0.47|0.26|0.33, total:0.76|0.15|0.25
2020-06-23 12:58:04.859924epoch:2, test loss: 0.5875628590583801, other:0.80|0.99|0.88, company:0.36|0.87|0.51, address:0.99|0.39|0.56, date:0.50|0.26|0.35, total:0.79|0.14|0.24
2020-06-23 12:58:21.458371epoch:3, train loss:0.6093711543966223
2020-06-23 12:58:30.722838epoch:3, test loss: 0.5526338352097405, other:0.79|0.98|0.88, company:0.64|0.73|0.68, address:0.92|0.42|0.58, date:0.48|0.25|0.33, total:0.81|0.14|0.24
2020-06-23 12:58:35.314733epoch:3, test loss: 0.5302974283695221, other:0.79|0.99|0.88, company:0.67|0.78|0.72, address:0.94|0.41|0.57, date:0.52|0.27|0.35, total:0.86|0.13|0.23
2020-06-23 12:58:52.171468epoch:4, train loss:0.5595512798538914
2020-06-23 12:59:01.586454epoch:4, test loss: 0.5118357947579136, other:0.78|0.98|0.87, company:0.67|0.75|0.71, address:0.93|0.45|0.61, date:0.54|0.20|0.29, total:0.83|0.14|0.24
2020-06-23 12:59:05.937259epoch:4, test loss: 0.4856690029303233, other:0.77|0.99|0.87, company:0.73|0.80|0.77, address:0.95|0.44|0.60, date:0.58|0.20|0.29, total:0.86|0.13|0.23
2020-06-23 12:59:22.416624epoch:5, train loss:0.5237745841344198
2020-06-23 12:59:31.750622epoch:5, test loss: 0.46056472372125695, other:0.80|0.98|0.88, company:0.84|0.69|0.76, address:0.92|0.47|0.62, date:0.55|0.21|0.31, total:0.81|0.16|0.27
2020-06-23 12:59:36.129327epoch:5, test loss: 0.44594337940216067, other:0.79|0.99|0.88, company:0.88|0.71|0.78, address:0.93|0.45|0.60, date:0.57|0.21|0.31, total:0.84|0.15|0.26
2020-06-23 12:59:52.655557epoch:6, train loss:0.47931757348555104
2020-06-23 13:00:02.553160epoch:6, test loss: 0.4167024117928964, other:0.84|0.98|0.90, company:0.85|0.78|0.81, address:0.96|0.49|0.65, date:0.55|0.26|0.35, total:0.73|0.19|0.30
2020-06-23 13:00:06.674755epoch:6, test loss: 0.40324418743451435, other:0.84|0.99|0.91, company:0.88|0.79|0.84, address:0.97|0.47|0.63, date:0.57|0.25|0.35, total:0.74|0.18|0.29
2020-06-23 13:00:23.364008epoch:7, train loss:0.45090195646992437
2020-06-23 13:00:32.802418epoch:7, test loss: 0.39326336869487055, other:0.87|0.98|0.92, company:0.85|0.81|0.83, address:0.97|0.52|0.68, date:0.58|0.26|0.36, total:0.64|0.25|0.36
2020-06-23 13:00:37.173199epoch:7, test loss: 0.3817472835381826, other:0.86|0.98|0.92, company:0.89|0.81|0.85, address:0.97|0.50|0.66, date:0.59|0.24|0.35, total:0.64|0.23|0.33
2020-06-23 13:00:53.740749epoch:8, train loss:0.4227542292188715
2020-06-23 13:01:02.739085epoch:8, test loss: 0.36956786226343225, other:0.84|0.99|0.91, company:0.88|0.79|0.83, address:0.97|0.52|0.68, date:0.68|0.26|0.37, total:0.72|0.21|0.33
2020-06-23 13:01:07.514603epoch:8, test loss: 0.3676090399424235, other:0.84|0.99|0.91, company:0.90|0.79|0.84, address:0.97|0.50|0.66, date:0.65|0.24|0.35, total:0.73|0.20|0.31
2020-06-23 13:01:23.176839epoch:9, train loss:0.398576177932598
2020-06-23 13:01:32.475034epoch:9, test loss: 0.35935494855598166, other:0.82|0.99|0.90, company:0.86|0.78|0.82, address:0.99|0.51|0.67, date:0.63|0.29|0.40, total:0.86|0.18|0.30
2020-06-23 13:01:37.443736epoch:9, test loss: 0.3631947656472524, other:0.82|0.99|0.90, company:0.89|0.76|0.82, address:0.99|0.49|0.66, date:0.62|0.27|0.37, total:0.85|0.17|0.28
2020-06-23 13:01:53.448584epoch:10, train loss:0.3804821703169081
2020-06-23 13:02:03.175525epoch:10, test loss: 0.3291765241711228, other:0.86|0.99|0.92, company:0.90|0.73|0.81, address:0.98|0.56|0.71, date:0.78|0.27|0.40, total:0.71|0.26|0.38
2020-06-23 13:02:08.429217epoch:10, test loss: 0.33751325408617655, other:0.86|0.99|0.92, company:0.91|0.71|0.80, address:0.97|0.52|0.68, date:0.73|0.25|0.37, total:0.71|0.25|0.37
2020-06-23 13:02:24.588152epoch:11, train loss:0.3787720137172275
2020-06-23 13:02:33.729781epoch:11, test loss: 0.32311634057097965, other:0.87|0.99|0.93, company:0.86|0.81|0.83, address:0.98|0.59|0.73, date:0.73|0.32|0.45, total:0.76|0.24|0.37
2020-06-23 13:02:38.929436epoch:11, test loss: 0.330375067392985, other:0.87|0.99|0.92, company:0.88|0.82|0.85, address:0.97|0.56|0.71, date:0.70|0.30|0.42, total:0.77|0.23|0.35
2020-06-23 13:02:55.060151epoch:12, train loss:0.36500131863134877
2020-06-23 13:03:04.160065epoch:12, test loss: 0.32361971614537416, other:0.85|0.99|0.92, company:0.84|0.83|0.83, address:0.98|0.57|0.72, date:0.75|0.32|0.45, total:0.85|0.21|0.34
2020-06-23 13:03:09.175682epoch:12, test loss: 0.33263980944951377, other:0.85|0.99|0.91, company:0.86|0.83|0.85, address:0.98|0.55|0.70, date:0.75|0.30|0.43, total:0.84|0.20|0.32
2020-06-23 13:03:25.170584epoch:13, train loss:0.3428149300592917
2020-06-23 13:03:34.683968epoch:13, test loss: 0.29951098561286926, other:0.89|0.99|0.93, company:0.90|0.80|0.85, address:0.96|0.65|0.77, date:0.79|0.31|0.45, total:0.76|0.29|0.42
2020-06-23 13:03:39.775789epoch:13, test loss: 0.3102061132589976, other:0.88|0.99|0.93, company:0.90|0.80|0.85, address:0.96|0.61|0.75, date:0.77|0.30|0.43, total:0.75|0.27|0.39
2020-06-23 13:03:55.991005epoch:14, train loss:0.3397999163027163
2020-06-23 13:04:05.888837epoch:14, test loss: 0.3055821662699735, other:0.85|0.99|0.91, company:0.94|0.71|0.81, address:0.98|0.54|0.69, date:0.82|0.28|0.42, total:0.81|0.26|0.39
2020-06-23 13:04:10.719674epoch:14, test loss: 0.3211508999268214, other:0.84|0.99|0.91, company:0.93|0.68|0.79, address:0.97|0.51|0.67, date:0.79|0.26|0.39, total:0.79|0.24|0.37
2020-06-23 13:04:26.652522epoch:15, train loss:0.3360152741273244
2020-06-23 13:04:35.866434epoch:15, test loss: 0.288007320077331, other:0.86|0.99|0.92, company:0.94|0.73|0.82, address:0.98|0.56|0.72, date:0.81|0.31|0.45, total:0.80|0.27|0.40
2020-06-23 13:04:40.931726epoch:15, test loss: 0.31046252449353534, other:0.86|0.99|0.92, company:0.93|0.71|0.81, address:0.97|0.53|0.68, date:0.77|0.29|0.42, total:0.76|0.25|0.38
2020-06-23 13:04:57.159322epoch:16, train loss:0.3169685574593367
2020-06-23 13:05:06.566049epoch:16, test loss: 0.27943671963832994, other:0.88|0.99|0.93, company:0.93|0.73|0.82, address:0.98|0.58|0.72, date:0.84|0.30|0.45, total:0.71|0.34|0.46
2020-06-23 13:05:11.560954epoch:16, test loss: 0.3020456820726395, other:0.88|0.99|0.93, company:0.93|0.71|0.81, address:0.97|0.54|0.70, date:0.80|0.28|0.42, total:0.71|0.35|0.47
2020-06-23 13:05:27.976312epoch:17, train loss:0.31560507195967213
2020-06-23 13:05:37.505449epoch:17, test loss: 0.27736486549730655, other:0.86|0.99|0.92, company:0.91|0.81|0.85, address:0.98|0.58|0.73, date:0.85|0.30|0.45, total:0.87|0.25|0.39
2020-06-23 13:05:42.198132epoch:17, test loss: 0.30157861510912576, other:0.85|0.99|0.92, company:0.90|0.79|0.84, address:0.98|0.55|0.71, date:0.79|0.27|0.41, total:0.84|0.24|0.37
2020-06-23 13:05:58.594801epoch:18, train loss:0.30987319350242615
2020-06-23 13:06:08.206640epoch:18, test loss: 0.2692581409657443, other:0.87|0.99|0.93, company:0.94|0.73|0.82, address:0.98|0.60|0.74, date:0.81|0.34|0.48, total:0.84|0.26|0.40
2020-06-23 13:06:12.711935epoch:18, test loss: 0.29502557416756947, other:0.87|0.99|0.93, company:0.93|0.71|0.81, address:0.97|0.56|0.71, date:0.77|0.33|0.47, total:0.82|0.25|0.39
2020-06-23 13:06:28.811586epoch:19, train loss:0.30187116121804275
2020-06-23 13:06:38.161728epoch:19, test loss: 0.26146729124916923, other:0.86|0.99|0.92, company:0.93|0.75|0.83, address:0.98|0.60|0.75, date:0.87|0.31|0.45, total:0.87|0.27|0.41
2020-06-23 13:06:43.216521epoch:19, test loss: 0.28920590281486513, other:0.86|0.99|0.92, company:0.92|0.72|0.81, address:0.97|0.57|0.72, date:0.81|0.28|0.41, total:0.84|0.25|0.39
2020-06-23 13:06:59.483388epoch:20, train loss:0.3015817160959597
2020-06-23 13:07:08.725834epoch:20, test loss: 0.2582392637376432, other:0.88|0.99|0.93, company:0.92|0.80|0.86, address:0.98|0.63|0.77, date:0.87|0.30|0.44, total:0.79|0.32|0.46
2020-06-23 13:07:13.587690epoch:20, test loss: 0.2805705229441325, other:0.88|0.99|0.93, company:0.91|0.79|0.84, address:0.96|0.61|0.74, date:0.81|0.27|0.41, total:0.77|0.31|0.45
2020-06-23 13:07:29.571406epoch:21, train loss:0.3014468169874615
2020-06-23 13:07:38.706217epoch:21, test loss: 0.26206913204104815, other:0.90|0.99|0.94, company:0.89|0.83|0.86, address:0.97|0.70|0.81, date:0.88|0.29|0.44, total:0.71|0.41|0.52
2020-06-23 13:07:43.803398epoch:21, test loss: 0.28745967050393423, other:0.90|0.99|0.94, company:0.89|0.83|0.86, address:0.96|0.66|0.78, date:0.81|0.27|0.40, total:0.70|0.39|0.50
2020-06-23 13:07:59.368508epoch:22, train loss:0.3000873972972234
2020-06-23 13:08:08.911607epoch:22, test loss: 0.25580105902972045, other:0.85|0.99|0.92, company:0.95|0.76|0.85, address:0.98|0.62|0.76, date:0.86|0.34|0.49, total:0.92|0.23|0.37
2020-06-23 13:08:14.018792epoch:22, test loss: 0.28751086990038555, other:0.85|0.99|0.92, company:0.92|0.73|0.82, address:0.97|0.57|0.72, date:0.79|0.32|0.46, total:0.89|0.21|0.34
2020-06-23 13:08:29.408268epoch:23, train loss:0.28332501980993485
2020-06-23 13:08:38.937795epoch:23, test loss: 0.2468634992837906, other:0.87|0.99|0.93, company:0.95|0.75|0.84, address:0.99|0.60|0.75, date:0.84|0.39|0.53, total:0.86|0.27|0.41
2020-06-23 13:08:43.986771epoch:23, test loss: 0.2794976403315862, other:0.87|0.99|0.93, company:0.93|0.72|0.81, address:0.97|0.56|0.71, date:0.78|0.36|0.49, total:0.83|0.26|0.39
2020-06-23 13:09:00.159004epoch:24, train loss:0.2870540193937443
2020-06-23 13:09:09.789825epoch:24, test loss: 0.23311726528185386, other:0.89|0.99|0.94, company:0.96|0.74|0.83, address:0.97|0.65|0.78, date:0.86|0.35|0.50, total:0.81|0.33|0.47
2020-06-23 13:09:14.926177epoch:24, test loss: 0.26729258795579275, other:0.90|0.99|0.94, company:0.95|0.71|0.81, address:0.96|0.61|0.75, date:0.79|0.34|0.47, total:0.77|0.32|0.45
2020-06-23 13:09:31.139307epoch:25, train loss:0.27747297783692676
2020-06-23 13:09:40.160957epoch:25, test loss: 0.2398058115332215, other:0.89|0.99|0.94, company:0.92|0.80|0.86, address:0.98|0.62|0.76, date:0.81|0.45|0.58, total:0.88|0.27|0.41
2020-06-23 13:09:45.422086epoch:25, test loss: 0.2770964801311493, other:0.88|0.99|0.93, company:0.90|0.78|0.84, address:0.97|0.59|0.73, date:0.76|0.42|0.54, total:0.86|0.25|0.39
2020-06-23 13:10:01.461749epoch:26, train loss:0.28188868474077294
2020-06-23 13:10:10.853710epoch:26, test loss: 0.22733002845887784, other:0.90|0.99|0.94, company:0.94|0.79|0.86, address:0.98|0.64|0.77, date:0.85|0.39|0.53, total:0.79|0.37|0.51
2020-06-23 13:10:15.895709epoch:26, test loss: 0.2662178794542948, other:0.90|0.99|0.94, company:0.92|0.76|0.83, address:0.97|0.60|0.74, date:0.78|0.37|0.50, total:0.77|0.36|0.49
2020-06-23 13:10:32.499163epoch:27, train loss:0.2702784681761706
2020-06-23 13:10:42.073098epoch:27, test loss: 0.21668823504889453, other:0.90|0.99|0.94, company:0.96|0.76|0.85, address:0.98|0.69|0.81, date:0.87|0.38|0.53, total:0.84|0.33|0.48
2020-06-23 13:10:46.740691epoch:27, test loss: 0.261371366182963, other:0.90|0.99|0.94, company:0.93|0.72|0.81, address:0.95|0.64|0.77, date:0.80|0.35|0.49, total:0.81|0.33|0.46
2020-06-23 13:11:03.402002epoch:28, train loss:0.2612849048994206
2020-06-23 13:11:12.724389epoch:28, test loss: 0.2189290115126857, other:0.90|0.99|0.94, company:0.94|0.80|0.86, address:0.99|0.67|0.80, date:0.89|0.36|0.51, total:0.83|0.37|0.51
2020-06-23 13:11:17.231932epoch:28, test loss: 0.2600597222646078, other:0.90|0.99|0.94, company:0.91|0.78|0.84, address:0.97|0.63|0.76, date:0.80|0.33|0.46, total:0.77|0.35|0.48
2020-06-23 13:11:33.861694epoch:29, train loss:0.2656526239933791
2020-06-23 13:11:43.342433epoch:29, test loss: 0.2280246585055634, other:0.88|0.99|0.93, company:0.91|0.84|0.87, address:0.99|0.66|0.79, date:0.92|0.31|0.46, total:0.88|0.32|0.47
2020-06-23 13:11:47.877443epoch:29, test loss: 0.26588489711284635, other:0.88|0.99|0.93, company:0.89|0.83|0.86, address:0.97|0.64|0.77, date:0.84|0.28|0.42, total:0.86|0.31|0.46
2020-06-23 13:12:04.846349epoch:30, train loss:0.26372741217966433
2020-06-23 13:12:14.294245epoch:30, test loss: 0.21687655840758924, other:0.88|0.99|0.93, company:0.96|0.74|0.83, address:0.98|0.70|0.81, date:0.93|0.30|0.45, total:0.86|0.33|0.48
2020-06-23 13:12:18.494501epoch:30, test loss: 0.25493207772572835, other:0.88|0.99|0.93, company:0.93|0.70|0.80, address:0.95|0.65|0.77, date:0.86|0.27|0.41, total:0.84|0.33|0.47
2020-06-23 13:12:35.323211epoch:31, train loss:0.25958578619692063
2020-06-23 13:12:44.673823epoch:31, test loss: 0.21477559484817363, other:0.90|0.99|0.94, company:0.95|0.76|0.85, address:0.99|0.64|0.78, date:0.88|0.37|0.52, total:0.83|0.37|0.51
2020-06-23 13:12:48.776272epoch:31, test loss: 0.25612673461437224, other:0.90|0.99|0.94, company:0.93|0.73|0.82, address:0.97|0.60|0.74, date:0.80|0.34|0.47, total:0.80|0.36|0.49
2020-06-23 13:13:05.532449epoch:32, train loss:0.2584701114230686
2020-06-23 13:13:14.975939epoch:32, test loss: 0.2089844655107569, other:0.91|0.99|0.95, company:0.95|0.80|0.87, address:0.99|0.69|0.81, date:0.93|0.33|0.49, total:0.79|0.44|0.57
2020-06-23 13:13:19.207049epoch:32, test loss: 0.24930171072483062, other:0.90|0.99|0.94, company:0.92|0.78|0.84, address:0.97|0.64|0.77, date:0.84|0.30|0.44, total:0.74|0.41|0.53
2020-06-23 13:13:36.077714epoch:33, train loss:0.25420072509182823
2020-06-23 13:13:45.389496epoch:33, test loss: 0.21745256527706427, other:0.87|1.00|0.93, company:0.96|0.77|0.86, address:0.98|0.67|0.80, date:0.90|0.37|0.52, total:0.95|0.25|0.40
2020-06-23 13:13:49.616761epoch:33, test loss: 0.26045139829317726, other:0.87|0.99|0.93, company:0.92|0.74|0.82, address:0.96|0.63|0.76, date:0.81|0.34|0.48, total:0.90|0.23|0.36
2020-06-23 13:14:06.296289epoch:34, train loss:0.24366382205927814
2020-06-23 13:14:15.631189epoch:34, test loss: 0.20469848590868492, other:0.91|0.99|0.95, company:0.93|0.83|0.88, address:0.98|0.73|0.84, date:0.92|0.36|0.52, total:0.85|0.37|0.51
2020-06-23 13:14:19.841874epoch:34, test loss: 0.24728349447250367, other:0.91|0.99|0.95, company:0.91|0.82|0.86, address:0.96|0.67|0.79, date:0.83|0.33|0.47, total:0.82|0.36|0.50
2020-06-23 13:14:36.568412epoch:35, train loss:0.23808100819587708
2020-06-23 13:14:45.499684epoch:35, test loss: 0.19503296939311204, other:0.92|0.99|0.96, company:0.95|0.79|0.86, address:0.99|0.68|0.80, date:0.86|0.48|0.62, total:0.83|0.41|0.55
2020-06-23 13:14:49.852784epoch:35, test loss: 0.24775757789611816, other:0.92|0.99|0.95, company:0.92|0.76|0.83, address:0.96|0.63|0.76, date:0.78|0.43|0.56, total:0.79|0.39|0.52
2020-06-23 13:15:06.531047epoch:36, train loss:0.24318417410055795
2020-06-23 13:15:15.790557epoch:36, test loss: 0.20202221749005494, other:0.89|1.00|0.94, company:0.96|0.76|0.85, address:0.98|0.72|0.83, date:0.90|0.39|0.55, total:0.93|0.28|0.44
2020-06-23 13:15:20.301906epoch:36, test loss: 0.24727576474348703, other:0.88|0.99|0.93, company:0.94|0.72|0.82, address:0.96|0.67|0.79, date:0.81|0.35|0.49, total:0.91|0.26|0.41
2020-06-23 13:15:37.152210epoch:37, train loss:0.24604331784778172
2020-06-23 13:15:46.365017epoch:37, test loss: 0.23052620501429946, other:0.85|1.00|0.92, company:0.96|0.71|0.81, address:0.99|0.61|0.76, date:0.95|0.28|0.43, total:0.92|0.31|0.46
2020-06-23 13:15:50.806796epoch:37, test loss: 0.267811777194341, other:0.85|0.99|0.92, company:0.95|0.68|0.79, address:0.97|0.57|0.72, date:0.86|0.25|0.39, total:0.88|0.28|0.43
2020-06-23 13:16:07.763928epoch:38, train loss:0.24247515753463464
2020-06-23 13:16:16.911209epoch:38, test loss: 0.20640033014394618, other:0.87|1.00|0.93, company:0.96|0.76|0.85, address:0.99|0.69|0.81, date:0.92|0.36|0.52, total:0.95|0.26|0.41
2020-06-23 13:16:21.166540epoch:38, test loss: 0.2521791785955429, other:0.87|0.99|0.93, company:0.95|0.74|0.83, address:0.96|0.65|0.77, date:0.82|0.33|0.47, total:0.92|0.24|0.38
2020-06-23 13:16:37.975476epoch:39, train loss:0.23880108970182914
2020-06-23 13:16:47.039944epoch:39, test loss: 0.18551266855663723, other:0.91|0.99|0.95, company:0.95|0.79|0.86, address:0.99|0.71|0.83, date:0.90|0.45|0.60, total:0.87|0.36|0.50
2020-06-23 13:16:51.304762epoch:39, test loss: 0.2370890031258265, other:0.91|0.99|0.95, company:0.92|0.79|0.85, address:0.97|0.66|0.79, date:0.80|0.40|0.54, total:0.85|0.35|0.49
2020-06-23 13:17:08.101511epoch:40, train loss:0.23627544387623114
2020-06-23 13:17:17.508253epoch:40, test loss: 0.18976842336080693, other:0.89|1.00|0.94, company:0.95|0.79|0.86, address:0.99|0.72|0.83, date:0.94|0.36|0.52, total:0.92|0.32|0.48
2020-06-23 13:17:21.712273epoch:40, test loss: 0.23692841132481893, other:0.89|0.99|0.94, company:0.92|0.77|0.84, address:0.96|0.67|0.79, date:0.84|0.33|0.47, total:0.89|0.30|0.45
2020-06-23 13:17:38.220678epoch:41, train loss:0.22885747805789666
2020-06-23 13:17:47.495505epoch:41, test loss: 0.1776332551682437, other:0.91|0.99|0.95, company:0.96|0.81|0.88, address:0.99|0.72|0.83, date:0.94|0.40|0.56, total:0.87|0.40|0.55
2020-06-23 13:17:52.217803epoch:41, test loss: 0.2256127715110779, other:0.91|0.99|0.95, company:0.92|0.79|0.85, address:0.96|0.67|0.79, date:0.84|0.36|0.51, total:0.84|0.38|0.52
2020-06-23 13:18:08.624862epoch:42, train loss:0.2182967331674364
2020-06-23 13:18:18.425695epoch:42, test loss: 0.17765462205365853, other:0.91|0.99|0.95, company:0.96|0.76|0.85, address:0.99|0.71|0.83, date:0.90|0.47|0.62, total:0.89|0.36|0.51
2020-06-23 13:18:22.542335epoch:42, test loss: 0.23081376055876415, other:0.91|0.99|0.95, company:0.95|0.75|0.84, address:0.96|0.67|0.79, date:0.80|0.43|0.56, total:0.85|0.34|0.49
2020-06-23 13:18:39.559425epoch:43, train loss:0.2239125856646785
2020-06-23 13:18:48.996137epoch:43, test loss: 0.17493712846879605, other:0.90|1.00|0.95, company:0.97|0.75|0.85, address:0.98|0.74|0.84, date:0.93|0.40|0.56, total:0.92|0.34|0.50
2020-06-23 13:18:53.246574epoch:43, test loss: 0.22951747874418896, other:0.90|0.99|0.95, company:0.95|0.73|0.83, address:0.95|0.69|0.80, date:0.84|0.36|0.51, total:0.88|0.32|0.47
2020-06-23 13:19:10.270461epoch:44, train loss:0.22434790873969043
2020-06-23 13:19:19.826960epoch:44, test loss: 0.18778661279766648, other:0.91|1.00|0.95, company:0.92|0.83|0.87, address:0.99|0.71|0.83, date:0.91|0.45|0.60, total:0.92|0.35|0.51
2020-06-23 13:19:23.675658epoch:44, test loss: 0.23921240568161012, other:0.91|0.99|0.95, company:0.89|0.81|0.85, address:0.97|0.66|0.79, date:0.81|0.40|0.53, total:0.88|0.32|0.47
2020-06-23 13:19:40.983557epoch:45, train loss:0.22339730351059525
2020-06-23 13:19:50.422433epoch:45, test loss: 0.17522262616289985, other:0.91|0.99|0.95, company:0.97|0.75|0.84, address:0.98|0.70|0.82, date:0.93|0.41|0.57, total:0.87|0.44|0.58
2020-06-23 13:19:54.233791epoch:45, test loss: 0.2297169029712677, other:0.91|0.99|0.95, company:0.95|0.73|0.82, address:0.96|0.66|0.78, date:0.83|0.38|0.52, total:0.82|0.42|0.56
2020-06-23 13:20:11.116608epoch:46, train loss:0.2193453162908554
2020-06-23 13:20:20.542355epoch:46, test loss: 0.1744938040221179, other:0.91|1.00|0.95, company:0.97|0.75|0.84, address:0.99|0.70|0.82, date:0.92|0.39|0.55, total:0.90|0.39|0.54
2020-06-23 13:20:24.589613epoch:46, test loss: 0.22784600257873536, other:0.90|0.99|0.95, company:0.95|0.72|0.82, address:0.96|0.65|0.78, date:0.83|0.35|0.49, total:0.88|0.36|0.51
2020-06-23 13:20:41.399735epoch:47, train loss:0.2228642580685792
2020-06-23 13:20:50.818062epoch:47, test loss: 0.17389934454803113, other:0.91|1.00|0.95, company:0.96|0.79|0.87, address:0.99|0.72|0.83, date:0.93|0.43|0.59, total:0.93|0.35|0.50
2020-06-23 13:20:54.714146epoch:47, test loss: 0.22719168464342754, other:0.90|0.99|0.95, company:0.94|0.76|0.84, address:0.96|0.67|0.79, date:0.81|0.38|0.52, total:0.89|0.32|0.47
2020-06-23 13:21:11.592183epoch:48, train loss:0.21827353205945757
2020-06-23 13:21:20.967904epoch:48, test loss: 0.1711487908054281, other:0.91|1.00|0.95, company:0.95|0.83|0.88, address:0.98|0.75|0.85, date:0.93|0.41|0.57, total:0.92|0.38|0.53
2020-06-23 13:21:25.091864epoch:48, test loss: 0.2221631556749344, other:0.91|0.99|0.95, company:0.91|0.81|0.86, address:0.96|0.69|0.80, date:0.85|0.36|0.51, total:0.89|0.36|0.51
2020-06-23 13:21:41.679668epoch:49, train loss:0.20709414311029292
2020-06-23 13:21:51.228300epoch:49, test loss: 0.15762726783200545, other:0.93|0.99|0.96, company:0.96|0.84|0.89, address:0.98|0.78|0.87, date:0.91|0.49|0.64, total:0.90|0.40|0.56
2020-06-23 13:21:55.259407epoch:49, test loss: 0.21780961056550344, other:0.93|0.99|0.96, company:0.93|0.81|0.87, address:0.95|0.72|0.82, date:0.79|0.44|0.57, total:0.88|0.38|0.53
2020-06-23 13:22:12.088101epoch:50, train loss:0.20658418563780961
2020-06-23 13:22:21.417504epoch:50, test loss: 0.16123845207470436, other:0.92|1.00|0.96, company:0.96|0.82|0.88, address:0.99|0.76|0.86, date:0.92|0.49|0.64, total:0.94|0.36|0.52
2020-06-23 13:22:25.655582epoch:50, test loss: 0.22064169049263, other:0.91|0.99|0.95, company:0.93|0.80|0.86, address:0.96|0.69|0.81, date:0.82|0.44|0.57, total:0.91|0.33|0.49
2020-06-23 13:22:42.983337epoch:51, train loss:0.2119986848146827
2020-06-23 13:22:52.382669epoch:51, test loss: 0.17287220805883408, other:0.89|1.00|0.94, company:0.97|0.79|0.87, address:0.99|0.72|0.83, date:0.97|0.38|0.55, total:0.95|0.31|0.47
2020-06-23 13:22:56.400826epoch:51, test loss: 0.2248681128025055, other:0.89|0.99|0.94, company:0.94|0.76|0.84, address:0.96|0.67|0.79, date:0.88|0.35|0.50, total:0.95|0.29|0.44
2020-06-23 13:23:13.522584epoch:52, train loss:0.2054953514425843
2020-06-23 13:23:22.903256epoch:52, test loss: 0.15669817587843649, other:0.93|0.99|0.96, company:0.98|0.75|0.85, address:0.99|0.77|0.86, date:0.94|0.45|0.61, total:0.85|0.51|0.64
2020-06-23 13:23:26.793927epoch:52, test loss: 0.2174416611591975, other:0.93|0.99|0.96, company:0.96|0.72|0.82, address:0.95|0.70|0.81, date:0.82|0.40|0.54, total:0.81|0.50|0.62
2020-06-23 13:23:43.728759epoch:53, train loss:0.21211169880849343
2020-06-23 13:23:53.228956epoch:53, test loss: 0.16647759838788598, other:0.90|1.00|0.95, company:0.96|0.81|0.88, address:0.99|0.72|0.84, date:0.95|0.43|0.59, total:0.96|0.31|0.47
2020-06-23 13:23:57.150518epoch:53, test loss: 0.22187876005967458, other:0.90|0.99|0.94, company:0.93|0.79|0.86, address:0.97|0.68|0.80, date:0.86|0.39|0.53, total:0.94|0.29|0.45
2020-06-23 13:24:14.434266epoch:54, train loss:0.2128775820687965
2020-06-23 13:24:23.965304epoch:54, test loss: 0.1663634890207538, other:0.90|1.00|0.95, company:0.97|0.77|0.86, address:0.99|0.77|0.86, date:0.97|0.34|0.50, total:0.95|0.36|0.52
2020-06-23 13:24:27.602335epoch:54, test loss: 0.22193015317122142, other:0.90|0.99|0.94, company:0.95|0.74|0.83, address:0.95|0.71|0.81, date:0.89|0.32|0.47, total:0.92|0.34|0.49
2020-06-23 13:24:44.940649epoch:55, train loss:0.21011375884215036
2020-06-23 13:24:54.414373epoch:55, test loss: 0.1568625254763497, other:0.92|1.00|0.96, company:0.96|0.80|0.87, address:0.99|0.76|0.86, date:0.93|0.48|0.64, total:0.94|0.36|0.52
2020-06-23 13:24:58.088213epoch:55, test loss: 0.21715055803457897, other:0.91|0.99|0.95, company:0.93|0.77|0.85, address:0.96|0.70|0.81, date:0.81|0.43|0.56, total:0.92|0.34|0.50
2020-06-23 13:25:15.528511epoch:56, train loss:0.19087685506652902
2020-06-23 13:25:25.187527epoch:56, test loss: 0.1431500047997192, other:0.93|1.00|0.96, company:0.96|0.84|0.89, address:0.99|0.77|0.86, date:0.93|0.51|0.66, total:0.94|0.41|0.57
2020-06-23 13:25:28.520266epoch:56, test loss: 0.21019943356513976, other:0.93|0.99|0.96, company:0.93|0.82|0.87, address:0.96|0.70|0.81, date:0.81|0.46|0.59, total:0.91|0.38|0.54
2020-06-23 13:25:46.031525epoch:57, train loss:0.20112324202502216
2020-06-23 13:25:55.157681epoch:57, test loss: 0.1441548819895144, other:0.93|1.00|0.96, company:0.97|0.81|0.88, address:0.99|0.75|0.85, date:0.95|0.44|0.61, total:0.91|0.48|0.63
2020-06-23 13:25:58.864411epoch:57, test loss: 0.20776750544706982, other:0.93|0.99|0.96, company:0.94|0.79|0.86, address:0.96|0.69|0.80, date:0.84|0.40|0.54, total:0.86|0.47|0.61
2020-06-23 13:26:16.771147epoch:58, train loss:0.19610747032695347
2020-06-23 13:26:26.149172epoch:58, test loss: 0.15559666217477233, other:0.91|1.00|0.95, company:0.96|0.83|0.89, address:0.99|0.76|0.86, date:0.97|0.34|0.50, total:0.92|0.46|0.62
2020-06-23 13:26:29.550855epoch:58, test loss: 0.21346039175987244, other:0.91|0.99|0.95, company:0.93|0.81|0.87, address:0.97|0.70|0.81, date:0.89|0.31|0.46, total:0.88|0.44|0.59
2020-06-23 13:26:47.016030epoch:59, train loss:0.20213289062182108
2020-06-23 13:26:56.166100epoch:59, test loss: 0.14371087277928987, other:0.92|1.00|0.96, company:0.98|0.77|0.86, address:0.99|0.76|0.86, date:0.95|0.43|0.59, total:0.94|0.41|0.57
2020-06-23 13:26:59.891486epoch:59, test loss: 0.20943616380294164, other:0.91|0.99|0.95, company:0.96|0.74|0.84, address:0.95|0.70|0.81, date:0.85|0.38|0.52, total:0.92|0.37|0.53
2020-06-23 13:27:18.080236epoch:60, train loss:0.18915972693098915
2020-06-23 13:27:27.213413epoch:60, test loss: 0.1486509817617911, other:0.92|1.00|0.96, company:0.96|0.84|0.90, address:0.99|0.76|0.86, date:0.96|0.43|0.59, total:0.94|0.40|0.56
2020-06-23 13:27:30.613602epoch:60, test loss: 0.21179770330588024, other:0.91|0.99|0.95, company:0.92|0.82|0.87, address:0.96|0.70|0.81, date:0.86|0.38|0.52, total:0.92|0.38|0.53
2020-06-23 13:27:48.202604epoch:61, train loss:0.18732365689895772
2020-06-23 13:27:57.475247epoch:61, test loss: 0.14559435513284472, other:0.93|1.00|0.96, company:0.96|0.85|0.90, address:0.98|0.80|0.88, date:0.95|0.45|0.61, total:0.95|0.41|0.58
2020-06-23 13:28:00.850342epoch:61, test loss: 0.2158282607793808, other:0.92|0.99|0.96, company:0.92|0.83|0.87, address:0.95|0.74|0.83, date:0.85|0.40|0.54, total:0.92|0.38|0.54
2020-06-23 13:28:18.099574epoch:62, train loss:0.18141267586637427
2020-06-23 13:28:27.490173epoch:62, test loss: 0.13293336097289016, other:0.94|1.00|0.96, company:0.97|0.80|0.88, address:0.99|0.75|0.85, date:0.93|0.53|0.67, total:0.91|0.48|0.63
2020-06-23 13:28:31.174816epoch:62, test loss: 0.20828894277413687, other:0.93|0.99|0.96, company:0.95|0.78|0.85, address:0.96|0.69|0.80, date:0.81|0.47|0.60, total:0.88|0.46|0.60
2020-06-23 13:28:48.887834epoch:63, train loss:0.1819361569704833
2020-06-23 13:28:58.239959epoch:63, test loss: 0.1300292804285332, other:0.94|1.00|0.97, company:0.97|0.83|0.89, address:0.99|0.76|0.86, date:0.94|0.55|0.69, total:0.91|0.52|0.66
2020-06-23 13:29:01.716543epoch:63, test loss: 0.2043683667977651, other:0.94|0.99|0.96, company:0.94|0.80|0.86, address:0.97|0.69|0.81, date:0.84|0.49|0.62, total:0.87|0.49|0.63
2020-06-23 13:29:19.014038epoch:64, train loss:0.1792229077330342
2020-06-23 13:29:29.142590epoch:64, test loss: 0.13120243298234763, other:0.94|1.00|0.97, company:0.97|0.82|0.89, address:0.99|0.79|0.88, date:0.95|0.47|0.63, total:0.91|0.52|0.66
2020-06-23 13:29:32.238200epoch:64, test loss: 0.20351955195267996, other:0.93|0.99|0.96, company:0.94|0.80|0.87, address:0.96|0.72|0.82, date:0.86|0.42|0.56, total:0.86|0.50|0.63
2020-06-23 13:29:49.565495epoch:65, train loss:0.17483280764685738
2020-06-23 13:29:58.909190epoch:65, test loss: 0.13553036818349803, other:0.93|1.00|0.96, company:0.96|0.86|0.91, address:0.99|0.80|0.89, date:0.96|0.49|0.65, total:0.96|0.41|0.58
2020-06-23 13:30:02.326185epoch:65, test loss: 0.20776327550411225, other:0.92|0.99|0.96, company:0.92|0.83|0.87, address:0.96|0.72|0.82, date:0.85|0.43|0.57, total:0.93|0.37|0.53
2020-06-23 13:30:19.760140epoch:66, train loss:0.1758938729763031
2020-06-23 13:30:29.162716epoch:66, test loss: 0.1273838554819425, other:0.94|1.00|0.97, company:0.96|0.85|0.90, address:0.99|0.75|0.85, date:0.94|0.55|0.70, total:0.94|0.50|0.65
2020-06-23 13:30:32.808183epoch:66, test loss: 0.20921752800544102, other:0.94|0.99|0.96, company:0.92|0.83|0.87, address:0.97|0.68|0.80, date:0.81|0.51|0.62, total:0.89|0.47|0.61
2020-06-23 13:30:49.299742epoch:67, train loss:0.18626434549137397
2020-06-23 13:30:58.630425epoch:67, test loss: 0.13708836088577905, other:0.94|1.00|0.97, company:0.99|0.73|0.84, address:0.99|0.71|0.83, date:0.89|0.68|0.77, total:0.94|0.51|0.66
2020-06-23 13:31:02.796882epoch:67, test loss: 0.22862448394298554, other:0.94|0.99|0.96, company:0.96|0.70|0.81, address:0.95|0.66|0.78, date:0.76|0.60|0.67, total:0.88|0.47|0.61
2020-06-23 13:31:18.956477epoch:68, train loss:0.18682201399847312
2020-06-23 13:31:28.311932epoch:68, test loss: 0.13474703000651467, other:0.92|1.00|0.96, company:0.98|0.76|0.86, address:0.99|0.74|0.85, date:0.96|0.52|0.68, total:0.96|0.42|0.58
2020-06-23 13:31:32.824420epoch:68, test loss: 0.20412887036800384, other:0.92|0.99|0.96, company:0.96|0.73|0.83, address:0.95|0.69|0.80, date:0.84|0.47|0.60, total:0.93|0.40|0.56
2020-06-23 13:31:48.908777epoch:69, train loss:0.18632470843968568
2020-06-23 13:31:58.181475epoch:69, test loss: 0.1366027800573243, other:0.92|1.00|0.96, company:0.97|0.81|0.88, address:0.99|0.76|0.86, date:0.96|0.51|0.66, total:0.97|0.40|0.57
2020-06-23 13:32:02.908988epoch:69, test loss: 0.20281650026639303, other:0.92|0.99|0.95, company:0.93|0.78|0.85, address:0.96|0.69|0.80, date:0.85|0.46|0.60, total:0.93|0.37|0.53
2020-06-23 13:32:18.726819epoch:70, train loss:0.17082263142974288
2020-06-23 13:32:28.695863epoch:70, test loss: 0.11968354356509668, other:0.94|1.00|0.97, company:0.98|0.81|0.89, address:0.99|0.76|0.86, date:0.95|0.52|0.67, total:0.95|0.50|0.65
2020-06-23 13:32:33.557891epoch:70, test loss: 0.20183086047569912, other:0.93|0.99|0.96, company:0.95|0.78|0.86, address:0.96|0.70|0.81, date:0.83|0.46|0.59, total:0.89|0.46|0.61
2020-06-23 13:32:49.586484epoch:71, train loss:0.1753115549131676
2020-06-23 13:32:58.963114epoch:71, test loss: 0.12686478263801998, other:0.94|1.00|0.97, company:0.96|0.86|0.91, address:0.99|0.79|0.88, date:0.96|0.52|0.67, total:0.94|0.48|0.63
2020-06-23 13:33:03.707536epoch:71, test loss: 0.2092540959517161, other:0.93|0.99|0.96, company:0.92|0.85|0.89, address:0.96|0.71|0.82, date:0.83|0.46|0.59, total:0.91|0.44|0.59
2020-06-23 13:33:20.270365epoch:72, train loss:0.16726353364410224
2020-06-23 13:33:29.743936epoch:72, test loss: 0.12158531212696323, other:0.94|1.00|0.97, company:0.98|0.82|0.89, address:0.99|0.81|0.89, date:0.96|0.52|0.68, total:0.94|0.52|0.67
2020-06-23 13:33:34.177719epoch:72, test loss: 0.20184707939624785, other:0.94|0.99|0.96, company:0.96|0.77|0.85, address:0.95|0.74|0.84, date:0.83|0.45|0.58, total:0.90|0.49|0.63
2020-06-23 13:33:50.502100epoch:73, train loss:0.17229698432816398
2020-06-23 13:34:00.092986epoch:73, test loss: 0.1278259976318589, other:0.93|1.00|0.96, company:0.97|0.83|0.90, address:0.99|0.76|0.86, date:0.97|0.46|0.63, total:0.96|0.45|0.61
2020-06-23 13:34:04.639337epoch:73, test loss: 0.20405513495206834, other:0.92|0.99|0.95, company:0.93|0.81|0.86, address:0.97|0.69|0.81, date:0.87|0.40|0.54, total:0.93|0.41|0.57
2020-06-23 13:34:21.135675epoch:74, train loss:0.16783394471362786
2020-06-23 13:34:30.412504epoch:74, test loss: 0.11749005904076276, other:0.94|1.00|0.97, company:0.98|0.82|0.89, address:0.99|0.76|0.86, date:0.95|0.55|0.70, total:0.96|0.49|0.65
2020-06-23 13:34:34.987988epoch:74, test loss: 0.20297343035538992, other:0.93|0.99|0.96, company:0.95|0.78|0.85, address:0.96|0.69|0.81, date:0.83|0.48|0.61, total:0.91|0.45|0.60
2020-06-23 13:34:51.570047epoch:75, train loss:0.1689142170879576
2020-06-23 13:35:01.548731epoch:75, test loss: 0.12187637830222095, other:0.95|1.00|0.97, company:0.96|0.85|0.90, address:0.98|0.82|0.90, date:0.94|0.57|0.71, total:0.96|0.49|0.65
2020-06-23 13:35:05.683988epoch:75, test loss: 0.20704430639743804, other:0.94|0.99|0.97, company:0.93|0.83|0.87, address:0.95|0.76|0.84, date:0.82|0.51|0.63, total:0.89|0.45|0.60
2020-06-23 13:35:22.321146epoch:76, train loss:0.17780906541479957
2020-06-23 13:35:31.580092epoch:76, test loss: 0.11901214180721177, other:0.94|1.00|0.97, company:0.97|0.84|0.90, address:0.99|0.78|0.87, date:0.97|0.52|0.68, total:0.96|0.47|0.63
2020-06-23 13:35:36.177563epoch:76, test loss: 0.1996600717306137, other:0.93|0.99|0.96, company:0.94|0.83|0.88, address:0.96|0.71|0.82, date:0.86|0.47|0.61, total:0.90|0.44|0.59
2020-06-23 13:35:52.845636epoch:77, train loss:0.16696312995972457
2020-06-23 13:36:02.234312epoch:77, test loss: 0.11704658440969608, other:0.94|1.00|0.97, company:0.98|0.81|0.89, address:0.99|0.77|0.87, date:0.97|0.49|0.65, total:0.95|0.51|0.66
2020-06-23 13:36:06.615874epoch:77, test loss: 0.19659634431203207, other:0.93|0.99|0.96, company:0.95|0.78|0.85, address:0.96|0.71|0.82, date:0.85|0.44|0.58, total:0.89|0.45|0.60
2020-06-23 13:36:23.399430epoch:78, train loss:0.16962170407727914
2020-06-23 13:36:32.780585epoch:78, test loss: 0.11806541253571157, other:0.94|1.00|0.97, company:0.98|0.85|0.91, address:0.99|0.75|0.85, date:0.94|0.62|0.75, total:0.97|0.45|0.61
2020-06-23 13:36:37.072668epoch:78, test loss: 0.20653341909249623, other:0.93|0.99|0.96, company:0.94|0.82|0.87, address:0.97|0.69|0.80, date:0.80|0.55|0.65, total:0.93|0.41|0.57
2020-06-23 13:36:53.915774epoch:79, train loss:0.16668035393511807
2020-06-23 13:37:03.589388epoch:79, test loss: 0.12002789311938816, other:0.93|1.00|0.96, company:0.99|0.80|0.89, address:0.99|0.81|0.89, date:0.98|0.44|0.61, total:0.96|0.47|0.64
2020-06-23 13:37:07.587392epoch:79, test loss: 0.20084021389484405, other:0.92|0.99|0.96, company:0.96|0.76|0.85, address:0.95|0.74|0.83, date:0.88|0.39|0.54, total:0.92|0.43|0.59
2020-06-23 13:37:24.644074epoch:80, train loss:0.1600544104973475
2020-06-23 13:37:34.154077epoch:80, test loss: 0.11605061894213711, other:0.93|1.00|0.96, company:0.99|0.83|0.90, address:0.99|0.78|0.87, date:0.98|0.51|0.67, total:0.97|0.47|0.63
2020-06-23 13:37:38.120699epoch:80, test loss: 0.19615172346433005, other:0.92|0.99|0.96, company:0.96|0.78|0.86, address:0.96|0.71|0.81, date:0.87|0.43|0.58, total:0.93|0.42|0.58
2020-06-23 13:37:55.344197epoch:81, train loss:0.15783543056911892
2020-06-23 13:38:04.745486epoch:81, test loss: 0.10674115049618262, other:0.95|1.00|0.97, company:0.98|0.84|0.91, address:0.99|0.77|0.87, date:0.97|0.59|0.73, total:0.94|0.54|0.69
2020-06-23 13:38:08.557465epoch:81, test loss: 0.1978615994254748, other:0.94|0.99|0.96, company:0.94|0.80|0.87, address:0.97|0.70|0.81, date:0.83|0.51|0.63, total:0.89|0.49|0.63
2020-06-23 13:38:25.571861epoch:82, train loss:0.1581736386374191
2020-06-23 13:38:35.051950epoch:82, test loss: 0.10981707247319045, other:0.94|1.00|0.97, company:0.99|0.81|0.89, address:0.99|0.80|0.89, date:0.99|0.49|0.65, total:0.96|0.49|0.65
2020-06-23 13:38:38.775337epoch:82, test loss: 0.19272858003775278, other:0.93|0.99|0.96, company:0.96|0.77|0.85, address:0.95|0.73|0.83, date:0.88|0.43|0.57, total:0.91|0.45|0.60
2020-06-23 13:38:55.822028epoch:83, train loss:0.15203188746063798
2020-06-23 13:39:05.072541epoch:83, test loss: 0.10850607389929118, other:0.94|1.00|0.97, company:0.98|0.85|0.91, address:0.99|0.78|0.87, date:0.98|0.54|0.70, total:0.96|0.51|0.67
2020-06-23 13:39:09.071174epoch:83, test loss: 0.19500187188386917, other:0.93|0.99|0.96, company:0.93|0.82|0.87, address:0.97|0.71|0.82, date:0.85|0.48|0.61, total:0.91|0.47|0.62
2020-06-23 13:39:26.176931epoch:84, train loss:0.15437434365351996
2020-06-23 13:39:35.279566epoch:84, test loss: 0.10174134484043827, other:0.94|1.00|0.97, company:0.99|0.83|0.90, address:0.99|0.80|0.89, date:0.98|0.55|0.70, total:0.95|0.54|0.69
2020-06-23 13:39:39.331262epoch:84, test loss: 0.18968768616517384, other:0.94|0.99|0.97, company:0.96|0.79|0.87, address:0.95|0.73|0.83, date:0.85|0.47|0.61, total:0.89|0.50|0.64
2020-06-23 13:39:55.570200epoch:85, train loss:0.15745220719664185
2020-06-23 13:40:05.299963epoch:85, test loss: 0.10313882858113006, other:0.95|1.00|0.97, company:0.99|0.83|0.90, address:0.99|0.78|0.87, date:0.95|0.63|0.76, total:0.96|0.51|0.66
2020-06-23 13:40:09.635327epoch:85, test loss: 0.20185440977414448, other:0.94|0.99|0.96, company:0.95|0.78|0.86, address:0.96|0.72|0.82, date:0.81|0.54|0.65, total:0.91|0.46|0.61
2020-06-23 13:40:26.687207epoch:86, train loss:0.1495128439532386
2020-06-23 13:40:35.734611epoch:86, test loss: 0.10516163582603137, other:0.95|1.00|0.97, company:0.97|0.87|0.92, address:0.99|0.81|0.89, date:0.96|0.56|0.71, total:0.97|0.51|0.67
2020-06-23 13:40:39.922059epoch:86, test loss: 0.20286641418933868, other:0.94|0.99|0.97, company:0.93|0.83|0.88, address:0.96|0.73|0.83, date:0.83|0.48|0.61, total:0.91|0.47|0.62
2020-06-23 13:40:56.822479epoch:87, train loss:0.14758529403695353
2020-06-23 13:41:06.191762epoch:87, test loss: 0.10881088991407994, other:0.94|1.00|0.97, company:0.99|0.78|0.88, address:0.99|0.77|0.87, date:0.98|0.50|0.67, total:0.93|0.61|0.74
2020-06-23 13:41:10.273989epoch:87, test loss: 0.19945365687211355, other:0.94|0.99|0.96, company:0.96|0.75|0.84, address:0.95|0.70|0.81, date:0.87|0.44|0.59, total:0.85|0.55|0.67
2020-06-23 13:41:26.855008epoch:88, train loss:0.14334766663334989
2020-06-23 13:41:35.991959epoch:88, test loss: 0.10217115890096735, other:0.94|1.00|0.97, company:0.98|0.85|0.91, address:0.99|0.79|0.88, date:0.97|0.55|0.70, total:0.97|0.52|0.68
2020-06-23 13:41:40.426946epoch:88, test loss: 0.1952478552858035, other:0.94|0.99|0.96, company:0.94|0.83|0.88, address:0.97|0.72|0.83, date:0.86|0.50|0.63, total:0.92|0.47|0.62
2020-06-23 13:41:57.298723epoch:89, train loss:0.15013313596999203
2020-06-23 13:42:06.222294epoch:89, test loss: 0.09673928338344451, other:0.95|1.00|0.98, company:0.98|0.86|0.92, address:0.99|0.83|0.90, date:0.96|0.63|0.76, total:0.96|0.55|0.70
2020-06-23 13:42:10.729501epoch:89, test loss: 0.20363163699706396, other:0.95|0.99|0.97, company:0.94|0.83|0.88, address:0.95|0.75|0.84, date:0.82|0.54|0.65, total:0.91|0.50|0.64
2020-06-23 13:42:27.590153epoch:90, train loss:0.15307981189754274
2020-06-23 13:42:37.293615epoch:90, test loss: 0.09855279602386334, other:0.95|1.00|0.97, company:0.99|0.82|0.90, address:0.99|0.79|0.88, date:0.97|0.65|0.77, total:0.96|0.54|0.69
2020-06-23 13:42:41.361924epoch:90, test loss: 0.19564403841892877, other:0.94|0.99|0.97, company:0.95|0.78|0.86, address:0.96|0.73|0.83, date:0.83|0.55|0.66, total:0.90|0.50|0.64
2020-06-23 13:42:58.328463epoch:91, train loss:0.14780294453656231
2020-06-23 13:43:07.675312epoch:91, test loss: 0.09862173879864039, other:0.95|1.00|0.97, company:0.99|0.81|0.89, address:0.99|0.80|0.88, date:0.97|0.57|0.72, total:0.94|0.59|0.72
2020-06-23 13:43:11.747701epoch:91, test loss: 0.19386324683825176, other:0.94|0.99|0.97, company:0.96|0.75|0.84, address:0.95|0.72|0.82, date:0.86|0.49|0.63, total:0.88|0.52|0.66
2020-06-23 13:43:28.564446epoch:92, train loss:0.14811811237423508
2020-06-23 13:43:37.898494epoch:92, test loss: 0.09747951477766037, other:0.95|1.00|0.98, company:0.97|0.87|0.92, address:0.99|0.80|0.89, date:0.98|0.58|0.73, total:0.95|0.60|0.74
2020-06-23 13:43:41.997420epoch:92, test loss: 0.19755360235770544, other:0.95|0.99|0.97, company:0.92|0.86|0.89, address:0.96|0.73|0.83, date:0.86|0.51|0.64, total:0.88|0.54|0.67
2020-06-23 13:43:58.920752epoch:93, train loss:0.14193608032332528
2020-06-23 13:44:08.356567epoch:93, test loss: 0.09156624469216224, other:0.95|1.00|0.97, company:0.99|0.86|0.92, address:0.99|0.80|0.89, date:0.97|0.63|0.76, total:0.97|0.53|0.69
2020-06-23 13:44:12.379739epoch:93, test loss: 0.19661859472592672, other:0.94|0.99|0.97, company:0.94|0.82|0.88, address:0.96|0.73|0.83, date:0.84|0.55|0.66, total:0.92|0.49|0.64
2020-06-23 13:44:29.184418epoch:94, train loss:0.1449968847963545
2020-06-23 13:44:38.665928epoch:94, test loss: 0.09230238751128868, other:0.95|1.00|0.97, company:0.99|0.85|0.91, address:0.99|0.80|0.89, date:0.98|0.58|0.73, total:0.94|0.61|0.74
2020-06-23 13:44:42.644126epoch:94, test loss: 0.18983826637268067, other:0.94|0.99|0.97, company:0.94|0.80|0.87, address:0.96|0.72|0.82, date:0.86|0.51|0.64, total:0.89|0.56|0.68
2020-06-23 13:44:59.195377epoch:95, train loss:0.14152458875819487
2020-06-23 13:45:08.616096epoch:95, test loss: 0.09770622414847215, other:0.94|1.00|0.97, company:0.98|0.86|0.92, address:1.00|0.79|0.88, date:0.98|0.59|0.74, total:0.98|0.50|0.66
2020-06-23 13:45:12.673538epoch:95, test loss: 0.1928890774647395, other:0.94|0.99|0.96, company:0.94|0.83|0.88, address:0.97|0.72|0.83, date:0.85|0.52|0.64, total:0.93|0.44|0.60
2020-06-23 13:45:29.661923epoch:96, train loss:0.1469548452231619
2020-06-23 13:45:38.983603epoch:96, test loss: 0.09837255826978772, other:0.94|1.00|0.97, company:0.98|0.85|0.91, address:0.99|0.82|0.90, date:0.99|0.48|0.65, total:0.97|0.51|0.67
2020-06-23 13:45:43.087439epoch:96, test loss: 0.19387090802192689, other:0.93|0.99|0.96, company:0.93|0.81|0.87, address:0.96|0.75|0.84, date:0.89|0.43|0.58, total:0.93|0.46|0.62
2020-06-23 13:46:00.048620epoch:97, train loss:0.14058481294799735
2020-06-23 13:46:09.388443epoch:97, test loss: 0.094723725070556, other:0.94|1.00|0.97, company:0.99|0.81|0.89, address:0.99|0.79|0.88, date:0.99|0.57|0.73, total:0.97|0.53|0.68
2020-06-23 13:46:13.601985epoch:97, test loss: 0.19796518385410308, other:0.93|0.99|0.96, company:0.96|0.74|0.84, address:0.96|0.71|0.82, date:0.87|0.50|0.63, total:0.92|0.48|0.63
2020-06-23 13:46:30.363972epoch:98, train loss:0.14618853093297393
2020-06-23 13:46:39.955804epoch:98, test loss: 0.09962415805569401, other:0.94|1.00|0.97, company:0.98|0.87|0.92, address:0.99|0.80|0.89, date:0.97|0.59|0.73, total:0.98|0.48|0.64
2020-06-23 13:46:44.043316epoch:98, test loss: 0.20094988842805225, other:0.93|0.99|0.96, company:0.93|0.85|0.89, address:0.97|0.73|0.83, date:0.86|0.51|0.64, total:0.95|0.42|0.58
2020-06-23 13:47:00.809624epoch:99, train loss:0.1414738763813619
2020-06-23 13:47:10.167630epoch:99, test loss: 0.10097974221463557, other:0.94|1.00|0.97, company:0.99|0.81|0.89, address:0.99|0.82|0.90, date:0.99|0.49|0.66, total:0.98|0.50|0.66
2020-06-23 13:47:14.384599epoch:99, test loss: 0.19225506683190663, other:0.93|0.99|0.96, company:0.96|0.77|0.85, address:0.95|0.75|0.84, date:0.88|0.42|0.57, total:0.93|0.44|0.60
2020-06-23 13:47:30.864464epoch:100, train loss:0.1370582346011091
2020-06-23 13:47:40.445979epoch:100, test loss: 0.09582927867908168, other:0.94|1.00|0.97, company:0.99|0.80|0.89, address:0.99|0.79|0.88, date:0.99|0.58|0.73, total:0.98|0.50|0.66
2020-06-23 13:47:44.735928epoch:100, test loss: 0.19810261130332946, other:0.93|0.99|0.96, company:0.96|0.75|0.84, address:0.96|0.72|0.82, date:0.86|0.49|0.62, total:0.93|0.45|0.61
2020-06-23 13:48:01.981510epoch:101, train loss:0.14046135710345375
2020-06-23 13:48:11.333306epoch:101, test loss: 0.0956242254210843, other:0.94|1.00|0.97, company:0.99|0.81|0.89, address:0.99|0.82|0.89, date:0.99|0.51|0.68, total:0.97|0.56|0.71
2020-06-23 13:48:15.260077epoch:101, test loss: 0.19646039605140686, other:0.94|0.99|0.96, company:0.96|0.75|0.84, address:0.95|0.73|0.83, date:0.88|0.45|0.59, total:0.91|0.51|0.65
2020-06-23 13:48:32.540082epoch:102, train loss:0.15248109096730197
2020-06-23 13:48:42.262175epoch:102, test loss: 0.09628009327031949, other:0.95|1.00|0.97, company:0.98|0.86|0.92, address:0.99|0.81|0.89, date:0.99|0.56|0.71, total:0.98|0.53|0.69
2020-06-23 13:48:46.008859epoch:102, test loss: 0.19869876503944398, other:0.94|0.99|0.97, company:0.93|0.82|0.87, address:0.95|0.74|0.84, date:0.87|0.49|0.62, total:0.93|0.47|0.62
2020-06-23 13:49:03.195273epoch:103, train loss:0.13490901328623295
2020-06-23 13:49:12.735169epoch:103, test loss: 0.08785192240719442, other:0.96|1.00|0.98, company:0.98|0.86|0.92, address:1.00|0.80|0.88, date:0.98|0.65|0.78, total:0.96|0.62|0.76
2020-06-23 13:49:16.478073epoch:103, test loss: 0.19917653252681097, other:0.95|0.99|0.97, company:0.94|0.83|0.88, address:0.96|0.72|0.82, date:0.84|0.58|0.69, total:0.89|0.55|0.68
2020-06-23 13:49:32.534865epoch:104, train loss:0.128241581497369
2020-06-23 13:49:41.677822epoch:104, test loss: 0.09165940613106445, other:0.95|1.00|0.97, company:0.99|0.85|0.92, address:0.99|0.82|0.90, date:0.99|0.51|0.67, total:0.97|0.57|0.71
2020-06-23 13:49:46.179120epoch:104, test loss: 0.19645924667517345, other:0.94|0.99|0.96, company:0.94|0.79|0.86, address:0.95|0.73|0.83, date:0.87|0.45|0.59, total:0.90|0.50|0.64
2020-06-23 13:50:01.695710epoch:105, train loss:0.13562592753657587
2020-06-23 13:50:10.925771epoch:105, test loss: 0.09329137178482833, other:0.94|1.00|0.97, company:1.00|0.84|0.91, address:0.99|0.81|0.90, date:0.99|0.54|0.70, total:0.99|0.50|0.66
2020-06-23 13:50:16.067157epoch:105, test loss: 0.1943224141995112, other:0.93|0.99|0.96, company:0.95|0.80|0.86, address:0.96|0.73|0.83, date:0.88|0.47|0.62, total:0.94|0.43|0.59
2020-06-23 13:50:31.727356epoch:106, train loss:0.14525256940612086
2020-06-23 13:50:40.819312epoch:106, test loss: 0.08702871572502234, other:0.95|1.00|0.97, company:1.00|0.81|0.90, address:0.99|0.81|0.89, date:0.99|0.59|0.74, total:0.97|0.58|0.73
2020-06-23 13:50:46.101553epoch:106, test loss: 0.19265155593554179, other:0.94|0.99|0.97, company:0.95|0.76|0.85, address:0.95|0.73|0.83, date:0.87|0.52|0.65, total:0.92|0.52|0.67
2020-06-23 13:51:01.935527epoch:107, train loss:0.12846072735609831
2020-06-23 13:51:11.319005epoch:107, test loss: 0.08242985378536913, other:0.95|1.00|0.98, company:0.99|0.85|0.92, address:1.00|0.82|0.90, date:0.99|0.58|0.73, total:0.97|0.63|0.76
2020-06-23 13:51:16.577342epoch:107, test loss: 0.19516100287437438, other:0.94|0.99|0.97, company:0.94|0.80|0.86, address:0.96|0.73|0.83, date:0.87|0.51|0.64, total:0.89|0.55|0.68
2020-06-23 13:51:32.374468epoch:108, train loss:0.13487721234560013
2020-06-23 13:51:42.024839epoch:108, test loss: 0.08560701806305183, other:0.95|1.00|0.97, company:0.99|0.83|0.90, address:1.00|0.78|0.87, date:0.98|0.64|0.78, total:0.97|0.57|0.72
2020-06-23 13:51:47.007400epoch:108, test loss: 0.19536907424529393, other:0.94|0.99|0.97, company:0.95|0.77|0.85, address:0.96|0.70|0.81, date:0.86|0.56|0.68, total:0.91|0.51|0.66
2020-06-23 13:52:02.965381epoch:109, train loss:0.13166934031027336
2020-06-23 13:52:12.229514epoch:109, test loss: 0.0938026255203618, other:0.94|1.00|0.97, company:0.99|0.81|0.89, address:0.99|0.82|0.90, date:0.99|0.52|0.68, total:0.98|0.52|0.68
2020-06-23 13:52:17.319390epoch:109, test loss: 0.19298868477344513, other:0.93|0.99|0.96, company:0.96|0.76|0.85, address:0.96|0.74|0.84, date:0.88|0.45|0.60, total:0.94|0.46|0.62
2020-06-23 13:52:33.483726epoch:110, train loss:0.1304203180803193
2020-06-23 13:52:42.993706epoch:110, test loss: 0.08186475873959285, other:0.95|1.00|0.98, company:0.99|0.83|0.91, address:0.99|0.82|0.90, date:0.98|0.68|0.80, total:0.98|0.55|0.70
2020-06-23 13:52:47.956586epoch:110, test loss: 0.1956939846277237, other:0.95|0.99|0.97, company:0.94|0.78|0.86, address:0.96|0.74|0.83, date:0.84|0.60|0.70, total:0.93|0.49|0.64
2020-06-23 13:53:03.343996epoch:111, train loss:0.1335235243594205
2020-06-23 13:53:12.728342epoch:111, test loss: 0.0776649306838711, other:0.96|1.00|0.98, company:1.00|0.83|0.91, address:0.99|0.83|0.91, date:0.98|0.65|0.78, total:0.98|0.60|0.74
2020-06-23 13:53:18.044725epoch:111, test loss: 0.19311529844999314, other:0.95|0.99|0.97, company:0.96|0.76|0.85, address:0.95|0.75|0.84, date:0.85|0.56|0.68, total:0.91|0.52|0.66
2020-06-23 13:53:33.275228epoch:112, train loss:0.12853332443369758
2020-06-23 13:53:42.907740epoch:112, test loss: 0.09083422597635675, other:0.94|1.00|0.97, company:0.99|0.84|0.91, address:1.00|0.79|0.88, date:0.99|0.49|0.65, total:0.98|0.59|0.74
2020-06-23 13:53:47.897019epoch:112, test loss: 0.18919361680746077, other:0.94|0.99|0.96, company:0.95|0.79|0.86, address:0.96|0.72|0.83, date:0.90|0.43|0.58, total:0.92|0.53|0.67
2020-06-23 13:54:03.960121epoch:113, train loss:0.1260240442223019
2020-06-23 13:54:13.699004epoch:113, test loss: 0.08117169283192467, other:0.95|1.00|0.97, company:0.99|0.85|0.92, address:0.99|0.82|0.90, date:0.99|0.59|0.74, total:0.98|0.57|0.72
2020-06-23 13:54:18.922795epoch:113, test loss: 0.1915139526128769, other:0.94|0.99|0.97, company:0.94|0.80|0.86, address:0.96|0.73|0.83, date:0.88|0.52|0.65, total:0.92|0.50|0.65
2020-06-23 13:54:34.814402epoch:114, train loss:0.11940227835266679
2020-06-23 13:54:44.364086epoch:114, test loss: 0.07738581417059456, other:0.96|1.00|0.98, company:1.00|0.83|0.91, address:1.00|0.81|0.89, date:0.97|0.70|0.81, total:0.98|0.60|0.74
2020-06-23 13:54:49.342141epoch:114, test loss: 0.1987011467417081, other:0.95|0.99|0.97, company:0.95|0.77|0.85, address:0.96|0.73|0.83, date:0.83|0.62|0.71, total:0.92|0.53|0.67
2020-06-23 13:55:04.993408epoch:115, train loss:0.12444748260356762
2020-06-23 13:55:14.471583epoch:115, test loss: 0.08020342762271564, other:0.95|1.00|0.97, company:0.99|0.85|0.92, address:1.00|0.82|0.90, date:0.99|0.60|0.75, total:0.99|0.53|0.69
2020-06-23 13:55:19.695647epoch:115, test loss: 0.1939745545387268, other:0.94|0.99|0.97, company:0.95|0.80|0.87, address:0.96|0.75|0.84, date:0.86|0.52|0.65, total:0.95|0.47|0.63
2020-06-23 13:55:35.383682epoch:116, train loss:0.12121126179893811
2020-06-23 13:55:44.834232epoch:116, test loss: 0.07392612908518424, other:0.97|1.00|0.98, company:0.99|0.87|0.93, address:0.99|0.85|0.91, date:0.99|0.64|0.78, total:0.94|0.73|0.82
2020-06-23 13:55:49.774449epoch:116, test loss: 0.20527963588635126, other:0.96|0.99|0.97, company:0.94|0.84|0.88, address:0.96|0.77|0.85, date:0.87|0.56|0.68, total:0.85|0.64|0.73
2020-06-23 13:56:06.187721epoch:117, train loss:0.1248727755414115
2020-06-23 13:56:15.507668epoch:117, test loss: 0.07449237429709346, other:0.96|1.00|0.98, company:1.00|0.81|0.89, address:0.99|0.83|0.90, date:0.99|0.64|0.77, total:0.96|0.68|0.80
2020-06-23 13:56:20.592810epoch:117, test loss: 0.20030992378791174, other:0.95|0.99|0.97, company:0.97|0.74|0.84, address:0.94|0.75|0.84, date:0.85|0.55|0.67, total:0.88|0.58|0.70
2020-06-23 13:56:37.067476epoch:118, train loss:0.11755580813796432
2020-06-23 13:56:46.194523epoch:118, test loss: 0.07565542417405932, other:0.96|1.00|0.98, company:1.00|0.82|0.90, address:0.99|0.82|0.90, date:0.99|0.64|0.78, total:0.97|0.62|0.76
2020-06-23 13:56:50.985876epoch:118, test loss: 0.19552402794361115, other:0.95|0.99|0.97, company:0.96|0.77|0.85, address:0.96|0.74|0.83, date:0.86|0.55|0.67, total:0.91|0.53|0.67
2020-06-23 13:57:07.262299epoch:119, train loss:0.11752144054130272
2020-06-23 13:57:16.689361epoch:119, test loss: 0.08615238650667446, other:0.95|1.00|0.97, company:1.00|0.78|0.88, address:0.99|0.77|0.86, date:0.98|0.69|0.81, total:0.98|0.59|0.74
2020-06-23 13:57:21.287175epoch:119, test loss: 0.21016790171464284, other:0.94|0.99|0.97, company:0.97|0.72|0.83, address:0.95|0.69|0.80, date:0.85|0.59|0.70, total:0.92|0.53|0.67
2020-06-23 13:57:37.991735epoch:120, train loss:0.12637631774500566
2020-06-23 13:57:47.296292epoch:120, test loss: 0.09161558112612476, other:0.94|1.00|0.97, company:0.99|0.85|0.91, address:1.00|0.81|0.90, date:1.00|0.48|0.64, total:0.98|0.56|0.72
2020-06-23 13:57:51.682643epoch:120, test loss: 0.19365970492362977, other:0.93|0.99|0.96, company:0.95|0.80|0.87, address:0.96|0.74|0.84, date:0.90|0.40|0.55, total:0.92|0.50|0.65
2020-06-23 13:58:08.188816epoch:121, train loss:0.11460330109629366
2020-06-23 13:58:17.535016epoch:121, test loss: 0.06999812940894454, other:0.96|1.00|0.98, company:1.00|0.86|0.92, address:0.99|0.85|0.92, date:0.99|0.70|0.82, total:0.98|0.57|0.72
2020-06-23 13:58:21.986833epoch:121, test loss: 0.1969545900821686, other:0.95|0.99|0.97, company:0.95|0.82|0.88, address:0.95|0.76|0.84, date:0.84|0.61|0.71, total:0.93|0.51|0.66
2020-06-23 13:58:38.209835epoch:122, train loss:0.11872382130887774
2020-06-23 13:58:47.212960epoch:122, test loss: 0.06975099635827872, other:0.96|1.00|0.98, company:1.00|0.88|0.93, address:1.00|0.81|0.89, date:0.98|0.71|0.83, total:0.98|0.61|0.75
2020-06-23 13:58:52.140521epoch:122, test loss: 0.1989234983921051, other:0.95|0.99|0.97, company:0.93|0.84|0.88, address:0.97|0.73|0.83, date:0.84|0.61|0.71, total:0.91|0.54|0.67
2020-06-23 13:59:07.814769epoch:123, train loss:0.11509063260422812
2020-06-23 13:59:17.079094epoch:123, test loss: 0.08380711437375457, other:0.95|1.00|0.97, company:1.00|0.82|0.90, address:1.00|0.79|0.88, date:0.99|0.60|0.75, total:0.98|0.52|0.68
2020-06-23 13:59:22.420972epoch:123, test loss: 0.19808193494876225, other:0.93|0.99|0.96, company:0.96|0.76|0.84, address:0.96|0.72|0.82, date:0.86|0.52|0.65, total:0.94|0.45|0.60
2020-06-23 13:59:37.951996epoch:124, train loss:0.11428165077059357
2020-06-23 13:59:47.872289epoch:124, test loss: 0.07631317226009236, other:0.95|1.00|0.97, company:1.00|0.85|0.92, address:0.99|0.84|0.91, date:0.99|0.60|0.75, total:0.98|0.53|0.69
2020-06-23 13:59:52.789635epoch:124, test loss: 0.19244205305973688, other:0.94|0.99|0.97, company:0.95|0.80|0.87, address:0.96|0.76|0.84, date:0.87|0.55|0.67, total:0.94|0.47|0.63
2020-06-23 14:00:08.943492epoch:125, train loss:0.10816675072742833
2020-06-23 14:00:18.156864epoch:125, test loss: 0.07448848367979129, other:0.95|1.00|0.98, company:0.99|0.84|0.91, address:1.00|0.79|0.88, date:0.99|0.70|0.82, total:0.99|0.57|0.72
2020-06-23 14:00:23.370699epoch:125, test loss: 0.20274500300486883, other:0.94|0.99|0.97, company:0.95|0.78|0.86, address:0.96|0.71|0.82, date:0.84|0.61|0.71, total:0.94|0.49|0.65
2020-06-23 14:00:39.239521epoch:126, train loss:0.11079854738933069
2020-06-23 14:00:48.911358epoch:126, test loss: 0.06960645988928499, other:0.96|1.00|0.98, company:0.99|0.85|0.91, address:1.00|0.82|0.90, date:0.99|0.68|0.81, total:0.98|0.62|0.76
2020-06-23 14:00:54.153135epoch:126, test loss: 0.20012489606936773, other:0.95|0.99|0.97, company:0.94|0.81|0.87, address:0.96|0.74|0.83, date:0.85|0.59|0.70, total:0.90|0.53|0.67
2020-06-23 14:01:10.021429epoch:127, train loss:0.1152170482609007
2020-06-23 14:01:19.863530epoch:127, test loss: 0.06514679261103824, other:0.97|1.00|0.98, company:0.99|0.87|0.93, address:0.99|0.84|0.91, date:0.98|0.70|0.82, total:0.97|0.66|0.79
2020-06-23 14:01:25.004305epoch:127, test loss: 0.2012297973036766, other:0.96|0.99|0.97, company:0.94|0.84|0.89, address:0.96|0.76|0.85, date:0.84|0.61|0.70, total:0.88|0.58|0.70
2020-06-23 14:01:40.804403epoch:128, train loss:0.10910020023584366
2020-06-23 14:01:49.974519epoch:128, test loss: 0.07487595067531974, other:0.95|1.00|0.98, company:0.99|0.88|0.93, address:0.99|0.83|0.91, date:0.99|0.60|0.75, total:0.99|0.57|0.72
2020-06-23 14:01:55.266962epoch:128, test loss: 0.1960559849937757, other:0.95|0.99|0.97, company:0.94|0.86|0.89, address:0.96|0.75|0.85, date:0.87|0.53|0.66, total:0.92|0.50|0.65
2020-06-23 14:02:10.325356epoch:129, train loss:0.10869265982398281
2020-06-23 14:02:19.296974epoch:129, test loss: 0.0723284696125322, other:0.95|1.00|0.98, company:1.00|0.84|0.91, address:1.00|0.84|0.91, date:1.00|0.58|0.73, total:0.98|0.61|0.75
2020-06-23 14:02:24.618971epoch:129, test loss: 0.19001746972401937, other:0.94|0.99|0.97, company:0.94|0.80|0.86, address:0.96|0.74|0.84, date:0.87|0.49|0.62, total:0.91|0.53|0.67
2020-06-23 14:02:40.816443epoch:130, train loss:0.10325184367873051
2020-06-23 14:02:50.454671epoch:130, test loss: 0.07032206426892015, other:0.96|1.00|0.98, company:1.00|0.85|0.92, address:1.00|0.85|0.92, date:0.99|0.63|0.77, total:0.98|0.57|0.73
2020-06-23 14:02:55.678720epoch:130, test loss: 0.193513057132562, other:0.95|0.99|0.97, company:0.95|0.80|0.87, address:0.96|0.76|0.85, date:0.88|0.55|0.68, total:0.93|0.51|0.66
2020-06-23 14:03:12.041062epoch:131, train loss:0.10856357906703595
2020-06-23 14:03:21.432924epoch:131, test loss: 0.07913494668900967, other:0.95|1.00|0.97, company:1.00|0.81|0.89, address:0.99|0.85|0.92, date:1.00|0.49|0.66, total:0.99|0.63|0.77
2020-06-23 14:03:26.512477epoch:131, test loss: 0.1963143914937973, other:0.94|0.99|0.97, company:0.96|0.75|0.84, address:0.95|0.77|0.85, date:0.89|0.43|0.58, total:0.90|0.54|0.67
2020-06-23 14:03:42.475948epoch:132, train loss:0.1043109078374174
2020-06-23 14:03:51.753397epoch:132, test loss: 0.06451264432527953, other:0.96|1.00|0.98, company:0.99|0.86|0.92, address:1.00|0.84|0.91, date:0.99|0.69|0.82, total:0.98|0.63|0.77
2020-06-23 14:03:56.957759epoch:132, test loss: 0.20053843259811402, other:0.95|0.99|0.97, company:0.95|0.82|0.88, address:0.96|0.74|0.84, date:0.85|0.61|0.71, total:0.90|0.55|0.68
2020-06-23 14:04:12.734403epoch:133, train loss:0.10887177964603459
2020-06-23 14:04:21.958305epoch:133, test loss: 0.0640943185771229, other:0.96|1.00|0.98, company:1.00|0.86|0.93, address:1.00|0.82|0.90, date:1.00|0.67|0.80, total:0.97|0.70|0.82
2020-06-23 14:04:27.083978epoch:133, test loss: 0.20328880548477174, other:0.95|0.99|0.97, company:0.94|0.83|0.88, address:0.96|0.74|0.84, date:0.86|0.59|0.70, total:0.88|0.61|0.72
2020-06-23 14:04:42.744884epoch:134, train loss:0.11663691368367937
2020-06-23 14:04:52.113059epoch:134, test loss: 0.06855397464500533, other:0.96|1.00|0.98, company:0.99|0.86|0.92, address:0.99|0.85|0.92, date:0.99|0.59|0.74, total:0.98|0.69|0.81
2020-06-23 14:04:57.297287epoch:134, test loss: 0.19359704752763113, other:0.95|0.99|0.97, company:0.95|0.83|0.88, address:0.96|0.77|0.85, date:0.88|0.51|0.64, total:0.89|0.59|0.71
2020-06-23 14:05:13.195679epoch:135, train loss:0.11579373120157807
2020-06-23 14:05:22.448899epoch:135, test loss: 0.06835303910904461, other:0.96|1.00|0.98, company:0.99|0.86|0.92, address:1.00|0.82|0.90, date:1.00|0.58|0.73, total:0.98|0.69|0.81
2020-06-23 14:05:27.589197epoch:135, test loss: 0.19906558245420455, other:0.95|0.99|0.97, company:0.94|0.81|0.87, address:0.96|0.73|0.83, date:0.88|0.50|0.63, total:0.89|0.60|0.72
2020-06-23 14:05:43.235774epoch:136, train loss:0.11018608248344174
2020-06-23 14:05:52.323368epoch:136, test loss: 0.07650396248532666, other:0.95|1.00|0.97, company:1.00|0.84|0.91, address:1.00|0.82|0.90, date:1.00|0.57|0.73, total:0.99|0.53|0.69
2020-06-23 14:05:57.069956epoch:136, test loss: 0.18716832002003989, other:0.94|1.00|0.96, company:0.95|0.78|0.86, address:0.96|0.74|0.83, date:0.88|0.50|0.64, total:0.95|0.46|0.62
2020-06-23 14:06:13.371125epoch:137, train loss:0.11545396623788057
2020-06-23 14:06:23.118791epoch:137, test loss: 0.07326460902199701, other:0.95|1.00|0.98, company:1.00|0.83|0.90, address:1.00|0.80|0.89, date:0.99|0.61|0.76, total:0.98|0.63|0.76
2020-06-23 14:06:28.085137epoch:137, test loss: 0.19134794225295385, other:0.94|0.99|0.97, company:0.95|0.77|0.85, address:0.96|0.72|0.82, date:0.87|0.55|0.68, total:0.92|0.54|0.68
2020-06-23 14:06:44.043094epoch:138, train loss:0.11687738558760395
2020-06-23 14:06:53.231512epoch:138, test loss: 0.07340846809179143, other:0.95|1.00|0.98, company:0.99|0.87|0.92, address:1.00|0.79|0.88, date:0.99|0.67|0.80, total:0.99|0.56|0.72
2020-06-23 14:06:58.393026epoch:138, test loss: 0.19515876173973085, other:0.94|0.99|0.97, company:0.93|0.83|0.88, address:0.97|0.72|0.83, date:0.86|0.59|0.70, total:0.94|0.48|0.63
2020-06-23 14:07:14.685086epoch:139, train loss:0.10796908427167821
2020-06-23 14:07:24.099498epoch:139, test loss: 0.06840724815373067, other:0.96|1.00|0.98, company:1.00|0.85|0.92, address:1.00|0.85|0.92, date:0.99|0.65|0.79, total:0.99|0.55|0.71
2020-06-23 14:07:29.211929epoch:139, test loss: 0.19829306105772654, other:0.94|0.99|0.97, company:0.95|0.79|0.87, address:0.95|0.76|0.85, date:0.86|0.58|0.69, total:0.94|0.46|0.62
2020-06-23 14:07:45.457091epoch:140, train loss:0.10479888733890322
2020-06-23 14:07:54.902781epoch:140, test loss: 0.06644838499940103, other:0.96|1.00|0.98, company:1.00|0.83|0.91, address:1.00|0.83|0.91, date:0.99|0.63|0.77, total:0.99|0.64|0.78
2020-06-23 14:08:00.110453epoch:140, test loss: 0.19904054949680963, other:0.95|0.99|0.97, company:0.96|0.76|0.85, address:0.95|0.74|0.84, date:0.86|0.57|0.68, total:0.91|0.53|0.67
2020-06-23 14:08:16.039285epoch:141, train loss:0.10044076597249066
2020-06-23 14:08:25.215263epoch:141, test loss: 0.062429011402720655, other:0.96|1.00|0.98, company:1.00|0.86|0.93, address:0.99|0.87|0.93, date:0.99|0.67|0.80, total:0.98|0.62|0.76
2020-06-23 14:08:30.409764epoch:141, test loss: 0.20509258806705474, other:0.95|0.99|0.97, company:0.94|0.80|0.86, address:0.95|0.78|0.85, date:0.86|0.60|0.70, total:0.92|0.54|0.68
2020-06-23 14:08:45.919798epoch:142, train loss:0.10629555334647496
2020-06-23 14:08:55.192911epoch:142, test loss: 0.07719873223039839, other:0.95|1.00|0.97, company:1.00|0.85|0.92, address:1.00|0.81|0.90, date:1.00|0.51|0.67, total:0.98|0.61|0.76
2020-06-23 14:09:00.363201epoch:142, test loss: 0.19693299730618793, other:0.94|0.99|0.96, company:0.95|0.79|0.86, address:0.96|0.73|0.83, date:0.90|0.45|0.60, total:0.91|0.51|0.65
2020-06-23 14:09:16.376175epoch:143, train loss:0.10795873803672967
2020-06-23 14:09:25.914343epoch:143, test loss: 0.05757217969814384, other:0.97|1.00|0.98, company:1.00|0.86|0.92, address:1.00|0.86|0.92, date:0.99|0.75|0.85, total:0.99|0.64|0.78
2020-06-23 14:09:30.775735epoch:143, test loss: 0.20458830446004866, other:0.96|0.99|0.97, company:0.94|0.81|0.87, address:0.96|0.77|0.85, date:0.83|0.64|0.73, total:0.91|0.54|0.68
2020-06-23 14:09:46.316388epoch:144, train loss:0.09993607302506764
2020-06-23 14:09:55.282504epoch:144, test loss: 0.06101820016866205, other:0.96|1.00|0.98, company:1.00|0.84|0.91, address:1.00|0.83|0.91, date:1.00|0.63|0.78, total:0.98|0.69|0.81
2020-06-23 14:10:00.752769epoch:144, test loss: 0.20293346792459488, other:0.95|0.99|0.97, company:0.95|0.78|0.86, address:0.96|0.75|0.84, date:0.85|0.54|0.66, total:0.89|0.58|0.70
2020-06-23 14:10:17.326130epoch:145, train loss:0.10443464445847052
2020-06-23 14:10:26.876995epoch:145, test loss: 0.06759086413377965, other:0.96|1.00|0.98, company:0.99|0.88|0.93, address:1.00|0.84|0.91, date:0.99|0.62|0.76, total:0.99|0.61|0.75
2020-06-23 14:10:31.796447epoch:145, test loss: 0.20555677115917206, other:0.95|0.99|0.97, company:0.93|0.85|0.89, address:0.96|0.76|0.85, date:0.87|0.55|0.67, total:0.93|0.51|0.66
2020-06-23 14:10:47.807346epoch:146, train loss:0.11137493589410076
2020-06-23 14:10:57.278675epoch:146, test loss: 0.07763798569363577, other:0.95|1.00|0.97, company:1.00|0.84|0.91, address:1.00|0.79|0.88, date:0.99|0.57|0.72, total:0.99|0.61|0.75
2020-06-23 14:11:02.476629epoch:146, test loss: 0.1998973493774732, other:0.94|0.99|0.97, company:0.95|0.78|0.86, address:0.97|0.71|0.82, date:0.87|0.50|0.63, total:0.93|0.50|0.65
2020-06-23 14:11:17.544242epoch:147, train loss:0.10980672416863618
2020-06-23 14:11:26.792805epoch:147, test loss: 0.06219701862169637, other:0.96|1.00|0.98, company:0.99|0.87|0.93, address:1.00|0.85|0.92, date:1.00|0.65|0.79, total:0.99|0.63|0.77
2020-06-23 14:11:31.782189epoch:147, test loss: 0.19632299145062765, other:0.95|0.99|0.97, company:0.95|0.81|0.87, address:0.95|0.76|0.85, date:0.86|0.56|0.68, total:0.92|0.53|0.67
2020-06-23 14:11:47.949588epoch:148, train loss:0.0994683286106145
2020-06-23 14:11:57.137320epoch:148, test loss: 0.055721584914459124, other:0.97|1.00|0.98, company:1.00|0.85|0.92, address:1.00|0.86|0.92, date:0.99|0.77|0.86, total:0.97|0.68|0.80
2020-06-23 14:12:02.347032epoch:148, test loss: 0.20158091187477112, other:0.96|0.99|0.98, company:0.95|0.80|0.87, address:0.95|0.77|0.85, date:0.83|0.66|0.74, total:0.90|0.58|0.71
2020-06-23 14:12:17.962913epoch:149, train loss:0.1006577335022114
2020-06-23 14:12:26.750198epoch:149, test loss: 0.059894281784417455, other:0.97|1.00|0.98, company:0.99|0.88|0.93, address:1.00|0.82|0.90, date:0.99|0.72|0.83, total:0.98|0.68|0.80
2020-06-23 14:12:32.180572epoch:149, test loss: 0.21106371035178503, other:0.96|0.99|0.97, company:0.93|0.84|0.89, address:0.97|0.74|0.84, date:0.85|0.63|0.73, total:0.90|0.59|0.71
2020-06-23 14:12:48.481587epoch:150, train loss:0.11231513735320833
2020-06-23 14:12:57.483785epoch:150, test loss: 0.061557115262581244, other:0.96|1.00|0.98, company:0.99|0.89|0.93, address:1.00|0.85|0.92, date:0.99|0.70|0.82, total:0.99|0.60|0.74
2020-06-23 14:13:02.708845epoch:150, test loss: 0.20253883351882299, other:0.95|0.99|0.97, company:0.93|0.86|0.89, address:0.97|0.77|0.85, date:0.86|0.62|0.72, total:0.93|0.52|0.66
2020-06-23 14:13:19.027147epoch:151, train loss:0.11219217338495785
2020-06-23 14:13:28.059504epoch:151, test loss: 0.058890168330873606, other:0.96|1.00|0.98, company:0.99|0.84|0.91, address:0.99|0.83|0.91, date:0.99|0.71|0.83, total:0.99|0.67|0.80
2020-06-23 14:13:33.177381epoch:151, test loss: 0.1961647868156433, other:0.95|0.99|0.97, company:0.97|0.76|0.86, address:0.95|0.76|0.84, date:0.85|0.62|0.72, total:0.92|0.56|0.70
2020-06-23 14:13:49.523884epoch:152, train loss:0.10260078179891463
2020-06-23 14:13:58.793408epoch:152, test loss: 0.0677313907071948, other:0.96|1.00|0.98, company:1.00|0.84|0.91, address:1.00|0.85|0.92, date:0.98|0.68|0.80, total:0.99|0.54|0.70
2020-06-23 14:14:04.185043epoch:152, test loss: 0.20002426306406657, other:0.94|0.99|0.97, company:0.96|0.78|0.86, address:0.95|0.76|0.85, date:0.86|0.59|0.70, total:0.95|0.45|0.61
2020-06-23 14:14:20.101765epoch:153, train loss:0.09682413066426913
2020-06-23 14:14:29.266037epoch:153, test loss: 0.05780091397119341, other:0.97|1.00|0.99, company:0.99|0.87|0.93, address:0.99|0.87|0.93, date:0.99|0.71|0.83, total:0.98|0.75|0.85
2020-06-23 14:14:34.376628epoch:153, test loss: 0.20694023569424946, other:0.96|0.99|0.98, company:0.93|0.84|0.89, address:0.96|0.78|0.86, date:0.85|0.62|0.72, total:0.89|0.63|0.74
2020-06-23 14:14:50.663112epoch:154, train loss:0.10964871846415379
2020-06-23 14:15:00.048848epoch:154, test loss: 0.06179059207163475, other:0.96|1.00|0.98, company:0.99|0.86|0.92, address:1.00|0.81|0.90, date:1.00|0.69|0.82, total:0.98|0.70|0.82
2020-06-23 14:15:05.476711epoch:154, test loss: 0.19423829466104509, other:0.95|0.99|0.97, company:0.94|0.81|0.87, address:0.97|0.73|0.83, date:0.85|0.63|0.72, total:0.90|0.60|0.72
2020-06-23 14:15:21.659834epoch:155, train loss:0.10293397776506565
