epoch:0, loss: 1.3425566311235781, other:1.00|0.89|0.94, company:0.00|0.00|0.00, address:0.00|0.25|0.00, date:0.00|0.00|0.00, total:0.00|0.00|0.00
epoch:1, loss: 0.9326356870156748, other:0.98|0.93|0.96, company:0.00|0.00|0.00, address:0.54|0.45|0.49, date:0.00|0.00|0.00, total:0.02|0.15|0.03
epoch:2, loss: 0.6327618956565857, other:0.87|0.97|0.91, company:0.32|0.71|0.44, address:0.91|0.41|0.57, date:0.07|0.18|0.10, total:0.55|0.14|0.23
epoch:3, loss: 0.560952193207211, other:0.81|0.98|0.89, company:0.51|0.74|0.60, address:0.91|0.45|0.60, date:0.37|0.26|0.30, total:0.83|0.13|0.22
epoch:4, loss: 0.5244150890244378, other:0.82|0.98|0.89, company:0.84|0.55|0.67, address:0.80|0.41|0.54, date:0.50|0.29|0.37, total:0.76|0.15|0.25
epoch:5, loss: 0.48160678258648626, other:0.79|0.99|0.88, company:0.68|0.74|0.71, address:0.93|0.44|0.60, date:0.61|0.27|0.38, total:0.90|0.14|0.25
epoch:6, loss: 0.4500989218552907, other:0.81|0.99|0.89, company:0.82|0.68|0.74, address:0.90|0.46|0.60, date:0.62|0.29|0.40, total:0.89|0.15|0.26
epoch:7, loss: 0.4732925858762529, other:0.76|0.99|0.86, company:0.90|0.55|0.68, address:0.85|0.42|0.56, date:0.70|0.24|0.36, total:0.93|0.14|0.25
epoch:8, loss: 0.4082845228689688, other:0.82|0.99|0.89, company:0.78|0.75|0.77, address:0.95|0.46|0.62, date:0.75|0.27|0.39, total:0.84|0.18|0.30
epoch:9, loss: 0.3941715580445749, other:0.81|0.99|0.89, company:0.73|0.80|0.76, address:0.97|0.46|0.63, date:0.76|0.28|0.41, total:0.89|0.17|0.29
epoch:10, loss: 0.392417898884526, other:0.81|0.99|0.89, company:0.64|0.80|0.71, address:0.97|0.49|0.65, date:0.77|0.26|0.38, total:0.91|0.17|0.29
epoch:11, loss: 0.3733455814697124, other:0.81|0.99|0.89, company:0.76|0.76|0.76, address:0.98|0.47|0.64, date:0.77|0.29|0.43, total:0.89|0.17|0.29
epoch:12, loss: 0.37110734317037797, other:0.82|0.99|0.89, company:0.69|0.80|0.74, address:0.99|0.46|0.63, date:0.77|0.29|0.42, total:0.89|0.18|0.30
epoch:13, loss: 0.3525875983414827, other:0.82|0.99|0.90, company:0.75|0.82|0.78, address:0.97|0.50|0.66, date:0.80|0.27|0.41, total:0.88|0.18|0.30
epoch:14, loss: 0.36570852994918823, other:0.79|0.99|0.88, company:0.87|0.75|0.81, address:0.97|0.44|0.61, date:0.86|0.23|0.37, total:0.89|0.19|0.31
epoch:15, loss: 0.32740233065905394, other:0.82|0.99|0.90, company:0.84|0.77|0.81, address:0.98|0.51|0.67, date:0.80|0.30|0.43, total:0.90|0.19|0.31
epoch:16, loss: 0.3387672249917631, other:0.80|0.99|0.89, company:0.76|0.79|0.78, address:0.98|0.50|0.66, date:0.86|0.26|0.40, total:0.93|0.17|0.29
epoch:17, loss: 0.3200468912168785, other:0.80|0.99|0.89, company:0.91|0.72|0.80, address:0.96|0.53|0.69, date:0.86|0.27|0.41, total:0.94|0.17|0.29
epoch:18, loss: 0.3234117759598626, other:0.79|1.00|0.88, company:0.88|0.72|0.79, address:0.98|0.52|0.68, date:0.90|0.25|0.40, total:0.95|0.17|0.29
epoch:19, loss: 0.30819968106570067, other:0.82|0.99|0.90, company:0.84|0.73|0.78, address:0.98|0.54|0.70, date:0.87|0.29|0.44, total:0.94|0.18|0.31
epoch:20, loss: 0.30478676436124025, other:0.82|0.99|0.90, company:0.82|0.79|0.80, address:0.98|0.54|0.69, date:0.88|0.29|0.43, total:0.92|0.19|0.31
epoch:21, loss: 0.3003748048234869, other:0.86|0.99|0.92, company:0.81|0.78|0.79, address:0.97|0.60|0.74, date:0.86|0.32|0.47, total:0.87|0.22|0.35
epoch:22, loss: 0.30058543660022596, other:0.82|0.99|0.90, company:0.84|0.81|0.83, address:0.98|0.56|0.71, date:0.89|0.28|0.43, total:0.93|0.18|0.30
epoch:23, loss: 0.2995984846795047, other:0.82|1.00|0.90, company:0.80|0.79|0.80, address:0.98|0.55|0.70, date:0.90|0.30|0.45, total:0.95|0.18|0.30
epoch:24, loss: 0.2851805250953745, other:0.86|0.99|0.92, company:0.79|0.78|0.78, address:0.99|0.54|0.70, date:0.87|0.38|0.52, total:0.87|0.23|0.36
epoch:25, loss: 0.2802611302446436, other:0.82|1.00|0.90, company:0.92|0.71|0.80, address:0.97|0.57|0.72, date:0.93|0.27|0.41, total:0.94|0.19|0.32
epoch:26, loss: 0.28418637481000686, other:0.84|0.99|0.91, company:0.79|0.78|0.78, address:0.98|0.59|0.74, date:0.90|0.32|0.47, total:0.92|0.20|0.33
epoch:27, loss: 0.2684865235178559, other:0.85|0.99|0.91, company:0.89|0.75|0.81, address:0.99|0.55|0.71, date:0.90|0.32|0.48, total:0.90|0.22|0.36
epoch:28, loss: 0.2713939227439739, other:0.84|1.00|0.91, company:0.85|0.79|0.82, address:0.99|0.61|0.76, date:0.89|0.34|0.49, total:0.94|0.19|0.32
epoch:29, loss: 0.25364818837907577, other:0.86|1.00|0.92, company:0.90|0.74|0.81, address:0.99|0.55|0.71, date:0.90|0.41|0.56, total:0.91|0.23|0.36
epoch:30, loss: 0.2658319600202419, other:0.84|1.00|0.91, company:0.86|0.75|0.80, address:0.98|0.58|0.73, date:0.93|0.33|0.48, total:0.93|0.21|0.34
epoch:31, loss: 0.27867649661170113, other:0.84|1.00|0.91, company:0.76|0.79|0.77, address:0.99|0.57|0.72, date:0.91|0.38|0.54, total:0.95|0.19|0.32
epoch:32, loss: 0.2565472931773574, other:0.84|1.00|0.91, company:0.89|0.80|0.84, address:0.98|0.63|0.76, date:0.92|0.33|0.49, total:0.93|0.20|0.33
epoch:33, loss: 0.2516538329698421, other:0.86|1.00|0.92, company:0.85|0.78|0.82, address:0.99|0.60|0.75, date:0.91|0.39|0.55, total:0.93|0.21|0.34
epoch:34, loss: 0.24584386470141234, other:0.84|1.00|0.91, company:0.95|0.70|0.81, address:0.98|0.57|0.72, date:0.93|0.35|0.51, total:0.93|0.22|0.35
epoch:35, loss: 0.2614087953611656, other:0.85|1.00|0.92, company:0.81|0.79|0.80, address:0.99|0.58|0.73, date:0.91|0.39|0.54, total:0.95|0.20|0.33
epoch:36, loss: 0.2431078216543904, other:0.86|1.00|0.92, company:0.87|0.79|0.83, address:0.99|0.61|0.75, date:0.92|0.38|0.54, total:0.93|0.22|0.36
epoch:37, loss: 0.2409429500500361, other:0.86|1.00|0.92, company:0.87|0.77|0.82, address:0.99|0.59|0.74, date:0.92|0.43|0.59, total:0.94|0.22|0.35
epoch:38, loss: 0.24012428632488958, other:0.85|1.00|0.91, company:0.95|0.71|0.81, address:0.97|0.63|0.76, date:0.92|0.36|0.52, total:0.95|0.20|0.33
epoch:39, loss: 0.22912501571355043, other:0.88|1.00|0.93, company:0.91|0.76|0.83, address:0.97|0.70|0.81, date:0.92|0.39|0.54, total:0.92|0.24|0.38
epoch:40, loss: 0.25116751149848654, other:0.88|1.00|0.93, company:0.78|0.81|0.79, address:0.99|0.60|0.75, date:0.93|0.39|0.55, total:0.90|0.26|0.40
epoch:41, loss: 0.21853567163149515, other:0.88|1.00|0.93, company:0.94|0.73|0.82, address:0.98|0.67|0.79, date:0.93|0.38|0.54, total:0.92|0.25|0.39
epoch:42, loss: 0.23024055913642602, other:0.85|1.00|0.92, company:0.94|0.71|0.81, address:0.98|0.64|0.77, date:0.96|0.33|0.49, total:0.93|0.22|0.36
epoch:43, loss: 0.2284836564902906, other:0.85|1.00|0.92, company:0.95|0.72|0.82, address:0.99|0.64|0.77, date:0.95|0.33|0.49, total:0.94|0.22|0.36
epoch:44, loss: 0.23171444513179637, other:0.89|1.00|0.94, company:0.82|0.81|0.82, address:0.99|0.67|0.80, date:0.91|0.46|0.61, total:0.91|0.26|0.41
epoch:45, loss: 0.22085653686964954, other:0.87|1.00|0.93, company:0.91|0.79|0.84, address:0.99|0.63|0.77, date:0.93|0.42|0.58, total:0.95|0.22|0.36
epoch:46, loss: 0.22136619687080383, other:0.85|1.00|0.92, company:0.94|0.73|0.82, address:0.98|0.62|0.76, date:0.93|0.43|0.59, total:0.97|0.20|0.33
epoch:47, loss: 0.2188596581971204, other:0.88|1.00|0.93, company:0.91|0.81|0.86, address:0.99|0.68|0.81, date:0.94|0.39|0.55, total:0.94|0.24|0.38
epoch:48, loss: 0.2556026809745365, other:0.87|1.00|0.93, company:0.76|0.80|0.78, address:0.98|0.65|0.78, date:0.94|0.38|0.54, total:0.95|0.23|0.37
epoch:49, loss: 0.20981305175357395, other:0.89|1.00|0.94, company:0.91|0.80|0.85, address:0.98|0.71|0.83, date:0.93|0.43|0.58, total:0.92|0.25|0.39
epoch:50, loss: 0.22026032209396362, other:0.85|1.00|0.92, company:0.94|0.75|0.83, address:0.99|0.61|0.76, date:0.94|0.38|0.54, total:0.97|0.21|0.35
epoch:51, loss: 0.20550871226522657, other:0.88|1.00|0.94, company:0.93|0.77|0.84, address:0.99|0.63|0.77, date:0.93|0.42|0.58, total:0.90|0.27|0.41
epoch:52, loss: 0.20713811947239769, other:0.87|1.00|0.93, company:0.97|0.71|0.82, address:0.98|0.62|0.76, date:0.94|0.41|0.57, total:0.93|0.25|0.40
epoch:53, loss: 0.24096479128908227, other:0.85|1.00|0.92, company:0.81|0.80|0.81, address:0.99|0.60|0.75, date:0.95|0.36|0.52, total:0.96|0.22|0.36
epoch:54, loss: 0.21459200978279114, other:0.89|1.00|0.94, company:0.88|0.81|0.84, address:0.98|0.68|0.81, date:0.94|0.39|0.55, total:0.92|0.27|0.42
epoch:55, loss: 0.2023262878259023, other:0.88|1.00|0.94, company:0.93|0.76|0.84, address:0.99|0.68|0.80, date:0.96|0.38|0.54, total:0.94|0.26|0.41
epoch:56, loss: 0.21105745931466421, other:0.88|1.00|0.93, company:0.88|0.81|0.84, address:0.99|0.68|0.81, date:0.95|0.42|0.58, total:0.96|0.23|0.38
epoch:57, loss: 0.19768185140909972, other:0.88|1.00|0.94, company:0.93|0.78|0.85, address:0.99|0.65|0.78, date:0.94|0.44|0.60, total:0.94|0.25|0.40
epoch:58, loss: 0.19462047627678625, other:0.88|1.00|0.93, company:0.94|0.76|0.84, address:0.99|0.64|0.78, date:0.94|0.47|0.63, total:0.95|0.24|0.38
epoch:59, loss: 0.20792562266190848, other:0.88|1.00|0.93, company:0.90|0.78|0.83, address:0.99|0.65|0.78, date:0.94|0.44|0.60, total:0.95|0.24|0.38
epoch:60, loss: 0.22190924982229868, other:0.87|1.00|0.93, company:0.85|0.82|0.84, address:0.99|0.65|0.78, date:0.95|0.41|0.58, total:0.95|0.23|0.37
epoch:61, loss: 0.19101136757267845, other:0.89|1.00|0.94, company:0.95|0.76|0.84, address:0.99|0.68|0.81, date:0.95|0.43|0.59, total:0.91|0.28|0.43
epoch:62, loss: 0.21627333981019478, other:0.88|1.00|0.93, company:0.84|0.84|0.84, address:0.99|0.67|0.80, date:0.96|0.41|0.58, total:0.97|0.23|0.37
epoch:63, loss: 0.18719051226421637, other:0.89|1.00|0.94, company:0.95|0.76|0.85, address:0.98|0.71|0.82, date:0.96|0.45|0.61, total:0.95|0.25|0.40
epoch:64, loss: 0.1925701261670501, other:0.88|1.00|0.94, company:0.90|0.82|0.86, address:0.99|0.68|0.80, date:0.96|0.44|0.60, total:0.95|0.25|0.40
epoch:65, loss: 0.1862858517302407, other:0.89|1.00|0.94, company:0.93|0.80|0.86, address:0.99|0.68|0.81, date:0.94|0.49|0.64, total:0.94|0.25|0.39
epoch:66, loss: 0.19272339675161573, other:0.90|1.00|0.94, company:0.87|0.80|0.83, address:0.99|0.69|0.81, date:0.94|0.51|0.66, total:0.94|0.26|0.41
epoch:67, loss: 0.2074064634464405, other:0.86|1.00|0.92, company:0.94|0.77|0.84, address:0.99|0.69|0.82, date:0.98|0.34|0.50, total:0.97|0.22|0.36
epoch:68, loss: 0.19223135378625658, other:0.89|1.00|0.94, company:0.90|0.82|0.86, address:0.99|0.71|0.83, date:0.95|0.47|0.63, total:0.95|0.24|0.39
epoch:69, loss: 0.19518704381253985, other:0.89|1.00|0.94, company:0.90|0.82|0.86, address:0.99|0.69|0.82, date:0.96|0.40|0.56, total:0.92|0.29|0.44
epoch:70, loss: 0.1994310529143722, other:0.89|1.00|0.94, company:0.88|0.82|0.85, address:0.99|0.73|0.84, date:0.94|0.50|0.66, total:0.96|0.23|0.38
epoch:71, loss: 0.1830558368453273, other:0.88|1.00|0.94, company:0.94|0.79|0.86, address:0.99|0.71|0.83, date:0.97|0.40|0.57, total:0.95|0.25|0.40
epoch:72, loss: 0.1761574971455115, other:0.89|1.00|0.94, company:0.96|0.77|0.85, address:0.99|0.71|0.83, date:0.97|0.42|0.58, total:0.94|0.27|0.43
epoch:73, loss: 0.18164559812457473, other:0.88|1.00|0.94, company:0.94|0.79|0.86, address:0.99|0.69|0.81, date:0.97|0.41|0.58, total:0.95|0.26|0.40
epoch:74, loss: 0.16783287127812704, other:0.90|1.00|0.95, company:0.95|0.81|0.87, address:0.99|0.73|0.84, date:0.96|0.48|0.64, total:0.94|0.28|0.43
epoch:75, loss: 0.18220300862082728, other:0.89|1.00|0.94, company:0.91|0.81|0.86, address:0.99|0.69|0.82, date:0.97|0.45|0.62, total:0.97|0.25|0.40
epoch:76, loss: 0.17062952617804208, other:0.90|1.00|0.95, company:0.94|0.79|0.86, address:0.99|0.71|0.83, date:0.95|0.48|0.64, total:0.94|0.29|0.44
epoch:77, loss: 0.1743754987363462, other:0.89|1.00|0.94, company:0.98|0.74|0.84, address:0.99|0.69|0.81, date:0.96|0.44|0.60, total:0.95|0.28|0.43
epoch:78, loss: 0.18406060338020325, other:0.89|1.00|0.94, company:0.89|0.85|0.87, address:0.99|0.73|0.84, date:0.97|0.43|0.59, total:0.95|0.26|0.41
epoch:79, loss: 0.16530472923208167, other:0.90|1.00|0.95, company:0.95|0.79|0.86, address:0.99|0.73|0.84, date:0.98|0.45|0.61, total:0.95|0.29|0.44
epoch:80, loss: 0.1830877137404901, other:0.89|1.00|0.94, company:0.90|0.85|0.88, address:0.99|0.71|0.82, date:0.97|0.43|0.59, total:0.97|0.25|0.40
epoch:81, loss: 0.18323731753561232, other:0.88|1.00|0.93, company:0.92|0.80|0.86, address:0.99|0.72|0.83, date:0.98|0.40|0.57, total:0.97|0.24|0.38
epoch:82, loss: 0.1997937626308865, other:0.91|1.00|0.95, company:0.76|0.83|0.79, address:0.99|0.69|0.82, date:0.97|0.49|0.65, total:0.95|0.30|0.46
epoch:83, loss: 0.18264759607889033, other:0.89|1.00|0.94, company:0.88|0.85|0.86, address:0.99|0.71|0.83, date:0.98|0.42|0.58, total:0.97|0.26|0.41
epoch:84, loss: 0.16531776084944053, other:0.89|1.00|0.94, company:0.97|0.75|0.85, address:0.99|0.75|0.85, date:0.98|0.42|0.59, total:0.97|0.27|0.42
epoch:85, loss: 0.17069107845977502, other:0.90|1.00|0.95, company:0.92|0.81|0.86, address:0.98|0.77|0.86, date:0.97|0.46|0.63, total:0.94|0.28|0.43
epoch:86, loss: 0.16633765399456024, other:0.89|1.00|0.94, company:0.94|0.81|0.87, address:0.99|0.72|0.84, date:0.98|0.43|0.60, total:0.97|0.26|0.41
epoch:87, loss: 0.17273504811304588, other:0.88|1.00|0.94, company:0.98|0.74|0.84, address:0.99|0.67|0.80, date:0.97|0.43|0.59, total:0.96|0.26|0.42
epoch:88, loss: 0.15919398626795522, other:0.91|1.00|0.95, company:0.95|0.81|0.88, address:0.99|0.74|0.85, date:0.96|0.48|0.64, total:0.94|0.30|0.46
epoch:89, loss: 0.16386846397761945, other:0.91|1.00|0.95, company:0.91|0.85|0.88, address:0.99|0.74|0.85, date:0.98|0.47|0.63, total:0.96|0.30|0.45
epoch:90, loss: 0.16269675890604654, other:0.90|1.00|0.95, company:0.95|0.79|0.86, address:0.99|0.76|0.86, date:0.98|0.44|0.61, total:0.96|0.28|0.43
epoch:91, loss: 0.15803834354435956, other:0.90|1.00|0.95, company:0.95|0.79|0.87, address:0.99|0.73|0.84, date:0.98|0.45|0.61, total:0.92|0.30|0.46
epoch:92, loss: 0.16028986871242523, other:0.89|1.00|0.94, company:0.95|0.83|0.88, address:0.99|0.74|0.85, date:0.98|0.46|0.63, total:0.97|0.26|0.41
epoch:93, loss: 0.1586415425494865, other:0.90|1.00|0.94, company:0.98|0.72|0.83, address:0.98|0.75|0.85, date:0.99|0.44|0.61, total:0.95|0.28|0.43
epoch:94, loss: 0.16091972175571653, other:0.90|1.00|0.95, company:0.92|0.81|0.86, address:1.00|0.71|0.83, date:0.97|0.49|0.65, total:0.96|0.28|0.43
epoch:95, loss: 0.15576922948713656, other:0.90|1.00|0.95, company:0.94|0.80|0.86, address:0.99|0.76|0.86, date:0.99|0.44|0.61, total:0.96|0.29|0.45
epoch:96, loss: 0.14802732208260783, other:0.90|1.00|0.95, company:0.96|0.79|0.87, address:0.99|0.74|0.85, date:0.98|0.51|0.67, total:0.96|0.28|0.44
epoch:97, loss: 0.14835034255628232, other:0.90|1.00|0.95, company:0.96|0.80|0.87, address:0.99|0.74|0.85, date:0.98|0.49|0.65, total:0.97|0.28|0.44
epoch:98, loss: 0.1567412954237726, other:0.89|1.00|0.94, company:0.96|0.81|0.88, address:0.99|0.77|0.87, date:0.99|0.42|0.59, total:0.98|0.26|0.41
epoch:99, loss: 0.15656291665854277, other:0.91|1.00|0.95, company:0.93|0.81|0.86, address:0.99|0.75|0.85, date:0.98|0.52|0.68, total:0.96|0.29|0.44
epoch:100, loss: 0.14885575269107465, other:0.90|1.00|0.95, company:0.97|0.78|0.86, address:0.99|0.76|0.86, date:0.99|0.48|0.64, total:0.96|0.29|0.44
epoch:101, loss: 0.1573786774167308, other:0.90|1.00|0.95, company:0.94|0.82|0.87, address:0.99|0.75|0.86, date:0.99|0.43|0.60, total:0.97|0.29|0.44
epoch:102, loss: 0.15667448385998053, other:0.91|1.00|0.95, company:0.92|0.84|0.88, address:0.99|0.77|0.87, date:0.98|0.49|0.66, total:0.97|0.28|0.44
epoch:103, loss: 0.15004693413222278, other:0.91|1.00|0.95, company:0.93|0.83|0.88, address:0.99|0.77|0.87, date:0.98|0.50|0.66, total:0.96|0.30|0.46
epoch:104, loss: 0.1632070861480854, other:0.90|1.00|0.95, company:0.91|0.82|0.86, address:0.99|0.75|0.85, date:0.99|0.45|0.62, total:0.97|0.27|0.42
epoch:105, loss: 0.14515095314493887, other:0.91|1.00|0.95, company:0.96|0.82|0.88, address:0.99|0.79|0.88, date:0.99|0.45|0.62, total:0.95|0.32|0.47
epoch:106, loss: 0.15050499417163707, other:0.91|1.00|0.95, company:0.92|0.82|0.86, address:0.99|0.76|0.86, date:0.99|0.48|0.65, total:0.95|0.31|0.47
epoch:107, loss: 0.15641999023932, other:0.91|1.00|0.95, company:0.91|0.84|0.87, address:0.99|0.76|0.86, date:0.99|0.47|0.63, total:0.95|0.30|0.46
epoch:108, loss: 0.1549187343981531, other:0.91|1.00|0.95, company:0.92|0.83|0.87, address:1.00|0.73|0.84, date:0.99|0.45|0.62, total:0.96|0.31|0.46
epoch:109, loss: 0.14705641981628206, other:0.91|1.00|0.95, company:0.95|0.81|0.88, address:1.00|0.71|0.83, date:0.98|0.48|0.65, total:0.96|0.31|0.47
epoch:110, loss: 0.14628794816909013, other:0.91|1.00|0.95, company:0.95|0.81|0.87, address:0.99|0.74|0.85, date:0.98|0.49|0.65, total:0.97|0.30|0.45
epoch:111, loss: 0.14786179225753854, other:0.92|1.00|0.96, company:0.93|0.83|0.87, address:0.99|0.77|0.87, date:0.99|0.50|0.67, total:0.95|0.33|0.49
epoch:112, loss: 0.15645653671688503, other:0.89|1.00|0.94, company:0.94|0.78|0.85, address:1.00|0.72|0.84, date:0.99|0.40|0.57, total:0.97|0.30|0.45
epoch:113, loss: 0.15218219768117974, other:0.92|1.00|0.96, company:0.91|0.82|0.86, address:1.00|0.74|0.85, date:0.99|0.47|0.64, total:0.95|0.34|0.51
epoch:114, loss: 0.14365000581299817, other:0.90|1.00|0.95, company:0.97|0.79|0.87, address:0.99|0.74|0.84, date:0.99|0.48|0.64, total:0.97|0.30|0.46
epoch:115, loss: 0.14273705112713356, other:0.91|1.00|0.95, company:0.95|0.82|0.88, address:1.00|0.74|0.85, date:0.99|0.50|0.66, total:0.97|0.30|0.45
epoch:116, loss: 0.13030803672693395, other:0.92|1.00|0.96, company:0.98|0.81|0.89, address:0.99|0.79|0.88, date:0.99|0.50|0.67, total:0.96|0.34|0.50
epoch:117, loss: 0.14479111604116582, other:0.91|1.00|0.95, company:0.94|0.85|0.89, address:0.99|0.81|0.89, date:0.99|0.46|0.63, total:0.97|0.31|0.47
epoch:118, loss: 0.12939785420894623, other:0.92|1.00|0.96, company:0.98|0.78|0.87, address:1.00|0.78|0.87, date:0.98|0.52|0.68, total:0.95|0.34|0.50
epoch:119, loss: 0.14431489286599336, other:0.91|1.00|0.95, company:0.94|0.85|0.89, address:1.00|0.75|0.86, date:0.99|0.49|0.66, total:0.97|0.28|0.44
epoch:120, loss: 0.12909539623392952, other:0.93|1.00|0.96, company:0.96|0.82|0.89, address:0.99|0.78|0.88, date:0.98|0.56|0.71, total:0.95|0.35|0.51
epoch:121, loss: 0.13443323031619744, other:0.91|1.00|0.95, company:0.98|0.78|0.87, address:1.00|0.75|0.85, date:0.99|0.49|0.66, total:0.97|0.31|0.47
epoch:122, loss: 0.1313362808691131, other:0.92|1.00|0.96, company:0.97|0.84|0.90, address:0.99|0.82|0.90, date:0.99|0.52|0.68, total:0.96|0.33|0.49
epoch:123, loss: 0.1334792392121421, other:0.91|1.00|0.95, company:0.96|0.82|0.88, address:1.00|0.74|0.85, date:0.99|0.49|0.66, total:0.97|0.31|0.47
epoch:124, loss: 0.14111444409246798, other:0.90|1.00|0.95, company:0.97|0.81|0.88, address:1.00|0.72|0.83, date:0.99|0.44|0.61, total:0.96|0.32|0.47
epoch:125, loss: 0.13450537263243287, other:0.91|1.00|0.95, company:0.96|0.81|0.87, address:1.00|0.77|0.87, date:0.98|0.53|0.69, total:0.97|0.30|0.46
epoch:126, loss: 0.15074454661872652, other:0.90|1.00|0.94, company:0.96|0.81|0.87, address:1.00|0.75|0.86, date:0.99|0.40|0.57, total:0.96|0.29|0.45
epoch:127, loss: 0.1422898636923896, other:0.91|1.00|0.95, company:0.98|0.79|0.87, address:0.99|0.82|0.89, date:0.99|0.45|0.62, total:0.96|0.31|0.46
epoch:128, loss: 0.13396803813951988, other:0.91|1.00|0.95, company:0.98|0.79|0.88, address:0.99|0.77|0.87, date:0.98|0.51|0.68, total:0.97|0.30|0.46
epoch:129, loss: 0.13808515281588943, other:0.91|1.00|0.95, company:0.95|0.82|0.88, address:0.99|0.79|0.88, date:0.99|0.51|0.67, total:0.97|0.29|0.44
epoch:130, loss: 0.1307357367542055, other:0.92|1.00|0.96, company:0.97|0.80|0.87, address:1.00|0.76|0.87, date:0.99|0.48|0.65, total:0.95|0.35|0.51
epoch:131, loss: 0.1432526699370808, other:0.92|1.00|0.95, company:0.93|0.85|0.89, address:0.99|0.81|0.89, date:0.99|0.49|0.65, total:0.97|0.30|0.46
epoch:132, loss: 0.1303033243726801, other:0.91|1.00|0.95, company:0.99|0.75|0.85, address:0.99|0.81|0.89, date:0.99|0.49|0.66, total:0.97|0.31|0.47
epoch:133, loss: 0.13041315062178505, other:0.92|1.00|0.96, company:0.98|0.81|0.89, address:1.00|0.77|0.87, date:0.99|0.53|0.69, total:0.96|0.33|0.49
epoch:134, loss: 0.14054030842251247, other:0.91|1.00|0.95, company:0.94|0.86|0.90, address:0.99|0.77|0.87, date:0.99|0.46|0.63, total:0.97|0.31|0.47
epoch:135, loss: 0.11923162859899027, other:0.92|1.00|0.96, company:0.99|0.79|0.88, address:0.99|0.80|0.89, date:0.99|0.54|0.70, total:0.97|0.35|0.51
epoch:136, loss: 0.12280988472479361, other:0.92|1.00|0.96, company:0.98|0.82|0.89, address:1.00|0.81|0.90, date:0.99|0.56|0.71, total:0.98|0.30|0.46
epoch:137, loss: 0.12513143100120402, other:0.92|1.00|0.96, company:0.98|0.81|0.89, address:0.99|0.82|0.90, date:0.99|0.54|0.70, total:0.97|0.32|0.48
epoch:138, loss: 0.12342233293586308, other:0.93|1.00|0.96, company:0.98|0.85|0.91, address:0.99|0.86|0.92, date:0.99|0.55|0.71, total:0.95|0.35|0.51
epoch:139, loss: 0.12873993344880916, other:0.92|1.00|0.96, company:0.97|0.81|0.88, address:1.00|0.80|0.89, date:1.00|0.49|0.66, total:0.97|0.32|0.48
epoch:140, loss: 0.13373245188483485, other:0.93|1.00|0.96, company:0.91|0.86|0.88, address:0.99|0.79|0.88, date:0.99|0.56|0.72, total:0.96|0.34|0.50
epoch:141, loss: 0.12314057267374462, other:0.92|1.00|0.96, company:0.98|0.82|0.89, address:0.99|0.81|0.89, date:0.99|0.51|0.67, total:0.97|0.33|0.49
epoch:142, loss: 0.12199998729758793, other:0.92|1.00|0.96, company:0.99|0.79|0.88, address:0.99|0.83|0.90, date:0.99|0.49|0.66, total:0.98|0.32|0.48
epoch:143, loss: 0.13650174935658774, other:0.93|1.00|0.96, company:0.96|0.85|0.90, address:0.97|0.85|0.91, date:0.99|0.57|0.72, total:0.98|0.31|0.47
epoch:144, loss: 0.12110986974504259, other:0.93|1.00|0.96, company:0.98|0.82|0.89, address:0.98|0.84|0.90, date:0.99|0.57|0.72, total:0.97|0.32|0.48
epoch:145, loss: 0.1135630742819221, other:0.93|1.00|0.96, company:0.99|0.80|0.89, address:0.99|0.83|0.91, date:1.00|0.52|0.68, total:0.97|0.35|0.51
epoch:146, loss: 0.1270245490250764, other:0.93|1.00|0.96, company:0.95|0.86|0.91, address:0.98|0.82|0.89, date:0.99|0.56|0.72, total:0.97|0.33|0.49
epoch:147, loss: 0.11693779682671582, other:0.92|1.00|0.96, company:0.98|0.82|0.89, address:0.99|0.84|0.91, date:0.99|0.55|0.71, total:0.98|0.32|0.49
epoch:148, loss: 0.12666311501352875, other:0.92|1.00|0.96, company:0.98|0.83|0.90, address:0.99|0.85|0.91, date:1.00|0.49|0.66, total:0.97|0.32|0.48
epoch:149, loss: 0.11815981815258662, other:0.92|1.00|0.96, company:0.98|0.84|0.91, address:0.99|0.82|0.90, date:0.99|0.54|0.70, total:0.98|0.32|0.48
epoch:150, loss: 0.12432470172643661, other:0.93|1.00|0.96, company:0.96|0.86|0.91, address:0.99|0.83|0.90, date:0.99|0.52|0.68, total:0.97|0.35|0.51
epoch:151, loss: 0.11315297031844104, other:0.93|1.00|0.96, company:0.98|0.85|0.91, address:1.00|0.84|0.91, date:0.99|0.55|0.70, total:0.97|0.36|0.53
epoch:152, loss: 0.10949090095581832, other:0.93|1.00|0.97, company:0.97|0.85|0.90, address:1.00|0.84|0.91, date:0.99|0.58|0.73, total:0.97|0.36|0.53
epoch:153, loss: 0.12150025726468475, other:0.92|1.00|0.96, company:0.98|0.79|0.88, address:1.00|0.76|0.86, date:0.99|0.51|0.67, total:0.97|0.35|0.51
epoch:154, loss: 0.11187628270299346, other:0.92|1.00|0.96, company:0.99|0.80|0.89, address:1.00|0.82|0.90, date:0.99|0.51|0.67, total:0.98|0.34|0.50
epoch:155, loss: 0.1097495401347125, other:0.93|1.00|0.97, company:0.98|0.82|0.89, address:1.00|0.83|0.90, date:0.99|0.57|0.73, total:0.97|0.37|0.54
epoch:156, loss: 0.11576564665193911, other:0.92|1.00|0.96, company:0.98|0.81|0.89, address:1.00|0.81|0.89, date:0.99|0.49|0.66, total:0.98|0.35|0.51
epoch:157, loss: 0.11768895442839022, other:0.93|1.00|0.96, company:0.96|0.86|0.91, address:0.98|0.85|0.91, date:0.99|0.54|0.70, total:0.98|0.35|0.51
epoch:158, loss: 0.11014584369129604, other:0.93|1.00|0.96, company:0.99|0.81|0.89, address:0.99|0.86|0.92, date:1.00|0.51|0.68, total:0.97|0.35|0.52
epoch:159, loss: 0.12117193666873155, other:0.92|1.00|0.96, company:0.97|0.86|0.91, address:1.00|0.82|0.90, date:0.99|0.50|0.67, total:0.98|0.31|0.47
epoch:160, loss: 0.1176109970719726, other:0.92|1.00|0.96, company:0.98|0.84|0.91, address:1.00|0.82|0.90, date:0.99|0.53|0.69, total:0.99|0.31|0.47
epoch:161, loss: 0.12843426234192318, other:0.91|1.00|0.95, company:0.97|0.85|0.90, address:1.00|0.79|0.88, date:1.00|0.45|0.62, total:0.98|0.32|0.49
epoch:162, loss: 0.12308921802926946, other:0.91|1.00|0.95, company:0.99|0.76|0.86, address:0.99|0.77|0.87, date:1.00|0.47|0.64, total:0.98|0.33|0.49
epoch:163, loss: 0.11377487414413029, other:0.93|1.00|0.96, company:0.97|0.85|0.91, address:1.00|0.82|0.90, date:0.99|0.52|0.68, total:0.97|0.35|0.52
epoch:164, loss: 0.1233159507866259, other:0.91|1.00|0.95, company:0.97|0.85|0.91, address:1.00|0.79|0.88, date:1.00|0.50|0.66, total:0.99|0.31|0.47
epoch:165, loss: 0.12175093646402713, other:0.93|1.00|0.96, company:0.97|0.85|0.91, address:0.99|0.83|0.90, date:1.00|0.51|0.68, total:0.95|0.37|0.53
epoch:166, loss: 0.10975669076045354, other:0.93|1.00|0.96, company:0.98|0.83|0.90, address:1.00|0.84|0.91, date:0.99|0.58|0.73, total:0.97|0.36|0.53
epoch:167, loss: 0.11154283417595758, other:0.93|1.00|0.96, company:0.98|0.83|0.90, address:0.99|0.87|0.93, date:1.00|0.52|0.68, total:0.98|0.36|0.53
epoch:168, loss: 0.11839788489871556, other:0.92|1.00|0.96, company:0.97|0.85|0.90, address:1.00|0.81|0.90, date:1.00|0.51|0.68, total:0.99|0.32|0.48
epoch:169, loss: 0.10794451749987072, other:0.93|1.00|0.97, company:0.98|0.84|0.90, address:0.99|0.85|0.92, date:0.99|0.60|0.75, total:0.98|0.35|0.51
epoch:170, loss: 0.11018364462587568, other:0.93|1.00|0.96, company:0.99|0.82|0.90, address:1.00|0.84|0.91, date:1.00|0.49|0.66, total:0.99|0.36|0.53
epoch:171, loss: 0.11775263260912013, other:0.93|1.00|0.96, company:0.95|0.84|0.89, address:0.99|0.82|0.90, date:1.00|0.53|0.69, total:0.97|0.38|0.55
epoch:172, loss: 0.10013736674079189, other:0.94|1.00|0.97, company:0.99|0.83|0.90, address:1.00|0.82|0.90, date:1.00|0.59|0.74, total:0.97|0.41|0.58
epoch:173, loss: 0.1049865017886515, other:0.93|1.00|0.96, company:0.99|0.83|0.90, address:1.00|0.80|0.89, date:0.99|0.57|0.73, total:0.98|0.36|0.53
epoch:174, loss: 0.1040317256141592, other:0.93|1.00|0.96, company:0.99|0.84|0.91, address:1.00|0.82|0.90, date:1.00|0.53|0.69, total:0.98|0.39|0.55
epoch:175, loss: 0.10469642998995604, other:0.93|1.00|0.97, company:0.98|0.83|0.90, address:1.00|0.82|0.90, date:1.00|0.55|0.71, total:0.97|0.39|0.56
epoch:176, loss: 0.11215551473476269, other:0.92|1.00|0.96, company:0.98|0.83|0.90, address:1.00|0.82|0.90, date:1.00|0.53|0.69, total:0.99|0.31|0.48
epoch:177, loss: 0.10558989230129454, other:0.93|1.00|0.96, company:0.99|0.84|0.91, address:1.00|0.86|0.92, date:1.00|0.55|0.71, total:0.98|0.34|0.51
epoch:178, loss: 0.10360318256749047, other:0.93|1.00|0.96, company:1.00|0.80|0.89, address:1.00|0.82|0.90, date:1.00|0.57|0.73, total:0.99|0.35|0.51
epoch:179, loss: 0.11634417485307764, other:0.92|1.00|0.96, company:0.95|0.85|0.90, address:0.99|0.83|0.90, date:1.00|0.46|0.63, total:0.98|0.36|0.52
epoch:180, loss: 0.10269172103316695, other:0.94|1.00|0.97, company:0.99|0.83|0.90, address:0.99|0.86|0.92, date:0.99|0.57|0.72, total:0.98|0.40|0.57
epoch:181, loss: 0.11059481015911808, other:0.92|1.00|0.96, company:0.98|0.82|0.89, address:1.00|0.80|0.89, date:1.00|0.51|0.68, total:0.99|0.35|0.51
epoch:182, loss: 0.10106031403497413, other:0.93|1.00|0.96, company:0.99|0.84|0.91, address:1.00|0.84|0.91, date:1.00|0.57|0.73, total:0.99|0.35|0.51
epoch:183, loss: 0.10446883765635667, other:0.94|1.00|0.97, company:0.97|0.84|0.90, address:0.99|0.84|0.91, date:1.00|0.56|0.72, total:0.97|0.39|0.56
epoch:184, loss: 0.11279117702334016, other:0.93|1.00|0.96, company:0.94|0.85|0.89, address:1.00|0.82|0.90, date:1.00|0.52|0.69, total:0.98|0.37|0.54
epoch:185, loss: 0.1009894143100138, other:0.94|1.00|0.97, company:0.98|0.86|0.91, address:0.99|0.87|0.93, date:1.00|0.55|0.71, total:0.99|0.37|0.54
epoch:186, loss: 0.10361507479791288, other:0.92|1.00|0.96, company:0.99|0.83|0.90, address:1.00|0.84|0.91, date:1.00|0.53|0.69, total:1.00|0.33|0.50
epoch:187, loss: 0.10207601029563833, other:0.94|1.00|0.97, company:0.97|0.86|0.91, address:1.00|0.85|0.92, date:1.00|0.56|0.71, total:0.97|0.40|0.56
epoch:188, loss: 0.1046612505559568, other:0.93|1.00|0.96, company:0.98|0.85|0.91, address:1.00|0.83|0.90, date:1.00|0.54|0.70, total:0.99|0.34|0.50
epoch:189, loss: 0.10395552963018417, other:0.93|1.00|0.96, company:0.98|0.82|0.90, address:1.00|0.80|0.89, date:1.00|0.54|0.71, total:0.98|0.35|0.52
epoch:190, loss: 0.10161789451484327, other:0.93|1.00|0.96, company:0.99|0.84|0.91, address:1.00|0.81|0.89, date:1.00|0.52|0.69, total:0.99|0.36|0.53
epoch:191, loss: 0.11363271209928724, other:0.93|1.00|0.96, company:0.96|0.85|0.90, address:0.99|0.85|0.91, date:1.00|0.52|0.69, total:0.99|0.36|0.52
epoch:192, loss: 0.0957923956491329, other:0.94|1.00|0.97, company:0.99|0.82|0.90, address:1.00|0.82|0.90, date:1.00|0.59|0.74, total:0.97|0.39|0.55
epoch:193, loss: 0.10894313565006962, other:0.93|1.00|0.97, company:0.96|0.87|0.92, address:0.99|0.86|0.92, date:1.00|0.53|0.70, total:0.98|0.37|0.53
epoch:194, loss: 0.10879466710267244, other:0.92|1.00|0.96, company:0.99|0.78|0.87, address:1.00|0.75|0.86, date:1.00|0.51|0.68, total:0.99|0.36|0.53
epoch:195, loss: 0.10260544330985458, other:0.93|1.00|0.96, company:1.00|0.76|0.86, address:0.99|0.80|0.89, date:1.00|0.57|0.72, total:0.99|0.37|0.54
epoch:196, loss: 0.10061882463870225, other:0.94|1.00|0.97, company:0.98|0.84|0.90, address:1.00|0.85|0.91, date:0.99|0.60|0.75, total:0.98|0.37|0.54
epoch:197, loss: 0.10285501458026745, other:0.94|1.00|0.97, company:0.98|0.84|0.90, address:0.99|0.85|0.91, date:1.00|0.54|0.70, total:0.98|0.40|0.57
epoch:198, loss: 0.097269708359683, other:0.93|1.00|0.97, company:0.99|0.83|0.90, address:1.00|0.86|0.92, date:1.00|0.55|0.71, total:0.98|0.37|0.53
epoch:199, loss: 0.09622985069398526, other:0.93|1.00|0.96, company:0.99|0.83|0.90, address:1.00|0.82|0.90, date:1.00|0.57|0.73, total:0.98|0.37|0.54
epoch:200, loss: 0.09477847124691363, other:0.94|1.00|0.97, company:0.99|0.85|0.91, address:1.00|0.83|0.91, date:1.00|0.57|0.72, total:0.98|0.39|0.56
epoch:201, loss: 0.08704783201769546, other:0.94|1.00|0.97, company:0.99|0.83|0.90, address:1.00|0.88|0.94, date:1.00|0.64|0.78, total:0.98|0.40|0.57
epoch:202, loss: 0.09592007486908524, other:0.93|1.00|0.96, company:0.99|0.86|0.92, address:1.00|0.83|0.91, date:1.00|0.54|0.70, total:0.99|0.37|0.54
epoch:203, loss: 0.09235880744678003, other:0.94|1.00|0.97, company:1.00|0.84|0.91, address:1.00|0.86|0.93, date:1.00|0.56|0.72, total:0.99|0.37|0.54
epoch:204, loss: 0.094558443736147, other:0.94|1.00|0.97, company:0.97|0.85|0.91, address:0.99|0.86|0.92, date:1.00|0.63|0.77, total:0.99|0.39|0.56
epoch:205, loss: 0.09120166867419525, other:0.94|1.00|0.97, company:0.99|0.84|0.91, address:1.00|0.86|0.92, date:1.00|0.57|0.73, total:0.99|0.37|0.54
epoch:206, loss: 0.08734485148279755, other:0.94|1.00|0.97, company:0.99|0.83|0.90, address:1.00|0.83|0.91, date:1.00|0.63|0.77, total:0.99|0.39|0.56
epoch:207, loss: 0.08954016836705031, other:0.94|1.00|0.97, company:0.99|0.85|0.91, address:1.00|0.85|0.92, date:1.00|0.58|0.74, total:0.99|0.38|0.55
epoch:208, loss: 0.09379577967855665, other:0.93|1.00|0.96, company:1.00|0.82|0.90, address:0.99|0.88|0.93, date:1.00|0.53|0.69, total:0.99|0.36|0.53
epoch:209, loss: 0.09183599813668816, other:0.94|1.00|0.97, company:0.99|0.85|0.92, address:1.00|0.86|0.92, date:1.00|0.64|0.78, total:0.99|0.35|0.52
epoch:210, loss: 0.08908531938989957, other:0.94|1.00|0.97, company:0.99|0.83|0.90, address:1.00|0.83|0.91, date:1.00|0.62|0.76, total:0.99|0.39|0.56
epoch:211, loss: 0.08762458504901992, other:0.94|1.00|0.97, company:0.99|0.85|0.92, address:1.00|0.88|0.93, date:1.00|0.57|0.73, total:0.99|0.40|0.57
epoch:212, loss: 0.09261710169138732, other:0.94|1.00|0.97, company:0.99|0.87|0.92, address:0.99|0.89|0.94, date:1.00|0.63|0.77, total:0.99|0.36|0.53
epoch:213, loss: 0.10859830208398678, other:0.92|1.00|0.96, company:0.99|0.84|0.91, address:1.00|0.85|0.92, date:1.00|0.53|0.69, total:0.99|0.31|0.48
epoch:214, loss: 0.09855859340341003, other:0.93|1.00|0.96, company:1.00|0.80|0.88, address:1.00|0.80|0.89, date:1.00|0.53|0.70, total:0.99|0.37|0.54
epoch:215, loss: 0.08858713797397083, other:0.94|1.00|0.97, company:1.00|0.84|0.91, address:1.00|0.86|0.93, date:1.00|0.57|0.72, total:0.99|0.39|0.56
epoch:216, loss: 0.09482353484189068, other:0.93|1.00|0.97, company:0.99|0.86|0.92, address:1.00|0.85|0.91, date:1.00|0.54|0.70, total:1.00|0.38|0.55
epoch:217, loss: 0.08810780569911003, other:0.94|1.00|0.97, company:0.99|0.86|0.92, address:1.00|0.87|0.93, date:1.00|0.63|0.77, total:0.99|0.36|0.53
epoch:218, loss: 0.08682012530388655, other:0.94|1.00|0.97, company:1.00|0.84|0.91, address:1.00|0.84|0.91, date:1.00|0.63|0.77, total:0.99|0.39|0.55
epoch:219, loss: 0.08961737942364481, other:0.94|1.00|0.97, company:0.98|0.86|0.92, address:1.00|0.87|0.93, date:1.00|0.60|0.75, total:0.98|0.42|0.59
epoch:220, loss: 0.08753865294986302, other:0.94|1.00|0.97, company:1.00|0.76|0.86, address:1.00|0.84|0.91, date:1.00|0.60|0.75, total:0.99|0.40|0.57
epoch:221, loss: 0.08409535733086092, other:0.94|1.00|0.97, company:0.99|0.86|0.92, address:1.00|0.86|0.92, date:1.00|0.62|0.77, total:0.99|0.41|0.58
epoch:222, loss: 0.08331552989504955, other:0.94|1.00|0.97, company:0.99|0.86|0.92, address:1.00|0.88|0.93, date:1.00|0.64|0.78, total:0.99|0.39|0.56
epoch:223, loss: 0.08793020055249885, other:0.94|1.00|0.97, company:0.99|0.86|0.92, address:0.99|0.89|0.94, date:1.00|0.58|0.74, total:0.99|0.39|0.56
epoch:224, loss: 0.0820647069701442, other:0.95|1.00|0.97, company:1.00|0.84|0.91, address:1.00|0.87|0.93, date:1.00|0.60|0.75, total:0.98|0.43|0.60
epoch:225, loss: 0.0836219475777061, other:0.94|1.00|0.97, company:0.99|0.84|0.91, address:1.00|0.86|0.92, date:1.00|0.62|0.76, total:0.98|0.40|0.57
epoch:226, loss: 0.08739836789943554, other:0.94|1.00|0.97, company:1.00|0.83|0.90, address:1.00|0.86|0.93, date:1.00|0.55|0.71, total:0.99|0.38|0.55
epoch:227, loss: 0.09268031490069849, other:0.93|1.00|0.96, company:0.99|0.80|0.88, address:1.00|0.87|0.93, date:1.00|0.54|0.70, total:0.99|0.37|0.54
epoch:228, loss: 0.09555145849784215, other:0.93|1.00|0.96, company:0.99|0.82|0.90, address:1.00|0.79|0.88, date:1.00|0.58|0.73, total:0.99|0.38|0.54
epoch:229, loss: 0.0885822610170753, other:0.94|1.00|0.97, company:0.99|0.83|0.91, address:1.00|0.87|0.93, date:1.00|0.54|0.71, total:0.99|0.40|0.57
epoch:230, loss: 0.08497321674669231, other:0.94|1.00|0.97, company:1.00|0.84|0.91, address:1.00|0.89|0.94, date:1.00|0.63|0.77, total:0.98|0.39|0.56
epoch:231, loss: 0.08785930827811912, other:0.94|1.00|0.97, company:1.00|0.85|0.92, address:1.00|0.84|0.91, date:1.00|0.55|0.71, total:0.99|0.40|0.57
epoch:232, loss: 0.09082631214901253, other:0.94|1.00|0.97, company:0.99|0.82|0.89, address:1.00|0.82|0.90, date:1.00|0.57|0.73, total:0.99|0.41|0.58
epoch:233, loss: 0.09424448647984753, other:0.94|1.00|0.97, company:0.99|0.81|0.89, address:1.00|0.80|0.89, date:1.00|0.57|0.72, total:0.99|0.41|0.58
epoch:234, loss: 0.09244836039013332, other:0.94|1.00|0.97, company:0.99|0.85|0.91, address:1.00|0.87|0.93, date:1.00|0.53|0.69, total:0.99|0.39|0.56
epoch:235, loss: 0.08527390976194982, other:0.95|1.00|0.97, company:0.99|0.84|0.91, address:1.00|0.87|0.93, date:1.00|0.59|0.74, total:0.99|0.44|0.60
epoch:236, loss: 0.08715043244538484, other:0.94|1.00|0.97, company:1.00|0.84|0.91, address:1.00|0.87|0.93, date:1.00|0.59|0.74, total:0.99|0.40|0.56
epoch:237, loss: 0.0927011768023173, other:0.94|1.00|0.97, company:0.98|0.85|0.91, address:1.00|0.87|0.93, date:1.00|0.59|0.74, total:1.00|0.36|0.53
epoch:238, loss: 0.08798915202970858, other:0.95|1.00|0.97, company:0.98|0.84|0.90, address:0.99|0.88|0.93, date:1.00|0.62|0.76, total:0.99|0.41|0.58
epoch:239, loss: 0.08127164399182354, other:0.95|1.00|0.97, company:0.99|0.85|0.91, address:1.00|0.87|0.93, date:1.00|0.61|0.76, total:0.99|0.42|0.59
epoch:240, loss: 0.08541319395105045, other:0.94|1.00|0.97, company:0.99|0.85|0.91, address:1.00|0.87|0.93, date:1.00|0.61|0.76, total:0.99|0.39|0.56
epoch:241, loss: 0.08924737600264726, other:0.94|1.00|0.97, company:0.98|0.85|0.91, address:0.99|0.88|0.93, date:1.00|0.62|0.76, total:0.99|0.39|0.56
epoch:242, loss: 0.08441450791778388, other:0.95|1.00|0.97, company:1.00|0.85|0.92, address:0.99|0.90|0.94, date:1.00|0.60|0.75, total:0.98|0.41|0.58
epoch:243, loss: 0.0848075820615998, other:0.94|1.00|0.97, company:1.00|0.84|0.91, address:1.00|0.87|0.93, date:1.00|0.62|0.76, total:0.98|0.39|0.56
epoch:244, loss: 0.08126590525110562, other:0.94|1.00|0.97, company:1.00|0.83|0.91, address:1.00|0.86|0.92, date:1.00|0.60|0.75, total:0.99|0.40|0.57
epoch:245, loss: 0.07763793333261101, other:0.95|1.00|0.97, company:1.00|0.84|0.91, address:1.00|0.90|0.95, date:1.00|0.61|0.76, total:0.99|0.43|0.60
epoch:246, loss: 0.07916747585490898, other:0.95|1.00|0.97, company:1.00|0.83|0.91, address:1.00|0.88|0.93, date:1.00|0.60|0.75, total:0.98|0.43|0.60
epoch:247, loss: 0.07929352339771059, other:0.95|1.00|0.97, company:1.00|0.86|0.93, address:1.00|0.89|0.94, date:1.00|0.59|0.75, total:0.99|0.43|0.60
epoch:248, loss: 0.07857445158340313, other:0.95|1.00|0.97, company:1.00|0.86|0.92, address:1.00|0.88|0.94, date:1.00|0.64|0.78, total:0.99|0.42|0.59
epoch:249, loss: 0.0797238043612904, other:0.95|1.00|0.97, company:0.98|0.87|0.92, address:1.00|0.87|0.93, date:1.00|0.63|0.77, total:0.99|0.41|0.58
epoch:250, loss: 0.08355234949677079, other:0.94|1.00|0.97, company:0.99|0.87|0.92, address:1.00|0.89|0.94, date:1.00|0.60|0.75, total:0.99|0.40|0.57
epoch:251, loss: 0.08456785121449718, other:0.94|1.00|0.97, company:0.98|0.86|0.92, address:1.00|0.88|0.94, date:1.00|0.62|0.76, total:0.99|0.39|0.56
epoch:252, loss: 0.07911277079471836, other:0.95|1.00|0.97, company:0.99|0.84|0.91, address:1.00|0.84|0.91, date:1.00|0.63|0.77, total:0.99|0.44|0.61
epoch:253, loss: 0.07980233513646656, other:0.95|1.00|0.97, company:0.99|0.86|0.92, address:1.00|0.86|0.93, date:1.00|0.63|0.77, total:0.99|0.45|0.62
epoch:254, loss: 0.08332790337778904, other:0.94|1.00|0.97, company:0.99|0.84|0.91, address:1.00|0.87|0.93, date:1.00|0.59|0.74, total:0.99|0.39|0.56
epoch:255, loss: 0.07183694342772166, other:0.95|1.00|0.98, company:1.00|0.85|0.92, address:1.00|0.87|0.93, date:1.00|0.68|0.81, total:0.99|0.46|0.63
epoch:256, loss: 0.07638622958351064, other:0.95|1.00|0.97, company:1.00|0.83|0.90, address:1.00|0.90|0.95, date:1.00|0.64|0.78, total:0.99|0.43|0.60
epoch:257, loss: 0.08003515281059125, other:0.94|1.00|0.97, company:1.00|0.86|0.93, address:1.00|0.88|0.93, date:1.00|0.62|0.77, total:0.99|0.39|0.56
epoch:258, loss: 0.08081756145865829, other:0.94|1.00|0.97, company:1.00|0.84|0.91, address:1.00|0.87|0.93, date:1.00|0.62|0.76, total:0.99|0.40|0.57
epoch:259, loss: 0.07768416970416352, other:0.95|1.00|0.97, company:0.99|0.86|0.92, address:1.00|0.87|0.93, date:1.00|0.60|0.75, total:0.99|0.44|0.61
epoch:260, loss: 0.07760345922024162, other:0.95|1.00|0.97, company:1.00|0.85|0.92, address:1.00|0.88|0.94, date:1.00|0.62|0.77, total:0.99|0.43|0.60
epoch:261, loss: 0.07324009540456312, other:0.95|1.00|0.97, company:1.00|0.84|0.91, address:1.00|0.86|0.92, date:1.00|0.64|0.78, total:0.99|0.46|0.62
epoch:262, loss: 0.07419522037660634, other:0.95|1.00|0.97, company:1.00|0.85|0.92, address:1.00|0.87|0.93, date:1.00|0.64|0.78, total:0.99|0.41|0.58
epoch:263, loss: 0.08011651232286736, other:0.94|1.00|0.97, company:1.00|0.86|0.92, address:1.00|0.90|0.95, date:1.00|0.62|0.76, total:1.00|0.37|0.54
epoch:264, loss: 0.08451415943326773, other:0.95|1.00|0.97, company:0.99|0.84|0.91, address:1.00|0.89|0.94, date:1.00|0.58|0.74, total:0.99|0.43|0.60
epoch:265, loss: 0.0772714352718106, other:0.95|1.00|0.97, company:0.99|0.86|0.92, address:1.00|0.89|0.94, date:1.00|0.60|0.75, total:0.99|0.45|0.62
epoch:266, loss: 0.08008828910964506, other:0.94|1.00|0.97, company:0.99|0.86|0.92, address:1.00|0.87|0.93, date:1.00|0.57|0.73, total:1.00|0.43|0.60
epoch:267, loss: 0.08195326449694457, other:0.94|1.00|0.97, company:1.00|0.83|0.91, address:1.00|0.82|0.90, date:1.00|0.56|0.72, total:0.99|0.45|0.62
epoch:268, loss: 0.08316943477149363, other:0.94|1.00|0.97, company:1.00|0.84|0.91, address:1.00|0.89|0.94, date:1.00|0.56|0.72, total:0.99|0.41|0.58
epoch:269, loss: 0.0782921071405764, other:0.94|1.00|0.97, company:1.00|0.84|0.91, address:1.00|0.87|0.93, date:1.00|0.61|0.75, total:0.99|0.40|0.57
epoch:270, loss: 0.07377752261581244, other:0.95|1.00|0.98, company:0.99|0.86|0.92, address:1.00|0.88|0.94, date:1.00|0.67|0.80, total:0.99|0.45|0.62
epoch:271, loss: 0.0868505881064468, other:0.94|1.00|0.97, company:0.97|0.87|0.92, address:1.00|0.86|0.92, date:1.00|0.65|0.79, total:1.00|0.39|0.56
epoch:272, loss: 0.08064052807512107, other:0.94|1.00|0.97, company:1.00|0.81|0.89, address:1.00|0.86|0.93, date:1.00|0.61|0.76, total:1.00|0.39|0.56
epoch:273, loss: 0.08289888239017239, other:0.95|1.00|0.97, company:0.99|0.87|0.93, address:0.99|0.87|0.93, date:1.00|0.65|0.79, total:0.99|0.42|0.59
epoch:274, loss: 0.07948312963600512, other:0.95|1.00|0.97, company:0.99|0.87|0.93, address:1.00|0.87|0.93, date:1.00|0.60|0.75, total:0.99|0.45|0.62
epoch:275, loss: 0.07653436340667584, other:0.95|1.00|0.97, company:1.00|0.86|0.92, address:1.00|0.84|0.91, date:1.00|0.61|0.76, total:0.99|0.46|0.63
epoch:276, loss: 0.07310729804966185, other:0.95|1.00|0.97, company:1.00|0.83|0.91, address:1.00|0.89|0.94, date:1.00|0.63|0.77, total:0.99|0.46|0.62
epoch:277, loss: 0.07247194606396887, other:0.95|1.00|0.98, company:1.00|0.87|0.93, address:1.00|0.90|0.95, date:1.00|0.63|0.77, total:0.99|0.45|0.62
epoch:278, loss: 0.07153786580871653, other:0.95|1.00|0.97, company:1.00|0.83|0.91, address:1.00|0.88|0.94, date:1.00|0.64|0.78, total:1.00|0.44|0.61
epoch:279, loss: 0.07017352376823072, other:0.95|1.00|0.98, company:1.00|0.86|0.92, address:1.00|0.90|0.95, date:1.00|0.64|0.78, total:0.99|0.44|0.61
epoch:280, loss: 0.07800634522680883, other:0.94|1.00|0.97, company:0.99|0.86|0.92, address:1.00|0.86|0.93, date:1.00|0.59|0.75, total:1.00|0.41|0.58
epoch:281, loss: 0.07720684618861587, other:0.95|1.00|0.97, company:0.98|0.87|0.92, address:1.00|0.89|0.94, date:1.00|0.68|0.81, total:0.99|0.41|0.58
epoch:282, loss: 0.07543935847503168, other:0.95|1.00|0.97, company:0.99|0.87|0.93, address:1.00|0.88|0.94, date:1.00|0.65|0.78, total:1.00|0.39|0.56
epoch:283, loss: 0.06796228016416232, other:0.95|1.00|0.98, company:1.00|0.85|0.92, address:1.00|0.88|0.94, date:1.00|0.63|0.78, total:0.99|0.48|0.65
epoch:284, loss: 0.07465719969736205, other:0.95|1.00|0.98, company:0.98|0.88|0.93, address:1.00|0.88|0.94, date:1.00|0.65|0.79, total:0.99|0.46|0.63
epoch:285, loss: 0.067945362655101, other:0.95|1.00|0.98, company:1.00|0.86|0.92, address:1.00|0.89|0.94, date:1.00|0.65|0.79, total:0.99|0.45|0.62
epoch:286, loss: 0.07172465020859684, other:0.95|1.00|0.97, company:1.00|0.85|0.92, address:1.00|0.89|0.94, date:1.00|0.60|0.75, total:1.00|0.42|0.59
epoch:287, loss: 0.07684038206934929, other:0.95|1.00|0.97, company:0.99|0.88|0.93, address:0.99|0.90|0.94, date:1.00|0.63|0.77, total:1.00|0.41|0.58
epoch:288, loss: 0.07539791393059271, other:0.95|1.00|0.97, company:1.00|0.87|0.93, address:1.00|0.90|0.95, date:1.00|0.65|0.79, total:0.98|0.43|0.60
epoch:289, loss: 0.07582508455272075, other:0.95|1.00|0.97, company:1.00|0.85|0.92, address:1.00|0.91|0.95, date:1.00|0.59|0.74, total:0.98|0.44|0.61
epoch:290, loss: 0.06582322564941866, other:0.95|1.00|0.98, company:1.00|0.84|0.91, address:1.00|0.91|0.95, date:1.00|0.68|0.81, total:0.99|0.45|0.62
epoch:291, loss: 0.06714778214141175, other:0.96|1.00|0.98, company:0.99|0.89|0.94, address:1.00|0.90|0.94, date:1.00|0.69|0.82, total:0.99|0.46|0.63
epoch:292, loss: 0.06901881940386913, other:0.95|1.00|0.98, company:1.00|0.83|0.91, address:1.00|0.90|0.95, date:1.00|0.64|0.78, total:0.99|0.46|0.62
epoch:293, loss: 0.0694294265574879, other:0.95|1.00|0.97, company:1.00|0.85|0.92, address:1.00|0.90|0.95, date:1.00|0.60|0.75, total:1.00|0.45|0.62
epoch:294, loss: 0.06584982063483309, other:0.95|1.00|0.98, company:1.00|0.87|0.93, address:1.00|0.91|0.95, date:1.00|0.63|0.78, total:0.99|0.46|0.63
epoch:295, loss: 0.06459330022335052, other:0.95|1.00|0.98, company:1.00|0.86|0.92, address:1.00|0.91|0.95, date:1.00|0.66|0.80, total:1.00|0.45|0.62
epoch:296, loss: 0.05955156325190156, other:0.96|1.00|0.98, company:1.00|0.88|0.94, address:1.00|0.91|0.95, date:1.00|0.71|0.83, total:0.99|0.47|0.64
epoch:297, loss: 0.06653191107842657, other:0.95|1.00|0.97, company:1.00|0.86|0.92, address:1.00|0.91|0.95, date:1.00|0.66|0.79, total:1.00|0.42|0.59
epoch:298, loss: 0.06495369598269463, other:0.96|1.00|0.98, company:1.00|0.87|0.93, address:1.00|0.91|0.95, date:1.00|0.65|0.79, total:0.98|0.49|0.65
epoch:299, loss: 0.06542484752006, other:0.95|1.00|0.98, company:1.00|0.87|0.93, address:1.00|0.92|0.96, date:1.00|0.68|0.81, total:1.00|0.43|0.60
