epoch:0, loss: 1.4030033261687667, other:0.96|0.91|0.93, company:0.01|0.06|0.01, address:0.23|0.20|0.21, date:0.00|0.00|0.00, total:0.00|0.00|0.00
epoch:1, loss: 1.1127485434214275, other:0.99|0.92|0.95, company:0.01|0.67|0.03, address:0.33|0.42|0.37, date:0.00|0.00|0.00, total:0.00|0.17|0.00
epoch:2, loss: 0.7805366494037487, other:0.93|0.96|0.94, company:0.25|0.58|0.35, address:0.84|0.41|0.55, date:0.01|0.44|0.01, total:0.17|0.16|0.17
epoch:3, loss: 0.6784731436658789, other:0.86|0.97|0.91, company:0.57|0.56|0.56, address:0.90|0.35|0.50, date:0.07|0.30|0.11, total:0.41|0.15|0.22
epoch:4, loss: 0.6089742845959134, other:0.88|0.97|0.92, company:0.46|0.65|0.54, address:0.90|0.44|0.59, date:0.14|0.21|0.17, total:0.51|0.15|0.23
epoch:5, loss: 0.5665979120466444, other:0.84|0.98|0.90, company:0.63|0.68|0.65, address:0.93|0.40|0.56, date:0.35|0.27|0.30, total:0.61|0.16|0.25
epoch:6, loss: 0.5333764321274228, other:0.85|0.98|0.91, company:0.76|0.68|0.71, address:0.93|0.43|0.59, date:0.32|0.31|0.31, total:0.65|0.17|0.27
epoch:7, loss: 0.5094501033977226, other:0.85|0.98|0.91, company:0.55|0.74|0.63, address:0.95|0.44|0.60, date:0.39|0.29|0.33, total:0.66|0.17|0.27
epoch:8, loss: 0.4952750857229586, other:0.85|0.98|0.91, company:0.46|0.74|0.57, address:0.96|0.43|0.60, date:0.41|0.31|0.35, total:0.73|0.18|0.28
epoch:9, loss: 0.4671805092581996, other:0.86|0.98|0.92, company:0.67|0.76|0.72, address:0.93|0.47|0.62, date:0.51|0.28|0.36, total:0.69|0.20|0.32
epoch:10, loss: 0.4474527703391181, other:0.86|0.98|0.91, company:0.73|0.75|0.74, address:0.95|0.46|0.62, date:0.48|0.31|0.37, total:0.73|0.20|0.32
epoch:11, loss: 0.4558933244811164, other:0.86|0.98|0.92, company:0.48|0.74|0.58, address:0.96|0.45|0.61, date:0.54|0.30|0.39, total:0.76|0.22|0.35
epoch:12, loss: 0.4264388934329704, other:0.87|0.98|0.92, company:0.65|0.77|0.70, address:0.95|0.48|0.64, date:0.53|0.32|0.40, total:0.73|0.24|0.36
epoch:13, loss: 0.4042753113640679, other:0.84|0.99|0.91, company:0.80|0.77|0.78, address:0.96|0.48|0.64, date:0.64|0.30|0.41, total:0.82|0.20|0.32
epoch:14, loss: 0.39587988676848235, other:0.84|0.99|0.91, company:0.78|0.78|0.78, address:0.97|0.47|0.64, date:0.65|0.29|0.40, total:0.84|0.20|0.33
epoch:15, loss: 0.3760113098003246, other:0.86|0.99|0.92, company:0.80|0.78|0.79, address:0.96|0.50|0.66, date:0.62|0.33|0.43, total:0.79|0.23|0.35
epoch:16, loss: 0.37109795212745667, other:0.86|0.99|0.92, company:0.78|0.76|0.77, address:0.98|0.48|0.65, date:0.67|0.32|0.43, total:0.79|0.23|0.36
epoch:17, loss: 0.3586940191410206, other:0.85|0.99|0.91, company:0.84|0.78|0.81, address:0.97|0.48|0.64, date:0.68|0.35|0.46, total:0.82|0.22|0.35
epoch:18, loss: 0.35298590969156335, other:0.86|0.99|0.92, company:0.82|0.81|0.81, address:0.96|0.51|0.67, date:0.72|0.31|0.43, total:0.79|0.24|0.37
epoch:19, loss: 0.39198726415634155, other:0.85|0.99|0.91, company:0.57|0.81|0.67, address:0.96|0.52|0.67, date:0.78|0.27|0.40, total:0.87|0.21|0.34
epoch:20, loss: 0.34666506559760485, other:0.82|0.99|0.90, company:0.83|0.80|0.81, address:0.98|0.51|0.67, date:0.78|0.29|0.42, total:0.92|0.18|0.30
epoch:21, loss: 0.3304713412567421, other:0.85|0.99|0.91, company:0.83|0.81|0.82, address:0.98|0.50|0.66, date:0.78|0.31|0.45, total:0.84|0.23|0.36
epoch:22, loss: 0.3262849830918842, other:0.85|0.99|0.92, company:0.82|0.81|0.81, address:0.97|0.53|0.69, date:0.73|0.34|0.46, total:0.88|0.21|0.34
epoch:23, loss: 0.3539996952922256, other:0.84|0.99|0.91, company:0.66|0.80|0.73, address:0.98|0.52|0.68, date:0.82|0.29|0.43, total:0.90|0.20|0.33
epoch:24, loss: 0.2979982484270025, other:0.86|0.99|0.92, company:0.89|0.79|0.84, address:0.97|0.55|0.70, date:0.76|0.35|0.48, total:0.89|0.22|0.35
epoch:25, loss: 0.30330630198672964, other:0.84|0.99|0.91, company:0.90|0.78|0.84, address:0.99|0.50|0.66, date:0.78|0.36|0.49, total:0.91|0.21|0.34
epoch:26, loss: 0.3021626963659569, other:0.82|0.99|0.90, company:0.87|0.81|0.84, address:0.99|0.52|0.68, date:0.85|0.32|0.46, total:0.94|0.19|0.32
epoch:27, loss: 0.30176071049990477, other:0.84|0.99|0.91, company:0.84|0.80|0.82, address:0.98|0.52|0.68, date:0.76|0.38|0.50, total:0.93|0.20|0.33
epoch:28, loss: 0.2886083164700755, other:0.84|0.99|0.91, company:0.88|0.79|0.83, address:0.99|0.54|0.70, date:0.85|0.31|0.45, total:0.92|0.21|0.35
epoch:29, loss: 0.28118925182907667, other:0.87|0.99|0.92, company:0.82|0.82|0.82, address:0.98|0.55|0.71, date:0.81|0.36|0.50, total:0.87|0.24|0.38
epoch:30, loss: 0.2813687120322828, other:0.86|0.99|0.92, company:0.86|0.83|0.85, address:0.97|0.59|0.74, date:0.83|0.33|0.47, total:0.88|0.23|0.36
epoch:31, loss: 0.28383360692748316, other:0.84|0.99|0.91, company:0.94|0.73|0.82, address:0.95|0.53|0.68, date:0.86|0.33|0.48, total:0.93|0.21|0.34
epoch:32, loss: 0.2748193520086783, other:0.85|0.99|0.91, company:0.86|0.82|0.84, address:0.99|0.54|0.70, date:0.81|0.40|0.53, total:0.95|0.20|0.33
epoch:33, loss: 0.26996317009131116, other:0.85|0.99|0.92, company:0.95|0.71|0.81, address:0.96|0.53|0.68, date:0.87|0.36|0.51, total:0.90|0.23|0.37
epoch:34, loss: 0.27118750744395786, other:0.86|0.99|0.92, company:0.82|0.83|0.82, address:0.99|0.57|0.72, date:0.87|0.36|0.51, total:0.92|0.23|0.37
epoch:35, loss: 0.266660718454255, other:0.86|0.99|0.92, company:0.87|0.82|0.84, address:0.99|0.56|0.71, date:0.89|0.32|0.47, total:0.90|0.24|0.38
epoch:36, loss: 0.27732735761889704, other:0.88|0.99|0.93, company:0.77|0.82|0.80, address:0.99|0.59|0.74, date:0.88|0.38|0.53, total:0.89|0.25|0.40
epoch:37, loss: 0.24602159636991996, other:0.86|1.00|0.93, company:0.90|0.80|0.85, address:0.98|0.61|0.75, date:0.89|0.38|0.54, total:0.93|0.23|0.36
epoch:38, loss: 0.2581872404725463, other:0.87|0.99|0.93, company:0.86|0.82|0.84, address:0.97|0.63|0.76, date:0.84|0.44|0.57, total:0.94|0.21|0.35
epoch:39, loss: 0.25086156913527735, other:0.87|1.00|0.93, company:0.87|0.83|0.85, address:0.99|0.58|0.73, date:0.88|0.38|0.54, total:0.92|0.24|0.37
epoch:40, loss: 0.2639736947086122, other:0.88|0.99|0.93, company:0.81|0.83|0.82, address:0.98|0.61|0.75, date:0.92|0.34|0.50, total:0.88|0.27|0.41
epoch:41, loss: 0.24853048335622857, other:0.87|0.99|0.93, company:0.87|0.82|0.84, address:0.99|0.60|0.75, date:0.87|0.39|0.54, total:0.92|0.24|0.38
epoch:42, loss: 0.2359584305021498, other:0.88|0.99|0.93, company:0.90|0.82|0.86, address:0.98|0.63|0.77, date:0.86|0.44|0.58, total:0.92|0.24|0.38
epoch:43, loss: 0.23700726087446566, other:0.89|0.99|0.94, company:0.89|0.81|0.85, address:0.98|0.65|0.78, date:0.87|0.45|0.59, total:0.91|0.25|0.39
epoch:44, loss: 0.2327670747483218, other:0.86|1.00|0.92, company:0.93|0.79|0.86, address:0.99|0.58|0.73, date:0.89|0.44|0.59, total:0.95|0.22|0.36
epoch:45, loss: 0.2274550806593012, other:0.89|0.99|0.94, company:0.90|0.82|0.86, address:0.99|0.64|0.77, date:0.89|0.41|0.56, total:0.87|0.27|0.42
epoch:46, loss: 0.24760942878546538, other:0.86|1.00|0.92, company:0.89|0.83|0.86, address:0.99|0.54|0.70, date:0.90|0.36|0.52, total:0.94|0.24|0.38
epoch:47, loss: 0.22695734876173515, other:0.88|0.99|0.94, company:0.89|0.82|0.85, address:0.99|0.60|0.74, date:0.88|0.43|0.58, total:0.90|0.27|0.41
epoch:48, loss: 0.22079202091252362, other:0.88|1.00|0.93, company:0.91|0.80|0.85, address:0.99|0.60|0.75, date:0.91|0.42|0.57, total:0.93|0.27|0.41
epoch:49, loss: 0.22634200034318147, other:0.88|1.00|0.93, company:0.90|0.82|0.86, address:0.99|0.62|0.76, date:0.91|0.36|0.51, total:0.90|0.27|0.41
epoch:50, loss: 0.23981258659451096, other:0.90|0.99|0.94, company:0.83|0.84|0.84, address:0.96|0.68|0.80, date:0.90|0.45|0.60, total:0.91|0.27|0.41
epoch:51, loss: 0.21309083920937996, other:0.88|1.00|0.94, company:0.91|0.81|0.86, address:0.99|0.64|0.78, date:0.92|0.44|0.59, total:0.95|0.26|0.40
epoch:52, loss: 0.21032250313847153, other:0.88|1.00|0.94, company:0.92|0.81|0.86, address:0.99|0.65|0.78, date:0.92|0.42|0.58, total:0.94|0.26|0.40
epoch:53, loss: 0.2170458651251263, other:0.87|1.00|0.93, company:0.95|0.77|0.85, address:0.99|0.58|0.73, date:0.93|0.42|0.58, total:0.95|0.24|0.39
epoch:54, loss: 0.22432684346481604, other:0.90|0.99|0.94, company:0.86|0.84|0.85, address:0.98|0.65|0.78, date:0.90|0.43|0.59, total:0.90|0.29|0.44
epoch:55, loss: 0.23049233246732642, other:0.86|1.00|0.92, company:0.86|0.81|0.84, address:0.99|0.60|0.75, date:0.92|0.38|0.54, total:0.96|0.23|0.37
epoch:56, loss: 0.23109619595386363, other:0.85|1.00|0.92, company:0.92|0.79|0.85, address:0.99|0.59|0.74, date:0.94|0.33|0.49, total:0.95|0.24|0.38
epoch:57, loss: 0.22017979456318748, other:0.89|0.99|0.94, company:0.89|0.83|0.86, address:0.99|0.62|0.76, date:0.90|0.44|0.59, total:0.91|0.29|0.44
epoch:58, loss: 0.21287893365930627, other:0.89|1.00|0.94, company:0.88|0.84|0.86, address:0.99|0.63|0.77, date:0.92|0.44|0.60, total:0.93|0.26|0.41
epoch:59, loss: 0.2127707302570343, other:0.87|1.00|0.93, company:0.93|0.79|0.86, address:0.99|0.61|0.76, date:0.94|0.38|0.54, total:0.95|0.25|0.39
epoch:60, loss: 0.21082783186877216, other:0.88|1.00|0.94, company:0.90|0.81|0.85, address:0.99|0.61|0.75, date:0.92|0.46|0.61, total:0.94|0.26|0.41
epoch:61, loss: 0.2092435978077076, other:0.89|1.00|0.94, company:0.88|0.83|0.85, address:0.99|0.64|0.77, date:0.93|0.44|0.59, total:0.94|0.27|0.42
epoch:62, loss: 0.19859810228700991, other:0.88|1.00|0.93, company:0.96|0.74|0.83, address:0.98|0.67|0.80, date:0.94|0.44|0.60, total:0.95|0.24|0.39
epoch:63, loss: 0.21718366940816244, other:0.90|1.00|0.94, company:0.83|0.83|0.83, address:0.99|0.65|0.78, date:0.93|0.45|0.60, total:0.93|0.28|0.43
epoch:64, loss: 0.22206935286521912, other:0.90|1.00|0.95, company:0.80|0.83|0.81, address:0.98|0.67|0.80, date:0.93|0.46|0.62, total:0.94|0.28|0.43
epoch:65, loss: 0.20428008282626117, other:0.88|1.00|0.94, company:0.91|0.83|0.86, address:0.99|0.64|0.78, date:0.94|0.44|0.60, total:0.95|0.25|0.40
epoch:66, loss: 0.20166482528050741, other:0.88|1.00|0.94, company:0.96|0.74|0.83, address:0.99|0.58|0.73, date:0.92|0.48|0.63, total:0.92|0.28|0.43
epoch:67, loss: 0.1989221959202378, other:0.88|1.00|0.94, company:0.91|0.83|0.87, address:0.99|0.62|0.76, date:0.97|0.39|0.55, total:0.93|0.29|0.44
epoch:68, loss: 0.19174295001559788, other:0.89|1.00|0.94, company:0.93|0.81|0.87, address:0.99|0.63|0.77, date:0.94|0.46|0.62, total:0.95|0.26|0.41
epoch:69, loss: 0.19966547080764063, other:0.89|1.00|0.94, company:0.90|0.81|0.85, address:0.99|0.64|0.78, date:0.95|0.41|0.57, total:0.93|0.28|0.43
epoch:70, loss: 0.19620722201135424, other:0.88|1.00|0.94, company:0.92|0.79|0.85, address:0.99|0.64|0.78, date:0.95|0.43|0.59, total:0.95|0.26|0.41
epoch:71, loss: 0.19448700547218323, other:0.89|1.00|0.94, company:0.89|0.84|0.86, address:0.99|0.63|0.77, date:0.93|0.48|0.63, total:0.95|0.27|0.42
epoch:72, loss: 0.20060831805070242, other:0.89|1.00|0.94, company:0.90|0.83|0.86, address:1.00|0.59|0.74, date:0.93|0.47|0.63, total:0.93|0.28|0.43
epoch:73, loss: 0.18090572511708294, other:0.90|1.00|0.95, company:0.97|0.76|0.85, address:0.99|0.67|0.80, date:0.93|0.51|0.65, total:0.93|0.30|0.46
epoch:74, loss: 0.2083009238596316, other:0.90|1.00|0.94, company:0.82|0.84|0.83, address:0.98|0.68|0.81, date:0.94|0.47|0.63, total:0.96|0.27|0.42
epoch:75, loss: 0.2247326252637086, other:0.89|1.00|0.94, company:0.80|0.84|0.82, address:0.99|0.63|0.77, date:0.91|0.49|0.64, total:0.95|0.27|0.42
epoch:76, loss: 0.18820563841749122, other:0.90|1.00|0.94, company:0.89|0.84|0.86, address:0.99|0.69|0.81, date:0.95|0.46|0.62, total:0.94|0.27|0.42
epoch:77, loss: 0.19260319349942384, other:0.88|1.00|0.94, company:0.95|0.77|0.85, address:0.99|0.62|0.76, date:0.95|0.47|0.63, total:0.96|0.26|0.41
epoch:78, loss: 0.17798831782959126, other:0.90|1.00|0.95, company:0.94|0.80|0.87, address:0.99|0.68|0.81, date:0.93|0.50|0.65, total:0.95|0.28|0.44
epoch:79, loss: 0.1884402362284837, other:0.89|1.00|0.94, company:0.92|0.80|0.86, address:0.99|0.64|0.78, date:0.96|0.44|0.61, total:0.95|0.27|0.43
epoch:80, loss: 0.17690774770798506, other:0.89|1.00|0.94, company:0.95|0.81|0.87, address:0.99|0.69|0.82, date:0.97|0.40|0.57, total:0.94|0.29|0.45
epoch:81, loss: 0.17378231441533123, other:0.91|1.00|0.95, company:0.94|0.81|0.87, address:0.99|0.70|0.82, date:0.94|0.47|0.63, total:0.94|0.31|0.47
epoch:82, loss: 0.17969301563722115, other:0.90|1.00|0.95, company:0.91|0.84|0.87, address:0.99|0.72|0.83, date:0.96|0.46|0.62, total:0.95|0.28|0.43
epoch:83, loss: 0.18317025623939656, other:0.89|1.00|0.94, company:0.96|0.77|0.85, address:0.99|0.61|0.75, date:0.94|0.48|0.64, total:0.93|0.30|0.45
epoch:84, loss: 0.2077780509436572, other:0.91|1.00|0.95, company:0.80|0.84|0.82, address:0.99|0.69|0.81, date:0.96|0.48|0.64, total:0.94|0.30|0.45
epoch:85, loss: 0.1802225419216686, other:0.89|1.00|0.94, company:0.91|0.83|0.87, address:1.00|0.67|0.80, date:0.97|0.43|0.60, total:0.95|0.28|0.43
epoch:86, loss: 0.168454856508308, other:0.90|1.00|0.95, company:0.94|0.83|0.88, address:1.00|0.64|0.78, date:0.94|0.51|0.66, total:0.95|0.30|0.45
epoch:87, loss: 0.1638817083504465, other:0.90|1.00|0.95, company:0.94|0.79|0.86, address:0.99|0.69|0.81, date:0.97|0.49|0.65, total:0.95|0.30|0.45
epoch:88, loss: 0.1709465867391339, other:0.90|1.00|0.95, company:0.91|0.83|0.87, address:0.99|0.68|0.81, date:0.97|0.47|0.63, total:0.96|0.29|0.44
epoch:89, loss: 0.17476949288889213, other:0.89|1.00|0.94, company:0.95|0.82|0.88, address:0.99|0.71|0.83, date:0.99|0.39|0.56, total:0.96|0.27|0.42
epoch:90, loss: 0.16524928780617537, other:0.90|1.00|0.95, company:0.96|0.81|0.88, address:1.00|0.66|0.80, date:0.96|0.48|0.64, total:0.95|0.30|0.46
epoch:91, loss: 0.17209481392745618, other:0.89|1.00|0.94, company:0.95|0.81|0.88, address:0.99|0.68|0.81, date:0.98|0.43|0.60, total:0.97|0.27|0.43
epoch:92, loss: 0.15894844438190814, other:0.90|1.00|0.95, company:0.94|0.83|0.88, address:0.99|0.69|0.81, date:0.96|0.50|0.66, total:0.96|0.30|0.45
epoch:93, loss: 0.15954983675921405, other:0.91|1.00|0.95, company:0.95|0.81|0.87, address:1.00|0.71|0.83, date:0.96|0.50|0.66, total:0.95|0.31|0.46
epoch:94, loss: 0.163987650639481, other:0.90|1.00|0.94, company:0.96|0.81|0.88, address:0.99|0.68|0.81, date:0.98|0.47|0.63, total:0.96|0.29|0.44
epoch:95, loss: 0.1740259340515843, other:0.90|1.00|0.95, company:0.90|0.81|0.85, address:1.00|0.64|0.78, date:0.95|0.52|0.67, total:0.96|0.29|0.45
epoch:96, loss: 0.17461641050047344, other:0.91|1.00|0.95, company:0.85|0.84|0.85, address:1.00|0.66|0.80, date:0.96|0.53|0.68, total:0.96|0.30|0.46
epoch:97, loss: 0.16331401964028677, other:0.90|1.00|0.95, company:0.94|0.82|0.87, address:1.00|0.71|0.83, date:0.97|0.48|0.64, total:0.97|0.28|0.44
epoch:98, loss: 0.1718394825303996, other:0.89|1.00|0.94, company:0.93|0.83|0.88, address:1.00|0.64|0.78, date:0.98|0.46|0.62, total:0.96|0.29|0.44
epoch:99, loss: 0.17067736470037037, other:0.91|1.00|0.95, company:0.88|0.84|0.86, address:0.99|0.71|0.83, date:0.97|0.52|0.68, total:0.94|0.32|0.48
epoch:100, loss: 0.17229229239401994, other:0.91|1.00|0.95, company:0.87|0.82|0.84, address:0.99|0.69|0.82, date:0.98|0.50|0.66, total:0.96|0.31|0.46
epoch:101, loss: 0.15880914170432975, other:0.90|1.00|0.95, company:0.94|0.84|0.89, address:1.00|0.67|0.80, date:0.97|0.49|0.65, total:0.96|0.31|0.46
epoch:102, loss: 0.1544364207872638, other:0.91|1.00|0.95, company:0.96|0.79|0.87, address:1.00|0.69|0.82, date:0.98|0.47|0.64, total:0.94|0.35|0.51
epoch:103, loss: 0.1748967151399012, other:0.88|1.00|0.93, company:0.95|0.82|0.88, address:1.00|0.66|0.80, date:0.99|0.38|0.55, total:0.97|0.27|0.42
epoch:104, loss: 0.15666485439848016, other:0.90|1.00|0.95, company:0.96|0.82|0.88, address:1.00|0.71|0.83, date:0.98|0.46|0.62, total:0.96|0.30|0.45
epoch:105, loss: 0.15402249329619938, other:0.91|1.00|0.95, company:0.94|0.82|0.88, address:0.99|0.74|0.85, date:0.98|0.48|0.65, total:0.96|0.31|0.47
epoch:106, loss: 0.16682256427076128, other:0.90|1.00|0.95, company:0.91|0.85|0.88, address:0.99|0.71|0.83, date:0.99|0.44|0.61, total:0.97|0.29|0.45
epoch:107, loss: 0.15930151580660432, other:0.90|1.00|0.95, company:0.93|0.82|0.87, address:1.00|0.68|0.81, date:0.97|0.50|0.66, total:0.96|0.29|0.45
epoch:108, loss: 0.15373561338142114, other:0.90|1.00|0.95, company:0.98|0.79|0.87, address:0.99|0.73|0.84, date:0.98|0.46|0.63, total:0.97|0.29|0.45
epoch:109, loss: 0.14381397211993183, other:0.91|1.00|0.95, company:0.97|0.81|0.88, address:0.99|0.74|0.85, date:0.98|0.52|0.68, total:0.96|0.33|0.49
epoch:110, loss: 0.14790433507274697, other:0.92|1.00|0.96, company:0.93|0.83|0.88, address:0.99|0.74|0.85, date:0.98|0.55|0.70, total:0.95|0.34|0.50
epoch:111, loss: 0.143371709243015, other:0.91|1.00|0.95, company:0.96|0.81|0.88, address:0.99|0.72|0.84, date:0.98|0.51|0.67, total:0.95|0.34|0.50
epoch:112, loss: 0.14591798876170758, other:0.92|1.00|0.96, company:0.93|0.84|0.88, address:0.99|0.76|0.86, date:0.98|0.53|0.69, total:0.96|0.32|0.48
epoch:113, loss: 0.1444904892532914, other:0.91|1.00|0.95, company:0.96|0.82|0.88, address:0.99|0.79|0.88, date:0.99|0.48|0.65, total:0.97|0.30|0.46
epoch:114, loss: 0.13540745581741687, other:0.92|1.00|0.96, company:0.97|0.82|0.89, address:1.00|0.74|0.85, date:0.99|0.53|0.69, total:0.96|0.34|0.50
epoch:115, loss: 0.14311380298049362, other:0.91|1.00|0.95, company:0.97|0.80|0.88, address:0.99|0.75|0.85, date:0.99|0.46|0.63, total:0.97|0.31|0.47
epoch:116, loss: 0.14427871615798385, other:0.91|1.00|0.95, company:0.95|0.81|0.88, address:1.00|0.69|0.82, date:0.98|0.52|0.68, total:0.96|0.33|0.49
epoch:117, loss: 0.1462809556612262, other:0.92|1.00|0.95, company:0.93|0.85|0.89, address:0.99|0.73|0.84, date:0.97|0.52|0.68, total:0.96|0.32|0.48
epoch:118, loss: 0.1438068581951989, other:0.91|1.00|0.95, company:0.95|0.81|0.88, address:1.00|0.69|0.82, date:0.99|0.50|0.66, total:0.96|0.33|0.49
epoch:119, loss: 0.15819847694149725, other:0.90|1.00|0.95, company:0.89|0.84|0.86, address:1.00|0.69|0.82, date:0.99|0.47|0.64, total:0.98|0.30|0.46
epoch:120, loss: 0.14451512694358826, other:0.91|1.00|0.95, company:0.95|0.83|0.89, address:1.00|0.73|0.84, date:0.99|0.44|0.61, total:0.96|0.33|0.49
epoch:121, loss: 0.13268946994234015, other:0.92|1.00|0.96, company:0.96|0.83|0.89, address:1.00|0.73|0.84, date:0.97|0.57|0.72, total:0.97|0.33|0.49
epoch:122, loss: 0.13310104415372567, other:0.92|1.00|0.96, company:0.97|0.83|0.89, address:0.99|0.76|0.86, date:0.98|0.56|0.72, total:0.96|0.34|0.51
epoch:123, loss: 0.12989044879321698, other:0.92|1.00|0.96, company:0.97|0.83|0.89, address:0.99|0.77|0.87, date:0.98|0.56|0.71, total:0.95|0.35|0.51
epoch:124, loss: 0.1390195315082868, other:0.91|1.00|0.95, company:0.96|0.81|0.88, address:1.00|0.72|0.84, date:0.99|0.48|0.65, total:0.97|0.33|0.49
epoch:125, loss: 0.1314843448775786, other:0.92|1.00|0.96, company:0.96|0.84|0.89, address:1.00|0.74|0.85, date:0.99|0.54|0.70, total:0.97|0.33|0.49
epoch:126, loss: 0.14900706128941643, other:0.91|1.00|0.95, company:0.93|0.85|0.89, address:1.00|0.73|0.85, date:0.99|0.50|0.67, total:0.98|0.29|0.44
epoch:127, loss: 0.13394765555858612, other:0.91|1.00|0.95, company:0.98|0.81|0.89, address:1.00|0.71|0.83, date:0.99|0.52|0.68, total:0.97|0.33|0.49
epoch:128, loss: 0.14667702024733578, other:0.92|1.00|0.96, company:0.89|0.85|0.87, address:0.99|0.74|0.85, date:0.99|0.51|0.67, total:0.96|0.36|0.53
epoch:129, loss: 0.15894808647809205, other:0.90|1.00|0.94, company:0.94|0.84|0.89, address:1.00|0.73|0.85, date:0.99|0.37|0.54, total:0.97|0.31|0.47
epoch:130, loss: 0.1378914780086941, other:0.91|1.00|0.95, company:0.99|0.80|0.88, address:1.00|0.73|0.84, date:0.98|0.50|0.66, total:0.97|0.31|0.47
epoch:131, loss: 0.13603807268319307, other:0.91|1.00|0.95, company:0.99|0.80|0.88, address:0.99|0.76|0.86, date:0.99|0.47|0.64, total:0.97|0.33|0.49
epoch:132, loss: 0.13903400909017632, other:0.91|1.00|0.95, company:0.96|0.83|0.89, address:1.00|0.74|0.85, date:0.99|0.47|0.64, total:0.97|0.32|0.48
epoch:133, loss: 0.13465815948115456, other:0.92|1.00|0.96, company:0.94|0.84|0.88, address:0.99|0.78|0.88, date:0.99|0.53|0.69, total:0.97|0.32|0.48
epoch:134, loss: 0.125188611999706, other:0.93|1.00|0.96, company:0.97|0.84|0.90, address:1.00|0.79|0.88, date:0.99|0.57|0.72, total:0.97|0.35|0.51
epoch:135, loss: 0.12372738426482235, other:0.92|1.00|0.96, company:0.98|0.82|0.89, address:0.99|0.78|0.87, date:0.99|0.53|0.69, total:0.96|0.36|0.52
epoch:136, loss: 0.13274411774343914, other:0.91|1.00|0.95, company:0.98|0.80|0.88, address:0.99|0.71|0.83, date:0.99|0.50|0.67, total:0.97|0.32|0.49
epoch:137, loss: 0.12469709029904118, other:0.92|1.00|0.96, company:0.99|0.80|0.88, address:0.99|0.75|0.86, date:0.99|0.55|0.70, total:0.97|0.33|0.50
epoch:138, loss: 0.1563365142102595, other:0.91|1.00|0.95, company:0.87|0.85|0.86, address:1.00|0.71|0.83, date:0.99|0.54|0.70, total:0.98|0.31|0.48
epoch:139, loss: 0.1358539989149129, other:0.91|1.00|0.95, company:0.95|0.82|0.88, address:1.00|0.70|0.82, date:0.99|0.52|0.68, total:0.97|0.33|0.50
epoch:140, loss: 0.13230042187152086, other:0.92|1.00|0.96, company:0.96|0.84|0.90, address:1.00|0.76|0.86, date:0.99|0.52|0.68, total:0.98|0.32|0.48
epoch:141, loss: 0.13221688209860413, other:0.91|1.00|0.95, company:0.99|0.76|0.86, address:0.99|0.72|0.83, date:0.99|0.52|0.68, total:0.97|0.34|0.50
epoch:142, loss: 0.12524957044257057, other:0.93|1.00|0.96, company:0.95|0.85|0.90, address:0.99|0.79|0.88, date:0.99|0.52|0.68, total:0.96|0.38|0.54
epoch:143, loss: 0.12149133340076164, other:0.92|1.00|0.96, company:0.98|0.80|0.88, address:0.99|0.73|0.84, date:0.99|0.57|0.72, total:0.97|0.37|0.53
epoch:144, loss: 0.12003120531638463, other:0.92|1.00|0.96, company:0.97|0.85|0.90, address:1.00|0.76|0.86, date:0.99|0.57|0.72, total:0.97|0.35|0.51
epoch:145, loss: 0.13560737890225869, other:0.91|1.00|0.95, company:0.96|0.83|0.89, address:1.00|0.74|0.85, date:0.99|0.47|0.64, total:0.97|0.32|0.48
epoch:146, loss: 0.11971874673057485, other:0.93|1.00|0.96, company:0.97|0.84|0.90, address:1.00|0.78|0.88, date:0.99|0.54|0.70, total:0.97|0.37|0.53
epoch:147, loss: 0.11878054809791071, other:0.92|1.00|0.96, company:0.99|0.78|0.88, address:0.99|0.77|0.87, date:0.99|0.55|0.71, total:0.96|0.36|0.52
epoch:148, loss: 0.12870020557332923, other:0.92|1.00|0.96, company:0.94|0.84|0.89, address:1.00|0.74|0.85, date:0.99|0.55|0.71, total:0.98|0.35|0.51
epoch:149, loss: 0.13249097764492035, other:0.92|1.00|0.96, company:0.95|0.83|0.89, address:1.00|0.71|0.83, date:0.99|0.51|0.68, total:0.96|0.37|0.54
epoch:150, loss: 0.12533860156933466, other:0.93|1.00|0.96, company:0.94|0.85|0.89, address:0.99|0.80|0.89, date:0.99|0.59|0.74, total:0.97|0.34|0.51
epoch:151, loss: 0.1165663519943202, other:0.93|1.00|0.96, company:0.99|0.82|0.90, address:1.00|0.79|0.88, date:0.99|0.55|0.71, total:0.97|0.35|0.52
epoch:152, loss: 0.1156575682538527, other:0.93|1.00|0.96, company:0.98|0.83|0.90, address:0.99|0.78|0.88, date:0.99|0.58|0.73, total:0.97|0.36|0.53
epoch:153, loss: 0.11677694265489225, other:0.93|1.00|0.96, company:0.99|0.81|0.89, address:0.99|0.76|0.86, date:0.99|0.57|0.72, total:0.97|0.37|0.53
epoch:154, loss: 0.11624427388111751, other:0.93|1.00|0.96, company:0.97|0.85|0.90, address:1.00|0.77|0.87, date:0.99|0.56|0.72, total:0.96|0.38|0.54
epoch:155, loss: 0.12372445315122604, other:0.93|1.00|0.96, company:0.95|0.85|0.90, address:1.00|0.78|0.88, date:0.99|0.55|0.71, total:0.97|0.35|0.51
epoch:156, loss: 0.12253208761965786, other:0.92|1.00|0.96, company:0.96|0.84|0.90, address:0.99|0.79|0.88, date:1.00|0.52|0.69, total:0.98|0.34|0.50
epoch:157, loss: 0.11586375727697655, other:0.92|1.00|0.96, company:0.99|0.82|0.90, address:1.00|0.79|0.88, date:1.00|0.54|0.70, total:0.98|0.35|0.51
epoch:158, loss: 0.12660268307835967, other:0.92|1.00|0.96, company:0.97|0.84|0.90, address:1.00|0.77|0.87, date:0.99|0.48|0.65, total:0.98|0.34|0.50
epoch:159, loss: 0.12690506627162298, other:0.91|1.00|0.95, company:0.98|0.81|0.88, address:1.00|0.70|0.82, date:1.00|0.51|0.68, total:0.98|0.35|0.51
epoch:160, loss: 0.11435165863346171, other:0.93|1.00|0.96, company:0.99|0.82|0.90, address:0.99|0.81|0.89, date:1.00|0.54|0.70, total:0.97|0.37|0.54
epoch:161, loss: 0.12005728703958017, other:0.93|1.00|0.96, company:0.96|0.84|0.90, address:1.00|0.77|0.87, date:0.99|0.54|0.70, total:0.96|0.37|0.53
epoch:162, loss: 0.11737622458625722, other:0.94|1.00|0.97, company:0.95|0.84|0.89, address:0.99|0.79|0.88, date:0.99|0.60|0.75, total:0.94|0.41|0.57
epoch:163, loss: 0.11320180307935786, other:0.93|1.00|0.97, company:0.97|0.84|0.90, address:1.00|0.79|0.88, date:0.99|0.58|0.73, total:0.96|0.39|0.56
epoch:164, loss: 0.11403466540354269, other:0.93|1.00|0.96, company:0.98|0.83|0.90, address:1.00|0.80|0.88, date:0.99|0.56|0.72, total:0.96|0.37|0.54
epoch:165, loss: 0.11850749370124605, other:0.92|1.00|0.96, company:0.98|0.83|0.90, address:1.00|0.77|0.87, date:0.99|0.49|0.66, total:0.97|0.36|0.53
epoch:166, loss: 0.11985823705240532, other:0.92|1.00|0.96, company:0.96|0.84|0.90, address:1.00|0.76|0.86, date:0.99|0.55|0.70, total:0.98|0.34|0.51
epoch:167, loss: 0.1277131148510509, other:0.92|1.00|0.96, company:0.96|0.85|0.90, address:0.98|0.78|0.87, date:0.99|0.58|0.73, total:0.98|0.33|0.49
epoch:168, loss: 0.11528260536767819, other:0.93|1.00|0.96, company:0.99|0.82|0.90, address:1.00|0.79|0.88, date:0.99|0.57|0.73, total:0.97|0.36|0.52
epoch:169, loss: 0.12441258573973621, other:0.92|1.00|0.96, company:0.98|0.82|0.89, address:1.00|0.70|0.82, date:0.97|0.54|0.70, total:0.97|0.39|0.56
epoch:170, loss: 0.1305714980871589, other:0.92|1.00|0.96, company:0.94|0.86|0.90, address:0.99|0.77|0.87, date:0.99|0.52|0.69, total:0.98|0.35|0.51
epoch:171, loss: 0.12689180810142447, other:0.91|1.00|0.95, company:0.99|0.77|0.87, address:0.99|0.69|0.82, date:0.99|0.51|0.68, total:0.97|0.36|0.53
epoch:172, loss: 0.11480173358210811, other:0.93|1.00|0.96, company:0.96|0.85|0.90, address:1.00|0.75|0.86, date:0.99|0.60|0.75, total:0.97|0.39|0.56
epoch:173, loss: 0.11811619362345448, other:0.92|1.00|0.96, company:0.97|0.83|0.89, address:1.00|0.75|0.85, date:0.99|0.55|0.70, total:0.98|0.34|0.51
epoch:174, loss: 0.11831193306931743, other:0.93|1.00|0.96, company:0.96|0.85|0.90, address:1.00|0.76|0.86, date:0.99|0.53|0.69, total:0.97|0.37|0.54
epoch:175, loss: 0.11264704554169266, other:0.93|1.00|0.96, company:0.99|0.82|0.89, address:1.00|0.75|0.86, date:0.99|0.56|0.72, total:0.97|0.38|0.55
epoch:176, loss: 0.11396272756435254, other:0.92|1.00|0.96, company:0.98|0.84|0.90, address:0.99|0.81|0.89, date:1.00|0.55|0.71, total:0.99|0.33|0.50
epoch:177, loss: 0.10553092592292362, other:0.93|1.00|0.96, company:0.99|0.84|0.91, address:1.00|0.80|0.89, date:0.99|0.56|0.72, total:0.98|0.37|0.54
epoch:178, loss: 0.1085042569924284, other:0.93|1.00|0.96, company:0.97|0.85|0.91, address:1.00|0.80|0.89, date:1.00|0.62|0.77, total:0.98|0.35|0.52
epoch:179, loss: 0.10739038029202709, other:0.93|1.00|0.96, company:0.99|0.83|0.90, address:1.00|0.77|0.87, date:1.00|0.56|0.71, total:0.97|0.38|0.54
epoch:180, loss: 0.10276715567818394, other:0.94|1.00|0.97, company:0.99|0.85|0.91, address:1.00|0.83|0.90, date:1.00|0.57|0.73, total:0.98|0.38|0.55
epoch:181, loss: 0.10502007576050582, other:0.93|1.00|0.96, company:0.99|0.85|0.91, address:1.00|0.83|0.91, date:1.00|0.57|0.73, total:0.99|0.35|0.52
epoch:182, loss: 0.09876859491622006, other:0.94|1.00|0.97, company:0.99|0.84|0.91, address:0.99|0.84|0.91, date:1.00|0.61|0.76, total:0.98|0.38|0.55
epoch:183, loss: 0.10154446407600685, other:0.93|1.00|0.96, company:0.99|0.81|0.89, address:1.00|0.79|0.88, date:1.00|0.62|0.77, total:0.98|0.37|0.54
epoch:184, loss: 0.09885525123940574, other:0.94|1.00|0.97, company:0.98|0.85|0.91, address:1.00|0.82|0.90, date:1.00|0.62|0.76, total:0.97|0.42|0.58
epoch:185, loss: 0.10333005256123012, other:0.94|1.00|0.97, company:0.97|0.85|0.90, address:1.00|0.82|0.90, date:1.00|0.56|0.72, total:0.97|0.42|0.58
epoch:186, loss: 0.09913978422129596, other:0.93|1.00|0.96, company:0.99|0.85|0.91, address:1.00|0.82|0.90, date:1.00|0.58|0.73, total:0.99|0.36|0.53
epoch:187, loss: 0.10199981569140046, other:0.93|1.00|0.96, company:0.99|0.85|0.91, address:1.00|0.81|0.90, date:1.00|0.58|0.73, total:0.99|0.36|0.52
epoch:188, loss: 0.10138842767035519, other:0.93|1.00|0.97, company:0.99|0.85|0.91, address:1.00|0.80|0.89, date:0.99|0.61|0.76, total:0.98|0.37|0.54
epoch:189, loss: 0.09654221932093303, other:0.94|1.00|0.97, company:0.99|0.86|0.92, address:1.00|0.83|0.91, date:0.99|0.63|0.77, total:0.98|0.38|0.54
epoch:190, loss: 0.10578433396639647, other:0.93|1.00|0.97, company:0.97|0.85|0.91, address:1.00|0.82|0.90, date:1.00|0.58|0.74, total:0.98|0.37|0.54
epoch:191, loss: 0.10647169252236684, other:0.93|1.00|0.96, company:0.97|0.86|0.91, address:1.00|0.79|0.88, date:1.00|0.57|0.72, total:0.98|0.38|0.55
epoch:192, loss: 0.1086844156185786, other:0.93|1.00|0.96, company:0.97|0.87|0.91, address:1.00|0.82|0.90, date:1.00|0.55|0.71, total:0.99|0.37|0.53
epoch:193, loss: 0.12075791811501538, other:0.92|1.00|0.96, company:0.99|0.80|0.88, address:0.99|0.73|0.84, date:1.00|0.58|0.73, total:0.99|0.33|0.50
epoch:194, loss: 0.10222695464337314, other:0.93|1.00|0.96, company:0.99|0.85|0.91, address:1.00|0.82|0.90, date:0.99|0.61|0.76, total:0.99|0.36|0.52
epoch:195, loss: 0.09830934361175254, other:0.94|1.00|0.97, company:0.99|0.85|0.91, address:1.00|0.83|0.91, date:0.99|0.60|0.75, total:0.98|0.38|0.55
epoch:196, loss: 0.10477657616138458, other:0.94|1.00|0.97, company:0.96|0.84|0.90, address:1.00|0.83|0.91, date:1.00|0.60|0.75, total:0.99|0.38|0.55
epoch:197, loss: 0.10114579427021521, other:0.94|1.00|0.97, company:0.98|0.86|0.91, address:1.00|0.81|0.90, date:1.00|0.59|0.74, total:0.98|0.39|0.56
epoch:198, loss: 0.10496392652944282, other:0.93|1.00|0.96, company:0.99|0.85|0.91, address:1.00|0.83|0.91, date:1.00|0.51|0.67, total:0.99|0.36|0.53
epoch:199, loss: 0.10052242268014837, other:0.94|1.00|0.97, company:0.99|0.85|0.91, address:1.00|0.83|0.91, date:1.00|0.56|0.72, total:0.97|0.39|0.56
epoch:200, loss: 0.09391026033295526, other:0.94|1.00|0.97, company:0.99|0.83|0.91, address:0.99|0.84|0.91, date:0.99|0.63|0.77, total:0.98|0.40|0.57
epoch:201, loss: 0.10208250554623427, other:0.93|1.00|0.96, company:1.00|0.81|0.89, address:0.99|0.79|0.88, date:1.00|0.56|0.72, total:0.99|0.38|0.55
epoch:202, loss: 0.09868228987411216, other:0.94|1.00|0.97, company:0.99|0.86|0.92, address:1.00|0.86|0.92, date:1.00|0.54|0.70, total:0.99|0.41|0.58
epoch:203, loss: 0.10606568968958324, other:0.92|1.00|0.96, company:1.00|0.84|0.91, address:1.00|0.78|0.87, date:0.99|0.53|0.69, total:0.99|0.37|0.53
epoch:204, loss: 0.10664279620956492, other:0.92|1.00|0.96, company:0.99|0.82|0.90, address:1.00|0.76|0.87, date:1.00|0.58|0.74, total:1.00|0.35|0.52
epoch:205, loss: 0.09971747050682704, other:0.94|1.00|0.97, company:0.98|0.85|0.91, address:1.00|0.82|0.90, date:1.00|0.58|0.73, total:0.98|0.40|0.57
epoch:206, loss: 0.09252944533471708, other:0.94|1.00|0.97, company:0.99|0.85|0.92, address:1.00|0.85|0.92, date:1.00|0.65|0.79, total:0.99|0.39|0.56
epoch:207, loss: 0.09611206805264508, other:0.94|1.00|0.97, company:0.99|0.83|0.91, address:1.00|0.83|0.90, date:1.00|0.60|0.75, total:0.99|0.39|0.55
epoch:208, loss: 0.09818610410999369, other:0.94|1.00|0.97, company:0.98|0.85|0.91, address:1.00|0.83|0.91, date:1.00|0.57|0.72, total:0.99|0.39|0.56
epoch:209, loss: 0.09905341184801525, other:0.94|1.00|0.97, company:0.96|0.85|0.90, address:1.00|0.80|0.89, date:1.00|0.64|0.78, total:0.99|0.40|0.57
epoch:210, loss: 0.102741163637903, other:0.93|1.00|0.96, company:0.97|0.84|0.90, address:1.00|0.83|0.91, date:1.00|0.54|0.70, total:0.99|0.37|0.54
epoch:211, loss: 0.09586310607415659, other:0.93|1.00|0.97, company:0.99|0.83|0.91, address:0.99|0.87|0.92, date:1.00|0.58|0.74, total:0.99|0.36|0.53
epoch:212, loss: 0.095053028177332, other:0.94|1.00|0.97, company:0.98|0.83|0.90, address:1.00|0.81|0.89, date:1.00|0.62|0.76, total:0.99|0.38|0.54
epoch:213, loss: 0.09040745540901467, other:0.94|1.00|0.97, company:0.99|0.86|0.92, address:1.00|0.84|0.91, date:1.00|0.65|0.79, total:0.99|0.38|0.55
epoch:214, loss: 0.09244315905703439, other:0.94|1.00|0.97, company:1.00|0.82|0.90, address:0.99|0.81|0.89, date:1.00|0.60|0.75, total:0.99|0.41|0.58
epoch:215, loss: 0.0959770847801809, other:0.94|1.00|0.97, company:0.98|0.86|0.92, address:1.00|0.83|0.91, date:1.00|0.63|0.77, total:0.99|0.38|0.55
epoch:216, loss: 0.09531313456870892, other:0.94|1.00|0.97, company:0.98|0.85|0.91, address:1.00|0.82|0.90, date:1.00|0.63|0.78, total:0.99|0.39|0.56
epoch:217, loss: 0.09388393218870517, other:0.94|1.00|0.97, company:0.98|0.86|0.92, address:1.00|0.83|0.90, date:1.00|0.62|0.76, total:0.99|0.40|0.57
epoch:218, loss: 0.09420951704184215, other:0.94|1.00|0.97, company:1.00|0.78|0.88, address:0.99|0.84|0.91, date:1.00|0.59|0.74, total:0.99|0.40|0.57
epoch:219, loss: 0.09201369351810879, other:0.94|1.00|0.97, company:1.00|0.85|0.92, address:1.00|0.82|0.90, date:1.00|0.59|0.74, total:0.99|0.40|0.56
epoch:220, loss: 0.0993594248537664, other:0.93|1.00|0.96, company:0.98|0.85|0.91, address:1.00|0.78|0.88, date:1.00|0.57|0.73, total:0.99|0.37|0.54
epoch:221, loss: 0.08746306377428549, other:0.94|1.00|0.97, company:0.99|0.86|0.92, address:1.00|0.86|0.92, date:1.00|0.61|0.75, total:0.99|0.39|0.56
epoch:222, loss: 0.09381587113495227, other:0.94|1.00|0.97, company:0.98|0.85|0.91, address:1.00|0.83|0.91, date:1.00|0.61|0.75, total:0.99|0.37|0.54
epoch:223, loss: 0.08684003215145182, other:0.94|1.00|0.97, company:0.98|0.84|0.91, address:1.00|0.85|0.92, date:1.00|0.61|0.76, total:0.99|0.42|0.59
epoch:224, loss: 0.09100960029496087, other:0.94|1.00|0.97, company:0.98|0.86|0.92, address:1.00|0.84|0.91, date:1.00|0.62|0.76, total:0.99|0.38|0.55
epoch:225, loss: 0.0883618907796012, other:0.94|1.00|0.97, company:1.00|0.85|0.92, address:1.00|0.88|0.93, date:1.00|0.55|0.71, total:0.98|0.41|0.58
epoch:226, loss: 0.08647889561123318, other:0.94|1.00|0.97, company:0.99|0.83|0.90, address:1.00|0.81|0.89, date:1.00|0.67|0.80, total:0.99|0.40|0.57
epoch:227, loss: 0.08888819344617703, other:0.94|1.00|0.97, company:0.99|0.86|0.92, address:1.00|0.85|0.92, date:1.00|0.65|0.78, total:0.99|0.38|0.55
epoch:228, loss: 0.09700733975127891, other:0.93|1.00|0.97, company:0.99|0.87|0.92, address:1.00|0.84|0.91, date:1.00|0.59|0.74, total:1.00|0.35|0.52
epoch:229, loss: 0.1035517661107911, other:0.93|1.00|0.96, company:0.98|0.86|0.91, address:1.00|0.82|0.90, date:1.00|0.50|0.66, total:1.00|0.38|0.55
epoch:230, loss: 0.09400141101192545, other:0.95|1.00|0.97, company:0.97|0.86|0.91, address:1.00|0.84|0.91, date:1.00|0.59|0.74, total:0.98|0.45|0.62
epoch:231, loss: 0.10377054192401745, other:0.93|1.00|0.96, company:0.95|0.87|0.91, address:1.00|0.82|0.90, date:1.00|0.58|0.74, total:0.99|0.35|0.52
epoch:232, loss: 0.08753703893334777, other:0.94|1.00|0.97, company:0.99|0.86|0.92, address:1.00|0.84|0.92, date:1.00|0.60|0.75, total:0.98|0.42|0.58
epoch:233, loss: 0.08836159165258761, other:0.95|1.00|0.97, company:0.99|0.87|0.93, address:1.00|0.86|0.93, date:1.00|0.63|0.77, total:0.98|0.42|0.59
epoch:234, loss: 0.0855205604047687, other:0.94|1.00|0.97, company:0.99|0.86|0.92, address:1.00|0.85|0.92, date:1.00|0.61|0.76, total:0.99|0.42|0.59
epoch:235, loss: 0.0844666803324664, other:0.94|1.00|0.97, company:0.99|0.86|0.92, address:1.00|0.84|0.91, date:1.00|0.68|0.81, total:0.99|0.41|0.58
epoch:236, loss: 0.09208737893237008, other:0.94|1.00|0.97, company:0.96|0.87|0.91, address:1.00|0.85|0.92, date:1.00|0.64|0.78, total:0.99|0.40|0.57
epoch:237, loss: 0.09985156578046304, other:0.93|1.00|0.97, company:0.97|0.85|0.90, address:1.00|0.80|0.89, date:1.00|0.57|0.73, total:0.99|0.39|0.56
epoch:238, loss: 0.09323746848989416, other:0.94|1.00|0.97, company:0.99|0.86|0.92, address:1.00|0.86|0.92, date:1.00|0.58|0.73, total:0.99|0.39|0.55
epoch:239, loss: 0.09114263675830982, other:0.94|1.00|0.97, company:0.99|0.85|0.92, address:1.00|0.82|0.90, date:0.99|0.62|0.76, total:0.99|0.39|0.56
epoch:240, loss: 0.08792947991578667, other:0.94|1.00|0.97, company:0.99|0.86|0.92, address:1.00|0.82|0.90, date:1.00|0.63|0.77, total:0.99|0.41|0.58
epoch:241, loss: 0.08583259596316903, other:0.95|1.00|0.97, company:0.99|0.86|0.92, address:1.00|0.85|0.92, date:1.00|0.64|0.78, total:0.98|0.42|0.59
epoch:242, loss: 0.09355149114573444, other:0.94|1.00|0.97, company:0.98|0.86|0.92, address:1.00|0.82|0.90, date:1.00|0.62|0.77, total:0.99|0.37|0.54
epoch:243, loss: 0.08834827498153404, other:0.95|1.00|0.97, company:0.98|0.87|0.92, address:1.00|0.87|0.93, date:1.00|0.64|0.78, total:0.99|0.41|0.58
epoch:244, loss: 0.08778137920631303, other:0.94|1.00|0.97, company:0.99|0.87|0.92, address:1.00|0.85|0.92, date:1.00|0.63|0.77, total:0.99|0.39|0.56
epoch:245, loss: 0.08310347009036276, other:0.95|1.00|0.97, company:1.00|0.85|0.92, address:1.00|0.85|0.92, date:1.00|0.59|0.74, total:0.99|0.44|0.61
epoch:246, loss: 0.09639965218526346, other:0.94|1.00|0.97, company:0.97|0.85|0.91, address:1.00|0.79|0.88, date:1.00|0.58|0.73, total:0.97|0.43|0.60
epoch:247, loss: 0.09601481534816601, other:0.93|1.00|0.96, company:0.99|0.85|0.91, address:1.00|0.79|0.88, date:1.00|0.60|0.75, total:0.99|0.38|0.55
epoch:248, loss: 0.09336014160955394, other:0.94|1.00|0.97, company:0.99|0.85|0.92, address:1.00|0.81|0.90, date:1.00|0.56|0.72, total:0.99|0.40|0.57
epoch:249, loss: 0.09228431874955142, other:0.93|1.00|0.97, company:0.99|0.85|0.91, address:1.00|0.81|0.89, date:1.00|0.61|0.76, total:1.00|0.37|0.54
epoch:250, loss: 0.0985966713892089, other:0.93|1.00|0.96, company:0.99|0.84|0.91, address:1.00|0.82|0.90, date:1.00|0.55|0.71, total:0.99|0.37|0.54
epoch:251, loss: 0.0927845937786279, other:0.94|1.00|0.97, company:0.99|0.87|0.93, address:1.00|0.82|0.90, date:1.00|0.55|0.71, total:0.99|0.42|0.59
epoch:252, loss: 0.09014860554425805, other:0.95|1.00|0.97, company:0.97|0.87|0.92, address:1.00|0.84|0.91, date:1.00|0.64|0.78, total:0.98|0.42|0.59
epoch:253, loss: 0.08557278883677942, other:0.95|1.00|0.97, company:0.99|0.86|0.92, address:1.00|0.88|0.93, date:1.00|0.63|0.78, total:0.99|0.41|0.58
epoch:254, loss: 0.0801702172115997, other:0.95|1.00|0.97, company:0.99|0.86|0.92, address:1.00|0.86|0.92, date:1.00|0.66|0.79, total:0.99|0.43|0.60
epoch:255, loss: 0.09093621304189717, other:0.94|1.00|0.97, company:0.99|0.81|0.89, address:0.99|0.86|0.92, date:0.99|0.64|0.78, total:0.98|0.40|0.57
epoch:256, loss: 0.08686391760905583, other:0.94|1.00|0.97, company:0.99|0.84|0.91, address:1.00|0.82|0.90, date:1.00|0.60|0.75, total:0.99|0.41|0.58
epoch:257, loss: 0.08317180143462287, other:0.95|1.00|0.97, company:0.99|0.87|0.92, address:1.00|0.85|0.92, date:1.00|0.64|0.78, total:0.98|0.45|0.62
epoch:258, loss: 0.07770468694744287, other:0.95|1.00|0.97, company:1.00|0.85|0.91, address:1.00|0.87|0.93, date:1.00|0.63|0.77, total:0.99|0.44|0.61
epoch:259, loss: 0.08316537958604318, other:0.94|1.00|0.97, company:1.00|0.86|0.92, address:1.00|0.85|0.92, date:1.00|0.60|0.75, total:0.99|0.40|0.57
epoch:260, loss: 0.08473607345863625, other:0.94|1.00|0.97, company:0.99|0.85|0.92, address:1.00|0.85|0.92, date:1.00|0.63|0.77, total:1.00|0.39|0.57
epoch:261, loss: 0.0783947274364807, other:0.95|1.00|0.97, company:0.99|0.87|0.92, address:1.00|0.85|0.92, date:1.00|0.65|0.79, total:0.99|0.44|0.60
epoch:262, loss: 0.07906722815500365, other:0.95|1.00|0.97, company:0.99|0.87|0.92, address:1.00|0.86|0.92, date:1.00|0.63|0.77, total:0.99|0.43|0.60
epoch:263, loss: 0.08097734150511247, other:0.95|1.00|0.97, company:0.99|0.86|0.92, address:1.00|0.86|0.92, date:1.00|0.63|0.77, total:0.99|0.43|0.60
epoch:264, loss: 0.07643207162618637, other:0.95|1.00|0.97, company:1.00|0.85|0.92, address:1.00|0.84|0.91, date:1.00|0.66|0.79, total:0.99|0.43|0.60
epoch:265, loss: 0.07493448574785833, other:0.95|1.00|0.97, company:0.99|0.86|0.92, address:1.00|0.85|0.92, date:1.00|0.69|0.82, total:0.99|0.43|0.60
epoch:266, loss: 0.07454579144164368, other:0.95|1.00|0.97, company:0.98|0.87|0.92, address:1.00|0.84|0.91, date:1.00|0.69|0.82, total:0.99|0.45|0.62
epoch:267, loss: 0.07227767810777382, other:0.95|1.00|0.97, company:0.99|0.85|0.91, address:1.00|0.86|0.92, date:1.00|0.71|0.83, total:1.00|0.44|0.61
epoch:268, loss: 0.07553237317888825, other:0.95|1.00|0.97, company:0.99|0.86|0.92, address:1.00|0.86|0.93, date:1.00|0.68|0.81, total:1.00|0.43|0.60
epoch:269, loss: 0.07139188368563298, other:0.95|1.00|0.98, company:0.99|0.87|0.93, address:1.00|0.85|0.92, date:1.00|0.70|0.82, total:0.99|0.45|0.62
epoch:270, loss: 0.0830952945958685, other:0.94|1.00|0.97, company:0.99|0.85|0.92, address:1.00|0.79|0.88, date:1.00|0.64|0.78, total:0.99|0.43|0.60
epoch:271, loss: 0.07190361039506064, other:0.95|1.00|0.98, company:1.00|0.87|0.93, address:1.00|0.88|0.93, date:1.00|0.71|0.83, total:0.99|0.45|0.62
epoch:272, loss: 0.06959407335078274, other:0.95|1.00|0.98, company:1.00|0.86|0.93, address:1.00|0.86|0.92, date:1.00|0.71|0.83, total:0.99|0.45|0.62
epoch:273, loss: 0.08028937213950688, other:0.94|1.00|0.97, company:0.99|0.86|0.92, address:1.00|0.82|0.90, date:1.00|0.63|0.77, total:0.98|0.43|0.60
epoch:274, loss: 0.08987024757597181, other:0.94|1.00|0.97, company:0.99|0.83|0.91, address:1.00|0.77|0.87, date:1.00|0.67|0.80, total:0.99|0.39|0.56
epoch:275, loss: 0.0821754554355586, other:0.94|1.00|0.97, company:0.98|0.86|0.91, address:1.00|0.81|0.90, date:1.00|0.65|0.79, total:1.00|0.42|0.59
epoch:276, loss: 0.07567363246171563, other:0.95|1.00|0.97, company:0.99|0.88|0.93, address:1.00|0.84|0.91, date:1.00|0.67|0.80, total:1.00|0.42|0.59
epoch:277, loss: 0.070299016656699, other:0.96|1.00|0.98, company:1.00|0.87|0.93, address:1.00|0.88|0.94, date:1.00|0.69|0.82, total:0.99|0.46|0.63
epoch:278, loss: 0.07438077984584703, other:0.95|1.00|0.97, company:0.99|0.86|0.92, address:1.00|0.84|0.91, date:1.00|0.65|0.79, total:0.99|0.46|0.63
epoch:279, loss: 0.07544220942589971, other:0.95|1.00|0.97, company:0.99|0.86|0.92, address:1.00|0.86|0.92, date:1.00|0.69|0.81, total:0.99|0.42|0.60
epoch:280, loss: 0.0771116026573711, other:0.95|1.00|0.97, company:1.00|0.85|0.92, address:1.00|0.85|0.92, date:1.00|0.66|0.79, total:0.99|0.42|0.59
epoch:281, loss: 0.07600781059375515, other:0.95|1.00|0.97, company:0.99|0.85|0.92, address:1.00|0.84|0.91, date:1.00|0.66|0.79, total:0.99|0.45|0.62
epoch:282, loss: 0.0754903285867638, other:0.95|1.00|0.98, company:0.99|0.87|0.93, address:1.00|0.86|0.93, date:1.00|0.68|0.81, total:1.00|0.44|0.61
epoch:283, loss: 0.07290606656008297, other:0.95|1.00|0.97, company:1.00|0.87|0.93, address:1.00|0.88|0.94, date:1.00|0.68|0.81, total:0.99|0.42|0.59
epoch:284, loss: 0.07096939368380441, other:0.96|1.00|0.98, company:1.00|0.87|0.93, address:1.00|0.87|0.93, date:1.00|0.70|0.82, total:0.99|0.47|0.63
epoch:285, loss: 0.08105857697901903, other:0.94|1.00|0.97, company:1.00|0.84|0.91, address:1.00|0.82|0.90, date:1.00|0.62|0.77, total:1.00|0.43|0.60
epoch:286, loss: 0.07320339384454268, other:0.95|1.00|0.98, company:0.99|0.88|0.93, address:1.00|0.87|0.93, date:1.00|0.66|0.79, total:0.99|0.46|0.62
epoch:287, loss: 0.06981023732158873, other:0.95|1.00|0.98, company:0.99|0.87|0.93, address:1.00|0.88|0.94, date:1.00|0.70|0.82, total:0.99|0.45|0.62
epoch:288, loss: 0.07198554001472614, other:0.95|1.00|0.98, company:0.99|0.87|0.93, address:1.00|0.88|0.94, date:1.00|0.71|0.83, total:0.99|0.45|0.62
epoch:289, loss: 0.07066701214622569, other:0.95|1.00|0.98, company:1.00|0.87|0.93, address:1.00|0.86|0.92, date:1.00|0.68|0.81, total:0.99|0.46|0.63
epoch:290, loss: 0.0797187894306801, other:0.95|1.00|0.97, company:0.98|0.86|0.92, address:1.00|0.78|0.87, date:1.00|0.67|0.80, total:0.99|0.46|0.63
epoch:291, loss: 0.07606097710905252, other:0.95|1.00|0.97, company:0.99|0.89|0.93, address:1.00|0.86|0.93, date:1.00|0.66|0.79, total:1.00|0.44|0.61
epoch:292, loss: 0.06851075989780603, other:0.95|1.00|0.98, company:0.99|0.86|0.92, address:1.00|0.87|0.93, date:1.00|0.71|0.83, total:0.99|0.46|0.63
epoch:293, loss: 0.06815602989108474, other:0.95|1.00|0.98, company:1.00|0.85|0.92, address:1.00|0.89|0.94, date:1.00|0.68|0.81, total:1.00|0.44|0.61
epoch:294, loss: 0.07145454955321771, other:0.95|1.00|0.97, company:1.00|0.86|0.92, address:1.00|0.85|0.92, date:1.00|0.66|0.79, total:0.99|0.46|0.63
epoch:295, loss: 0.07145933558543523, other:0.95|1.00|0.98, company:1.00|0.86|0.92, address:1.00|0.88|0.94, date:1.00|0.66|0.79, total:0.99|0.45|0.62
epoch:296, loss: 0.08202934955005292, other:0.94|1.00|0.97, company:1.00|0.84|0.91, address:1.00|0.80|0.89, date:1.00|0.63|0.77, total:0.99|0.42|0.59
epoch:297, loss: 0.09000553163113417, other:0.93|1.00|0.97, company:1.00|0.84|0.91, address:1.00|0.79|0.88, date:1.00|0.61|0.76, total:0.99|0.39|0.56
epoch:298, loss: 0.08788761579328114, other:0.94|1.00|0.97, company:0.99|0.87|0.92, address:1.00|0.84|0.91, date:1.00|0.56|0.72, total:0.99|0.40|0.57
epoch:299, loss: 0.07779421381376407, other:0.95|1.00|0.97, company:0.98|0.87|0.92, address:1.00|0.84|0.91, date:1.00|0.66|0.79, total:0.99|0.45|0.62
