epoch:0, loss: 1.0921271642049153, other:0.98|0.93|0.96, company:0.35|0.57|0.43, address:0.47|0.47|0.47, date:0.00|0.00|0.00, total:0.00|0.00|0.00
epoch:1, loss: 0.8097162754447372, other:0.96|0.95|0.95, company:0.01|0.80|0.01, address:0.82|0.42|0.56, date:0.00|0.00|0.00, total:0.09|0.22|0.12
epoch:2, loss: 0.6544120907783508, other:0.87|0.97|0.92, company:0.28|0.68|0.40, address:0.93|0.38|0.53, date:0.13|0.23|0.16, total:0.46|0.17|0.24
epoch:3, loss: 0.5876507450033117, other:0.83|0.98|0.90, company:0.45|0.74|0.56, address:0.94|0.38|0.54, date:0.40|0.32|0.35, total:0.66|0.15|0.24
epoch:4, loss: 0.5398730779135669, other:0.85|0.98|0.91, company:0.54|0.79|0.64, address:0.94|0.44|0.60, date:0.38|0.26|0.31, total:0.63|0.16|0.26
epoch:5, loss: 0.5003249269944651, other:0.83|0.98|0.90, company:0.74|0.74|0.74, address:0.92|0.44|0.59, date:0.48|0.29|0.36, total:0.72|0.15|0.25
epoch:6, loss: 0.47410728092546817, other:0.84|0.98|0.91, company:0.85|0.67|0.75, address:0.90|0.44|0.59, date:0.52|0.29|0.37, total:0.68|0.18|0.28
epoch:7, loss: 0.4525517777160362, other:0.86|0.98|0.92, company:0.65|0.81|0.72, address:0.96|0.47|0.63, date:0.55|0.30|0.39, total:0.65|0.19|0.29
epoch:8, loss: 0.4235309483828368, other:0.83|0.98|0.90, company:0.79|0.80|0.80, address:0.96|0.47|0.63, date:0.55|0.36|0.43, total:0.80|0.16|0.27
epoch:9, loss: 0.40387116096637865, other:0.85|0.99|0.91, company:0.84|0.74|0.79, address:0.94|0.50|0.65, date:0.67|0.29|0.41, total:0.75|0.20|0.31
epoch:10, loss: 0.3926018642054664, other:0.82|0.99|0.90, company:0.78|0.81|0.80, address:0.97|0.49|0.65, date:0.70|0.31|0.43, total:0.87|0.17|0.29
epoch:11, loss: 0.3742129990348109, other:0.84|0.99|0.91, company:0.89|0.73|0.80, address:0.96|0.50|0.65, date:0.71|0.31|0.44, total:0.83|0.20|0.32
epoch:12, loss: 0.3570377341023198, other:0.86|0.99|0.92, company:0.89|0.74|0.81, address:0.95|0.53|0.68, date:0.71|0.31|0.43, total:0.77|0.23|0.35
epoch:13, loss: 0.3486632384635784, other:0.83|0.99|0.91, company:0.89|0.72|0.80, address:0.97|0.50|0.66, date:0.74|0.32|0.44, total:0.86|0.20|0.32
epoch:14, loss: 0.3415722714530097, other:0.83|0.99|0.90, company:0.89|0.74|0.81, address:0.97|0.52|0.67, date:0.77|0.30|0.43, total:0.89|0.20|0.32
epoch:15, loss: 0.3244001677742711, other:0.86|0.99|0.92, company:0.90|0.73|0.81, address:0.97|0.55|0.70, date:0.75|0.32|0.44, total:0.82|0.23|0.36
epoch:16, loss: 0.3214929418431388, other:0.85|0.99|0.91, company:0.85|0.79|0.82, address:0.98|0.54|0.69, date:0.77|0.32|0.45, total:0.86|0.21|0.34
epoch:17, loss: 0.32888755754188254, other:0.84|0.99|0.91, company:0.80|0.83|0.82, address:0.98|0.53|0.69, date:0.78|0.32|0.46, total:0.90|0.20|0.32
epoch:18, loss: 0.3387698354544463, other:0.85|0.99|0.91, company:0.70|0.82|0.76, address:0.98|0.53|0.69, date:0.78|0.31|0.44, total:0.88|0.21|0.34
epoch:19, loss: 0.3135760376850764, other:0.85|0.99|0.92, company:0.82|0.80|0.81, address:0.98|0.57|0.72, date:0.82|0.29|0.43, total:0.87|0.22|0.36
epoch:20, loss: 0.30216072665320504, other:0.84|0.99|0.91, company:0.90|0.78|0.83, address:0.98|0.55|0.70, date:0.82|0.30|0.45, total:0.91|0.20|0.33
epoch:21, loss: 0.29446252242282583, other:0.85|0.99|0.92, company:0.89|0.77|0.83, address:0.98|0.54|0.70, date:0.83|0.31|0.46, total:0.85|0.23|0.36
epoch:22, loss: 0.29512517871680083, other:0.86|0.99|0.92, company:0.85|0.73|0.79, address:0.98|0.59|0.74, date:0.78|0.34|0.47, total:0.89|0.21|0.34
epoch:23, loss: 0.28922768654646697, other:0.84|0.99|0.91, company:0.85|0.78|0.81, address:0.99|0.55|0.71, date:0.87|0.31|0.46, total:0.90|0.22|0.36
epoch:24, loss: 0.27986725723301925, other:0.86|0.99|0.92, company:0.90|0.77|0.83, address:0.97|0.61|0.75, date:0.80|0.36|0.49, total:0.92|0.21|0.34
epoch:25, loss: 0.2702921513054106, other:0.86|0.99|0.92, company:0.90|0.78|0.84, address:0.98|0.57|0.72, date:0.84|0.33|0.48, total:0.90|0.23|0.37
epoch:26, loss: 0.2699997060828739, other:0.84|0.99|0.91, company:0.93|0.72|0.81, address:0.98|0.58|0.73, date:0.86|0.35|0.50, total:0.94|0.20|0.33
epoch:27, loss: 0.262344557929922, other:0.87|0.99|0.93, company:0.90|0.80|0.84, address:0.98|0.62|0.76, date:0.85|0.39|0.53, total:0.91|0.23|0.37
epoch:28, loss: 0.2576595997368848, other:0.86|0.99|0.92, company:0.93|0.70|0.80, address:0.97|0.61|0.75, date:0.88|0.35|0.50, total:0.89|0.23|0.37
epoch:29, loss: 0.25890237203350774, other:0.86|0.99|0.93, company:0.90|0.74|0.81, address:0.98|0.63|0.77, date:0.87|0.38|0.53, total:0.92|0.23|0.36
epoch:30, loss: 0.25682876065925314, other:0.87|0.99|0.93, company:0.90|0.78|0.84, address:0.97|0.67|0.79, date:0.89|0.34|0.49, total:0.91|0.23|0.37
epoch:31, loss: 0.2532938128268277, other:0.86|0.99|0.92, company:0.92|0.76|0.83, address:0.96|0.64|0.77, date:0.88|0.34|0.49, total:0.92|0.23|0.37
epoch:32, loss: 0.24695341454611885, other:0.86|1.00|0.92, company:0.90|0.76|0.82, address:0.99|0.60|0.75, date:0.89|0.39|0.55, total:0.93|0.22|0.36
epoch:33, loss: 0.24152411796428538, other:0.86|1.00|0.92, company:0.93|0.74|0.82, address:0.98|0.62|0.76, date:0.90|0.36|0.51, total:0.92|0.23|0.37
epoch:34, loss: 0.23794494955628007, other:0.87|1.00|0.93, company:0.93|0.73|0.82, address:0.98|0.63|0.77, date:0.89|0.43|0.58, total:0.94|0.22|0.36
epoch:35, loss: 0.2413619640800688, other:0.87|0.99|0.93, company:0.91|0.75|0.82, address:0.99|0.64|0.78, date:0.92|0.32|0.48, total:0.88|0.27|0.41
epoch:36, loss: 0.23140815341914142, other:0.90|0.99|0.94, company:0.91|0.76|0.83, address:0.98|0.68|0.80, date:0.89|0.42|0.57, total:0.87|0.28|0.43
epoch:37, loss: 0.2491591931493194, other:0.86|0.99|0.93, company:0.87|0.83|0.85, address:0.97|0.68|0.80, date:0.92|0.32|0.48, total:0.94|0.23|0.37
epoch:38, loss: 0.2446809576617347, other:0.89|0.99|0.94, company:0.84|0.81|0.83, address:0.97|0.68|0.80, date:0.90|0.43|0.58, total:0.91|0.26|0.40
epoch:39, loss: 0.22470804441858222, other:0.88|0.99|0.94, company:0.90|0.77|0.83, address:0.99|0.65|0.78, date:0.91|0.39|0.55, total:0.91|0.27|0.41
epoch:40, loss: 0.21830500000052983, other:0.90|0.99|0.95, company:0.94|0.75|0.83, address:0.97|0.71|0.82, date:0.91|0.41|0.57, total:0.88|0.30|0.45
epoch:41, loss: 0.2244280438732218, other:0.88|0.99|0.93, company:0.90|0.80|0.85, address:0.99|0.66|0.79, date:0.89|0.43|0.58, total:0.93|0.24|0.38
epoch:42, loss: 0.21925267135655438, other:0.88|0.99|0.94, company:0.95|0.71|0.81, address:0.97|0.71|0.82, date:0.92|0.36|0.52, total:0.91|0.27|0.41
epoch:43, loss: 0.22643996719960813, other:0.88|0.99|0.94, company:0.90|0.79|0.84, address:0.98|0.69|0.81, date:0.89|0.44|0.59, total:0.94|0.23|0.38
epoch:44, loss: 0.2120957242117988, other:0.88|1.00|0.94, company:0.95|0.72|0.82, address:0.98|0.65|0.78, date:0.92|0.42|0.57, total:0.93|0.27|0.42
epoch:45, loss: 0.2233226459335398, other:0.90|0.99|0.94, company:0.86|0.79|0.83, address:0.98|0.69|0.81, date:0.88|0.45|0.60, total:0.91|0.28|0.42
epoch:46, loss: 0.24270773154717903, other:0.88|1.00|0.93, company:0.83|0.83|0.83, address:0.97|0.69|0.81, date:0.94|0.34|0.50, total:0.93|0.24|0.39
epoch:47, loss: 0.20670370978337746, other:0.90|1.00|0.94, company:0.91|0.77|0.83, address:0.99|0.65|0.79, date:0.92|0.42|0.58, total:0.90|0.31|0.46
epoch:48, loss: 0.20894341501924726, other:0.89|1.00|0.94, company:0.94|0.74|0.83, address:0.98|0.70|0.82, date:0.94|0.36|0.52, total:0.92|0.28|0.43
epoch:49, loss: 0.20395714927602698, other:0.88|1.00|0.94, company:0.95|0.74|0.83, address:0.98|0.69|0.81, date:0.94|0.37|0.53, total:0.93|0.27|0.42
epoch:50, loss: 0.22300719718138376, other:0.90|0.99|0.94, company:0.87|0.83|0.85, address:0.97|0.73|0.83, date:0.93|0.40|0.56, total:0.93|0.28|0.43
epoch:51, loss: 0.1982449370401877, other:0.90|1.00|0.94, company:0.92|0.80|0.85, address:0.99|0.69|0.81, date:0.93|0.42|0.58, total:0.92|0.29|0.44
epoch:52, loss: 0.19862115383148193, other:0.89|1.00|0.94, company:0.94|0.75|0.83, address:0.98|0.73|0.84, date:0.94|0.40|0.57, total:0.95|0.26|0.41
epoch:53, loss: 0.20034821165932548, other:0.88|1.00|0.94, company:0.96|0.74|0.83, address:0.98|0.64|0.78, date:0.94|0.40|0.56, total:0.93|0.29|0.44
epoch:54, loss: 0.21824242616141284, other:0.89|1.00|0.94, company:0.85|0.80|0.82, address:0.98|0.68|0.81, date:0.94|0.39|0.55, total:0.91|0.29|0.44
epoch:55, loss: 0.21885888057726402, other:0.88|1.00|0.93, company:0.84|0.78|0.81, address:0.99|0.66|0.80, date:0.94|0.38|0.54, total:0.95|0.25|0.40
epoch:56, loss: 0.2125903930928972, other:0.88|1.00|0.93, company:0.96|0.72|0.82, address:0.96|0.71|0.82, date:0.94|0.37|0.53, total:0.95|0.25|0.40
epoch:57, loss: 0.20979261177557487, other:0.92|0.99|0.96, company:0.89|0.81|0.85, address:0.98|0.70|0.82, date:0.90|0.48|0.63, total:0.78|0.36|0.49
epoch:58, loss: 0.19745382280261428, other:0.89|1.00|0.94, company:0.91|0.78|0.84, address:0.99|0.69|0.81, date:0.94|0.40|0.56, total:0.92|0.28|0.43
epoch:59, loss: 0.19274346420058497, other:0.89|1.00|0.94, company:0.94|0.79|0.86, address:0.99|0.70|0.82, date:0.94|0.40|0.56, total:0.93|0.29|0.44
epoch:60, loss: 0.1866238663593928, other:0.90|1.00|0.95, company:0.94|0.73|0.82, address:0.99|0.69|0.81, date:0.93|0.46|0.61, total:0.92|0.30|0.45
epoch:61, loss: 0.1838827039356585, other:0.90|1.00|0.95, company:0.94|0.76|0.84, address:0.99|0.73|0.84, date:0.93|0.46|0.61, total:0.93|0.29|0.44
epoch:62, loss: 0.19030978171913712, other:0.90|1.00|0.94, company:0.92|0.78|0.84, address:0.98|0.73|0.84, date:0.94|0.46|0.61, total:0.95|0.26|0.41
epoch:63, loss: 0.19120359972671228, other:0.92|1.00|0.95, company:0.87|0.83|0.85, address:0.99|0.71|0.82, date:0.93|0.50|0.65, total:0.92|0.33|0.49
epoch:64, loss: 0.18248157534334394, other:0.89|1.00|0.94, company:0.93|0.79|0.85, address:0.99|0.70|0.82, date:0.94|0.46|0.62, total:0.95|0.27|0.42
epoch:65, loss: 0.18628356688552433, other:0.89|1.00|0.94, company:0.93|0.80|0.86, address:0.99|0.70|0.82, date:0.95|0.41|0.57, total:0.95|0.28|0.44
epoch:66, loss: 0.1816511717107561, other:0.90|1.00|0.95, company:0.96|0.71|0.82, address:0.99|0.67|0.80, date:0.93|0.46|0.61, total:0.92|0.32|0.48
epoch:67, loss: 0.17836328871824123, other:0.90|1.00|0.94, company:0.94|0.79|0.86, address:0.99|0.73|0.84, date:0.96|0.42|0.59, total:0.94|0.29|0.44
epoch:68, loss: 0.18050773828117936, other:0.90|1.00|0.94, company:0.93|0.77|0.84, address:0.99|0.72|0.83, date:0.96|0.43|0.59, total:0.95|0.28|0.44
epoch:69, loss: 0.18976475519162636, other:0.90|1.00|0.95, company:0.89|0.79|0.83, address:0.99|0.72|0.83, date:0.95|0.44|0.60, total:0.95|0.29|0.44
epoch:70, loss: 0.1762853303441295, other:0.90|1.00|0.95, company:0.96|0.73|0.83, address:0.99|0.72|0.83, date:0.95|0.46|0.62, total:0.93|0.29|0.44
epoch:71, loss: 0.1783756031482308, other:0.91|1.00|0.95, company:0.91|0.83|0.87, address:0.99|0.71|0.83, date:0.94|0.48|0.64, total:0.93|0.31|0.47
epoch:72, loss: 0.17772235141860115, other:0.90|1.00|0.94, company:0.96|0.76|0.85, address:0.99|0.72|0.83, date:0.95|0.44|0.60, total:0.95|0.29|0.44
epoch:73, loss: 0.17747695164548027, other:0.91|1.00|0.95, company:0.91|0.82|0.86, address:0.99|0.72|0.83, date:0.94|0.47|0.63, total:0.93|0.31|0.47
epoch:74, loss: 0.18845068442600746, other:0.91|1.00|0.95, company:0.85|0.81|0.83, address:0.99|0.73|0.84, date:0.96|0.48|0.64, total:0.93|0.30|0.45
epoch:75, loss: 0.16707799004183876, other:0.91|1.00|0.95, company:0.95|0.78|0.85, address:0.99|0.71|0.83, date:0.95|0.49|0.65, total:0.93|0.33|0.49
epoch:76, loss: 0.16497052902424778, other:0.91|1.00|0.95, company:0.95|0.79|0.86, address:0.99|0.72|0.83, date:0.95|0.50|0.66, total:0.92|0.32|0.47
epoch:77, loss: 0.19050494001971352, other:0.89|1.00|0.94, company:0.92|0.81|0.86, address:0.98|0.75|0.85, date:0.96|0.42|0.59, total:0.97|0.25|0.40
epoch:78, loss: 0.16553474052084816, other:0.91|1.00|0.95, company:0.96|0.77|0.85, address:0.99|0.72|0.84, date:0.96|0.45|0.62, total:0.91|0.34|0.49
epoch:79, loss: 0.16398347721055703, other:0.91|1.00|0.95, company:0.95|0.79|0.86, address:0.99|0.73|0.84, date:0.96|0.47|0.63, total:0.93|0.34|0.50
epoch:80, loss: 0.16201761420126315, other:0.90|1.00|0.95, company:0.96|0.78|0.86, address:0.99|0.72|0.84, date:0.98|0.44|0.61, total:0.93|0.32|0.47
epoch:81, loss: 0.1627419447457349, other:0.91|1.00|0.95, company:0.95|0.80|0.87, address:0.99|0.76|0.86, date:0.96|0.48|0.64, total:0.95|0.30|0.46
epoch:82, loss: 0.16169316707937806, other:0.91|1.00|0.95, company:0.94|0.81|0.87, address:0.99|0.77|0.86, date:0.95|0.52|0.67, total:0.95|0.30|0.46
epoch:83, loss: 0.1583217594910551, other:0.92|1.00|0.96, company:0.94|0.80|0.86, address:0.99|0.74|0.85, date:0.96|0.52|0.68, total:0.91|0.37|0.53
epoch:84, loss: 0.17299243890576893, other:0.91|1.00|0.95, company:0.89|0.81|0.85, address:0.99|0.76|0.86, date:0.97|0.48|0.65, total:0.96|0.29|0.45
epoch:85, loss: 0.15222716000345018, other:0.91|1.00|0.95, company:0.96|0.78|0.86, address:0.99|0.76|0.86, date:0.97|0.50|0.66, total:0.96|0.30|0.46
epoch:86, loss: 0.15569385168729005, other:0.90|1.00|0.95, company:0.96|0.76|0.85, address:0.99|0.71|0.83, date:0.98|0.46|0.63, total:0.95|0.32|0.48
epoch:87, loss: 0.15039366207740926, other:0.92|1.00|0.96, company:0.97|0.75|0.85, address:0.99|0.73|0.84, date:0.96|0.52|0.67, total:0.92|0.35|0.51
epoch:88, loss: 0.15529746893379423, other:0.92|1.00|0.95, company:0.94|0.79|0.86, address:0.99|0.78|0.87, date:0.98|0.47|0.63, total:0.94|0.33|0.49
epoch:89, loss: 0.152565563166583, other:0.91|1.00|0.95, company:0.97|0.77|0.86, address:0.99|0.75|0.86, date:0.98|0.40|0.57, total:0.94|0.34|0.50
epoch:90, loss: 0.14640435769602103, other:0.92|1.00|0.96, company:0.95|0.78|0.86, address:0.99|0.77|0.87, date:0.97|0.50|0.66, total:0.93|0.36|0.52
epoch:91, loss: 0.15137779353945344, other:0.91|1.00|0.95, company:0.97|0.74|0.84, address:0.99|0.75|0.85, date:0.98|0.46|0.63, total:0.96|0.31|0.47
epoch:92, loss: 0.14708891648937156, other:0.92|1.00|0.96, company:0.93|0.83|0.88, address:0.99|0.77|0.87, date:0.97|0.51|0.67, total:0.95|0.35|0.51
epoch:93, loss: 0.14447164259575032, other:0.91|1.00|0.95, company:0.96|0.79|0.86, address:0.99|0.77|0.87, date:0.98|0.51|0.67, total:0.96|0.32|0.48
epoch:94, loss: 0.15191697053335332, other:0.90|1.00|0.95, company:0.95|0.80|0.87, address:0.99|0.75|0.86, date:0.97|0.49|0.66, total:0.96|0.28|0.44
epoch:95, loss: 0.14995073941018847, other:0.90|1.00|0.95, company:0.96|0.79|0.86, address:1.00|0.72|0.84, date:0.98|0.51|0.67, total:0.97|0.29|0.45
epoch:96, loss: 0.1604275350217466, other:0.92|1.00|0.96, company:0.87|0.84|0.85, address:0.99|0.75|0.85, date:0.98|0.50|0.66, total:0.95|0.34|0.50
epoch:97, loss: 0.15783497580775507, other:0.89|1.00|0.94, company:0.98|0.70|0.82, address:0.98|0.76|0.85, date:0.98|0.49|0.65, total:0.98|0.26|0.42
epoch:98, loss: 0.1544644330386762, other:0.93|1.00|0.96, company:0.93|0.83|0.88, address:0.99|0.77|0.87, date:0.99|0.45|0.62, total:0.91|0.39|0.55
epoch:99, loss: 0.15364830720203895, other:0.92|1.00|0.96, company:0.92|0.84|0.88, address:0.99|0.78|0.87, date:0.98|0.49|0.65, total:0.93|0.36|0.52
epoch:100, loss: 0.14181515960781663, other:0.93|1.00|0.96, company:0.95|0.81|0.87, address:1.00|0.76|0.86, date:0.99|0.53|0.69, total:0.92|0.36|0.52
epoch:101, loss: 0.14501944763792884, other:0.92|1.00|0.95, company:0.95|0.82|0.88, address:1.00|0.75|0.86, date:0.98|0.48|0.64, total:0.94|0.33|0.49
epoch:102, loss: 0.15114602860477236, other:0.91|1.00|0.95, company:0.95|0.78|0.86, address:1.00|0.69|0.81, date:0.98|0.48|0.64, total:0.93|0.37|0.53
epoch:103, loss: 0.14274734010299048, other:0.91|1.00|0.95, company:0.97|0.75|0.85, address:0.99|0.77|0.87, date:0.99|0.47|0.63, total:0.96|0.32|0.49
epoch:104, loss: 0.14758702836654805, other:0.91|1.00|0.95, company:0.94|0.82|0.87, address:1.00|0.76|0.86, date:0.99|0.46|0.63, total:0.96|0.31|0.47
epoch:105, loss: 0.13569468756516775, other:0.92|1.00|0.96, company:0.96|0.80|0.87, address:0.99|0.78|0.88, date:0.98|0.51|0.67, total:0.96|0.35|0.51
epoch:106, loss: 0.15296725432078043, other:0.92|1.00|0.96, company:0.92|0.85|0.88, address:0.99|0.79|0.88, date:0.97|0.56|0.71, total:0.98|0.30|0.46
epoch:107, loss: 0.14345890228395108, other:0.91|1.00|0.95, company:0.95|0.80|0.87, address:1.00|0.76|0.86, date:0.98|0.54|0.69, total:0.96|0.31|0.47
epoch:108, loss: 0.14451986772042733, other:0.91|1.00|0.95, company:0.98|0.72|0.83, address:0.98|0.74|0.84, date:0.99|0.47|0.63, total:0.97|0.33|0.49
epoch:109, loss: 0.13404937171273762, other:0.93|1.00|0.96, company:0.95|0.82|0.88, address:0.99|0.80|0.89, date:0.98|0.55|0.70, total:0.96|0.35|0.51
epoch:110, loss: 0.12562204483482572, other:0.93|1.00|0.96, company:0.97|0.78|0.87, address:1.00|0.79|0.88, date:0.97|0.58|0.73, total:0.96|0.35|0.52
epoch:111, loss: 0.13062813795275158, other:0.93|1.00|0.96, company:0.96|0.78|0.86, address:0.99|0.79|0.88, date:0.99|0.52|0.68, total:0.93|0.40|0.56
epoch:112, loss: 0.14046133751118625, other:0.91|1.00|0.95, company:0.95|0.81|0.87, address:1.00|0.79|0.88, date:1.00|0.45|0.62, total:0.97|0.32|0.49
epoch:113, loss: 0.1259216257819423, other:0.92|1.00|0.96, company:0.97|0.78|0.87, address:0.99|0.82|0.90, date:0.99|0.53|0.69, total:0.97|0.33|0.49
epoch:114, loss: 0.12279841910909724, other:0.93|1.00|0.96, company:0.98|0.80|0.88, address:1.00|0.78|0.88, date:0.99|0.52|0.68, total:0.96|0.38|0.55
epoch:115, loss: 0.12539192289113998, other:0.93|1.00|0.96, company:0.96|0.81|0.88, address:1.00|0.82|0.90, date:0.99|0.50|0.66, total:0.93|0.40|0.56
epoch:116, loss: 0.13509147945377561, other:0.92|1.00|0.96, company:0.93|0.82|0.87, address:1.00|0.78|0.87, date:0.99|0.49|0.66, total:0.97|0.37|0.53
epoch:117, loss: 0.126619939174917, other:0.93|1.00|0.96, company:0.97|0.83|0.89, address:0.99|0.80|0.89, date:0.98|0.53|0.69, total:0.96|0.35|0.51
epoch:118, loss: 0.12635178201728398, other:0.92|1.00|0.96, company:0.96|0.79|0.87, address:1.00|0.77|0.87, date:0.99|0.53|0.69, total:0.95|0.36|0.53
epoch:119, loss: 0.13292472450821488, other:0.92|1.00|0.96, company:0.97|0.80|0.88, address:1.00|0.76|0.86, date:1.00|0.46|0.63, total:0.96|0.38|0.54
epoch:120, loss: 0.12104717393716176, other:0.93|1.00|0.96, company:0.97|0.81|0.88, address:1.00|0.79|0.88, date:0.99|0.55|0.71, total:0.97|0.36|0.52
epoch:121, loss: 0.12695172484274264, other:0.93|1.00|0.96, company:0.96|0.83|0.89, address:1.00|0.79|0.88, date:0.99|0.52|0.68, total:0.96|0.39|0.55
epoch:122, loss: 0.12221912598168408, other:0.93|1.00|0.96, company:0.96|0.83|0.89, address:0.99|0.81|0.89, date:0.98|0.56|0.71, total:0.97|0.37|0.54
epoch:123, loss: 0.11721738400282683, other:0.93|1.00|0.96, company:0.98|0.81|0.88, address:1.00|0.80|0.89, date:0.99|0.57|0.72, total:0.96|0.37|0.54
epoch:124, loss: 0.13446747290867347, other:0.92|1.00|0.96, company:0.95|0.81|0.87, address:1.00|0.80|0.89, date:0.99|0.50|0.66, total:0.97|0.33|0.49
epoch:125, loss: 0.1233011997408337, other:0.92|1.00|0.96, company:0.97|0.80|0.88, address:1.00|0.76|0.86, date:0.99|0.53|0.69, total:0.97|0.36|0.53
epoch:126, loss: 0.13001158750719494, other:0.92|1.00|0.96, company:0.95|0.85|0.90, address:1.00|0.78|0.88, date:0.99|0.53|0.69, total:0.97|0.35|0.51
epoch:127, loss: 0.11881254420236305, other:0.93|1.00|0.96, company:0.98|0.80|0.88, address:1.00|0.79|0.88, date:0.99|0.55|0.71, total:0.97|0.36|0.52
epoch:128, loss: 0.11756510867012872, other:0.94|1.00|0.97, company:0.96|0.83|0.89, address:1.00|0.82|0.90, date:0.99|0.54|0.70, total:0.95|0.40|0.56
epoch:129, loss: 0.14865216336868428, other:0.93|1.00|0.96, company:0.88|0.83|0.85, address:0.98|0.80|0.88, date:1.00|0.50|0.67, total:0.97|0.36|0.53
epoch:130, loss: 0.1252827059339594, other:0.92|1.00|0.96, company:0.98|0.80|0.88, address:1.00|0.78|0.87, date:0.99|0.50|0.67, total:0.99|0.33|0.50
epoch:131, loss: 0.12155069548774648, other:0.93|1.00|0.96, company:0.96|0.84|0.89, address:1.00|0.78|0.88, date:0.99|0.50|0.67, total:0.97|0.39|0.56
epoch:132, loss: 0.1315787829182766, other:0.91|1.00|0.95, company:0.98|0.77|0.86, address:0.99|0.80|0.89, date:0.99|0.49|0.66, total:0.96|0.32|0.48
epoch:133, loss: 0.11711713754468495, other:0.93|1.00|0.96, company:0.97|0.82|0.89, address:1.00|0.79|0.88, date:0.99|0.55|0.71, total:0.97|0.38|0.54
epoch:134, loss: 0.11357624608057516, other:0.94|1.00|0.97, company:0.97|0.82|0.89, address:0.99|0.83|0.90, date:1.00|0.61|0.76, total:0.95|0.40|0.56
epoch:135, loss: 0.11988577357044926, other:0.93|1.00|0.96, company:0.96|0.82|0.89, address:1.00|0.82|0.90, date:0.99|0.52|0.68, total:0.97|0.37|0.53
epoch:136, loss: 0.11467744823959139, other:0.93|1.00|0.96, company:0.98|0.79|0.88, address:1.00|0.78|0.88, date:0.99|0.56|0.72, total:0.96|0.40|0.56
epoch:137, loss: 0.12070825971938946, other:0.92|1.00|0.96, company:0.98|0.80|0.88, address:1.00|0.77|0.87, date:1.00|0.46|0.63, total:0.95|0.41|0.57
epoch:138, loss: 0.12491484621056805, other:0.93|1.00|0.96, company:0.96|0.82|0.89, address:1.00|0.77|0.87, date:0.99|0.55|0.71, total:0.95|0.37|0.53
epoch:139, loss: 0.11824089454280005, other:0.93|1.00|0.96, company:0.97|0.81|0.89, address:0.99|0.81|0.89, date:0.99|0.57|0.72, total:0.97|0.35|0.52
epoch:140, loss: 0.11682659967078103, other:0.92|1.00|0.96, company:0.97|0.81|0.89, address:1.00|0.79|0.88, date:0.99|0.56|0.71, total:0.98|0.35|0.51
epoch:141, loss: 0.11887042941870513, other:0.93|1.00|0.96, company:0.98|0.74|0.85, address:0.99|0.80|0.88, date:0.99|0.55|0.71, total:0.95|0.41|0.58
epoch:142, loss: 0.11522231030243414, other:0.93|1.00|0.97, company:0.97|0.83|0.89, address:1.00|0.83|0.91, date:1.00|0.51|0.68, total:0.97|0.40|0.57
epoch:143, loss: 0.1124745461123961, other:0.93|1.00|0.96, company:0.97|0.82|0.89, address:1.00|0.79|0.88, date:1.00|0.54|0.70, total:0.98|0.37|0.54
epoch:144, loss: 0.10601864368827255, other:0.94|1.00|0.97, company:0.98|0.81|0.89, address:1.00|0.83|0.90, date:1.00|0.57|0.72, total:0.96|0.40|0.57
epoch:145, loss: 0.11569450657676768, other:0.93|1.00|0.97, company:0.96|0.82|0.88, address:0.99|0.83|0.91, date:1.00|0.59|0.74, total:0.98|0.36|0.53
epoch:146, loss: 0.11602053211794959, other:0.92|1.00|0.96, company:0.98|0.82|0.89, address:1.00|0.82|0.90, date:1.00|0.52|0.68, total:0.99|0.34|0.51
epoch:147, loss: 0.11583740595314237, other:0.93|1.00|0.96, company:0.98|0.79|0.88, address:1.00|0.81|0.89, date:1.00|0.60|0.75, total:0.94|0.37|0.53
epoch:148, loss: 0.11408935928786243, other:0.93|1.00|0.97, company:0.98|0.84|0.90, address:0.99|0.84|0.91, date:0.99|0.57|0.73, total:0.98|0.37|0.53
epoch:149, loss: 0.10936721193569678, other:0.93|1.00|0.96, company:0.97|0.83|0.89, address:1.00|0.82|0.90, date:1.00|0.58|0.73, total:0.98|0.36|0.53
epoch:150, loss: 0.12125632497999403, other:0.94|1.00|0.97, company:0.92|0.84|0.88, address:1.00|0.81|0.89, date:1.00|0.60|0.75, total:0.97|0.40|0.57
epoch:151, loss: 0.10403724318301236, other:0.94|1.00|0.97, company:0.98|0.80|0.88, address:1.00|0.83|0.91, date:1.00|0.56|0.72, total:0.97|0.39|0.56
epoch:152, loss: 0.10632961105417323, other:0.94|1.00|0.97, company:0.98|0.81|0.89, address:1.00|0.81|0.90, date:1.00|0.57|0.72, total:0.96|0.42|0.58
epoch:153, loss: 0.11019997188338528, other:0.93|1.00|0.96, company:0.98|0.81|0.88, address:1.00|0.79|0.88, date:1.00|0.54|0.70, total:0.99|0.36|0.53
epoch:154, loss: 0.10249022118471286, other:0.94|1.00|0.97, company:0.98|0.81|0.89, address:0.99|0.83|0.91, date:1.00|0.57|0.73, total:0.96|0.43|0.59
epoch:155, loss: 0.10636630737119251, other:0.94|1.00|0.97, company:0.98|0.80|0.88, address:1.00|0.83|0.90, date:1.00|0.55|0.71, total:0.97|0.41|0.58
epoch:156, loss: 0.09892098136522152, other:0.94|1.00|0.97, company:0.99|0.80|0.88, address:0.99|0.84|0.91, date:0.99|0.59|0.74, total:0.98|0.41|0.58
epoch:157, loss: 0.10944927649365531, other:0.95|1.00|0.97, company:0.98|0.85|0.91, address:1.00|0.84|0.91, date:1.00|0.61|0.76, total:0.92|0.43|0.58
epoch:158, loss: 0.10680299390245367, other:0.94|1.00|0.97, company:0.98|0.83|0.90, address:0.99|0.85|0.91, date:1.00|0.58|0.73, total:0.97|0.39|0.55
epoch:159, loss: 0.09977334296261822, other:0.94|1.00|0.97, company:0.99|0.80|0.88, address:1.00|0.83|0.91, date:1.00|0.57|0.73, total:0.98|0.40|0.57
epoch:160, loss: 0.10625074086365877, other:0.93|1.00|0.96, company:0.99|0.81|0.89, address:1.00|0.79|0.88, date:1.00|0.56|0.72, total:0.98|0.37|0.54
epoch:161, loss: 0.13273707252961617, other:0.95|1.00|0.97, company:0.89|0.84|0.86, address:0.98|0.81|0.89, date:1.00|0.58|0.73, total:0.96|0.45|0.61
epoch:162, loss: 0.10598191260187714, other:0.94|1.00|0.97, company:0.97|0.83|0.90, address:0.99|0.84|0.91, date:1.00|0.59|0.74, total:0.98|0.39|0.56
epoch:163, loss: 0.10423814174201754, other:0.94|1.00|0.97, company:0.98|0.85|0.91, address:0.99|0.85|0.92, date:1.00|0.59|0.74, total:0.98|0.40|0.57
epoch:164, loss: 0.1079990201526218, other:0.94|1.00|0.97, company:0.96|0.83|0.89, address:0.99|0.85|0.91, date:1.00|0.56|0.72, total:0.97|0.39|0.56
epoch:165, loss: 0.0953543783613929, other:0.94|1.00|0.97, company:0.99|0.81|0.89, address:0.99|0.85|0.92, date:1.00|0.61|0.76, total:0.98|0.41|0.57
epoch:166, loss: 0.10221571033751523, other:0.93|1.00|0.96, company:0.98|0.82|0.89, address:1.00|0.81|0.90, date:1.00|0.54|0.70, total:0.98|0.39|0.56
epoch:167, loss: 0.10942188374422214, other:0.93|1.00|0.97, company:0.98|0.84|0.90, address:0.99|0.85|0.91, date:1.00|0.59|0.74, total:0.99|0.36|0.53
epoch:168, loss: 0.09961859605930469, other:0.94|1.00|0.97, company:0.99|0.79|0.88, address:1.00|0.82|0.90, date:1.00|0.58|0.74, total:0.97|0.44|0.61
epoch:169, loss: 0.10671936748204408, other:0.94|1.00|0.97, company:0.97|0.84|0.90, address:0.99|0.83|0.90, date:0.99|0.57|0.73, total:0.98|0.42|0.58
epoch:170, loss: 0.10429292061814556, other:0.93|1.00|0.97, company:0.99|0.82|0.90, address:0.99|0.84|0.91, date:1.00|0.55|0.71, total:0.99|0.39|0.56
epoch:171, loss: 0.10055672901648062, other:0.93|1.00|0.96, company:0.99|0.80|0.89, address:0.99|0.83|0.90, date:1.00|0.53|0.70, total:0.99|0.39|0.56
epoch:172, loss: 0.09753164731793934, other:0.95|1.00|0.97, company:0.98|0.84|0.91, address:1.00|0.82|0.90, date:0.99|0.70|0.82, total:0.96|0.42|0.58
epoch:173, loss: 0.09672268093736083, other:0.94|1.00|0.97, company:0.98|0.83|0.90, address:1.00|0.83|0.90, date:1.00|0.65|0.79, total:0.98|0.39|0.56
epoch:174, loss: 0.10065430457945224, other:0.94|1.00|0.97, company:0.98|0.83|0.90, address:1.00|0.83|0.91, date:1.00|0.58|0.73, total:0.96|0.42|0.59
epoch:175, loss: 0.09611343482026348, other:0.94|1.00|0.97, company:0.99|0.82|0.90, address:1.00|0.83|0.91, date:0.99|0.61|0.76, total:0.97|0.44|0.61
epoch:176, loss: 0.09710557869187107, other:0.94|1.00|0.97, company:0.99|0.83|0.90, address:0.99|0.88|0.93, date:1.00|0.56|0.72, total:0.98|0.39|0.56
epoch:177, loss: 0.09403322995812805, other:0.94|1.00|0.97, company:0.99|0.80|0.89, address:1.00|0.83|0.90, date:1.00|0.59|0.74, total:0.98|0.42|0.58
epoch:178, loss: 0.1001419965867643, other:0.94|1.00|0.97, company:0.98|0.85|0.91, address:1.00|0.87|0.93, date:1.00|0.59|0.74, total:0.97|0.39|0.56
epoch:179, loss: 0.09739765828406369, other:0.94|1.00|0.97, company:0.96|0.84|0.90, address:1.00|0.82|0.90, date:1.00|0.61|0.76, total:0.98|0.44|0.61
epoch:180, loss: 0.09346800214714474, other:0.94|1.00|0.97, company:0.98|0.84|0.90, address:1.00|0.84|0.91, date:1.00|0.61|0.76, total:0.97|0.43|0.59
epoch:181, loss: 0.0994861622651418, other:0.94|1.00|0.97, company:0.97|0.85|0.90, address:0.99|0.86|0.92, date:1.00|0.60|0.75, total:0.99|0.39|0.56
epoch:182, loss: 0.08964893525397336, other:0.95|1.00|0.97, company:0.99|0.83|0.90, address:1.00|0.85|0.92, date:1.00|0.60|0.75, total:0.95|0.48|0.64
epoch:183, loss: 0.0916508277533231, other:0.95|1.00|0.97, company:0.99|0.79|0.88, address:0.99|0.83|0.91, date:1.00|0.64|0.78, total:0.97|0.44|0.61
epoch:184, loss: 0.0902840904891491, other:0.95|1.00|0.97, company:0.99|0.84|0.91, address:1.00|0.84|0.91, date:1.00|0.62|0.77, total:0.98|0.47|0.63
epoch:185, loss: 0.0902078724293797, other:0.94|1.00|0.97, company:0.99|0.85|0.91, address:1.00|0.85|0.92, date:1.00|0.59|0.74, total:0.99|0.44|0.61
epoch:186, loss: 0.09622572293436085, other:0.94|1.00|0.97, company:0.99|0.84|0.91, address:1.00|0.83|0.90, date:1.00|0.55|0.71, total:0.97|0.42|0.58
epoch:187, loss: 0.09251612052321434, other:0.94|1.00|0.97, company:0.99|0.83|0.90, address:1.00|0.85|0.91, date:1.00|0.57|0.73, total:0.99|0.41|0.58
epoch:188, loss: 0.09450630167568172, other:0.94|1.00|0.97, company:0.99|0.82|0.90, address:1.00|0.83|0.90, date:1.00|0.56|0.72, total:0.99|0.42|0.59
epoch:189, loss: 0.08802005579626118, other:0.94|1.00|0.97, company:0.99|0.84|0.91, address:1.00|0.85|0.92, date:1.00|0.64|0.78, total:0.99|0.41|0.58
epoch:190, loss: 0.08958641356892055, other:0.95|1.00|0.97, company:0.98|0.84|0.90, address:1.00|0.84|0.91, date:1.00|0.68|0.81, total:0.97|0.43|0.59
epoch:191, loss: 0.08727445218850065, other:0.94|1.00|0.97, company:0.99|0.83|0.90, address:1.00|0.82|0.90, date:1.00|0.64|0.78, total:0.99|0.43|0.60
epoch:192, loss: 0.10230006470724388, other:0.93|1.00|0.96, company:0.99|0.83|0.91, address:0.99|0.83|0.90, date:1.00|0.61|0.76, total:0.97|0.35|0.51
epoch:193, loss: 0.08775675186404476, other:0.94|1.00|0.97, company:1.00|0.75|0.86, address:0.99|0.86|0.92, date:1.00|0.63|0.77, total:0.98|0.41|0.58
epoch:194, loss: 0.09473980687282703, other:0.94|1.00|0.97, company:0.96|0.86|0.91, address:1.00|0.84|0.91, date:1.00|0.64|0.78, total:0.99|0.40|0.57
epoch:195, loss: 0.08341428678896692, other:0.95|1.00|0.97, company:0.99|0.84|0.91, address:1.00|0.87|0.93, date:1.00|0.64|0.78, total:0.98|0.44|0.61
epoch:196, loss: 0.09021343014858386, other:0.94|1.00|0.97, company:0.99|0.84|0.91, address:1.00|0.86|0.92, date:1.00|0.52|0.69, total:0.99|0.44|0.61
epoch:197, loss: 0.08586787128890003, other:0.95|1.00|0.97, company:0.99|0.85|0.91, address:1.00|0.87|0.93, date:1.00|0.61|0.76, total:0.98|0.44|0.61
epoch:198, loss: 0.09416831036408742, other:0.94|1.00|0.97, company:0.98|0.83|0.90, address:1.00|0.83|0.91, date:1.00|0.61|0.76, total:0.99|0.39|0.55
epoch:199, loss: 0.09463223456232636, other:0.95|1.00|0.97, company:0.99|0.84|0.91, address:1.00|0.86|0.92, date:1.00|0.59|0.74, total:0.93|0.44|0.59
epoch:200, loss: 0.08849031298800751, other:0.94|1.00|0.97, company:0.99|0.82|0.90, address:1.00|0.86|0.93, date:1.00|0.54|0.71, total:0.98|0.44|0.60
epoch:201, loss: 0.08887280151247978, other:0.95|1.00|0.97, company:0.99|0.84|0.91, address:1.00|0.86|0.93, date:1.00|0.61|0.76, total:0.99|0.43|0.60
epoch:202, loss: 0.09927750709984037, other:0.94|1.00|0.97, company:0.96|0.86|0.91, address:1.00|0.85|0.92, date:1.00|0.59|0.74, total:0.99|0.39|0.56
epoch:203, loss: 0.09110353183415201, other:0.94|1.00|0.97, company:1.00|0.78|0.88, address:0.99|0.82|0.90, date:1.00|0.56|0.72, total:0.99|0.44|0.61
epoch:204, loss: 0.09294962717427148, other:0.94|1.00|0.97, company:0.99|0.83|0.90, address:1.00|0.82|0.90, date:1.00|0.56|0.72, total:1.00|0.40|0.57
epoch:205, loss: 0.08400345138377613, other:0.95|1.00|0.98, company:0.99|0.85|0.91, address:1.00|0.87|0.93, date:1.00|0.63|0.77, total:0.98|0.49|0.66
epoch:206, loss: 0.08489547131790055, other:0.95|1.00|0.97, company:0.99|0.85|0.91, address:1.00|0.88|0.93, date:1.00|0.66|0.79, total:0.99|0.41|0.58
epoch:207, loss: 0.09152043307269062, other:0.94|1.00|0.97, company:0.99|0.81|0.89, address:1.00|0.87|0.93, date:1.00|0.57|0.73, total:0.98|0.39|0.56
epoch:208, loss: 0.080983212976544, other:0.95|1.00|0.97, company:0.99|0.84|0.91, address:1.00|0.89|0.94, date:1.00|0.61|0.76, total:0.99|0.45|0.62
epoch:209, loss: 0.10064289332539947, other:0.93|1.00|0.96, company:0.99|0.84|0.91, address:1.00|0.83|0.91, date:1.00|0.54|0.70, total:1.00|0.36|0.53
epoch:210, loss: 0.08772165631806408, other:0.94|1.00|0.97, company:0.99|0.84|0.91, address:1.00|0.88|0.93, date:1.00|0.60|0.75, total:0.98|0.41|0.57
epoch:211, loss: 0.07917750971736731, other:0.95|1.00|0.98, company:0.99|0.85|0.92, address:1.00|0.88|0.94, date:1.00|0.66|0.79, total:0.98|0.46|0.63
epoch:212, loss: 0.08074907986102281, other:0.95|1.00|0.97, company:0.99|0.81|0.89, address:1.00|0.88|0.93, date:1.00|0.65|0.78, total:0.99|0.45|0.62
epoch:213, loss: 0.08257719488055618, other:0.95|1.00|0.97, company:0.98|0.85|0.91, address:1.00|0.86|0.92, date:1.00|0.66|0.79, total:0.99|0.44|0.61
epoch:214, loss: 0.07598607738812764, other:0.95|1.00|0.98, company:1.00|0.82|0.90, address:1.00|0.87|0.93, date:1.00|0.66|0.80, total:0.99|0.47|0.64
epoch:215, loss: 0.08308136380381054, other:0.95|1.00|0.97, company:0.98|0.84|0.91, address:1.00|0.86|0.92, date:1.00|0.66|0.80, total:0.99|0.44|0.60
epoch:216, loss: 0.08145624040453522, other:0.95|1.00|0.97, company:1.00|0.83|0.91, address:1.00|0.84|0.91, date:1.00|0.65|0.79, total:0.99|0.43|0.60
epoch:217, loss: 0.08636411458805755, other:0.95|1.00|0.97, company:0.99|0.87|0.92, address:1.00|0.87|0.93, date:1.00|0.61|0.76, total:0.97|0.45|0.62
epoch:218, loss: 0.08105628192424774, other:0.96|1.00|0.98, company:0.99|0.84|0.90, address:1.00|0.86|0.92, date:1.00|0.68|0.81, total:0.98|0.50|0.66
epoch:219, loss: 0.07852212008502749, other:0.95|1.00|0.97, company:1.00|0.84|0.91, address:1.00|0.86|0.93, date:1.00|0.65|0.79, total:0.99|0.45|0.62
epoch:220, loss: 0.0782313524848885, other:0.95|1.00|0.98, company:0.99|0.85|0.91, address:1.00|0.88|0.94, date:1.00|0.69|0.82, total:0.99|0.45|0.62
epoch:221, loss: 0.07508255072213986, other:0.95|1.00|0.98, company:0.99|0.83|0.91, address:1.00|0.87|0.93, date:1.00|0.69|0.82, total:0.99|0.47|0.64
epoch:222, loss: 0.07621762915341943, other:0.95|1.00|0.97, company:1.00|0.83|0.91, address:1.00|0.85|0.92, date:1.00|0.63|0.78, total:0.99|0.46|0.63
epoch:223, loss: 0.08058168725283057, other:0.94|1.00|0.97, company:1.00|0.85|0.91, address:1.00|0.88|0.93, date:1.00|0.61|0.76, total:1.00|0.41|0.58
epoch:224, loss: 0.07940821128862875, other:0.95|1.00|0.97, company:0.99|0.85|0.91, address:1.00|0.88|0.93, date:1.00|0.66|0.79, total:0.99|0.43|0.60
epoch:225, loss: 0.08099433007063689, other:0.94|1.00|0.97, company:0.99|0.82|0.90, address:1.00|0.87|0.93, date:1.00|0.62|0.76, total:1.00|0.41|0.58
epoch:226, loss: 0.0824971512235977, other:0.95|1.00|0.97, company:1.00|0.76|0.86, address:0.99|0.84|0.91, date:1.00|0.64|0.78, total:0.99|0.46|0.62
epoch:227, loss: 0.08753935068293854, other:0.94|1.00|0.97, company:0.99|0.83|0.91, address:1.00|0.86|0.92, date:1.00|0.63|0.77, total:1.00|0.39|0.56
epoch:228, loss: 0.09014174148992256, other:0.94|1.00|0.97, company:0.98|0.86|0.92, address:1.00|0.87|0.93, date:1.00|0.63|0.77, total:0.99|0.40|0.57
epoch:229, loss: 0.0899231571842123, other:0.93|1.00|0.97, company:1.00|0.79|0.88, address:1.00|0.85|0.92, date:1.00|0.59|0.74, total:1.00|0.38|0.55
epoch:230, loss: 0.08280154676349075, other:0.95|1.00|0.97, company:0.99|0.84|0.91, address:1.00|0.87|0.93, date:1.00|0.63|0.77, total:0.98|0.43|0.60
epoch:231, loss: 0.0833335059384505, other:0.94|1.00|0.97, company:1.00|0.83|0.90, address:1.00|0.88|0.94, date:1.00|0.63|0.78, total:0.99|0.39|0.56
epoch:232, loss: 0.07681698255516865, other:0.95|1.00|0.98, company:1.00|0.82|0.90, address:1.00|0.87|0.93, date:1.00|0.66|0.80, total:0.99|0.47|0.64
epoch:233, loss: 0.07519479344288509, other:0.95|1.00|0.97, company:0.99|0.85|0.92, address:1.00|0.89|0.94, date:1.00|0.66|0.80, total:0.99|0.44|0.61
epoch:234, loss: 0.07394158509042528, other:0.96|1.00|0.98, company:1.00|0.84|0.91, address:1.00|0.87|0.93, date:1.00|0.67|0.80, total:0.97|0.52|0.67
epoch:235, loss: 0.07402766854674728, other:0.95|1.00|0.98, company:0.99|0.84|0.91, address:1.00|0.88|0.93, date:1.00|0.65|0.79, total:0.99|0.46|0.63
epoch:236, loss: 0.08319415110680792, other:0.95|1.00|0.97, company:0.99|0.86|0.92, address:0.99|0.90|0.95, date:1.00|0.68|0.81, total:1.00|0.39|0.56
epoch:237, loss: 0.08233253699209955, other:0.95|1.00|0.97, company:0.99|0.85|0.91, address:1.00|0.87|0.93, date:1.00|0.66|0.79, total:0.99|0.40|0.57
epoch:238, loss: 0.07365680361787479, other:0.95|1.00|0.98, company:1.00|0.82|0.90, address:1.00|0.88|0.94, date:1.00|0.68|0.81, total:0.99|0.45|0.62
epoch:239, loss: 0.0745608493409775, other:0.95|1.00|0.97, company:1.00|0.85|0.92, address:1.00|0.87|0.93, date:1.00|0.67|0.81, total:1.00|0.42|0.59
epoch:240, loss: 0.07312695447493482, other:0.95|1.00|0.97, company:1.00|0.85|0.92, address:1.00|0.86|0.92, date:1.00|0.67|0.80, total:0.99|0.46|0.63
epoch:241, loss: 0.07172762161051785, other:0.96|1.00|0.98, company:0.99|0.86|0.92, address:1.00|0.89|0.94, date:1.00|0.65|0.78, total:0.99|0.48|0.65
epoch:242, loss: 0.07859433000838315, other:0.95|1.00|0.97, company:0.99|0.86|0.92, address:1.00|0.88|0.94, date:1.00|0.68|0.81, total:0.99|0.42|0.59
epoch:243, loss: 0.06810022876770408, other:0.96|1.00|0.98, company:0.99|0.85|0.92, address:1.00|0.88|0.93, date:1.00|0.70|0.83, total:0.99|0.49|0.65
epoch:244, loss: 0.07347497882114516, other:0.95|1.00|0.97, company:1.00|0.85|0.92, address:1.00|0.88|0.93, date:1.00|0.65|0.79, total:1.00|0.44|0.61
epoch:245, loss: 0.06612929605223515, other:0.96|1.00|0.98, company:1.00|0.83|0.91, address:1.00|0.90|0.95, date:1.00|0.69|0.82, total:0.99|0.51|0.67
epoch:246, loss: 0.08325494522297824, other:0.94|1.00|0.97, company:0.99|0.85|0.92, address:1.00|0.86|0.92, date:1.00|0.60|0.75, total:1.00|0.41|0.58
epoch:247, loss: 0.08083573673610334, other:0.94|1.00|0.97, company:1.00|0.84|0.91, address:1.00|0.85|0.92, date:1.00|0.68|0.81, total:0.99|0.39|0.56
epoch:248, loss: 0.07806305325141659, other:0.95|1.00|0.97, company:0.99|0.85|0.92, address:1.00|0.86|0.92, date:1.00|0.60|0.75, total:0.99|0.46|0.62
epoch:249, loss: 0.08837639664610226, other:0.94|1.00|0.97, company:0.99|0.85|0.92, address:1.00|0.89|0.94, date:1.00|0.68|0.81, total:1.00|0.37|0.54
epoch:250, loss: 0.08903234093277543, other:0.94|1.00|0.97, company:0.98|0.85|0.91, address:1.00|0.87|0.93, date:1.00|0.60|0.75, total:1.00|0.38|0.55
epoch:251, loss: 0.07573661346126485, other:0.95|1.00|0.97, company:1.00|0.84|0.91, address:1.00|0.86|0.92, date:1.00|0.62|0.76, total:0.99|0.47|0.64
epoch:252, loss: 0.07268226091508512, other:0.95|1.00|0.98, company:0.99|0.84|0.91, address:1.00|0.86|0.92, date:1.00|0.70|0.82, total:0.99|0.48|0.64
epoch:253, loss: 0.08178889613460612, other:0.96|1.00|0.98, company:0.97|0.86|0.91, address:1.00|0.89|0.94, date:1.00|0.65|0.79, total:0.97|0.47|0.63
epoch:254, loss: 0.07581540183336646, other:0.95|1.00|0.97, company:1.00|0.85|0.92, address:1.00|0.87|0.93, date:1.00|0.65|0.79, total:0.99|0.43|0.60
epoch:255, loss: 0.08299545033110513, other:0.95|1.00|0.97, company:0.99|0.83|0.90, address:1.00|0.85|0.92, date:1.00|0.63|0.78, total:0.99|0.43|0.60
epoch:256, loss: 0.07500243449100742, other:0.95|1.00|0.97, company:1.00|0.83|0.91, address:1.00|0.89|0.94, date:1.00|0.64|0.78, total:1.00|0.43|0.60
epoch:257, loss: 0.07332696945027069, other:0.96|1.00|0.98, company:0.98|0.87|0.92, address:1.00|0.89|0.94, date:1.00|0.67|0.80, total:0.99|0.50|0.66
epoch:258, loss: 0.06871242807419212, other:0.96|1.00|0.98, company:1.00|0.83|0.91, address:1.00|0.88|0.94, date:1.00|0.67|0.80, total:0.99|0.50|0.66
epoch:259, loss: 0.06915881898668078, other:0.96|1.00|0.98, company:0.99|0.86|0.92, address:1.00|0.88|0.93, date:1.00|0.67|0.81, total:0.99|0.48|0.65
epoch:260, loss: 0.07167762959444965, other:0.95|1.00|0.98, company:0.99|0.85|0.92, address:1.00|0.85|0.92, date:1.00|0.69|0.82, total:0.99|0.47|0.64
epoch:261, loss: 0.07854418497946528, other:0.95|1.00|0.97, company:0.98|0.86|0.92, address:0.99|0.85|0.92, date:1.00|0.63|0.78, total:0.99|0.47|0.64
epoch:262, loss: 0.06725314383705457, other:0.96|1.00|0.98, company:1.00|0.85|0.92, address:1.00|0.89|0.94, date:1.00|0.68|0.81, total:0.99|0.49|0.66
epoch:263, loss: 0.06881328616981153, other:0.96|1.00|0.98, company:0.99|0.87|0.93, address:1.00|0.90|0.95, date:1.00|0.66|0.79, total:1.00|0.47|0.64
epoch:264, loss: 0.07245685946610239, other:0.95|1.00|0.97, company:1.00|0.85|0.92, address:1.00|0.87|0.93, date:1.00|0.64|0.78, total:1.00|0.44|0.61
epoch:265, loss: 0.08472841840099406, other:0.95|1.00|0.97, company:0.99|0.85|0.92, address:1.00|0.88|0.94, date:1.00|0.67|0.80, total:0.96|0.43|0.59
epoch:266, loss: 0.0716154898206393, other:0.96|1.00|0.98, company:1.00|0.84|0.91, address:1.00|0.88|0.93, date:1.00|0.72|0.84, total:0.99|0.47|0.64
epoch:267, loss: 0.06812871633856385, other:0.95|1.00|0.98, company:1.00|0.84|0.91, address:1.00|0.87|0.93, date:1.00|0.68|0.81, total:0.99|0.48|0.65
epoch:268, loss: 0.07314527283112209, other:0.95|1.00|0.97, company:1.00|0.84|0.91, address:1.00|0.88|0.94, date:1.00|0.65|0.79, total:1.00|0.45|0.62
epoch:269, loss: 0.0670094942605054, other:0.96|1.00|0.98, company:1.00|0.86|0.92, address:1.00|0.86|0.93, date:1.00|0.68|0.81, total:0.99|0.50|0.66
epoch:270, loss: 0.06667797322626468, other:0.95|1.00|0.98, company:1.00|0.84|0.91, address:1.00|0.88|0.93, date:1.00|0.68|0.81, total:0.99|0.47|0.64
epoch:271, loss: 0.06888242617801384, other:0.95|1.00|0.97, company:1.00|0.84|0.91, address:1.00|0.88|0.94, date:1.00|0.65|0.79, total:1.00|0.45|0.62
epoch:272, loss: 0.06782457273867395, other:0.95|1.00|0.98, company:1.00|0.86|0.93, address:1.00|0.88|0.94, date:1.00|0.67|0.80, total:1.00|0.45|0.62
epoch:273, loss: 0.07237705905680303, other:0.96|1.00|0.98, company:0.99|0.87|0.93, address:1.00|0.88|0.93, date:1.00|0.67|0.81, total:0.98|0.47|0.63
epoch:274, loss: 0.07781624752614233, other:0.94|1.00|0.97, company:1.00|0.84|0.91, address:1.00|0.84|0.91, date:1.00|0.61|0.75, total:0.99|0.44|0.61
epoch:275, loss: 0.07014677990917806, other:0.95|1.00|0.98, company:0.99|0.84|0.91, address:1.00|0.90|0.94, date:1.00|0.67|0.80, total:1.00|0.46|0.63
epoch:276, loss: 0.06876965060278221, other:0.96|1.00|0.98, company:1.00|0.86|0.92, address:1.00|0.89|0.94, date:1.00|0.73|0.84, total:0.99|0.46|0.63
epoch:277, loss: 0.06132039620920464, other:0.96|1.00|0.98, company:1.00|0.84|0.91, address:1.00|0.90|0.94, date:1.00|0.68|0.81, total:1.00|0.52|0.68
epoch:278, loss: 0.06801330546538036, other:0.95|1.00|0.98, company:1.00|0.85|0.92, address:1.00|0.86|0.92, date:1.00|0.63|0.78, total:0.99|0.49|0.66
epoch:279, loss: 0.07249931052879051, other:0.95|1.00|0.98, company:0.99|0.87|0.93, address:1.00|0.86|0.92, date:1.00|0.61|0.76, total:0.99|0.49|0.66
epoch:280, loss: 0.07354707381239643, other:0.95|1.00|0.97, company:1.00|0.86|0.93, address:1.00|0.86|0.92, date:1.00|0.66|0.80, total:1.00|0.40|0.58
epoch:281, loss: 0.06818805428014861, other:0.96|1.00|0.98, company:1.00|0.80|0.89, address:0.99|0.90|0.95, date:1.00|0.64|0.78, total:1.00|0.50|0.67
epoch:282, loss: 0.06499145400744898, other:0.96|1.00|0.98, company:0.99|0.88|0.93, address:1.00|0.86|0.92, date:1.00|0.69|0.81, total:1.00|0.51|0.68
epoch:283, loss: 0.0721593641296581, other:0.95|1.00|0.98, company:0.98|0.87|0.92, address:1.00|0.87|0.93, date:1.00|0.70|0.82, total:1.00|0.45|0.62
epoch:284, loss: 0.06798819549105785, other:0.95|1.00|0.98, company:1.00|0.83|0.90, address:1.00|0.88|0.93, date:1.00|0.66|0.80, total:1.00|0.46|0.63
epoch:285, loss: 0.06750581855023349, other:0.95|1.00|0.98, company:1.00|0.84|0.91, address:1.00|0.89|0.94, date:1.00|0.71|0.83, total:1.00|0.46|0.63
epoch:286, loss: 0.07124947273620853, other:0.95|1.00|0.97, company:1.00|0.85|0.92, address:1.00|0.88|0.93, date:1.00|0.66|0.79, total:1.00|0.43|0.60
epoch:287, loss: 0.0690454297043659, other:0.95|1.00|0.98, company:1.00|0.86|0.92, address:1.00|0.88|0.93, date:1.00|0.66|0.79, total:1.00|0.47|0.64
epoch:288, loss: 0.07029236384012082, other:0.95|1.00|0.97, company:1.00|0.85|0.92, address:1.00|0.89|0.94, date:1.00|0.69|0.82, total:1.00|0.42|0.59
epoch:289, loss: 0.06695762014499416, other:0.95|1.00|0.98, company:1.00|0.85|0.92, address:1.00|0.89|0.94, date:1.00|0.66|0.79, total:1.00|0.44|0.61
epoch:290, loss: 0.06726507138874796, other:0.95|1.00|0.98, company:1.00|0.84|0.91, address:1.00|0.88|0.94, date:1.00|0.67|0.80, total:1.00|0.45|0.62
epoch:291, loss: 0.07060166296583635, other:0.96|1.00|0.98, company:0.98|0.88|0.93, address:1.00|0.89|0.94, date:1.00|0.67|0.81, total:0.99|0.50|0.66
epoch:292, loss: 0.058343713344247254, other:0.96|1.00|0.98, company:1.00|0.84|0.91, address:1.00|0.90|0.95, date:1.00|0.73|0.84, total:1.00|0.50|0.67
epoch:293, loss: 0.06388960847700084, other:0.96|1.00|0.98, company:1.00|0.87|0.93, address:1.00|0.92|0.96, date:1.00|0.71|0.83, total:1.00|0.47|0.64
epoch:294, loss: 0.06655507796892414, other:0.95|1.00|0.98, company:1.00|0.84|0.91, address:1.00|0.89|0.94, date:1.00|0.65|0.79, total:1.00|0.47|0.64
epoch:295, loss: 0.06001521164068469, other:0.96|1.00|0.98, company:1.00|0.86|0.92, address:1.00|0.90|0.95, date:1.00|0.67|0.80, total:0.99|0.51|0.68
epoch:296, loss: 0.06594767876797253, other:0.95|1.00|0.98, company:1.00|0.85|0.92, address:1.00|0.88|0.93, date:1.00|0.67|0.80, total:1.00|0.45|0.62
epoch:297, loss: 0.07227773357320715, other:0.95|1.00|0.97, company:1.00|0.84|0.91, address:1.00|0.87|0.93, date:1.00|0.62|0.77, total:1.00|0.44|0.61
epoch:298, loss: 0.07343585954772101, other:0.95|1.00|0.97, company:0.99|0.87|0.93, address:1.00|0.88|0.94, date:1.00|0.60|0.75, total:1.00|0.45|0.62
epoch:299, loss: 0.06629803514590969, other:0.96|1.00|0.98, company:1.00|0.87|0.93, address:1.00|0.88|0.94, date:1.00|0.72|0.84, total:1.00|0.46|0.63
