epoch:0, loss: 0.7140753202968173, other:1.00|0.90|0.94, company:0.00|0.00|0.00, address:0.06|0.52|0.11, date:0.00|0.00|0.00, total:0.00|0.00|0.00
epoch:1, loss: 0.33989469872580635, other:1.00|0.90|0.95, company:0.00|0.00|0.00, address:0.07|0.40|0.13, date:0.00|0.00|0.00, total:0.00|0.00|0.00
epoch:2, loss: 0.2762723642366904, other:0.99|0.93|0.96, company:0.00|1.00|0.01, address:0.52|0.52|0.52, date:0.00|0.00|0.00, total:0.00|0.00|0.00
epoch:3, loss: 0.24496132190580722, other:0.99|0.94|0.96, company:0.33|0.88|0.48, address:0.67|0.62|0.64, date:0.00|0.00|0.00, total:0.00|0.00|0.00
epoch:4, loss: 0.2248370592240934, other:0.99|0.94|0.97, company:0.74|0.76|0.75, address:0.67|0.74|0.70, date:0.00|0.00|0.00, total:0.00|0.00|0.00
epoch:5, loss: 0.21062897863211455, other:0.99|0.95|0.97, company:0.70|0.89|0.78, address:0.76|0.74|0.75, date:0.00|0.00|0.00, total:0.00|0.00|0.00
epoch:6, loss: 0.19698448368796595, other:0.99|0.94|0.97, company:0.72|0.91|0.80, address:0.69|0.79|0.74, date:0.00|0.00|0.00, total:0.00|1.00|0.00
epoch:7, loss: 0.1865745766295327, other:0.99|0.95|0.97, company:0.79|0.89|0.84, address:0.79|0.79|0.79, date:0.03|0.75|0.06, total:0.01|1.00|0.02
epoch:8, loss: 0.17819228216453833, other:0.99|0.95|0.97, company:0.79|0.90|0.84, address:0.79|0.79|0.79, date:0.03|1.00|0.05, total:0.01|1.00|0.02
epoch:9, loss: 0.1767649010375694, other:0.98|0.95|0.97, company:0.84|0.89|0.86, address:0.89|0.72|0.80, date:0.06|0.93|0.12, total:0.02|0.92|0.04
epoch:10, loss: 0.16583219998412663, other:0.99|0.94|0.97, company:0.79|0.93|0.85, address:0.72|0.86|0.78, date:0.07|0.98|0.13, total:0.04|0.85|0.08
epoch:11, loss: 0.15600484719982854, other:0.99|0.95|0.97, company:0.82|0.91|0.86, address:0.82|0.85|0.83, date:0.09|0.96|0.16, total:0.05|0.83|0.10
epoch:12, loss: 0.14937897854381138, other:0.98|0.96|0.97, company:0.89|0.87|0.88, address:0.90|0.79|0.84, date:0.22|0.90|0.35, total:0.14|0.81|0.24
epoch:13, loss: 0.14206453054039567, other:0.99|0.96|0.97, company:0.86|0.89|0.87, address:0.83|0.87|0.85, date:0.17|0.96|0.29, total:0.14|0.84|0.24
epoch:14, loss: 0.13886269126777295, other:0.99|0.96|0.97, company:0.85|0.90|0.88, address:0.83|0.90|0.86, date:0.24|0.97|0.38, total:0.22|0.81|0.35
epoch:15, loss: 0.13689008272356457, other:0.99|0.96|0.98, company:0.85|0.90|0.88, address:0.83|0.91|0.87, date:0.27|0.96|0.42, total:0.17|0.80|0.28
epoch:16, loss: 0.14206552505493164, other:0.98|0.96|0.97, company:0.90|0.84|0.87, address:0.87|0.81|0.84, date:0.39|0.71|0.50, total:0.20|0.83|0.32
epoch:17, loss: 0.13531193606279515, other:0.98|0.96|0.97, company:0.90|0.86|0.88, address:0.92|0.77|0.84, date:0.30|0.91|0.46, total:0.19|0.86|0.32
epoch:18, loss: 0.13121384354653182, other:0.98|0.97|0.98, company:0.90|0.88|0.88, address:0.93|0.85|0.89, date:0.45|0.85|0.59, total:0.43|0.55|0.48
epoch:19, loss: 0.12490510057519984, other:0.99|0.96|0.98, company:0.81|0.94|0.87, address:0.77|0.88|0.82, date:0.39|0.95|0.55, total:0.26|0.82|0.40
epoch:20, loss: 0.11996032159637522, other:0.99|0.97|0.98, company:0.87|0.93|0.90, address:0.90|0.89|0.89, date:0.50|0.91|0.64, total:0.41|0.62|0.49
epoch:21, loss: 0.11160518560144636, other:0.99|0.97|0.98, company:0.87|0.94|0.90, address:0.90|0.89|0.90, date:0.52|0.87|0.65, total:0.19|0.88|0.32
epoch:22, loss: 0.10683060768577787, other:0.99|0.97|0.98, company:0.88|0.90|0.89, address:0.92|0.89|0.91, date:0.54|0.92|0.68, total:0.23|0.86|0.36
epoch:23, loss: 0.10732699075230846, other:0.99|0.97|0.98, company:0.91|0.87|0.89, address:0.87|0.93|0.90, date:0.53|0.93|0.68, total:0.39|0.72|0.51
epoch:24, loss: 0.1133297927401684, other:0.99|0.96|0.98, company:0.89|0.90|0.89, address:0.76|0.94|0.84, date:0.50|0.92|0.65, total:0.19|0.92|0.32
epoch:25, loss: 0.10489164375596577, other:0.99|0.97|0.98, company:0.93|0.88|0.90, address:0.92|0.92|0.92, date:0.67|0.88|0.76, total:0.19|0.94|0.31
epoch:26, loss: 0.10632554965990561, other:0.99|0.97|0.98, company:0.91|0.89|0.90, address:0.93|0.90|0.92, date:0.43|0.93|0.59, total:0.46|0.72|0.56
epoch:27, loss: 0.10138399678247946, other:0.99|0.97|0.98, company:0.91|0.90|0.90, address:0.89|0.92|0.91, date:0.58|0.93|0.72, total:0.51|0.64|0.57
epoch:28, loss: 0.08916422283207928, other:0.99|0.98|0.98, company:0.90|0.92|0.91, address:0.94|0.93|0.93, date:0.66|0.91|0.76, total:0.36|0.89|0.52
epoch:29, loss: 0.10157495819860035, other:1.00|0.97|0.98, company:0.92|0.90|0.91, address:0.87|0.96|0.91, date:0.63|0.91|0.74, total:0.09|0.98|0.16
epoch:30, loss: 0.09758501775838711, other:0.99|0.98|0.98, company:0.91|0.91|0.91, address:0.96|0.85|0.90, date:0.71|0.89|0.79, total:0.26|0.96|0.41
epoch:31, loss: 0.092104973340476, other:0.99|0.97|0.98, company:0.84|0.94|0.89, address:0.91|0.86|0.89, date:0.69|0.90|0.78, total:0.35|0.88|0.50
epoch:32, loss: 0.08918594044667703, other:0.99|0.98|0.98, company:0.92|0.90|0.91, address:0.94|0.90|0.92, date:0.70|0.88|0.78, total:0.31|0.92|0.47
epoch:33, loss: 0.08570480305287573, other:0.99|0.97|0.98, company:0.92|0.90|0.91, address:0.91|0.94|0.93, date:0.75|0.90|0.82, total:0.26|0.94|0.41
epoch:34, loss: 0.08951977612795653, other:0.99|0.98|0.98, company:0.93|0.89|0.91, address:0.84|0.97|0.90, date:0.81|0.79|0.80, total:0.50|0.76|0.60
epoch:35, loss: 0.09355956867889122, other:0.98|0.98|0.98, company:0.94|0.88|0.91, address:0.91|0.93|0.92, date:0.80|0.83|0.81, total:0.71|0.54|0.61
epoch:36, loss: 0.09042087197303772, other:1.00|0.97|0.98, company:0.83|0.95|0.89, address:0.77|0.95|0.85, date:0.70|0.89|0.78, total:0.38|0.92|0.54
epoch:37, loss: 0.09636470427115758, other:0.97|0.99|0.98, company:0.85|0.95|0.90, address:0.96|0.84|0.90, date:0.84|0.75|0.79, total:0.72|0.57|0.64
epoch:38, loss: 0.09088142133421367, other:0.99|0.98|0.98, company:0.95|0.82|0.88, address:0.94|0.83|0.88, date:0.67|0.94|0.78, total:0.39|0.93|0.55
epoch:39, loss: 0.09458930017771544, other:0.99|0.98|0.98, company:0.88|0.94|0.91, address:0.97|0.86|0.91, date:0.84|0.80|0.82, total:0.17|0.98|0.29
epoch:40, loss: 0.08001443992058437, other:0.99|0.98|0.98, company:0.91|0.93|0.92, address:0.95|0.93|0.94, date:0.79|0.85|0.82, total:0.27|0.98|0.42
epoch:41, loss: 0.08477616806825002, other:0.98|0.99|0.98, company:0.94|0.89|0.92, address:0.97|0.87|0.92, date:0.81|0.79|0.80, total:0.63|0.71|0.67
epoch:42, loss: 0.0855717835602937, other:0.99|0.98|0.98, company:0.88|0.95|0.91, address:0.98|0.84|0.91, date:0.75|0.89|0.82, total:0.32|0.94|0.48
epoch:43, loss: 0.07462682161066267, other:1.00|0.97|0.98, company:0.91|0.93|0.92, address:0.88|0.95|0.92, date:0.73|0.93|0.82, total:0.38|0.96|0.55
epoch:44, loss: 0.08046415986286269, other:0.99|0.98|0.98, company:0.86|0.94|0.90, address:0.85|0.91|0.88, date:0.75|0.93|0.83, total:0.59|0.73|0.65
epoch:45, loss: 0.07403074384287552, other:0.99|0.98|0.99, company:0.95|0.89|0.92, address:0.92|0.97|0.94, date:0.81|0.87|0.84, total:0.32|0.98|0.48
epoch:46, loss: 0.07022234452543435, other:0.99|0.98|0.99, company:0.93|0.94|0.93, address:0.93|0.96|0.95, date:0.82|0.87|0.84, total:0.40|0.96|0.57
epoch:47, loss: 0.07065826171526203, other:0.99|0.98|0.99, company:0.91|0.94|0.93, address:0.88|0.96|0.92, date:0.89|0.85|0.87, total:0.37|0.95|0.53
epoch:48, loss: 0.08735679034833554, other:0.99|0.97|0.98, company:0.88|0.95|0.91, address:0.78|0.96|0.86, date:0.74|0.83|0.78, total:0.49|0.84|0.62
epoch:49, loss: 0.06681380683073292, other:0.99|0.98|0.99, company:0.92|0.93|0.93, address:0.97|0.94|0.95, date:0.80|0.88|0.84, total:0.50|0.92|0.65
epoch:50, loss: 0.07568568639733174, other:1.00|0.97|0.98, company:0.91|0.94|0.93, address:0.87|0.96|0.91, date:0.75|0.90|0.82, total:0.33|0.99|0.49
epoch:51, loss: 0.06147629091585124, other:0.99|0.98|0.99, company:0.94|0.93|0.93, address:0.98|0.93|0.96, date:0.73|0.96|0.83, total:0.53|0.91|0.67
epoch:52, loss: 0.056720341107359636, other:0.99|0.98|0.99, company:0.93|0.94|0.93, address:0.97|0.96|0.97, date:0.91|0.91|0.91, total:0.48|0.92|0.63
epoch:53, loss: 0.056449303334509884, other:0.99|0.99|0.99, company:0.93|0.92|0.93, address:0.97|0.95|0.96, date:0.92|0.90|0.91, total:0.49|0.97|0.65
epoch:54, loss: 0.07418305344051784, other:0.99|0.98|0.99, company:0.95|0.89|0.92, address:0.99|0.89|0.94, date:0.90|0.84|0.87, total:0.31|0.99|0.47
epoch:55, loss: 0.05852511649330457, other:0.99|0.99|0.99, company:0.95|0.91|0.93, address:0.96|0.97|0.97, date:0.95|0.83|0.89, total:0.53|0.94|0.67
epoch:56, loss: 0.05896555301215914, other:0.99|0.98|0.99, company:0.94|0.92|0.93, address:0.98|0.93|0.95, date:0.86|0.92|0.89, total:0.41|0.98|0.58
epoch:57, loss: 0.06484476835639388, other:0.99|0.98|0.99, company:0.93|0.92|0.93, address:0.98|0.87|0.92, date:0.79|0.96|0.87, total:0.50|0.92|0.65
epoch:58, loss: 0.07214732771670376, other:0.99|0.98|0.98, company:0.89|0.97|0.92, address:0.95|0.95|0.95, date:0.83|0.83|0.83, total:0.23|1.00|0.37
epoch:59, loss: 0.06227171255482568, other:0.99|0.98|0.99, company:0.91|0.94|0.93, address:0.97|0.91|0.94, date:0.92|0.85|0.88, total:0.42|0.99|0.59
epoch:60, loss: 0.08336860672743232, other:0.98|0.99|0.98, company:0.95|0.87|0.91, address:0.96|0.87|0.91, date:0.93|0.67|0.78, total:0.54|0.85|0.66
epoch:61, loss: 0.06669960764271242, other:0.99|0.99|0.99, company:0.85|0.96|0.90, address:0.97|0.89|0.93, date:0.84|0.90|0.87, total:0.67|0.76|0.72
epoch:62, loss: 0.06522856983873579, other:0.99|0.98|0.99, company:0.93|0.93|0.93, address:0.99|0.89|0.94, date:0.81|0.92|0.86, total:0.43|0.94|0.59
epoch:63, loss: 0.06737022032892262, other:1.00|0.97|0.99, company:0.89|0.95|0.92, address:0.87|0.98|0.92, date:0.81|0.93|0.87, total:0.36|1.00|0.52
epoch:64, loss: 0.0545076209085959, other:0.99|0.99|0.99, company:0.96|0.90|0.93, address:0.96|0.97|0.96, date:0.96|0.86|0.91, total:0.53|0.96|0.68
epoch:65, loss: 0.05439167952647916, other:0.99|0.99|0.99, company:0.88|0.96|0.92, address:0.97|0.95|0.96, date:0.74|0.97|0.84, total:0.70|0.80|0.75
epoch:66, loss: 0.05262350456582175, other:0.99|0.99|0.99, company:0.96|0.90|0.93, address:0.97|0.95|0.96, date:0.90|0.92|0.91, total:0.51|0.97|0.67
epoch:67, loss: 0.05481192276433662, other:0.99|0.98|0.99, company:0.95|0.93|0.94, address:0.99|0.91|0.95, date:0.82|0.97|0.89, total:0.47|0.97|0.63
epoch:68, loss: 0.050485490579847934, other:1.00|0.98|0.99, company:0.93|0.96|0.94, address:0.97|0.97|0.97, date:0.81|0.98|0.89, total:0.51|0.99|0.68
epoch:69, loss: 0.04801147079302205, other:1.00|0.99|0.99, company:0.92|0.96|0.94, address:0.94|0.99|0.96, date:0.84|0.95|0.89, total:0.70|0.89|0.78
epoch:70, loss: 0.046626279751459755, other:1.00|0.99|0.99, company:0.94|0.96|0.95, address:0.96|0.97|0.97, date:0.80|0.99|0.88, total:0.69|0.94|0.79
epoch:71, loss: 0.05132168910845562, other:1.00|0.98|0.99, company:0.90|0.97|0.94, address:0.94|0.98|0.96, date:0.71|0.98|0.82, total:0.54|0.96|0.69
epoch:72, loss: 0.053837733136283025, other:0.99|0.99|0.99, company:0.92|0.96|0.94, address:0.95|0.96|0.96, date:0.79|0.96|0.86, total:0.75|0.76|0.75
epoch:73, loss: 0.05228080586702735, other:1.00|0.98|0.99, company:0.96|0.94|0.95, address:0.97|0.99|0.98, date:0.91|0.95|0.93, total:0.39|0.99|0.56
epoch:74, loss: 0.045495188484589257, other:0.99|0.99|0.99, company:0.89|0.97|0.93, address:0.99|0.92|0.95, date:0.87|0.94|0.91, total:0.71|0.92|0.80
epoch:75, loss: 0.04900175450300729, other:1.00|0.98|0.99, company:0.90|0.97|0.94, address:0.95|0.94|0.95, date:0.85|0.95|0.90, total:0.51|0.99|0.68
epoch:76, loss: 0.05311852003689165, other:1.00|0.98|0.99, company:0.95|0.90|0.92, address:0.90|0.99|0.94, date:0.84|0.93|0.88, total:0.64|0.91|0.76
epoch:77, loss: 0.04583742131513578, other:0.99|0.99|0.99, company:0.94|0.94|0.94, address:0.98|0.96|0.97, date:0.96|0.88|0.92, total:0.64|0.93|0.76
epoch:78, loss: 0.04251117162682392, other:1.00|0.99|0.99, company:0.92|0.96|0.94, address:0.98|0.97|0.97, date:0.88|0.97|0.92, total:0.68|0.92|0.78
epoch:79, loss: 0.04925419376404197, other:0.99|0.99|0.99, company:0.98|0.93|0.95, address:0.99|0.95|0.97, date:0.92|0.88|0.90, total:0.78|0.77|0.78
epoch:80, loss: 0.04959279367769206, other:1.00|0.98|0.99, company:0.95|0.96|0.95, address:0.99|0.96|0.98, date:0.94|0.92|0.93, total:0.40|0.98|0.57
epoch:81, loss: 0.03908315852836326, other:0.99|0.99|0.99, company:0.97|0.95|0.96, address:0.97|0.98|0.98, date:0.92|0.95|0.93, total:0.81|0.80|0.81
epoch:82, loss: 0.03913354149295224, other:0.99|0.99|0.99, company:0.96|0.96|0.96, address:0.99|0.97|0.98, date:0.93|0.95|0.94, total:0.78|0.79|0.78
epoch:83, loss: 0.04061333993794741, other:1.00|0.99|0.99, company:0.94|0.96|0.95, address:0.97|0.98|0.97, date:0.93|0.93|0.93, total:0.69|0.92|0.79
epoch:84, loss: 0.03817638899717066, other:0.99|0.99|0.99, company:0.97|0.95|0.96, address:0.99|0.97|0.98, date:0.89|0.94|0.91, total:0.77|0.87|0.82
epoch:85, loss: 0.039728918561229, other:0.99|0.99|0.99, company:0.95|0.97|0.96, address:0.99|0.98|0.98, date:0.86|0.98|0.91, total:0.82|0.78|0.80
epoch:86, loss: 0.052308068645221216, other:0.99|0.99|0.99, company:0.89|0.99|0.94, address:0.94|0.98|0.96, date:0.86|0.85|0.85, total:0.83|0.74|0.78
epoch:87, loss: 0.044564472373437, other:1.00|0.98|0.99, company:0.93|0.96|0.95, address:0.90|1.00|0.95, date:0.82|0.98|0.89, total:0.69|0.91|0.79
epoch:88, loss: 0.043705692445790326, other:1.00|0.99|0.99, company:0.91|0.97|0.94, address:0.97|0.94|0.96, date:0.88|0.95|0.92, total:0.53|1.00|0.69
epoch:89, loss: 0.043699835806533145, other:1.00|0.99|0.99, company:0.91|0.98|0.95, address:0.88|0.98|0.93, date:0.95|0.95|0.95, total:0.79|0.86|0.82
epoch:90, loss: 0.03904272312367404, other:1.00|0.99|0.99, company:0.93|0.97|0.95, address:0.96|0.97|0.97, date:0.86|0.99|0.92, total:0.68|0.91|0.78
epoch:91, loss: 0.05309371788192679, other:0.99|0.98|0.99, company:0.90|0.97|0.93, address:0.91|0.99|0.95, date:0.80|0.95|0.86, total:0.72|0.82|0.76
epoch:92, loss: 0.043677105050947934, other:0.99|0.99|0.99, company:0.97|0.92|0.94, address:0.99|0.95|0.97, date:0.88|0.97|0.92, total:0.61|0.94|0.74
epoch:93, loss: 0.039227690892638986, other:1.00|0.99|0.99, company:0.92|0.98|0.95, address:0.93|0.99|0.96, date:0.88|0.98|0.93, total:0.71|0.91|0.80
epoch:94, loss: 0.03878202441113966, other:1.00|0.99|0.99, company:0.97|0.96|0.96, address:0.99|0.98|0.98, date:0.96|0.90|0.93, total:0.62|0.96|0.75
epoch:95, loss: 0.04525759146997222, other:1.00|0.98|0.99, company:0.97|0.95|0.96, address:0.99|0.96|0.98, date:0.84|0.95|0.89, total:0.49|0.99|0.66
epoch:96, loss: 0.05080411279643023, other:0.99|0.99|0.99, company:0.93|0.96|0.94, address:0.99|0.96|0.97, date:0.82|0.90|0.86, total:0.81|0.68|0.74
epoch:97, loss: 0.043413141328427524, other:1.00|0.98|0.99, company:0.95|0.97|0.96, address:0.91|0.99|0.95, date:0.85|0.96|0.90, total:0.65|0.95|0.77
epoch:98, loss: 0.03541101522191807, other:0.99|0.99|0.99, company:0.96|0.97|0.96, address:1.00|0.95|0.97, date:0.96|0.92|0.94, total:0.75|0.94|0.83
epoch:99, loss: 0.03773669401804606, other:1.00|0.99|0.99, company:0.97|0.97|0.97, address:0.98|0.99|0.99, date:0.95|0.91|0.93, total:0.57|0.98|0.72
epoch:100, loss: 0.03623805139903669, other:0.99|0.99|0.99, company:0.96|0.96|0.96, address:1.00|0.97|0.98, date:0.96|0.89|0.92, total:0.71|0.91|0.80
epoch:101, loss: 0.03484056448494947, other:0.99|0.99|0.99, company:0.97|0.94|0.96, address:0.99|0.95|0.97, date:0.95|0.94|0.94, total:0.77|0.94|0.84
epoch:102, loss: 0.04112825791041056, other:0.99|0.99|0.99, company:0.97|0.96|0.96, address:1.00|0.91|0.95, date:0.86|0.99|0.92, total:0.58|0.98|0.73
epoch:103, loss: 0.03275770997559583, other:0.99|0.99|0.99, company:0.96|0.97|0.97, address:0.99|0.98|0.98, date:0.98|0.90|0.94, total:0.80|0.90|0.85
epoch:104, loss: 0.04046558954373554, other:1.00|0.98|0.99, company:0.98|0.96|0.97, address:0.92|1.00|0.95, date:0.94|0.95|0.95, total:0.53|1.00|0.69
epoch:105, loss: 0.03472047423322996, other:1.00|0.99|0.99, company:0.97|0.95|0.96, address:0.96|0.99|0.98, date:0.94|0.96|0.95, total:0.58|0.99|0.73
epoch:106, loss: 0.030926841207676463, other:1.00|0.99|0.99, company:0.98|0.97|0.97, address:0.99|0.98|0.98, date:0.90|0.99|0.94, total:0.71|0.96|0.82
epoch:107, loss: 0.027426646504965093, other:0.99|1.00|1.00, company:0.98|0.95|0.97, address:1.00|0.98|0.99, date:0.98|0.94|0.96, total:0.87|0.90|0.89
epoch:108, loss: 0.02650737024291798, other:1.00|0.99|1.00, company:0.97|0.98|0.98, address:0.99|0.98|0.98, date:0.98|0.96|0.97, total:0.75|0.97|0.85
epoch:109, loss: 0.036718776242600545, other:1.00|0.98|0.99, company:0.93|0.98|0.96, address:0.89|1.00|0.94, date:0.88|0.99|0.93, total:0.74|0.96|0.84
epoch:110, loss: 0.04342025242469929, other:0.99|0.99|0.99, company:0.97|0.93|0.95, address:0.99|0.90|0.94, date:0.88|0.95|0.92, total:0.79|0.89|0.84
epoch:111, loss: 0.04510901909735468, other:0.99|0.99|0.99, company:0.94|0.97|0.96, address:0.98|0.91|0.95, date:0.80|0.98|0.88, total:0.82|0.89|0.85
epoch:112, loss: 0.04380024341797387, other:0.99|0.99|0.99, company:0.97|0.96|0.96, address:0.99|0.94|0.96, date:0.90|0.83|0.86, total:0.80|0.88|0.84
epoch:113, loss: 0.03519818987007494, other:1.00|0.99|0.99, company:0.94|0.97|0.95, address:0.97|0.99|0.98, date:0.90|0.97|0.93, total:0.60|1.00|0.75
epoch:114, loss: 0.027228437536568555, other:1.00|0.99|0.99, company:0.97|0.96|0.97, address:0.99|0.98|0.99, date:0.93|0.96|0.94, total:0.74|0.98|0.84
epoch:115, loss: 0.024801789713954484, other:1.00|1.00|1.00, company:0.98|0.96|0.97, address:0.99|0.99|0.99, date:0.98|0.95|0.97, total:0.87|0.91|0.89
epoch:116, loss: 0.024466453154605848, other:1.00|1.00|1.00, company:0.99|0.97|0.98, address:0.99|0.99|0.99, date:0.98|0.95|0.97, total:0.83|0.93|0.88
epoch:117, loss: 0.03108455399396243, other:1.00|0.99|0.99, company:0.95|0.98|0.97, address:0.98|1.00|0.99, date:0.97|0.96|0.96, total:0.62|0.96|0.76
epoch:118, loss: 0.027972392392931162, other:1.00|0.99|0.99, company:0.97|0.97|0.97, address:0.98|0.98|0.98, date:0.96|0.94|0.95, total:0.77|0.97|0.86
epoch:119, loss: 0.04618143497241868, other:0.99|0.99|0.99, company:0.94|0.99|0.96, address:0.99|0.92|0.96, date:0.81|0.83|0.82, total:0.77|0.87|0.82
epoch:120, loss: 0.05379421760638555, other:0.99|0.99|0.99, company:0.93|0.97|0.95, address:0.95|0.96|0.95, date:0.96|0.80|0.87, total:0.54|0.99|0.70
epoch:121, loss: 0.03520643973240146, other:1.00|0.99|0.99, company:0.96|0.94|0.95, address:0.99|0.95|0.97, date:0.87|0.99|0.92, total:0.66|0.99|0.79
epoch:122, loss: 0.03703757092632629, other:1.00|0.99|0.99, company:0.89|0.99|0.94, address:0.94|0.97|0.96, date:0.87|0.98|0.92, total:0.65|1.00|0.79
epoch:123, loss: 0.02680831274914521, other:1.00|0.99|0.99, company:0.98|0.96|0.97, address:0.99|0.99|0.99, date:0.89|0.99|0.94, total:0.78|0.96|0.86
epoch:124, loss: 0.032772289209619714, other:0.99|0.99|0.99, company:0.97|0.96|0.97, address:1.00|0.98|0.99, date:0.98|0.81|0.88, total:0.76|0.98|0.86
epoch:125, loss: 0.028256387277333823, other:1.00|0.99|0.99, company:0.98|0.96|0.97, address:0.99|0.99|0.99, date:0.94|0.97|0.96, total:0.68|0.99|0.80
epoch:126, loss: 0.034702378773578894, other:0.99|0.99|0.99, company:0.97|0.95|0.96, address:1.00|0.93|0.96, date:0.97|0.92|0.95, total:0.76|0.94|0.84
epoch:127, loss: 0.043351774414380394, other:1.00|0.99|0.99, company:0.97|0.95|0.96, address:0.98|0.99|0.99, date:0.84|0.93|0.88, total:0.52|0.97|0.68
epoch:128, loss: 0.032452199401126966, other:1.00|0.99|0.99, company:0.97|0.97|0.97, address:0.99|0.99|0.99, date:0.95|0.94|0.95, total:0.71|0.94|0.81
epoch:129, loss: 0.02891471864724601, other:1.00|0.99|0.99, company:0.96|0.97|0.97, address:0.98|1.00|0.99, date:0.97|0.94|0.95, total:0.69|0.98|0.81
epoch:130, loss: 0.027448332420101872, other:1.00|0.99|0.99, company:0.96|0.97|0.96, address:0.98|0.99|0.98, date:0.95|0.95|0.95, total:0.75|0.97|0.84
epoch:131, loss: 0.026014218589773885, other:1.00|0.99|1.00, company:0.98|0.97|0.97, address:0.99|1.00|0.99, date:0.96|0.92|0.94, total:0.78|0.96|0.86
epoch:132, loss: 0.02518089808937576, other:1.00|1.00|1.00, company:0.97|0.97|0.97, address:1.00|0.98|0.99, date:0.95|0.98|0.97, total:0.88|0.86|0.87
epoch:133, loss: 0.026994568778684846, other:0.99|1.00|1.00, company:0.96|0.99|0.98, address:0.99|1.00|0.99, date:0.97|0.97|0.97, total:0.90|0.81|0.85
epoch:134, loss: 0.02373405014751134, other:1.00|0.99|1.00, company:0.99|0.97|0.98, address:0.99|0.99|0.99, date:0.93|0.98|0.95, total:0.77|0.98|0.86
epoch:135, loss: 0.027168618653107574, other:1.00|0.99|0.99, company:0.99|0.94|0.97, address:0.99|0.98|0.98, date:0.96|0.95|0.96, total:0.72|0.99|0.83
epoch:136, loss: 0.02816449512762052, other:1.00|0.99|0.99, company:0.98|0.98|0.98, address:0.97|0.99|0.98, date:0.96|0.94|0.95, total:0.78|0.94|0.85
epoch:137, loss: 0.025515143966509238, other:0.99|1.00|1.00, company:0.98|0.97|0.98, address:1.00|0.97|0.99, date:0.93|0.99|0.96, total:0.89|0.84|0.86
epoch:138, loss: 0.021797541666913917, other:1.00|1.00|1.00, company:0.98|0.98|0.98, address:0.99|1.00|0.99, date:1.00|0.91|0.95, total:0.85|0.95|0.90
epoch:139, loss: 0.018261638659707927, other:1.00|0.99|1.00, company:0.97|1.00|0.98, address:0.99|0.99|0.99, date:0.99|0.97|0.98, total:0.81|0.99|0.89
epoch:140, loss: 0.020941760080556076, other:1.00|0.99|1.00, company:0.95|1.00|0.97, address:0.98|1.00|0.99, date:0.94|0.98|0.96, total:0.86|0.96|0.91
epoch:141, loss: 0.034590418416040915, other:0.99|0.99|0.99, company:0.98|0.98|0.98, address:0.99|0.99|0.99, date:0.90|0.85|0.88, total:0.70|0.90|0.79
epoch:142, loss: 0.03679810333307142, other:0.99|0.99|0.99, company:0.95|0.99|0.97, address:0.95|0.98|0.97, date:0.96|0.90|0.93, total:0.90|0.75|0.82
epoch:143, loss: 0.03009136593728154, other:1.00|0.99|0.99, company:0.95|0.98|0.96, address:0.96|1.00|0.98, date:0.90|0.98|0.94, total:0.73|0.96|0.83
epoch:144, loss: 0.05109669826924801, other:0.99|0.99|0.99, company:0.96|0.97|0.97, address:0.98|0.99|0.98, date:0.98|0.74|0.84, total:0.80|0.82|0.81
epoch:145, loss: 0.026867552246484492, other:1.00|0.99|0.99, company:0.98|0.97|0.97, address:1.00|0.98|0.99, date:0.94|0.95|0.95, total:0.70|0.99|0.82
epoch:146, loss: 0.0319795612314785, other:0.99|1.00|0.99, company:0.99|0.97|0.98, address:1.00|0.90|0.95, date:0.99|0.92|0.95, total:0.90|0.93|0.91
epoch:147, loss: 0.024530748112334147, other:1.00|1.00|1.00, company:0.98|0.96|0.97, address:0.99|0.97|0.98, date:0.96|0.95|0.95, total:0.87|0.94|0.90
epoch:148, loss: 0.023055091810723145, other:1.00|0.99|1.00, company:0.98|0.97|0.98, address:0.98|1.00|0.99, date:0.91|0.98|0.94, total:0.79|0.98|0.87
epoch:149, loss: 0.02266813469705758, other:1.00|0.99|1.00, company:0.96|0.99|0.98, address:1.00|0.98|0.99, date:0.97|0.97|0.97, total:0.72|0.99|0.84
epoch:150, loss: 0.03459146874094451, other:1.00|0.99|0.99, company:0.94|0.99|0.97, address:0.91|0.99|0.95, date:0.97|0.93|0.95, total:0.78|0.90|0.84
epoch:151, loss: 0.03222325547701783, other:1.00|0.99|0.99, company:0.93|0.98|0.96, address:0.96|0.99|0.98, date:0.86|0.96|0.91, total:0.82|0.90|0.86
epoch:152, loss: 0.03195400370491876, other:0.99|0.99|0.99, company:0.99|0.89|0.94, address:0.99|0.96|0.98, date:0.97|0.94|0.95, total:0.77|0.96|0.85
epoch:153, loss: 0.025382376586397488, other:1.00|0.99|1.00, company:0.98|0.97|0.98, address:0.99|0.99|0.99, date:0.90|0.97|0.93, total:0.81|0.93|0.87
epoch:154, loss: 0.02121926040423137, other:1.00|1.00|1.00, company:0.97|0.99|0.98, address:0.99|0.98|0.99, date:0.93|0.98|0.96, total:0.88|0.93|0.91
epoch:155, loss: 0.02104915923404473, other:1.00|1.00|1.00, company:0.99|0.97|0.98, address:1.00|0.98|0.99, date:0.95|0.97|0.96, total:0.85|0.96|0.90
epoch:156, loss: 0.023621634752662095, other:1.00|0.99|1.00, company:0.99|0.97|0.98, address:0.99|0.99|0.99, date:0.92|0.96|0.94, total:0.85|0.95|0.90
epoch:157, loss: 0.031021530291548482, other:0.99|0.99|0.99, company:0.97|0.97|0.97, address:0.99|0.97|0.98, date:0.95|0.88|0.92, total:0.84|0.89|0.86
epoch:158, loss: 0.0242014491447696, other:1.00|0.99|1.00, company:0.98|0.99|0.98, address:0.99|0.99|0.99, date:0.94|0.95|0.94, total:0.76|0.99|0.86
epoch:159, loss: 0.02266203674177329, other:1.00|0.99|1.00, company:0.98|0.99|0.99, address:1.00|0.99|0.99, date:0.99|0.91|0.95, total:0.75|0.99|0.86
epoch:160, loss: 0.018403092606200114, other:1.00|1.00|1.00, company:0.99|0.99|0.99, address:1.00|1.00|1.00, date:0.97|0.98|0.97, total:0.92|0.91|0.91
epoch:161, loss: 0.027729265322839772, other:1.00|0.99|0.99, company:0.97|0.99|0.98, address:1.00|0.98|0.99, date:0.97|0.97|0.97, total:0.57|1.00|0.73
epoch:162, loss: 0.02932639292406815, other:1.00|0.99|0.99, company:0.94|0.99|0.97, address:0.99|0.97|0.98, date:0.94|0.99|0.97, total:0.82|0.87|0.84
epoch:163, loss: 0.021972355501795257, other:1.00|0.99|1.00, company:0.99|0.97|0.98, address:1.00|0.98|0.99, date:0.98|0.96|0.97, total:0.78|0.97|0.87
epoch:164, loss: 0.022990527459316783, other:1.00|1.00|1.00, company:0.99|0.98|0.98, address:0.98|1.00|0.99, date:0.97|0.96|0.96, total:0.89|0.87|0.88
epoch:165, loss: 0.02405259758234024, other:1.00|0.99|0.99, company:0.98|0.99|0.98, address:0.98|1.00|0.99, date:0.87|0.99|0.92, total:0.73|0.99|0.84
epoch:166, loss: 0.019708264101710584, other:1.00|0.99|1.00, company:0.99|1.00|0.99, address:1.00|1.00|1.00, date:0.99|0.97|0.98, total:0.71|0.98|0.82
epoch:167, loss: 0.019948933135580132, other:1.00|0.99|1.00, company:0.99|0.98|0.98, address:1.00|0.99|0.99, date:0.97|0.98|0.97, total:0.80|0.98|0.88
epoch:168, loss: 0.04704119975644129, other:1.00|0.98|0.99, company:0.96|0.99|0.98, address:0.99|0.97|0.98, date:0.53|0.99|0.69, total:0.74|0.99|0.85
epoch:169, loss: 0.021649207160980614, other:1.00|0.99|1.00, company:0.99|0.98|0.99, address:1.00|0.99|0.99, date:0.97|0.96|0.96, total:0.75|0.98|0.85
epoch:170, loss: 0.018781277213107656, other:1.00|0.99|1.00, company:0.99|0.99|0.99, address:1.00|0.99|1.00, date:0.92|0.98|0.95, total:0.84|0.97|0.90
epoch:171, loss: 0.017078606998202978, other:1.00|1.00|1.00, company:0.99|0.99|0.99, address:1.00|1.00|1.00, date:0.98|0.99|0.98, total:0.85|0.96|0.90
epoch:172, loss: 0.01931223504383255, other:1.00|0.99|1.00, company:0.98|0.98|0.98, address:0.97|1.00|0.99, date:0.98|0.96|0.97, total:0.85|0.96|0.90
epoch:173, loss: 0.029159176749763666, other:1.00|0.99|0.99, company:0.92|0.98|0.95, address:0.93|0.99|0.96, date:0.95|0.97|0.96, total:0.81|0.98|0.88
epoch:174, loss: 0.022708529675448383, other:0.99|1.00|1.00, company:0.98|0.97|0.97, address:0.99|0.99|0.99, date:0.98|0.87|0.92, total:0.93|0.92|0.93
epoch:175, loss: 0.017951995237833925, other:1.00|1.00|1.00, company:0.99|0.98|0.99, address:1.00|0.99|0.99, date:0.94|0.99|0.96, total:0.85|0.97|0.91
epoch:176, loss: 0.017970518140053307, other:1.00|1.00|1.00, company:0.99|0.96|0.98, address:1.00|0.99|0.99, date:0.99|0.96|0.98, total:0.84|0.97|0.90
epoch:177, loss: 0.01816395978891739, other:1.00|0.99|1.00, company:0.99|0.99|0.99, address:1.00|1.00|1.00, date:0.95|0.98|0.96, total:0.81|0.98|0.89
epoch:178, loss: 0.028858313681902708, other:0.99|1.00|0.99, company:0.98|0.96|0.97, address:0.98|0.99|0.99, date:0.97|0.92|0.95, total:0.88|0.81|0.85
epoch:179, loss: 0.02599918787126188, other:1.00|0.99|1.00, company:0.99|0.97|0.98, address:0.97|0.99|0.98, date:0.87|0.99|0.93, total:0.85|0.94|0.89
epoch:180, loss: 0.019229028166996107, other:1.00|0.99|1.00, company:0.99|0.99|0.99, address:1.00|0.99|0.99, date:0.97|0.97|0.97, total:0.81|0.98|0.89
epoch:181, loss: 0.02032669236952508, other:1.00|1.00|1.00, company:0.99|0.97|0.98, address:1.00|0.97|0.99, date:0.99|0.95|0.97, total:0.82|0.99|0.90
epoch:182, loss: 0.01752466842946079, other:1.00|1.00|1.00, company:0.99|0.98|0.98, address:0.99|1.00|0.99, date:0.95|0.99|0.97, total:0.86|0.95|0.90
epoch:183, loss: 0.015463107127558303, other:1.00|1.00|1.00, company:0.99|0.99|0.99, address:0.99|1.00|1.00, date:1.00|0.96|0.98, total:0.90|0.94|0.92
epoch:184, loss: 0.017779396467462735, other:1.00|0.99|1.00, company:0.97|1.00|0.98, address:0.99|0.99|0.99, date:0.96|1.00|0.98, total:0.84|0.96|0.90
epoch:185, loss: 0.018461533063263806, other:1.00|1.00|1.00, company:0.99|0.95|0.97, address:1.00|0.98|0.99, date:0.97|0.97|0.97, total:0.89|0.94|0.92
epoch:186, loss: 0.014766809427075915, other:1.00|1.00|1.00, company:0.99|0.99|0.99, address:0.98|1.00|0.99, date:0.98|0.98|0.98, total:0.85|0.99|0.91
epoch:187, loss: 0.015927083221160702, other:1.00|0.99|1.00, company:0.99|0.99|0.99, address:0.99|1.00|1.00, date:0.98|0.98|0.98, total:0.78|1.00|0.87
epoch:188, loss: 0.014644455906279661, other:1.00|1.00|1.00, company:0.99|0.96|0.97, address:0.99|0.99|0.99, date:0.98|0.99|0.98, total:0.90|0.97|0.93
epoch:189, loss: 0.02237979619315377, other:1.00|0.99|1.00, company:0.97|0.99|0.98, address:0.98|1.00|0.99, date:0.97|0.90|0.94, total:0.82|0.94|0.88
epoch:190, loss: 0.043033709611605714, other:0.99|0.99|0.99, company:1.00|0.78|0.88, address:0.86|1.00|0.92, date:0.96|0.94|0.95, total:0.78|0.89|0.83
epoch:191, loss: 0.0411757534990708, other:0.99|0.99|0.99, company:0.93|0.99|0.96, address:0.98|0.97|0.97, date:0.87|0.85|0.86, total:0.78|0.80|0.79
epoch:192, loss: 0.025481108162138198, other:1.00|0.99|1.00, company:0.97|0.97|0.97, address:0.98|0.99|0.98, date:0.93|0.96|0.95, total:0.85|0.95|0.89
epoch:193, loss: 0.02234880536518715, other:0.99|1.00|1.00, company:0.98|0.94|0.96, address:1.00|0.96|0.98, date:0.98|0.98|0.98, total:0.90|0.93|0.92
epoch:194, loss: 0.017367186076525185, other:1.00|0.99|1.00, company:0.97|1.00|0.98, address:0.98|1.00|0.99, date:0.98|0.99|0.98, total:0.85|0.97|0.90
epoch:195, loss: 0.022963121947315004, other:1.00|0.99|1.00, company:0.99|0.99|0.99, address:1.00|0.99|0.99, date:0.92|0.99|0.95, total:0.82|0.89|0.85
epoch:196, loss: 0.018315416726249235, other:1.00|1.00|1.00, company:0.98|0.99|0.99, address:0.97|1.00|0.98, date:0.99|0.97|0.98, total:0.88|0.97|0.92
epoch:197, loss: 0.018584252956012886, other:1.00|1.00|1.00, company:0.99|0.95|0.97, address:0.98|0.98|0.98, date:0.99|0.97|0.98, total:0.86|0.98|0.92
epoch:198, loss: 0.014296824285001666, other:1.00|1.00|1.00, company:0.99|0.99|0.99, address:0.99|1.00|1.00, date:0.99|0.98|0.98, total:0.89|0.97|0.93
epoch:199, loss: 0.01803894282353145, other:1.00|0.99|1.00, company:0.98|0.99|0.98, address:0.97|1.00|0.98, date:0.94|1.00|0.97, total:0.89|0.97|0.93
epoch:200, loss: 0.021117820783897682, other:1.00|0.99|1.00, company:0.97|0.99|0.98, address:0.99|0.98|0.99, date:0.96|0.95|0.96, total:0.85|0.96|0.90
epoch:201, loss: 0.019113399347083435, other:1.00|1.00|1.00, company:0.99|0.95|0.97, address:0.99|0.99|0.99, date:0.99|0.92|0.95, total:0.89|0.94|0.92
epoch:202, loss: 0.015962133822203788, other:1.00|1.00|1.00, company:0.99|0.96|0.98, address:1.00|0.99|0.99, date:0.99|0.98|0.98, total:0.83|0.99|0.90
epoch:203, loss: 0.016689589333341078, other:1.00|1.00|1.00, company:0.98|0.99|0.98, address:1.00|0.97|0.98, date:0.98|0.99|0.98, total:0.84|0.99|0.91
epoch:204, loss: 0.016921281504134338, other:1.00|0.99|1.00, company:0.98|1.00|0.99, address:0.99|1.00|0.99, date:0.97|1.00|0.98, total:0.81|0.97|0.88
epoch:205, loss: 0.015965178833101636, other:1.00|1.00|1.00, company:0.99|0.98|0.98, address:1.00|0.99|0.99, date:1.00|0.95|0.97, total:0.85|0.96|0.90
epoch:206, loss: 0.014071213124595859, other:1.00|1.00|1.00, company:0.98|0.99|0.99, address:1.00|0.99|0.99, date:0.99|0.97|0.98, total:0.94|0.96|0.95
epoch:207, loss: 0.018270103726536036, other:1.00|1.00|1.00, company:0.94|0.99|0.96, address:1.00|0.96|0.98, date:0.98|0.98|0.98, total:0.90|0.93|0.92
epoch:208, loss: 0.025370763545786892, other:1.00|0.99|0.99, company:0.95|0.99|0.97, address:0.92|1.00|0.96, date:0.91|0.99|0.95, total:0.91|0.93|0.92
epoch:209, loss: 0.014604144177779003, other:1.00|1.00|1.00, company:0.98|0.99|0.98, address:0.99|0.99|0.99, date:1.00|0.96|0.98, total:0.88|0.98|0.93
epoch:210, loss: 0.014845451960961023, other:1.00|1.00|1.00, company:0.97|0.99|0.98, address:1.00|0.98|0.99, date:0.99|0.98|0.99, total:0.88|1.00|0.93
epoch:211, loss: 0.0112961882000996, other:1.00|1.00|1.00, company:0.99|0.98|0.99, address:0.99|1.00|1.00, date:1.00|0.98|0.99, total:0.93|0.97|0.95
epoch:212, loss: 0.012981822179561411, other:1.00|1.00|1.00, company:0.99|0.99|0.99, address:0.99|1.00|0.99, date:1.00|0.96|0.98, total:0.97|0.92|0.94
epoch:213, loss: 0.01516547087683446, other:1.00|0.99|1.00, company:0.99|0.99|0.99, address:1.00|0.99|1.00, date:0.97|0.99|0.98, total:0.78|0.99|0.88
epoch:214, loss: 0.011191306808204562, other:1.00|1.00|1.00, company:0.98|1.00|0.99, address:1.00|1.00|1.00, date:0.99|0.97|0.98, total:0.94|0.98|0.96
epoch:215, loss: 0.01518697688287055, other:1.00|1.00|1.00, company:0.99|0.98|0.99, address:0.99|1.00|0.99, date:0.98|0.98|0.98, total:0.90|0.94|0.92
epoch:216, loss: 0.023565332508749433, other:0.99|1.00|1.00, company:1.00|0.95|0.98, address:1.00|0.98|0.99, date:0.97|0.85|0.91, total:0.92|0.92|0.92
epoch:217, loss: 0.015842324105539807, other:1.00|1.00|1.00, company:0.99|0.98|0.99, address:0.99|0.99|0.99, date:0.99|0.96|0.97, total:0.84|0.97|0.90
epoch:218, loss: 0.017439538354261055, other:1.00|0.99|1.00, company:0.96|1.00|0.98, address:0.99|0.99|0.99, date:0.95|0.98|0.96, total:0.82|0.99|0.90
epoch:219, loss: 0.024907061071307572, other:1.00|0.99|0.99, company:0.98|0.99|0.98, address:0.97|0.99|0.98, date:0.92|0.89|0.91, total:0.83|0.99|0.90
epoch:220, loss: 0.019487774965387804, other:1.00|1.00|1.00, company:0.99|0.96|0.97, address:0.99|0.99|0.99, date:0.96|0.95|0.96, total:0.88|0.96|0.92
epoch:221, loss: 0.01583648976628427, other:1.00|1.00|1.00, company:0.99|0.99|0.99, address:1.00|0.99|0.99, date:0.93|0.99|0.96, total:0.85|0.97|0.91
epoch:222, loss: 0.02211294664690892, other:0.99|1.00|1.00, company:0.98|0.99|0.99, address:1.00|0.99|0.99, date:0.97|0.96|0.97, total:0.92|0.78|0.85
epoch:223, loss: 0.014101754736017299, other:1.00|1.00|1.00, company:0.99|0.98|0.99, address:1.00|0.99|1.00, date:0.96|0.98|0.97, total:0.89|0.98|0.93
epoch:224, loss: 0.01710386153448511, other:1.00|1.00|1.00, company:0.98|1.00|0.99, address:1.00|1.00|1.00, date:0.96|0.96|0.96, total:0.95|0.91|0.93
epoch:225, loss: 0.011524829108061062, other:1.00|1.00|1.00, company:0.99|0.99|0.99, address:1.00|1.00|1.00, date:0.98|0.98|0.98, total:0.94|0.96|0.95
epoch:226, loss: 0.011644367956452899, other:1.00|1.00|1.00, company:0.99|1.00|0.99, address:1.00|1.00|1.00, date:0.99|0.99|0.99, total:0.97|0.90|0.94
epoch:227, loss: 0.012334176227105436, other:1.00|1.00|1.00, company:0.99|0.99|0.99, address:1.00|0.98|0.99, date:1.00|0.98|0.99, total:0.90|0.98|0.94
epoch:228, loss: 0.010868811548722011, other:1.00|1.00|1.00, company:0.97|1.00|0.98, address:1.00|0.99|0.99, date:0.99|0.99|0.99, total:0.90|0.99|0.94
epoch:229, loss: 0.009308475112818458, other:1.00|1.00|1.00, company:0.99|0.99|0.99, address:1.00|1.00|1.00, date:0.99|0.99|0.99, total:0.94|0.99|0.96
epoch:230, loss: 0.012499315319237885, other:1.00|1.00|1.00, company:0.95|1.00|0.97, address:0.98|1.00|0.99, date:0.98|0.99|0.98, total:0.91|0.98|0.94
epoch:231, loss: 0.011325030406523082, other:1.00|1.00|1.00, company:0.99|0.99|0.99, address:1.00|1.00|1.00, date:0.97|0.99|0.98, total:0.91|0.99|0.95
epoch:232, loss: 0.013759341090917587, other:1.00|1.00|1.00, company:0.97|1.00|0.98, address:1.00|0.99|1.00, date:0.99|0.98|0.99, total:0.92|0.94|0.93
epoch:233, loss: 0.010401548222742148, other:1.00|1.00|1.00, company:0.97|1.00|0.98, address:1.00|1.00|1.00, date:0.98|1.00|0.99, total:0.95|0.97|0.96
epoch:234, loss: 0.00932067537818242, other:1.00|1.00|1.00, company:0.99|0.99|0.99, address:0.99|1.00|1.00, date:0.98|0.99|0.99, total:0.95|0.98|0.97
epoch:235, loss: 0.010971811237848468, other:1.00|1.00|1.00, company:0.99|0.99|0.99, address:1.00|1.00|1.00, date:0.97|0.99|0.98, total:0.94|0.95|0.95
epoch:236, loss: 0.014271674970923751, other:1.00|1.00|1.00, company:0.99|0.98|0.98, address:1.00|0.98|0.99, date:0.98|1.00|0.99, total:0.85|0.99|0.91
epoch:237, loss: 0.01158273790066165, other:1.00|1.00|1.00, company:0.98|0.99|0.98, address:0.99|0.99|0.99, date:1.00|0.99|0.99, total:0.92|0.98|0.95
epoch:238, loss: 0.013159873498672689, other:1.00|1.00|1.00, company:1.00|0.98|0.99, address:0.99|1.00|0.99, date:0.99|0.99|0.99, total:0.85|0.97|0.91
epoch:239, loss: 0.018522420863586443, other:1.00|1.00|1.00, company:0.99|0.96|0.98, address:1.00|0.97|0.98, date:0.98|0.98|0.98, total:0.83|0.96|0.89
epoch:240, loss: 0.02479269120980192, other:1.00|0.99|0.99, company:0.97|0.99|0.98, address:1.00|0.97|0.98, date:0.95|0.97|0.96, total:0.76|0.93|0.84
epoch:241, loss: 0.020542126010965417, other:1.00|0.99|1.00, company:0.98|1.00|0.99, address:0.97|0.99|0.98, date:0.98|0.96|0.97, total:0.76|0.98|0.86
epoch:242, loss: 0.06505816981748298, other:0.97|1.00|0.99, company:0.99|0.94|0.97, address:1.00|0.90|0.94, date:0.99|0.61|0.76, total:0.95|0.81|0.87
epoch:243, loss: 0.04267042247509515, other:0.99|0.99|0.99, company:0.94|0.99|0.96, address:1.00|0.92|0.96, date:0.79|0.97|0.88, total:0.60|1.00|0.75
epoch:244, loss: 0.021902835134554793, other:1.00|0.99|1.00, company:0.98|0.98|0.98, address:0.99|0.98|0.98, date:0.95|0.98|0.96, total:0.80|0.97|0.88
epoch:245, loss: 0.018910944530809368, other:1.00|1.00|1.00, company:0.96|0.99|0.98, address:0.99|1.00|1.00, date:0.98|0.95|0.96, total:0.86|0.97|0.91
epoch:246, loss: 0.016256959039579938, other:1.00|0.99|1.00, company:0.99|0.99|0.99, address:1.00|1.00|1.00, date:0.96|1.00|0.98, total:0.76|1.00|0.86
epoch:247, loss: 0.014125007894580011, other:1.00|1.00|1.00, company:0.97|1.00|0.98, address:1.00|1.00|1.00, date:0.97|0.99|0.98, total:0.85|0.99|0.91
epoch:248, loss: 0.01354127880875711, other:1.00|1.00|1.00, company:0.98|1.00|0.99, address:0.99|1.00|1.00, date:0.97|0.99|0.98, total:0.92|0.97|0.94
epoch:249, loss: 0.013737533724418393, other:1.00|1.00|1.00, company:0.98|1.00|0.99, address:1.00|0.99|1.00, date:0.96|0.99|0.97, total:0.94|0.94|0.94
epoch:250, loss: 0.016735173675611063, other:1.00|0.99|1.00, company:0.99|0.99|0.99, address:0.99|1.00|1.00, date:0.99|0.96|0.98, total:0.79|1.00|0.88
epoch:251, loss: 0.013271857001301315, other:1.00|1.00|1.00, company:0.99|0.97|0.98, address:0.99|1.00|0.99, date:0.97|0.99|0.98, total:0.92|0.98|0.95
epoch:252, loss: 0.010935847923435547, other:1.00|1.00|1.00, company:0.99|1.00|0.99, address:1.00|1.00|1.00, date:0.99|0.98|0.98, total:0.89|0.99|0.94
epoch:253, loss: 0.010958914782989907, other:1.00|1.00|1.00, company:0.99|1.00|0.99, address:1.00|1.00|1.00, date:0.97|0.99|0.98, total:0.93|0.95|0.94
epoch:254, loss: 0.01761588878515694, other:1.00|1.00|1.00, company:0.99|0.99|0.99, address:0.99|0.98|0.98, date:0.94|0.99|0.96, total:0.95|0.92|0.94
epoch:255, loss: 0.048641745966893656, other:0.99|0.99|0.99, company:0.96|0.95|0.96, address:0.99|0.95|0.97, date:0.97|0.77|0.86, total:0.71|0.78|0.74
epoch:256, loss: 0.03356750040418572, other:0.99|0.99|0.99, company:0.98|0.98|0.98, address:0.97|0.99|0.98, date:0.97|0.88|0.92, total:0.79|0.87|0.83
epoch:257, loss: 0.024111621599230502, other:1.00|1.00|1.00, company:0.99|0.95|0.97, address:0.98|0.99|0.99, date:0.95|0.92|0.93, total:0.90|0.90|0.90
epoch:258, loss: 0.023545190140053077, other:1.00|0.99|1.00, company:0.94|0.99|0.97, address:0.96|0.96|0.96, date:0.98|0.98|0.98, total:0.82|0.98|0.89
epoch:259, loss: 0.013317638249308974, other:1.00|1.00|1.00, company:0.99|1.00|0.99, address:1.00|1.00|1.00, date:0.96|1.00|0.98, total:0.88|0.99|0.93
epoch:260, loss: 0.013395982233945418, other:1.00|1.00|1.00, company:0.99|1.00|0.99, address:1.00|1.00|1.00, date:0.95|0.99|0.97, total:0.94|0.93|0.93
epoch:261, loss: 0.017732670823870984, other:1.00|0.99|1.00, company:0.98|1.00|0.99, address:1.00|1.00|1.00, date:0.96|0.99|0.97, total:0.76|0.97|0.86
epoch:262, loss: 0.013214224242363815, other:1.00|1.00|1.00, company:0.99|1.00|0.99, address:0.99|1.00|0.99, date:0.94|0.99|0.97, total:0.92|0.96|0.94
epoch:263, loss: 0.018303781161429705, other:1.00|0.99|1.00, company:0.99|1.00|0.99, address:1.00|1.00|1.00, date:0.98|0.97|0.97, total:0.76|0.96|0.85
epoch:264, loss: 0.017809995062028367, other:1.00|1.00|1.00, company:0.98|1.00|0.99, address:0.99|0.98|0.99, date:0.97|0.98|0.98, total:0.82|0.95|0.88
epoch:265, loss: 0.012939862079090543, other:1.00|1.00|1.00, company:0.99|0.99|0.99, address:0.99|1.00|1.00, date:0.99|0.99|0.99, total:0.92|0.95|0.94
epoch:266, loss: 0.011968781671452301, other:1.00|1.00|1.00, company:0.99|1.00|0.99, address:1.00|1.00|1.00, date:0.99|0.96|0.98, total:0.93|0.97|0.95
epoch:267, loss: 0.013727366941532603, other:1.00|1.00|1.00, company:1.00|0.98|0.99, address:1.00|0.99|1.00, date:0.95|0.99|0.97, total:0.87|0.98|0.92
epoch:268, loss: 0.014525951369217149, other:1.00|1.00|1.00, company:0.99|0.99|0.99, address:0.99|1.00|0.99, date:0.98|0.97|0.98, total:0.82|1.00|0.90
epoch:269, loss: 0.018932728372790194, other:0.99|1.00|1.00, company:1.00|0.96|0.98, address:0.99|1.00|1.00, date:1.00|0.90|0.95, total:0.94|0.89|0.92
epoch:270, loss: 0.019565947560800448, other:1.00|0.99|1.00, company:0.98|0.99|0.99, address:0.98|0.99|0.99, date:0.99|0.95|0.97, total:0.79|0.98|0.87
epoch:271, loss: 0.020134450988499104, other:1.00|0.99|1.00, company:0.99|0.99|0.99, address:0.98|1.00|0.99, date:0.99|0.98|0.99, total:0.72|0.98|0.83
epoch:272, loss: 0.013333418372052687, other:1.00|1.00|1.00, company:0.98|1.00|0.99, address:0.99|0.99|0.99, date:1.00|0.97|0.98, total:0.91|0.97|0.94
epoch:273, loss: 0.018179720198666607, other:1.00|1.00|1.00, company:0.99|0.99|0.99, address:1.00|0.99|0.99, date:0.98|0.98|0.98, total:0.93|0.89|0.91
epoch:274, loss: 0.015022303891816625, other:1.00|1.00|1.00, company:0.96|1.00|0.98, address:0.99|0.99|0.99, date:0.98|0.98|0.98, total:0.91|0.96|0.93
epoch:275, loss: 0.016022208871112928, other:1.00|1.00|1.00, company:1.00|0.96|0.98, address:1.00|0.98|0.99, date:0.99|0.96|0.97, total:0.89|0.96|0.93
epoch:276, loss: 0.010148524444688249, other:1.00|1.00|1.00, company:0.99|1.00|0.99, address:1.00|1.00|1.00, date:1.00|0.98|0.99, total:0.96|0.95|0.96
epoch:277, loss: 0.01132484090824922, other:1.00|1.00|1.00, company:1.00|0.98|0.99, address:1.00|0.99|0.99, date:0.99|0.99|0.99, total:0.96|0.96|0.96
epoch:278, loss: 0.014154155980105753, other:1.00|1.00|1.00, company:0.99|0.99|0.99, address:1.00|0.98|0.99, date:0.99|0.98|0.98, total:0.82|1.00|0.90
epoch:279, loss: 0.021600072410095622, other:0.99|1.00|1.00, company:0.99|0.98|0.99, address:0.99|0.99|0.99, date:0.93|0.97|0.95, total:0.94|0.84|0.89
epoch:280, loss: 0.017179271430467016, other:1.00|1.00|1.00, company:0.99|0.99|0.99, address:1.00|1.00|1.00, date:1.00|0.93|0.96, total:0.88|0.88|0.88
epoch:281, loss: 0.012366009048289724, other:1.00|1.00|1.00, company:0.98|1.00|0.99, address:1.00|1.00|1.00, date:0.96|0.99|0.97, total:0.90|0.97|0.93
epoch:282, loss: 0.012220376145301593, other:1.00|1.00|1.00, company:0.99|0.98|0.99, address:0.99|1.00|1.00, date:0.96|0.99|0.97, total:0.93|0.99|0.96
epoch:283, loss: 0.015584607608616352, other:1.00|1.00|1.00, company:0.98|1.00|0.99, address:1.00|1.00|1.00, date:0.99|0.96|0.97, total:0.87|0.95|0.91
epoch:284, loss: 0.019300011331560434, other:1.00|1.00|1.00, company:0.99|0.95|0.97, address:0.97|0.99|0.98, date:0.98|0.96|0.97, total:0.87|0.98|0.92
epoch:285, loss: 0.018305587064888742, other:1.00|1.00|1.00, company:0.98|0.99|0.99, address:0.99|1.00|0.99, date:0.98|0.92|0.95, total:0.92|0.90|0.91
epoch:286, loss: 0.021449470720081416, other:0.99|1.00|1.00, company:0.99|0.99|0.99, address:1.00|1.00|1.00, date:0.98|0.93|0.96, total:0.97|0.80|0.88
epoch:287, loss: 0.013146492583608185, other:1.00|1.00|1.00, company:0.99|0.99|0.99, address:1.00|1.00|1.00, date:0.97|0.99|0.98, total:0.92|0.96|0.94
epoch:288, loss: 0.015093606569010902, other:1.00|1.00|1.00, company:0.98|1.00|0.99, address:0.96|1.00|0.98, date:0.99|0.98|0.98, total:0.94|0.97|0.95
epoch:289, loss: 0.01988458674814966, other:1.00|1.00|1.00, company:0.96|0.99|0.98, address:0.98|0.98|0.98, date:0.98|0.98|0.98, total:0.86|0.92|0.89
epoch:290, loss: 0.019220470864739683, other:1.00|1.00|1.00, company:0.99|0.98|0.98, address:0.99|0.94|0.97, date:0.98|0.99|0.98, total:0.89|0.97|0.93
epoch:291, loss: 0.013958477898052445, other:1.00|1.00|1.00, company:0.98|1.00|0.99, address:0.97|1.00|0.99, date:0.97|0.99|0.98, total:0.90|0.98|0.94
epoch:292, loss: 0.01209555079953538, other:1.00|1.00|1.00, company:0.99|0.99|0.99, address:0.99|1.00|1.00, date:1.00|0.98|0.99, total:0.88|0.98|0.93
epoch:293, loss: 0.013632673183800998, other:1.00|1.00|1.00, company:0.99|1.00|0.99, address:1.00|1.00|1.00, date:0.99|0.95|0.97, total:0.93|0.95|0.94
epoch:294, loss: 0.010591271997394937, other:1.00|1.00|1.00, company:0.99|1.00|1.00, address:1.00|1.00|1.00, date:0.99|0.97|0.98, total:0.92|0.99|0.95
epoch:295, loss: 0.010536713991314173, other:1.00|1.00|1.00, company:0.99|1.00|0.99, address:0.98|1.00|0.99, date:0.98|1.00|0.99, total:0.94|0.99|0.97
epoch:296, loss: 0.008643851322294385, other:1.00|1.00|1.00, company:1.00|1.00|1.00, address:1.00|1.00|1.00, date:0.99|0.98|0.98, total:0.95|0.98|0.97
epoch:297, loss: 0.00805294082534534, other:1.00|1.00|1.00, company:0.99|1.00|1.00, address:0.99|1.00|1.00, date:1.00|0.99|0.99, total:0.93|1.00|0.97
epoch:298, loss: 0.007239015100316869, other:1.00|1.00|1.00, company:1.00|1.00|1.00, address:1.00|1.00|1.00, date:1.00|0.98|0.99, total:0.97|0.97|0.97
epoch:299, loss: 0.007535968493256304, other:1.00|1.00|1.00, company:1.00|1.00|1.00, address:1.00|1.00|1.00, date:1.00|0.98|0.99, total:0.92|1.00|0.96
epoch:300, loss: 0.012735139526840713, other:1.00|1.00|1.00, company:0.99|1.00|1.00, address:1.00|1.00|1.00, date:0.98|0.98|0.98, total:0.98|0.85|0.91
epoch:301, loss: 0.008909785033514103, other:1.00|1.00|1.00, company:1.00|0.99|0.99, address:0.99|1.00|0.99, date:0.99|0.99|0.99, total:0.97|0.96|0.97
epoch:302, loss: 0.008550941538824528, other:1.00|1.00|1.00, company:1.00|0.99|0.99, address:1.00|1.00|1.00, date:1.00|0.97|0.98, total:0.96|0.97|0.97
epoch:303, loss: 0.013861317955026473, other:1.00|1.00|1.00, company:0.98|0.99|0.98, address:0.98|1.00|0.99, date:0.98|0.99|0.99, total:0.95|0.90|0.92
epoch:304, loss: 0.018536890874168387, other:1.00|1.00|1.00, company:0.98|0.99|0.99, address:1.00|0.99|0.99, date:0.99|0.94|0.96, total:0.81|0.96|0.88
epoch:305, loss: 0.010790329702474453, other:1.00|1.00|1.00, company:1.00|0.98|0.99, address:1.00|1.00|1.00, date:0.99|1.00|0.99, total:0.88|0.99|0.93
epoch:306, loss: 0.010497508139384014, other:1.00|1.00|1.00, company:0.99|1.00|0.99, address:0.99|1.00|0.99, date:1.00|0.99|0.99, total:0.97|0.95|0.96
epoch:307, loss: 0.01308571596422957, other:1.00|1.00|1.00, company:0.98|0.99|0.98, address:0.98|0.99|0.99, date:0.99|0.97|0.98, total:0.96|0.97|0.96
epoch:308, loss: 0.01816199178359023, other:1.00|1.00|1.00, company:0.97|0.99|0.98, address:0.99|0.99|0.99, date:0.96|0.97|0.97, total:0.97|0.87|0.91
epoch:309, loss: 0.01669696270039788, other:1.00|1.00|1.00, company:0.99|0.99|0.99, address:1.00|0.98|0.99, date:0.93|1.00|0.96, total:0.95|0.86|0.90
epoch:310, loss: 0.010700959384579349, other:1.00|1.00|1.00, company:0.99|1.00|0.99, address:1.00|0.99|0.99, date:0.99|0.99|0.99, total:0.88|0.99|0.94
epoch:311, loss: 0.017233213513261743, other:0.99|1.00|1.00, company:0.99|1.00|0.99, address:0.99|0.98|0.98, date:0.99|0.98|0.98, total:0.96|0.82|0.88
epoch:312, loss: 0.015924721559578622, other:1.00|0.99|1.00, company:0.98|1.00|0.99, address:0.99|1.00|0.99, date:0.97|0.98|0.98, total:0.83|0.99|0.90
epoch:313, loss: 0.011839654986505155, other:1.00|1.00|1.00, company:0.99|1.00|0.99, address:1.00|1.00|1.00, date:0.99|0.98|0.99, total:0.85|1.00|0.92
epoch:314, loss: 0.01351149031823432, other:1.00|1.00|1.00, company:0.99|0.99|0.99, address:1.00|0.98|0.99, date:0.99|0.98|0.99, total:0.98|0.90|0.94
epoch:315, loss: 0.012020235803599158, other:1.00|1.00|1.00, company:0.99|1.00|0.99, address:0.99|1.00|0.99, date:0.99|0.99|0.99, total:0.89|0.98|0.93
epoch:316, loss: 0.012230470172922921, other:1.00|1.00|1.00, company:0.99|1.00|0.99, address:0.99|1.00|1.00, date:0.95|1.00|0.97, total:0.86|0.99|0.92
epoch:317, loss: 0.008774755212167898, other:1.00|1.00|1.00, company:0.99|0.99|0.99, address:1.00|1.00|1.00, date:0.99|0.99|0.99, total:0.93|0.99|0.96
epoch:318, loss: 0.011215707977060918, other:1.00|1.00|1.00, company:0.99|0.99|0.99, address:1.00|0.98|0.99, date:0.99|1.00|0.99, total:0.97|0.92|0.94
epoch:319, loss: 0.007829533924383146, other:1.00|1.00|1.00, company:1.00|0.99|0.99, address:1.00|1.00|1.00, date:1.00|0.98|0.99, total:0.95|0.99|0.97
epoch:320, loss: 0.00764392978615231, other:1.00|1.00|1.00, company:0.99|1.00|0.99, address:0.99|1.00|1.00, date:1.00|0.99|0.99, total:0.96|0.98|0.97
epoch:321, loss: 0.006694558723312285, other:1.00|1.00|1.00, company:1.00|1.00|1.00, address:1.00|1.00|1.00, date:1.00|0.99|1.00, total:0.94|0.99|0.97
epoch:322, loss: 0.006509056081995368, other:1.00|1.00|1.00, company:1.00|0.99|0.99, address:1.00|1.00|1.00, date:0.99|1.00|0.99, total:0.96|0.99|0.98
epoch:323, loss: 0.009266736611068525, other:1.00|1.00|1.00, company:0.98|1.00|0.99, address:0.99|1.00|1.00, date:0.99|0.99|0.99, total:0.97|0.94|0.95
epoch:324, loss: 0.009823265226764811, other:1.00|1.00|1.00, company:0.99|1.00|0.99, address:1.00|1.00|1.00, date:1.00|0.99|0.99, total:0.96|0.94|0.95
epoch:325, loss: 0.019405339240889857, other:1.00|1.00|1.00, company:0.99|0.99|0.99, address:0.99|0.96|0.97, date:0.98|0.96|0.97, total:0.87|0.98|0.92
epoch:326, loss: 0.02835915930983093, other:1.00|0.99|0.99, company:0.86|1.00|0.92, address:0.93|1.00|0.97, date:0.94|0.98|0.96, total:0.80|0.98|0.88
epoch:327, loss: 0.0186649643022705, other:1.00|0.99|1.00, company:0.97|1.00|0.98, address:0.99|1.00|0.99, date:0.97|0.92|0.95, total:0.84|0.99|0.91
epoch:328, loss: 0.012363170394329008, other:1.00|1.00|1.00, company:0.99|1.00|0.99, address:1.00|0.99|0.99, date:0.98|0.99|0.99, total:0.86|1.00|0.92
epoch:329, loss: 0.018599737159631872, other:0.99|1.00|1.00, company:0.99|1.00|0.99, address:1.00|0.99|0.99, date:1.00|0.95|0.97, total:0.92|0.83|0.88
epoch:330, loss: 0.023597130241493385, other:1.00|1.00|1.00, company:0.98|0.98|0.98, address:0.97|0.99|0.98, date:0.99|0.92|0.95, total:0.86|0.91|0.89
epoch:331, loss: 0.016425945451138197, other:1.00|0.99|1.00, company:0.95|1.00|0.97, address:0.99|1.00|1.00, date:0.96|0.98|0.97, total:0.83|0.99|0.90
epoch:332, loss: 0.01082453174792506, other:1.00|1.00|1.00, company:0.99|0.99|0.99, address:0.99|1.00|0.99, date:0.98|0.99|0.99, total:0.94|0.97|0.95
epoch:333, loss: 0.009291792590240086, other:1.00|1.00|1.00, company:0.99|0.99|0.99, address:1.00|1.00|1.00, date:1.00|0.98|0.99, total:0.96|0.95|0.96
epoch:334, loss: 0.010028627856324116, other:1.00|1.00|1.00, company:1.00|0.97|0.99, address:1.00|1.00|1.00, date:0.98|0.99|0.98, total:0.97|0.96|0.96
epoch:335, loss: 0.022304612280869926, other:1.00|0.99|0.99, company:0.94|1.00|0.97, address:0.97|1.00|0.99, date:0.94|0.96|0.95, total:0.74|1.00|0.85
epoch:336, loss: 0.0182370078853435, other:1.00|1.00|1.00, company:0.99|0.98|0.98, address:0.99|0.97|0.98, date:0.94|0.98|0.96, total:0.86|1.00|0.92
epoch:337, loss: 0.014778215127686659, other:1.00|1.00|1.00, company:1.00|0.98|0.99, address:0.99|1.00|0.99, date:0.98|0.95|0.96, total:0.88|0.97|0.92
epoch:338, loss: 0.0126724182455628, other:1.00|1.00|1.00, company:0.99|0.99|0.99, address:0.98|1.00|0.99, date:0.97|1.00|0.98, total:0.93|0.99|0.96
epoch:339, loss: 0.012449233396047796, other:1.00|1.00|1.00, company:0.99|0.98|0.98, address:0.98|1.00|0.99, date:0.98|0.99|0.99, total:0.89|0.99|0.94
epoch:340, loss: 0.017626869354259084, other:1.00|1.00|1.00, company:1.00|0.97|0.98, address:1.00|0.97|0.98, date:0.97|0.98|0.97, total:0.85|0.97|0.91
epoch:341, loss: 0.01278542292614778, other:1.00|1.00|1.00, company:0.99|0.98|0.98, address:0.99|1.00|1.00, date:0.95|1.00|0.97, total:0.88|0.99|0.93
epoch:342, loss: 0.01394827215483895, other:1.00|1.00|1.00, company:0.99|0.96|0.98, address:0.98|0.98|0.98, date:1.00|0.97|0.98, total:0.94|0.98|0.96
epoch:343, loss: 0.0125120231985218, other:1.00|1.00|1.00, company:0.97|1.00|0.98, address:0.99|1.00|0.99, date:0.97|1.00|0.98, total:0.97|0.94|0.95
epoch:344, loss: 0.0116789270778773, other:1.00|1.00|1.00, company:0.98|0.99|0.99, address:1.00|0.98|0.99, date:0.96|0.99|0.97, total:0.93|0.97|0.95
epoch:345, loss: 0.011592258095603299, other:1.00|1.00|1.00, company:0.99|0.99|0.99, address:1.00|0.99|1.00, date:0.99|0.97|0.98, total:0.92|0.95|0.94
epoch:346, loss: 0.009302998522158575, other:1.00|1.00|1.00, company:1.00|0.99|0.99, address:1.00|1.00|1.00, date:0.99|0.99|0.99, total:0.92|0.98|0.95
epoch:347, loss: 0.009336262536062687, other:1.00|1.00|1.00, company:1.00|0.99|1.00, address:1.00|1.00|1.00, date:0.99|1.00|0.99, total:0.92|0.97|0.94
epoch:348, loss: 0.008346143911627156, other:1.00|1.00|1.00, company:0.99|1.00|0.99, address:1.00|1.00|1.00, date:1.00|0.98|0.99, total:0.94|0.99|0.96
epoch:349, loss: 0.009976244479831722, other:1.00|1.00|1.00, company:0.99|1.00|0.99, address:1.00|1.00|1.00, date:0.96|1.00|0.98, total:0.89|1.00|0.94
epoch:350, loss: 0.007135565789347446, other:1.00|1.00|1.00, company:0.99|1.00|0.99, address:1.00|1.00|1.00, date:1.00|0.99|0.99, total:0.97|0.99|0.98
