epoch:0, loss: 0.6584629703451086, other:0.94|0.95|0.95, company:0.00|0.00|0.00, address:0.88|0.36|0.51, date:0.00|0.00|0.00, total:0.00|0.00|0.00
epoch:1, loss: 0.3048393627007802, other:0.91|0.96|0.93, company:0.00|0.00|0.00, address:0.95|0.30|0.46, date:0.00|0.00|0.00, total:0.00|0.00|0.00
epoch:2, loss: 0.24612155225541857, other:0.87|0.97|0.92, company:0.10|0.84|0.17, address:0.99|0.29|0.44, date:0.04|0.43|0.07, total:0.26|0.21|0.23
epoch:3, loss: 0.22644153347721807, other:0.82|0.98|0.89, company:0.26|0.71|0.38, address:0.98|0.30|0.45, date:0.30|0.23|0.26, total:0.42|0.16|0.23
epoch:4, loss: 0.19574969234289946, other:0.83|0.98|0.90, company:0.62|0.74|0.68, address:0.95|0.34|0.50, date:0.46|0.19|0.27, total:0.38|0.17|0.24
epoch:5, loss: 0.1660361193396427, other:0.84|0.98|0.91, company:0.69|0.82|0.75, address:0.96|0.38|0.55, date:0.56|0.18|0.27, total:0.33|0.21|0.26
epoch:6, loss: 0.15749840410771193, other:0.82|0.98|0.89, company:0.80|0.81|0.80, address:0.97|0.39|0.56, date:0.61|0.16|0.26, total:0.43|0.22|0.29
epoch:7, loss: 0.15091797405922855, other:0.81|0.98|0.89, company:0.74|0.85|0.79, address:0.98|0.39|0.56, date:0.68|0.16|0.26, total:0.52|0.23|0.32
epoch:8, loss: 0.14234561417941693, other:0.80|0.98|0.89, company:0.81|0.84|0.82, address:0.98|0.40|0.57, date:0.72|0.16|0.26, total:0.60|0.26|0.36
epoch:9, loss: 0.124245491568689, other:0.83|0.98|0.90, company:0.88|0.78|0.83, address:0.97|0.44|0.60, date:0.78|0.16|0.26, total:0.31|0.30|0.30
epoch:10, loss: 0.11979323404806631, other:0.81|0.99|0.89, company:0.92|0.69|0.79, address:0.95|0.45|0.62, date:0.82|0.17|0.28, total:0.61|0.25|0.36
epoch:11, loss: 0.13479101492298973, other:0.81|0.98|0.89, company:0.82|0.83|0.83, address:0.99|0.42|0.59, date:0.84|0.17|0.28, total:0.52|0.25|0.34
epoch:12, loss: 0.11976720199540809, other:0.83|0.98|0.90, company:0.88|0.82|0.85, address:0.98|0.47|0.64, date:0.85|0.16|0.27, total:0.31|0.29|0.30
epoch:13, loss: 0.102863984665385, other:0.82|0.99|0.90, company:0.94|0.70|0.80, address:0.96|0.47|0.63, date:0.86|0.18|0.29, total:0.58|0.30|0.39
epoch:14, loss: 0.136301730931909, other:0.78|0.99|0.87, company:0.93|0.74|0.82, address:0.97|0.46|0.63, date:0.90|0.15|0.26, total:0.71|0.25|0.37
epoch:15, loss: 0.151059924038472, other:0.77|0.99|0.86, company:0.95|0.69|0.80, address:0.96|0.43|0.59, date:0.90|0.15|0.25, total:0.75|0.26|0.39
epoch:16, loss: 0.11761488406746476, other:0.80|0.99|0.88, company:0.94|0.72|0.81, address:0.97|0.44|0.61, date:0.91|0.16|0.27, total:0.54|0.31|0.40
epoch:17, loss: 0.10542015276021427, other:0.81|0.99|0.89, company:0.91|0.75|0.82, address:0.99|0.44|0.61, date:0.87|0.19|0.31, total:0.60|0.27|0.37
epoch:18, loss: 0.12677039468178042, other:0.79|0.98|0.88, company:0.93|0.79|0.85, address:0.99|0.44|0.61, date:0.91|0.15|0.26, total:0.41|0.28|0.33
epoch:19, loss: 0.1028956185888361, other:0.80|0.99|0.89, company:0.91|0.80|0.85, address:0.99|0.47|0.64, date:0.92|0.16|0.27, total:0.58|0.31|0.40
epoch:20, loss: 0.11544602364301682, other:0.77|0.99|0.87, company:0.93|0.78|0.85, address:0.99|0.46|0.63, date:0.94|0.14|0.24, total:0.72|0.30|0.42
epoch:21, loss: 0.12629265959064165, other:0.77|0.99|0.87, company:0.92|0.75|0.83, address:0.99|0.48|0.65, date:0.96|0.13|0.23, total:0.66|0.31|0.42
epoch:22, loss: 0.10453232736499221, other:0.78|0.99|0.87, company:0.93|0.80|0.86, address:0.99|0.48|0.64, date:0.97|0.14|0.25, total:0.70|0.29|0.41
epoch:23, loss: 0.1378914399969357, other:0.76|1.00|0.86, company:0.97|0.65|0.78, address:0.97|0.45|0.62, date:0.95|0.15|0.25, total:0.88|0.26|0.40
epoch:24, loss: 0.09347826801240444, other:0.78|0.99|0.87, company:0.96|0.71|0.82, address:0.99|0.48|0.65, date:0.94|0.15|0.26, total:0.83|0.28|0.42
epoch:25, loss: 0.13147870037290785, other:0.75|1.00|0.85, company:0.97|0.66|0.79, address:0.97|0.47|0.64, date:0.97|0.13|0.23, total:0.87|0.27|0.41
epoch:26, loss: 0.11610254886801596, other:0.76|0.99|0.86, company:0.97|0.61|0.75, address:0.95|0.46|0.62, date:0.97|0.14|0.24, total:0.73|0.31|0.43
epoch:27, loss: 0.13326687855577027, other:0.75|1.00|0.86, company:0.97|0.64|0.77, address:0.96|0.45|0.61, date:0.97|0.14|0.24, total:0.86|0.28|0.42
epoch:28, loss: 0.09098728242571708, other:0.79|0.99|0.88, company:0.97|0.70|0.81, address:0.98|0.47|0.63, date:0.94|0.15|0.26, total:0.70|0.34|0.46
epoch:29, loss: 0.0945275582511116, other:0.78|0.99|0.87, company:0.96|0.75|0.84, address:0.99|0.50|0.67, date:0.98|0.13|0.24, total:0.63|0.36|0.46
epoch:30, loss: 0.11711976145980535, other:0.75|1.00|0.86, company:0.96|0.77|0.85, address:0.99|0.47|0.64, date:0.99|0.13|0.24, total:0.87|0.30|0.44
epoch:31, loss: 0.12635668049807902, other:0.75|0.99|0.86, company:0.96|0.78|0.86, address:0.99|0.47|0.64, date:0.99|0.13|0.22, total:0.79|0.31|0.45
epoch:32, loss: 0.0837538130581379, other:0.80|0.99|0.88, company:0.96|0.68|0.80, address:0.99|0.47|0.64, date:0.97|0.16|0.28, total:0.53|0.35|0.42
epoch:33, loss: 0.07925805028665948, other:0.79|0.99|0.88, company:0.96|0.73|0.83, address:0.99|0.47|0.64, date:0.96|0.16|0.27, total:0.78|0.33|0.46
epoch:34, loss: 0.07951998338103294, other:0.78|0.99|0.87, company:0.98|0.69|0.81, address:0.97|0.52|0.68, date:0.99|0.13|0.24, total:0.77|0.34|0.47
epoch:35, loss: 0.11049501549590517, other:0.77|0.99|0.86, company:0.97|0.72|0.83, address:0.99|0.52|0.68, date:0.98|0.12|0.22, total:0.65|0.35|0.45
epoch:36, loss: 0.10944835241470072, other:0.76|0.99|0.86, company:0.96|0.74|0.84, address:0.99|0.48|0.64, date:0.99|0.13|0.23, total:0.67|0.35|0.46
epoch:37, loss: 0.11606363627921652, other:0.75|1.00|0.86, company:0.87|0.86|0.86, address:1.00|0.48|0.65, date:0.99|0.13|0.23, total:0.89|0.29|0.43
epoch:38, loss: 0.10465746704075071, other:0.85|0.98|0.91, company:0.97|0.57|0.72, address:0.91|0.50|0.64, date:0.89|0.19|0.31, total:0.18|0.39|0.25
epoch:39, loss: 0.07885003241675871, other:0.80|0.99|0.89, company:0.93|0.76|0.84, address:0.99|0.49|0.66, date:0.97|0.15|0.26, total:0.50|0.39|0.44
epoch:40, loss: 0.108975806032066, other:0.76|1.00|0.86, company:0.94|0.79|0.86, address:1.00|0.47|0.63, date:0.99|0.13|0.23, total:0.84|0.31|0.46
epoch:41, loss: 0.20534653920266363, other:0.73|0.99|0.84, company:0.96|0.77|0.86, address:0.99|0.41|0.58, date:0.96|0.12|0.21, total:0.83|0.30|0.44
epoch:42, loss: 0.11320191476907995, other:0.79|0.99|0.88, company:0.87|0.84|0.86, address:1.00|0.44|0.61, date:0.98|0.15|0.26, total:0.64|0.34|0.44
epoch:43, loss: 0.08104168872038524, other:0.80|0.99|0.88, company:0.96|0.77|0.85, address:0.99|0.47|0.64, date:0.97|0.14|0.25, total:0.51|0.44|0.47
epoch:44, loss: 0.11285874702864224, other:0.76|0.99|0.86, company:0.93|0.82|0.87, address:0.99|0.46|0.63, date:0.99|0.12|0.22, total:0.78|0.36|0.49
epoch:45, loss: 0.09703476278594246, other:0.76|0.99|0.86, company:0.98|0.74|0.84, address:0.98|0.46|0.63, date:0.99|0.13|0.23, total:0.79|0.37|0.50
epoch:46, loss: 0.10475655500259665, other:0.75|1.00|0.85, company:0.98|0.73|0.83, address:0.99|0.46|0.63, date:0.99|0.14|0.24, total:0.96|0.30|0.45
epoch:47, loss: 0.06904229273398717, other:0.78|1.00|0.88, company:0.98|0.78|0.87, address:1.00|0.50|0.66, date:1.00|0.14|0.25, total:0.83|0.37|0.51
epoch:48, loss: 0.07747076206875068, other:0.77|1.00|0.87, company:0.98|0.74|0.84, address:0.99|0.51|0.68, date:0.99|0.13|0.23, total:0.85|0.38|0.53
epoch:49, loss: 0.20358990332870572, other:0.71|0.99|0.83, company:0.98|0.72|0.83, address:0.99|0.45|0.62, date:0.99|0.10|0.18, total:0.72|0.38|0.49
epoch:50, loss: 0.07098594369987647, other:0.78|0.99|0.88, company:0.98|0.74|0.84, address:0.99|0.49|0.66, date:0.98|0.14|0.25, total:0.78|0.37|0.50
epoch:51, loss: 0.0874864120312311, other:0.77|0.99|0.87, company:0.98|0.76|0.86, address:0.99|0.47|0.64, date:1.00|0.13|0.23, total:0.81|0.38|0.51
epoch:52, loss: 0.0987530073357953, other:0.75|1.00|0.86, company:0.99|0.74|0.85, address:0.99|0.46|0.62, date:0.99|0.13|0.22, total:0.83|0.39|0.53
epoch:53, loss: 0.08577241810659568, other:0.76|1.00|0.86, company:0.97|0.78|0.87, address:1.00|0.49|0.66, date:1.00|0.13|0.23, total:0.95|0.36|0.52
epoch:54, loss: 0.10866718628892193, other:0.75|0.99|0.86, company:0.96|0.81|0.88, address:1.00|0.50|0.67, date:1.00|0.11|0.20, total:0.60|0.36|0.45
epoch:55, loss: 0.08758729296150031, other:0.77|0.99|0.87, company:1.00|0.70|0.82, address:0.99|0.48|0.64, date:0.99|0.14|0.24, total:0.78|0.36|0.50
epoch:56, loss: 0.1064245209649757, other:0.76|1.00|0.86, company:0.98|0.75|0.85, address:0.99|0.46|0.63, date:0.97|0.14|0.24, total:0.85|0.33|0.47
epoch:57, loss: 0.04868766996595594, other:0.83|0.99|0.90, company:0.95|0.81|0.87, address:0.99|0.48|0.65, date:0.94|0.20|0.33, total:0.83|0.38|0.52
epoch:58, loss: 0.08700075435141723, other:0.81|0.99|0.89, company:0.97|0.76|0.85, address:0.99|0.51|0.67, date:0.97|0.16|0.28, total:0.53|0.38|0.44
epoch:59, loss: 0.09419334755727539, other:0.77|1.00|0.87, company:0.91|0.84|0.87, address:1.00|0.46|0.63, date:0.99|0.14|0.24, total:0.89|0.36|0.51
epoch:60, loss: 0.09942085289016918, other:0.76|0.99|0.86, company:0.98|0.65|0.78, address:0.98|0.50|0.66, date:0.99|0.13|0.23, total:0.82|0.35|0.50
epoch:61, loss: 0.08290683050398473, other:0.79|0.99|0.88, company:0.95|0.78|0.86, address:1.00|0.46|0.63, date:0.98|0.15|0.27, total:0.83|0.40|0.54
epoch:62, loss: 0.08148782876216704, other:0.77|1.00|0.87, company:0.98|0.72|0.83, address:0.99|0.48|0.65, date:0.99|0.14|0.25, total:0.88|0.36|0.51
epoch:63, loss: 0.08698932812721641, other:0.78|0.99|0.87, company:0.99|0.73|0.84, address:0.99|0.49|0.65, date:0.99|0.13|0.23, total:0.72|0.41|0.52
epoch:64, loss: 0.07182664631141557, other:0.78|1.00|0.88, company:0.99|0.70|0.82, address:0.99|0.48|0.65, date:0.99|0.15|0.26, total:0.87|0.39|0.53
epoch:65, loss: 0.10023443514688148, other:0.77|0.99|0.87, company:0.96|0.78|0.86, address:1.00|0.49|0.66, date:1.00|0.13|0.24, total:0.79|0.34|0.48
epoch:66, loss: 0.04598682366863445, other:0.82|1.00|0.90, company:0.99|0.72|0.84, address:0.99|0.55|0.71, date:0.99|0.17|0.29, total:0.84|0.43|0.56
epoch:67, loss: 0.08550609969016579, other:0.78|1.00|0.88, company:0.98|0.80|0.88, address:0.99|0.44|0.61, date:0.99|0.15|0.27, total:0.84|0.40|0.54
epoch:68, loss: 0.05763292798979415, other:0.80|0.99|0.89, company:0.97|0.84|0.90, address:1.00|0.47|0.64, date:0.99|0.16|0.27, total:0.81|0.44|0.57
epoch:69, loss: 0.07457307163901904, other:0.77|1.00|0.87, company:0.99|0.73|0.84, address:0.99|0.52|0.68, date:1.00|0.13|0.23, total:0.87|0.41|0.56
epoch:70, loss: 0.1050220300891885, other:0.74|1.00|0.85, company:0.99|0.70|0.82, address:0.98|0.50|0.67, date:1.00|0.12|0.21, total:0.85|0.36|0.51
epoch:71, loss: 0.048775736070065585, other:0.80|1.00|0.89, company:0.99|0.75|0.85, address:0.99|0.48|0.65, date:0.99|0.17|0.30, total:0.91|0.39|0.55
epoch:72, loss: 0.06536461606069847, other:0.81|0.99|0.89, company:0.99|0.77|0.86, address:0.99|0.49|0.66, date:0.98|0.17|0.29, total:0.78|0.39|0.52
epoch:73, loss: 0.06924415203846163, other:0.79|1.00|0.88, company:0.99|0.70|0.82, address:0.98|0.47|0.64, date:1.00|0.15|0.27, total:0.88|0.39|0.54
epoch:74, loss: 0.07925567800110137, other:0.78|1.00|0.87, company:0.98|0.71|0.82, address:0.99|0.47|0.63, date:0.99|0.14|0.24, total:0.83|0.43|0.57
epoch:75, loss: 0.054557553837420766, other:0.79|1.00|0.88, company:0.95|0.82|0.88, address:1.00|0.54|0.70, date:0.99|0.13|0.23, total:0.89|0.42|0.57
epoch:76, loss: 0.10403432193453666, other:0.75|0.99|0.86, company:0.99|0.71|0.83, address:0.99|0.47|0.64, date:0.99|0.12|0.22, total:0.75|0.39|0.51
epoch:77, loss: 0.06736103700542892, other:0.78|0.99|0.87, company:0.99|0.78|0.88, address:0.99|0.47|0.64, date:1.00|0.14|0.24, total:0.72|0.46|0.56
epoch:78, loss: 0.08643239436464177, other:0.75|1.00|0.86, company:0.99|0.70|0.82, address:0.99|0.46|0.63, date:1.00|0.13|0.24, total:0.96|0.37|0.53
epoch:79, loss: 0.10687911765718902, other:0.74|1.00|0.85, company:0.99|0.71|0.83, address:0.99|0.51|0.67, date:1.00|0.11|0.20, total:0.94|0.36|0.52
epoch:80, loss: 0.08222132721156986, other:0.78|0.99|0.87, company:0.99|0.79|0.88, address:1.00|0.48|0.65, date:1.00|0.13|0.23, total:0.58|0.47|0.52
epoch:81, loss: 0.057283324292964406, other:0.78|1.00|0.87, company:0.99|0.81|0.89, address:1.00|0.48|0.65, date:1.00|0.14|0.24, total:0.93|0.41|0.57
epoch:82, loss: 0.06958783607653997, other:0.77|1.00|0.87, company:0.96|0.80|0.87, address:1.00|0.47|0.64, date:1.00|0.14|0.25, total:0.89|0.35|0.51
epoch:83, loss: 0.0840181793189711, other:0.76|0.99|0.86, company:0.98|0.79|0.87, address:1.00|0.51|0.67, date:0.99|0.12|0.21, total:0.79|0.42|0.55
epoch:84, loss: 0.09903861858226636, other:0.75|1.00|0.86, company:0.99|0.81|0.89, address:1.00|0.44|0.61, date:1.00|0.13|0.23, total:0.92|0.35|0.50
epoch:85, loss: 0.07593583419091171, other:0.77|0.99|0.87, company:0.99|0.74|0.85, address:1.00|0.46|0.63, date:1.00|0.13|0.24, total:0.81|0.46|0.59
epoch:86, loss: 0.07396779678486011, other:0.77|1.00|0.87, company:1.00|0.75|0.86, address:1.00|0.48|0.65, date:1.00|0.13|0.23, total:0.90|0.44|0.59
epoch:87, loss: 0.08252641220611555, other:0.75|1.00|0.86, company:0.99|0.78|0.87, address:1.00|0.48|0.65, date:1.00|0.12|0.22, total:0.85|0.38|0.53
epoch:88, loss: 0.05792968447699591, other:0.79|1.00|0.88, company:0.99|0.77|0.87, address:1.00|0.46|0.63, date:1.00|0.16|0.28, total:0.87|0.45|0.59
epoch:89, loss: 0.047460187019573316, other:0.79|1.00|0.88, company:0.98|0.75|0.85, address:1.00|0.54|0.70, date:1.00|0.14|0.24, total:0.89|0.46|0.60
epoch:90, loss: 0.04111746081185562, other:0.81|0.99|0.89, company:0.99|0.72|0.84, address:0.99|0.51|0.67, date:1.00|0.16|0.27, total:0.72|0.51|0.59
epoch:91, loss: 0.10985657124331703, other:0.75|1.00|0.86, company:0.96|0.84|0.90, address:1.00|0.43|0.60, date:0.99|0.13|0.23, total:0.93|0.39|0.54
epoch:92, loss: 0.051002616338707785, other:0.81|0.99|0.89, company:0.99|0.74|0.85, address:0.99|0.53|0.69, date:0.98|0.14|0.25, total:0.57|0.53|0.55
epoch:93, loss: 0.06108044581142841, other:0.76|1.00|0.86, company:0.99|0.74|0.85, address:1.00|0.49|0.66, date:1.00|0.13|0.23, total:0.95|0.41|0.57
epoch:94, loss: 0.07465796986663784, other:0.77|0.99|0.87, company:1.00|0.70|0.82, address:0.99|0.45|0.62, date:1.00|0.14|0.24, total:0.81|0.44|0.57
epoch:95, loss: 0.05065074318123085, other:0.78|1.00|0.87, company:0.98|0.81|0.89, address:1.00|0.49|0.66, date:1.00|0.14|0.24, total:0.93|0.41|0.57
epoch:96, loss: 0.05700887656874127, other:0.79|0.99|0.88, company:0.96|0.82|0.88, address:0.99|0.48|0.65, date:0.98|0.14|0.24, total:0.75|0.46|0.57
epoch:97, loss: 0.05357172950688335, other:0.78|1.00|0.88, company:0.98|0.81|0.88, address:1.00|0.48|0.65, date:1.00|0.15|0.26, total:0.95|0.39|0.55
epoch:98, loss: 0.055631864298548966, other:0.78|1.00|0.88, company:1.00|0.72|0.83, address:1.00|0.50|0.66, date:1.00|0.14|0.24, total:0.84|0.48|0.61
epoch:99, loss: 0.05167216214316862, other:0.78|1.00|0.87, company:0.99|0.76|0.86, address:0.99|0.50|0.66, date:1.00|0.13|0.24, total:0.91|0.46|0.61
epoch:100, loss: 0.11374936846119386, other:0.74|1.00|0.85, company:1.00|0.63|0.77, address:0.98|0.49|0.66, date:1.00|0.12|0.22, total:0.98|0.34|0.51
epoch:101, loss: 0.06270420941075792, other:0.78|1.00|0.88, company:1.00|0.79|0.88, address:1.00|0.44|0.61, date:0.99|0.15|0.25, total:0.82|0.49|0.61
epoch:102, loss: 0.03358358072323932, other:0.81|1.00|0.89, company:0.99|0.76|0.86, address:1.00|0.50|0.67, date:0.99|0.16|0.28, total:0.92|0.45|0.60
epoch:103, loss: 0.09458746378206545, other:0.76|1.00|0.86, company:0.98|0.78|0.87, address:1.00|0.47|0.64, date:1.00|0.12|0.22, total:0.91|0.42|0.57
epoch:104, loss: 0.05200179683527461, other:0.79|0.99|0.88, company:0.99|0.75|0.86, address:0.99|0.49|0.66, date:1.00|0.14|0.24, total:0.76|0.53|0.62
epoch:105, loss: 0.056859704907293675, other:0.78|1.00|0.88, company:0.97|0.71|0.82, address:0.97|0.49|0.65, date:1.00|0.14|0.24, total:0.87|0.48|0.62
epoch:106, loss: 0.08058320877521678, other:0.74|1.00|0.85, company:1.00|0.77|0.87, address:0.99|0.50|0.67, date:1.00|0.11|0.20, total:0.98|0.40|0.57
epoch:107, loss: 0.05594982339621142, other:0.77|1.00|0.87, company:1.00|0.69|0.82, address:0.99|0.49|0.66, date:1.00|0.14|0.25, total:0.99|0.42|0.59
epoch:108, loss: 0.09702947847890081, other:0.74|1.00|0.85, company:0.99|0.81|0.89, address:1.00|0.47|0.63, date:1.00|0.12|0.21, total:0.98|0.39|0.56
epoch:109, loss: 0.0637264867934088, other:0.78|1.00|0.88, company:0.99|0.78|0.87, address:1.00|0.50|0.66, date:1.00|0.14|0.25, total:0.99|0.40|0.57
epoch:110, loss: 0.09114520331085832, other:0.75|0.99|0.86, company:1.00|0.73|0.84, address:1.00|0.49|0.66, date:1.00|0.11|0.20, total:0.76|0.50|0.60
epoch:111, loss: 0.05240565176225371, other:0.79|1.00|0.88, company:0.97|0.86|0.91, address:0.99|0.47|0.63, date:0.98|0.15|0.27, total:0.84|0.41|0.55
epoch:112, loss: 0.0628095469954941, other:0.79|0.99|0.88, company:0.99|0.76|0.86, address:0.99|0.50|0.67, date:1.00|0.13|0.24, total:0.78|0.52|0.63
epoch:113, loss: 0.05642504210549372, other:0.79|1.00|0.88, company:0.99|0.73|0.84, address:0.99|0.48|0.65, date:1.00|0.14|0.24, total:0.87|0.52|0.65
epoch:114, loss: 0.07621473437865023, other:0.76|1.00|0.87, company:1.00|0.70|0.82, address:1.00|0.48|0.65, date:1.00|0.13|0.23, total:0.92|0.47|0.62
epoch:115, loss: 0.08599239180761355, other:0.75|1.00|0.86, company:0.96|0.82|0.89, address:1.00|0.48|0.65, date:1.00|0.12|0.21, total:0.99|0.42|0.59
epoch:116, loss: 0.038678119924885256, other:0.82|1.00|0.90, company:0.99|0.77|0.87, address:1.00|0.48|0.65, date:0.99|0.17|0.29, total:0.87|0.52|0.65
epoch:117, loss: 0.10766447875303803, other:0.75|1.00|0.86, company:0.99|0.72|0.83, address:1.00|0.47|0.64, date:1.00|0.13|0.24, total:1.00|0.33|0.49
epoch:118, loss: 0.04148608271929401, other:0.81|1.00|0.89, company:0.98|0.78|0.87, address:1.00|0.49|0.66, date:1.00|0.16|0.28, total:0.94|0.49|0.65
epoch:119, loss: 0.059875892009586096, other:0.79|1.00|0.88, company:1.00|0.70|0.82, address:1.00|0.50|0.66, date:1.00|0.15|0.26, total:0.95|0.42|0.58
epoch:120, loss: 0.11858432408836153, other:0.74|0.99|0.85, company:0.99|0.79|0.88, address:1.00|0.49|0.66, date:1.00|0.11|0.19, total:0.72|0.42|0.53
epoch:121, loss: 0.10190631487165336, other:0.74|1.00|0.85, company:1.00|0.71|0.83, address:0.99|0.43|0.60, date:1.00|0.13|0.23, total:0.97|0.38|0.55
epoch:122, loss: 0.0569092228801714, other:0.78|1.00|0.87, company:0.96|0.83|0.89, address:1.00|0.49|0.66, date:1.00|0.13|0.24, total:0.96|0.44|0.60
epoch:123, loss: 0.07815613849433484, other:0.76|1.00|0.86, company:0.99|0.74|0.85, address:0.99|0.46|0.63, date:1.00|0.13|0.24, total:0.98|0.42|0.58
epoch:124, loss: 0.07452887143180878, other:0.77|1.00|0.87, company:0.98|0.85|0.91, address:1.00|0.45|0.62, date:1.00|0.13|0.24, total:0.97|0.44|0.60
epoch:125, loss: 0.05248767944673697, other:0.79|1.00|0.88, company:0.99|0.76|0.86, address:1.00|0.49|0.65, date:1.00|0.15|0.26, total:0.94|0.48|0.64
epoch:126, loss: 0.04522721698783614, other:0.79|1.00|0.88, company:1.00|0.75|0.86, address:1.00|0.49|0.65, date:1.00|0.15|0.25, total:0.94|0.47|0.62
epoch:127, loss: 0.05662250080732284, other:0.78|1.00|0.87, company:1.00|0.78|0.88, address:1.00|0.46|0.63, date:0.99|0.14|0.25, total:0.95|0.46|0.62
epoch:128, loss: 0.0980403863100542, other:0.75|1.00|0.86, company:0.99|0.69|0.82, address:0.98|0.45|0.61, date:1.00|0.13|0.23, total:0.92|0.38|0.54
epoch:129, loss: 0.058480429359608226, other:0.78|0.99|0.88, company:0.97|0.81|0.89, address:0.99|0.49|0.66, date:1.00|0.13|0.23, total:0.82|0.49|0.61
epoch:130, loss: 0.053959388147901605, other:0.77|1.00|0.87, company:0.99|0.80|0.89, address:1.00|0.49|0.65, date:1.00|0.13|0.22, total:0.89|0.55|0.68
epoch:131, loss: 0.06809810718038568, other:0.76|1.00|0.86, company:1.00|0.69|0.81, address:0.99|0.48|0.64, date:1.00|0.13|0.22, total:0.95|0.46|0.62
epoch:132, loss: 0.060471530434572034, other:0.76|1.00|0.87, company:1.00|0.80|0.89, address:1.00|0.49|0.65, date:1.00|0.12|0.21, total:0.89|0.54|0.67
epoch:133, loss: 0.058508616492704106, other:0.78|1.00|0.87, company:1.00|0.79|0.88, address:1.00|0.46|0.63, date:1.00|0.14|0.24, total:0.93|0.50|0.65
epoch:134, loss: 0.0766412243074565, other:0.77|1.00|0.87, company:1.00|0.76|0.86, address:1.00|0.46|0.63, date:1.00|0.14|0.24, total:0.97|0.43|0.59
epoch:135, loss: 0.02700155321508646, other:0.84|1.00|0.91, company:1.00|0.77|0.87, address:1.00|0.53|0.69, date:0.99|0.18|0.31, total:0.84|0.56|0.67
epoch:136, loss: 0.0910359703314801, other:0.78|1.00|0.88, company:1.00|0.71|0.83, address:0.99|0.49|0.66, date:0.99|0.16|0.27, total:0.98|0.35|0.52
epoch:137, loss: 0.054143166842146054, other:0.80|0.99|0.89, company:1.00|0.78|0.88, address:1.00|0.49|0.66, date:1.00|0.15|0.26, total:0.78|0.49|0.60
epoch:138, loss: 0.06297255217753074, other:0.78|1.00|0.87, company:1.00|0.77|0.87, address:1.00|0.49|0.65, date:1.00|0.13|0.24, total:0.95|0.48|0.64
epoch:139, loss: 0.07278077664819581, other:0.76|1.00|0.87, company:1.00|0.81|0.89, address:1.00|0.49|0.65, date:1.00|0.13|0.23, total:1.00|0.40|0.57
epoch:140, loss: 0.0620334395552399, other:0.77|1.00|0.87, company:0.99|0.69|0.82, address:0.99|0.50|0.66, date:1.00|0.13|0.24, total:0.98|0.47|0.64
epoch:141, loss: 0.04992847187720515, other:0.79|1.00|0.88, company:1.00|0.75|0.86, address:1.00|0.48|0.65, date:1.00|0.15|0.26, total:0.94|0.49|0.64
epoch:142, loss: 0.08459597127512097, other:0.79|1.00|0.88, company:1.00|0.77|0.87, address:1.00|0.51|0.67, date:0.99|0.16|0.27, total:0.94|0.32|0.47
epoch:143, loss: 0.03450412144539533, other:0.83|0.99|0.90, company:0.99|0.83|0.90, address:1.00|0.54|0.70, date:0.97|0.17|0.28, total:0.82|0.50|0.62
epoch:144, loss: 0.07976730802544842, other:0.78|0.99|0.87, company:0.96|0.68|0.79, address:0.97|0.49|0.65, date:0.99|0.13|0.24, total:0.84|0.48|0.61
epoch:145, loss: 0.07911294884979725, other:0.77|1.00|0.87, company:1.00|0.81|0.89, address:1.00|0.47|0.64, date:1.00|0.14|0.24, total:0.99|0.39|0.56
epoch:146, loss: 0.049886213788003834, other:0.79|1.00|0.88, company:0.99|0.71|0.83, address:1.00|0.48|0.65, date:1.00|0.15|0.26, total:0.96|0.47|0.63
epoch:147, loss: 0.05477205841560607, other:0.78|1.00|0.88, company:1.00|0.77|0.87, address:1.00|0.47|0.64, date:1.00|0.14|0.24, total:0.89|0.54|0.67
epoch:148, loss: 0.06228676581479333, other:0.77|1.00|0.87, company:1.00|0.76|0.86, address:1.00|0.48|0.64, date:1.00|0.14|0.24, total:0.96|0.47|0.63
epoch:149, loss: 0.09829113538445974, other:0.75|1.00|0.86, company:0.99|0.84|0.91, address:1.00|0.47|0.64, date:1.00|0.12|0.22, total:1.00|0.39|0.56
epoch:150, loss: 0.08139091999166542, other:0.76|1.00|0.87, company:0.99|0.74|0.85, address:1.00|0.47|0.64, date:1.00|0.13|0.23, total:0.96|0.44|0.60
epoch:151, loss: 0.055795921150732924, other:0.78|1.00|0.88, company:0.99|0.79|0.88, address:1.00|0.48|0.65, date:1.00|0.14|0.25, total:0.96|0.45|0.61
epoch:152, loss: 0.09410512029986691, other:0.76|1.00|0.86, company:1.00|0.69|0.82, address:0.99|0.46|0.63, date:1.00|0.14|0.25, total:0.97|0.34|0.51
epoch:153, loss: 0.07041062531923806, other:0.78|1.00|0.88, company:0.99|0.81|0.89, address:1.00|0.48|0.65, date:0.99|0.14|0.24, total:0.89|0.48|0.62
epoch:154, loss: 0.07015336560154403, other:0.78|1.00|0.87, company:1.00|0.73|0.84, address:1.00|0.47|0.64, date:1.00|0.14|0.25, total:0.94|0.46|0.62
epoch:155, loss: 0.038526745771782264, other:0.81|1.00|0.89, company:1.00|0.76|0.86, address:1.00|0.49|0.66, date:1.00|0.16|0.27, total:0.90|0.56|0.69
epoch:156, loss: 0.07514828227943292, other:0.79|1.00|0.88, company:1.00|0.72|0.84, address:0.99|0.46|0.63, date:1.00|0.17|0.30, total:0.98|0.38|0.55
epoch:157, loss: 0.061986340761736584, other:0.79|1.00|0.88, company:0.99|0.73|0.84, address:1.00|0.51|0.68, date:1.00|0.14|0.25, total:0.95|0.47|0.62
epoch:158, loss: 0.09086982693730129, other:0.74|1.00|0.85, company:0.99|0.82|0.90, address:1.00|0.46|0.63, date:0.99|0.12|0.22, total:0.98|0.34|0.50
epoch:159, loss: 0.06141826163770424, other:0.77|1.00|0.87, company:1.00|0.76|0.86, address:1.00|0.47|0.64, date:1.00|0.13|0.23, total:0.89|0.52|0.66
epoch:160, loss: 0.07667569034836358, other:0.75|1.00|0.86, company:1.00|0.76|0.86, address:1.00|0.46|0.63, date:1.00|0.13|0.22, total:0.98|0.44|0.61
epoch:161, loss: 0.041607739972985454, other:0.80|1.00|0.89, company:1.00|0.76|0.87, address:1.00|0.48|0.64, date:0.99|0.16|0.28, total:0.98|0.46|0.63
epoch:162, loss: 0.05483149145557373, other:0.80|1.00|0.89, company:1.00|0.69|0.82, address:1.00|0.50|0.67, date:1.00|0.17|0.29, total:0.97|0.39|0.56
epoch:163, loss: 0.0731880107584099, other:0.78|1.00|0.88, company:1.00|0.78|0.88, address:1.00|0.46|0.63, date:1.00|0.15|0.26, total:1.00|0.41|0.58
epoch:164, loss: 0.06314696622495022, other:0.77|1.00|0.87, company:1.00|0.78|0.88, address:1.00|0.49|0.66, date:1.00|0.14|0.24, total:1.00|0.40|0.57
epoch:165, loss: 0.0957652816152269, other:0.74|1.00|0.85, company:1.00|0.75|0.85, address:1.00|0.49|0.65, date:1.00|0.12|0.21, total:1.00|0.39|0.56
epoch:166, loss: 0.07587521612057807, other:0.76|1.00|0.86, company:0.98|0.81|0.89, address:1.00|0.47|0.64, date:1.00|0.14|0.24, total:1.00|0.36|0.52
epoch:167, loss: 0.03826926569281905, other:0.81|1.00|0.90, company:0.99|0.72|0.84, address:0.99|0.50|0.66, date:1.00|0.17|0.29, total:0.94|0.48|0.64
epoch:168, loss: 0.0980473328554244, other:0.75|1.00|0.86, company:0.99|0.80|0.88, address:1.00|0.47|0.64, date:1.00|0.12|0.21, total:0.95|0.47|0.63
epoch:169, loss: 0.040703767669145706, other:0.81|1.00|0.89, company:1.00|0.78|0.88, address:1.00|0.51|0.68, date:1.00|0.16|0.27, total:0.96|0.50|0.66
epoch:170, loss: 0.048731864188556316, other:0.79|1.00|0.89, company:1.00|0.79|0.88, address:1.00|0.47|0.64, date:1.00|0.17|0.28, total:1.00|0.41|0.58
epoch:171, loss: 0.03217280826841792, other:0.83|1.00|0.90, company:1.00|0.77|0.87, address:1.00|0.48|0.65, date:1.00|0.19|0.33, total:0.94|0.51|0.66
epoch:172, loss: 0.048950963420793414, other:0.79|1.00|0.88, company:1.00|0.79|0.88, address:1.00|0.49|0.66, date:1.00|0.15|0.26, total:0.97|0.50|0.66
epoch:173, loss: 0.08313257802553752, other:0.76|1.00|0.86, company:0.99|0.71|0.83, address:1.00|0.49|0.66, date:1.00|0.13|0.23, total:1.00|0.35|0.52
epoch:174, loss: 0.0665065238804177, other:0.77|1.00|0.87, company:1.00|0.80|0.89, address:1.00|0.50|0.67, date:1.00|0.14|0.24, total:0.86|0.36|0.51
epoch:175, loss: 0.05948768052513952, other:0.79|1.00|0.88, company:0.99|0.79|0.88, address:1.00|0.49|0.66, date:1.00|0.15|0.25, total:0.88|0.42|0.57
epoch:176, loss: 0.038162343178151384, other:0.82|1.00|0.90, company:1.00|0.77|0.87, address:1.00|0.50|0.66, date:1.00|0.20|0.33, total:0.99|0.38|0.55
epoch:177, loss: 0.06604231680157008, other:0.80|1.00|0.89, company:1.00|0.81|0.89, address:1.00|0.44|0.62, date:1.00|0.18|0.30, total:0.99|0.42|0.59
epoch:178, loss: 0.08985827507934084, other:0.77|1.00|0.87, company:1.00|0.74|0.85, address:1.00|0.47|0.64, date:1.00|0.14|0.24, total:0.97|0.40|0.57
epoch:179, loss: 0.0719276726314867, other:0.76|1.00|0.86, company:1.00|0.72|0.84, address:0.99|0.49|0.66, date:1.00|0.12|0.22, total:0.89|0.43|0.58
epoch:180, loss: 0.05396759489344226, other:0.78|1.00|0.88, company:0.98|0.88|0.93, address:1.00|0.46|0.63, date:1.00|0.14|0.24, total:0.90|0.51|0.65
epoch:181, loss: 0.06230605816192649, other:0.77|1.00|0.87, company:1.00|0.80|0.89, address:1.00|0.47|0.64, date:1.00|0.13|0.23, total:0.96|0.47|0.63
epoch:182, loss: 0.05482436728629249, other:0.77|1.00|0.87, company:1.00|0.79|0.88, address:1.00|0.51|0.68, date:1.00|0.13|0.22, total:0.97|0.49|0.65
epoch:183, loss: 0.054835925775545614, other:0.77|1.00|0.87, company:0.99|0.80|0.88, address:1.00|0.49|0.66, date:1.00|0.13|0.22, total:0.94|0.53|0.68
epoch:184, loss: 0.06259295187407622, other:0.77|1.00|0.87, company:1.00|0.76|0.86, address:1.00|0.49|0.65, date:1.00|0.13|0.23, total:0.99|0.44|0.61
epoch:185, loss: 0.07973078274409529, other:0.76|1.00|0.86, company:1.00|0.73|0.84, address:1.00|0.49|0.65, date:1.00|0.13|0.24, total:1.00|0.35|0.51
epoch:186, loss: 0.043914973373628326, other:0.80|1.00|0.89, company:1.00|0.75|0.86, address:1.00|0.50|0.67, date:1.00|0.15|0.25, total:0.92|0.55|0.69
epoch:187, loss: 0.05712842422158078, other:0.78|1.00|0.88, company:1.00|0.80|0.89, address:1.00|0.50|0.66, date:1.00|0.14|0.24, total:0.98|0.44|0.61
epoch:188, loss: 0.0659583081163604, other:0.77|1.00|0.87, company:1.00|0.78|0.88, address:1.00|0.48|0.65, date:1.00|0.13|0.24, total:0.99|0.48|0.64
epoch:189, loss: 0.05680845670953945, other:0.78|1.00|0.88, company:1.00|0.78|0.88, address:1.00|0.47|0.64, date:1.00|0.14|0.25, total:0.99|0.47|0.64
epoch:190, loss: 0.04813797951296524, other:0.79|1.00|0.88, company:1.00|0.71|0.83, address:1.00|0.49|0.66, date:1.00|0.14|0.25, total:0.98|0.51|0.68
epoch:191, loss: 0.08506198315363792, other:0.78|1.00|0.88, company:1.00|0.81|0.89, address:1.00|0.43|0.60, date:1.00|0.15|0.26, total:0.88|0.53|0.66
epoch:192, loss: 0.04276534297538025, other:0.84|0.99|0.91, company:0.99|0.80|0.89, address:1.00|0.41|0.58, date:0.88|0.22|0.35, total:0.87|0.63|0.73
epoch:193, loss: 0.05942582006186799, other:0.76|1.00|0.86, company:1.00|0.79|0.88, address:1.00|0.47|0.64, date:1.00|0.12|0.22, total:0.89|0.55|0.68
epoch:194, loss: 0.04735007296592273, other:0.77|1.00|0.87, company:1.00|0.77|0.87, address:1.00|0.48|0.65, date:1.00|0.14|0.24, total:1.00|0.41|0.58
epoch:195, loss: 0.050249921054475837, other:0.78|0.99|0.87, company:1.00|0.80|0.89, address:1.00|0.49|0.66, date:1.00|0.13|0.22, total:0.72|0.61|0.66
epoch:196, loss: 0.0638252560014802, other:0.77|1.00|0.87, company:1.00|0.79|0.88, address:1.00|0.46|0.63, date:1.00|0.13|0.23, total:0.83|0.57|0.68
epoch:197, loss: 0.06543795726503487, other:0.76|1.00|0.86, company:1.00|0.77|0.87, address:1.00|0.46|0.63, date:1.00|0.13|0.22, total:0.97|0.50|0.66
epoch:198, loss: 0.0369361361178259, other:0.79|1.00|0.88, company:1.00|0.80|0.89, address:1.00|0.48|0.65, date:1.00|0.14|0.25, total:0.95|0.54|0.69
epoch:199, loss: 0.050916953253801224, other:0.78|1.00|0.87, company:1.00|0.79|0.88, address:1.00|0.47|0.64, date:1.00|0.13|0.23, total:0.92|0.59|0.72
epoch:200, loss: 0.04001046230809556, other:0.82|1.00|0.90, company:1.00|0.69|0.81, address:0.99|0.47|0.64, date:0.97|0.19|0.31, total:0.95|0.54|0.69
epoch:201, loss: 0.07623988514145215, other:0.76|1.00|0.86, company:0.99|0.78|0.87, address:1.00|0.47|0.64, date:1.00|0.12|0.22, total:0.98|0.49|0.66
epoch:202, loss: 0.03789196739456168, other:0.81|1.00|0.89, company:1.00|0.76|0.86, address:1.00|0.48|0.65, date:1.00|0.16|0.27, total:0.85|0.66|0.74
epoch:203, loss: 0.07825142701363398, other:0.76|1.00|0.87, company:1.00|0.76|0.86, address:1.00|0.48|0.65, date:1.00|0.13|0.23, total:0.97|0.45|0.61
epoch:204, loss: 0.04894037151502238, other:0.79|1.00|0.88, company:0.99|0.72|0.83, address:0.99|0.50|0.67, date:1.00|0.14|0.25, total:0.96|0.52|0.67
epoch:205, loss: 0.04193807708927327, other:0.79|1.00|0.88, company:1.00|0.73|0.84, address:1.00|0.52|0.68, date:1.00|0.14|0.24, total:0.95|0.56|0.70
epoch:206, loss: 0.045417284687843035, other:0.80|1.00|0.89, company:0.99|0.79|0.88, address:1.00|0.46|0.63, date:1.00|0.16|0.28, total:0.99|0.48|0.64
epoch:207, loss: 0.12001033739566251, other:0.76|1.00|0.86, company:1.00|0.77|0.87, address:1.00|0.46|0.63, date:1.00|0.13|0.23, total:0.96|0.38|0.55
epoch:208, loss: 0.03522654545182983, other:0.81|1.00|0.90, company:1.00|0.78|0.88, address:1.00|0.50|0.67, date:0.99|0.16|0.27, total:0.92|0.58|0.71
epoch:209, loss: 0.030608406273165235, other:0.81|1.00|0.90, company:1.00|0.81|0.89, address:1.00|0.47|0.64, date:1.00|0.17|0.29, total:0.97|0.58|0.73
epoch:210, loss: 0.08994240710442816, other:0.76|1.00|0.86, company:1.00|0.79|0.88, address:1.00|0.45|0.62, date:1.00|0.13|0.23, total:0.99|0.47|0.64
epoch:211, loss: 0.044975439034816295, other:0.79|1.00|0.88, company:1.00|0.74|0.85, address:1.00|0.50|0.66, date:1.00|0.14|0.25, total:1.00|0.47|0.64
epoch:212, loss: 0.07100836700690841, other:0.78|1.00|0.87, company:1.00|0.77|0.87, address:1.00|0.46|0.63, date:1.00|0.14|0.25, total:0.98|0.44|0.61
epoch:213, loss: 0.06323601320144479, other:0.77|1.00|0.87, company:1.00|0.77|0.87, address:1.00|0.48|0.64, date:1.00|0.14|0.24, total:1.00|0.45|0.62
epoch:214, loss: 0.06193219954837804, other:0.79|1.00|0.88, company:1.00|0.82|0.90, address:1.00|0.44|0.61, date:1.00|0.16|0.27, total:0.99|0.49|0.65
epoch:215, loss: 0.04525959767677166, other:0.79|1.00|0.88, company:1.00|0.69|0.82, address:0.99|0.50|0.66, date:1.00|0.15|0.26, total:1.00|0.48|0.65
epoch:216, loss: 0.055252413963899016, other:0.79|1.00|0.88, company:0.98|0.79|0.87, address:1.00|0.47|0.64, date:1.00|0.15|0.26, total:0.98|0.55|0.71
epoch:217, loss: 0.07088121601932303, other:0.77|1.00|0.87, company:0.99|0.79|0.88, address:1.00|0.48|0.65, date:1.00|0.13|0.23, total:0.97|0.49|0.65
epoch:218, loss: 0.0845137105702802, other:0.77|1.00|0.87, company:1.00|0.76|0.86, address:0.99|0.45|0.62, date:1.00|0.14|0.24, total:0.95|0.41|0.57
epoch:219, loss: 0.05283485156380468, other:0.79|1.00|0.88, company:0.99|0.71|0.83, address:0.98|0.52|0.68, date:1.00|0.14|0.25, total:0.97|0.44|0.60
epoch:220, loss: 0.07315136302538493, other:0.78|1.00|0.88, company:0.95|0.85|0.89, address:1.00|0.42|0.59, date:1.00|0.15|0.27, total:0.95|0.44|0.60
epoch:221, loss: 0.05715111127399184, other:0.78|1.00|0.88, company:0.99|0.78|0.87, address:1.00|0.48|0.65, date:1.00|0.14|0.25, total:0.94|0.49|0.64
epoch:222, loss: 0.12636153956150842, other:0.77|1.00|0.87, company:0.98|0.83|0.90, address:1.00|0.42|0.59, date:0.99|0.17|0.29, total:1.00|0.33|0.49
epoch:223, loss: 0.04905769547999457, other:0.80|1.00|0.89, company:1.00|0.75|0.86, address:1.00|0.54|0.70, date:1.00|0.14|0.25, total:0.96|0.49|0.65
epoch:224, loss: 0.06389791953066985, other:0.78|1.00|0.88, company:1.00|0.78|0.87, address:1.00|0.48|0.65, date:1.00|0.15|0.26, total:1.00|0.43|0.60
epoch:225, loss: 0.038528608425554854, other:0.81|1.00|0.89, company:1.00|0.77|0.87, address:1.00|0.50|0.66, date:1.00|0.16|0.28, total:0.99|0.53|0.69
epoch:226, loss: 0.08376906024016163, other:0.77|1.00|0.87, company:0.99|0.78|0.88, address:1.00|0.48|0.65, date:1.00|0.14|0.25, total:1.00|0.40|0.57
epoch:227, loss: 0.04893235537154531, other:0.80|1.00|0.89, company:0.98|0.83|0.90, address:1.00|0.47|0.64, date:1.00|0.16|0.28, total:0.99|0.44|0.61
epoch:228, loss: 0.07406003592984269, other:0.77|1.00|0.87, company:1.00|0.76|0.86, address:1.00|0.47|0.64, date:1.00|0.14|0.24, total:0.99|0.46|0.63
epoch:229, loss: 0.031437674157873345, other:0.81|1.00|0.90, company:1.00|0.76|0.86, address:1.00|0.49|0.66, date:1.00|0.16|0.28, total:0.97|0.57|0.72
epoch:230, loss: 0.08617403577254326, other:0.77|1.00|0.87, company:1.00|0.77|0.87, address:1.00|0.48|0.65, date:1.00|0.14|0.24, total:1.00|0.38|0.55
epoch:231, loss: 0.05480404130907522, other:0.79|1.00|0.88, company:0.96|0.75|0.84, address:0.99|0.46|0.63, date:1.00|0.16|0.28, total:1.00|0.44|0.61
epoch:232, loss: 0.10992630161517472, other:0.74|1.00|0.85, company:1.00|0.71|0.83, address:1.00|0.48|0.65, date:1.00|0.12|0.22, total:1.00|0.38|0.55
epoch:233, loss: 0.06784438961013048, other:0.78|1.00|0.87, company:1.00|0.77|0.87, address:1.00|0.48|0.65, date:1.00|0.14|0.24, total:0.98|0.47|0.63
epoch:234, loss: 0.04781190682788966, other:0.80|1.00|0.89, company:1.00|0.76|0.86, address:1.00|0.52|0.68, date:1.00|0.17|0.29, total:1.00|0.34|0.51
epoch:235, loss: 0.041050667236386625, other:0.80|1.00|0.89, company:1.00|0.74|0.85, address:1.00|0.49|0.66, date:1.00|0.16|0.28, total:0.97|0.49|0.65
epoch:236, loss: 0.05622475748640244, other:0.79|1.00|0.88, company:1.00|0.79|0.88, address:1.00|0.49|0.66, date:1.00|0.15|0.25, total:0.99|0.45|0.62
epoch:237, loss: 0.06324614375760709, other:0.78|1.00|0.88, company:1.00|0.79|0.88, address:1.00|0.49|0.65, date:1.00|0.14|0.24, total:1.00|0.45|0.62
epoch:238, loss: 0.07314425157124384, other:0.78|1.00|0.88, company:1.00|0.76|0.86, address:1.00|0.45|0.62, date:1.00|0.16|0.27, total:1.00|0.42|0.59
epoch:239, loss: 0.06328277412319074, other:0.79|1.00|0.88, company:1.00|0.73|0.84, address:1.00|0.50|0.67, date:1.00|0.15|0.26, total:0.92|0.44|0.60
epoch:240, loss: 0.061261666404014384, other:0.80|1.00|0.89, company:1.00|0.80|0.89, address:1.00|0.50|0.67, date:0.98|0.20|0.33, total:0.94|0.27|0.42
epoch:241, loss: 0.14316798741411832, other:0.73|1.00|0.85, company:1.00|0.77|0.87, address:1.00|0.48|0.64, date:1.00|0.13|0.23, total:0.95|0.27|0.42
epoch:242, loss: 0.04762326544840579, other:0.81|1.00|0.89, company:1.00|0.82|0.90, address:1.00|0.49|0.65, date:1.00|0.17|0.29, total:0.83|0.42|0.56
epoch:243, loss: 0.05207233412053298, other:0.81|1.00|0.89, company:1.00|0.73|0.84, address:1.00|0.49|0.66, date:1.00|0.18|0.31, total:0.92|0.37|0.53
epoch:244, loss: 0.030919089637420797, other:0.83|1.00|0.90, company:1.00|0.69|0.82, address:1.00|0.53|0.70, date:1.00|0.18|0.31, total:0.89|0.46|0.60
epoch:245, loss: 0.08639898452976788, other:0.77|1.00|0.87, company:1.00|0.80|0.89, address:1.00|0.47|0.64, date:1.00|0.15|0.26, total:0.99|0.33|0.49
epoch:246, loss: 0.031763479096332085, other:0.82|1.00|0.90, company:1.00|0.74|0.85, address:1.00|0.54|0.70, date:1.00|0.18|0.30, total:0.97|0.44|0.60
epoch:247, loss: 0.04566376993467135, other:0.81|1.00|0.90, company:1.00|0.74|0.85, address:1.00|0.48|0.65, date:1.00|0.20|0.33, total:1.00|0.39|0.56
epoch:248, loss: 0.01685144818663873, other:0.84|1.00|0.91, company:1.00|0.79|0.88, address:1.00|0.52|0.68, date:1.00|0.20|0.34, total:0.98|0.50|0.66
epoch:249, loss: 0.05346475434662015, other:0.79|1.00|0.88, company:1.00|0.79|0.88, address:1.00|0.45|0.63, date:1.00|0.15|0.26, total:0.98|0.47|0.63
epoch:250, loss: 0.03409409601482804, other:0.80|1.00|0.89, company:1.00|0.77|0.87, address:1.00|0.49|0.66, date:1.00|0.15|0.27, total:0.97|0.50|0.66
epoch:251, loss: 0.06317588366154167, other:0.78|1.00|0.88, company:1.00|0.77|0.87, address:1.00|0.48|0.65, date:1.00|0.15|0.26, total:1.00|0.40|0.57
epoch:252, loss: 0.06870301256680654, other:0.77|1.00|0.87, company:1.00|0.74|0.85, address:1.00|0.49|0.65, date:1.00|0.14|0.25, total:1.00|0.40|0.57
epoch:253, loss: 0.0730325287182091, other:0.77|1.00|0.87, company:1.00|0.73|0.85, address:1.00|0.49|0.66, date:1.00|0.14|0.24, total:1.00|0.42|0.59
epoch:254, loss: 0.023758185441019358, other:0.83|1.00|0.90, company:1.00|0.74|0.85, address:1.00|0.51|0.67, date:1.00|0.19|0.31, total:0.98|0.53|0.68
epoch:255, loss: 0.046944885756130574, other:0.83|0.99|0.90, company:0.96|0.84|0.90, address:1.00|0.52|0.68, date:0.98|0.18|0.31, total:0.82|0.40|0.54
epoch:256, loss: 0.10594701315103858, other:0.76|1.00|0.86, company:0.99|0.75|0.85, address:1.00|0.49|0.66, date:1.00|0.13|0.23, total:0.96|0.34|0.50
epoch:257, loss: 0.08050212957378891, other:0.77|1.00|0.87, company:1.00|0.63|0.77, address:0.95|0.50|0.66, date:1.00|0.15|0.26, total:1.00|0.33|0.49
epoch:258, loss: 0.06940659489137707, other:0.78|1.00|0.88, company:0.91|0.82|0.86, address:1.00|0.47|0.64, date:1.00|0.15|0.25, total:0.99|0.41|0.58
epoch:259, loss: 0.06545770765040759, other:0.78|1.00|0.88, company:0.99|0.80|0.89, address:1.00|0.47|0.64, date:1.00|0.15|0.26, total:1.00|0.41|0.59
epoch:260, loss: 0.055788690181173106, other:0.79|1.00|0.88, company:1.00|0.79|0.88, address:1.00|0.48|0.65, date:1.00|0.15|0.26, total:0.99|0.45|0.62
epoch:261, loss: 0.03610549210915687, other:0.80|1.00|0.89, company:1.00|0.75|0.86, address:1.00|0.49|0.66, date:1.00|0.16|0.27, total:0.99|0.51|0.67
epoch:262, loss: 0.03727139492036292, other:0.81|1.00|0.89, company:1.00|0.76|0.86, address:1.00|0.50|0.67, date:1.00|0.17|0.29, total:1.00|0.44|0.61
epoch:263, loss: 0.03973634271985955, other:0.84|1.00|0.91, company:1.00|0.80|0.89, address:1.00|0.57|0.73, date:0.98|0.22|0.35, total:0.94|0.34|0.49
epoch:264, loss: 0.0907939416701319, other:0.75|1.00|0.86, company:1.00|0.79|0.88, address:1.00|0.47|0.64, date:1.00|0.13|0.23, total:0.99|0.35|0.51
epoch:265, loss: 0.05243451951968449, other:0.78|1.00|0.88, company:0.99|0.81|0.89, address:1.00|0.48|0.64, date:1.00|0.15|0.26, total:0.99|0.40|0.57
epoch:266, loss: 0.042106350832101375, other:0.80|1.00|0.89, company:1.00|0.80|0.89, address:1.00|0.47|0.64, date:1.00|0.18|0.31, total:1.00|0.36|0.53
epoch:267, loss: 0.04506366023862803, other:0.79|1.00|0.88, company:1.00|0.78|0.88, address:1.00|0.49|0.65, date:1.00|0.15|0.27, total:0.94|0.45|0.61
epoch:268, loss: 0.07675304763984901, other:0.77|1.00|0.87, company:1.00|0.73|0.85, address:1.00|0.49|0.66, date:1.00|0.13|0.23, total:0.89|0.46|0.61
epoch:269, loss: 0.030390215054568317, other:0.82|1.00|0.90, company:1.00|0.74|0.85, address:1.00|0.51|0.68, date:0.99|0.17|0.30, total:0.92|0.49|0.64
epoch:270, loss: 0.09773249311924533, other:0.74|1.00|0.85, company:1.00|0.71|0.83, address:0.99|0.50|0.66, date:1.00|0.11|0.20, total:0.94|0.40|0.56
epoch:271, loss: 0.08278922284780829, other:0.76|1.00|0.86, company:1.00|0.74|0.85, address:1.00|0.54|0.70, date:0.99|0.14|0.24, total:0.91|0.28|0.43
epoch:272, loss: 0.035180114589079665, other:0.85|0.99|0.91, company:0.99|0.78|0.87, address:1.00|0.55|0.71, date:0.97|0.20|0.32, total:0.76|0.46|0.57
epoch:273, loss: 0.09063295199087372, other:0.75|1.00|0.86, company:0.99|0.73|0.84, address:0.99|0.50|0.67, date:1.00|0.12|0.22, total:0.99|0.37|0.53
epoch:274, loss: 0.058145987490812935, other:0.79|1.00|0.88, company:1.00|0.78|0.88, address:1.00|0.49|0.65, date:1.00|0.14|0.25, total:0.87|0.50|0.63
epoch:275, loss: 0.06083236024197605, other:0.78|1.00|0.87, company:1.00|0.75|0.85, address:1.00|0.47|0.64, date:1.00|0.14|0.25, total:0.98|0.46|0.62
epoch:276, loss: 0.08372722712724849, other:0.75|1.00|0.86, company:1.00|0.75|0.86, address:1.00|0.49|0.66, date:1.00|0.12|0.21, total:0.99|0.48|0.65
epoch:277, loss: 0.054011730615187575, other:0.78|1.00|0.88, company:1.00|0.76|0.86, address:1.00|0.49|0.66, date:1.00|0.14|0.24, total:1.00|0.46|0.63
epoch:278, loss: 0.025038784490553318, other:0.82|1.00|0.90, company:1.00|0.75|0.86, address:1.00|0.48|0.65, date:1.00|0.18|0.30, total:0.88|0.51|0.65
epoch:279, loss: 0.06233470504068666, other:0.78|1.00|0.87, company:1.00|0.74|0.85, address:1.00|0.51|0.68, date:1.00|0.14|0.24, total:0.92|0.39|0.55
epoch:280, loss: 0.07275645174431028, other:0.77|1.00|0.87, company:1.00|0.70|0.82, address:0.99|0.49|0.66, date:1.00|0.15|0.26, total:1.00|0.34|0.50
epoch:281, loss: 0.04371080670022854, other:0.80|1.00|0.89, company:0.95|0.87|0.90, address:1.00|0.49|0.66, date:1.00|0.16|0.27, total:0.98|0.43|0.60
epoch:282, loss: 0.0489146444187672, other:0.79|1.00|0.88, company:0.96|0.77|0.86, address:1.00|0.46|0.63, date:1.00|0.16|0.28, total:0.99|0.40|0.57
epoch:283, loss: 0.06411865576066905, other:0.77|1.00|0.87, company:1.00|0.73|0.84, address:0.99|0.46|0.63, date:1.00|0.15|0.26, total:0.98|0.41|0.57
epoch:284, loss: 0.07026493889107197, other:0.76|1.00|0.86, company:1.00|0.70|0.82, address:0.99|0.47|0.64, date:1.00|0.14|0.24, total:0.99|0.38|0.55
epoch:285, loss: 0.021985819804723614, other:0.83|1.00|0.90, company:0.99|0.81|0.89, address:1.00|0.46|0.63, date:0.99|0.20|0.34, total:0.96|0.49|0.65
epoch:286, loss: 0.06690448975294, other:0.77|1.00|0.87, company:1.00|0.75|0.85, address:1.00|0.48|0.65, date:1.00|0.14|0.25, total:0.97|0.41|0.57
epoch:287, loss: 0.04868692045824395, other:0.79|1.00|0.88, company:1.00|0.83|0.91, address:1.00|0.47|0.64, date:1.00|0.14|0.25, total:0.94|0.49|0.64
epoch:288, loss: 0.05899202680491187, other:0.77|1.00|0.87, company:1.00|0.78|0.88, address:1.00|0.47|0.64, date:1.00|0.14|0.24, total:0.99|0.48|0.64
epoch:289, loss: 0.07107602688483894, other:0.76|1.00|0.87, company:1.00|0.76|0.86, address:1.00|0.46|0.63, date:1.00|0.13|0.24, total:0.99|0.43|0.60
epoch:290, loss: 0.047291167132142514, other:0.78|1.00|0.88, company:1.00|0.80|0.89, address:1.00|0.45|0.62, date:1.00|0.15|0.27, total:1.00|0.46|0.63
epoch:291, loss: 0.058861948963668614, other:0.79|1.00|0.88, company:0.99|0.85|0.92, address:1.00|0.44|0.61, date:1.00|0.17|0.29, total:0.99|0.40|0.57
epoch:292, loss: 0.06298659233100436, other:0.78|1.00|0.87, company:1.00|0.68|0.81, address:0.99|0.50|0.66, date:1.00|0.14|0.25, total:1.00|0.40|0.57
epoch:293, loss: 0.0596148895651654, other:0.78|1.00|0.88, company:1.00|0.82|0.90, address:1.00|0.46|0.63, date:1.00|0.16|0.27, total:1.00|0.37|0.54
epoch:294, loss: 0.043527271275201604, other:0.79|1.00|0.89, company:1.00|0.74|0.85, address:1.00|0.48|0.65, date:1.00|0.16|0.27, total:1.00|0.45|0.62
epoch:295, loss: 0.0789587283377639, other:0.77|1.00|0.87, company:1.00|0.74|0.85, address:1.00|0.47|0.64, date:1.00|0.14|0.24, total:1.00|0.44|0.61
epoch:296, loss: 0.031030563163329607, other:0.81|1.00|0.89, company:1.00|0.77|0.87, address:1.00|0.50|0.66, date:1.00|0.16|0.28, total:0.97|0.54|0.69
epoch:297, loss: 0.024030941202201776, other:0.84|1.00|0.91, company:1.00|0.73|0.84, address:1.00|0.48|0.65, date:1.00|0.23|0.37, total:1.00|0.45|0.62
epoch:298, loss: 0.04130007535288179, other:0.80|1.00|0.89, company:1.00|0.77|0.87, address:1.00|0.51|0.68, date:1.00|0.15|0.27, total:1.00|0.48|0.65
epoch:299, loss: 0.07088655823651978, other:0.79|1.00|0.88, company:1.00|0.78|0.87, address:1.00|0.48|0.65, date:1.00|0.15|0.26, total:1.00|0.44|0.61
epoch:300, loss: 0.05240032373047951, other:0.80|1.00|0.89, company:1.00|0.77|0.87, address:1.00|0.49|0.66, date:1.00|0.15|0.26, total:0.99|0.50|0.67
epoch:301, loss: 0.03970153581489016, other:0.81|1.00|0.90, company:0.99|0.64|0.78, address:0.97|0.51|0.67, date:1.00|0.17|0.29, total:0.99|0.51|0.67
epoch:302, loss: 0.061914511076692075, other:0.79|1.00|0.88, company:1.00|0.82|0.90, address:1.00|0.46|0.63, date:1.00|0.16|0.28, total:1.00|0.40|0.58
epoch:303, loss: 0.0358454794967892, other:0.81|1.00|0.90, company:0.99|0.74|0.85, address:0.99|0.50|0.67, date:1.00|0.18|0.30, total:0.98|0.46|0.63
epoch:304, loss: 0.06830376759171486, other:0.78|1.00|0.88, company:1.00|0.74|0.85, address:0.99|0.47|0.63, date:1.00|0.15|0.25, total:0.97|0.51|0.66
epoch:305, loss: 0.05740716103119431, other:0.79|1.00|0.88, company:1.00|0.79|0.88, address:1.00|0.48|0.64, date:1.00|0.15|0.26, total:0.99|0.48|0.64
epoch:306, loss: 0.03516018005191452, other:0.81|1.00|0.89, company:1.00|0.77|0.87, address:1.00|0.49|0.66, date:1.00|0.16|0.28, total:0.95|0.51|0.66
epoch:307, loss: 0.044907364468262705, other:0.80|1.00|0.89, company:1.00|0.76|0.86, address:1.00|0.50|0.67, date:1.00|0.16|0.28, total:1.00|0.41|0.59
epoch:308, loss: 0.07013116759696493, other:0.78|1.00|0.87, company:1.00|0.81|0.89, address:1.00|0.47|0.64, date:1.00|0.14|0.24, total:0.91|0.47|0.62
epoch:309, loss: 0.10349324540476557, other:0.75|1.00|0.86, company:1.00|0.74|0.85, address:1.00|0.46|0.63, date:1.00|0.12|0.22, total:0.95|0.46|0.62
epoch:310, loss: 0.0369331442957951, other:0.80|1.00|0.89, company:1.00|0.83|0.90, address:1.00|0.49|0.65, date:0.99|0.15|0.26, total:0.99|0.55|0.71
epoch:311, loss: 0.04321886672362409, other:0.79|1.00|0.88, company:1.00|0.76|0.86, address:1.00|0.42|0.59, date:1.00|0.17|0.29, total:0.98|0.49|0.66
epoch:312, loss: 0.06722909329390084, other:0.78|1.00|0.87, company:1.00|0.76|0.86, address:0.99|0.48|0.65, date:1.00|0.15|0.27, total:0.98|0.35|0.51
epoch:313, loss: 0.05935983268406104, other:0.77|1.00|0.87, company:1.00|0.78|0.88, address:1.00|0.48|0.65, date:1.00|0.13|0.24, total:0.98|0.48|0.65
epoch:314, loss: 0.0345615372751598, other:0.81|1.00|0.89, company:1.00|0.76|0.86, address:1.00|0.49|0.66, date:1.00|0.16|0.27, total:0.97|0.53|0.68
epoch:315, loss: 0.026579631639092608, other:0.81|1.00|0.90, company:1.00|0.77|0.87, address:1.00|0.49|0.66, date:1.00|0.18|0.31, total:1.00|0.43|0.60
epoch:316, loss: 0.0545659847298844, other:0.79|1.00|0.88, company:1.00|0.78|0.88, address:1.00|0.47|0.64, date:1.00|0.15|0.26, total:1.00|0.47|0.64
epoch:317, loss: 0.04608280902417997, other:0.79|1.00|0.88, company:1.00|0.77|0.87, address:1.00|0.48|0.65, date:1.00|0.14|0.25, total:0.99|0.52|0.68
epoch:318, loss: 0.06237892068370625, other:0.77|1.00|0.87, company:1.00|0.80|0.89, address:1.00|0.46|0.63, date:1.00|0.13|0.23, total:0.98|0.53|0.69
epoch:319, loss: 0.038203683233371484, other:0.80|1.00|0.89, company:1.00|0.79|0.88, address:1.00|0.46|0.63, date:1.00|0.17|0.29, total:1.00|0.44|0.61
epoch:320, loss: 0.029872445622459054, other:0.80|1.00|0.89, company:1.00|0.75|0.86, address:1.00|0.49|0.66, date:1.00|0.16|0.28, total:1.00|0.49|0.66
epoch:321, loss: 0.038847104547096896, other:0.80|1.00|0.89, company:1.00|0.78|0.88, address:1.00|0.48|0.65, date:1.00|0.16|0.27, total:1.00|0.47|0.64
epoch:322, loss: 0.03631544317101577, other:0.80|1.00|0.89, company:1.00|0.77|0.87, address:1.00|0.47|0.64, date:1.00|0.16|0.27, total:0.98|0.53|0.69
epoch:323, loss: 0.05258087180899801, other:0.79|1.00|0.88, company:1.00|0.82|0.90, address:1.00|0.53|0.69, date:1.00|0.14|0.25, total:0.99|0.44|0.61
epoch:324, loss: 0.0551086014257399, other:0.79|1.00|0.88, company:1.00|0.78|0.88, address:1.00|0.48|0.64, date:1.00|0.16|0.27, total:0.99|0.38|0.55
epoch:325, loss: 0.03641544308306442, other:0.80|1.00|0.89, company:1.00|0.79|0.88, address:1.00|0.48|0.65, date:1.00|0.17|0.30, total:1.00|0.42|0.59
epoch:326, loss: 0.06410535121405567, other:0.81|1.00|0.89, company:0.91|0.65|0.76, address:0.98|0.53|0.69, date:1.00|0.18|0.31, total:0.95|0.33|0.49
epoch:327, loss: 0.0442744760291168, other:0.80|1.00|0.89, company:0.94|0.79|0.86, address:1.00|0.52|0.69, date:1.00|0.16|0.27, total:0.99|0.42|0.59
epoch:328, loss: 0.056668200305904505, other:0.78|1.00|0.88, company:1.00|0.75|0.86, address:1.00|0.48|0.64, date:1.00|0.15|0.26, total:0.99|0.44|0.61
epoch:329, loss: 0.06371543029564675, other:0.77|1.00|0.87, company:1.00|0.74|0.85, address:1.00|0.48|0.65, date:1.00|0.14|0.25, total:1.00|0.40|0.57
epoch:330, loss: 0.043358857174300484, other:0.79|1.00|0.88, company:1.00|0.70|0.82, address:0.99|0.48|0.64, date:1.00|0.15|0.26, total:0.95|0.52|0.67
epoch:331, loss: 0.03565146513628187, other:0.79|1.00|0.88, company:1.00|0.81|0.90, address:1.00|0.43|0.60, date:1.00|0.16|0.27, total:0.99|0.48|0.64
epoch:332, loss: 0.05989783321058861, other:0.77|1.00|0.87, company:1.00|0.71|0.83, address:1.00|0.45|0.62, date:1.00|0.13|0.24, total:0.97|0.52|0.68
epoch:333, loss: 0.044922691502573865, other:0.79|1.00|0.88, company:0.98|0.79|0.88, address:1.00|0.45|0.62, date:1.00|0.15|0.26, total:0.98|0.50|0.67
epoch:334, loss: 0.07328940526996222, other:0.76|1.00|0.87, company:1.00|0.78|0.88, address:1.00|0.46|0.63, date:1.00|0.14|0.24, total:1.00|0.39|0.56
epoch:335, loss: 0.023014874335516383, other:0.82|1.00|0.90, company:1.00|0.77|0.87, address:1.00|0.47|0.64, date:1.00|0.17|0.30, total:0.97|0.57|0.72
epoch:336, loss: 0.07874847363025227, other:0.76|1.00|0.87, company:1.00|0.78|0.88, address:1.00|0.45|0.63, date:1.00|0.13|0.23, total:0.97|0.50|0.66
epoch:337, loss: 0.02841795409201748, other:0.82|1.00|0.90, company:1.00|0.73|0.84, address:1.00|0.49|0.66, date:1.00|0.21|0.34, total:1.00|0.39|0.56
epoch:338, loss: 0.03992952539206103, other:0.80|1.00|0.89, company:0.98|0.73|0.84, address:0.99|0.50|0.67, date:1.00|0.16|0.27, total:0.99|0.46|0.63
epoch:339, loss: 0.028255914846711135, other:0.81|1.00|0.89, company:1.00|0.73|0.84, address:1.00|0.47|0.64, date:1.00|0.17|0.30, total:1.00|0.48|0.64
epoch:340, loss: 0.038045449596312314, other:0.81|1.00|0.89, company:1.00|0.79|0.88, address:1.00|0.50|0.66, date:0.99|0.18|0.30, total:0.97|0.37|0.54
epoch:341, loss: 0.07354204004837407, other:0.77|1.00|0.87, company:1.00|0.80|0.89, address:1.00|0.47|0.64, date:1.00|0.14|0.24, total:0.95|0.43|0.59
epoch:342, loss: 0.068115026621079, other:0.77|1.00|0.87, company:1.00|0.74|0.85, address:1.00|0.45|0.62, date:1.00|0.14|0.24, total:0.97|0.50|0.66
epoch:343, loss: 0.031608310234905394, other:0.81|1.00|0.89, company:1.00|0.79|0.88, address:1.00|0.51|0.67, date:1.00|0.15|0.27, total:0.96|0.52|0.67
epoch:344, loss: 0.02510368475621497, other:0.81|1.00|0.90, company:0.99|0.84|0.91, address:1.00|0.46|0.63, date:1.00|0.17|0.29, total:0.96|0.57|0.72
epoch:345, loss: 0.041945996418319365, other:0.80|1.00|0.89, company:0.99|0.77|0.87, address:1.00|0.43|0.60, date:1.00|0.16|0.28, total:0.98|0.60|0.75
epoch:346, loss: 0.03514338450299369, other:0.79|1.00|0.88, company:1.00|0.80|0.89, address:1.00|0.49|0.66, date:1.00|0.14|0.25, total:0.99|0.56|0.71
epoch:347, loss: 0.033209430450504576, other:0.79|1.00|0.88, company:1.00|0.75|0.86, address:1.00|0.48|0.65, date:1.00|0.15|0.26, total:0.95|0.58|0.72
epoch:348, loss: 0.05232585469019358, other:0.78|1.00|0.88, company:1.00|0.75|0.86, address:1.00|0.43|0.60, date:1.00|0.15|0.26, total:1.00|0.52|0.69
epoch:349, loss: 0.03896255794636629, other:0.79|1.00|0.88, company:1.00|0.76|0.86, address:1.00|0.50|0.66, date:1.00|0.15|0.26, total:0.97|0.42|0.58
epoch:350, loss: 0.045939425834351115, other:0.79|1.00|0.88, company:1.00|0.78|0.87, address:1.00|0.49|0.66, date:1.00|0.14|0.25, total:0.97|0.48|0.64
epoch:351, loss: 0.03311538640237241, other:0.80|1.00|0.89, company:1.00|0.75|0.85, address:1.00|0.49|0.66, date:1.00|0.15|0.26, total:0.99|0.53|0.69
epoch:352, loss: 0.06614139346681812, other:0.77|1.00|0.87, company:1.00|0.78|0.88, address:1.00|0.46|0.63, date:1.00|0.13|0.24, total:1.00|0.49|0.66
epoch:353, loss: 0.05344994587789255, other:0.78|1.00|0.88, company:1.00|0.76|0.86, address:1.00|0.48|0.65, date:1.00|0.15|0.26, total:1.00|0.45|0.62
epoch:354, loss: 0.04496784628524134, other:0.79|1.00|0.89, company:1.00|0.77|0.87, address:1.00|0.47|0.64, date:1.00|0.16|0.27, total:1.00|0.50|0.66
epoch:355, loss: 0.033294890343246085, other:0.79|1.00|0.89, company:1.00|0.78|0.88, address:1.00|0.50|0.67, date:1.00|0.15|0.26, total:1.00|0.47|0.64
epoch:356, loss: 0.037686889810073704, other:0.80|1.00|0.89, company:1.00|0.79|0.88, address:1.00|0.49|0.66, date:1.00|0.16|0.27, total:0.99|0.47|0.64
epoch:357, loss: 0.034910889695984895, other:0.80|1.00|0.89, company:1.00|0.75|0.86, address:1.00|0.48|0.65, date:1.00|0.16|0.28, total:1.00|0.47|0.64
epoch:358, loss: 0.04828102196377047, other:0.80|1.00|0.89, company:1.00|0.74|0.85, address:1.00|0.48|0.65, date:1.00|0.17|0.28, total:1.00|0.44|0.61
epoch:359, loss: 0.06708438794508025, other:0.77|1.00|0.87, company:1.00|0.72|0.84, address:1.00|0.46|0.63, date:1.00|0.13|0.23, total:0.98|0.52|0.68
epoch:360, loss: 0.026741602294216002, other:0.81|1.00|0.89, company:1.00|0.83|0.90, address:1.00|0.50|0.67, date:1.00|0.15|0.26, total:0.99|0.59|0.74
epoch:361, loss: 0.08647737241591569, other:0.74|1.00|0.85, company:1.00|0.81|0.89, address:1.00|0.45|0.62, date:1.00|0.11|0.21, total:0.99|0.44|0.61
epoch:362, loss: 0.03187258683007072, other:0.80|1.00|0.89, company:1.00|0.85|0.92, address:1.00|0.48|0.65, date:0.97|0.15|0.26, total:0.95|0.56|0.70
epoch:363, loss: 0.0386364473098958, other:0.78|1.00|0.88, company:1.00|0.68|0.81, address:0.99|0.46|0.63, date:0.97|0.14|0.24, total:0.85|0.55|0.67
epoch:364, loss: 0.03307113817168607, other:0.81|1.00|0.89, company:0.99|0.77|0.87, address:0.99|0.49|0.65, date:0.99|0.17|0.29, total:0.98|0.45|0.62
epoch:365, loss: 0.027525356142885156, other:0.82|1.00|0.90, company:1.00|0.77|0.87, address:1.00|0.47|0.64, date:0.99|0.18|0.31, total:0.91|0.54|0.68
epoch:366, loss: 0.033860448058004734, other:0.81|1.00|0.89, company:1.00|0.78|0.87, address:1.00|0.47|0.64, date:1.00|0.17|0.29, total:0.98|0.48|0.65
epoch:367, loss: 0.02539456111413461, other:0.82|1.00|0.90, company:1.00|0.83|0.90, address:1.00|0.52|0.69, date:1.00|0.16|0.28, total:0.97|0.55|0.70
epoch:368, loss: 0.04399889539409843, other:0.78|1.00|0.88, company:1.00|0.78|0.88, address:1.00|0.49|0.66, date:1.00|0.14|0.24, total:1.00|0.47|0.64
epoch:369, loss: 0.03851357790106839, other:0.79|1.00|0.88, company:1.00|0.79|0.88, address:1.00|0.49|0.66, date:1.00|0.16|0.27, total:1.00|0.42|0.59
epoch:370, loss: 0.040281784574121786, other:0.79|1.00|0.88, company:1.00|0.81|0.89, address:1.00|0.48|0.65, date:1.00|0.15|0.26, total:1.00|0.52|0.68
epoch:371, loss: 0.061575164639011574, other:0.77|1.00|0.87, company:1.00|0.66|0.80, address:0.98|0.50|0.66, date:1.00|0.14|0.24, total:1.00|0.42|0.60
epoch:372, loss: 0.036288330495288526, other:0.79|1.00|0.89, company:1.00|0.77|0.87, address:1.00|0.50|0.66, date:1.00|0.15|0.27, total:1.00|0.45|0.62
epoch:373, loss: 0.06714509497827816, other:0.77|1.00|0.87, company:1.00|0.78|0.87, address:1.00|0.46|0.63, date:1.00|0.14|0.25, total:1.00|0.45|0.62
