epoch:0, loss: 1.3772280348671808, other:0.70|0.95|0.81, company:0.00|0.00|0.00, address:0.85|0.12|0.22, date:0.00|0.00|0.00, total:0.00|0.00|0.00
epoch:1, loss: 1.2124407865383007, other:0.80|0.95|0.87, company:0.00|0.25|0.01, address:0.81|0.16|0.27, date:0.00|0.00|0.00, total:0.00|0.00|0.00
epoch:2, loss: 1.1259899095252708, other:0.82|0.95|0.88, company:0.00|0.00|0.00, address:0.79|0.17|0.29, date:0.00|0.00|0.00, total:0.00|0.00|0.00
epoch:3, loss: 1.0796624201315421, other:0.80|0.95|0.87, company:0.00|0.00|0.00, address:0.87|0.17|0.29, date:0.00|0.00|0.00, total:0.00|0.00|0.00
epoch:4, loss: 1.0299957151766177, other:0.83|0.95|0.89, company:0.00|0.00|0.00, address:0.82|0.19|0.31, date:0.01|0.06|0.01, total:0.00|0.00|0.00
epoch:5, loss: 1.0065632771562647, other:0.80|0.96|0.87, company:0.00|1.00|0.01, address:0.88|0.18|0.29, date:0.02|0.09|0.03, total:0.01|0.26|0.02
epoch:6, loss: 0.9769052686514678, other:0.81|0.95|0.88, company:0.01|0.21|0.02, address:0.88|0.18|0.30, date:0.02|0.11|0.03, total:0.02|0.19|0.04
epoch:7, loss: 0.9580987228287591, other:0.81|0.96|0.88, company:0.01|0.25|0.02, address:0.88|0.19|0.31, date:0.03|0.10|0.05, total:0.03|0.17|0.05
epoch:8, loss: 0.9238646781003034, other:0.83|0.96|0.89, company:0.02|0.22|0.03, address:0.88|0.21|0.33, date:0.03|0.07|0.04, total:0.03|0.13|0.05
epoch:9, loss: 0.90591875049803, other:0.81|0.96|0.88, company:0.03|0.18|0.05, address:0.90|0.20|0.32, date:0.04|0.09|0.05, total:0.06|0.13|0.09
epoch:10, loss: 0.8869006214318452, other:0.81|0.96|0.88, company:0.00|1.00|0.01, address:0.94|0.20|0.33, date:0.02|0.07|0.04, total:0.07|0.12|0.09
epoch:11, loss: 0.8301933297404537, other:0.87|0.96|0.91, company:0.00|0.00|0.00, address:0.90|0.27|0.42, date:0.06|0.07|0.07, total:0.08|0.10|0.09
epoch:12, loss: 0.8027143677075704, other:0.89|0.96|0.92, company:0.02|0.58|0.03, address:0.90|0.31|0.46, date:0.08|0.11|0.09, total:0.10|0.11|0.11
epoch:13, loss: 0.8002432165322481, other:0.85|0.96|0.90, company:0.00|0.00|0.00, address:0.88|0.30|0.45, date:0.15|0.09|0.11, total:0.23|0.12|0.16
epoch:14, loss: 0.7794016798337301, other:0.85|0.97|0.90, company:0.01|1.00|0.03, address:0.95|0.27|0.42, date:0.09|0.13|0.11, total:0.22|0.13|0.16
epoch:15, loss: 0.8032923384949013, other:0.83|0.97|0.89, company:0.17|0.41|0.24, address:0.90|0.24|0.38, date:0.08|0.13|0.10, total:0.22|0.13|0.16
epoch:16, loss: 0.7579866139977066, other:0.84|0.97|0.90, company:0.05|0.70|0.10, address:0.94|0.30|0.45, date:0.19|0.13|0.16, total:0.29|0.13|0.18
epoch:17, loss: 0.7559570824658429, other:0.82|0.97|0.89, company:0.18|0.50|0.26, address:0.91|0.28|0.43, date:0.15|0.17|0.16, total:0.41|0.13|0.19
epoch:18, loss: 0.7331524866598623, other:0.85|0.97|0.91, company:0.11|0.54|0.19, address:0.94|0.30|0.46, date:0.15|0.19|0.17, total:0.29|0.13|0.18
epoch:19, loss: 0.7231111835550379, other:0.85|0.97|0.90, company:0.03|0.78|0.05, address:0.89|0.35|0.51, date:0.21|0.15|0.18, total:0.42|0.12|0.19
epoch:20, loss: 0.7109722870367544, other:0.84|0.97|0.90, company:0.06|0.69|0.11, address:0.95|0.31|0.47, date:0.17|0.23|0.20, total:0.38|0.13|0.19
epoch:21, loss: 0.7153478927082486, other:0.85|0.97|0.91, company:0.22|0.72|0.34, address:0.95|0.31|0.46, date:0.17|0.23|0.19, total:0.28|0.13|0.18
epoch:22, loss: 0.6976009143723382, other:0.87|0.97|0.92, company:0.06|0.72|0.10, address:0.94|0.33|0.49, date:0.19|0.23|0.21, total:0.27|0.14|0.18
epoch:23, loss: 0.6992030695632652, other:0.85|0.97|0.91, company:0.11|0.62|0.18, address:0.91|0.34|0.49, date:0.25|0.19|0.22, total:0.38|0.14|0.20
epoch:24, loss: 0.6935226056310866, other:0.85|0.97|0.91, company:0.10|0.62|0.17, address:0.91|0.35|0.50, date:0.29|0.19|0.23, total:0.39|0.13|0.20
epoch:25, loss: 0.6721148248072024, other:0.86|0.97|0.91, company:0.24|0.74|0.37, address:0.96|0.34|0.50, date:0.25|0.24|0.24, total:0.32|0.15|0.20
epoch:26, loss: 0.6922160497418156, other:0.83|0.98|0.90, company:0.52|0.53|0.52, address:0.88|0.31|0.46, date:0.28|0.25|0.27, total:0.43|0.14|0.21
epoch:27, loss: 0.6672432157728407, other:0.83|0.97|0.90, company:0.43|0.63|0.51, address:0.92|0.34|0.49, date:0.31|0.25|0.27, total:0.47|0.13|0.21
epoch:28, loss: 0.6550000795611629, other:0.86|0.97|0.91, company:0.20|0.74|0.31, address:0.95|0.34|0.50, date:0.28|0.25|0.26, total:0.36|0.15|0.21
epoch:29, loss: 0.6520322848249365, other:0.84|0.97|0.90, company:0.35|0.72|0.47, address:0.95|0.33|0.50, date:0.27|0.29|0.28, total:0.44|0.14|0.22
epoch:30, loss: 0.6462091980157075, other:0.83|0.98|0.90, company:0.35|0.73|0.47, address:0.94|0.35|0.51, date:0.37|0.22|0.27, total:0.48|0.14|0.22
epoch:31, loss: 0.6528358040032564, other:0.83|0.98|0.90, company:0.64|0.60|0.62, address:0.90|0.33|0.48, date:0.33|0.26|0.29, total:0.47|0.14|0.22
epoch:32, loss: 0.6209627124998305, other:0.84|0.97|0.90, company:0.36|0.76|0.49, address:0.96|0.36|0.53, date:0.33|0.27|0.30, total:0.46|0.14|0.22
epoch:33, loss: 0.6374496817588806, other:0.86|0.97|0.91, company:0.47|0.64|0.54, address:0.92|0.34|0.49, date:0.29|0.31|0.30, total:0.35|0.15|0.21
epoch:34, loss: 0.6199080612924364, other:0.84|0.97|0.90, company:0.42|0.76|0.54, address:0.95|0.35|0.51, date:0.34|0.25|0.29, total:0.46|0.15|0.23
epoch:35, loss: 0.6348978877067566, other:0.85|0.97|0.91, company:0.24|0.71|0.36, address:0.91|0.39|0.55, date:0.43|0.18|0.25, total:0.43|0.15|0.22
epoch:36, loss: 0.6249831936977528, other:0.84|0.97|0.90, company:0.25|0.73|0.38, address:0.93|0.40|0.56, date:0.42|0.20|0.27, total:0.50|0.14|0.22
epoch:37, loss: 0.6000824835565355, other:0.84|0.98|0.90, company:0.44|0.72|0.55, address:0.95|0.39|0.55, date:0.42|0.23|0.30, total:0.49|0.14|0.22
epoch:38, loss: 0.5913510753048791, other:0.87|0.97|0.92, company:0.43|0.76|0.54, address:0.95|0.39|0.56, date:0.36|0.26|0.30, total:0.38|0.17|0.23
epoch:39, loss: 0.5856425916707074, other:0.82|0.98|0.89, company:0.44|0.77|0.56, address:0.95|0.39|0.55, date:0.45|0.23|0.30, total:0.59|0.14|0.23
epoch:40, loss: 0.5869469201123273, other:0.83|0.98|0.90, company:0.53|0.69|0.60, address:0.93|0.38|0.54, date:0.42|0.25|0.32, total:0.56|0.15|0.24
epoch:41, loss: 0.6204848863460399, other:0.86|0.97|0.91, company:0.17|0.76|0.28, address:0.93|0.40|0.56, date:0.45|0.22|0.29, total:0.41|0.16|0.23
epoch:42, loss: 0.5876408793308117, other:0.85|0.97|0.91, company:0.37|0.78|0.50, address:0.93|0.40|0.56, date:0.45|0.22|0.29, total:0.48|0.16|0.24
epoch:43, loss: 0.5776967936091952, other:0.84|0.98|0.90, company:0.61|0.66|0.64, address:0.94|0.37|0.53, date:0.35|0.29|0.31, total:0.50|0.16|0.24
epoch:44, loss: 0.5862402926992487, other:0.80|0.98|0.88, company:0.48|0.76|0.59, address:0.95|0.38|0.54, date:0.51|0.20|0.29, total:0.62|0.14|0.23
epoch:45, loss: 0.5617516382976815, other:0.85|0.97|0.91, company:0.50|0.78|0.61, address:0.95|0.40|0.56, date:0.46|0.25|0.32, total:0.47|0.16|0.24
epoch:46, loss: 0.56818695752709, other:0.85|0.98|0.91, company:0.60|0.71|0.65, address:0.94|0.38|0.54, date:0.42|0.28|0.34, total:0.46|0.16|0.24
epoch:47, loss: 0.5702474945121341, other:0.83|0.98|0.90, company:0.40|0.79|0.53, address:0.95|0.39|0.56, date:0.51|0.22|0.31, total:0.57|0.16|0.25
epoch:48, loss: 0.5591382185618082, other:0.86|0.98|0.91, company:0.44|0.79|0.56, address:0.95|0.41|0.58, date:0.48|0.24|0.32, total:0.46|0.16|0.24
epoch:49, loss: 0.5513642154358052, other:0.83|0.98|0.90, company:0.74|0.64|0.68, address:0.89|0.40|0.55, date:0.51|0.23|0.32, total:0.54|0.16|0.25
epoch:50, loss: 0.5394697432164792, other:0.85|0.98|0.91, company:0.53|0.72|0.61, address:0.95|0.42|0.58, date:0.45|0.26|0.33, total:0.53|0.17|0.26
epoch:51, loss: 0.5415775146749284, other:0.84|0.98|0.90, company:0.72|0.61|0.66, address:0.90|0.39|0.55, date:0.47|0.28|0.35, total:0.55|0.17|0.25
epoch:52, loss: 0.5261280790523246, other:0.85|0.98|0.91, company:0.59|0.74|0.66, address:0.94|0.42|0.58, date:0.48|0.25|0.33, total:0.56|0.17|0.26
epoch:53, loss: 0.5783427158991495, other:0.84|0.98|0.90, company:0.89|0.44|0.59, address:0.72|0.35|0.47, date:0.48|0.27|0.34, total:0.55|0.17|0.26
epoch:54, loss: 0.5493843709981, other:0.86|0.98|0.91, company:0.51|0.69|0.58, address:0.92|0.42|0.58, date:0.46|0.26|0.33, total:0.52|0.17|0.26
epoch:55, loss: 0.5268573805137917, other:0.82|0.98|0.89, company:0.70|0.67|0.69, address:0.92|0.40|0.56, date:0.55|0.22|0.32, total:0.63|0.17|0.26
epoch:56, loss: 0.5240373898435522, other:0.85|0.98|0.91, company:0.63|0.71|0.67, address:0.95|0.41|0.57, date:0.42|0.31|0.35, total:0.56|0.18|0.27
epoch:57, loss: 0.5184143847889371, other:0.82|0.98|0.89, company:0.73|0.68|0.70, address:0.91|0.41|0.57, date:0.54|0.24|0.34, total:0.68|0.16|0.26
epoch:58, loss: 0.5104661561824657, other:0.83|0.98|0.90, company:0.78|0.66|0.72, address:0.89|0.41|0.56, date:0.54|0.24|0.33, total:0.66|0.17|0.27
epoch:59, loss: 0.5143342382378049, other:0.83|0.98|0.90, company:0.81|0.60|0.69, address:0.87|0.41|0.56, date:0.54|0.24|0.34, total:0.67|0.17|0.27
epoch:60, loss: 0.5102400194715571, other:0.85|0.98|0.91, company:0.66|0.71|0.69, address:0.94|0.40|0.56, date:0.48|0.28|0.36, total:0.53|0.18|0.27
epoch:61, loss: 0.5058900559390033, other:0.84|0.98|0.91, company:0.57|0.71|0.63, address:0.95|0.43|0.59, date:0.52|0.25|0.34, total:0.60|0.18|0.27
epoch:62, loss: 0.5020845907705801, other:0.84|0.98|0.90, company:0.77|0.61|0.68, address:0.90|0.43|0.58, date:0.52|0.24|0.33, total:0.65|0.18|0.28
epoch:63, loss: 0.49127257532543606, other:0.84|0.98|0.90, company:0.77|0.65|0.70, address:0.92|0.43|0.59, date:0.54|0.25|0.34, total:0.62|0.17|0.27
epoch:64, loss: 0.5076929904796459, other:0.86|0.98|0.92, company:0.59|0.74|0.66, address:0.94|0.42|0.58, date:0.50|0.26|0.35, total:0.48|0.19|0.28
epoch:65, loss: 0.49427985593124674, other:0.85|0.98|0.91, company:0.74|0.70|0.72, address:0.92|0.42|0.57, date:0.52|0.24|0.33, total:0.53|0.19|0.28
epoch:66, loss: 0.4999530514081319, other:0.86|0.98|0.91, company:0.82|0.59|0.69, address:0.89|0.41|0.56, date:0.45|0.29|0.35, total:0.51|0.19|0.28
epoch:67, loss: 0.4893131300255104, other:0.84|0.98|0.91, company:0.80|0.65|0.72, address:0.92|0.41|0.57, date:0.50|0.26|0.34, total:0.56|0.18|0.27
epoch:68, loss: 0.48605768879254657, other:0.84|0.98|0.91, company:0.83|0.59|0.69, address:0.86|0.44|0.58, date:0.54|0.24|0.34, total:0.61|0.18|0.28
epoch:69, loss: 0.47255969599441244, other:0.85|0.98|0.91, company:0.76|0.71|0.74, address:0.94|0.44|0.60, date:0.51|0.26|0.34, total:0.59|0.19|0.28
epoch:70, loss: 0.47515122978775587, other:0.86|0.98|0.91, company:0.67|0.76|0.71, address:0.96|0.44|0.60, date:0.51|0.27|0.35, total:0.57|0.19|0.29
epoch:71, loss: 0.4688030381997426, other:0.84|0.98|0.91, company:0.81|0.68|0.74, address:0.93|0.43|0.59, date:0.52|0.26|0.34, total:0.62|0.19|0.29
epoch:72, loss: 0.46770571337805855, other:0.84|0.98|0.91, company:0.75|0.73|0.74, address:0.94|0.44|0.60, date:0.54|0.23|0.33, total:0.60|0.19|0.29
epoch:73, loss: 0.4662375704005913, other:0.85|0.98|0.91, company:0.83|0.63|0.72, address:0.90|0.45|0.60, date:0.52|0.25|0.33, total:0.57|0.20|0.30
epoch:74, loss: 0.4671280527556384, other:0.84|0.98|0.91, company:0.67|0.77|0.72, address:0.96|0.44|0.60, date:0.55|0.23|0.33, total:0.63|0.19|0.29
epoch:75, loss: 0.46420389965728476, other:0.85|0.98|0.91, company:0.69|0.71|0.70, address:0.96|0.45|0.61, date:0.51|0.25|0.34, total:0.66|0.19|0.30
epoch:76, loss: 0.45425255982964124, other:0.84|0.98|0.90, company:0.77|0.73|0.75, address:0.95|0.46|0.62, date:0.54|0.23|0.33, total:0.68|0.19|0.29
epoch:77, loss: 0.47304746398219355, other:0.84|0.98|0.90, company:0.88|0.60|0.71, address:0.88|0.43|0.57, date:0.54|0.24|0.33, total:0.60|0.19|0.29
epoch:78, loss: 0.4737685709087937, other:0.85|0.98|0.91, company:0.89|0.57|0.69, address:0.89|0.43|0.58, date:0.44|0.32|0.37, total:0.62|0.19|0.29
epoch:79, loss: 0.4722134018385852, other:0.86|0.98|0.91, company:0.62|0.74|0.68, address:0.95|0.46|0.62, date:0.52|0.25|0.34, total:0.62|0.19|0.29
epoch:80, loss: 0.4634929773984132, other:0.84|0.98|0.91, company:0.71|0.70|0.71, address:0.94|0.46|0.62, date:0.55|0.24|0.33, total:0.69|0.19|0.29
epoch:81, loss: 0.4620364992706864, other:0.82|0.98|0.89, company:0.74|0.68|0.71, address:0.94|0.44|0.60, date:0.58|0.22|0.32, total:0.79|0.18|0.29
epoch:82, loss: 0.45352068543434143, other:0.83|0.98|0.90, company:0.85|0.62|0.72, address:0.90|0.45|0.60, date:0.57|0.25|0.34, total:0.68|0.19|0.29
epoch:83, loss: 0.46225330895847744, other:0.85|0.98|0.91, company:0.89|0.58|0.70, address:0.87|0.44|0.58, date:0.52|0.30|0.38, total:0.60|0.20|0.30
epoch:84, loss: 0.45413593340803077, other:0.85|0.98|0.91, company:0.68|0.75|0.71, address:0.95|0.47|0.63, date:0.55|0.24|0.34, total:0.65|0.20|0.30
epoch:85, loss: 0.4393443873635045, other:0.84|0.98|0.91, company:0.77|0.74|0.75, address:0.95|0.46|0.62, date:0.57|0.24|0.33, total:0.69|0.20|0.30
epoch:86, loss: 0.43801246859409193, other:0.85|0.98|0.91, company:0.79|0.73|0.76, address:0.96|0.45|0.61, date:0.56|0.24|0.34, total:0.65|0.21|0.32
epoch:87, loss: 0.42650215824445087, other:0.85|0.98|0.91, company:0.81|0.71|0.75, address:0.95|0.47|0.63, date:0.54|0.28|0.37, total:0.67|0.20|0.31
epoch:88, loss: 0.4228329095575545, other:0.84|0.98|0.91, company:0.83|0.70|0.76, address:0.95|0.47|0.63, date:0.55|0.27|0.37, total:0.75|0.19|0.31
epoch:89, loss: 0.43078572551409405, other:0.85|0.98|0.91, company:0.85|0.67|0.75, address:0.94|0.44|0.60, date:0.53|0.29|0.38, total:0.70|0.20|0.32
epoch:90, loss: 0.427846121567267, other:0.85|0.98|0.91, company:0.86|0.68|0.76, address:0.94|0.46|0.61, date:0.58|0.26|0.36, total:0.66|0.21|0.31
epoch:91, loss: 0.4418543246057298, other:0.83|0.98|0.90, company:0.91|0.58|0.71, address:0.90|0.44|0.59, date:0.57|0.27|0.37, total:0.74|0.19|0.31
epoch:92, loss: 0.4248765695978094, other:0.85|0.98|0.91, company:0.88|0.65|0.74, address:0.93|0.47|0.62, date:0.56|0.27|0.37, total:0.67|0.20|0.31
epoch:93, loss: 0.4231294415615223, other:0.84|0.98|0.91, company:0.87|0.67|0.76, address:0.95|0.44|0.60, date:0.60|0.26|0.36, total:0.65|0.21|0.32
epoch:94, loss: 0.4276450110806359, other:0.85|0.98|0.91, company:0.86|0.68|0.76, address:0.94|0.47|0.63, date:0.58|0.26|0.35, total:0.62|0.21|0.31
epoch:95, loss: 0.42160655502919797, other:0.85|0.98|0.91, company:0.78|0.73|0.75, address:0.96|0.46|0.62, date:0.54|0.29|0.38, total:0.68|0.20|0.31
epoch:96, loss: 0.4236298446302061, other:0.85|0.98|0.91, company:0.80|0.71|0.75, address:0.95|0.47|0.63, date:0.61|0.24|0.35, total:0.67|0.20|0.31
epoch:97, loss: 0.4133861694071028, other:0.84|0.98|0.91, company:0.84|0.70|0.76, address:0.95|0.47|0.63, date:0.57|0.28|0.37, total:0.75|0.20|0.32
epoch:98, loss: 0.4240637752744887, other:0.85|0.98|0.91, company:0.73|0.76|0.74, address:0.96|0.47|0.63, date:0.56|0.26|0.36, total:0.74|0.21|0.33
epoch:99, loss: 0.4152653647793664, other:0.86|0.98|0.91, company:0.79|0.76|0.77, address:0.96|0.49|0.65, date:0.60|0.25|0.35, total:0.64|0.21|0.32
epoch:100, loss: 0.41150914077405576, other:0.84|0.98|0.91, company:0.79|0.74|0.77, address:0.97|0.45|0.61, date:0.59|0.29|0.39, total:0.74|0.21|0.33
epoch:101, loss: 0.4171484686710216, other:0.84|0.98|0.91, company:0.90|0.65|0.75, address:0.92|0.46|0.61, date:0.59|0.27|0.37, total:0.75|0.20|0.32
epoch:102, loss: 0.4032696893921605, other:0.85|0.98|0.91, company:0.88|0.72|0.79, address:0.95|0.47|0.63, date:0.59|0.27|0.37, total:0.68|0.22|0.33
epoch:103, loss: 0.4236263400978512, other:0.85|0.98|0.91, company:0.72|0.76|0.74, address:0.96|0.49|0.64, date:0.60|0.25|0.35, total:0.69|0.21|0.32
epoch:104, loss: 0.4242840618998916, other:0.85|0.98|0.91, company:0.69|0.79|0.74, address:0.97|0.47|0.63, date:0.60|0.24|0.34, total:0.73|0.21|0.32
epoch:105, loss: 0.41029382524666963, other:0.85|0.98|0.91, company:0.78|0.75|0.76, address:0.97|0.46|0.62, date:0.59|0.28|0.38, total:0.71|0.21|0.32
epoch:106, loss: 0.40689406019669994, other:0.85|0.98|0.91, company:0.78|0.78|0.78, address:0.98|0.45|0.62, date:0.59|0.28|0.38, total:0.70|0.21|0.32
epoch:107, loss: 0.4074136758292163, other:0.86|0.98|0.92, company:0.81|0.73|0.77, address:0.95|0.48|0.64, date:0.57|0.29|0.39, total:0.68|0.21|0.33
epoch:108, loss: 0.3977730550147869, other:0.85|0.98|0.91, company:0.90|0.67|0.77, address:0.94|0.47|0.63, date:0.59|0.29|0.39, total:0.73|0.21|0.33
epoch:109, loss: 0.3851571325902586, other:0.86|0.98|0.92, company:0.86|0.75|0.80, address:0.97|0.49|0.65, date:0.59|0.30|0.39, total:0.73|0.22|0.34
epoch:110, loss: 0.40295055508613586, other:0.86|0.98|0.92, company:0.77|0.75|0.76, address:0.97|0.48|0.64, date:0.60|0.28|0.39, total:0.68|0.22|0.34
epoch:111, loss: 0.4014149606227875, other:0.85|0.98|0.91, company:0.78|0.74|0.76, address:0.96|0.48|0.64, date:0.61|0.28|0.38, total:0.70|0.22|0.33
epoch:112, loss: 0.38972267177369857, other:0.84|0.99|0.91, company:0.83|0.72|0.77, address:0.96|0.48|0.64, date:0.62|0.27|0.37, total:0.78|0.20|0.32
epoch:113, loss: 0.39768915264694776, other:0.84|0.99|0.91, company:0.79|0.76|0.77, address:0.96|0.50|0.66, date:0.64|0.24|0.35, total:0.81|0.20|0.32
epoch:114, loss: 0.3925677416501222, other:0.84|0.99|0.90, company:0.84|0.74|0.79, address:0.97|0.48|0.64, date:0.64|0.25|0.36, total:0.78|0.21|0.33
epoch:115, loss: 0.3959709074762132, other:0.85|0.98|0.91, company:0.82|0.74|0.77, address:0.96|0.49|0.65, date:0.64|0.24|0.35, total:0.69|0.22|0.34
epoch:116, loss: 0.38714684932320204, other:0.86|0.98|0.92, company:0.87|0.71|0.78, address:0.96|0.49|0.65, date:0.59|0.28|0.38, total:0.67|0.23|0.34
epoch:117, loss: 0.4051275948683421, other:0.84|0.99|0.91, company:0.76|0.77|0.76, address:0.96|0.49|0.65, date:0.65|0.23|0.34, total:0.79|0.21|0.33
epoch:118, loss: 0.38109298326351027, other:0.84|0.99|0.91, company:0.90|0.71|0.79, address:0.95|0.50|0.65, date:0.64|0.25|0.36, total:0.78|0.21|0.33
epoch:119, loss: 0.37773657948882494, other:0.85|0.98|0.91, company:0.85|0.75|0.80, address:0.97|0.49|0.65, date:0.60|0.28|0.38, total:0.77|0.21|0.33
epoch:120, loss: 0.3759666548834907, other:0.85|0.98|0.91, company:0.86|0.75|0.80, address:0.97|0.49|0.65, date:0.61|0.29|0.39, total:0.77|0.21|0.33
epoch:121, loss: 0.3846517790246893, other:0.84|0.99|0.90, company:0.92|0.66|0.77, address:0.94|0.47|0.63, date:0.61|0.29|0.39, total:0.81|0.20|0.32
epoch:122, loss: 0.37361424499087864, other:0.85|0.99|0.91, company:0.88|0.73|0.79, address:0.96|0.49|0.65, date:0.61|0.28|0.38, total:0.79|0.22|0.34
epoch:123, loss: 0.373583205320217, other:0.86|0.98|0.92, company:0.87|0.75|0.80, address:0.97|0.50|0.66, date:0.64|0.26|0.37, total:0.72|0.23|0.35
epoch:124, loss: 0.3750045520287973, other:0.86|0.98|0.92, company:0.86|0.75|0.80, address:0.96|0.52|0.68, date:0.60|0.29|0.39, total:0.75|0.22|0.34
epoch:125, loss: 0.37462767627504134, other:0.85|0.98|0.91, company:0.86|0.76|0.81, address:0.96|0.50|0.66, date:0.65|0.25|0.36, total:0.73|0.22|0.34
epoch:126, loss: 0.373800888105675, other:0.85|0.99|0.91, company:0.89|0.73|0.80, address:0.96|0.48|0.64, date:0.65|0.26|0.37, total:0.73|0.23|0.35
epoch:127, loss: 0.36899921849921896, other:0.85|0.99|0.91, company:0.89|0.71|0.79, address:0.96|0.51|0.66, date:0.66|0.26|0.37, total:0.77|0.22|0.34
epoch:128, loss: 0.372034497835018, other:0.85|0.98|0.91, company:0.82|0.77|0.79, address:0.97|0.50|0.66, date:0.63|0.27|0.38, total:0.76|0.22|0.34
epoch:129, loss: 0.3798561581858882, other:0.85|0.99|0.91, company:0.78|0.76|0.77, address:0.97|0.50|0.66, date:0.67|0.24|0.36, total:0.72|0.23|0.35
epoch:130, loss: 0.3694328113838478, other:0.84|0.99|0.91, company:0.88|0.73|0.80, address:0.96|0.48|0.64, date:0.66|0.25|0.37, total:0.78|0.22|0.34
epoch:131, loss: 0.3653949764039781, other:0.85|0.99|0.91, company:0.91|0.71|0.79, address:0.95|0.50|0.65, date:0.63|0.28|0.39, total:0.82|0.22|0.35
epoch:132, loss: 0.36690919156427737, other:0.85|0.98|0.91, company:0.90|0.73|0.81, address:0.95|0.50|0.65, date:0.65|0.25|0.37, total:0.74|0.23|0.35
epoch:133, loss: 0.381019730258871, other:0.87|0.98|0.92, company:0.75|0.76|0.76, address:0.97|0.50|0.66, date:0.62|0.28|0.38, total:0.70|0.24|0.36
epoch:134, loss: 0.36977303469622574, other:0.86|0.98|0.92, company:0.85|0.72|0.78, address:0.95|0.50|0.65, date:0.63|0.28|0.39, total:0.73|0.24|0.36
epoch:135, loss: 0.3572045272147214, other:0.87|0.98|0.92, company:0.88|0.74|0.80, address:0.95|0.53|0.68, date:0.62|0.30|0.40, total:0.72|0.24|0.36
epoch:136, loss: 0.3712755022225557, other:0.85|0.99|0.91, company:0.93|0.65|0.76, address:0.93|0.49|0.64, date:0.61|0.29|0.40, total:0.80|0.22|0.34
epoch:137, loss: 0.36569019931334035, other:0.86|0.98|0.92, company:0.85|0.72|0.78, address:0.96|0.51|0.67, date:0.66|0.27|0.38, total:0.71|0.23|0.34
epoch:138, loss: 0.36008410431720594, other:0.85|0.99|0.91, company:0.86|0.75|0.80, address:0.96|0.50|0.66, date:0.63|0.28|0.39, total:0.80|0.22|0.35
epoch:139, loss: 0.38133144268283137, other:0.85|0.99|0.91, company:0.75|0.77|0.76, address:0.95|0.53|0.68, date:0.63|0.27|0.38, total:0.85|0.21|0.34
epoch:140, loss: 0.3585789380250154, other:0.84|0.99|0.91, company:0.85|0.75|0.79, address:0.97|0.50|0.66, date:0.65|0.27|0.38, total:0.83|0.22|0.34
epoch:141, loss: 0.3511337880735044, other:0.84|0.99|0.91, company:0.90|0.72|0.80, address:0.97|0.49|0.65, date:0.65|0.28|0.39, total:0.80|0.22|0.34
epoch:142, loss: 0.34833921988805133, other:0.84|0.99|0.91, company:0.87|0.75|0.81, address:0.97|0.50|0.66, date:0.66|0.28|0.39, total:0.86|0.22|0.34
epoch:143, loss: 0.3464062131113476, other:0.85|0.99|0.92, company:0.90|0.73|0.81, address:0.97|0.50|0.66, date:0.65|0.29|0.40, total:0.77|0.23|0.36
epoch:144, loss: 0.3487452875684809, other:0.86|0.99|0.92, company:0.86|0.75|0.80, address:0.96|0.53|0.68, date:0.66|0.29|0.40, total:0.75|0.23|0.36
epoch:145, loss: 0.37221954486988207, other:0.86|0.98|0.92, company:0.78|0.77|0.78, address:0.96|0.53|0.68, date:0.67|0.26|0.37, total:0.76|0.23|0.36
epoch:146, loss: 0.35280247143021337, other:0.87|0.98|0.92, company:0.84|0.75|0.79, address:0.96|0.54|0.69, date:0.66|0.29|0.41, total:0.75|0.23|0.35
epoch:147, loss: 0.3475686471771311, other:0.88|0.98|0.93, company:0.88|0.73|0.80, address:0.96|0.54|0.69, date:0.62|0.32|0.42, total:0.69|0.25|0.36
epoch:148, loss: 0.3464140196641286, other:0.85|0.99|0.91, company:0.91|0.73|0.81, address:0.96|0.51|0.67, date:0.68|0.27|0.38, total:0.78|0.22|0.35
epoch:149, loss: 0.34433525800704956, other:0.85|0.99|0.92, company:0.91|0.71|0.80, address:0.96|0.50|0.66, date:0.67|0.29|0.40, total:0.77|0.24|0.36
epoch:150, loss: 0.34244153731399113, other:0.84|0.99|0.91, company:0.90|0.71|0.80, address:0.97|0.50|0.66, date:0.67|0.29|0.40, total:0.86|0.22|0.35
epoch:151, loss: 0.3408699515793059, other:0.85|0.99|0.91, company:0.88|0.73|0.80, address:0.97|0.51|0.67, date:0.68|0.27|0.39, total:0.82|0.23|0.36
epoch:152, loss: 0.33867534443184183, other:0.86|0.99|0.92, company:0.90|0.73|0.80, address:0.96|0.53|0.68, date:0.68|0.28|0.40, total:0.78|0.24|0.37
epoch:153, loss: 0.3402650378368519, other:0.85|0.99|0.91, company:0.90|0.71|0.79, address:0.97|0.50|0.66, date:0.64|0.30|0.41, total:0.85|0.22|0.35
epoch:154, loss: 0.34309418885796156, other:0.86|0.99|0.92, company:0.91|0.71|0.80, address:0.96|0.53|0.68, date:0.69|0.26|0.38, total:0.74|0.24|0.36
epoch:155, loss: 0.3689204487535689, other:0.85|0.99|0.91, company:0.76|0.77|0.76, address:0.96|0.53|0.68, date:0.68|0.25|0.37, total:0.81|0.23|0.35
epoch:156, loss: 0.3411003914144304, other:0.84|0.99|0.91, company:0.86|0.74|0.80, address:0.97|0.51|0.67, date:0.69|0.28|0.40, total:0.88|0.21|0.33
epoch:157, loss: 0.34175507337958727, other:0.84|0.99|0.91, company:0.93|0.68|0.79, address:0.94|0.52|0.67, date:0.70|0.27|0.39, total:0.85|0.22|0.35
epoch:158, loss: 0.3379351849909182, other:0.86|0.99|0.92, company:0.90|0.73|0.81, address:0.97|0.52|0.67, date:0.68|0.29|0.41, total:0.78|0.23|0.36
epoch:159, loss: 0.33415008143142416, other:0.85|0.99|0.92, company:0.93|0.69|0.79, address:0.96|0.53|0.68, date:0.65|0.31|0.42, total:0.81|0.22|0.34
epoch:160, loss: 0.33666209876537323, other:0.85|0.99|0.92, company:0.92|0.73|0.81, address:0.97|0.50|0.66, date:0.66|0.31|0.42, total:0.80|0.23|0.36
epoch:161, loss: 0.3382366680436664, other:0.85|0.99|0.91, company:0.87|0.76|0.81, address:0.98|0.51|0.67, date:0.68|0.28|0.40, total:0.81|0.23|0.35
epoch:162, loss: 0.3356852818418432, other:0.85|0.99|0.91, company:0.93|0.68|0.79, address:0.96|0.51|0.66, date:0.67|0.31|0.42, total:0.81|0.23|0.36
epoch:163, loss: 0.33509999844763017, other:0.86|0.99|0.92, company:0.92|0.72|0.81, address:0.96|0.51|0.67, date:0.68|0.31|0.43, total:0.79|0.23|0.36
epoch:164, loss: 0.3273464485451027, other:0.86|0.99|0.92, company:0.89|0.74|0.81, address:0.97|0.54|0.69, date:0.70|0.30|0.42, total:0.81|0.23|0.36
epoch:165, loss: 0.3316710778960475, other:0.85|0.99|0.91, company:0.92|0.72|0.81, address:0.97|0.50|0.66, date:0.71|0.29|0.41, total:0.82|0.23|0.36
epoch:166, loss: 0.33200170044545774, other:0.85|0.99|0.92, company:0.89|0.74|0.81, address:0.97|0.52|0.68, date:0.68|0.29|0.40, total:0.80|0.23|0.36
epoch:167, loss: 0.32909756512553606, other:0.85|0.99|0.91, company:0.92|0.74|0.82, address:0.97|0.52|0.68, date:0.71|0.27|0.39, total:0.83|0.23|0.35
epoch:168, loss: 0.33317199570161327, other:0.85|0.99|0.92, company:0.93|0.70|0.80, address:0.96|0.51|0.67, date:0.68|0.30|0.41, total:0.79|0.23|0.36
epoch:169, loss: 0.3331763733316351, other:0.85|0.99|0.91, company:0.94|0.68|0.79, address:0.96|0.51|0.66, date:0.69|0.29|0.41, total:0.80|0.23|0.36
epoch:170, loss: 0.3287087204279723, other:0.85|0.99|0.91, company:0.90|0.74|0.81, address:0.96|0.55|0.70, date:0.69|0.27|0.38, total:0.85|0.23|0.36
epoch:171, loss: 0.32653203496226557, other:0.85|0.99|0.91, company:0.94|0.71|0.81, address:0.96|0.51|0.66, date:0.69|0.30|0.42, total:0.84|0.22|0.35
epoch:172, loss: 0.3315632547493334, other:0.86|0.99|0.92, company:0.86|0.75|0.80, address:0.97|0.53|0.69, date:0.70|0.29|0.41, total:0.81|0.24|0.36
epoch:173, loss: 0.33086688816547394, other:0.86|0.99|0.92, company:0.83|0.77|0.80, address:0.97|0.56|0.71, date:0.68|0.30|0.42, total:0.87|0.23|0.36
epoch:174, loss: 0.32008443662413844, other:0.87|0.99|0.92, company:0.90|0.71|0.79, address:0.97|0.56|0.71, date:0.68|0.31|0.43, total:0.79|0.24|0.36
epoch:175, loss: 0.32172878362514357, other:0.86|0.99|0.92, company:0.93|0.72|0.81, address:0.96|0.53|0.69, date:0.68|0.30|0.41, total:0.79|0.25|0.38
epoch:176, loss: 0.32361049287849003, other:0.85|0.99|0.92, company:0.91|0.72|0.81, address:0.97|0.54|0.70, date:0.71|0.29|0.41, total:0.81|0.23|0.35
epoch:177, loss: 0.3188195167868226, other:0.86|0.99|0.92, company:0.90|0.73|0.81, address:0.97|0.53|0.69, date:0.70|0.31|0.43, total:0.82|0.24|0.37
epoch:178, loss: 0.3168063792917464, other:0.85|0.99|0.91, company:0.91|0.72|0.80, address:0.97|0.54|0.69, date:0.72|0.28|0.41, total:0.85|0.23|0.36
epoch:179, loss: 0.31260166731145644, other:0.86|0.99|0.92, company:0.91|0.74|0.82, address:0.97|0.55|0.71, date:0.69|0.32|0.44, total:0.83|0.24|0.37
epoch:180, loss: 0.3177156122746291, other:0.85|0.99|0.91, company:0.89|0.74|0.81, address:0.98|0.52|0.68, date:0.74|0.28|0.40, total:0.81|0.23|0.36
epoch:181, loss: 0.32148241224112334, other:0.86|0.99|0.92, company:0.88|0.75|0.81, address:0.97|0.55|0.70, date:0.70|0.29|0.41, total:0.84|0.23|0.36
epoch:182, loss: 0.3153178189639692, other:0.85|0.99|0.91, company:0.89|0.74|0.81, address:0.97|0.53|0.69, date:0.73|0.29|0.41, total:0.86|0.23|0.37
epoch:183, loss: 0.3195080315625226, other:0.86|0.99|0.92, company:0.89|0.72|0.80, address:0.97|0.55|0.70, date:0.70|0.31|0.43, total:0.83|0.24|0.37
epoch:184, loss: 0.31494579602170875, other:0.85|0.99|0.91, company:0.92|0.70|0.80, address:0.96|0.53|0.69, date:0.71|0.29|0.41, total:0.86|0.23|0.37
epoch:185, loss: 0.31459288740599595, other:0.86|0.99|0.92, company:0.92|0.71|0.80, address:0.96|0.53|0.69, date:0.70|0.31|0.43, total:0.85|0.24|0.37
epoch:186, loss: 0.31689581164607294, other:0.85|0.99|0.91, company:0.94|0.68|0.79, address:0.95|0.54|0.69, date:0.71|0.31|0.43, total:0.87|0.21|0.34
epoch:187, loss: 0.3122746061395716, other:0.84|0.99|0.91, company:0.93|0.72|0.81, address:0.97|0.52|0.68, date:0.72|0.30|0.42, total:0.89|0.23|0.36
epoch:188, loss: 0.31607379074449893, other:0.85|0.99|0.92, company:0.93|0.72|0.81, address:0.97|0.51|0.67, date:0.69|0.33|0.44, total:0.86|0.23|0.37
epoch:189, loss: 0.31180112450211134, other:0.86|0.99|0.92, company:0.93|0.71|0.80, address:0.96|0.56|0.71, date:0.72|0.28|0.41, total:0.85|0.24|0.37
epoch:190, loss: 0.3242774732686855, other:0.87|0.99|0.92, company:0.82|0.76|0.79, address:0.97|0.57|0.72, date:0.71|0.31|0.43, total:0.86|0.24|0.37
epoch:191, loss: 0.31270535731757126, other:0.86|0.99|0.92, company:0.89|0.74|0.81, address:0.97|0.54|0.70, date:0.71|0.31|0.43, total:0.81|0.24|0.37
epoch:192, loss: 0.30765772528118557, other:0.87|0.99|0.93, company:0.90|0.73|0.81, address:0.96|0.58|0.72, date:0.72|0.32|0.44, total:0.82|0.25|0.38
epoch:193, loss: 0.3083460457898952, other:0.86|0.99|0.92, company:0.89|0.73|0.80, address:0.97|0.54|0.70, date:0.72|0.31|0.43, total:0.85|0.25|0.38
epoch:194, loss: 0.3072353364140899, other:0.86|0.99|0.92, company:0.87|0.77|0.82, address:0.97|0.57|0.72, date:0.74|0.30|0.42, total:0.87|0.25|0.38
epoch:195, loss: 0.3187596472325148, other:0.87|0.99|0.93, company:0.84|0.77|0.80, address:0.96|0.60|0.74, date:0.73|0.29|0.42, total:0.82|0.25|0.39
epoch:196, loss: 0.30499882996082306, other:0.86|0.99|0.92, company:0.91|0.73|0.81, address:0.97|0.56|0.71, date:0.72|0.33|0.45, total:0.86|0.24|0.37
epoch:197, loss: 0.30497421600200514, other:0.86|0.99|0.92, company:0.89|0.73|0.80, address:0.98|0.54|0.69, date:0.73|0.31|0.44, total:0.85|0.24|0.37
epoch:198, loss: 0.30271180912300394, other:0.87|0.99|0.92, company:0.91|0.72|0.80, address:0.97|0.55|0.70, date:0.72|0.33|0.46, total:0.83|0.25|0.38
epoch:199, loss: 0.29996315196708395, other:0.87|0.99|0.92, company:0.92|0.73|0.81, address:0.96|0.57|0.72, date:0.73|0.31|0.43, total:0.83|0.25|0.39
epoch:200, loss: 0.30004109221476094, other:0.86|0.99|0.92, company:0.91|0.75|0.82, address:0.97|0.58|0.72, date:0.74|0.30|0.42, total:0.84|0.25|0.38
epoch:201, loss: 0.29941651225090027, other:0.86|0.99|0.92, company:0.92|0.72|0.81, address:0.97|0.56|0.71, date:0.72|0.31|0.44, total:0.87|0.24|0.37
epoch:202, loss: 0.3020173995583146, other:0.86|0.99|0.92, company:0.94|0.69|0.80, address:0.95|0.56|0.70, date:0.74|0.31|0.44, total:0.88|0.24|0.37
epoch:203, loss: 0.3020408258393959, other:0.86|0.99|0.92, company:0.91|0.74|0.81, address:0.97|0.56|0.71, date:0.75|0.29|0.42, total:0.83|0.25|0.39
epoch:204, loss: 0.294386922761246, other:0.87|0.99|0.92, company:0.90|0.75|0.82, address:0.97|0.55|0.70, date:0.74|0.31|0.43, total:0.83|0.26|0.39
epoch:205, loss: 0.2970261220578794, other:0.87|0.99|0.92, company:0.89|0.74|0.81, address:0.97|0.56|0.71, date:0.75|0.31|0.43, total:0.85|0.26|0.40
epoch:206, loss: 0.2989752529947846, other:0.86|0.99|0.92, company:0.95|0.66|0.78, address:0.95|0.54|0.69, date:0.73|0.33|0.45, total:0.85|0.25|0.39
epoch:207, loss: 0.3020716866961232, other:0.88|0.99|0.93, company:0.92|0.73|0.81, address:0.96|0.59|0.73, date:0.70|0.35|0.47, total:0.77|0.25|0.38
epoch:208, loss: 0.29800697829988265, other:0.87|0.99|0.93, company:0.90|0.75|0.82, address:0.97|0.59|0.73, date:0.74|0.30|0.43, total:0.81|0.26|0.39
epoch:209, loss: 0.30059792156572696, other:0.88|0.99|0.93, company:0.86|0.79|0.82, address:0.97|0.58|0.73, date:0.75|0.31|0.44, total:0.79|0.26|0.39
epoch:210, loss: 0.29178256182758894, other:0.87|0.99|0.93, company:0.92|0.73|0.81, address:0.98|0.56|0.71, date:0.74|0.32|0.45, total:0.82|0.26|0.40
epoch:211, loss: 0.2892644488149219, other:0.87|0.99|0.93, company:0.92|0.73|0.81, address:0.97|0.56|0.71, date:0.70|0.35|0.46, total:0.86|0.25|0.39
epoch:212, loss: 0.2885701788796319, other:0.87|0.99|0.93, company:0.94|0.71|0.81, address:0.97|0.56|0.71, date:0.72|0.34|0.47, total:0.82|0.26|0.40
epoch:213, loss: 0.2853955587855092, other:0.86|0.99|0.92, company:0.94|0.72|0.82, address:0.97|0.55|0.70, date:0.74|0.33|0.46, total:0.87|0.25|0.39
epoch:214, loss: 0.2925237097122051, other:0.86|0.99|0.92, company:0.94|0.68|0.79, address:0.96|0.55|0.70, date:0.74|0.33|0.45, total:0.85|0.25|0.39
epoch:215, loss: 0.29750789260422744, other:0.87|0.99|0.93, company:0.91|0.76|0.83, address:0.97|0.58|0.72, date:0.71|0.34|0.46, total:0.84|0.25|0.38
epoch:216, loss: 0.28910300025233515, other:0.87|0.99|0.93, company:0.93|0.72|0.81, address:0.97|0.56|0.71, date:0.72|0.34|0.47, total:0.84|0.26|0.40
epoch:217, loss: 0.29345103601614636, other:0.87|0.99|0.92, company:0.94|0.70|0.80, address:0.96|0.57|0.71, date:0.72|0.33|0.45, total:0.86|0.25|0.39
epoch:218, loss: 0.28985796372095746, other:0.87|0.99|0.92, company:0.94|0.73|0.82, address:0.97|0.57|0.72, date:0.73|0.33|0.46, total:0.85|0.25|0.38
epoch:219, loss: 0.297230323155721, other:0.88|0.99|0.93, company:0.89|0.78|0.83, address:0.97|0.60|0.74, date:0.73|0.33|0.46, total:0.83|0.24|0.38
epoch:220, loss: 0.2851171747401909, other:0.86|0.99|0.92, company:0.93|0.74|0.82, address:0.97|0.60|0.74, date:0.75|0.32|0.45, total:0.88|0.23|0.36
epoch:221, loss: 0.2807441662859034, other:0.87|0.99|0.93, company:0.93|0.74|0.82, address:0.97|0.56|0.71, date:0.74|0.35|0.48, total:0.84|0.27|0.41
epoch:222, loss: 0.29403583539856804, other:0.87|0.99|0.93, company:0.86|0.77|0.82, address:0.97|0.57|0.72, date:0.76|0.32|0.44, total:0.84|0.26|0.39
epoch:223, loss: 0.2867328193452623, other:0.87|0.99|0.93, company:0.90|0.75|0.82, address:0.97|0.58|0.72, date:0.75|0.32|0.45, total:0.82|0.26|0.40
epoch:224, loss: 0.28447064095073277, other:0.86|0.99|0.92, company:0.91|0.75|0.82, address:0.97|0.58|0.72, date:0.75|0.32|0.45, total:0.86|0.24|0.38
epoch:225, loss: 0.2798449562655555, other:0.87|0.99|0.92, company:0.93|0.73|0.81, address:0.96|0.58|0.72, date:0.76|0.32|0.45, total:0.87|0.25|0.39
epoch:226, loss: 0.28049945720919855, other:0.87|0.99|0.93, company:0.92|0.72|0.80, address:0.97|0.57|0.72, date:0.75|0.33|0.46, total:0.84|0.26|0.40
epoch:227, loss: 0.2799337268979461, other:0.87|0.99|0.92, company:0.90|0.74|0.81, address:0.97|0.58|0.73, date:0.78|0.32|0.45, total:0.88|0.25|0.39
epoch:228, loss: 0.3018355203999413, other:0.87|0.99|0.92, company:0.87|0.76|0.81, address:0.96|0.61|0.75, date:0.76|0.31|0.44, total:0.89|0.24|0.37
epoch:229, loss: 0.2839923456863121, other:0.87|0.99|0.92, company:0.90|0.76|0.82, address:0.97|0.58|0.73, date:0.76|0.33|0.46, total:0.87|0.24|0.38
epoch:230, loss: 0.2821662988927629, other:0.87|0.99|0.93, company:0.90|0.75|0.82, address:0.97|0.59|0.73, date:0.77|0.32|0.45, total:0.86|0.26|0.40
epoch:231, loss: 0.3050602001172525, other:0.86|0.99|0.92, company:0.79|0.78|0.79, address:0.97|0.59|0.74, date:0.79|0.28|0.42, total:0.89|0.24|0.38
epoch:232, loss: 0.2801460833461196, other:0.87|0.99|0.93, company:0.88|0.76|0.82, address:0.98|0.58|0.72, date:0.75|0.35|0.48, total:0.86|0.26|0.40
epoch:233, loss: 0.2771912454454987, other:0.88|0.99|0.93, company:0.93|0.74|0.82, address:0.97|0.60|0.74, date:0.75|0.34|0.47, total:0.86|0.25|0.39
epoch:234, loss: 0.2748955521318648, other:0.88|0.99|0.93, company:0.90|0.77|0.83, address:0.98|0.58|0.73, date:0.75|0.36|0.49, total:0.88|0.27|0.41
epoch:235, loss: 0.27525219155682457, other:0.88|0.99|0.93, company:0.92|0.74|0.82, address:0.98|0.57|0.72, date:0.74|0.37|0.49, total:0.85|0.27|0.41
epoch:236, loss: 0.274561603864034, other:0.87|0.99|0.92, company:0.89|0.78|0.83, address:0.98|0.60|0.74, date:0.79|0.31|0.45, total:0.89|0.25|0.39
epoch:237, loss: 0.27628656449141326, other:0.88|0.99|0.93, company:0.90|0.77|0.83, address:0.97|0.61|0.75, date:0.77|0.32|0.46, total:0.88|0.27|0.41
epoch:238, loss: 0.2737867269251082, other:0.87|0.99|0.93, company:0.90|0.77|0.83, address:0.98|0.56|0.72, date:0.76|0.36|0.48, total:0.87|0.26|0.40
epoch:239, loss: 0.26982263999956624, other:0.86|0.99|0.92, company:0.93|0.73|0.82, address:0.97|0.55|0.71, date:0.79|0.33|0.47, total:0.87|0.26|0.40
epoch:240, loss: 0.2728996122324908, other:0.88|0.99|0.93, company:0.92|0.75|0.83, address:0.97|0.59|0.74, date:0.77|0.34|0.48, total:0.85|0.26|0.40
epoch:241, loss: 0.2670963732180772, other:0.88|0.99|0.93, company:0.93|0.73|0.81, address:0.97|0.60|0.74, date:0.78|0.34|0.47, total:0.86|0.26|0.40
epoch:242, loss: 0.27297258708212113, other:0.86|0.99|0.92, company:0.91|0.76|0.83, address:0.98|0.58|0.73, date:0.79|0.32|0.46, total:0.90|0.25|0.39
epoch:243, loss: 0.27919227491926263, other:0.88|0.99|0.93, company:0.91|0.75|0.82, address:0.96|0.60|0.74, date:0.74|0.35|0.48, total:0.85|0.26|0.40
epoch:244, loss: 0.27115700035183515, other:0.88|0.99|0.93, company:0.94|0.72|0.82, address:0.96|0.59|0.73, date:0.76|0.34|0.47, total:0.84|0.27|0.41
epoch:245, loss: 0.26445555300624285, other:0.87|0.99|0.93, company:0.94|0.73|0.82, address:0.97|0.61|0.75, date:0.79|0.33|0.46, total:0.89|0.26|0.40
epoch:246, loss: 0.2866970344826027, other:0.89|0.99|0.94, company:0.89|0.79|0.83, address:0.96|0.62|0.76, date:0.70|0.38|0.49, total:0.82|0.26|0.40
epoch:247, loss: 0.26454283241872434, other:0.87|0.99|0.93, company:0.94|0.72|0.82, address:0.97|0.60|0.74, date:0.77|0.34|0.47, total:0.88|0.25|0.39
epoch:248, loss: 0.2664153962223618, other:0.87|0.99|0.93, company:0.94|0.73|0.82, address:0.97|0.58|0.72, date:0.81|0.32|0.46, total:0.81|0.27|0.41
epoch:249, loss: 0.2725401945688106, other:0.88|0.99|0.93, company:0.93|0.74|0.82, address:0.96|0.62|0.75, date:0.76|0.33|0.46, total:0.83|0.27|0.40
epoch:250, loss: 0.26906259137171284, other:0.87|0.99|0.93, company:0.92|0.75|0.82, address:0.97|0.61|0.75, date:0.77|0.35|0.48, total:0.92|0.24|0.38
epoch:251, loss: 0.26514828315487615, other:0.88|0.99|0.93, company:0.91|0.76|0.83, address:0.97|0.59|0.74, date:0.79|0.33|0.47, total:0.86|0.27|0.41
epoch:252, loss: 0.264839513986199, other:0.89|0.99|0.93, company:0.90|0.76|0.82, address:0.98|0.60|0.74, date:0.76|0.35|0.48, total:0.84|0.29|0.43
epoch:253, loss: 0.26284341127784167, other:0.87|0.99|0.93, company:0.94|0.72|0.82, address:0.97|0.58|0.73, date:0.78|0.36|0.49, total:0.89|0.26|0.40
epoch:254, loss: 0.26362074028562615, other:0.89|0.99|0.93, company:0.90|0.77|0.83, address:0.98|0.59|0.74, date:0.77|0.37|0.50, total:0.84|0.28|0.42
epoch:255, loss: 0.2834192735177499, other:0.90|0.99|0.94, company:0.93|0.76|0.84, address:0.95|0.66|0.78, date:0.73|0.34|0.47, total:0.77|0.29|0.42
epoch:256, loss: 0.26056701993500747, other:0.88|0.99|0.93, company:0.94|0.73|0.82, address:0.97|0.58|0.73, date:0.78|0.36|0.49, total:0.88|0.28|0.42
epoch:257, loss: 0.26773332997604654, other:0.88|0.99|0.93, company:0.93|0.75|0.83, address:0.97|0.60|0.74, date:0.78|0.35|0.48, total:0.85|0.27|0.41
epoch:258, loss: 0.2650863760047489, other:0.88|0.99|0.93, company:0.91|0.76|0.82, address:0.97|0.61|0.75, date:0.77|0.37|0.50, total:0.89|0.25|0.39
epoch:259, loss: 0.25614860874635204, other:0.88|0.99|0.93, company:0.92|0.77|0.83, address:0.97|0.62|0.75, date:0.81|0.34|0.47, total:0.88|0.27|0.42
epoch:260, loss: 0.2662949346833759, other:0.87|0.99|0.93, company:0.95|0.71|0.81, address:0.96|0.57|0.71, date:0.81|0.34|0.48, total:0.85|0.28|0.42
epoch:261, loss: 0.2548808416834584, other:0.87|0.99|0.93, company:0.93|0.74|0.82, address:0.98|0.58|0.73, date:0.80|0.35|0.49, total:0.88|0.27|0.41
epoch:262, loss: 0.26828935742378235, other:0.88|0.99|0.93, company:0.88|0.79|0.83, address:0.97|0.63|0.76, date:0.82|0.32|0.46, total:0.89|0.27|0.41
epoch:263, loss: 0.2558284446045204, other:0.88|0.99|0.93, company:0.94|0.72|0.81, address:0.97|0.60|0.74, date:0.80|0.35|0.49, total:0.87|0.29|0.43
epoch:264, loss: 0.2533968935410182, other:0.88|0.99|0.93, company:0.92|0.76|0.83, address:0.97|0.60|0.74, date:0.79|0.38|0.51, total:0.87|0.28|0.42
epoch:265, loss: 0.2575576189491484, other:0.87|0.99|0.93, company:0.93|0.75|0.83, address:0.98|0.56|0.71, date:0.80|0.36|0.49, total:0.89|0.26|0.40
epoch:266, loss: 0.25677465343916855, other:0.88|0.99|0.93, company:0.94|0.73|0.82, address:0.97|0.57|0.72, date:0.80|0.38|0.52, total:0.89|0.27|0.42
epoch:267, loss: 0.2519712481233809, other:0.87|0.99|0.93, company:0.95|0.71|0.81, address:0.97|0.60|0.74, date:0.81|0.36|0.50, total:0.89|0.26|0.41
epoch:268, loss: 0.26080894083888445, other:0.89|0.99|0.94, company:0.90|0.78|0.84, address:0.97|0.63|0.76, date:0.78|0.36|0.50, total:0.84|0.29|0.43
epoch:269, loss: 0.2618772150189788, other:0.88|0.99|0.93, company:0.95|0.71|0.81, address:0.96|0.59|0.73, date:0.81|0.36|0.50, total:0.82|0.28|0.42
epoch:270, loss: 0.2654304774823012, other:0.88|0.99|0.93, company:0.96|0.67|0.79, address:0.95|0.58|0.72, date:0.78|0.38|0.51, total:0.85|0.28|0.42
epoch:271, loss: 0.2541932645771239, other:0.87|0.99|0.93, company:0.94|0.72|0.82, address:0.97|0.59|0.73, date:0.79|0.37|0.50, total:0.91|0.25|0.40
epoch:272, loss: 0.2487915947481438, other:0.88|0.99|0.93, company:0.95|0.69|0.80, address:0.97|0.59|0.73, date:0.79|0.39|0.52, total:0.89|0.28|0.42
epoch:273, loss: 0.2585744559764862, other:0.89|0.99|0.94, company:0.89|0.78|0.83, address:0.97|0.64|0.77, date:0.78|0.36|0.50, total:0.85|0.28|0.42
epoch:274, loss: 0.24920414664127208, other:0.88|0.99|0.93, company:0.94|0.74|0.83, address:0.98|0.60|0.74, date:0.79|0.35|0.49, total:0.87|0.27|0.42
epoch:275, loss: 0.24417076177067226, other:0.87|0.99|0.93, company:0.94|0.73|0.82, address:0.98|0.58|0.73, date:0.81|0.37|0.51, total:0.90|0.26|0.41
epoch:276, loss: 0.24223632669007336, other:0.88|0.99|0.93, company:0.94|0.74|0.83, address:0.98|0.59|0.74, date:0.82|0.36|0.50, total:0.89|0.28|0.43
epoch:277, loss: 0.2453843945706332, other:0.88|0.99|0.93, company:0.92|0.75|0.82, address:0.98|0.61|0.75, date:0.82|0.34|0.48, total:0.86|0.28|0.42
epoch:278, loss: 0.24715252993283449, other:0.88|0.99|0.93, company:0.92|0.75|0.83, address:0.98|0.61|0.75, date:0.82|0.35|0.49, total:0.85|0.28|0.42
epoch:279, loss: 0.24904993562786668, other:0.88|0.99|0.93, company:0.93|0.75|0.83, address:0.97|0.63|0.76, date:0.80|0.36|0.50, total:0.90|0.26|0.40
epoch:280, loss: 0.25094231411262796, other:0.87|0.99|0.93, company:0.94|0.72|0.82, address:0.97|0.58|0.72, date:0.82|0.36|0.50, total:0.87|0.27|0.41
epoch:281, loss: 0.25406344179753904, other:0.88|0.99|0.93, company:0.86|0.78|0.82, address:0.98|0.61|0.76, date:0.81|0.35|0.49, total:0.87|0.28|0.42
epoch:282, loss: 0.2438734753264321, other:0.89|0.99|0.94, company:0.91|0.78|0.84, address:0.98|0.63|0.76, date:0.82|0.35|0.49, total:0.88|0.29|0.44
epoch:283, loss: 0.2464031290124964, other:0.88|0.99|0.93, company:0.92|0.75|0.83, address:0.98|0.61|0.76, date:0.81|0.37|0.51, total:0.86|0.28|0.42
epoch:284, loss: 0.2559805142658728, other:0.88|0.99|0.93, company:0.90|0.76|0.82, address:0.97|0.61|0.75, date:0.83|0.33|0.47, total:0.88|0.27|0.41
epoch:285, loss: 0.24918342188552575, other:0.88|0.99|0.93, company:0.93|0.74|0.83, address:0.97|0.61|0.75, date:0.80|0.37|0.51, total:0.88|0.28|0.42
epoch:286, loss: 0.24409781065252092, other:0.88|0.99|0.93, company:0.93|0.76|0.83, address:0.98|0.60|0.74, date:0.81|0.36|0.50, total:0.89|0.27|0.42
epoch:287, loss: 0.244363557961252, other:0.89|0.99|0.94, company:0.94|0.75|0.83, address:0.97|0.60|0.74, date:0.80|0.37|0.51, total:0.86|0.30|0.44
epoch:288, loss: 0.23854234262749, other:0.89|0.99|0.94, company:0.94|0.75|0.83, address:0.97|0.62|0.76, date:0.79|0.39|0.53, total:0.89|0.28|0.43
epoch:289, loss: 0.24647647859873595, other:0.88|0.99|0.93, company:0.93|0.74|0.82, address:0.97|0.62|0.76, date:0.81|0.37|0.50, total:0.90|0.26|0.40
epoch:290, loss: 0.2524073228791908, other:0.88|0.99|0.93, company:0.87|0.77|0.82, address:0.98|0.62|0.76, date:0.81|0.36|0.50, total:0.89|0.27|0.42
epoch:291, loss: 0.24582131206989288, other:0.88|0.99|0.93, company:0.94|0.73|0.82, address:0.98|0.60|0.74, date:0.81|0.36|0.50, total:0.90|0.27|0.41
epoch:292, loss: 0.24149090437977402, other:0.89|0.99|0.94, company:0.92|0.76|0.83, address:0.97|0.64|0.77, date:0.80|0.40|0.53, total:0.91|0.27|0.42
epoch:293, loss: 0.23956466438593688, other:0.89|0.99|0.94, company:0.92|0.77|0.84, address:0.97|0.64|0.77, date:0.81|0.40|0.53, total:0.89|0.28|0.43
epoch:294, loss: 0.24327525937998737, other:0.87|0.99|0.93, company:0.93|0.72|0.81, address:0.98|0.58|0.73, date:0.83|0.36|0.51, total:0.90|0.27|0.42
epoch:295, loss: 0.23605161518962295, other:0.89|0.99|0.94, company:0.94|0.74|0.83, address:0.97|0.64|0.77, date:0.82|0.36|0.50, total:0.87|0.29|0.44
epoch:296, loss: 0.23673643116597776, other:0.89|0.99|0.94, company:0.93|0.73|0.82, address:0.97|0.64|0.77, date:0.81|0.36|0.50, total:0.90|0.29|0.44
epoch:297, loss: 0.2488651457760069, other:0.88|0.99|0.93, company:0.96|0.67|0.79, address:0.96|0.58|0.73, date:0.80|0.39|0.53, total:0.89|0.28|0.43
epoch:298, loss: 0.23652044159394722, other:0.89|0.99|0.94, company:0.94|0.74|0.83, address:0.96|0.64|0.77, date:0.82|0.38|0.52, total:0.90|0.29|0.44
epoch:299, loss: 0.2467177653754199, other:0.89|0.99|0.94, company:0.94|0.73|0.82, address:0.96|0.62|0.75, date:0.80|0.37|0.51, total:0.81|0.30|0.44
