epoch:0, loss: 1.03687913329513, other:0.93|0.96|0.94, company:0.00|0.00|0.00, address:0.89|0.34|0.50, date:0.00|0.00|0.00, total:0.04|0.39|0.08
epoch:1, loss: 0.7641872189663075, other:0.93|0.96|0.94, company:0.01|0.71|0.01, address:0.90|0.38|0.54, date:0.00|0.08|0.01, total:0.21|0.22|0.21
epoch:2, loss: 0.6365983486175537, other:0.86|0.97|0.91, company:0.33|0.62|0.43, address:0.91|0.39|0.54, date:0.18|0.26|0.21, total:0.56|0.16|0.25
epoch:3, loss: 0.5652526506671199, other:0.85|0.98|0.91, company:0.37|0.76|0.49, address:0.94|0.42|0.58, date:0.39|0.29|0.33, total:0.64|0.16|0.25
epoch:4, loss: 0.5154007220709765, other:0.85|0.98|0.91, company:0.72|0.74|0.73, address:0.90|0.44|0.59, date:0.48|0.29|0.36, total:0.63|0.17|0.27
epoch:5, loss: 0.4845018342689232, other:0.83|0.98|0.90, company:0.60|0.82|0.69, address:0.95|0.46|0.62, date:0.48|0.28|0.36, total:0.75|0.15|0.25
epoch:6, loss: 0.44083022519394205, other:0.84|0.98|0.90, company:0.72|0.82|0.77, address:0.96|0.46|0.62, date:0.53|0.30|0.39, total:0.73|0.17|0.27
epoch:7, loss: 0.4176162271587937, other:0.84|0.98|0.90, company:0.75|0.83|0.79, address:0.97|0.48|0.64, date:0.61|0.27|0.38, total:0.73|0.18|0.28
epoch:8, loss: 0.3975630049352293, other:0.83|0.99|0.90, company:0.78|0.84|0.81, address:0.98|0.46|0.63, date:0.62|0.30|0.40, total:0.78|0.18|0.29
epoch:9, loss: 0.3804075397827007, other:0.86|0.98|0.92, company:0.82|0.83|0.83, address:0.98|0.47|0.64, date:0.64|0.30|0.41, total:0.68|0.22|0.33
epoch:10, loss: 0.36252259656235025, other:0.85|0.99|0.92, company:0.89|0.78|0.83, address:0.96|0.49|0.65, date:0.65|0.34|0.44, total:0.77|0.21|0.33
epoch:11, loss: 0.3537255459361606, other:0.84|0.99|0.91, company:0.81|0.83|0.82, address:0.98|0.49|0.65, date:0.70|0.33|0.45, total:0.85|0.19|0.31
epoch:12, loss: 0.33800234728389317, other:0.85|0.99|0.91, company:0.83|0.83|0.83, address:0.98|0.51|0.67, date:0.75|0.31|0.43, total:0.81|0.21|0.33
epoch:13, loss: 0.32689099234563335, other:0.84|0.99|0.91, company:0.85|0.81|0.83, address:0.98|0.50|0.66, date:0.78|0.29|0.43, total:0.85|0.21|0.33
epoch:14, loss: 0.32935921958199255, other:0.84|0.99|0.91, company:0.81|0.83|0.82, address:0.99|0.50|0.66, date:0.75|0.31|0.44, total:0.85|0.21|0.33
epoch:15, loss: 0.3162632954341394, other:0.84|0.99|0.91, company:0.91|0.76|0.83, address:0.97|0.50|0.66, date:0.78|0.30|0.44, total:0.84|0.21|0.34
epoch:16, loss: 0.30958819665290693, other:0.84|0.99|0.91, company:0.88|0.79|0.83, address:0.98|0.51|0.67, date:0.77|0.33|0.46, total:0.88|0.19|0.32
epoch:17, loss: 0.3045242196983761, other:0.83|0.99|0.91, company:0.87|0.80|0.83, address:0.99|0.50|0.67, date:0.78|0.37|0.50, total:0.92|0.19|0.32
epoch:18, loss: 0.2954171448945999, other:0.83|0.99|0.90, company:0.88|0.80|0.84, address:0.98|0.54|0.70, date:0.80|0.32|0.45, total:0.94|0.19|0.31
epoch:19, loss: 0.2873283100348932, other:0.85|0.99|0.91, company:0.88|0.80|0.84, address:0.98|0.56|0.71, date:0.79|0.32|0.46, total:0.90|0.21|0.34
epoch:20, loss: 0.27913612955146366, other:0.87|0.99|0.92, company:0.86|0.82|0.84, address:0.98|0.58|0.73, date:0.82|0.35|0.49, total:0.87|0.23|0.36
epoch:21, loss: 0.27302132381333244, other:0.86|0.99|0.92, company:0.88|0.80|0.84, address:0.98|0.59|0.74, date:0.85|0.34|0.48, total:0.88|0.22|0.36
epoch:22, loss: 0.26538970569769543, other:0.86|0.99|0.92, company:0.90|0.81|0.85, address:0.99|0.58|0.73, date:0.82|0.39|0.53, total:0.90|0.22|0.36
epoch:23, loss: 0.2589693240545414, other:0.87|0.99|0.93, company:0.89|0.79|0.84, address:0.98|0.60|0.75, date:0.82|0.40|0.53, total:0.90|0.23|0.37
epoch:24, loss: 0.254704456086512, other:0.88|0.99|0.93, company:0.91|0.80|0.85, address:0.98|0.59|0.74, date:0.87|0.34|0.49, total:0.82|0.27|0.41
epoch:25, loss: 0.2516104639680297, other:0.87|0.99|0.93, company:0.93|0.78|0.85, address:0.98|0.60|0.74, date:0.87|0.38|0.53, total:0.90|0.23|0.37
epoch:26, loss: 0.24729644038059093, other:0.87|0.99|0.93, company:0.91|0.80|0.85, address:0.99|0.62|0.76, date:0.90|0.36|0.51, total:0.90|0.24|0.37
epoch:27, loss: 0.2505577708835955, other:0.86|0.99|0.92, company:0.91|0.76|0.83, address:0.99|0.60|0.75, date:0.91|0.33|0.49, total:0.89|0.25|0.38
epoch:28, loss: 0.2491078128417333, other:0.88|0.99|0.93, company:0.87|0.82|0.84, address:0.99|0.61|0.75, date:0.87|0.41|0.56, total:0.90|0.25|0.39
epoch:29, loss: 0.2436310604766563, other:0.86|1.00|0.92, company:0.92|0.79|0.85, address:0.98|0.64|0.77, date:0.90|0.36|0.51, total:0.94|0.22|0.35
epoch:30, loss: 0.2442415781595089, other:0.88|0.99|0.93, company:0.87|0.82|0.84, address:0.99|0.64|0.77, date:0.90|0.36|0.51, total:0.89|0.26|0.40
epoch:31, loss: 0.23197009221271234, other:0.88|0.99|0.93, company:0.89|0.82|0.86, address:0.99|0.66|0.79, date:0.87|0.42|0.56, total:0.93|0.23|0.37
epoch:32, loss: 0.2397618547633842, other:0.88|0.99|0.93, company:0.89|0.77|0.83, address:0.98|0.66|0.79, date:0.90|0.37|0.53, total:0.91|0.24|0.38
epoch:33, loss: 0.22405389779143864, other:0.88|0.99|0.94, company:0.92|0.81|0.86, address:0.99|0.63|0.77, date:0.90|0.41|0.56, total:0.90|0.26|0.40
epoch:34, loss: 0.23424096626264077, other:0.86|1.00|0.92, company:0.92|0.80|0.86, address:0.98|0.68|0.80, date:0.92|0.35|0.51, total:0.96|0.21|0.34
epoch:35, loss: 0.2158194057367466, other:0.90|0.99|0.94, company:0.94|0.80|0.86, address:0.99|0.68|0.81, date:0.92|0.40|0.56, total:0.87|0.29|0.44
epoch:36, loss: 0.22219886492799829, other:0.88|1.00|0.94, company:0.94|0.78|0.85, address:0.99|0.63|0.77, date:0.90|0.44|0.59, total:0.92|0.26|0.40
epoch:37, loss: 0.2309111754099528, other:0.86|1.00|0.92, company:0.90|0.83|0.86, address:0.98|0.68|0.80, date:0.92|0.39|0.55, total:0.97|0.20|0.34
epoch:38, loss: 0.22353792632067646, other:0.88|0.99|0.94, company:0.88|0.81|0.84, address:0.99|0.63|0.77, date:0.91|0.40|0.56, total:0.89|0.27|0.41
epoch:39, loss: 0.22015573857007203, other:0.88|1.00|0.94, company:0.90|0.79|0.84, address:0.99|0.62|0.77, date:0.92|0.39|0.55, total:0.90|0.27|0.42
epoch:40, loss: 0.21635486075171717, other:0.87|1.00|0.93, company:0.94|0.80|0.86, address:0.99|0.63|0.77, date:0.93|0.39|0.55, total:0.93|0.25|0.39
epoch:41, loss: 0.21627142252745452, other:0.90|0.99|0.94, company:0.89|0.83|0.86, address:0.98|0.68|0.80, date:0.91|0.42|0.57, total:0.89|0.29|0.44
epoch:42, loss: 0.2090187602572971, other:0.89|1.00|0.94, company:0.92|0.82|0.87, address:0.99|0.68|0.80, date:0.92|0.43|0.58, total:0.93|0.26|0.40
epoch:43, loss: 0.20295200524506746, other:0.90|0.99|0.95, company:0.91|0.81|0.86, address:0.98|0.70|0.82, date:0.91|0.43|0.58, total:0.89|0.30|0.45
epoch:44, loss: 0.2095552451080746, other:0.88|1.00|0.94, company:0.93|0.82|0.87, address:0.99|0.70|0.82, date:0.93|0.37|0.53, total:0.94|0.26|0.40
epoch:45, loss: 0.1962422220795243, other:0.90|1.00|0.94, company:0.92|0.82|0.87, address:0.99|0.65|0.79, date:0.93|0.46|0.61, total:0.92|0.29|0.44
epoch:46, loss: 0.2005101337477013, other:0.90|1.00|0.94, company:0.91|0.83|0.86, address:0.98|0.72|0.83, date:0.93|0.44|0.59, total:0.94|0.27|0.42
epoch:47, loss: 0.1904514796204037, other:0.89|1.00|0.94, company:0.93|0.81|0.87, address:0.99|0.69|0.81, date:0.94|0.44|0.60, total:0.93|0.27|0.42
epoch:48, loss: 0.20669137051811926, other:0.90|1.00|0.94, company:0.90|0.83|0.86, address:0.98|0.71|0.82, date:0.93|0.44|0.59, total:0.93|0.27|0.41
epoch:49, loss: 0.19388538267877367, other:0.89|1.00|0.94, company:0.95|0.78|0.86, address:0.99|0.67|0.80, date:0.93|0.43|0.58, total:0.95|0.27|0.42
epoch:50, loss: 0.19269633182772883, other:0.90|1.00|0.95, company:0.92|0.82|0.86, address:0.98|0.73|0.84, date:0.93|0.45|0.61, total:0.93|0.28|0.43
epoch:51, loss: 0.18539797431892818, other:0.90|1.00|0.95, company:0.92|0.82|0.86, address:0.99|0.68|0.81, date:0.93|0.48|0.63, total:0.91|0.30|0.45
epoch:52, loss: 0.18691583915993018, other:0.90|1.00|0.94, company:0.92|0.81|0.86, address:0.99|0.71|0.83, date:0.94|0.43|0.60, total:0.94|0.28|0.43
epoch:53, loss: 0.19343225326802996, other:0.90|1.00|0.94, company:0.90|0.84|0.87, address:0.99|0.71|0.83, date:0.94|0.45|0.61, total:0.95|0.27|0.42
epoch:54, loss: 0.18187594413757324, other:0.91|1.00|0.95, company:0.92|0.83|0.87, address:0.98|0.76|0.85, date:0.94|0.48|0.63, total:0.94|0.28|0.43
epoch:55, loss: 0.18059988209494837, other:0.90|1.00|0.94, company:0.96|0.79|0.87, address:0.98|0.77|0.86, date:0.95|0.44|0.60, total:0.96|0.27|0.42
epoch:56, loss: 0.18948460673844372, other:0.90|1.00|0.94, company:0.93|0.82|0.87, address:0.98|0.72|0.83, date:0.95|0.43|0.59, total:0.95|0.28|0.43
epoch:57, loss: 0.19167293166672741, other:0.91|1.00|0.95, company:0.90|0.84|0.87, address:0.98|0.70|0.82, date:0.94|0.46|0.62, total:0.93|0.30|0.45
epoch:58, loss: 0.17751184906120654, other:0.89|1.00|0.94, company:0.96|0.79|0.87, address:0.99|0.70|0.82, date:0.95|0.45|0.61, total:0.96|0.28|0.43
epoch:59, loss: 0.2078604480182683, other:0.91|1.00|0.95, company:0.86|0.84|0.85, address:0.97|0.72|0.83, date:0.94|0.45|0.61, total:0.94|0.29|0.45
epoch:60, loss: 0.1847177920518098, other:0.91|1.00|0.95, company:0.91|0.82|0.87, address:0.98|0.74|0.84, date:0.94|0.47|0.63, total:0.93|0.29|0.44
epoch:61, loss: 0.18096604777706993, other:0.89|1.00|0.94, company:0.93|0.80|0.86, address:0.99|0.68|0.81, date:0.95|0.45|0.61, total:0.96|0.27|0.42
epoch:62, loss: 0.190795405043496, other:0.91|1.00|0.95, company:0.85|0.86|0.85, address:0.99|0.67|0.80, date:0.92|0.51|0.66, total:0.92|0.33|0.48
epoch:63, loss: 0.1731518774672791, other:0.90|1.00|0.94, company:0.96|0.77|0.85, address:0.99|0.70|0.82, date:0.96|0.44|0.60, total:0.95|0.30|0.46
epoch:64, loss: 0.17065921756956312, other:0.90|1.00|0.95, company:0.94|0.82|0.88, address:0.99|0.72|0.83, date:0.96|0.46|0.62, total:0.95|0.28|0.44
epoch:65, loss: 0.16982592366359853, other:0.90|1.00|0.95, company:0.96|0.78|0.86, address:0.99|0.70|0.82, date:0.96|0.46|0.62, total:0.93|0.32|0.47
epoch:66, loss: 0.16352204812897575, other:0.91|1.00|0.95, company:0.95|0.80|0.87, address:0.99|0.74|0.85, date:0.96|0.46|0.62, total:0.93|0.32|0.47
epoch:67, loss: 0.16503603728833022, other:0.91|1.00|0.95, company:0.93|0.81|0.87, address:0.99|0.72|0.83, date:0.96|0.47|0.63, total:0.95|0.30|0.46
epoch:68, loss: 0.1777525097131729, other:0.89|1.00|0.94, company:0.92|0.85|0.88, address:0.99|0.74|0.85, date:0.98|0.39|0.55, total:0.96|0.28|0.44
epoch:69, loss: 0.15607525794594376, other:0.92|1.00|0.96, company:0.96|0.81|0.88, address:0.99|0.74|0.85, date:0.94|0.52|0.67, total:0.94|0.33|0.49
epoch:70, loss: 0.16249765234964866, other:0.90|1.00|0.95, company:0.97|0.77|0.86, address:0.99|0.75|0.85, date:0.97|0.41|0.58, total:0.96|0.30|0.46
epoch:71, loss: 0.16800968652522122, other:0.92|1.00|0.96, company:0.91|0.84|0.87, address:0.98|0.75|0.85, date:0.96|0.48|0.64, total:0.92|0.35|0.51
epoch:72, loss: 0.16484353553365777, other:0.90|1.00|0.95, company:0.95|0.82|0.88, address:0.99|0.78|0.87, date:0.96|0.47|0.63, total:0.96|0.27|0.42
epoch:73, loss: 0.15662386130403588, other:0.91|1.00|0.95, company:0.97|0.79|0.87, address:0.99|0.80|0.88, date:0.96|0.45|0.61, total:0.94|0.33|0.48
epoch:74, loss: 0.17138981018905286, other:0.91|1.00|0.95, company:0.90|0.85|0.87, address:0.98|0.76|0.86, date:0.96|0.47|0.63, total:0.97|0.30|0.45
epoch:75, loss: 0.17373823098562383, other:0.91|1.00|0.95, company:0.90|0.85|0.87, address:0.98|0.77|0.86, date:0.97|0.47|0.63, total:0.96|0.29|0.45
epoch:76, loss: 0.17687257875998816, other:0.89|1.00|0.94, company:0.93|0.83|0.87, address:0.99|0.73|0.84, date:0.98|0.40|0.56, total:0.96|0.28|0.43
epoch:77, loss: 0.1464996470345391, other:0.92|1.00|0.96, company:0.97|0.81|0.88, address:0.99|0.74|0.85, date:0.96|0.52|0.67, total:0.93|0.35|0.51
epoch:78, loss: 0.15034794835028825, other:0.91|1.00|0.95, company:0.96|0.80|0.87, address:1.00|0.71|0.83, date:0.97|0.48|0.64, total:0.94|0.33|0.49
epoch:79, loss: 0.1559284210756973, other:0.90|1.00|0.95, company:0.98|0.79|0.87, address:0.99|0.76|0.86, date:0.97|0.43|0.60, total:0.95|0.29|0.45
epoch:80, loss: 0.15252369752636663, other:0.91|1.00|0.95, company:0.96|0.80|0.87, address:0.99|0.74|0.85, date:0.96|0.50|0.66, total:0.96|0.31|0.47
epoch:81, loss: 0.15482509439742123, other:0.92|1.00|0.96, company:0.93|0.84|0.89, address:0.98|0.79|0.87, date:0.97|0.51|0.67, total:0.95|0.32|0.47
epoch:82, loss: 0.15743873020013174, other:0.90|1.00|0.95, company:0.95|0.84|0.89, address:0.99|0.80|0.88, date:0.98|0.46|0.62, total:0.97|0.27|0.42
epoch:83, loss: 0.15730348036245065, other:0.91|1.00|0.95, company:0.95|0.84|0.89, address:0.99|0.80|0.88, date:0.98|0.41|0.58, total:0.97|0.31|0.47
epoch:84, loss: 0.15626275263450765, other:0.91|1.00|0.95, company:0.93|0.85|0.89, address:0.99|0.79|0.88, date:0.97|0.50|0.66, total:0.97|0.28|0.44
epoch:85, loss: 0.1603040388888783, other:0.91|1.00|0.95, company:0.96|0.81|0.87, address:0.99|0.78|0.87, date:0.98|0.48|0.64, total:0.95|0.28|0.43
epoch:86, loss: 0.14762801704583345, other:0.91|1.00|0.95, company:0.96|0.82|0.88, address:0.99|0.75|0.85, date:0.98|0.45|0.61, total:0.96|0.33|0.49
epoch:87, loss: 0.15088724069021367, other:0.91|1.00|0.95, company:0.94|0.84|0.89, address:0.99|0.78|0.87, date:0.98|0.48|0.64, total:0.97|0.31|0.47
epoch:88, loss: 0.14013190236356524, other:0.93|1.00|0.96, company:0.95|0.84|0.89, address:0.99|0.80|0.89, date:0.97|0.52|0.68, total:0.93|0.37|0.53
epoch:89, loss: 0.14176380220386717, other:0.92|1.00|0.96, company:0.94|0.84|0.89, address:0.99|0.76|0.86, date:0.97|0.52|0.68, total:0.95|0.34|0.50
epoch:90, loss: 0.1385488995799312, other:0.92|1.00|0.96, company:0.96|0.83|0.89, address:0.99|0.80|0.89, date:0.98|0.49|0.65, total:0.94|0.36|0.52
epoch:91, loss: 0.14433260234417739, other:0.91|1.00|0.95, company:0.94|0.83|0.88, address:1.00|0.72|0.84, date:0.96|0.53|0.68, total:0.96|0.32|0.48
epoch:92, loss: 0.1415291980460838, other:0.92|1.00|0.96, company:0.96|0.81|0.88, address:0.99|0.77|0.87, date:0.98|0.50|0.66, total:0.94|0.34|0.50
epoch:93, loss: 0.14193457861741385, other:0.92|1.00|0.96, company:0.95|0.84|0.89, address:0.99|0.78|0.87, date:0.98|0.51|0.67, total:0.97|0.31|0.47
epoch:94, loss: 0.1425200778025168, other:0.91|1.00|0.95, company:0.95|0.82|0.88, address:0.99|0.79|0.88, date:0.99|0.49|0.65, total:0.96|0.30|0.46
epoch:95, loss: 0.13892443505702196, other:0.91|1.00|0.95, company:0.95|0.83|0.89, address:0.99|0.78|0.88, date:0.98|0.52|0.68, total:0.97|0.30|0.46
epoch:96, loss: 0.16208826502164206, other:0.92|1.00|0.96, company:0.90|0.86|0.88, address:0.99|0.76|0.86, date:0.98|0.47|0.63, total:0.92|0.35|0.51
epoch:97, loss: 0.14773357411225638, other:0.92|1.00|0.96, company:0.94|0.84|0.89, address:0.99|0.80|0.89, date:0.98|0.47|0.64, total:0.97|0.32|0.48
epoch:98, loss: 0.13430982331434885, other:0.92|1.00|0.96, company:0.97|0.83|0.90, address:1.00|0.77|0.87, date:0.99|0.49|0.65, total:0.97|0.33|0.49
epoch:99, loss: 0.13462959147161907, other:0.93|1.00|0.96, company:0.95|0.85|0.90, address:0.99|0.81|0.89, date:0.98|0.52|0.68, total:0.95|0.34|0.50
epoch:100, loss: 0.14344144446982277, other:0.92|1.00|0.96, company:0.95|0.84|0.89, address:0.99|0.78|0.88, date:0.98|0.50|0.66, total:0.94|0.34|0.49
epoch:101, loss: 0.14120273568012096, other:0.92|1.00|0.96, company:0.94|0.86|0.90, address:0.99|0.78|0.88, date:0.98|0.51|0.67, total:0.96|0.32|0.48
epoch:102, loss: 0.1411050914062394, other:0.91|1.00|0.95, company:0.97|0.82|0.89, address:0.99|0.78|0.87, date:0.98|0.49|0.65, total:0.98|0.30|0.45
epoch:103, loss: 0.13248253641305147, other:0.92|1.00|0.96, company:0.96|0.85|0.90, address:0.99|0.80|0.89, date:0.99|0.52|0.68, total:0.96|0.34|0.50
epoch:104, loss: 0.1294984240774755, other:0.92|1.00|0.96, company:0.97|0.83|0.90, address:0.99|0.81|0.89, date:0.98|0.53|0.69, total:0.97|0.32|0.48
epoch:105, loss: 0.127189713495749, other:0.92|1.00|0.96, company:0.98|0.83|0.90, address:0.99|0.79|0.88, date:0.98|0.53|0.69, total:0.97|0.33|0.49
epoch:106, loss: 0.12597036637641765, other:0.92|1.00|0.96, company:0.98|0.81|0.89, address:0.99|0.79|0.88, date:0.99|0.53|0.69, total:0.97|0.33|0.50
epoch:107, loss: 0.12524589509875686, other:0.92|1.00|0.96, company:0.98|0.82|0.89, address:0.99|0.78|0.88, date:0.99|0.52|0.68, total:0.97|0.33|0.49
epoch:108, loss: 0.1313267739282714, other:0.93|1.00|0.96, company:0.96|0.85|0.90, address:0.99|0.84|0.91, date:0.98|0.53|0.69, total:0.95|0.36|0.52
epoch:109, loss: 0.12307549268007278, other:0.93|1.00|0.96, company:0.97|0.84|0.90, address:0.99|0.84|0.91, date:0.99|0.52|0.68, total:0.95|0.38|0.54
epoch:110, loss: 0.1200845045623956, other:0.93|1.00|0.96, company:0.98|0.83|0.90, address:0.99|0.81|0.89, date:0.99|0.53|0.69, total:0.97|0.34|0.51
epoch:111, loss: 0.13947059710820517, other:0.91|1.00|0.95, company:0.98|0.77|0.86, address:0.98|0.72|0.83, date:0.99|0.47|0.64, total:0.97|0.34|0.51
epoch:112, loss: 0.13360149854863132, other:0.91|1.00|0.95, company:0.99|0.82|0.89, address:0.99|0.78|0.87, date:0.99|0.45|0.62, total:0.99|0.30|0.47
epoch:113, loss: 0.11851682679520713, other:0.93|1.00|0.96, company:0.98|0.83|0.90, address:0.99|0.80|0.89, date:0.99|0.56|0.71, total:0.96|0.38|0.54
epoch:114, loss: 0.11827143861187829, other:0.93|1.00|0.96, company:0.98|0.81|0.88, address:0.99|0.80|0.88, date:0.99|0.55|0.70, total:0.97|0.35|0.52
epoch:115, loss: 0.12235752299979881, other:0.93|1.00|0.96, company:0.95|0.85|0.90, address:0.99|0.81|0.89, date:0.99|0.51|0.68, total:0.97|0.37|0.54
epoch:116, loss: 0.12363316008338222, other:0.93|1.00|0.96, company:0.96|0.84|0.90, address:0.98|0.84|0.90, date:0.99|0.54|0.70, total:0.96|0.38|0.54
epoch:117, loss: 0.1178440711012593, other:0.93|1.00|0.96, company:0.97|0.83|0.90, address:1.00|0.80|0.89, date:0.99|0.50|0.67, total:0.97|0.37|0.54
epoch:118, loss: 0.12333590371741189, other:0.93|1.00|0.96, company:0.95|0.85|0.90, address:0.99|0.82|0.90, date:0.99|0.52|0.68, total:0.97|0.36|0.52
epoch:119, loss: 0.11259351946689465, other:0.94|1.00|0.97, company:0.97|0.83|0.90, address:0.99|0.84|0.91, date:0.98|0.56|0.71, total:0.95|0.40|0.57
epoch:120, loss: 0.11423882566116474, other:0.94|1.00|0.97, company:0.98|0.84|0.90, address:0.99|0.83|0.90, date:0.99|0.57|0.72, total:0.96|0.39|0.55
epoch:121, loss: 0.11664153000822773, other:0.93|1.00|0.96, company:0.98|0.85|0.91, address:1.00|0.83|0.90, date:0.99|0.55|0.71, total:0.98|0.34|0.50
epoch:122, loss: 0.11785399113540296, other:0.94|1.00|0.97, company:0.95|0.86|0.90, address:0.99|0.82|0.90, date:0.99|0.58|0.73, total:0.97|0.37|0.54
epoch:123, loss: 0.1112318836428501, other:0.93|1.00|0.96, company:0.98|0.83|0.90, address:0.99|0.84|0.91, date:0.99|0.58|0.73, total:0.97|0.36|0.53
epoch:124, loss: 0.13143915131136222, other:0.93|1.00|0.97, company:0.92|0.86|0.89, address:0.99|0.79|0.87, date:0.99|0.57|0.72, total:0.97|0.39|0.56
epoch:125, loss: 0.11096505296451074, other:0.93|1.00|0.96, company:0.99|0.81|0.89, address:1.00|0.82|0.90, date:0.99|0.58|0.73, total:0.97|0.36|0.53
epoch:126, loss: 0.11231966151131524, other:0.93|1.00|0.96, company:0.98|0.82|0.89, address:0.99|0.84|0.91, date:0.99|0.53|0.69, total:0.97|0.37|0.54
epoch:127, loss: 0.11604594384078626, other:0.93|1.00|0.96, company:0.98|0.82|0.89, address:0.99|0.84|0.91, date:0.99|0.53|0.69, total:0.98|0.35|0.52
epoch:128, loss: 0.11999494913551542, other:0.93|1.00|0.96, company:0.96|0.86|0.91, address:1.00|0.82|0.90, date:0.99|0.54|0.69, total:0.97|0.37|0.53
epoch:129, loss: 0.112063553598192, other:0.93|1.00|0.96, company:0.98|0.83|0.90, address:1.00|0.79|0.88, date:0.99|0.52|0.68, total:0.97|0.39|0.56
epoch:130, loss: 0.11654632814504483, other:0.92|1.00|0.96, company:0.99|0.81|0.89, address:1.00|0.80|0.89, date:0.98|0.52|0.68, total:0.98|0.34|0.51
epoch:131, loss: 0.10898587769932216, other:0.93|1.00|0.97, company:0.98|0.85|0.91, address:1.00|0.84|0.91, date:1.00|0.55|0.71, total:0.97|0.37|0.54
epoch:132, loss: 0.11590453844379496, other:0.93|1.00|0.96, company:0.97|0.86|0.91, address:0.99|0.83|0.91, date:0.99|0.60|0.74, total:0.98|0.35|0.51
epoch:133, loss: 0.10711764461464351, other:0.93|1.00|0.96, company:0.98|0.84|0.91, address:1.00|0.82|0.90, date:1.00|0.53|0.69, total:0.97|0.38|0.55
epoch:134, loss: 0.10593111012820844, other:0.94|1.00|0.97, company:0.98|0.87|0.92, address:1.00|0.84|0.91, date:0.99|0.61|0.76, total:0.97|0.37|0.53
epoch:135, loss: 0.11274019187247311, other:0.92|1.00|0.96, company:0.99|0.80|0.89, address:1.00|0.79|0.88, date:1.00|0.53|0.69, total:0.98|0.34|0.51
epoch:136, loss: 0.10793339405898694, other:0.93|1.00|0.97, company:0.98|0.83|0.90, address:0.99|0.85|0.92, date:0.99|0.57|0.73, total:0.98|0.36|0.53
epoch:137, loss: 0.1096307232424065, other:0.93|1.00|0.96, company:0.98|0.85|0.91, address:0.99|0.83|0.90, date:1.00|0.51|0.67, total:0.97|0.39|0.56
epoch:138, loss: 0.10309315831572921, other:0.94|1.00|0.97, company:0.98|0.86|0.92, address:1.00|0.86|0.92, date:0.99|0.58|0.73, total:0.98|0.39|0.56
epoch:139, loss: 0.11665180491076575, other:0.93|1.00|0.96, company:0.97|0.86|0.91, address:1.00|0.83|0.90, date:1.00|0.50|0.66, total:0.96|0.39|0.55
epoch:140, loss: 0.10434303487892505, other:0.93|1.00|0.97, company:0.99|0.79|0.88, address:0.99|0.77|0.87, date:0.99|0.60|0.75, total:0.97|0.41|0.57
epoch:141, loss: 0.10909620589680141, other:0.93|1.00|0.96, company:0.98|0.83|0.90, address:1.00|0.83|0.90, date:0.99|0.52|0.68, total:0.98|0.38|0.55
epoch:142, loss: 0.11108890037845683, other:0.93|1.00|0.96, company:0.98|0.83|0.90, address:1.00|0.79|0.88, date:1.00|0.57|0.72, total:0.99|0.34|0.51
epoch:143, loss: 0.11195328114209352, other:0.93|1.00|0.96, company:0.97|0.85|0.90, address:1.00|0.83|0.90, date:0.99|0.55|0.70, total:0.97|0.36|0.53
epoch:144, loss: 0.11893945435682933, other:0.92|1.00|0.96, company:0.97|0.85|0.91, address:1.00|0.79|0.88, date:0.99|0.52|0.68, total:0.97|0.35|0.51
epoch:145, loss: 0.1108455064672011, other:0.93|1.00|0.96, company:0.98|0.83|0.90, address:0.99|0.82|0.90, date:0.99|0.55|0.71, total:0.98|0.35|0.52
epoch:146, loss: 0.11359090220045161, other:0.92|1.00|0.96, company:0.98|0.83|0.90, address:0.99|0.83|0.91, date:1.00|0.51|0.67, total:0.98|0.32|0.49
epoch:147, loss: 0.09870097303280125, other:0.94|1.00|0.97, company:0.99|0.82|0.90, address:0.99|0.83|0.90, date:0.99|0.61|0.76, total:0.97|0.41|0.57
epoch:148, loss: 0.09904761612415314, other:0.94|1.00|0.97, company:0.99|0.85|0.91, address:0.99|0.84|0.91, date:1.00|0.58|0.73, total:0.98|0.39|0.56
epoch:149, loss: 0.10243193446486085, other:0.94|1.00|0.97, company:0.97|0.85|0.91, address:0.99|0.81|0.89, date:1.00|0.59|0.74, total:0.98|0.42|0.59
epoch:150, loss: 0.09756409680401837, other:0.94|1.00|0.97, company:0.98|0.85|0.91, address:1.00|0.82|0.90, date:1.00|0.61|0.76, total:0.98|0.42|0.59
epoch:151, loss: 0.10274636138368536, other:0.94|1.00|0.97, company:0.97|0.86|0.92, address:1.00|0.83|0.91, date:1.00|0.59|0.74, total:0.98|0.37|0.53
epoch:152, loss: 0.10187509076462851, other:0.94|1.00|0.97, company:0.98|0.86|0.92, address:1.00|0.85|0.92, date:1.00|0.53|0.70, total:0.98|0.41|0.58
epoch:153, loss: 0.10041133645508024, other:0.95|1.00|0.97, company:0.99|0.84|0.91, address:0.99|0.89|0.93, date:0.98|0.61|0.75, total:0.97|0.42|0.59
epoch:154, loss: 0.10298015177249908, other:0.94|1.00|0.97, company:0.98|0.87|0.92, address:0.98|0.89|0.93, date:1.00|0.58|0.73, total:0.99|0.39|0.56
epoch:155, loss: 0.10520557314157486, other:0.94|1.00|0.97, company:0.97|0.86|0.91, address:0.99|0.85|0.92, date:0.99|0.59|0.74, total:0.98|0.37|0.54
epoch:156, loss: 0.09527721449180886, other:0.95|1.00|0.97, company:0.99|0.83|0.91, address:1.00|0.88|0.93, date:1.00|0.56|0.72, total:0.97|0.44|0.60
epoch:157, loss: 0.10116700883264895, other:0.94|1.00|0.97, company:0.98|0.85|0.91, address:1.00|0.85|0.92, date:0.99|0.60|0.74, total:0.97|0.39|0.56
epoch:158, loss: 0.09909971527479312, other:0.95|1.00|0.97, company:0.99|0.86|0.92, address:0.99|0.88|0.93, date:1.00|0.59|0.74, total:0.97|0.44|0.61
epoch:159, loss: 0.09498306681160573, other:0.94|1.00|0.97, company:0.99|0.83|0.90, address:0.99|0.86|0.92, date:1.00|0.57|0.73, total:0.96|0.42|0.59
epoch:160, loss: 0.09582413346679122, other:0.94|1.00|0.97, company:0.98|0.86|0.92, address:0.99|0.86|0.92, date:1.00|0.58|0.73, total:0.99|0.40|0.57
epoch:161, loss: 0.09124946566643538, other:0.94|1.00|0.97, company:1.00|0.83|0.91, address:1.00|0.85|0.92, date:1.00|0.61|0.76, total:0.99|0.39|0.56
epoch:162, loss: 0.10462983200947444, other:0.94|1.00|0.97, company:0.97|0.87|0.91, address:0.99|0.86|0.92, date:1.00|0.57|0.73, total:0.99|0.38|0.55
epoch:163, loss: 0.0881158850259251, other:0.95|1.00|0.97, company:0.99|0.85|0.91, address:1.00|0.85|0.92, date:1.00|0.62|0.76, total:0.98|0.45|0.62
epoch:164, loss: 0.09348263632920054, other:0.94|1.00|0.97, company:0.99|0.83|0.91, address:1.00|0.84|0.91, date:1.00|0.59|0.74, total:0.99|0.37|0.54
epoch:165, loss: 0.08879577906595336, other:0.94|1.00|0.97, company:0.99|0.85|0.92, address:1.00|0.87|0.93, date:0.99|0.64|0.77, total:0.99|0.40|0.57
epoch:166, loss: 0.10547309230875086, other:0.93|1.00|0.97, company:0.99|0.85|0.92, address:0.99|0.89|0.94, date:1.00|0.61|0.76, total:0.99|0.33|0.49
epoch:167, loss: 0.09853816887846699, other:0.94|1.00|0.97, company:0.98|0.86|0.92, address:0.99|0.88|0.93, date:1.00|0.61|0.75, total:0.99|0.37|0.54
epoch:168, loss: 0.08844956879814465, other:0.94|1.00|0.97, company:0.99|0.85|0.92, address:1.00|0.86|0.92, date:1.00|0.62|0.77, total:0.98|0.42|0.59
epoch:169, loss: 0.08955914016675066, other:0.95|1.00|0.97, company:0.98|0.86|0.92, address:1.00|0.86|0.93, date:1.00|0.61|0.76, total:0.99|0.42|0.59
epoch:170, loss: 0.0903121296454359, other:0.94|1.00|0.97, company:0.99|0.86|0.92, address:1.00|0.88|0.93, date:1.00|0.59|0.74, total:0.99|0.41|0.58
epoch:171, loss: 0.08291785184431959, other:0.95|1.00|0.97, company:1.00|0.83|0.90, address:1.00|0.89|0.94, date:1.00|0.64|0.78, total:0.98|0.42|0.59
epoch:172, loss: 0.09075498484351018, other:0.94|1.00|0.97, company:1.00|0.85|0.92, address:1.00|0.86|0.92, date:1.00|0.56|0.72, total:0.99|0.39|0.55
epoch:173, loss: 0.09614744699663585, other:0.94|1.00|0.97, company:0.99|0.86|0.92, address:0.99|0.86|0.92, date:0.99|0.62|0.76, total:0.99|0.38|0.55
epoch:174, loss: 0.08850689811838998, other:0.95|1.00|0.97, company:0.99|0.84|0.91, address:1.00|0.87|0.93, date:1.00|0.56|0.72, total:0.98|0.45|0.62
epoch:175, loss: 0.08871005199573657, other:0.94|1.00|0.97, company:0.99|0.86|0.92, address:1.00|0.85|0.92, date:1.00|0.59|0.74, total:0.98|0.40|0.57
epoch:176, loss: 0.08865973174020096, other:0.94|1.00|0.97, company:0.98|0.84|0.91, address:1.00|0.85|0.92, date:1.00|0.66|0.79, total:0.99|0.38|0.55
epoch:177, loss: 0.09415397241159722, other:0.94|1.00|0.97, company:0.99|0.85|0.91, address:0.99|0.85|0.92, date:1.00|0.58|0.73, total:0.98|0.40|0.57
epoch:178, loss: 0.09254296938026393, other:0.95|1.00|0.97, company:0.99|0.85|0.91, address:1.00|0.88|0.94, date:1.00|0.59|0.74, total:0.98|0.42|0.59
epoch:179, loss: 0.087138913847782, other:0.94|1.00|0.97, company:0.99|0.84|0.91, address:1.00|0.87|0.93, date:1.00|0.59|0.74, total:0.98|0.41|0.58
epoch:180, loss: 0.09468040877470264, other:0.95|1.00|0.97, company:0.98|0.87|0.92, address:0.99|0.87|0.93, date:1.00|0.61|0.76, total:0.99|0.43|0.60
epoch:181, loss: 0.10560088590891273, other:0.95|1.00|0.97, company:0.95|0.87|0.91, address:0.98|0.82|0.89, date:1.00|0.66|0.79, total:0.98|0.45|0.62
epoch:182, loss: 0.0843366734959461, other:0.94|1.00|0.97, company:0.99|0.84|0.91, address:0.99|0.85|0.92, date:1.00|0.59|0.75, total:0.99|0.43|0.60
epoch:183, loss: 0.08270154093150739, other:0.95|1.00|0.98, company:0.98|0.86|0.92, address:1.00|0.86|0.93, date:1.00|0.62|0.76, total:0.98|0.50|0.66
epoch:184, loss: 0.08561725942073045, other:0.94|1.00|0.97, company:0.99|0.85|0.92, address:1.00|0.87|0.93, date:1.00|0.58|0.74, total:0.99|0.41|0.58
epoch:185, loss: 0.08685159545253825, other:0.95|1.00|0.97, company:0.99|0.85|0.92, address:1.00|0.88|0.93, date:1.00|0.65|0.79, total:0.99|0.40|0.57
epoch:186, loss: 0.08604831703835064, other:0.95|1.00|0.97, company:0.99|0.84|0.91, address:1.00|0.88|0.93, date:1.00|0.63|0.77, total:0.98|0.41|0.58
epoch:187, loss: 0.08327088284271734, other:0.95|1.00|0.98, company:0.98|0.86|0.92, address:0.99|0.89|0.94, date:1.00|0.65|0.79, total:0.99|0.46|0.63
epoch:188, loss: 0.08375213640155615, other:0.95|1.00|0.98, company:0.97|0.87|0.92, address:1.00|0.86|0.92, date:1.00|0.63|0.77, total:0.97|0.49|0.65
epoch:189, loss: 0.08953300518570123, other:0.95|1.00|0.97, company:0.99|0.87|0.93, address:0.99|0.89|0.94, date:1.00|0.58|0.73, total:0.99|0.45|0.62
epoch:190, loss: 0.0864301341827269, other:0.94|1.00|0.97, company:0.99|0.85|0.92, address:1.00|0.88|0.93, date:1.00|0.58|0.73, total:0.99|0.41|0.58
epoch:191, loss: 0.08208606323158299, other:0.95|1.00|0.97, company:0.99|0.86|0.92, address:0.99|0.89|0.94, date:1.00|0.64|0.78, total:0.98|0.44|0.60
epoch:192, loss: 0.08488701835826591, other:0.94|1.00|0.97, company:1.00|0.83|0.91, address:1.00|0.85|0.92, date:1.00|0.60|0.75, total:0.99|0.41|0.58
epoch:193, loss: 0.08251268113100971, other:0.95|1.00|0.97, company:0.99|0.86|0.92, address:1.00|0.88|0.93, date:1.00|0.59|0.74, total:0.98|0.46|0.62
epoch:194, loss: 0.07923344122590842, other:0.95|1.00|0.97, company:1.00|0.81|0.89, address:0.99|0.88|0.94, date:1.00|0.62|0.77, total:0.99|0.44|0.61
epoch:195, loss: 0.08934235738383399, other:0.94|1.00|0.97, company:0.99|0.86|0.92, address:1.00|0.86|0.93, date:1.00|0.61|0.75, total:0.99|0.40|0.57
epoch:196, loss: 0.07978792226424923, other:0.95|1.00|0.97, company:0.99|0.87|0.93, address:1.00|0.89|0.94, date:1.00|0.59|0.75, total:0.98|0.46|0.63
epoch:197, loss: 0.08038141109325268, other:0.95|1.00|0.97, company:1.00|0.83|0.91, address:0.99|0.87|0.93, date:1.00|0.62|0.77, total:0.99|0.43|0.60
epoch:198, loss: 0.076895236555073, other:0.95|1.00|0.97, company:0.99|0.85|0.92, address:1.00|0.90|0.95, date:1.00|0.63|0.78, total:0.99|0.44|0.61
epoch:199, loss: 0.07997800851309741, other:0.95|1.00|0.97, company:0.99|0.84|0.91, address:1.00|0.85|0.92, date:1.00|0.65|0.79, total:0.99|0.42|0.59
epoch:200, loss: 0.07785482608057835, other:0.95|1.00|0.97, company:1.00|0.83|0.90, address:0.99|0.87|0.93, date:1.00|0.65|0.79, total:0.99|0.45|0.62
epoch:201, loss: 0.08024259629072966, other:0.95|1.00|0.97, company:0.99|0.85|0.92, address:1.00|0.90|0.95, date:1.00|0.60|0.75, total:0.99|0.42|0.59
epoch:202, loss: 0.07569471401748834, other:0.96|1.00|0.98, company:0.99|0.86|0.92, address:1.00|0.91|0.95, date:1.00|0.64|0.78, total:0.98|0.48|0.65
epoch:203, loss: 0.07242175591764627, other:0.96|1.00|0.98, company:1.00|0.86|0.92, address:1.00|0.90|0.95, date:1.00|0.65|0.79, total:0.99|0.49|0.66
epoch:204, loss: 0.07384921210231604, other:0.96|1.00|0.98, company:0.99|0.85|0.92, address:0.99|0.91|0.95, date:1.00|0.64|0.78, total:0.99|0.47|0.64
epoch:205, loss: 0.07571403820205617, other:0.95|1.00|0.98, company:0.99|0.86|0.92, address:1.00|0.88|0.93, date:1.00|0.62|0.77, total:0.99|0.46|0.63
epoch:206, loss: 0.07672753847307628, other:0.95|1.00|0.97, company:0.99|0.87|0.92, address:1.00|0.89|0.94, date:1.00|0.62|0.76, total:0.99|0.44|0.61
epoch:207, loss: 0.07410659503053736, other:0.95|1.00|0.97, company:1.00|0.83|0.90, address:1.00|0.88|0.93, date:1.00|0.62|0.76, total:0.98|0.48|0.64
epoch:208, loss: 0.07248450194795926, other:0.95|1.00|0.98, company:1.00|0.86|0.92, address:1.00|0.91|0.95, date:1.00|0.65|0.79, total:0.99|0.45|0.62
epoch:209, loss: 0.0758925543891059, other:0.95|1.00|0.97, company:1.00|0.85|0.92, address:1.00|0.87|0.93, date:1.00|0.61|0.75, total:1.00|0.43|0.60
epoch:210, loss: 0.0777721743064898, other:0.95|1.00|0.97, company:1.00|0.86|0.92, address:1.00|0.89|0.94, date:1.00|0.63|0.77, total:0.99|0.41|0.58
epoch:211, loss: 0.07033810116074703, other:0.96|1.00|0.98, company:1.00|0.86|0.93, address:1.00|0.91|0.95, date:1.00|0.65|0.79, total:0.99|0.47|0.64
epoch:212, loss: 0.0706638998731419, other:0.96|1.00|0.98, company:1.00|0.87|0.93, address:1.00|0.91|0.95, date:1.00|0.67|0.80, total:0.99|0.45|0.62
epoch:213, loss: 0.07287671734337453, other:0.95|1.00|0.98, company:1.00|0.87|0.93, address:1.00|0.90|0.95, date:1.00|0.65|0.79, total:0.99|0.44|0.61
epoch:214, loss: 0.07287142080841241, other:0.96|1.00|0.98, company:0.99|0.88|0.93, address:1.00|0.90|0.95, date:1.00|0.65|0.79, total:0.99|0.47|0.64
epoch:215, loss: 0.06906612176034185, other:0.95|1.00|0.98, company:1.00|0.84|0.91, address:1.00|0.90|0.94, date:1.00|0.64|0.78, total:1.00|0.46|0.63
epoch:216, loss: 0.07417021305472762, other:0.95|1.00|0.98, company:0.99|0.88|0.93, address:1.00|0.89|0.94, date:1.00|0.67|0.80, total:0.99|0.45|0.62
epoch:217, loss: 0.09480055932093549, other:0.95|1.00|0.97, company:0.98|0.87|0.92, address:0.99|0.85|0.92, date:1.00|0.60|0.75, total:0.98|0.44|0.61
epoch:218, loss: 0.0791359909430698, other:0.95|1.00|0.98, company:0.98|0.88|0.93, address:1.00|0.89|0.94, date:1.00|0.66|0.80, total:0.99|0.44|0.61
epoch:219, loss: 0.08194579322029043, other:0.94|1.00|0.97, company:1.00|0.83|0.91, address:0.99|0.91|0.95, date:1.00|0.59|0.74, total:0.99|0.41|0.58
epoch:220, loss: 0.07808913152526926, other:0.95|1.00|0.97, company:1.00|0.85|0.92, address:1.00|0.87|0.93, date:1.00|0.60|0.75, total:0.99|0.45|0.62
epoch:221, loss: 0.07197175188748925, other:0.95|1.00|0.98, company:1.00|0.87|0.93, address:1.00|0.90|0.94, date:1.00|0.63|0.77, total:0.99|0.48|0.64
epoch:222, loss: 0.07759758181594036, other:0.95|1.00|0.97, company:1.00|0.87|0.93, address:1.00|0.91|0.95, date:1.00|0.60|0.75, total:1.00|0.44|0.61
epoch:223, loss: 0.07080185109818424, other:0.95|1.00|0.98, company:1.00|0.86|0.92, address:1.00|0.91|0.95, date:1.00|0.64|0.78, total:0.99|0.47|0.63
epoch:224, loss: 0.07232032012608317, other:0.96|1.00|0.98, company:0.99|0.89|0.94, address:1.00|0.91|0.95, date:1.00|0.68|0.81, total:0.99|0.47|0.63
epoch:225, loss: 0.0680383981929885, other:0.96|1.00|0.98, company:0.99|0.88|0.93, address:1.00|0.92|0.96, date:1.00|0.68|0.81, total:0.99|0.48|0.64
epoch:226, loss: 0.0692846554296988, other:0.96|1.00|0.98, company:1.00|0.86|0.93, address:1.00|0.90|0.94, date:1.00|0.64|0.78, total:0.99|0.49|0.66
epoch:227, loss: 0.07471219464032738, other:0.95|1.00|0.98, company:0.98|0.89|0.93, address:0.99|0.90|0.94, date:1.00|0.65|0.78, total:1.00|0.45|0.62
epoch:228, loss: 0.06902376838304379, other:0.96|1.00|0.98, company:1.00|0.87|0.93, address:1.00|0.89|0.94, date:1.00|0.59|0.74, total:0.99|0.54|0.70
epoch:229, loss: 0.06680984243198677, other:0.96|1.00|0.98, company:1.00|0.88|0.93, address:1.00|0.90|0.95, date:1.00|0.73|0.84, total:1.00|0.44|0.61
epoch:230, loss: 0.07923234930192982, other:0.94|1.00|0.97, company:1.00|0.83|0.91, address:1.00|0.87|0.93, date:1.00|0.54|0.70, total:0.99|0.44|0.61
epoch:231, loss: 0.0714271114104324, other:0.95|1.00|0.98, company:1.00|0.87|0.93, address:1.00|0.90|0.95, date:1.00|0.66|0.79, total:0.99|0.46|0.63
epoch:232, loss: 0.07242060231941717, other:0.95|1.00|0.97, company:0.99|0.87|0.93, address:1.00|0.90|0.95, date:1.00|0.65|0.79, total:1.00|0.42|0.59
epoch:233, loss: 0.07734184229263553, other:0.95|1.00|0.97, company:1.00|0.86|0.93, address:1.00|0.90|0.95, date:1.00|0.62|0.77, total:0.98|0.45|0.61
epoch:234, loss: 0.06854852054406095, other:0.95|1.00|0.98, company:1.00|0.87|0.93, address:1.00|0.92|0.96, date:1.00|0.66|0.80, total:1.00|0.44|0.61
epoch:235, loss: 0.0730114536428893, other:0.95|1.00|0.97, company:1.00|0.84|0.91, address:1.00|0.88|0.94, date:1.00|0.66|0.80, total:1.00|0.41|0.58
epoch:236, loss: 0.07350808961523904, other:0.95|1.00|0.97, company:1.00|0.84|0.91, address:1.00|0.87|0.93, date:1.00|0.62|0.76, total:1.00|0.44|0.61
epoch:237, loss: 0.07229248972402678, other:0.96|1.00|0.98, company:0.99|0.88|0.93, address:1.00|0.90|0.95, date:1.00|0.62|0.77, total:0.99|0.50|0.66
epoch:238, loss: 0.06650992841632278, other:0.96|1.00|0.98, company:0.99|0.88|0.93, address:1.00|0.90|0.95, date:1.00|0.67|0.81, total:0.99|0.49|0.66
epoch:239, loss: 0.07152680942305813, other:0.95|1.00|0.97, company:1.00|0.87|0.93, address:1.00|0.89|0.94, date:1.00|0.63|0.77, total:1.00|0.45|0.62
epoch:240, loss: 0.08352433338209435, other:0.94|1.00|0.97, company:1.00|0.84|0.91, address:1.00|0.88|0.93, date:1.00|0.59|0.74, total:1.00|0.38|0.55
epoch:241, loss: 0.06746858717114837, other:0.96|1.00|0.98, company:1.00|0.88|0.94, address:1.00|0.93|0.96, date:1.00|0.67|0.80, total:0.99|0.49|0.66
epoch:242, loss: 0.07501800316903326, other:0.95|1.00|0.98, company:0.99|0.88|0.93, address:1.00|0.91|0.95, date:1.00|0.63|0.77, total:0.99|0.44|0.61
epoch:243, loss: 0.08011811902677571, other:0.94|1.00|0.97, company:0.99|0.85|0.91, address:1.00|0.86|0.92, date:1.00|0.63|0.77, total:1.00|0.40|0.57
epoch:244, loss: 0.07149717018560127, other:0.95|1.00|0.97, company:1.00|0.85|0.92, address:1.00|0.86|0.93, date:1.00|0.65|0.79, total:0.99|0.44|0.61
epoch:245, loss: 0.06566600073818807, other:0.96|1.00|0.98, company:1.00|0.87|0.93, address:1.00|0.91|0.95, date:1.00|0.66|0.80, total:1.00|0.48|0.65
epoch:246, loss: 0.06187977076128677, other:0.96|1.00|0.98, company:1.00|0.86|0.92, address:1.00|0.93|0.96, date:1.00|0.69|0.82, total:1.00|0.48|0.65
epoch:247, loss: 0.06302535119983885, other:0.96|1.00|0.98, company:0.99|0.87|0.93, address:1.00|0.91|0.95, date:1.00|0.68|0.81, total:1.00|0.48|0.64
epoch:248, loss: 0.06143475903405084, other:0.96|1.00|0.98, company:1.00|0.88|0.93, address:1.00|0.91|0.95, date:1.00|0.68|0.81, total:1.00|0.50|0.66
epoch:249, loss: 0.061591281521099585, other:0.96|1.00|0.98, company:1.00|0.89|0.94, address:1.00|0.90|0.95, date:1.00|0.65|0.79, total:0.99|0.51|0.68
epoch:250, loss: 0.06336027011275291, other:0.96|1.00|0.98, company:1.00|0.87|0.93, address:1.00|0.91|0.95, date:1.00|0.67|0.80, total:0.99|0.50|0.66
epoch:251, loss: 0.06422195721555639, other:0.95|1.00|0.98, company:1.00|0.84|0.91, address:1.00|0.90|0.95, date:1.00|0.65|0.79, total:1.00|0.46|0.63
epoch:252, loss: 0.062017417754288075, other:0.96|1.00|0.98, company:1.00|0.89|0.94, address:1.00|0.92|0.96, date:1.00|0.69|0.81, total:0.99|0.48|0.65
epoch:253, loss: 0.06508964244966153, other:0.96|1.00|0.98, company:1.00|0.87|0.93, address:1.00|0.92|0.96, date:1.00|0.68|0.81, total:0.99|0.48|0.64
epoch:254, loss: 0.06396176941968777, other:0.96|1.00|0.98, company:1.00|0.88|0.93, address:1.00|0.88|0.93, date:1.00|0.71|0.83, total:1.00|0.47|0.64
epoch:255, loss: 0.0844910778105259, other:0.95|1.00|0.97, company:0.97|0.88|0.92, address:1.00|0.87|0.93, date:1.00|0.62|0.76, total:1.00|0.41|0.58
epoch:256, loss: 0.08319970275516864, other:0.95|1.00|0.97, company:1.00|0.85|0.92, address:1.00|0.90|0.95, date:1.00|0.64|0.78, total:0.95|0.43|0.59
epoch:257, loss: 0.06873736433960774, other:0.96|1.00|0.98, company:1.00|0.88|0.94, address:1.00|0.91|0.95, date:1.00|0.69|0.82, total:0.98|0.49|0.65
epoch:258, loss: 0.06245631890164481, other:0.96|1.00|0.98, company:1.00|0.88|0.93, address:1.00|0.92|0.95, date:1.00|0.67|0.80, total:0.99|0.51|0.67
epoch:259, loss: 0.06507754256879841, other:0.96|1.00|0.98, company:1.00|0.87|0.93, address:1.00|0.91|0.95, date:1.00|0.67|0.80, total:0.99|0.50|0.66
epoch:260, loss: 0.06241410156642949, other:0.96|1.00|0.98, company:0.99|0.89|0.94, address:0.99|0.93|0.96, date:1.00|0.71|0.83, total:1.00|0.48|0.65
epoch:261, loss: 0.07033583673614043, other:0.95|1.00|0.98, company:0.99|0.90|0.94, address:1.00|0.90|0.94, date:1.00|0.70|0.82, total:1.00|0.43|0.60
epoch:262, loss: 0.06082816573756712, other:0.96|1.00|0.98, company:1.00|0.88|0.93, address:1.00|0.92|0.95, date:1.00|0.71|0.83, total:1.00|0.49|0.65
epoch:263, loss: 0.06024322148274492, other:0.96|1.00|0.98, company:1.00|0.87|0.93, address:1.00|0.90|0.94, date:1.00|0.70|0.82, total:1.00|0.47|0.64
epoch:264, loss: 0.06000192628966437, other:0.96|1.00|0.98, company:1.00|0.88|0.94, address:1.00|0.89|0.94, date:1.00|0.69|0.82, total:0.99|0.51|0.67
epoch:265, loss: 0.0624564945421837, other:0.96|1.00|0.98, company:0.99|0.90|0.94, address:1.00|0.90|0.95, date:1.00|0.69|0.81, total:0.99|0.55|0.70
epoch:266, loss: 0.06372283178347128, other:0.96|1.00|0.98, company:1.00|0.88|0.93, address:1.00|0.90|0.95, date:1.00|0.66|0.79, total:0.99|0.49|0.66
epoch:267, loss: 0.06363859924453276, other:0.95|1.00|0.98, company:1.00|0.86|0.92, address:1.00|0.90|0.95, date:1.00|0.65|0.78, total:1.00|0.46|0.63
epoch:268, loss: 0.0618485513108748, other:0.96|1.00|0.98, company:1.00|0.87|0.93, address:1.00|0.91|0.95, date:1.00|0.64|0.78, total:1.00|0.47|0.64
epoch:269, loss: 0.06824754978771563, other:0.95|1.00|0.98, company:1.00|0.89|0.94, address:1.00|0.91|0.95, date:1.00|0.65|0.79, total:1.00|0.43|0.60
epoch:270, loss: 0.0846180724049056, other:0.95|1.00|0.97, company:1.00|0.86|0.92, address:1.00|0.84|0.91, date:1.00|0.71|0.83, total:0.92|0.43|0.59
epoch:271, loss: 0.07929751014819851, other:0.95|1.00|0.97, company:1.00|0.89|0.94, address:1.00|0.90|0.95, date:1.00|0.68|0.81, total:0.97|0.39|0.56
epoch:272, loss: 0.07687734012250547, other:0.95|1.00|0.98, company:0.99|0.88|0.93, address:1.00|0.90|0.95, date:1.00|0.67|0.80, total:0.97|0.44|0.61
epoch:273, loss: 0.06842077413090954, other:0.96|1.00|0.98, company:0.99|0.87|0.93, address:1.00|0.90|0.94, date:1.00|0.68|0.81, total:0.97|0.52|0.68
epoch:274, loss: 0.0652901425405785, other:0.96|1.00|0.98, company:0.98|0.90|0.94, address:1.00|0.89|0.94, date:1.00|0.70|0.83, total:0.99|0.49|0.66
epoch:275, loss: 0.05945045680359558, other:0.96|1.00|0.98, company:1.00|0.88|0.93, address:1.00|0.89|0.94, date:1.00|0.71|0.83, total:0.99|0.51|0.67
epoch:276, loss: 0.05698857966948439, other:0.96|1.00|0.98, company:1.00|0.90|0.94, address:1.00|0.91|0.95, date:1.00|0.71|0.83, total:0.99|0.51|0.67
epoch:277, loss: 0.059624243113729686, other:0.96|1.00|0.98, company:1.00|0.89|0.94, address:1.00|0.93|0.96, date:1.00|0.71|0.83, total:0.99|0.52|0.68
epoch:278, loss: 0.05936177778575155, other:0.96|1.00|0.98, company:1.00|0.87|0.93, address:1.00|0.91|0.95, date:1.00|0.70|0.82, total:0.99|0.49|0.66
epoch:279, loss: 0.059305604133341044, other:0.96|1.00|0.98, company:1.00|0.86|0.93, address:1.00|0.91|0.95, date:1.00|0.71|0.83, total:1.00|0.48|0.65
epoch:280, loss: 0.05632827665518831, other:0.96|1.00|0.98, company:1.00|0.88|0.94, address:1.00|0.93|0.96, date:1.00|0.69|0.81, total:0.99|0.52|0.68
epoch:281, loss: 0.06245072751685425, other:0.96|1.00|0.98, company:0.99|0.90|0.94, address:1.00|0.90|0.95, date:1.00|0.70|0.82, total:0.99|0.53|0.69
epoch:282, loss: 0.05916150424767424, other:0.97|1.00|0.98, company:1.00|0.87|0.93, address:1.00|0.93|0.96, date:1.00|0.69|0.81, total:0.99|0.55|0.70
epoch:283, loss: 0.05997324224423479, other:0.96|1.00|0.98, company:0.99|0.88|0.93, address:1.00|0.90|0.95, date:1.00|0.69|0.82, total:0.99|0.52|0.68
epoch:284, loss: 0.06223381296903999, other:0.96|1.00|0.98, company:1.00|0.87|0.93, address:1.00|0.91|0.95, date:1.00|0.65|0.79, total:0.99|0.50|0.67
epoch:285, loss: 0.06303922804417433, other:0.96|1.00|0.98, company:1.00|0.89|0.94, address:1.00|0.92|0.96, date:1.00|0.69|0.82, total:0.99|0.49|0.66
epoch:286, loss: 0.06605517947011524, other:0.96|1.00|0.98, company:1.00|0.87|0.93, address:1.00|0.91|0.95, date:1.00|0.71|0.83, total:1.00|0.44|0.61
epoch:287, loss: 0.05658673426067388, other:0.96|1.00|0.98, company:1.00|0.89|0.94, address:1.00|0.92|0.96, date:1.00|0.71|0.83, total:0.99|0.51|0.67
epoch:288, loss: 0.057244739322750655, other:0.96|1.00|0.98, company:1.00|0.89|0.94, address:1.00|0.92|0.96, date:1.00|0.70|0.82, total:1.00|0.52|0.68
epoch:289, loss: 0.0563471206912288, other:0.96|1.00|0.98, company:1.00|0.88|0.93, address:1.00|0.92|0.96, date:1.00|0.71|0.83, total:0.99|0.48|0.65
epoch:290, loss: 0.05600817929263468, other:0.96|1.00|0.98, company:1.00|0.88|0.93, address:1.00|0.91|0.95, date:1.00|0.71|0.83, total:0.99|0.50|0.67
epoch:291, loss: 0.057109079151241866, other:0.96|1.00|0.98, company:1.00|0.89|0.94, address:1.00|0.92|0.96, date:1.00|0.67|0.80, total:0.99|0.52|0.68
epoch:292, loss: 0.0574906342835338, other:0.96|1.00|0.98, company:1.00|0.87|0.93, address:1.00|0.92|0.96, date:1.00|0.71|0.83, total:0.99|0.51|0.67
epoch:293, loss: 0.06171555113461283, other:0.96|1.00|0.98, company:1.00|0.88|0.94, address:1.00|0.92|0.95, date:1.00|0.69|0.82, total:0.99|0.50|0.66
epoch:294, loss: 0.053857094435780135, other:0.97|1.00|0.98, company:1.00|0.89|0.94, address:1.00|0.93|0.96, date:1.00|0.72|0.84, total:1.00|0.53|0.69
epoch:295, loss: 0.05161337947679891, other:0.97|1.00|0.98, company:1.00|0.89|0.94, address:1.00|0.93|0.96, date:1.00|0.70|0.82, total:0.99|0.58|0.73
epoch:296, loss: 0.05576592683792114, other:0.97|1.00|0.98, company:1.00|0.90|0.95, address:1.00|0.92|0.96, date:1.00|0.70|0.82, total:1.00|0.58|0.73
epoch:297, loss: 0.05218162718746397, other:0.97|1.00|0.98, company:1.00|0.87|0.93, address:1.00|0.93|0.96, date:1.00|0.69|0.82, total:1.00|0.56|0.72
epoch:298, loss: 0.05286560980258165, other:0.97|1.00|0.98, company:1.00|0.88|0.94, address:1.00|0.93|0.96, date:1.00|0.73|0.84, total:1.00|0.52|0.68
epoch:299, loss: 0.053515785477227636, other:0.97|1.00|0.98, company:1.00|0.90|0.94, address:1.00|0.91|0.95, date:1.00|0.67|0.80, total:1.00|0.56|0.72
