epoch:0, loss: 1.408671878002308, other:1.00|0.89|0.94, company:0.00|0.00|0.00, address:0.00|0.00|0.00, date:0.00|0.00|0.00, total:0.00|0.00|0.00
epoch:1, loss: 1.0467280215687222, other:0.99|0.92|0.95, company:0.00|0.00|0.00, address:0.36|0.50|0.42, date:0.00|0.00|0.00, total:0.01|0.24|0.02
epoch:2, loss: 0.6900550149105213, other:0.90|0.96|0.93, company:0.22|0.69|0.34, address:0.92|0.39|0.54, date:0.01|0.19|0.02, total:0.36|0.16|0.22
epoch:3, loss: 0.6062442969392847, other:0.83|0.98|0.90, company:0.44|0.71|0.54, address:0.94|0.37|0.54, date:0.22|0.28|0.25, total:0.68|0.14|0.24
epoch:4, loss: 0.5445256034533182, other:0.83|0.98|0.90, company:0.68|0.66|0.67, address:0.88|0.42|0.57, date:0.40|0.28|0.33, total:0.73|0.15|0.24
epoch:5, loss: 0.507643825478024, other:0.80|0.99|0.88, company:0.72|0.71|0.72, address:0.92|0.42|0.58, date:0.50|0.28|0.36, total:0.87|0.15|0.25
epoch:6, loss: 0.49491575249919184, other:0.81|0.99|0.89, company:0.88|0.60|0.71, address:0.85|0.41|0.55, date:0.60|0.29|0.39, total:0.83|0.17|0.28
epoch:7, loss: 0.45631923167793836, other:0.81|0.99|0.89, company:0.67|0.77|0.71, address:0.97|0.45|0.62, date:0.63|0.27|0.38, total:0.88|0.16|0.27
epoch:8, loss: 0.4312569245144173, other:0.81|0.99|0.89, company:0.82|0.73|0.77, address:0.93|0.44|0.60, date:0.60|0.34|0.43, total:0.87|0.16|0.27
epoch:9, loss: 0.4101052096596471, other:0.84|0.99|0.91, company:0.74|0.79|0.77, address:0.95|0.50|0.65, date:0.71|0.28|0.41, total:0.82|0.19|0.31
epoch:10, loss: 0.40134375625186497, other:0.81|0.99|0.89, company:0.75|0.80|0.77, address:0.98|0.46|0.63, date:0.72|0.30|0.42, total:0.89|0.17|0.28
epoch:11, loss: 0.38549055766176293, other:0.82|0.99|0.89, company:0.83|0.78|0.81, address:0.97|0.47|0.63, date:0.76|0.27|0.40, total:0.86|0.19|0.31
epoch:12, loss: 0.3655132596139555, other:0.83|0.99|0.90, company:0.80|0.79|0.79, address:0.97|0.49|0.65, date:0.75|0.29|0.42, total:0.86|0.19|0.32
epoch:13, loss: 0.3610129886203342, other:0.81|0.99|0.89, company:0.89|0.71|0.79, address:0.95|0.47|0.63, date:0.76|0.32|0.45, total:0.89|0.17|0.29
epoch:14, loss: 0.3528101963025552, other:0.82|0.99|0.90, company:0.81|0.79|0.80, address:0.98|0.48|0.65, date:0.81|0.28|0.41, total:0.90|0.19|0.31
epoch:15, loss: 0.3326948991528264, other:0.84|0.99|0.91, company:0.84|0.76|0.80, address:0.97|0.51|0.67, date:0.77|0.30|0.44, total:0.87|0.20|0.33
epoch:16, loss: 0.3177437131051664, other:0.84|0.99|0.91, company:0.90|0.72|0.80, address:0.96|0.53|0.68, date:0.80|0.31|0.44, total:0.85|0.22|0.35
epoch:17, loss: 0.3150395811707885, other:0.84|0.99|0.91, company:0.86|0.80|0.83, address:0.97|0.53|0.68, date:0.81|0.33|0.46, total:0.91|0.20|0.33
epoch:18, loss: 0.31540029523549257, other:0.83|0.99|0.91, company:0.87|0.81|0.84, address:0.96|0.54|0.69, date:0.81|0.31|0.45, total:0.94|0.19|0.32
epoch:19, loss: 0.3216989945482325, other:0.83|0.99|0.90, company:0.79|0.81|0.80, address:0.97|0.56|0.71, date:0.88|0.25|0.39, total:0.91|0.20|0.33
epoch:20, loss: 0.31498546843175534, other:0.81|1.00|0.89, company:0.83|0.79|0.81, address:0.98|0.52|0.68, date:0.88|0.29|0.44, total:0.95|0.18|0.30
epoch:21, loss: 0.30062725698506393, other:0.85|0.99|0.91, company:0.86|0.79|0.82, address:0.98|0.53|0.69, date:0.87|0.29|0.43, total:0.86|0.24|0.37
epoch:22, loss: 0.29686057402027977, other:0.86|0.99|0.92, company:0.79|0.80|0.80, address:0.98|0.56|0.71, date:0.82|0.34|0.48, total:0.87|0.21|0.34
epoch:23, loss: 0.3056352326163539, other:0.83|1.00|0.91, company:0.78|0.81|0.79, address:0.99|0.54|0.70, date:0.90|0.31|0.46, total:0.94|0.20|0.33
epoch:24, loss: 0.27912478148937225, other:0.84|0.99|0.91, company:0.88|0.78|0.83, address:0.97|0.60|0.74, date:0.86|0.32|0.46, total:0.94|0.20|0.33
epoch:25, loss: 0.2772639520742275, other:0.84|1.00|0.91, company:0.90|0.76|0.83, address:0.98|0.54|0.70, date:0.88|0.33|0.48, total:0.92|0.21|0.35
epoch:26, loss: 0.2701049342199608, other:0.84|1.00|0.91, company:0.90|0.76|0.82, address:0.98|0.57|0.72, date:0.90|0.32|0.47, total:0.93|0.20|0.33
epoch:27, loss: 0.26754073246761606, other:0.87|0.99|0.93, company:0.84|0.81|0.83, address:0.98|0.58|0.73, date:0.87|0.37|0.52, total:0.89|0.23|0.37
epoch:28, loss: 0.2640930828120973, other:0.84|1.00|0.91, company:0.92|0.73|0.81, address:0.98|0.57|0.72, date:0.90|0.33|0.49, total:0.92|0.21|0.35
epoch:29, loss: 0.2683428995035313, other:0.85|0.99|0.92, company:0.85|0.81|0.83, address:0.97|0.62|0.76, date:0.91|0.34|0.49, total:0.93|0.21|0.34
epoch:30, loss: 0.2687138727417699, other:0.85|1.00|0.92, company:0.85|0.82|0.83, address:0.98|0.60|0.74, date:0.92|0.30|0.46, total:0.91|0.22|0.35
epoch:31, loss: 0.2531697352727254, other:0.85|1.00|0.92, company:0.91|0.78|0.84, address:0.97|0.62|0.75, date:0.91|0.33|0.49, total:0.94|0.22|0.36
epoch:32, loss: 0.2573167852781437, other:0.84|1.00|0.91, company:0.90|0.79|0.84, address:0.99|0.60|0.75, date:0.93|0.35|0.51, total:0.96|0.19|0.32
epoch:33, loss: 0.2523243846716704, other:0.85|1.00|0.92, company:0.93|0.73|0.82, address:0.97|0.58|0.72, date:0.91|0.34|0.50, total:0.93|0.22|0.36
epoch:34, loss: 0.2550934376540007, other:0.85|1.00|0.92, company:0.88|0.76|0.82, address:0.98|0.64|0.78, date:0.93|0.35|0.51, total:0.95|0.20|0.33
epoch:35, loss: 0.2530965391132567, other:0.86|1.00|0.92, company:0.86|0.80|0.83, address:0.99|0.60|0.75, date:0.92|0.34|0.49, total:0.91|0.23|0.37
epoch:36, loss: 0.2511570536428028, other:0.88|0.99|0.93, company:0.83|0.81|0.82, address:0.98|0.64|0.78, date:0.90|0.41|0.57, total:0.91|0.24|0.38
epoch:37, loss: 0.2488936980565389, other:0.86|1.00|0.92, company:0.85|0.83|0.84, address:0.98|0.66|0.79, date:0.93|0.32|0.48, total:0.94|0.22|0.36
epoch:38, loss: 0.2571454456558934, other:0.89|0.99|0.94, company:0.78|0.82|0.80, address:0.97|0.67|0.79, date:0.89|0.43|0.58, total:0.93|0.24|0.38
epoch:39, loss: 0.23729395535257128, other:0.86|1.00|0.92, company:0.89|0.80|0.84, address:0.99|0.63|0.77, date:0.94|0.33|0.49, total:0.94|0.23|0.37
epoch:40, loss: 0.2335335049364302, other:0.88|0.99|0.94, company:0.89|0.81|0.85, address:0.98|0.67|0.79, date:0.94|0.36|0.52, total:0.89|0.27|0.41
epoch:41, loss: 0.23503369203320257, other:0.89|0.99|0.94, company:0.88|0.83|0.85, address:0.98|0.68|0.80, date:0.89|0.40|0.55, total:0.90|0.25|0.40
epoch:42, loss: 0.22468681136767069, other:0.87|1.00|0.93, company:0.92|0.77|0.84, address:0.98|0.69|0.81, date:0.93|0.38|0.54, total:0.93|0.23|0.37
epoch:43, loss: 0.23291876470601117, other:0.88|1.00|0.93, company:0.86|0.79|0.83, address:0.98|0.65|0.78, date:0.93|0.39|0.55, total:0.92|0.24|0.38
epoch:44, loss: 0.22118776705529955, other:0.86|1.00|0.93, company:0.92|0.78|0.85, address:0.99|0.61|0.75, date:0.92|0.41|0.57, total:0.95|0.23|0.37
epoch:45, loss: 0.2352361480394999, other:0.89|0.99|0.94, company:0.84|0.84|0.84, address:0.98|0.69|0.81, date:0.90|0.39|0.55, total:0.90|0.27|0.41
epoch:46, loss: 0.23403223465990136, other:0.86|1.00|0.92, company:0.88|0.81|0.85, address:0.99|0.66|0.79, date:0.95|0.34|0.50, total:0.95|0.23|0.37
epoch:47, loss: 0.21997488372855717, other:0.87|1.00|0.93, company:0.90|0.77|0.83, address:0.99|0.63|0.77, date:0.93|0.39|0.55, total:0.93|0.24|0.38
epoch:48, loss: 0.21315916931187665, other:0.88|1.00|0.93, company:0.94|0.76|0.84, address:0.98|0.67|0.80, date:0.94|0.37|0.53, total:0.90|0.26|0.41
epoch:49, loss: 0.2280786191975629, other:0.87|1.00|0.93, company:0.88|0.82|0.85, address:0.99|0.65|0.78, date:0.94|0.35|0.51, total:0.94|0.25|0.39
epoch:50, loss: 0.2129975618035705, other:0.89|1.00|0.94, company:0.90|0.83|0.87, address:0.98|0.73|0.84, date:0.92|0.39|0.55, total:0.93|0.26|0.41
epoch:51, loss: 0.221642275651296, other:0.88|1.00|0.94, company:0.83|0.82|0.82, address:0.99|0.63|0.77, date:0.94|0.41|0.57, total:0.93|0.26|0.41
epoch:52, loss: 0.20361481275823382, other:0.89|1.00|0.94, company:0.93|0.78|0.85, address:0.98|0.71|0.83, date:0.94|0.38|0.54, total:0.92|0.27|0.42
epoch:53, loss: 0.20744301268347987, other:0.87|1.00|0.93, company:0.95|0.77|0.85, address:0.99|0.64|0.78, date:0.94|0.40|0.56, total:0.95|0.24|0.38
epoch:54, loss: 0.2111844668785731, other:0.89|1.00|0.94, company:0.89|0.81|0.85, address:0.98|0.69|0.81, date:0.93|0.41|0.57, total:0.91|0.27|0.42
epoch:55, loss: 0.2293947532221123, other:0.86|1.00|0.93, company:0.86|0.81|0.83, address:0.99|0.65|0.78, date:0.95|0.34|0.50, total:0.95|0.23|0.38
epoch:56, loss: 0.21006001863214704, other:0.88|1.00|0.93, company:0.94|0.76|0.84, address:0.98|0.68|0.80, date:0.93|0.40|0.56, total:0.93|0.24|0.38
epoch:57, loss: 0.21434702586244653, other:0.90|0.99|0.95, company:0.87|0.83|0.85, address:0.98|0.69|0.81, date:0.92|0.45|0.60, total:0.92|0.29|0.44
epoch:58, loss: 0.20420083238018882, other:0.89|1.00|0.94, company:0.91|0.81|0.85, address:0.99|0.70|0.82, date:0.94|0.38|0.54, total:0.92|0.26|0.41
epoch:59, loss: 0.2056372187755726, other:0.87|1.00|0.93, company:0.93|0.76|0.84, address:0.99|0.67|0.80, date:0.96|0.38|0.54, total:0.95|0.24|0.39
epoch:60, loss: 0.19817940394083658, other:0.89|1.00|0.94, company:0.91|0.74|0.82, address:0.99|0.68|0.81, date:0.94|0.44|0.60, total:0.93|0.26|0.41
epoch:61, loss: 0.19995486625918635, other:0.89|1.00|0.94, company:0.91|0.78|0.84, address:0.99|0.71|0.83, date:0.94|0.41|0.57, total:0.93|0.27|0.42
epoch:62, loss: 0.19077328785702033, other:0.89|1.00|0.94, company:0.93|0.78|0.85, address:0.99|0.70|0.82, date:0.94|0.41|0.57, total:0.95|0.26|0.41
epoch:63, loss: 0.1989075767773169, other:0.89|1.00|0.94, company:0.88|0.81|0.85, address:0.99|0.69|0.81, date:0.95|0.42|0.58, total:0.93|0.28|0.43
epoch:64, loss: 0.19587713148858812, other:0.89|1.00|0.94, company:0.89|0.81|0.85, address:0.99|0.70|0.82, date:0.95|0.41|0.58, total:0.95|0.27|0.42
epoch:65, loss: 0.1895366570463887, other:0.89|1.00|0.94, company:0.93|0.81|0.86, address:0.99|0.70|0.82, date:0.95|0.42|0.58, total:0.95|0.25|0.40
epoch:66, loss: 0.18932556830070638, other:0.89|1.00|0.94, company:0.93|0.72|0.81, address:0.99|0.68|0.81, date:0.95|0.44|0.60, total:0.92|0.27|0.42
epoch:67, loss: 0.19569822097266162, other:0.87|1.00|0.93, company:0.94|0.79|0.86, address:0.99|0.66|0.79, date:0.96|0.37|0.54, total:0.95|0.25|0.39
epoch:68, loss: 0.17938397162490421, other:0.90|1.00|0.95, company:0.94|0.79|0.86, address:0.99|0.73|0.84, date:0.94|0.47|0.62, total:0.92|0.29|0.44
epoch:69, loss: 0.22042174968454573, other:0.89|1.00|0.94, company:0.80|0.83|0.82, address:0.99|0.67|0.80, date:0.96|0.39|0.56, total:0.93|0.28|0.43
epoch:70, loss: 0.18963710522210156, other:0.89|1.00|0.94, company:0.93|0.78|0.85, address:0.99|0.72|0.83, date:0.96|0.41|0.57, total:0.93|0.26|0.41
epoch:71, loss: 0.19034488168027666, other:0.89|1.00|0.94, company:0.90|0.83|0.86, address:0.99|0.71|0.83, date:0.96|0.42|0.59, total:0.94|0.26|0.41
epoch:72, loss: 0.18543167191523094, other:0.89|1.00|0.94, company:0.93|0.82|0.87, address:0.99|0.70|0.82, date:0.95|0.41|0.58, total:0.95|0.26|0.40
epoch:73, loss: 0.176887231292548, other:0.90|1.00|0.94, company:0.94|0.82|0.88, address:0.99|0.71|0.83, date:0.94|0.46|0.62, total:0.94|0.28|0.43
epoch:74, loss: 0.21140246424410078, other:0.90|1.00|0.95, company:0.78|0.82|0.80, address:0.99|0.70|0.82, date:0.95|0.45|0.61, total:0.94|0.27|0.42
epoch:75, loss: 0.1855824393806634, other:0.89|1.00|0.94, company:0.91|0.81|0.86, address:0.99|0.68|0.81, date:0.95|0.42|0.59, total:0.94|0.29|0.44
epoch:76, loss: 0.17627127385801739, other:0.91|1.00|0.95, company:0.92|0.81|0.86, address:0.99|0.70|0.82, date:0.95|0.45|0.61, total:0.89|0.32|0.47
epoch:77, loss: 0.18754250197498887, other:0.88|1.00|0.94, company:0.94|0.80|0.86, address:0.99|0.73|0.84, date:0.97|0.43|0.59, total:0.96|0.24|0.39
epoch:78, loss: 0.1735196797936051, other:0.90|1.00|0.95, company:0.96|0.76|0.85, address:0.99|0.70|0.82, date:0.95|0.47|0.62, total:0.93|0.29|0.44
epoch:79, loss: 0.1810034386537693, other:0.90|1.00|0.94, company:0.91|0.82|0.86, address:0.99|0.71|0.83, date:0.97|0.43|0.59, total:0.94|0.28|0.43
epoch:80, loss: 0.16921093342480836, other:0.90|1.00|0.95, company:0.93|0.83|0.88, address:0.99|0.73|0.84, date:0.97|0.45|0.61, total:0.94|0.28|0.43
epoch:81, loss: 0.17008279981436553, other:0.90|1.00|0.95, company:0.94|0.82|0.87, address:0.99|0.73|0.84, date:0.98|0.43|0.59, total:0.94|0.30|0.45
epoch:82, loss: 0.1687358722642616, other:0.90|1.00|0.95, company:0.94|0.82|0.87, address:0.99|0.74|0.85, date:0.96|0.47|0.63, total:0.95|0.27|0.43
epoch:83, loss: 0.1667924862768915, other:0.91|1.00|0.95, company:0.94|0.81|0.87, address:0.99|0.73|0.84, date:0.97|0.47|0.63, total:0.93|0.30|0.46
epoch:84, loss: 0.2036045640707016, other:0.90|1.00|0.95, company:0.79|0.82|0.80, address:0.99|0.71|0.83, date:0.97|0.45|0.61, total:0.96|0.28|0.43
epoch:85, loss: 0.16700120215062741, other:0.89|1.00|0.94, company:0.94|0.81|0.87, address:0.99|0.72|0.84, date:0.97|0.46|0.63, total:0.96|0.27|0.42
epoch:86, loss: 0.16554063668957464, other:0.89|1.00|0.94, company:0.96|0.77|0.85, address:0.99|0.68|0.81, date:0.97|0.47|0.63, total:0.95|0.28|0.43
epoch:87, loss: 0.1611847667782395, other:0.90|1.00|0.95, company:0.94|0.79|0.86, address:0.99|0.71|0.83, date:0.97|0.47|0.63, total:0.94|0.30|0.46
epoch:88, loss: 0.16955606998116882, other:0.90|1.00|0.95, company:0.91|0.82|0.86, address:0.99|0.74|0.85, date:0.98|0.43|0.60, total:0.96|0.28|0.44
epoch:89, loss: 0.1678554724763941, other:0.89|1.00|0.94, company:0.96|0.79|0.87, address:0.99|0.73|0.84, date:0.98|0.38|0.55, total:0.96|0.28|0.44
epoch:90, loss: 0.15803391376027354, other:0.90|1.00|0.95, company:0.94|0.80|0.87, address:0.99|0.73|0.84, date:0.97|0.48|0.64, total:0.96|0.29|0.44
epoch:91, loss: 0.1613113537982658, other:0.90|1.00|0.94, company:0.96|0.76|0.85, address:0.99|0.74|0.85, date:0.98|0.43|0.60, total:0.95|0.28|0.44
epoch:92, loss: 0.15785998657897668, other:0.91|1.00|0.95, company:0.93|0.84|0.88, address:0.99|0.75|0.85, date:0.98|0.46|0.62, total:0.94|0.31|0.46
epoch:93, loss: 0.15394544960172088, other:0.91|1.00|0.95, company:0.95|0.82|0.88, address:0.99|0.77|0.87, date:0.98|0.47|0.64, total:0.95|0.30|0.45
epoch:94, loss: 0.16347719535783486, other:0.89|1.00|0.94, company:0.93|0.82|0.87, address:1.00|0.72|0.84, date:0.98|0.44|0.61, total:0.97|0.27|0.42
epoch:95, loss: 0.15891348901722166, other:0.90|1.00|0.95, company:0.95|0.79|0.86, address:1.00|0.71|0.83, date:0.98|0.49|0.65, total:0.97|0.28|0.43
epoch:96, loss: 0.153875012088705, other:0.90|1.00|0.95, company:0.94|0.83|0.88, address:0.99|0.74|0.85, date:0.98|0.46|0.63, total:0.96|0.29|0.45
epoch:97, loss: 0.1576616237009013, other:0.89|1.00|0.94, company:0.97|0.78|0.86, address:0.99|0.73|0.84, date:0.98|0.45|0.61, total:0.97|0.27|0.42
epoch:98, loss: 0.16984819620847702, other:0.90|1.00|0.95, company:0.90|0.86|0.88, address:0.99|0.74|0.84, date:0.97|0.47|0.63, total:0.97|0.27|0.43
epoch:99, loss: 0.18045276679374553, other:0.91|1.00|0.95, company:0.86|0.86|0.86, address:0.97|0.76|0.85, date:0.98|0.47|0.63, total:0.95|0.30|0.46
epoch:100, loss: 0.15452686807623617, other:0.91|1.00|0.95, company:0.93|0.81|0.87, address:0.99|0.76|0.86, date:0.99|0.46|0.63, total:0.95|0.32|0.48
epoch:101, loss: 0.1505710951707981, other:0.91|1.00|0.95, company:0.95|0.82|0.88, address:0.99|0.76|0.86, date:0.97|0.48|0.64, total:0.95|0.31|0.47
epoch:102, loss: 0.15345202965868843, other:0.91|1.00|0.95, company:0.94|0.82|0.88, address:1.00|0.74|0.85, date:0.98|0.45|0.62, total:0.96|0.31|0.47
epoch:103, loss: 0.15848739003693615, other:0.89|1.00|0.94, company:0.96|0.81|0.88, address:0.99|0.74|0.85, date:0.99|0.43|0.60, total:0.97|0.27|0.42
epoch:104, loss: 0.15556791341967052, other:0.90|1.00|0.95, company:0.95|0.83|0.88, address:0.99|0.75|0.86, date:0.98|0.46|0.63, total:0.98|0.27|0.43
epoch:105, loss: 0.14404214670260748, other:0.91|1.00|0.95, company:0.96|0.80|0.88, address:0.99|0.76|0.86, date:0.98|0.49|0.65, total:0.96|0.30|0.46
epoch:106, loss: 0.16291712196888747, other:0.90|1.00|0.95, company:0.91|0.86|0.88, address:0.99|0.76|0.86, date:0.98|0.46|0.62, total:0.96|0.28|0.44
epoch:107, loss: 0.16902248009487433, other:0.90|1.00|0.95, company:0.90|0.83|0.86, address:0.99|0.76|0.86, date:0.97|0.49|0.65, total:0.97|0.27|0.42
epoch:108, loss: 0.15332001585651328, other:0.91|1.00|0.95, company:0.94|0.85|0.89, address:0.99|0.80|0.88, date:0.99|0.43|0.60, total:0.96|0.29|0.45
epoch:109, loss: 0.1423257812857628, other:0.91|1.00|0.95, company:0.97|0.78|0.87, address:0.99|0.74|0.85, date:0.97|0.53|0.68, total:0.96|0.32|0.48
epoch:110, loss: 0.1450864984481423, other:0.91|1.00|0.95, company:0.95|0.83|0.88, address:0.99|0.79|0.88, date:0.97|0.52|0.68, total:0.97|0.30|0.46
epoch:111, loss: 0.15721126563019222, other:0.92|1.00|0.95, company:0.92|0.83|0.87, address:0.98|0.79|0.88, date:0.99|0.46|0.62, total:0.95|0.32|0.48
epoch:112, loss: 0.17799133365904843, other:0.91|1.00|0.95, company:0.81|0.84|0.82, address:0.99|0.75|0.85, date:0.99|0.45|0.62, total:0.97|0.30|0.46
epoch:113, loss: 0.1406503681231428, other:0.91|1.00|0.95, company:0.97|0.79|0.87, address:0.99|0.80|0.89, date:0.98|0.49|0.65, total:0.98|0.28|0.44
epoch:114, loss: 0.1346183043939096, other:0.92|1.00|0.96, company:0.96|0.84|0.89, address:1.00|0.76|0.86, date:0.98|0.49|0.66, total:0.95|0.34|0.50
epoch:115, loss: 0.14219397416821233, other:0.91|1.00|0.95, company:0.97|0.82|0.89, address:0.99|0.79|0.88, date:1.00|0.41|0.58, total:0.97|0.32|0.48
epoch:116, loss: 0.13819647994306353, other:0.91|1.00|0.95, company:0.94|0.82|0.88, address:0.99|0.74|0.85, date:0.98|0.53|0.69, total:0.97|0.32|0.48
epoch:117, loss: 0.15296620930786486, other:0.91|1.00|0.95, company:0.90|0.86|0.88, address:0.99|0.76|0.86, date:0.99|0.48|0.64, total:0.97|0.29|0.45
epoch:118, loss: 0.1365593688355552, other:0.91|1.00|0.95, company:0.96|0.80|0.87, address:0.99|0.77|0.87, date:0.99|0.49|0.66, total:0.96|0.31|0.47
epoch:119, loss: 0.15200386969027696, other:0.91|1.00|0.95, company:0.91|0.82|0.86, address:0.99|0.76|0.86, date:0.99|0.49|0.66, total:0.97|0.29|0.44
epoch:120, loss: 0.1350114475245829, other:0.92|1.00|0.96, company:0.96|0.82|0.88, address:0.99|0.78|0.87, date:0.99|0.47|0.63, total:0.95|0.34|0.50
epoch:121, loss: 0.13796521916433616, other:0.91|1.00|0.95, company:0.95|0.83|0.89, address:0.99|0.78|0.87, date:0.99|0.48|0.65, total:0.97|0.30|0.46
epoch:122, loss: 0.135913142727481, other:0.92|1.00|0.96, company:0.95|0.83|0.88, address:0.99|0.78|0.88, date:0.99|0.49|0.66, total:0.97|0.32|0.48
epoch:123, loss: 0.13493202737084142, other:0.91|1.00|0.95, company:0.97|0.82|0.89, address:1.00|0.76|0.86, date:0.99|0.45|0.62, total:0.97|0.32|0.48
epoch:124, loss: 0.14368393078998284, other:0.92|1.00|0.96, company:0.91|0.82|0.87, address:0.99|0.77|0.87, date:0.99|0.48|0.65, total:0.97|0.33|0.49
epoch:125, loss: 0.13173875516211545, other:0.92|1.00|0.96, company:0.95|0.84|0.89, address:1.00|0.77|0.87, date:0.99|0.51|0.68, total:0.97|0.32|0.48
epoch:126, loss: 0.14526720124262352, other:0.91|1.00|0.95, company:0.93|0.85|0.89, address:0.99|0.78|0.87, date:0.99|0.49|0.66, total:0.97|0.31|0.47
epoch:127, loss: 0.13484399544971962, other:0.91|1.00|0.95, company:0.96|0.82|0.88, address:1.00|0.77|0.87, date:0.99|0.50|0.66, total:0.97|0.32|0.48
epoch:128, loss: 0.12961665872070524, other:0.93|1.00|0.96, company:0.96|0.86|0.90, address:0.99|0.81|0.89, date:0.99|0.50|0.67, total:0.97|0.35|0.51
epoch:129, loss: 0.14420454424840431, other:0.92|1.00|0.96, company:0.92|0.85|0.88, address:0.99|0.81|0.89, date:0.99|0.50|0.66, total:0.97|0.31|0.47
epoch:130, loss: 0.1329202445016967, other:0.91|1.00|0.95, company:0.97|0.83|0.90, address:1.00|0.77|0.87, date:0.99|0.47|0.64, total:0.97|0.32|0.48
epoch:131, loss: 0.13170257376299965, other:0.91|1.00|0.95, company:0.97|0.83|0.89, address:0.99|0.79|0.88, date:0.99|0.47|0.63, total:0.98|0.31|0.47
epoch:132, loss: 0.13182009508212408, other:0.91|1.00|0.95, company:0.97|0.83|0.89, address:0.99|0.78|0.88, date:0.99|0.49|0.66, total:0.97|0.30|0.46
epoch:133, loss: 0.14246172181985997, other:0.91|1.00|0.95, company:0.92|0.85|0.88, address:0.99|0.78|0.88, date:0.99|0.49|0.66, total:0.97|0.31|0.46
epoch:134, loss: 0.12191112091143926, other:0.92|1.00|0.96, company:0.98|0.81|0.89, address:1.00|0.79|0.88, date:0.99|0.55|0.71, total:0.97|0.34|0.50
epoch:135, loss: 0.14294953340733493, other:0.92|1.00|0.96, company:0.90|0.85|0.87, address:0.99|0.80|0.88, date:0.99|0.48|0.65, total:0.97|0.34|0.51
epoch:136, loss: 0.12482583853933546, other:0.92|1.00|0.96, company:0.97|0.81|0.89, address:1.00|0.76|0.86, date:0.99|0.49|0.66, total:0.98|0.34|0.50
epoch:137, loss: 0.12003447694910897, other:0.92|1.00|0.96, company:0.98|0.81|0.89, address:1.00|0.78|0.88, date:0.99|0.53|0.69, total:0.97|0.35|0.52
epoch:138, loss: 0.13729556815491784, other:0.92|1.00|0.96, company:0.93|0.86|0.89, address:0.99|0.76|0.86, date:0.99|0.49|0.66, total:0.97|0.32|0.48
epoch:139, loss: 0.12590965711408192, other:0.92|1.00|0.96, company:0.98|0.80|0.88, address:0.99|0.78|0.87, date:1.00|0.49|0.66, total:0.97|0.34|0.50
epoch:140, loss: 0.12449613682649753, other:0.92|1.00|0.96, company:0.96|0.84|0.90, address:1.00|0.78|0.88, date:0.99|0.54|0.70, total:0.97|0.32|0.48
epoch:141, loss: 0.12906744883016305, other:0.91|1.00|0.95, company:0.99|0.74|0.85, address:0.99|0.75|0.86, date:1.00|0.52|0.68, total:0.97|0.33|0.50
epoch:142, loss: 0.12740695310963523, other:0.92|1.00|0.96, company:0.96|0.85|0.90, address:0.99|0.81|0.89, date:1.00|0.44|0.62, total:0.97|0.35|0.52
epoch:143, loss: 0.11876268988406216, other:0.92|1.00|0.96, company:0.97|0.83|0.89, address:1.00|0.77|0.87, date:0.99|0.52|0.69, total:0.98|0.34|0.50
epoch:144, loss: 0.11595275280652223, other:0.93|1.00|0.96, company:0.97|0.84|0.90, address:0.99|0.82|0.90, date:1.00|0.56|0.72, total:0.96|0.35|0.51
epoch:145, loss: 0.12531503703859118, other:0.92|1.00|0.96, company:0.97|0.82|0.89, address:0.99|0.81|0.89, date:1.00|0.51|0.68, total:0.97|0.33|0.49
epoch:146, loss: 0.12154494060410394, other:0.92|1.00|0.96, company:0.98|0.82|0.90, address:1.00|0.78|0.88, date:0.99|0.52|0.68, total:0.98|0.31|0.48
epoch:147, loss: 0.1197335245432677, other:0.92|1.00|0.96, company:0.99|0.77|0.87, address:0.99|0.83|0.91, date:0.99|0.53|0.69, total:0.97|0.33|0.49
epoch:148, loss: 0.12865542979152114, other:0.93|1.00|0.96, company:0.94|0.86|0.90, address:0.98|0.82|0.90, date:0.99|0.53|0.69, total:0.98|0.34|0.51
epoch:149, loss: 0.12232890863109518, other:0.93|1.00|0.96, company:0.95|0.84|0.89, address:0.99|0.81|0.89, date:1.00|0.52|0.69, total:0.97|0.35|0.51
epoch:150, loss: 0.1251971892736576, other:0.92|1.00|0.96, company:0.95|0.85|0.90, address:1.00|0.79|0.88, date:1.00|0.50|0.67, total:0.98|0.34|0.50
epoch:151, loss: 0.11819141716868789, other:0.92|1.00|0.96, company:0.97|0.83|0.90, address:0.99|0.81|0.89, date:1.00|0.53|0.69, total:0.98|0.34|0.50
epoch:152, loss: 0.11409122772790768, other:0.93|1.00|0.96, company:0.98|0.83|0.90, address:0.99|0.80|0.89, date:1.00|0.54|0.70, total:0.98|0.37|0.54
epoch:153, loss: 0.1095343350812241, other:0.93|1.00|0.96, company:0.98|0.83|0.90, address:1.00|0.78|0.88, date:0.99|0.56|0.72, total:0.97|0.38|0.54
epoch:154, loss: 0.11172257805312122, other:0.93|1.00|0.96, company:0.98|0.84|0.90, address:1.00|0.78|0.88, date:1.00|0.57|0.72, total:0.97|0.37|0.53
epoch:155, loss: 0.13261169664285802, other:0.93|1.00|0.96, company:0.89|0.84|0.86, address:0.98|0.79|0.88, date:1.00|0.55|0.71, total:0.97|0.37|0.53
epoch:156, loss: 0.11413697705224708, other:0.93|1.00|0.96, company:0.97|0.85|0.90, address:1.00|0.80|0.89, date:1.00|0.52|0.69, total:0.98|0.37|0.54
epoch:157, loss: 0.11150093762962907, other:0.93|1.00|0.96, company:0.98|0.85|0.91, address:0.99|0.84|0.91, date:1.00|0.52|0.68, total:0.97|0.37|0.53
epoch:158, loss: 0.11966996915914395, other:0.93|1.00|0.96, company:0.98|0.84|0.90, address:0.99|0.85|0.91, date:1.00|0.51|0.68, total:0.97|0.34|0.51
epoch:159, loss: 0.10918325572102158, other:0.93|1.00|0.96, company:0.99|0.83|0.90, address:1.00|0.82|0.90, date:1.00|0.53|0.69, total:0.98|0.36|0.52
epoch:160, loss: 0.1227963806854354, other:0.91|1.00|0.96, company:0.97|0.84|0.90, address:1.00|0.76|0.87, date:1.00|0.49|0.66, total:0.99|0.33|0.49
epoch:161, loss: 0.12060498749768292, other:0.93|1.00|0.96, company:0.94|0.85|0.89, address:1.00|0.80|0.88, date:1.00|0.56|0.71, total:0.97|0.36|0.53
epoch:162, loss: 0.1280306941933102, other:0.94|1.00|0.97, company:0.89|0.86|0.87, address:0.99|0.80|0.89, date:1.00|0.55|0.71, total:0.97|0.39|0.56
epoch:163, loss: 0.1125941378650842, other:0.94|1.00|0.97, company:0.97|0.85|0.91, address:0.99|0.83|0.91, date:1.00|0.56|0.71, total:0.95|0.38|0.55
epoch:164, loss: 0.11569869325116829, other:0.94|1.00|0.97, company:0.95|0.85|0.90, address:0.98|0.86|0.92, date:1.00|0.55|0.71, total:0.96|0.39|0.55
epoch:165, loss: 0.11292368670304616, other:0.92|1.00|0.96, company:0.99|0.80|0.89, address:0.99|0.80|0.88, date:1.00|0.49|0.66, total:0.97|0.37|0.54
epoch:166, loss: 0.11166439481355526, other:0.92|1.00|0.96, company:0.99|0.84|0.91, address:1.00|0.80|0.89, date:1.00|0.52|0.69, total:0.99|0.34|0.51
epoch:167, loss: 0.14706243298671864, other:0.93|1.00|0.96, company:0.87|0.86|0.87, address:0.97|0.79|0.87, date:1.00|0.56|0.71, total:0.99|0.33|0.50
epoch:168, loss: 0.11209043639677542, other:0.92|1.00|0.96, company:0.99|0.79|0.88, address:0.99|0.78|0.88, date:1.00|0.56|0.72, total:0.98|0.35|0.51
epoch:169, loss: 0.11107926319042842, other:0.93|1.00|0.96, company:0.98|0.84|0.90, address:1.00|0.83|0.90, date:1.00|0.54|0.70, total:0.98|0.37|0.53
epoch:170, loss: 0.10972657303015391, other:0.93|1.00|0.96, company:0.99|0.84|0.91, address:1.00|0.83|0.91, date:1.00|0.57|0.73, total:0.97|0.37|0.53
epoch:171, loss: 0.11255100590211374, other:0.92|1.00|0.96, company:0.98|0.83|0.90, address:1.00|0.78|0.88, date:1.00|0.52|0.68, total:0.98|0.36|0.52
epoch:172, loss: 0.11862947322704175, other:0.94|1.00|0.97, company:0.92|0.85|0.89, address:0.99|0.81|0.89, date:0.99|0.61|0.76, total:0.98|0.37|0.54
epoch:173, loss: 0.10655936736751485, other:0.93|1.00|0.96, company:0.98|0.85|0.91, address:1.00|0.81|0.89, date:1.00|0.59|0.74, total:0.99|0.35|0.52
epoch:174, loss: 0.11042969784250965, other:0.93|1.00|0.96, company:0.97|0.85|0.91, address:0.99|0.81|0.89, date:1.00|0.54|0.70, total:0.98|0.38|0.54
epoch:175, loss: 0.1073181833382006, other:0.93|1.00|0.97, company:0.98|0.84|0.90, address:1.00|0.82|0.90, date:1.00|0.54|0.70, total:0.98|0.39|0.56
epoch:176, loss: 0.10475751509269078, other:0.93|1.00|0.96, company:0.98|0.86|0.92, address:1.00|0.84|0.91, date:1.00|0.56|0.71, total:0.99|0.35|0.52
epoch:177, loss: 0.09825888524452846, other:0.94|1.00|0.97, company:0.99|0.83|0.90, address:1.00|0.85|0.92, date:1.00|0.59|0.74, total:0.96|0.40|0.57
epoch:178, loss: 0.10542485393859723, other:0.93|1.00|0.96, company:0.99|0.85|0.92, address:1.00|0.84|0.91, date:1.00|0.55|0.71, total:0.99|0.34|0.50
epoch:179, loss: 0.0994957853798513, other:0.94|1.00|0.97, company:0.98|0.83|0.90, address:1.00|0.83|0.91, date:1.00|0.61|0.76, total:0.99|0.37|0.54
epoch:180, loss: 0.09773990843031141, other:0.94|1.00|0.97, company:0.98|0.86|0.91, address:1.00|0.84|0.91, date:1.00|0.60|0.75, total:0.98|0.38|0.55
epoch:181, loss: 0.1204806993956919, other:0.93|1.00|0.96, company:0.93|0.86|0.89, address:0.99|0.83|0.90, date:1.00|0.53|0.69, total:0.99|0.33|0.50
epoch:182, loss: 0.09574680554646033, other:0.94|1.00|0.97, company:0.99|0.86|0.92, address:1.00|0.81|0.90, date:1.00|0.62|0.76, total:0.98|0.40|0.57
epoch:183, loss: 0.1006763580220717, other:0.94|1.00|0.97, company:0.97|0.84|0.90, address:1.00|0.78|0.87, date:1.00|0.60|0.75, total:0.97|0.42|0.58
epoch:184, loss: 0.10453793848002399, other:0.94|1.00|0.97, company:0.94|0.86|0.90, address:1.00|0.83|0.91, date:1.00|0.59|0.74, total:0.98|0.38|0.55
epoch:185, loss: 0.10490412182278103, other:0.93|1.00|0.96, company:0.99|0.84|0.91, address:1.00|0.82|0.90, date:1.00|0.54|0.70, total:0.99|0.37|0.53
epoch:186, loss: 0.09658813035046612, other:0.93|1.00|0.97, company:0.99|0.86|0.92, address:1.00|0.83|0.90, date:1.00|0.58|0.73, total:0.99|0.38|0.54
epoch:187, loss: 0.11284711432677728, other:0.92|1.00|0.96, company:0.97|0.86|0.91, address:1.00|0.81|0.90, date:1.00|0.55|0.71, total:0.98|0.33|0.50
epoch:188, loss: 0.11536573922192608, other:0.92|1.00|0.96, company:0.95|0.85|0.90, address:1.00|0.82|0.90, date:1.00|0.55|0.71, total:0.99|0.33|0.49
epoch:189, loss: 0.09554062949286567, other:0.94|1.00|0.97, company:0.99|0.85|0.91, address:1.00|0.82|0.90, date:1.00|0.64|0.78, total:0.97|0.39|0.55
epoch:190, loss: 0.10403089997945009, other:0.93|1.00|0.96, company:0.99|0.83|0.91, address:1.00|0.84|0.91, date:1.00|0.55|0.71, total:0.98|0.35|0.51
epoch:191, loss: 0.09911499917507172, other:0.93|1.00|0.97, company:0.99|0.84|0.91, address:1.00|0.81|0.89, date:1.00|0.56|0.72, total:0.98|0.39|0.56
epoch:192, loss: 0.11217271481399183, other:0.93|1.00|0.96, company:0.98|0.85|0.91, address:0.98|0.86|0.92, date:1.00|0.59|0.74, total:0.99|0.33|0.50
epoch:193, loss: 0.10396865341398451, other:0.93|1.00|0.96, company:0.99|0.82|0.90, address:0.99|0.82|0.90, date:1.00|0.55|0.71, total:0.98|0.36|0.53
epoch:194, loss: 0.10020394016195226, other:0.94|1.00|0.97, company:0.99|0.86|0.92, address:1.00|0.84|0.91, date:1.00|0.59|0.74, total:0.97|0.37|0.53
epoch:195, loss: 0.09503136161300871, other:0.94|1.00|0.97, company:0.99|0.86|0.92, address:1.00|0.84|0.91, date:1.00|0.58|0.73, total:0.98|0.39|0.56
epoch:196, loss: 0.10213173042844843, other:0.94|1.00|0.97, company:0.95|0.86|0.90, address:1.00|0.85|0.92, date:1.00|0.60|0.75, total:0.99|0.36|0.53
epoch:197, loss: 0.09932718398394408, other:0.94|1.00|0.97, company:0.98|0.85|0.91, address:1.00|0.84|0.91, date:1.00|0.54|0.70, total:0.98|0.39|0.56
epoch:198, loss: 0.09750402691187682, other:0.94|1.00|0.97, company:0.98|0.87|0.92, address:1.00|0.85|0.91, date:1.00|0.61|0.76, total:0.99|0.37|0.54
epoch:199, loss: 0.09278698320742007, other:0.94|1.00|0.97, company:0.99|0.85|0.91, address:1.00|0.84|0.91, date:1.00|0.61|0.76, total:0.99|0.38|0.55
epoch:200, loss: 0.08871161827334652, other:0.94|1.00|0.97, company:0.99|0.84|0.91, address:1.00|0.87|0.93, date:1.00|0.64|0.78, total:0.98|0.40|0.57
epoch:201, loss: 0.1034534165152797, other:0.93|1.00|0.97, company:0.97|0.85|0.91, address:1.00|0.82|0.90, date:1.00|0.51|0.68, total:0.98|0.40|0.56
epoch:202, loss: 0.10193801284940154, other:0.94|1.00|0.97, company:0.95|0.87|0.91, address:0.99|0.85|0.92, date:1.00|0.56|0.72, total:0.98|0.42|0.59
epoch:203, loss: 0.09590316950171082, other:0.93|1.00|0.96, company:0.99|0.84|0.91, address:1.00|0.81|0.89, date:1.00|0.57|0.73, total:0.99|0.37|0.54
epoch:204, loss: 0.09854296401694969, other:0.93|1.00|0.96, company:0.99|0.81|0.89, address:1.00|0.82|0.90, date:1.00|0.59|0.74, total:1.00|0.35|0.52
epoch:205, loss: 0.09591236434600971, other:0.94|1.00|0.97, company:0.99|0.86|0.92, address:1.00|0.84|0.91, date:1.00|0.54|0.70, total:0.99|0.40|0.57
epoch:206, loss: 0.09373718720895273, other:0.94|1.00|0.97, company:0.98|0.87|0.92, address:1.00|0.87|0.93, date:1.00|0.62|0.76, total:0.99|0.38|0.55
epoch:207, loss: 0.09853670194193169, other:0.94|1.00|0.97, company:1.00|0.81|0.90, address:1.00|0.83|0.91, date:1.00|0.57|0.72, total:0.97|0.39|0.56
epoch:208, loss: 0.09703632940848668, other:0.94|1.00|0.97, company:0.98|0.88|0.93, address:1.00|0.87|0.93, date:1.00|0.54|0.70, total:0.98|0.43|0.59
epoch:209, loss: 0.0947087438846076, other:0.94|1.00|0.97, company:0.97|0.86|0.91, address:1.00|0.83|0.91, date:1.00|0.61|0.76, total:0.99|0.38|0.55
epoch:210, loss: 0.09587863018667256, other:0.94|1.00|0.97, company:0.98|0.85|0.91, address:1.00|0.85|0.92, date:1.00|0.59|0.74, total:0.98|0.38|0.54
epoch:211, loss: 0.08786239750959256, other:0.95|1.00|0.97, company:0.99|0.85|0.92, address:1.00|0.86|0.92, date:1.00|0.65|0.79, total:0.98|0.41|0.58
epoch:212, loss: 0.09019132510379509, other:0.94|1.00|0.97, company:0.99|0.86|0.92, address:1.00|0.86|0.92, date:1.00|0.61|0.76, total:0.98|0.40|0.57
epoch:213, loss: 0.09129361946273733, other:0.93|1.00|0.97, company:0.99|0.84|0.91, address:1.00|0.83|0.90, date:1.00|0.60|0.75, total:0.99|0.37|0.53
epoch:214, loss: 0.09112502841485871, other:0.94|1.00|0.97, company:0.99|0.85|0.91, address:1.00|0.85|0.92, date:1.00|0.57|0.73, total:0.98|0.40|0.57
epoch:215, loss: 0.0979331969111054, other:0.94|1.00|0.97, company:0.97|0.87|0.92, address:1.00|0.84|0.91, date:1.00|0.64|0.78, total:0.99|0.37|0.54
epoch:216, loss: 0.09267534632925634, other:0.94|1.00|0.97, company:0.99|0.85|0.91, address:1.00|0.84|0.91, date:1.00|0.63|0.77, total:0.99|0.39|0.55
epoch:217, loss: 0.0976674465669526, other:0.94|1.00|0.97, company:0.96|0.86|0.91, address:1.00|0.83|0.91, date:1.00|0.59|0.74, total:0.98|0.40|0.56
epoch:218, loss: 0.08856379116574924, other:0.94|1.00|0.97, company:1.00|0.84|0.91, address:1.00|0.84|0.91, date:0.99|0.63|0.77, total:0.99|0.42|0.59
epoch:219, loss: 0.08901755511760712, other:0.94|1.00|0.97, company:0.99|0.85|0.91, address:1.00|0.85|0.92, date:1.00|0.61|0.76, total:0.98|0.38|0.55
epoch:220, loss: 0.09194112969217477, other:0.94|1.00|0.97, company:0.97|0.86|0.91, address:1.00|0.85|0.92, date:1.00|0.59|0.74, total:0.99|0.40|0.57
epoch:221, loss: 0.08685735461336595, other:0.94|1.00|0.97, company:0.99|0.85|0.92, address:1.00|0.84|0.91, date:1.00|0.58|0.73, total:0.99|0.42|0.59
epoch:222, loss: 0.08187332611393046, other:0.95|1.00|0.97, company:0.99|0.86|0.92, address:1.00|0.85|0.92, date:1.00|0.63|0.77, total:0.98|0.42|0.59
epoch:223, loss: 0.09422121817866962, other:0.93|1.00|0.97, company:0.98|0.83|0.90, address:1.00|0.85|0.92, date:1.00|0.57|0.73, total:1.00|0.38|0.55
epoch:224, loss: 0.08672959150539504, other:0.95|1.00|0.97, company:0.97|0.87|0.92, address:1.00|0.86|0.92, date:1.00|0.65|0.79, total:0.98|0.42|0.58
epoch:225, loss: 0.09844811067537025, other:0.93|1.00|0.97, company:0.98|0.87|0.92, address:0.99|0.88|0.93, date:1.00|0.51|0.68, total:0.99|0.38|0.55
epoch:226, loss: 0.0873524378295298, other:0.94|1.00|0.97, company:0.99|0.84|0.91, address:1.00|0.86|0.92, date:1.00|0.64|0.78, total:0.99|0.37|0.54
epoch:227, loss: 0.09045522177109012, other:0.94|1.00|0.97, company:0.97|0.86|0.91, address:1.00|0.84|0.91, date:1.00|0.61|0.75, total:0.99|0.39|0.56
epoch:228, loss: 0.09711793699750194, other:0.94|1.00|0.97, company:0.97|0.87|0.92, address:1.00|0.85|0.92, date:1.00|0.58|0.73, total:0.99|0.36|0.53
epoch:229, loss: 0.0925599060676716, other:0.93|1.00|0.97, company:0.99|0.85|0.91, address:1.00|0.84|0.91, date:1.00|0.60|0.75, total:0.99|0.36|0.53
epoch:230, loss: 0.0881979352346173, other:0.94|1.00|0.97, company:0.98|0.87|0.92, address:1.00|0.82|0.90, date:1.00|0.63|0.77, total:0.99|0.42|0.59
epoch:231, loss: 0.08455299392894462, other:0.94|1.00|0.97, company:0.99|0.85|0.91, address:1.00|0.87|0.93, date:1.00|0.62|0.76, total:0.99|0.39|0.56
epoch:232, loss: 0.08847860164112514, other:0.94|1.00|0.97, company:0.98|0.87|0.92, address:1.00|0.83|0.90, date:1.00|0.67|0.80, total:0.99|0.40|0.57
epoch:233, loss: 0.09239962724623857, other:0.94|1.00|0.97, company:0.97|0.87|0.92, address:1.00|0.85|0.92, date:1.00|0.64|0.78, total:0.98|0.39|0.56
epoch:234, loss: 0.08620453074022576, other:0.95|1.00|0.97, company:0.99|0.85|0.91, address:1.00|0.86|0.92, date:1.00|0.61|0.75, total:0.97|0.45|0.61
epoch:235, loss: 0.08522531762719154, other:0.94|1.00|0.97, company:0.99|0.85|0.92, address:1.00|0.86|0.92, date:1.00|0.63|0.77, total:0.99|0.39|0.56
epoch:236, loss: 0.09087779607485842, other:0.94|1.00|0.97, company:0.97|0.87|0.92, address:1.00|0.87|0.93, date:1.00|0.62|0.77, total:0.99|0.39|0.56
epoch:237, loss: 0.09749973896476957, other:0.94|1.00|0.97, company:0.98|0.89|0.93, address:0.99|0.88|0.93, date:1.00|0.56|0.71, total:0.99|0.37|0.54
epoch:238, loss: 0.0874724962093212, other:0.94|1.00|0.97, company:0.99|0.83|0.90, address:1.00|0.85|0.92, date:1.00|0.60|0.75, total:0.99|0.40|0.57
epoch:239, loss: 0.09329273220565584, other:0.94|1.00|0.97, company:0.98|0.84|0.91, address:1.00|0.82|0.90, date:1.00|0.58|0.73, total:0.99|0.40|0.57
epoch:240, loss: 0.08269892260432243, other:0.95|1.00|0.97, company:0.99|0.86|0.92, address:1.00|0.85|0.92, date:1.00|0.61|0.76, total:0.98|0.43|0.60
epoch:241, loss: 0.08011504552430576, other:0.95|1.00|0.97, company:1.00|0.86|0.92, address:1.00|0.87|0.93, date:1.00|0.62|0.76, total:0.98|0.42|0.59
epoch:242, loss: 0.11023189982882252, other:0.94|1.00|0.97, company:0.92|0.86|0.89, address:0.99|0.84|0.91, date:1.00|0.65|0.79, total:1.00|0.36|0.53
epoch:243, loss: 0.08451701686890037, other:0.94|1.00|0.97, company:0.99|0.88|0.93, address:1.00|0.88|0.94, date:1.00|0.65|0.79, total:0.99|0.38|0.55
epoch:244, loss: 0.0842301695159188, other:0.94|1.00|0.97, company:0.98|0.88|0.92, address:1.00|0.87|0.93, date:1.00|0.63|0.78, total:0.99|0.40|0.57
epoch:245, loss: 0.08147690928092709, other:0.95|1.00|0.97, company:0.98|0.86|0.91, address:1.00|0.86|0.93, date:1.00|0.62|0.76, total:0.99|0.42|0.59
epoch:246, loss: 0.0948015523177606, other:0.94|1.00|0.97, company:0.96|0.84|0.90, address:1.00|0.82|0.90, date:1.00|0.60|0.75, total:0.97|0.43|0.60
epoch:247, loss: 0.08898852793154893, other:0.94|1.00|0.97, company:0.99|0.86|0.92, address:0.99|0.85|0.92, date:1.00|0.67|0.80, total:0.99|0.38|0.55
epoch:248, loss: 0.08931700167832551, other:0.94|1.00|0.97, company:1.00|0.82|0.90, address:1.00|0.82|0.90, date:1.00|0.58|0.74, total:0.99|0.41|0.58
epoch:249, loss: 0.09064412323964967, other:0.93|1.00|0.97, company:1.00|0.84|0.91, address:1.00|0.85|0.92, date:1.00|0.59|0.74, total:0.99|0.36|0.53
epoch:250, loss: 0.0980555589000384, other:0.94|1.00|0.97, company:0.97|0.86|0.91, address:1.00|0.87|0.93, date:1.00|0.63|0.77, total:0.98|0.37|0.53
epoch:251, loss: 0.08400500841714718, other:0.94|1.00|0.97, company:1.00|0.86|0.92, address:1.00|0.84|0.91, date:1.00|0.66|0.80, total:0.99|0.41|0.58
epoch:252, loss: 0.08515871316194534, other:0.95|1.00|0.97, company:0.99|0.86|0.92, address:1.00|0.85|0.92, date:1.00|0.64|0.78, total:0.98|0.42|0.59
epoch:253, loss: 0.08396862281693353, other:0.95|1.00|0.97, company:0.99|0.87|0.92, address:1.00|0.87|0.93, date:1.00|0.64|0.78, total:0.99|0.40|0.57
epoch:254, loss: 0.080610783977641, other:0.95|1.00|0.97, company:0.99|0.87|0.92, address:1.00|0.87|0.93, date:1.00|0.64|0.78, total:0.99|0.42|0.59
epoch:255, loss: 0.08548140084301983, other:0.94|1.00|0.97, company:0.99|0.86|0.92, address:1.00|0.87|0.93, date:1.00|0.62|0.77, total:0.99|0.40|0.57
epoch:256, loss: 0.0839733271687119, other:0.94|1.00|0.97, company:1.00|0.82|0.90, address:0.99|0.87|0.93, date:1.00|0.59|0.74, total:0.99|0.42|0.59
epoch:257, loss: 0.08352623976491115, other:0.95|1.00|0.97, company:0.98|0.88|0.92, address:1.00|0.87|0.93, date:1.00|0.64|0.78, total:0.98|0.43|0.60
epoch:258, loss: 0.07754923679210522, other:0.95|1.00|0.97, company:0.99|0.85|0.92, address:1.00|0.87|0.93, date:1.00|0.64|0.78, total:0.99|0.44|0.61
epoch:259, loss: 0.07517000122202767, other:0.95|1.00|0.97, company:0.99|0.86|0.92, address:1.00|0.87|0.93, date:1.00|0.64|0.78, total:0.99|0.44|0.61
epoch:260, loss: 0.07665102363184646, other:0.95|1.00|0.97, company:1.00|0.87|0.93, address:1.00|0.87|0.93, date:1.00|0.66|0.79, total:0.99|0.42|0.59
epoch:261, loss: 0.08112613277302848, other:0.95|1.00|0.97, company:0.98|0.87|0.92, address:1.00|0.89|0.94, date:1.00|0.63|0.77, total:0.99|0.44|0.61
epoch:262, loss: 0.07901481180279343, other:0.95|1.00|0.97, company:0.99|0.87|0.92, address:1.00|0.88|0.93, date:1.00|0.66|0.79, total:0.99|0.42|0.59
epoch:263, loss: 0.07699954868466766, other:0.95|1.00|0.97, company:1.00|0.86|0.92, address:1.00|0.90|0.94, date:1.00|0.64|0.78, total:0.99|0.42|0.59
epoch:264, loss: 0.07732050382980594, other:0.95|1.00|0.97, company:1.00|0.84|0.91, address:1.00|0.86|0.92, date:1.00|0.64|0.78, total:0.99|0.43|0.60
epoch:265, loss: 0.0723137274660446, other:0.95|1.00|0.97, company:1.00|0.85|0.92, address:1.00|0.88|0.93, date:1.00|0.68|0.81, total:0.99|0.42|0.59
epoch:266, loss: 0.0750349133654877, other:0.95|1.00|0.97, company:0.99|0.85|0.91, address:1.00|0.84|0.91, date:1.00|0.65|0.78, total:0.99|0.46|0.63
epoch:267, loss: 0.07169779693638836, other:0.95|1.00|0.98, company:0.99|0.86|0.92, address:1.00|0.89|0.94, date:1.00|0.67|0.80, total:0.99|0.44|0.61
epoch:268, loss: 0.08111390637026893, other:0.95|1.00|0.97, company:0.99|0.87|0.92, address:1.00|0.87|0.93, date:1.00|0.64|0.78, total:1.00|0.42|0.59
epoch:269, loss: 0.07350327557435742, other:0.95|1.00|0.98, company:0.99|0.87|0.93, address:1.00|0.87|0.93, date:1.00|0.67|0.80, total:0.99|0.45|0.62
epoch:270, loss: 0.0762426716585954, other:0.95|1.00|0.97, company:1.00|0.84|0.91, address:1.00|0.84|0.91, date:1.00|0.64|0.78, total:0.98|0.44|0.61
epoch:271, loss: 0.07631539718972312, other:0.95|1.00|0.97, company:0.99|0.86|0.92, address:1.00|0.87|0.93, date:1.00|0.67|0.80, total:1.00|0.41|0.58
epoch:272, loss: 0.07485917721081663, other:0.95|1.00|0.97, company:0.99|0.86|0.92, address:1.00|0.87|0.93, date:1.00|0.67|0.80, total:0.99|0.43|0.60
epoch:273, loss: 0.07906845694890728, other:0.95|1.00|0.97, company:0.99|0.87|0.93, address:1.00|0.88|0.93, date:1.00|0.64|0.78, total:0.97|0.42|0.59
epoch:274, loss: 0.0828470122758989, other:0.95|1.00|0.97, company:0.99|0.88|0.93, address:1.00|0.85|0.92, date:1.00|0.67|0.80, total:0.97|0.44|0.61
epoch:275, loss: 0.07391456873328597, other:0.95|1.00|0.97, company:1.00|0.85|0.92, address:1.00|0.86|0.93, date:1.00|0.67|0.80, total:0.99|0.43|0.60
epoch:276, loss: 0.07698834259752874, other:0.95|1.00|0.97, company:0.99|0.88|0.93, address:1.00|0.88|0.93, date:1.00|0.65|0.79, total:1.00|0.40|0.57
epoch:277, loss: 0.06873007670596794, other:0.95|1.00|0.98, company:1.00|0.85|0.92, address:1.00|0.87|0.93, date:1.00|0.66|0.79, total:0.99|0.48|0.65
epoch:278, loss: 0.0742454886160515, other:0.95|1.00|0.97, company:0.99|0.86|0.92, address:1.00|0.87|0.93, date:1.00|0.64|0.78, total:0.99|0.45|0.62
epoch:279, loss: 0.07360452730898503, other:0.95|1.00|0.98, company:0.98|0.88|0.93, address:1.00|0.87|0.93, date:1.00|0.65|0.79, total:0.99|0.45|0.61
epoch:280, loss: 0.07368908587981153, other:0.95|1.00|0.97, company:0.99|0.87|0.92, address:1.00|0.88|0.93, date:1.00|0.63|0.77, total:0.99|0.44|0.61
epoch:281, loss: 0.07409008937301459, other:0.95|1.00|0.97, company:0.99|0.87|0.93, address:1.00|0.86|0.92, date:1.00|0.66|0.79, total:0.99|0.44|0.61
epoch:282, loss: 0.07615046865410274, other:0.95|1.00|0.98, company:0.98|0.87|0.92, address:1.00|0.88|0.93, date:1.00|0.64|0.78, total:0.99|0.45|0.62
epoch:283, loss: 0.07136182390429356, other:0.95|1.00|0.97, company:0.99|0.86|0.92, address:1.00|0.90|0.95, date:1.00|0.65|0.79, total:0.99|0.43|0.60
epoch:284, loss: 0.07150198960745777, other:0.96|1.00|0.98, company:0.99|0.87|0.93, address:1.00|0.88|0.93, date:1.00|0.65|0.79, total:0.98|0.49|0.65
epoch:285, loss: 0.07589938615759213, other:0.95|1.00|0.97, company:1.00|0.83|0.91, address:1.00|0.86|0.92, date:1.00|0.67|0.80, total:1.00|0.42|0.59
epoch:286, loss: 0.07603892766767079, other:0.95|1.00|0.97, company:1.00|0.87|0.93, address:1.00|0.86|0.92, date:1.00|0.62|0.77, total:0.99|0.43|0.60
epoch:287, loss: 0.06913968065270672, other:0.96|1.00|0.98, company:1.00|0.86|0.92, address:1.00|0.91|0.95, date:1.00|0.69|0.82, total:0.99|0.45|0.62
epoch:288, loss: 0.07112038715018167, other:0.95|1.00|0.97, company:0.99|0.86|0.92, address:1.00|0.88|0.94, date:1.00|0.63|0.78, total:0.99|0.45|0.62
epoch:289, loss: 0.07433577378590901, other:0.95|1.00|0.97, company:0.99|0.88|0.93, address:1.00|0.87|0.93, date:1.00|0.66|0.79, total:1.00|0.42|0.59
epoch:290, loss: 0.06962927334286549, other:0.95|1.00|0.98, company:0.99|0.86|0.92, address:1.00|0.87|0.93, date:1.00|0.66|0.80, total:0.99|0.47|0.64
epoch:291, loss: 0.08347197208139631, other:0.96|1.00|0.98, company:0.94|0.90|0.92, address:1.00|0.86|0.92, date:1.00|0.67|0.80, total:0.99|0.47|0.64
epoch:292, loss: 0.06554557369263084, other:0.96|1.00|0.98, company:0.99|0.86|0.92, address:1.00|0.90|0.95, date:1.00|0.68|0.81, total:0.99|0.47|0.64
epoch:293, loss: 0.06689722918801838, other:0.95|1.00|0.98, company:1.00|0.86|0.93, address:1.00|0.89|0.94, date:1.00|0.67|0.80, total:0.99|0.46|0.63
epoch:294, loss: 0.06839671234289806, other:0.95|1.00|0.97, company:1.00|0.84|0.91, address:1.00|0.86|0.92, date:1.00|0.67|0.81, total:0.99|0.46|0.63
epoch:295, loss: 0.070625607614164, other:0.95|1.00|0.97, company:1.00|0.88|0.93, address:1.00|0.89|0.94, date:1.00|0.65|0.78, total:1.00|0.43|0.60
epoch:296, loss: 0.06874180240211664, other:0.95|1.00|0.98, company:1.00|0.86|0.93, address:1.00|0.90|0.94, date:1.00|0.69|0.82, total:0.99|0.44|0.61
epoch:297, loss: 0.07537091164677232, other:0.95|1.00|0.97, company:1.00|0.87|0.93, address:1.00|0.89|0.94, date:1.00|0.69|0.82, total:1.00|0.39|0.56
epoch:298, loss: 0.07836637025078137, other:0.94|1.00|0.97, company:1.00|0.86|0.92, address:1.00|0.87|0.93, date:1.00|0.60|0.75, total:1.00|0.42|0.59
epoch:299, loss: 0.07508606339494388, other:0.95|1.00|0.98, company:0.98|0.87|0.92, address:1.00|0.87|0.93, date:1.00|0.65|0.79, total:0.99|0.45|0.62
