epoch:0, loss: 1.4100288770816944, other:1.00|0.89|0.94, company:0.00|0.00|0.00, address:0.00|0.00|0.00, date:0.00|0.00|0.00, total:0.00|0.00|0.00
epoch:1, loss: 1.0460633569293551, other:0.99|0.92|0.95, company:0.00|0.00|0.00, address:0.37|0.50|0.42, date:0.00|0.00|0.00, total:0.01|0.26|0.02
epoch:2, loss: 0.690696758252603, other:0.90|0.96|0.93, company:0.23|0.68|0.34, address:0.92|0.39|0.55, date:0.01|0.17|0.02, total:0.37|0.16|0.23
epoch:3, loss: 0.6063337546807749, other:0.83|0.97|0.90, company:0.45|0.70|0.55, address:0.94|0.38|0.54, date:0.20|0.27|0.23, total:0.67|0.14|0.24
epoch:4, loss: 0.546670181883706, other:0.83|0.98|0.90, company:0.70|0.65|0.67, address:0.87|0.42|0.56, date:0.40|0.28|0.33, total:0.73|0.15|0.24
epoch:5, loss: 0.5110690284658361, other:0.80|0.99|0.88, company:0.74|0.68|0.71, address:0.90|0.42|0.57, date:0.50|0.29|0.36, total:0.87|0.14|0.25
epoch:6, loss: 0.49623246435765866, other:0.81|0.99|0.89, company:0.88|0.59|0.71, address:0.84|0.41|0.55, date:0.60|0.29|0.39, total:0.84|0.16|0.27
epoch:7, loss: 0.4565973436390912, other:0.81|0.99|0.89, company:0.70|0.76|0.73, address:0.96|0.45|0.62, date:0.63|0.27|0.38, total:0.88|0.16|0.27
epoch:8, loss: 0.431118404423749, other:0.81|0.99|0.89, company:0.80|0.75|0.77, address:0.94|0.45|0.61, date:0.61|0.33|0.43, total:0.87|0.16|0.27
epoch:9, loss: 0.4114084541797638, other:0.84|0.99|0.91, company:0.76|0.77|0.77, address:0.95|0.50|0.65, date:0.71|0.28|0.40, total:0.81|0.20|0.32
epoch:10, loss: 0.40155863210007, other:0.81|0.99|0.89, company:0.73|0.80|0.76, address:0.97|0.46|0.63, date:0.72|0.29|0.41, total:0.88|0.17|0.28
epoch:11, loss: 0.3910131476543568, other:0.81|0.99|0.89, company:0.81|0.78|0.80, address:0.97|0.46|0.62, date:0.75|0.28|0.41, total:0.88|0.18|0.29
epoch:12, loss: 0.3683814152523323, other:0.84|0.99|0.91, company:0.77|0.79|0.78, address:0.97|0.49|0.65, date:0.75|0.29|0.42, total:0.85|0.20|0.32
epoch:13, loss: 0.36319126685460407, other:0.81|0.99|0.89, company:0.88|0.72|0.79, address:0.96|0.47|0.63, date:0.74|0.32|0.44, total:0.89|0.17|0.29
epoch:14, loss: 0.3592936087537695, other:0.81|0.99|0.89, company:0.78|0.80|0.79, address:0.98|0.48|0.65, date:0.82|0.27|0.40, total:0.90|0.19|0.31
epoch:15, loss: 0.3403601778878106, other:0.83|0.99|0.91, company:0.77|0.78|0.77, address:0.98|0.50|0.67, date:0.77|0.30|0.44, total:0.87|0.20|0.32
epoch:16, loss: 0.32219803388471957, other:0.84|0.99|0.91, company:0.90|0.72|0.80, address:0.96|0.52|0.68, date:0.81|0.30|0.44, total:0.87|0.20|0.33
epoch:17, loss: 0.31549462565669306, other:0.83|0.99|0.91, company:0.87|0.78|0.82, address:0.97|0.52|0.68, date:0.80|0.31|0.45, total:0.90|0.20|0.33
epoch:18, loss: 0.31332836162160943, other:0.83|0.99|0.91, company:0.88|0.78|0.83, address:0.96|0.54|0.69, date:0.81|0.31|0.45, total:0.92|0.19|0.32
epoch:19, loss: 0.32250644652931776, other:0.83|0.99|0.90, company:0.78|0.82|0.80, address:0.98|0.55|0.70, date:0.88|0.26|0.40, total:0.90|0.20|0.32
epoch:20, loss: 0.31786878572569954, other:0.81|1.00|0.89, company:0.82|0.78|0.80, address:0.98|0.51|0.67, date:0.89|0.28|0.43, total:0.94|0.18|0.30
epoch:21, loss: 0.30147213130085554, other:0.84|0.99|0.91, company:0.87|0.78|0.82, address:0.98|0.52|0.68, date:0.88|0.29|0.43, total:0.86|0.23|0.37
epoch:22, loss: 0.2978064754494914, other:0.86|0.99|0.92, company:0.77|0.80|0.78, address:0.98|0.55|0.70, date:0.82|0.34|0.48, total:0.86|0.22|0.34
epoch:23, loss: 0.3114351768184591, other:0.82|1.00|0.90, company:0.77|0.81|0.78, address:0.99|0.52|0.69, date:0.90|0.29|0.44, total:0.93|0.19|0.32
epoch:24, loss: 0.27868460339528545, other:0.84|0.99|0.91, company:0.89|0.77|0.82, address:0.97|0.61|0.75, date:0.87|0.32|0.47, total:0.94|0.19|0.32
epoch:25, loss: 0.27529137222855177, other:0.84|0.99|0.91, company:0.91|0.76|0.83, address:0.98|0.55|0.70, date:0.87|0.33|0.48, total:0.92|0.21|0.35
epoch:26, loss: 0.27475632782335635, other:0.83|1.00|0.91, company:0.90|0.76|0.82, address:0.98|0.57|0.72, date:0.91|0.31|0.46, total:0.94|0.20|0.33
epoch:27, loss: 0.2647614473545993, other:0.87|0.99|0.93, company:0.86|0.81|0.84, address:0.99|0.58|0.73, date:0.86|0.38|0.52, total:0.88|0.23|0.37
epoch:28, loss: 0.2631849784542013, other:0.85|0.99|0.92, company:0.91|0.74|0.82, address:0.98|0.57|0.72, date:0.89|0.35|0.50, total:0.93|0.21|0.35
epoch:29, loss: 0.25985891841076036, other:0.85|1.00|0.92, company:0.90|0.78|0.83, address:0.98|0.62|0.76, date:0.91|0.34|0.49, total:0.93|0.21|0.34
epoch:30, loss: 0.2617610875103209, other:0.85|0.99|0.92, company:0.86|0.82|0.84, address:0.98|0.60|0.75, date:0.91|0.32|0.48, total:0.91|0.22|0.35
epoch:31, loss: 0.25497900280687547, other:0.85|1.00|0.92, company:0.92|0.77|0.84, address:0.97|0.61|0.75, date:0.91|0.34|0.49, total:0.93|0.22|0.35
epoch:32, loss: 0.25925334239447556, other:0.84|1.00|0.91, company:0.90|0.79|0.84, address:0.99|0.59|0.74, date:0.92|0.36|0.51, total:0.96|0.19|0.31
epoch:33, loss: 0.2514104467851144, other:0.85|1.00|0.92, company:0.93|0.74|0.83, address:0.97|0.59|0.74, date:0.93|0.33|0.49, total:0.93|0.22|0.36
epoch:34, loss: 0.25085560646322036, other:0.85|1.00|0.92, company:0.89|0.76|0.82, address:0.98|0.64|0.77, date:0.92|0.35|0.51, total:0.95|0.21|0.34
epoch:35, loss: 0.24957060041251006, other:0.86|1.00|0.92, company:0.89|0.78|0.83, address:0.99|0.60|0.75, date:0.93|0.33|0.49, total:0.91|0.24|0.37
epoch:36, loss: 0.24511903634777776, other:0.88|0.99|0.93, company:0.86|0.81|0.83, address:0.98|0.64|0.77, date:0.91|0.39|0.55, total:0.90|0.24|0.38
epoch:37, loss: 0.24251882124830176, other:0.86|1.00|0.92, company:0.90|0.82|0.86, address:0.98|0.66|0.79, date:0.94|0.33|0.48, total:0.93|0.22|0.36
epoch:38, loss: 0.24220126922483798, other:0.88|0.99|0.93, company:0.86|0.81|0.84, address:0.97|0.69|0.80, date:0.90|0.42|0.57, total:0.92|0.23|0.37
epoch:39, loss: 0.2333939621845881, other:0.86|1.00|0.92, company:0.91|0.80|0.85, address:0.99|0.63|0.77, date:0.93|0.36|0.52, total:0.93|0.23|0.37
epoch:40, loss: 0.2409304799856963, other:0.88|0.99|0.93, company:0.87|0.82|0.84, address:0.98|0.66|0.79, date:0.94|0.35|0.51, total:0.89|0.27|0.41
epoch:41, loss: 0.23320742779307896, other:0.89|0.99|0.94, company:0.88|0.82|0.85, address:0.98|0.68|0.80, date:0.89|0.41|0.56, total:0.89|0.26|0.40
epoch:42, loss: 0.22404460277822283, other:0.87|1.00|0.93, company:0.94|0.76|0.84, address:0.97|0.70|0.82, date:0.93|0.38|0.54, total:0.93|0.23|0.36
epoch:43, loss: 0.23227907441280507, other:0.88|1.00|0.93, company:0.87|0.80|0.83, address:0.98|0.67|0.79, date:0.93|0.39|0.55, total:0.92|0.25|0.39
epoch:44, loss: 0.21701239546140036, other:0.87|1.00|0.93, company:0.92|0.78|0.84, address:0.99|0.61|0.76, date:0.92|0.42|0.58, total:0.95|0.23|0.38
epoch:45, loss: 0.2315734122638349, other:0.90|0.99|0.94, company:0.85|0.84|0.85, address:0.98|0.67|0.79, date:0.90|0.43|0.58, total:0.89|0.27|0.42
epoch:46, loss: 0.22626660377890975, other:0.87|1.00|0.93, company:0.90|0.82|0.86, address:0.99|0.66|0.79, date:0.95|0.36|0.52, total:0.94|0.23|0.37
epoch:47, loss: 0.22176065213150448, other:0.87|1.00|0.93, company:0.90|0.77|0.83, address:0.99|0.62|0.76, date:0.94|0.38|0.54, total:0.93|0.25|0.39
epoch:48, loss: 0.21013583408461678, other:0.88|1.00|0.93, company:0.94|0.73|0.82, address:0.98|0.67|0.79, date:0.94|0.38|0.54, total:0.91|0.27|0.41
epoch:49, loss: 0.2222687949736913, other:0.87|1.00|0.93, company:0.89|0.82|0.85, address:0.99|0.65|0.78, date:0.94|0.38|0.54, total:0.93|0.25|0.39
epoch:50, loss: 0.20696762093791254, other:0.89|1.00|0.94, company:0.91|0.82|0.86, address:0.98|0.73|0.83, date:0.92|0.40|0.55, total:0.93|0.26|0.40
epoch:51, loss: 0.21042486804502983, other:0.88|1.00|0.94, company:0.89|0.82|0.85, address:0.99|0.64|0.78, date:0.94|0.42|0.58, total:0.94|0.26|0.41
epoch:52, loss: 0.19873893150576838, other:0.89|1.00|0.94, company:0.94|0.76|0.84, address:0.98|0.72|0.83, date:0.96|0.39|0.56, total:0.91|0.27|0.42
epoch:53, loss: 0.20677067780936206, other:0.87|1.00|0.93, company:0.95|0.78|0.85, address:0.99|0.65|0.78, date:0.95|0.39|0.55, total:0.95|0.24|0.38
epoch:54, loss: 0.2097816743232586, other:0.90|1.00|0.94, company:0.90|0.80|0.85, address:0.99|0.69|0.81, date:0.93|0.43|0.59, total:0.90|0.27|0.42
epoch:55, loss: 0.24302894373734793, other:0.86|1.00|0.92, company:0.80|0.81|0.80, address:1.00|0.62|0.76, date:0.96|0.33|0.49, total:0.96|0.23|0.37
epoch:56, loss: 0.2113780986379694, other:0.88|1.00|0.93, company:0.94|0.77|0.85, address:0.98|0.70|0.82, date:0.93|0.40|0.56, total:0.93|0.23|0.37
epoch:57, loss: 0.21267676132696647, other:0.91|0.99|0.95, company:0.88|0.82|0.85, address:0.98|0.69|0.81, date:0.91|0.46|0.61, total:0.90|0.30|0.45
epoch:58, loss: 0.20327251763255508, other:0.89|1.00|0.94, company:0.91|0.81|0.86, address:0.98|0.71|0.83, date:0.94|0.40|0.57, total:0.91|0.26|0.40
epoch:59, loss: 0.19955593623496867, other:0.88|1.00|0.94, company:0.93|0.76|0.83, address:0.99|0.67|0.80, date:0.95|0.41|0.57, total:0.94|0.26|0.40
epoch:60, loss: 0.1975308424896664, other:0.88|1.00|0.94, company:0.92|0.72|0.81, address:0.99|0.67|0.80, date:0.94|0.44|0.60, total:0.94|0.26|0.41
epoch:61, loss: 0.20014567342069414, other:0.89|1.00|0.94, company:0.91|0.79|0.85, address:0.99|0.71|0.83, date:0.93|0.42|0.58, total:0.92|0.26|0.41
epoch:62, loss: 0.19193809396690792, other:0.88|1.00|0.94, company:0.93|0.78|0.85, address:0.99|0.69|0.81, date:0.95|0.42|0.58, total:0.96|0.25|0.40
epoch:63, loss: 0.1928219160547963, other:0.90|1.00|0.94, company:0.90|0.81|0.86, address:0.99|0.69|0.81, date:0.96|0.41|0.57, total:0.93|0.30|0.45
epoch:64, loss: 0.19233591026730007, other:0.89|1.00|0.94, company:0.90|0.81|0.85, address:0.99|0.69|0.81, date:0.96|0.42|0.58, total:0.95|0.27|0.42
epoch:65, loss: 0.1894383673314695, other:0.89|1.00|0.94, company:0.92|0.81|0.86, address:0.99|0.70|0.82, date:0.95|0.43|0.60, total:0.95|0.26|0.41
epoch:66, loss: 0.18668682321354194, other:0.89|1.00|0.94, company:0.94|0.72|0.81, address:0.99|0.67|0.80, date:0.94|0.45|0.61, total:0.92|0.28|0.43
epoch:67, loss: 0.19366143091961188, other:0.87|1.00|0.93, company:0.94|0.77|0.85, address:0.99|0.68|0.80, date:0.97|0.37|0.53, total:0.95|0.25|0.40
epoch:68, loss: 0.17586207389831543, other:0.91|1.00|0.95, company:0.94|0.79|0.86, address:0.99|0.71|0.83, date:0.92|0.51|0.66, total:0.92|0.29|0.45
epoch:69, loss: 0.21581289724067407, other:0.88|1.00|0.94, company:0.83|0.82|0.83, address:0.99|0.67|0.80, date:0.97|0.36|0.53, total:0.94|0.27|0.42
epoch:70, loss: 0.18797355228000218, other:0.89|1.00|0.94, company:0.92|0.79|0.85, address:0.99|0.71|0.83, date:0.96|0.42|0.58, total:0.94|0.26|0.40
epoch:71, loss: 0.19601471059852177, other:0.90|1.00|0.95, company:0.87|0.84|0.86, address:0.99|0.71|0.83, date:0.94|0.45|0.61, total:0.94|0.28|0.43
epoch:72, loss: 0.1872415895815249, other:0.89|1.00|0.94, company:0.94|0.80|0.87, address:0.99|0.71|0.82, date:0.95|0.40|0.56, total:0.95|0.26|0.41
epoch:73, loss: 0.1774141937494278, other:0.90|1.00|0.94, company:0.93|0.82|0.87, address:0.99|0.70|0.82, date:0.94|0.47|0.63, total:0.95|0.27|0.42
epoch:74, loss: 0.2046162971743831, other:0.89|1.00|0.94, company:0.84|0.83|0.83, address:0.99|0.70|0.82, date:0.96|0.43|0.59, total:0.95|0.26|0.41
epoch:75, loss: 0.18252616789605883, other:0.89|1.00|0.94, company:0.94|0.78|0.85, address:0.99|0.67|0.80, date:0.94|0.43|0.59, total:0.93|0.29|0.45
epoch:76, loss: 0.17955512470669216, other:0.91|1.00|0.95, company:0.91|0.82|0.86, address:0.99|0.70|0.82, date:0.95|0.47|0.63, total:0.89|0.32|0.47
epoch:77, loss: 0.18720265284732537, other:0.89|1.00|0.94, company:0.94|0.81|0.87, address:0.99|0.73|0.84, date:0.97|0.41|0.58, total:0.96|0.25|0.40
epoch:78, loss: 0.1747464206483629, other:0.90|1.00|0.95, company:0.96|0.76|0.84, address:0.99|0.70|0.82, date:0.96|0.46|0.62, total:0.93|0.29|0.44
epoch:79, loss: 0.18133208983474308, other:0.89|1.00|0.94, company:0.93|0.81|0.86, address:0.99|0.71|0.82, date:0.97|0.41|0.58, total:0.95|0.27|0.42
epoch:80, loss: 0.16894231212359886, other:0.90|1.00|0.95, company:0.94|0.81|0.87, address:0.99|0.74|0.85, date:0.97|0.44|0.60, total:0.94|0.30|0.45
epoch:81, loss: 0.17082875028804498, other:0.91|1.00|0.95, company:0.92|0.83|0.87, address:0.99|0.74|0.85, date:0.97|0.44|0.61, total:0.94|0.30|0.46
epoch:82, loss: 0.1680133248920794, other:0.90|1.00|0.95, company:0.94|0.82|0.87, address:0.99|0.75|0.85, date:0.96|0.48|0.64, total:0.95|0.28|0.43
epoch:83, loss: 0.16552616269500167, other:0.91|1.00|0.95, company:0.94|0.80|0.87, address:0.99|0.71|0.83, date:0.96|0.48|0.64, total:0.93|0.31|0.46
epoch:84, loss: 0.1783824082877901, other:0.90|1.00|0.94, company:0.91|0.81|0.86, address:0.99|0.72|0.83, date:0.97|0.43|0.60, total:0.96|0.28|0.43
epoch:85, loss: 0.16504624403185314, other:0.89|1.00|0.94, company:0.95|0.80|0.87, address:0.99|0.73|0.84, date:0.97|0.45|0.61, total:0.97|0.27|0.42
epoch:86, loss: 0.1597033471420959, other:0.90|1.00|0.95, company:0.96|0.79|0.86, address:0.99|0.72|0.83, date:0.97|0.47|0.63, total:0.94|0.29|0.44
epoch:87, loss: 0.158863068178848, other:0.91|1.00|0.95, company:0.95|0.79|0.86, address:0.99|0.73|0.84, date:0.97|0.46|0.63, total:0.94|0.31|0.47
epoch:88, loss: 0.16587655356636755, other:0.90|1.00|0.95, company:0.93|0.80|0.86, address:0.99|0.73|0.84, date:0.98|0.41|0.58, total:0.96|0.30|0.45
epoch:89, loss: 0.16657011652434314, other:0.89|1.00|0.94, company:0.95|0.78|0.86, address:0.99|0.75|0.85, date:0.99|0.38|0.55, total:0.96|0.29|0.44
epoch:90, loss: 0.15708554674077918, other:0.91|1.00|0.95, company:0.94|0.80|0.87, address:0.99|0.73|0.84, date:0.97|0.47|0.63, total:0.94|0.31|0.47
epoch:91, loss: 0.15813900061227656, other:0.90|1.00|0.95, company:0.96|0.78|0.86, address:0.99|0.74|0.85, date:0.98|0.45|0.61, total:0.94|0.30|0.46
epoch:92, loss: 0.1615190390083525, other:0.91|1.00|0.95, company:0.91|0.85|0.88, address:0.99|0.74|0.85, date:0.99|0.46|0.62, total:0.95|0.31|0.47
epoch:93, loss: 0.15456250696270554, other:0.91|1.00|0.95, company:0.94|0.81|0.87, address:0.99|0.76|0.86, date:0.97|0.49|0.65, total:0.96|0.30|0.45
epoch:94, loss: 0.1662343892234343, other:0.89|1.00|0.94, company:0.94|0.81|0.87, address:1.00|0.71|0.83, date:0.98|0.43|0.60, total:0.97|0.27|0.42
epoch:95, loss: 0.15682818713011565, other:0.91|1.00|0.95, company:0.94|0.80|0.86, address:1.00|0.72|0.84, date:0.98|0.49|0.65, total:0.95|0.31|0.46
epoch:96, loss: 0.15601331078343922, other:0.91|1.00|0.95, company:0.93|0.85|0.89, address:0.99|0.75|0.86, date:0.98|0.46|0.62, total:0.96|0.30|0.45
epoch:97, loss: 0.15711850231444394, other:0.90|1.00|0.94, company:0.98|0.73|0.84, address:0.98|0.75|0.85, date:0.98|0.47|0.63, total:0.98|0.27|0.43
epoch:98, loss: 0.17792456845442453, other:0.90|1.00|0.95, company:0.89|0.86|0.88, address:0.98|0.74|0.84, date:0.98|0.43|0.59, total:0.97|0.29|0.45
epoch:99, loss: 0.16649844856173904, other:0.91|1.00|0.95, company:0.90|0.87|0.88, address:0.98|0.76|0.86, date:0.97|0.46|0.63, total:0.96|0.31|0.47
epoch:100, loss: 0.1504119805715702, other:0.91|1.00|0.95, company:0.95|0.80|0.87, address:0.99|0.74|0.85, date:0.98|0.47|0.63, total:0.95|0.32|0.48
epoch:101, loss: 0.1489548459649086, other:0.91|1.00|0.95, company:0.95|0.79|0.87, address:0.99|0.75|0.86, date:0.98|0.47|0.64, total:0.96|0.31|0.46
epoch:102, loss: 0.14983866418953296, other:0.91|1.00|0.95, company:0.94|0.82|0.88, address:0.99|0.74|0.85, date:0.98|0.46|0.63, total:0.96|0.33|0.49
epoch:103, loss: 0.15567292107476127, other:0.90|1.00|0.94, company:0.96|0.80|0.87, address:0.99|0.74|0.85, date:0.99|0.43|0.60, total:0.96|0.28|0.43
epoch:104, loss: 0.1573018147437661, other:0.90|1.00|0.95, company:0.92|0.84|0.88, address:1.00|0.74|0.85, date:0.98|0.45|0.62, total:0.97|0.28|0.43
epoch:105, loss: 0.14365509759496758, other:0.91|1.00|0.95, company:0.97|0.77|0.86, address:0.99|0.74|0.85, date:0.97|0.51|0.67, total:0.94|0.32|0.47
epoch:106, loss: 0.15607777707002782, other:0.91|1.00|0.95, company:0.92|0.86|0.89, address:0.99|0.77|0.86, date:0.98|0.47|0.64, total:0.97|0.30|0.45
epoch:107, loss: 0.15635432302951813, other:0.90|1.00|0.95, company:0.95|0.80|0.87, address:0.99|0.74|0.85, date:0.97|0.49|0.65, total:0.97|0.27|0.42
epoch:108, loss: 0.1507144308200589, other:0.91|1.00|0.95, company:0.96|0.81|0.88, address:0.99|0.81|0.89, date:0.99|0.46|0.63, total:0.97|0.28|0.44
epoch:109, loss: 0.14103766034046808, other:0.91|1.00|0.95, company:0.96|0.80|0.87, address:0.99|0.77|0.87, date:0.98|0.50|0.66, total:0.96|0.31|0.47
epoch:110, loss: 0.1439235433936119, other:0.92|1.00|0.96, company:0.95|0.83|0.88, address:0.99|0.79|0.88, date:0.98|0.51|0.67, total:0.96|0.30|0.46
epoch:111, loss: 0.15586233525364487, other:0.92|1.00|0.96, company:0.93|0.83|0.87, address:0.98|0.80|0.88, date:0.99|0.45|0.61, total:0.95|0.33|0.49
epoch:112, loss: 0.1660041254427698, other:0.91|1.00|0.95, company:0.87|0.83|0.85, address:0.99|0.76|0.86, date:0.99|0.46|0.63, total:0.95|0.30|0.46
epoch:113, loss: 0.1408201331893603, other:0.91|1.00|0.95, company:0.97|0.80|0.88, address:0.99|0.80|0.89, date:0.99|0.47|0.63, total:0.97|0.30|0.46
epoch:114, loss: 0.1347449540540024, other:0.92|1.00|0.96, company:0.97|0.82|0.89, address:0.99|0.75|0.86, date:0.99|0.50|0.67, total:0.95|0.34|0.49
epoch:115, loss: 0.13647084048500768, other:0.91|1.00|0.95, company:0.97|0.80|0.88, address:0.99|0.78|0.87, date:0.99|0.44|0.61, total:0.96|0.32|0.48
epoch:116, loss: 0.14191483982183314, other:0.91|1.00|0.95, company:0.94|0.83|0.88, address:1.00|0.75|0.85, date:0.99|0.50|0.66, total:0.96|0.31|0.47
epoch:117, loss: 0.1454189615669074, other:0.92|1.00|0.96, company:0.92|0.87|0.89, address:0.99|0.78|0.87, date:0.99|0.51|0.67, total:0.96|0.30|0.46
epoch:118, loss: 0.13602717800272834, other:0.91|1.00|0.95, company:0.96|0.78|0.87, address:0.99|0.76|0.86, date:0.99|0.49|0.65, total:0.95|0.32|0.48
epoch:119, loss: 0.1435984287548948, other:0.91|1.00|0.95, company:0.95|0.81|0.87, address:0.99|0.77|0.87, date:0.99|0.48|0.65, total:0.97|0.30|0.46
epoch:120, loss: 0.13165107286638683, other:0.92|1.00|0.96, company:0.97|0.81|0.88, address:0.99|0.79|0.88, date:0.99|0.49|0.66, total:0.95|0.34|0.50
epoch:121, loss: 0.1365917068388727, other:0.91|1.00|0.95, company:0.96|0.83|0.89, address:0.99|0.77|0.87, date:0.99|0.48|0.65, total:0.97|0.31|0.47
epoch:122, loss: 0.13570462029289315, other:0.92|1.00|0.96, company:0.93|0.84|0.88, address:0.99|0.79|0.88, date:0.99|0.53|0.69, total:0.96|0.34|0.50
epoch:123, loss: 0.1310402750968933, other:0.91|1.00|0.95, company:0.97|0.80|0.88, address:0.99|0.76|0.86, date:0.99|0.49|0.66, total:0.96|0.33|0.49
epoch:124, loss: 0.14408759910751273, other:0.92|1.00|0.96, company:0.92|0.84|0.87, address:0.99|0.78|0.87, date:0.99|0.49|0.66, total:0.96|0.33|0.50
epoch:125, loss: 0.12972073394943168, other:0.92|1.00|0.96, company:0.96|0.82|0.88, address:0.99|0.79|0.88, date:0.99|0.55|0.70, total:0.96|0.33|0.49
epoch:126, loss: 0.143706478730396, other:0.92|1.00|0.96, company:0.92|0.86|0.89, address:0.99|0.78|0.87, date:0.99|0.50|0.67, total:0.97|0.31|0.47
epoch:127, loss: 0.13673964280773093, other:0.91|1.00|0.95, company:0.96|0.83|0.89, address:0.99|0.77|0.87, date:0.99|0.50|0.66, total:0.97|0.31|0.47
epoch:128, loss: 0.13198578164533334, other:0.92|1.00|0.96, company:0.95|0.86|0.90, address:0.98|0.81|0.89, date:0.99|0.52|0.68, total:0.97|0.33|0.50
epoch:129, loss: 0.13661532490341752, other:0.92|1.00|0.96, company:0.95|0.84|0.89, address:0.99|0.82|0.90, date:0.99|0.51|0.67, total:0.97|0.31|0.47
epoch:130, loss: 0.13428539617194069, other:0.91|1.00|0.95, company:0.97|0.82|0.89, address:1.00|0.78|0.87, date:0.99|0.44|0.61, total:0.97|0.32|0.48
epoch:131, loss: 0.12499720216901214, other:0.92|1.00|0.96, company:0.97|0.81|0.88, address:0.99|0.79|0.88, date:0.99|0.51|0.67, total:0.97|0.33|0.49
epoch:132, loss: 0.1303137664993604, other:0.91|1.00|0.95, company:0.96|0.82|0.88, address:0.99|0.79|0.88, date:0.99|0.50|0.66, total:0.98|0.31|0.47
epoch:133, loss: 0.14036937223540413, other:0.91|1.00|0.95, company:0.93|0.85|0.89, address:0.99|0.78|0.88, date:0.99|0.49|0.65, total:0.97|0.31|0.47
epoch:134, loss: 0.1213706052965588, other:0.92|1.00|0.96, company:0.98|0.81|0.89, address:0.99|0.79|0.88, date:0.99|0.57|0.73, total:0.97|0.34|0.50
epoch:135, loss: 0.12724995447529686, other:0.92|1.00|0.96, company:0.97|0.85|0.90, address:0.99|0.82|0.89, date:0.99|0.50|0.66, total:0.97|0.34|0.50
epoch:136, loss: 0.12170531352361043, other:0.92|1.00|0.96, company:0.98|0.82|0.89, address:1.00|0.77|0.87, date:0.99|0.51|0.67, total:0.97|0.34|0.50
epoch:137, loss: 0.12307497417485272, other:0.92|1.00|0.96, company:0.98|0.77|0.86, address:0.99|0.77|0.87, date:1.00|0.51|0.68, total:0.97|0.35|0.51
epoch:138, loss: 0.1297110561971311, other:0.92|1.00|0.96, company:0.95|0.86|0.90, address:0.99|0.77|0.87, date:0.99|0.51|0.67, total:0.97|0.34|0.50
epoch:139, loss: 0.12934059539326914, other:0.92|1.00|0.96, company:0.97|0.77|0.86, address:0.99|0.79|0.88, date:0.99|0.48|0.65, total:0.97|0.33|0.49
epoch:140, loss: 0.13367734490721314, other:0.92|1.00|0.96, company:0.94|0.85|0.89, address:0.99|0.79|0.88, date:0.99|0.53|0.69, total:0.98|0.32|0.48
epoch:141, loss: 0.12966852828308387, other:0.91|1.00|0.95, company:0.99|0.74|0.84, address:0.99|0.75|0.85, date:1.00|0.53|0.69, total:0.97|0.32|0.49
epoch:142, loss: 0.12264295722599383, other:0.93|1.00|0.96, company:0.96|0.84|0.90, address:0.99|0.81|0.89, date:1.00|0.48|0.65, total:0.97|0.36|0.53
epoch:143, loss: 0.11766609659901371, other:0.92|1.00|0.96, company:0.98|0.81|0.89, address:0.99|0.79|0.88, date:1.00|0.53|0.69, total:0.98|0.35|0.51
epoch:144, loss: 0.11274385231512564, other:0.93|1.00|0.97, company:0.97|0.82|0.89, address:1.00|0.81|0.89, date:0.99|0.59|0.74, total:0.95|0.37|0.53
epoch:145, loss: 0.12298516073712597, other:0.92|1.00|0.96, company:0.97|0.81|0.89, address:0.99|0.82|0.90, date:1.00|0.51|0.68, total:0.96|0.34|0.50
epoch:146, loss: 0.12517624210428308, other:0.92|1.00|0.96, company:0.96|0.85|0.90, address:1.00|0.80|0.88, date:0.99|0.51|0.68, total:0.98|0.31|0.47
epoch:147, loss: 0.1172536239027977, other:0.92|1.00|0.96, company:0.99|0.76|0.86, address:0.99|0.82|0.90, date:0.99|0.55|0.71, total:0.97|0.34|0.51
epoch:148, loss: 0.12914189420364522, other:0.92|1.00|0.96, company:0.94|0.86|0.90, address:0.99|0.82|0.90, date:0.99|0.52|0.68, total:0.98|0.33|0.50
epoch:149, loss: 0.11997555141095761, other:0.93|1.00|0.96, company:0.97|0.82|0.89, address:0.99|0.81|0.90, date:0.99|0.52|0.68, total:0.97|0.36|0.52
epoch:150, loss: 0.1261534723970625, other:0.92|1.00|0.96, company:0.96|0.83|0.89, address:1.00|0.79|0.88, date:1.00|0.47|0.64, total:0.97|0.35|0.52
epoch:151, loss: 0.11360255573634748, other:0.93|1.00|0.96, company:0.98|0.82|0.89, address:1.00|0.81|0.90, date:1.00|0.54|0.70, total:0.98|0.34|0.51
epoch:152, loss: 0.11356986672789962, other:0.93|1.00|0.96, company:0.98|0.81|0.88, address:0.99|0.82|0.90, date:0.99|0.53|0.69, total:0.97|0.36|0.53
epoch:153, loss: 0.10935981019779488, other:0.93|1.00|0.96, company:0.98|0.83|0.90, address:1.00|0.81|0.90, date:0.99|0.56|0.71, total:0.98|0.36|0.52
epoch:154, loss: 0.11586439085227472, other:0.93|1.00|0.96, company:0.97|0.84|0.90, address:0.99|0.82|0.90, date:0.99|0.56|0.72, total:0.97|0.36|0.52
epoch:155, loss: 0.11718837999635273, other:0.93|1.00|0.97, company:0.95|0.84|0.89, address:0.99|0.81|0.89, date:0.99|0.55|0.71, total:0.97|0.39|0.55
epoch:156, loss: 0.10951627211438285, other:0.93|1.00|0.96, company:0.98|0.86|0.91, address:1.00|0.81|0.89, date:0.99|0.56|0.71, total:0.98|0.38|0.55
epoch:157, loss: 0.1181706546081437, other:0.94|1.00|0.97, company:0.96|0.85|0.90, address:0.98|0.85|0.91, date:1.00|0.55|0.71, total:0.97|0.38|0.54
epoch:158, loss: 0.11964571503577409, other:0.93|1.00|0.96, company:0.98|0.83|0.90, address:0.99|0.84|0.91, date:1.00|0.51|0.67, total:0.97|0.34|0.51
epoch:159, loss: 0.10836946853884945, other:0.93|1.00|0.96, company:0.97|0.83|0.89, address:1.00|0.82|0.90, date:1.00|0.56|0.72, total:0.98|0.36|0.52
epoch:160, loss: 0.12077974086558377, other:0.92|1.00|0.96, company:0.99|0.81|0.89, address:0.99|0.78|0.87, date:1.00|0.47|0.64, total:0.98|0.35|0.51
epoch:161, loss: 0.1239771048227946, other:0.93|1.00|0.96, company:0.94|0.85|0.89, address:0.99|0.80|0.89, date:1.00|0.55|0.71, total:0.97|0.34|0.51
epoch:162, loss: 0.12134606584354683, other:0.94|1.00|0.97, company:0.94|0.85|0.89, address:0.99|0.83|0.90, date:1.00|0.57|0.72, total:0.97|0.38|0.55
epoch:163, loss: 0.11456375927836807, other:0.94|1.00|0.97, company:0.97|0.86|0.91, address:0.99|0.85|0.92, date:0.99|0.55|0.71, total:0.96|0.38|0.54
epoch:164, loss: 0.1216115736299091, other:0.94|1.00|0.97, company:0.97|0.86|0.91, address:0.97|0.87|0.92, date:0.99|0.53|0.69, total:0.97|0.38|0.55
epoch:165, loss: 0.11511882642904918, other:0.92|1.00|0.96, company:0.99|0.82|0.89, address:0.99|0.80|0.89, date:1.00|0.49|0.65, total:0.97|0.35|0.52
epoch:166, loss: 0.11047582631861722, other:0.93|1.00|0.96, company:0.99|0.79|0.88, address:0.99|0.78|0.88, date:0.99|0.59|0.74, total:0.97|0.37|0.54
epoch:167, loss: 0.13650173583516367, other:0.93|1.00|0.96, company:0.92|0.87|0.89, address:0.96|0.81|0.88, date:0.99|0.58|0.73, total:0.98|0.34|0.50
epoch:168, loss: 0.1121930480003357, other:0.93|1.00|0.96, company:0.99|0.77|0.87, address:0.99|0.78|0.87, date:1.00|0.57|0.72, total:0.97|0.36|0.53
epoch:169, loss: 0.11216214823502081, other:0.93|1.00|0.96, company:0.99|0.84|0.91, address:0.99|0.84|0.91, date:1.00|0.54|0.70, total:0.98|0.35|0.52
epoch:170, loss: 0.11250053539320275, other:0.93|1.00|0.96, company:0.98|0.83|0.90, address:0.99|0.84|0.91, date:1.00|0.59|0.74, total:0.98|0.34|0.51
epoch:171, loss: 0.11021663110565257, other:0.93|1.00|0.96, company:0.99|0.81|0.89, address:1.00|0.78|0.87, date:1.00|0.54|0.70, total:0.97|0.37|0.53
epoch:172, loss: 0.11080106844504674, other:0.94|1.00|0.97, company:0.96|0.84|0.90, address:0.99|0.82|0.90, date:1.00|0.60|0.75, total:0.97|0.39|0.56
epoch:173, loss: 0.10552796279942547, other:0.94|1.00|0.97, company:0.96|0.87|0.91, address:1.00|0.82|0.90, date:1.00|0.60|0.75, total:0.98|0.37|0.54
epoch:174, loss: 0.10694428864452574, other:0.93|1.00|0.96, company:0.98|0.85|0.91, address:1.00|0.83|0.90, date:1.00|0.56|0.72, total:0.98|0.36|0.53
epoch:175, loss: 0.10529813363596245, other:0.93|1.00|0.97, company:0.98|0.83|0.90, address:1.00|0.83|0.91, date:1.00|0.54|0.70, total:0.97|0.39|0.56
epoch:176, loss: 0.10407014025582208, other:0.93|1.00|0.96, company:0.97|0.86|0.91, address:1.00|0.83|0.90, date:1.00|0.57|0.73, total:0.99|0.35|0.52
epoch:177, loss: 0.09829482325801144, other:0.94|1.00|0.97, company:0.99|0.81|0.89, address:1.00|0.84|0.91, date:1.00|0.60|0.75, total:0.97|0.38|0.55
epoch:178, loss: 0.10074000943590093, other:0.93|1.00|0.96, company:0.99|0.83|0.90, address:1.00|0.83|0.90, date:1.00|0.59|0.74, total:0.99|0.36|0.52
epoch:179, loss: 0.10328007544632312, other:0.93|1.00|0.97, company:0.98|0.81|0.89, address:1.00|0.81|0.90, date:1.00|0.58|0.73, total:0.98|0.38|0.55
epoch:180, loss: 0.09830469251782806, other:0.94|1.00|0.97, company:0.99|0.84|0.91, address:1.00|0.85|0.92, date:1.00|0.59|0.74, total:0.98|0.39|0.55
epoch:181, loss: 0.10773567607005437, other:0.93|1.00|0.96, company:0.97|0.86|0.91, address:0.99|0.85|0.91, date:1.00|0.57|0.72, total:0.99|0.35|0.52
epoch:182, loss: 0.09639937430620193, other:0.94|1.00|0.97, company:0.99|0.85|0.91, address:1.00|0.83|0.90, date:1.00|0.62|0.76, total:0.97|0.40|0.56
epoch:183, loss: 0.09684052842634695, other:0.94|1.00|0.97, company:0.97|0.85|0.91, address:1.00|0.80|0.89, date:1.00|0.61|0.76, total:0.98|0.42|0.59
epoch:184, loss: 0.1008230952752961, other:0.94|1.00|0.97, company:0.96|0.86|0.90, address:0.99|0.85|0.91, date:1.00|0.60|0.75, total:0.98|0.39|0.56
epoch:185, loss: 0.10373491048812866, other:0.93|1.00|0.96, company:0.99|0.81|0.89, address:1.00|0.82|0.90, date:1.00|0.52|0.68, total:0.98|0.37|0.54
epoch:186, loss: 0.09390969657235676, other:0.94|1.00|0.97, company:0.99|0.85|0.91, address:1.00|0.84|0.91, date:1.00|0.58|0.73, total:0.98|0.38|0.55
epoch:187, loss: 0.09951240845300534, other:0.93|1.00|0.96, company:0.98|0.84|0.91, address:1.00|0.84|0.91, date:1.00|0.59|0.74, total:0.99|0.35|0.51
epoch:188, loss: 0.11298163455945474, other:0.93|1.00|0.96, company:0.95|0.86|0.90, address:1.00|0.83|0.90, date:1.00|0.55|0.71, total:0.98|0.35|0.51
epoch:189, loss: 0.09292052548240733, other:0.94|1.00|0.97, company:0.99|0.84|0.91, address:1.00|0.84|0.91, date:1.00|0.61|0.76, total:0.97|0.41|0.58
epoch:190, loss: 0.09718019211733783, other:0.93|1.00|0.97, company:0.99|0.83|0.90, address:1.00|0.84|0.91, date:1.00|0.57|0.73, total:0.99|0.37|0.54
epoch:191, loss: 0.10009371489286423, other:0.93|1.00|0.97, company:0.99|0.83|0.90, address:1.00|0.83|0.91, date:1.00|0.54|0.70, total:0.99|0.39|0.55
epoch:192, loss: 0.0971362124438639, other:0.94|1.00|0.97, company:0.99|0.85|0.91, address:0.99|0.87|0.93, date:1.00|0.62|0.76, total:0.98|0.37|0.54
epoch:193, loss: 0.10517442116030941, other:0.93|1.00|0.96, company:0.99|0.84|0.91, address:1.00|0.84|0.91, date:1.00|0.56|0.72, total:0.98|0.34|0.51
epoch:194, loss: 0.10205873626249808, other:0.94|1.00|0.97, company:0.98|0.86|0.92, address:1.00|0.84|0.91, date:1.00|0.59|0.74, total:0.98|0.36|0.53
epoch:195, loss: 0.09538748970738163, other:0.94|1.00|0.97, company:0.98|0.84|0.91, address:1.00|0.85|0.91, date:1.00|0.56|0.72, total:0.99|0.39|0.56
epoch:196, loss: 0.10288797429314366, other:0.94|1.00|0.97, company:0.95|0.86|0.90, address:0.99|0.85|0.92, date:1.00|0.60|0.75, total:0.99|0.38|0.55
epoch:197, loss: 0.09988456909303312, other:0.94|1.00|0.97, company:0.97|0.85|0.91, address:1.00|0.86|0.93, date:1.00|0.54|0.70, total:0.98|0.39|0.56
epoch:198, loss: 0.0960681700596103, other:0.94|1.00|0.97, company:0.99|0.85|0.92, address:1.00|0.84|0.91, date:1.00|0.58|0.74, total:0.98|0.39|0.56
epoch:199, loss: 0.0936347668369611, other:0.94|1.00|0.97, company:0.98|0.86|0.92, address:1.00|0.84|0.91, date:1.00|0.62|0.76, total:0.98|0.39|0.56
epoch:200, loss: 0.08787054347771185, other:0.94|1.00|0.97, company:0.99|0.83|0.90, address:0.99|0.87|0.93, date:1.00|0.65|0.79, total:0.98|0.39|0.56
epoch:201, loss: 0.10303673562076357, other:0.93|1.00|0.97, company:0.97|0.85|0.91, address:1.00|0.84|0.91, date:1.00|0.51|0.68, total:0.98|0.40|0.56
epoch:202, loss: 0.0966904408953808, other:0.94|1.00|0.97, company:0.97|0.87|0.92, address:0.99|0.85|0.92, date:1.00|0.60|0.75, total:0.98|0.41|0.58
epoch:203, loss: 0.09926528731981914, other:0.93|1.00|0.96, company:0.99|0.84|0.91, address:1.00|0.81|0.90, date:1.00|0.55|0.71, total:0.99|0.35|0.52
epoch:204, loss: 0.0981056993758237, other:0.93|1.00|0.96, company:0.99|0.81|0.89, address:0.99|0.80|0.89, date:1.00|0.60|0.75, total:0.99|0.36|0.53
epoch:205, loss: 0.09771677216997852, other:0.93|1.00|0.97, company:0.99|0.84|0.91, address:1.00|0.84|0.91, date:1.00|0.52|0.69, total:0.99|0.39|0.55
epoch:206, loss: 0.09601372176850284, other:0.94|1.00|0.97, company:0.98|0.87|0.92, address:0.99|0.87|0.93, date:1.00|0.63|0.77, total:0.98|0.38|0.54
epoch:207, loss: 0.09440810509301999, other:0.94|1.00|0.97, company:1.00|0.82|0.90, address:1.00|0.85|0.92, date:1.00|0.58|0.73, total:0.96|0.40|0.56
epoch:208, loss: 0.09351749525026039, other:0.94|1.00|0.97, company:0.98|0.88|0.92, address:1.00|0.87|0.93, date:1.00|0.56|0.72, total:0.98|0.41|0.58
epoch:209, loss: 0.09640043063296212, other:0.94|1.00|0.97, company:0.96|0.86|0.90, address:1.00|0.84|0.91, date:1.00|0.61|0.76, total:0.99|0.39|0.56
epoch:210, loss: 0.09531593709080308, other:0.93|1.00|0.97, company:0.99|0.85|0.91, address:1.00|0.85|0.92, date:1.00|0.55|0.71, total:0.99|0.38|0.55
epoch:211, loss: 0.09333538595173094, other:0.94|1.00|0.97, company:0.99|0.84|0.91, address:0.99|0.88|0.93, date:1.00|0.63|0.77, total:0.98|0.39|0.55
epoch:212, loss: 0.08848203373727975, other:0.94|1.00|0.97, company:0.98|0.86|0.92, address:1.00|0.86|0.92, date:1.00|0.62|0.76, total:0.98|0.41|0.57
epoch:213, loss: 0.09013573577006657, other:0.94|1.00|0.97, company:0.99|0.85|0.92, address:1.00|0.86|0.92, date:1.00|0.61|0.75, total:0.99|0.39|0.56
epoch:214, loss: 0.08935880053926397, other:0.94|1.00|0.97, company:0.99|0.85|0.91, address:1.00|0.86|0.92, date:1.00|0.58|0.73, total:0.99|0.40|0.57
epoch:215, loss: 0.09388579097059038, other:0.94|1.00|0.97, company:0.98|0.86|0.92, address:1.00|0.85|0.92, date:1.00|0.62|0.77, total:0.99|0.37|0.54
epoch:216, loss: 0.09247522787363441, other:0.94|1.00|0.97, company:0.99|0.84|0.91, address:1.00|0.85|0.92, date:1.00|0.62|0.77, total:0.99|0.38|0.55
epoch:217, loss: 0.09535420520438088, other:0.94|1.00|0.97, company:0.97|0.87|0.92, address:1.00|0.84|0.91, date:1.00|0.60|0.75, total:0.99|0.41|0.58
epoch:218, loss: 0.09246121774669047, other:0.94|1.00|0.97, company:0.99|0.83|0.90, address:1.00|0.85|0.92, date:1.00|0.62|0.76, total:0.99|0.39|0.56
epoch:219, loss: 0.08545575870407952, other:0.94|1.00|0.97, company:0.99|0.85|0.91, address:1.00|0.87|0.93, date:1.00|0.63|0.77, total:0.98|0.41|0.57
epoch:220, loss: 0.09089625902749875, other:0.94|1.00|0.97, company:0.98|0.87|0.92, address:1.00|0.86|0.92, date:1.00|0.57|0.72, total:0.98|0.42|0.59
epoch:221, loss: 0.08513520478650376, other:0.94|1.00|0.97, company:0.99|0.86|0.92, address:1.00|0.86|0.92, date:1.00|0.58|0.74, total:0.99|0.42|0.59
epoch:222, loss: 0.08276817699273427, other:0.95|1.00|0.97, company:0.99|0.87|0.92, address:1.00|0.87|0.93, date:1.00|0.62|0.76, total:0.99|0.42|0.59
epoch:223, loss: 0.0876295203687968, other:0.94|1.00|0.97, company:0.99|0.83|0.91, address:1.00|0.86|0.92, date:1.00|0.56|0.72, total:0.99|0.40|0.58
epoch:224, loss: 0.08719110930407489, other:0.95|1.00|0.97, company:0.98|0.88|0.93, address:1.00|0.87|0.93, date:1.00|0.65|0.79, total:0.99|0.41|0.58
epoch:225, loss: 0.10773265389380632, other:0.94|1.00|0.97, company:0.92|0.88|0.90, address:0.99|0.86|0.92, date:1.00|0.55|0.71, total:0.99|0.39|0.56
epoch:226, loss: 0.08187924766982044, other:0.95|1.00|0.97, company:0.99|0.83|0.90, address:1.00|0.87|0.93, date:1.00|0.66|0.79, total:0.99|0.41|0.58
epoch:227, loss: 0.10819607586772353, other:0.94|1.00|0.97, company:0.92|0.88|0.90, address:0.99|0.82|0.90, date:1.00|0.60|0.75, total:0.99|0.40|0.57
epoch:228, loss: 0.10059277906461998, other:0.94|1.00|0.97, company:0.97|0.86|0.91, address:1.00|0.86|0.92, date:1.00|0.55|0.71, total:0.99|0.38|0.54
epoch:229, loss: 0.09644965275570198, other:0.93|1.00|0.96, company:0.98|0.85|0.91, address:1.00|0.85|0.92, date:1.00|0.60|0.75, total:1.00|0.33|0.50
epoch:230, loss: 0.08520485253797637, other:0.95|1.00|0.97, company:0.99|0.85|0.92, address:1.00|0.87|0.93, date:1.00|0.66|0.80, total:0.97|0.42|0.59
epoch:231, loss: 0.08797156327852497, other:0.94|1.00|0.97, company:1.00|0.83|0.90, address:1.00|0.85|0.92, date:1.00|0.61|0.76, total:0.99|0.37|0.54
epoch:232, loss: 0.08901542011234495, other:0.94|1.00|0.97, company:0.98|0.86|0.92, address:1.00|0.84|0.91, date:1.00|0.63|0.77, total:0.99|0.39|0.56
epoch:233, loss: 0.08608278866719317, other:0.94|1.00|0.97, company:0.99|0.87|0.93, address:1.00|0.87|0.93, date:1.00|0.64|0.78, total:0.98|0.39|0.56
epoch:234, loss: 0.08179779226581256, other:0.95|1.00|0.97, company:0.99|0.85|0.92, address:1.00|0.88|0.94, date:1.00|0.62|0.76, total:0.98|0.46|0.63
epoch:235, loss: 0.08355877920985222, other:0.94|1.00|0.97, company:0.99|0.84|0.91, address:1.00|0.86|0.92, date:1.00|0.62|0.77, total:0.99|0.41|0.58
epoch:236, loss: 0.10012006456101383, other:0.94|1.00|0.97, company:0.95|0.86|0.90, address:0.98|0.87|0.93, date:1.00|0.61|0.75, total:1.00|0.38|0.55
epoch:237, loss: 0.11725816654938238, other:0.93|1.00|0.97, company:0.92|0.87|0.90, address:0.99|0.81|0.89, date:1.00|0.57|0.73, total:0.99|0.38|0.55
epoch:238, loss: 0.08536467204491298, other:0.94|1.00|0.97, company:0.99|0.82|0.90, address:1.00|0.85|0.92, date:1.00|0.64|0.78, total:0.99|0.39|0.56
epoch:239, loss: 0.08560804374240062, other:0.95|1.00|0.97, company:0.99|0.83|0.90, address:1.00|0.86|0.93, date:1.00|0.59|0.74, total:0.98|0.44|0.61
epoch:240, loss: 0.07930558368011757, other:0.95|1.00|0.97, company:1.00|0.86|0.92, address:1.00|0.87|0.93, date:1.00|0.64|0.78, total:0.99|0.43|0.59
epoch:241, loss: 0.08091350520650546, other:0.95|1.00|0.97, company:0.99|0.85|0.91, address:1.00|0.87|0.93, date:1.00|0.62|0.77, total:0.99|0.41|0.58
epoch:242, loss: 0.09139861083692974, other:0.94|1.00|0.97, company:0.98|0.87|0.92, address:1.00|0.87|0.93, date:1.00|0.63|0.77, total:1.00|0.37|0.54
epoch:243, loss: 0.08623832643583969, other:0.95|1.00|0.97, company:0.98|0.87|0.92, address:1.00|0.89|0.94, date:1.00|0.63|0.77, total:0.99|0.40|0.57
epoch:244, loss: 0.07905801951333329, other:0.95|1.00|0.97, company:0.99|0.87|0.92, address:1.00|0.87|0.93, date:1.00|0.68|0.81, total:0.99|0.43|0.59
epoch:245, loss: 0.07800179871696013, other:0.95|1.00|0.97, company:1.00|0.84|0.91, address:1.00|0.87|0.93, date:1.00|0.62|0.76, total:0.99|0.43|0.60
epoch:246, loss: 0.0871381537505874, other:0.94|1.00|0.97, company:0.99|0.84|0.91, address:1.00|0.84|0.91, date:1.00|0.61|0.76, total:0.98|0.43|0.60
epoch:247, loss: 0.08433519207217076, other:0.95|1.00|0.97, company:0.99|0.85|0.92, address:1.00|0.86|0.93, date:1.00|0.64|0.78, total:0.98|0.41|0.58
epoch:248, loss: 0.08315777406096458, other:0.95|1.00|0.97, company:1.00|0.83|0.91, address:1.00|0.86|0.92, date:1.00|0.60|0.75, total:0.98|0.43|0.60
epoch:249, loss: 0.09006861183378431, other:0.94|1.00|0.97, company:0.99|0.86|0.92, address:1.00|0.84|0.91, date:1.00|0.62|0.77, total:0.99|0.36|0.53
epoch:250, loss: 0.09147429397260701, other:0.94|1.00|0.97, company:0.99|0.88|0.93, address:1.00|0.88|0.93, date:1.00|0.64|0.78, total:0.99|0.38|0.55
epoch:251, loss: 0.084457420916469, other:0.95|1.00|0.97, company:0.99|0.87|0.93, address:1.00|0.87|0.93, date:1.00|0.64|0.78, total:0.99|0.41|0.58
epoch:252, loss: 0.08375282571823509, other:0.95|1.00|0.97, company:0.99|0.87|0.93, address:1.00|0.86|0.92, date:1.00|0.63|0.77, total:0.98|0.45|0.62
epoch:253, loss: 0.0805490719223464, other:0.95|1.00|0.97, company:0.99|0.85|0.92, address:1.00|0.89|0.94, date:1.00|0.62|0.77, total:0.99|0.40|0.57
epoch:254, loss: 0.07903796917310467, other:0.95|1.00|0.97, company:1.00|0.86|0.92, address:1.00|0.87|0.93, date:1.00|0.62|0.77, total:1.00|0.42|0.59
epoch:255, loss: 0.08948851183608726, other:0.94|1.00|0.97, company:0.99|0.82|0.90, address:0.99|0.86|0.92, date:1.00|0.61|0.76, total:0.98|0.41|0.58
epoch:256, loss: 0.08474769512260402, other:0.94|1.00|0.97, company:1.00|0.85|0.92, address:1.00|0.86|0.93, date:1.00|0.57|0.72, total:0.99|0.42|0.59
epoch:257, loss: 0.08095339175175738, other:0.95|1.00|0.97, company:0.98|0.87|0.92, address:1.00|0.88|0.93, date:1.00|0.66|0.79, total:0.99|0.43|0.60
epoch:258, loss: 0.07577538752445469, other:0.95|1.00|0.98, company:1.00|0.86|0.92, address:1.00|0.89|0.94, date:1.00|0.65|0.79, total:0.99|0.46|0.63
epoch:259, loss: 0.07877020358487412, other:0.94|1.00|0.97, company:0.99|0.86|0.92, address:1.00|0.86|0.92, date:1.00|0.65|0.79, total:1.00|0.40|0.57
epoch:260, loss: 0.0792182018911397, other:0.95|1.00|0.97, company:1.00|0.87|0.93, address:1.00|0.88|0.94, date:1.00|0.61|0.75, total:0.99|0.41|0.58
epoch:261, loss: 0.07727139774296019, other:0.95|1.00|0.98, company:0.99|0.87|0.92, address:1.00|0.89|0.94, date:1.00|0.66|0.79, total:0.99|0.45|0.62
epoch:262, loss: 0.07693449366423818, other:0.95|1.00|0.97, company:1.00|0.86|0.93, address:1.00|0.90|0.94, date:1.00|0.65|0.79, total:0.99|0.40|0.57
epoch:263, loss: 0.07445913663616886, other:0.95|1.00|0.98, company:0.99|0.86|0.92, address:1.00|0.89|0.94, date:1.00|0.65|0.78, total:0.99|0.45|0.62
epoch:264, loss: 0.08003204522861375, other:0.94|1.00|0.97, company:1.00|0.83|0.91, address:1.00|0.87|0.93, date:1.00|0.61|0.76, total:0.99|0.39|0.56
epoch:265, loss: 0.08074837771278841, other:0.95|1.00|0.97, company:1.00|0.83|0.91, address:1.00|0.88|0.93, date:1.00|0.67|0.80, total:0.97|0.40|0.57
epoch:266, loss: 0.0757177229280825, other:0.95|1.00|0.98, company:0.99|0.86|0.92, address:1.00|0.87|0.93, date:1.00|0.68|0.81, total:0.98|0.45|0.61
epoch:267, loss: 0.0746331942026262, other:0.95|1.00|0.97, company:0.99|0.86|0.92, address:1.00|0.88|0.94, date:1.00|0.68|0.81, total:1.00|0.41|0.58
epoch:268, loss: 0.07823530915710661, other:0.95|1.00|0.97, company:0.99|0.85|0.92, address:1.00|0.88|0.93, date:1.00|0.63|0.78, total:1.00|0.43|0.60
epoch:269, loss: 0.07608971468828342, other:0.95|1.00|0.98, company:0.99|0.88|0.93, address:1.00|0.87|0.93, date:1.00|0.64|0.78, total:0.99|0.46|0.63
epoch:270, loss: 0.07424459330461643, other:0.95|1.00|0.97, company:1.00|0.86|0.92, address:1.00|0.85|0.92, date:1.00|0.66|0.80, total:0.99|0.43|0.60
epoch:271, loss: 0.07469890542604306, other:0.95|1.00|0.97, company:0.99|0.86|0.92, address:1.00|0.88|0.94, date:1.00|0.66|0.79, total:0.99|0.42|0.59
epoch:272, loss: 0.07236504444369564, other:0.95|1.00|0.97, company:1.00|0.86|0.92, address:1.00|0.87|0.93, date:1.00|0.65|0.79, total:1.00|0.43|0.60
epoch:273, loss: 0.07302540678668905, other:0.95|1.00|0.97, company:0.99|0.86|0.92, address:1.00|0.89|0.94, date:1.00|0.65|0.78, total:1.00|0.42|0.59
epoch:274, loss: 0.07900768601232105, other:0.94|1.00|0.97, company:0.99|0.85|0.92, address:1.00|0.85|0.92, date:1.00|0.63|0.77, total:0.99|0.42|0.59
epoch:275, loss: 0.07396070507389528, other:0.95|1.00|0.98, company:1.00|0.86|0.92, address:1.00|0.90|0.94, date:1.00|0.67|0.80, total:0.98|0.45|0.62
epoch:276, loss: 0.0740106308625804, other:0.95|1.00|0.97, company:0.99|0.86|0.92, address:1.00|0.90|0.95, date:1.00|0.65|0.79, total:0.99|0.42|0.59
epoch:277, loss: 0.06774913961136783, other:0.96|1.00|0.98, company:1.00|0.85|0.92, address:1.00|0.88|0.93, date:1.00|0.67|0.81, total:0.98|0.48|0.64
epoch:278, loss: 0.07234064668968872, other:0.95|1.00|0.98, company:0.99|0.88|0.93, address:1.00|0.88|0.93, date:1.00|0.66|0.80, total:0.99|0.46|0.63
epoch:279, loss: 0.07375812337354377, other:0.95|1.00|0.98, company:0.99|0.87|0.92, address:1.00|0.88|0.93, date:1.00|0.66|0.79, total:0.99|0.46|0.63
epoch:280, loss: 0.07236017024627438, other:0.95|1.00|0.97, company:0.99|0.85|0.91, address:1.00|0.87|0.93, date:1.00|0.62|0.77, total:0.99|0.46|0.63
epoch:281, loss: 0.07854855543485394, other:0.95|1.00|0.97, company:0.99|0.87|0.93, address:1.00|0.84|0.91, date:1.00|0.61|0.76, total:0.99|0.46|0.63
epoch:282, loss: 0.07086733038778659, other:0.95|1.00|0.98, company:0.99|0.86|0.92, address:1.00|0.89|0.94, date:1.00|0.65|0.79, total:0.99|0.47|0.64
epoch:283, loss: 0.0754706493958279, other:0.95|1.00|0.97, company:0.99|0.88|0.93, address:1.00|0.90|0.95, date:1.00|0.67|0.80, total:1.00|0.40|0.57
epoch:284, loss: 0.07179716919307355, other:0.96|1.00|0.98, company:0.99|0.86|0.92, address:1.00|0.89|0.94, date:1.00|0.63|0.77, total:0.97|0.49|0.65
epoch:285, loss: 0.0751799965898196, other:0.95|1.00|0.97, company:1.00|0.83|0.91, address:1.00|0.86|0.92, date:1.00|0.67|0.80, total:0.99|0.42|0.59
epoch:286, loss: 0.07796185932777545, other:0.94|1.00|0.97, company:1.00|0.86|0.92, address:1.00|0.88|0.93, date:1.00|0.57|0.73, total:0.99|0.42|0.59
epoch:287, loss: 0.07137867311636607, other:0.96|1.00|0.98, company:0.99|0.86|0.92, address:1.00|0.91|0.95, date:1.00|0.71|0.83, total:0.98|0.44|0.61
epoch:288, loss: 0.07279436648995788, other:0.95|1.00|0.97, company:0.99|0.87|0.93, address:1.00|0.88|0.94, date:1.00|0.64|0.78, total:1.00|0.44|0.61
epoch:289, loss: 0.07492824740431926, other:0.95|1.00|0.97, company:0.98|0.88|0.93, address:1.00|0.88|0.94, date:1.00|0.64|0.78, total:0.99|0.42|0.59
epoch:290, loss: 0.06754213088640461, other:0.96|1.00|0.98, company:1.00|0.86|0.93, address:1.00|0.89|0.94, date:1.00|0.67|0.80, total:0.99|0.47|0.64
epoch:291, loss: 0.06881064576683221, other:0.96|1.00|0.98, company:0.99|0.88|0.94, address:1.00|0.91|0.95, date:1.00|0.66|0.79, total:0.99|0.48|0.64
epoch:292, loss: 0.06457983674826445, other:0.96|1.00|0.98, company:1.00|0.85|0.92, address:1.00|0.90|0.95, date:1.00|0.68|0.81, total:0.99|0.49|0.66
epoch:293, loss: 0.0659119067368684, other:0.96|1.00|0.98, company:1.00|0.85|0.92, address:1.00|0.90|0.95, date:1.00|0.68|0.81, total:0.99|0.46|0.63
epoch:294, loss: 0.06830266531970766, other:0.95|1.00|0.98, company:1.00|0.84|0.91, address:1.00|0.86|0.92, date:1.00|0.66|0.80, total:0.99|0.47|0.64
epoch:295, loss: 0.06852203428193375, other:0.95|1.00|0.98, company:1.00|0.87|0.93, address:1.00|0.90|0.95, date:1.00|0.65|0.79, total:1.00|0.44|0.61
epoch:296, loss: 0.07003165864282185, other:0.95|1.00|0.98, company:1.00|0.86|0.92, address:1.00|0.91|0.95, date:1.00|0.70|0.82, total:0.98|0.43|0.60
epoch:297, loss: 0.0679369183878104, other:0.95|1.00|0.98, company:1.00|0.85|0.92, address:1.00|0.89|0.94, date:1.00|0.70|0.82, total:1.00|0.44|0.61
epoch:298, loss: 0.07506573048454744, other:0.95|1.00|0.97, company:1.00|0.86|0.92, address:1.00|0.88|0.93, date:1.00|0.60|0.75, total:1.00|0.44|0.61
epoch:299, loss: 0.07064488944080141, other:0.96|1.00|0.98, company:0.99|0.87|0.93, address:1.00|0.90|0.95, date:1.00|0.64|0.78, total:0.99|0.47|0.64
