epoch:0, loss: 1.0485110371201127, other:0.92|0.96|0.94, company:0.00|0.00|0.00, address:0.92|0.32|0.48, date:0.00|0.00|0.00, total:0.02|0.60|0.05
epoch:1, loss: 0.7856160843813861, other:0.90|0.96|0.93, company:0.00|0.00|0.00, address:0.92|0.34|0.50, date:0.00|0.00|0.00, total:0.36|0.18|0.24
epoch:2, loss: 0.6905517600200795, other:0.83|0.97|0.89, company:0.12|0.75|0.21, address:0.96|0.35|0.51, date:0.09|0.28|0.14, total:0.67|0.14|0.23
epoch:3, loss: 0.6383324177176865, other:0.82|0.98|0.89, company:0.34|0.62|0.44, address:0.91|0.36|0.52, date:0.23|0.27|0.25, total:0.71|0.14|0.23
epoch:4, loss: 0.5976265911702756, other:0.83|0.98|0.90, company:0.40|0.68|0.50, address:0.93|0.39|0.54, date:0.35|0.30|0.32, total:0.70|0.15|0.24
epoch:5, loss: 0.5731848500393055, other:0.81|0.98|0.89, company:0.53|0.68|0.60, address:0.90|0.41|0.56, date:0.38|0.28|0.33, total:0.77|0.13|0.23
epoch:6, loss: 0.5451015973532641, other:0.81|0.98|0.88, company:0.51|0.76|0.61, address:0.95|0.41|0.57, date:0.43|0.28|0.34, total:0.79|0.13|0.23
epoch:7, loss: 0.5150262316068014, other:0.82|0.98|0.89, company:0.66|0.76|0.71, address:0.94|0.43|0.59, date:0.45|0.27|0.34, total:0.75|0.14|0.24
epoch:8, loss: 0.4942384053159643, other:0.81|0.98|0.89, company:0.61|0.80|0.69, address:0.95|0.44|0.60, date:0.49|0.27|0.35, total:0.79|0.14|0.24
epoch:9, loss: 0.4712122513188256, other:0.83|0.98|0.90, company:0.73|0.79|0.76, address:0.95|0.45|0.61, date:0.51|0.27|0.36, total:0.74|0.16|0.26
epoch:10, loss: 0.45137174813835707, other:0.82|0.98|0.89, company:0.74|0.79|0.77, address:0.94|0.46|0.62, date:0.53|0.28|0.37, total:0.80|0.15|0.25
epoch:11, loss: 0.43649283713764614, other:0.81|0.99|0.89, company:0.78|0.80|0.79, address:0.96|0.46|0.62, date:0.57|0.28|0.37, total:0.85|0.15|0.26
epoch:12, loss: 0.4194987725328516, other:0.82|0.98|0.90, company:0.75|0.84|0.79, address:0.96|0.48|0.64, date:0.64|0.26|0.37, total:0.78|0.16|0.27
epoch:13, loss: 0.4065660668743981, other:0.82|0.99|0.89, company:0.77|0.84|0.80, address:0.97|0.48|0.64, date:0.61|0.29|0.39, total:0.85|0.16|0.27
epoch:14, loss: 0.39542843125484606, other:0.82|0.99|0.89, company:0.80|0.82|0.81, address:0.97|0.49|0.65, date:0.64|0.27|0.39, total:0.86|0.16|0.27
epoch:15, loss: 0.3861479704026823, other:0.82|0.99|0.89, company:0.81|0.83|0.82, address:0.98|0.47|0.64, date:0.64|0.30|0.41, total:0.86|0.17|0.28
epoch:16, loss: 0.3795641748993485, other:0.81|0.99|0.89, company:0.83|0.80|0.81, address:0.98|0.47|0.63, date:0.66|0.30|0.42, total:0.89|0.16|0.27
epoch:17, loss: 0.36651970722057203, other:0.82|0.99|0.90, company:0.84|0.80|0.82, address:0.98|0.47|0.64, date:0.67|0.32|0.44, total:0.88|0.17|0.29
epoch:18, loss: 0.35910648107528687, other:0.82|0.99|0.90, company:0.84|0.81|0.83, address:0.97|0.50|0.66, date:0.71|0.29|0.42, total:0.89|0.17|0.29
epoch:19, loss: 0.3584728980505908, other:0.82|0.99|0.89, company:0.82|0.82|0.82, address:0.98|0.52|0.68, date:0.74|0.27|0.40, total:0.89|0.17|0.28
epoch:20, loss: 0.3393863384370451, other:0.84|0.99|0.91, company:0.84|0.83|0.84, address:0.98|0.52|0.68, date:0.74|0.30|0.43, total:0.84|0.19|0.31
epoch:21, loss: 0.3337253917146612, other:0.84|0.99|0.91, company:0.84|0.81|0.83, address:0.98|0.52|0.68, date:0.75|0.30|0.42, total:0.83|0.19|0.31
epoch:22, loss: 0.34844175201875194, other:0.83|0.99|0.90, company:0.79|0.84|0.81, address:0.98|0.53|0.69, date:0.76|0.29|0.42, total:0.87|0.18|0.30
epoch:23, loss: 0.3274565239747365, other:0.85|0.99|0.91, company:0.84|0.81|0.83, address:0.98|0.54|0.70, date:0.74|0.30|0.43, total:0.84|0.20|0.32
epoch:24, loss: 0.32130115506825624, other:0.84|0.99|0.91, company:0.85|0.81|0.83, address:0.98|0.52|0.68, date:0.76|0.30|0.43, total:0.83|0.20|0.33
epoch:25, loss: 0.3173931511463942, other:0.83|0.99|0.91, company:0.86|0.80|0.83, address:0.98|0.53|0.69, date:0.80|0.29|0.42, total:0.86|0.20|0.32
epoch:26, loss: 0.31486321875342616, other:0.83|0.99|0.90, company:0.84|0.82|0.83, address:0.98|0.55|0.71, date:0.82|0.28|0.42, total:0.89|0.19|0.31
epoch:27, loss: 0.30376033429746274, other:0.85|0.99|0.92, company:0.88|0.79|0.83, address:0.98|0.55|0.70, date:0.82|0.28|0.42, total:0.79|0.24|0.36
epoch:28, loss: 0.3099871393707063, other:0.84|0.99|0.91, company:0.85|0.82|0.83, address:0.98|0.56|0.71, date:0.80|0.32|0.45, total:0.88|0.20|0.33
epoch:29, loss: 0.30922920670774245, other:0.84|0.99|0.91, company:0.84|0.83|0.83, address:0.98|0.58|0.73, date:0.80|0.30|0.43, total:0.91|0.19|0.31
epoch:30, loss: 0.30038898079483595, other:0.84|0.99|0.91, company:0.85|0.81|0.83, address:0.99|0.55|0.71, date:0.85|0.27|0.41, total:0.87|0.21|0.34
epoch:31, loss: 0.2923181183912136, other:0.85|0.99|0.91, company:0.87|0.82|0.84, address:0.99|0.57|0.72, date:0.81|0.31|0.44, total:0.87|0.21|0.34
epoch:32, loss: 0.3051305689193584, other:0.84|0.99|0.91, company:0.83|0.81|0.82, address:0.98|0.59|0.74, date:0.83|0.30|0.44, total:0.91|0.20|0.32
epoch:33, loss: 0.2866226561643459, other:0.86|0.99|0.92, company:0.86|0.82|0.84, address:0.98|0.59|0.74, date:0.82|0.31|0.44, total:0.84|0.23|0.36
epoch:34, loss: 0.2964403458215572, other:0.85|0.99|0.92, company:0.85|0.82|0.83, address:0.97|0.61|0.75, date:0.84|0.29|0.44, total:0.89|0.21|0.34
epoch:35, loss: 0.27502777289461205, other:0.86|0.99|0.92, company:0.90|0.80|0.84, address:0.98|0.62|0.76, date:0.85|0.30|0.45, total:0.86|0.23|0.36
epoch:36, loss: 0.28062123832879243, other:0.84|0.99|0.91, company:0.90|0.80|0.85, address:0.98|0.58|0.73, date:0.85|0.31|0.46, total:0.91|0.20|0.33
epoch:37, loss: 0.2792905475254412, other:0.85|0.99|0.91, company:0.87|0.81|0.84, address:0.99|0.59|0.73, date:0.82|0.33|0.47, total:0.92|0.20|0.33
epoch:38, loss: 0.2822745436871493, other:0.84|0.99|0.91, company:0.86|0.82|0.84, address:0.99|0.60|0.74, date:0.83|0.30|0.44, total:0.93|0.20|0.33
epoch:39, loss: 0.27265669626218303, other:0.85|0.99|0.92, company:0.90|0.77|0.83, address:0.98|0.61|0.75, date:0.87|0.28|0.42, total:0.86|0.23|0.36
epoch:40, loss: 0.28047799732949996, other:0.84|0.99|0.91, company:0.87|0.81|0.84, address:0.98|0.60|0.75, date:0.89|0.29|0.44, total:0.93|0.20|0.33
epoch:41, loss: 0.28311993843979305, other:0.87|0.99|0.93, company:0.82|0.84|0.83, address:0.98|0.62|0.76, date:0.82|0.32|0.46, total:0.88|0.23|0.37
epoch:42, loss: 0.26659273604551953, other:0.86|0.99|0.92, company:0.90|0.81|0.85, address:0.98|0.64|0.78, date:0.85|0.33|0.47, total:0.92|0.21|0.34
epoch:43, loss: 0.2695254992555689, other:0.87|0.99|0.93, company:0.86|0.83|0.85, address:0.97|0.65|0.78, date:0.86|0.32|0.46, total:0.88|0.24|0.38
epoch:44, loss: 0.26125898074220727, other:0.86|0.99|0.92, company:0.89|0.82|0.85, address:0.98|0.64|0.78, date:0.90|0.30|0.44, total:0.90|0.23|0.37
epoch:45, loss: 0.2623712608107814, other:0.86|0.99|0.92, company:0.87|0.83|0.85, address:0.98|0.62|0.76, date:0.88|0.32|0.47, total:0.90|0.23|0.37
epoch:46, loss: 0.25907363107910863, other:0.87|0.99|0.93, company:0.88|0.83|0.86, address:0.98|0.64|0.78, date:0.89|0.33|0.48, total:0.91|0.23|0.37
epoch:47, loss: 0.2500837058932693, other:0.86|0.99|0.92, company:0.89|0.81|0.85, address:0.98|0.63|0.77, date:0.89|0.33|0.48, total:0.91|0.23|0.37
epoch:48, loss: 0.2689988684874994, other:0.88|0.99|0.93, company:0.85|0.83|0.84, address:0.97|0.67|0.79, date:0.85|0.36|0.51, total:0.90|0.23|0.37
epoch:49, loss: 0.24336686564816368, other:0.86|1.00|0.92, company:0.92|0.79|0.85, address:0.99|0.61|0.75, date:0.89|0.35|0.50, total:0.93|0.22|0.36
epoch:50, loss: 0.24825495647059548, other:0.87|0.99|0.93, company:0.89|0.81|0.85, address:0.98|0.65|0.78, date:0.88|0.34|0.49, total:0.91|0.23|0.37
epoch:51, loss: 0.24806666043069628, other:0.88|0.99|0.93, company:0.88|0.82|0.85, address:0.98|0.65|0.78, date:0.88|0.39|0.54, total:0.91|0.24|0.38
epoch:52, loss: 0.2392526732550727, other:0.87|0.99|0.93, company:0.92|0.79|0.85, address:0.99|0.64|0.78, date:0.90|0.32|0.47, total:0.90|0.25|0.39
epoch:53, loss: 0.24843267213415215, other:0.87|0.99|0.93, company:0.87|0.83|0.85, address:0.98|0.65|0.78, date:0.90|0.33|0.49, total:0.92|0.23|0.37
epoch:54, loss: 0.24133287094257497, other:0.88|0.99|0.93, company:0.89|0.83|0.86, address:0.98|0.68|0.80, date:0.89|0.38|0.53, total:0.92|0.24|0.38
epoch:55, loss: 0.24193566430498054, other:0.87|0.99|0.93, company:0.91|0.81|0.86, address:0.97|0.69|0.81, date:0.91|0.32|0.47, total:0.91|0.25|0.39
epoch:56, loss: 0.25199880809695635, other:0.87|0.99|0.93, company:0.88|0.83|0.85, address:0.97|0.68|0.80, date:0.86|0.39|0.54, total:0.95|0.22|0.36
epoch:57, loss: 0.24035354068985693, other:0.89|0.99|0.94, company:0.88|0.83|0.86, address:0.98|0.65|0.78, date:0.88|0.36|0.51, total:0.89|0.28|0.42
epoch:58, loss: 0.2253915904848664, other:0.87|1.00|0.93, company:0.94|0.77|0.85, address:0.98|0.67|0.80, date:0.90|0.36|0.51, total:0.92|0.24|0.39
epoch:59, loss: 0.25591065486272174, other:0.88|0.99|0.94, company:0.83|0.84|0.83, address:0.97|0.67|0.79, date:0.89|0.37|0.52, total:0.92|0.25|0.40
epoch:60, loss: 0.2634501860097603, other:0.87|0.99|0.93, company:0.86|0.84|0.85, address:0.95|0.70|0.81, date:0.89|0.33|0.49, total:0.93|0.23|0.37
epoch:61, loss: 0.22981659129813867, other:0.87|0.99|0.93, company:0.92|0.80|0.86, address:0.98|0.67|0.79, date:0.90|0.36|0.51, total:0.93|0.24|0.38
epoch:62, loss: 0.23963573740588295, other:0.89|0.99|0.94, company:0.85|0.84|0.84, address:0.98|0.65|0.78, date:0.89|0.40|0.55, total:0.91|0.26|0.41
epoch:63, loss: 0.22871065857233824, other:0.88|0.99|0.93, company:0.91|0.81|0.86, address:0.98|0.69|0.81, date:0.90|0.39|0.54, total:0.93|0.24|0.38
epoch:64, loss: 0.22383510073026022, other:0.88|0.99|0.93, company:0.91|0.82|0.86, address:0.98|0.68|0.80, date:0.90|0.38|0.54, total:0.93|0.25|0.40
epoch:65, loss: 0.21977591900913804, other:0.88|0.99|0.93, company:0.93|0.79|0.85, address:0.98|0.69|0.81, date:0.91|0.37|0.53, total:0.92|0.25|0.40
epoch:66, loss: 0.2280484123362435, other:0.90|0.99|0.94, company:0.91|0.83|0.87, address:0.96|0.71|0.82, date:0.91|0.38|0.53, total:0.91|0.29|0.44
epoch:67, loss: 0.21711578247723756, other:0.90|0.99|0.95, company:0.91|0.82|0.86, address:0.98|0.69|0.81, date:0.91|0.41|0.57, total:0.90|0.30|0.45
epoch:68, loss: 0.23920418763602222, other:0.87|1.00|0.93, company:0.86|0.84|0.85, address:0.98|0.69|0.81, date:0.92|0.35|0.51, total:0.94|0.23|0.38
epoch:69, loss: 0.22106077273686728, other:0.89|0.99|0.94, company:0.89|0.83|0.86, address:0.98|0.68|0.80, date:0.90|0.39|0.55, total:0.92|0.27|0.42
epoch:70, loss: 0.20864362352424198, other:0.88|1.00|0.93, company:0.93|0.80|0.86, address:0.99|0.69|0.81, date:0.92|0.37|0.53, total:0.93|0.26|0.40
epoch:71, loss: 0.2238390142167056, other:0.91|0.99|0.95, company:0.88|0.83|0.86, address:0.97|0.70|0.82, date:0.89|0.39|0.55, total:0.89|0.32|0.47
epoch:72, loss: 0.2211015654934777, other:0.89|0.99|0.94, company:0.89|0.83|0.86, address:0.97|0.71|0.82, date:0.91|0.40|0.55, total:0.93|0.25|0.40
epoch:73, loss: 0.20557502519201348, other:0.89|1.00|0.94, company:0.95|0.79|0.86, address:0.98|0.73|0.84, date:0.91|0.37|0.52, total:0.93|0.26|0.41
epoch:74, loss: 0.22702058597847266, other:0.89|0.99|0.94, company:0.89|0.84|0.86, address:0.96|0.71|0.82, date:0.92|0.38|0.53, total:0.92|0.27|0.42
epoch:75, loss: 0.23841649956173366, other:0.88|0.99|0.93, company:0.85|0.84|0.85, address:0.96|0.71|0.82, date:0.93|0.35|0.51, total:0.94|0.25|0.39
epoch:76, loss: 0.23935404199141044, other:0.88|0.99|0.93, company:0.87|0.84|0.85, address:0.97|0.70|0.81, date:0.91|0.37|0.53, total:0.95|0.24|0.38
epoch:77, loss: 0.20189643292515366, other:0.90|1.00|0.94, company:0.92|0.82|0.87, address:0.98|0.70|0.82, date:0.92|0.40|0.56, total:0.92|0.28|0.43
epoch:78, loss: 0.20297924567151954, other:0.89|1.00|0.94, company:0.92|0.81|0.86, address:0.99|0.65|0.79, date:0.92|0.40|0.56, total:0.93|0.27|0.42
epoch:79, loss: 0.21561258534590402, other:0.89|0.99|0.94, company:0.92|0.83|0.87, address:0.97|0.73|0.83, date:0.93|0.35|0.51, total:0.92|0.28|0.43
epoch:80, loss: 0.19924611570658507, other:0.89|1.00|0.94, company:0.93|0.80|0.86, address:0.99|0.68|0.81, date:0.91|0.45|0.60, total:0.93|0.26|0.41
epoch:81, loss: 0.2166353651770839, other:0.90|0.99|0.94, company:0.89|0.83|0.86, address:0.97|0.72|0.83, date:0.92|0.42|0.58, total:0.94|0.26|0.41
epoch:82, loss: 0.22277690139081743, other:0.88|1.00|0.93, company:0.87|0.84|0.85, address:0.98|0.70|0.82, date:0.93|0.39|0.55, total:0.95|0.24|0.38
epoch:83, loss: 0.21456022008701606, other:0.90|0.99|0.94, company:0.89|0.84|0.86, address:0.97|0.73|0.83, date:0.92|0.39|0.55, total:0.93|0.27|0.42
epoch:84, loss: 0.2080438413001873, other:0.89|1.00|0.94, company:0.90|0.84|0.87, address:0.97|0.73|0.83, date:0.93|0.39|0.55, total:0.94|0.26|0.41
epoch:85, loss: 0.20737534209533973, other:0.88|1.00|0.94, company:0.92|0.82|0.86, address:0.99|0.71|0.82, date:0.94|0.38|0.54, total:0.95|0.25|0.40
epoch:86, loss: 0.1933295257665493, other:0.89|1.00|0.94, company:0.93|0.80|0.86, address:0.99|0.71|0.83, date:0.93|0.40|0.56, total:0.94|0.27|0.41
epoch:87, loss: 0.2199542842529438, other:0.89|1.00|0.94, company:0.87|0.84|0.86, address:0.97|0.72|0.82, date:0.93|0.42|0.57, total:0.95|0.26|0.40
epoch:88, loss: 0.1959288799100452, other:0.90|0.99|0.95, company:0.93|0.82|0.87, address:0.97|0.75|0.85, date:0.93|0.41|0.57, total:0.92|0.30|0.45
epoch:89, loss: 0.19023247725433773, other:0.89|1.00|0.94, company:0.94|0.80|0.86, address:0.99|0.72|0.84, date:0.94|0.39|0.55, total:0.94|0.27|0.42
epoch:90, loss: 0.20461041618276526, other:0.91|0.99|0.95, company:0.90|0.84|0.87, address:0.97|0.74|0.84, date:0.91|0.42|0.58, total:0.93|0.30|0.45
epoch:91, loss: 0.1985389799983413, other:0.89|1.00|0.94, company:0.93|0.82|0.87, address:0.98|0.74|0.84, date:0.94|0.36|0.52, total:0.93|0.29|0.44
epoch:92, loss: 0.18703357709778679, other:0.90|1.00|0.95, company:0.93|0.82|0.87, address:0.99|0.73|0.84, date:0.94|0.42|0.58, total:0.93|0.29|0.45
epoch:93, loss: 0.18961385333979572, other:0.90|1.00|0.95, company:0.91|0.83|0.87, address:0.98|0.74|0.84, date:0.94|0.42|0.58, total:0.93|0.30|0.45
epoch:94, loss: 0.1870243400335312, other:0.89|1.00|0.94, company:0.94|0.81|0.87, address:0.99|0.72|0.83, date:0.94|0.39|0.55, total:0.95|0.27|0.42
epoch:95, loss: 0.20816055519713295, other:0.90|1.00|0.94, company:0.88|0.85|0.86, address:0.97|0.72|0.83, date:0.93|0.43|0.59, total:0.95|0.26|0.41
epoch:96, loss: 0.20985211763117048, other:0.91|0.99|0.95, company:0.87|0.85|0.86, address:0.97|0.73|0.83, date:0.92|0.44|0.60, total:0.93|0.30|0.45
epoch:97, loss: 0.20528759614185052, other:0.91|0.99|0.95, company:0.89|0.85|0.87, address:0.96|0.75|0.84, date:0.94|0.41|0.57, total:0.93|0.30|0.45
epoch:98, loss: 0.19921177901603557, other:0.90|1.00|0.94, company:0.89|0.85|0.87, address:0.98|0.71|0.82, date:0.95|0.40|0.56, total:0.95|0.29|0.44
epoch:99, loss: 0.19376080676361365, other:0.91|0.99|0.95, company:0.90|0.84|0.87, address:0.98|0.73|0.84, date:0.93|0.45|0.61, total:0.93|0.30|0.45
epoch:100, loss: 0.18172240560805356, other:0.90|1.00|0.94, company:0.92|0.82|0.87, address:0.99|0.70|0.82, date:0.95|0.43|0.60, total:0.95|0.29|0.44
epoch:101, loss: 0.19996315130481013, other:0.90|1.00|0.94, company:0.88|0.85|0.87, address:0.98|0.71|0.83, date:0.94|0.41|0.57, total:0.95|0.28|0.43
epoch:102, loss: 0.19919598599274954, other:0.89|1.00|0.94, company:0.90|0.85|0.87, address:0.98|0.75|0.85, date:0.94|0.41|0.57, total:0.96|0.26|0.41
epoch:103, loss: 0.19588201630998542, other:0.90|1.00|0.94, company:0.91|0.84|0.87, address:0.97|0.75|0.85, date:0.95|0.40|0.56, total:0.96|0.28|0.44
epoch:104, loss: 0.1854918692950849, other:0.91|1.00|0.95, company:0.92|0.83|0.87, address:0.97|0.77|0.86, date:0.94|0.43|0.59, total:0.95|0.30|0.45
epoch:105, loss: 0.16933874592736917, other:0.91|1.00|0.95, company:0.94|0.83|0.88, address:0.99|0.74|0.85, date:0.94|0.47|0.62, total:0.95|0.30|0.45
epoch:106, loss: 0.17316788131440128, other:0.90|1.00|0.94, company:0.95|0.81|0.88, address:0.99|0.74|0.85, date:0.95|0.42|0.59, total:0.96|0.28|0.43
epoch:107, loss: 0.1721138658898848, other:0.90|1.00|0.95, company:0.93|0.82|0.87, address:0.99|0.73|0.84, date:0.95|0.46|0.62, total:0.95|0.28|0.43
epoch:108, loss: 0.18916105009891368, other:0.91|1.00|0.95, company:0.91|0.84|0.87, address:0.97|0.77|0.85, date:0.95|0.42|0.58, total:0.94|0.31|0.46
epoch:109, loss: 0.17484721017104607, other:0.91|1.00|0.95, company:0.92|0.84|0.88, address:0.98|0.76|0.86, date:0.95|0.43|0.59, total:0.93|0.33|0.48
epoch:110, loss: 0.174833157548198, other:0.91|1.00|0.95, company:0.92|0.83|0.88, address:0.98|0.75|0.85, date:0.95|0.42|0.59, total:0.94|0.30|0.46
epoch:111, loss: 0.16798686788037973, other:0.90|1.00|0.95, company:0.96|0.80|0.87, address:0.99|0.72|0.83, date:0.95|0.44|0.60, total:0.94|0.30|0.45
epoch:112, loss: 0.17969362106588152, other:0.88|1.00|0.94, company:0.97|0.78|0.87, address:0.99|0.69|0.82, date:0.97|0.38|0.54, total:0.97|0.27|0.42
epoch:113, loss: 0.1636314665277799, other:0.91|1.00|0.95, company:0.95|0.81|0.88, address:0.99|0.75|0.85, date:0.95|0.45|0.61, total:0.93|0.31|0.47
epoch:114, loss: 0.16614132705661985, other:0.90|1.00|0.95, company:0.97|0.78|0.87, address:0.99|0.72|0.83, date:0.96|0.42|0.58, total:0.95|0.31|0.47
epoch:115, loss: 0.19055990295277703, other:0.91|0.99|0.95, company:0.88|0.85|0.86, address:0.96|0.76|0.85, date:0.94|0.43|0.60, total:0.93|0.32|0.48
epoch:116, loss: 0.16861625953956885, other:0.92|1.00|0.95, company:0.93|0.84|0.88, address:0.98|0.78|0.87, date:0.95|0.45|0.61, total:0.93|0.32|0.48
epoch:117, loss: 0.17483691236487142, other:0.91|1.00|0.95, company:0.91|0.83|0.87, address:0.98|0.75|0.85, date:0.97|0.42|0.59, total:0.94|0.32|0.48
epoch:118, loss: 0.1821116297333329, other:0.91|1.00|0.95, company:0.88|0.85|0.87, address:0.98|0.73|0.84, date:0.94|0.46|0.62, total:0.94|0.30|0.45
epoch:119, loss: 0.16619812779956394, other:0.92|1.00|0.95, company:0.93|0.83|0.87, address:0.99|0.76|0.86, date:0.95|0.44|0.61, total:0.92|0.34|0.50
epoch:120, loss: 0.16173534398829495, other:0.90|1.00|0.95, company:0.96|0.81|0.88, address:0.99|0.75|0.85, date:0.97|0.44|0.60, total:0.95|0.30|0.45
epoch:121, loss: 0.17140953960242095, other:0.91|1.00|0.95, company:0.91|0.84|0.87, address:0.98|0.76|0.86, date:0.96|0.44|0.60, total:0.95|0.31|0.46
epoch:122, loss: 0.17168640014198092, other:0.91|1.00|0.95, company:0.92|0.83|0.87, address:0.97|0.78|0.86, date:0.96|0.46|0.62, total:0.96|0.30|0.46
epoch:123, loss: 0.16448644852196728, other:0.91|1.00|0.95, company:0.95|0.83|0.89, address:0.99|0.77|0.87, date:0.95|0.46|0.62, total:0.93|0.31|0.46
epoch:124, loss: 0.1941458762243942, other:0.91|0.99|0.95, company:0.89|0.84|0.87, address:0.94|0.75|0.84, date:0.95|0.47|0.63, total:0.95|0.32|0.47
epoch:125, loss: 0.16345653710541902, other:0.91|1.00|0.95, company:0.95|0.80|0.87, address:0.98|0.79|0.88, date:0.97|0.42|0.59, total:0.96|0.30|0.46
epoch:126, loss: 0.1658744972061228, other:0.92|1.00|0.95, company:0.92|0.83|0.87, address:0.98|0.78|0.87, date:0.97|0.46|0.62, total:0.94|0.32|0.48
epoch:127, loss: 0.17082110709614223, other:0.91|1.00|0.95, company:0.91|0.84|0.87, address:0.98|0.78|0.87, date:0.96|0.47|0.63, total:0.96|0.30|0.46
epoch:128, loss: 0.18762827830182183, other:0.92|0.99|0.96, company:0.88|0.85|0.87, address:0.96|0.76|0.84, date:0.96|0.45|0.61, total:0.94|0.34|0.50
epoch:129, loss: 0.16599984273866372, other:0.91|1.00|0.95, company:0.94|0.83|0.88, address:0.98|0.79|0.87, date:0.97|0.42|0.58, total:0.94|0.31|0.47
epoch:130, loss: 0.15643981126723466, other:0.92|1.00|0.95, company:0.96|0.82|0.88, address:0.99|0.79|0.88, date:0.96|0.45|0.61, total:0.94|0.33|0.49
epoch:131, loss: 0.15820019830156257, other:0.91|1.00|0.95, company:0.94|0.83|0.88, address:0.99|0.77|0.87, date:0.96|0.46|0.63, total:0.96|0.31|0.47
epoch:132, loss: 0.16360996884328347, other:0.92|1.00|0.95, company:0.92|0.84|0.88, address:0.98|0.77|0.86, date:0.95|0.51|0.66, total:0.95|0.31|0.47
epoch:133, loss: 0.14994915740357506, other:0.91|1.00|0.95, company:0.96|0.81|0.88, address:0.99|0.77|0.87, date:0.97|0.45|0.61, total:0.96|0.32|0.48
epoch:134, loss: 0.15438901329482044, other:0.92|1.00|0.96, company:0.92|0.84|0.88, address:0.99|0.77|0.87, date:0.97|0.46|0.62, total:0.94|0.33|0.49
epoch:135, loss: 0.15114579598108926, other:0.91|1.00|0.95, company:0.97|0.81|0.88, address:0.99|0.78|0.87, date:0.97|0.43|0.60, total:0.95|0.31|0.47
epoch:136, loss: 0.15669359432326424, other:0.91|1.00|0.95, company:0.96|0.83|0.89, address:0.99|0.80|0.88, date:0.97|0.44|0.60, total:0.96|0.31|0.47
epoch:137, loss: 0.15677497839486157, other:0.92|1.00|0.96, company:0.94|0.83|0.88, address:0.98|0.79|0.88, date:0.98|0.44|0.61, total:0.95|0.34|0.50
epoch:138, loss: 0.15341997588122333, other:0.92|1.00|0.96, company:0.96|0.83|0.89, address:0.99|0.81|0.89, date:0.97|0.44|0.61, total:0.95|0.33|0.49
epoch:139, loss: 0.15161754190921783, other:0.92|1.00|0.96, company:0.93|0.85|0.89, address:0.99|0.79|0.88, date:0.97|0.46|0.62, total:0.95|0.33|0.49
epoch:140, loss: 0.15055619069823512, other:0.91|1.00|0.95, company:0.98|0.75|0.85, address:0.99|0.72|0.83, date:0.97|0.46|0.62, total:0.95|0.34|0.50
epoch:141, loss: 0.15815746066746889, other:0.91|1.00|0.95, company:0.95|0.84|0.89, address:0.99|0.79|0.88, date:0.97|0.41|0.57, total:0.94|0.34|0.50
epoch:142, loss: 0.15355864387971382, other:0.91|1.00|0.95, company:0.95|0.82|0.88, address:0.99|0.79|0.88, date:0.98|0.45|0.61, total:0.96|0.31|0.47
epoch:143, loss: 0.17131796727577844, other:0.91|1.00|0.95, company:0.91|0.83|0.87, address:0.98|0.77|0.86, date:0.97|0.43|0.59, total:0.94|0.32|0.48
epoch:144, loss: 0.1539395561924687, other:0.91|1.00|0.95, company:0.96|0.83|0.89, address:0.99|0.76|0.86, date:0.98|0.44|0.61, total:0.94|0.31|0.47
epoch:145, loss: 0.15412763699337287, other:0.91|1.00|0.95, company:0.95|0.83|0.88, address:0.99|0.79|0.88, date:0.97|0.47|0.63, total:0.96|0.30|0.46
epoch:146, loss: 0.14998861595436377, other:0.91|1.00|0.95, company:0.95|0.83|0.88, address:0.99|0.79|0.88, date:0.98|0.44|0.60, total:0.97|0.31|0.46
epoch:147, loss: 0.15086877539202018, other:0.92|1.00|0.96, company:0.94|0.83|0.88, address:0.99|0.80|0.88, date:0.97|0.46|0.62, total:0.96|0.34|0.50
epoch:148, loss: 0.14347710846750825, other:0.92|1.00|0.96, company:0.94|0.84|0.89, address:0.99|0.77|0.87, date:0.98|0.46|0.63, total:0.96|0.34|0.50
epoch:149, loss: 0.14192336990877433, other:0.92|1.00|0.96, company:0.96|0.83|0.89, address:0.99|0.77|0.87, date:0.98|0.48|0.64, total:0.96|0.33|0.49
epoch:150, loss: 0.15684565487835142, other:0.92|1.00|0.96, company:0.91|0.84|0.87, address:0.98|0.78|0.87, date:0.97|0.49|0.65, total:0.95|0.35|0.51
epoch:151, loss: 0.15947973562611473, other:0.92|1.00|0.96, company:0.91|0.85|0.88, address:0.98|0.77|0.86, date:0.96|0.51|0.67, total:0.96|0.32|0.48
epoch:152, loss: 0.14630188158264867, other:0.91|1.00|0.95, company:0.95|0.83|0.89, address:0.99|0.79|0.88, date:0.98|0.45|0.62, total:0.95|0.32|0.48
epoch:153, loss: 0.148270007636812, other:0.92|1.00|0.95, company:0.94|0.83|0.88, address:0.99|0.81|0.89, date:0.98|0.44|0.61, total:0.96|0.32|0.48
epoch:154, loss: 0.14811476540786248, other:0.93|1.00|0.96, company:0.94|0.85|0.89, address:0.98|0.80|0.88, date:0.97|0.48|0.65, total:0.95|0.37|0.53
epoch:155, loss: 0.15195112454670448, other:0.92|1.00|0.96, company:0.92|0.85|0.88, address:0.98|0.80|0.88, date:0.97|0.50|0.66, total:0.94|0.34|0.50
epoch:156, loss: 0.14822422161146445, other:0.92|1.00|0.96, company:0.95|0.83|0.89, address:0.99|0.82|0.89, date:0.97|0.48|0.64, total:0.94|0.34|0.50
epoch:157, loss: 0.14699714768815925, other:0.92|1.00|0.96, company:0.95|0.83|0.89, address:0.99|0.80|0.88, date:0.97|0.48|0.64, total:0.95|0.34|0.50
epoch:158, loss: 0.14892572550861924, other:0.93|1.00|0.96, company:0.93|0.85|0.89, address:0.98|0.80|0.88, date:0.97|0.48|0.64, total:0.94|0.37|0.53
epoch:159, loss: 0.1338713969345446, other:0.93|1.00|0.96, company:0.98|0.81|0.89, address:0.99|0.82|0.90, date:0.99|0.47|0.64, total:0.95|0.37|0.53
epoch:160, loss: 0.1621009999955142, other:0.92|1.00|0.96, company:0.91|0.86|0.88, address:0.98|0.78|0.87, date:0.98|0.46|0.62, total:0.96|0.33|0.49
epoch:161, loss: 0.13343937363889483, other:0.93|1.00|0.96, company:0.97|0.83|0.89, address:0.99|0.79|0.88, date:0.98|0.51|0.67, total:0.95|0.35|0.51
epoch:162, loss: 0.1590743718875779, other:0.92|1.00|0.96, company:0.93|0.85|0.89, address:0.96|0.82|0.88, date:0.98|0.45|0.62, total:0.95|0.35|0.51
epoch:163, loss: 0.1409763608265806, other:0.93|1.00|0.96, company:0.94|0.85|0.89, address:0.99|0.83|0.90, date:0.98|0.45|0.62, total:0.95|0.37|0.53
epoch:164, loss: 0.1370520677279543, other:0.92|1.00|0.96, company:0.97|0.83|0.90, address:0.99|0.82|0.90, date:0.98|0.46|0.63, total:0.97|0.32|0.48
epoch:165, loss: 0.14839587057078327, other:0.92|1.00|0.96, company:0.93|0.85|0.89, address:0.98|0.81|0.89, date:0.97|0.51|0.67, total:0.95|0.33|0.49
epoch:166, loss: 0.1441146648592419, other:0.92|1.00|0.95, company:0.95|0.85|0.90, address:0.98|0.82|0.90, date:0.98|0.49|0.65, total:0.98|0.30|0.46
epoch:167, loss: 0.14994360506534576, other:0.92|1.00|0.96, company:0.93|0.85|0.89, address:0.98|0.82|0.89, date:0.98|0.47|0.64, total:0.95|0.32|0.48
epoch:168, loss: 0.13008112267211633, other:0.93|1.00|0.96, company:0.96|0.84|0.90, address:0.99|0.81|0.89, date:0.98|0.51|0.68, total:0.95|0.35|0.52
epoch:169, loss: 0.14902008711187928, other:0.93|1.00|0.96, company:0.95|0.84|0.89, address:0.96|0.83|0.89, date:0.99|0.48|0.65, total:0.96|0.35|0.51
epoch:170, loss: 0.14105878521998724, other:0.93|1.00|0.96, company:0.94|0.85|0.89, address:0.99|0.82|0.89, date:0.98|0.47|0.63, total:0.95|0.37|0.53
epoch:171, loss: 0.13453115771214166, other:0.93|1.00|0.96, company:0.95|0.84|0.89, address:0.99|0.81|0.89, date:0.98|0.52|0.68, total:0.95|0.36|0.52
epoch:172, loss: 0.13164891523343544, other:0.93|1.00|0.96, company:0.96|0.83|0.89, address:0.99|0.82|0.90, date:0.99|0.50|0.66, total:0.95|0.35|0.51
epoch:173, loss: 0.13246247586276796, other:0.92|1.00|0.96, company:0.97|0.84|0.90, address:0.99|0.79|0.88, date:0.98|0.47|0.64, total:0.96|0.34|0.50
epoch:174, loss: 0.12397587437320638, other:0.93|1.00|0.96, company:0.98|0.83|0.90, address:0.99|0.81|0.89, date:0.98|0.51|0.67, total:0.93|0.38|0.54
epoch:175, loss: 0.12664401641598455, other:0.93|1.00|0.96, company:0.98|0.83|0.90, address:0.99|0.84|0.91, date:0.98|0.52|0.68, total:0.94|0.36|0.52
epoch:176, loss: 0.12885407441192204, other:0.93|1.00|0.96, company:0.96|0.84|0.89, address:0.99|0.83|0.91, date:0.98|0.52|0.68, total:0.96|0.35|0.51
epoch:177, loss: 0.14103573781472664, other:0.92|1.00|0.96, company:0.94|0.85|0.90, address:0.99|0.80|0.88, date:0.99|0.49|0.65, total:0.96|0.34|0.51
epoch:178, loss: 0.13173317329751122, other:0.93|1.00|0.96, company:0.96|0.84|0.90, address:0.99|0.83|0.90, date:0.99|0.50|0.67, total:0.96|0.35|0.51
epoch:179, loss: 0.128809729108104, other:0.93|1.00|0.96, company:0.98|0.83|0.90, address:0.99|0.83|0.91, date:0.99|0.50|0.66, total:0.95|0.35|0.51
epoch:180, loss: 0.1447023614137261, other:0.93|1.00|0.96, company:0.94|0.85|0.89, address:0.98|0.81|0.89, date:0.98|0.46|0.63, total:0.95|0.38|0.55
epoch:181, loss: 0.1556574473226512, other:0.93|1.00|0.96, company:0.90|0.85|0.88, address:0.95|0.80|0.87, date:0.98|0.53|0.69, total:0.96|0.37|0.53
epoch:182, loss: 0.12499194426669015, other:0.92|1.00|0.96, company:0.97|0.83|0.90, address:0.99|0.83|0.90, date:0.99|0.49|0.66, total:0.97|0.34|0.51
epoch:183, loss: 0.128805849287245, other:0.93|1.00|0.96, company:0.95|0.85|0.90, address:0.99|0.81|0.89, date:0.99|0.46|0.63, total:0.95|0.39|0.55
epoch:184, loss: 0.12419165836440192, other:0.93|1.00|0.96, company:0.98|0.85|0.91, address:0.99|0.83|0.91, date:0.99|0.46|0.63, total:0.96|0.37|0.54
epoch:185, loss: 0.13856908596224254, other:0.92|1.00|0.96, company:0.95|0.85|0.90, address:0.97|0.82|0.89, date:0.98|0.51|0.67, total:0.97|0.34|0.50
epoch:186, loss: 0.12951445165607664, other:0.93|1.00|0.96, company:0.95|0.85|0.90, address:0.99|0.84|0.91, date:0.99|0.50|0.67, total:0.96|0.39|0.55
epoch:187, loss: 0.13065320280966936, other:0.93|1.00|0.96, company:0.96|0.84|0.89, address:0.98|0.84|0.91, date:0.99|0.49|0.66, total:0.96|0.36|0.53
epoch:188, loss: 0.14701926791005665, other:0.93|1.00|0.96, company:0.93|0.86|0.89, address:0.96|0.81|0.88, date:0.99|0.50|0.67, total:0.95|0.38|0.54
epoch:189, loss: 0.15466406693061194, other:0.93|1.00|0.96, company:0.95|0.86|0.90, address:0.94|0.83|0.88, date:0.99|0.47|0.64, total:0.96|0.35|0.51
epoch:190, loss: 0.12452032803385346, other:0.93|1.00|0.96, company:0.98|0.84|0.90, address:0.99|0.83|0.91, date:0.98|0.53|0.69, total:0.96|0.34|0.50
epoch:191, loss: 0.12185539498373314, other:0.92|1.00|0.96, company:0.98|0.80|0.88, address:1.00|0.81|0.89, date:0.99|0.47|0.63, total:0.96|0.37|0.53
epoch:192, loss: 0.12330187139687715, other:0.93|1.00|0.96, company:0.94|0.86|0.90, address:1.00|0.80|0.88, date:0.99|0.55|0.70, total:0.96|0.38|0.54
epoch:193, loss: 0.1291145952763381, other:0.93|1.00|0.96, company:0.96|0.85|0.90, address:0.99|0.83|0.90, date:0.99|0.47|0.64, total:0.95|0.39|0.55
epoch:194, loss: 0.11476478863645483, other:0.93|1.00|0.96, company:0.98|0.85|0.91, address:1.00|0.81|0.89, date:0.99|0.53|0.69, total:0.95|0.39|0.55
epoch:195, loss: 0.12286695148105975, other:0.93|1.00|0.96, company:0.97|0.85|0.90, address:0.99|0.81|0.89, date:0.99|0.50|0.67, total:0.96|0.37|0.53
epoch:196, loss: 0.121247465411822, other:0.93|1.00|0.96, company:0.96|0.86|0.91, address:1.00|0.80|0.89, date:0.99|0.49|0.65, total:0.95|0.40|0.56
epoch:197, loss: 0.11854777457537474, other:0.92|1.00|0.96, company:0.99|0.83|0.90, address:1.00|0.80|0.88, date:0.99|0.51|0.67, total:0.97|0.36|0.52
epoch:198, loss: 0.12456415400460914, other:0.93|1.00|0.96, company:0.97|0.84|0.90, address:0.99|0.85|0.91, date:0.99|0.49|0.66, total:0.98|0.35|0.52
epoch:199, loss: 0.11659103990704925, other:0.93|1.00|0.96, company:0.98|0.83|0.90, address:1.00|0.82|0.90, date:0.99|0.51|0.67, total:0.96|0.37|0.53
epoch:200, loss: 0.1149429891396452, other:0.93|1.00|0.96, company:0.99|0.84|0.91, address:0.99|0.84|0.91, date:0.99|0.50|0.67, total:0.96|0.38|0.55
epoch:201, loss: 0.12035675319256606, other:0.93|1.00|0.96, company:0.97|0.84|0.90, address:0.99|0.84|0.91, date:0.99|0.49|0.66, total:0.97|0.37|0.54
epoch:202, loss: 0.11230686996822004, other:0.93|1.00|0.96, company:0.98|0.82|0.90, address:1.00|0.82|0.90, date:0.99|0.53|0.69, total:0.96|0.38|0.55
epoch:203, loss: 0.12600476101592736, other:0.94|1.00|0.97, company:0.96|0.85|0.90, address:0.98|0.85|0.91, date:0.99|0.53|0.69, total:0.97|0.39|0.55
epoch:204, loss: 0.11705628561752814, other:0.94|1.00|0.97, company:0.97|0.84|0.90, address:0.99|0.85|0.91, date:0.99|0.49|0.66, total:0.95|0.41|0.57
epoch:205, loss: 0.12086622692920544, other:0.93|1.00|0.96, company:0.96|0.85|0.90, address:0.99|0.83|0.90, date:0.99|0.48|0.65, total:0.95|0.41|0.57
epoch:206, loss: 0.11422099366232201, other:0.93|1.00|0.96, company:0.98|0.83|0.90, address:1.00|0.82|0.90, date:0.99|0.52|0.68, total:0.98|0.35|0.52
epoch:207, loss: 0.11270775094076439, other:0.93|1.00|0.96, company:0.98|0.83|0.90, address:0.99|0.83|0.91, date:0.99|0.50|0.66, total:0.97|0.37|0.54
epoch:208, loss: 0.11367931520497357, other:0.94|1.00|0.97, company:0.97|0.84|0.90, address:0.99|0.85|0.92, date:0.99|0.52|0.68, total:0.96|0.40|0.56
epoch:209, loss: 0.11360697448253632, other:0.93|1.00|0.96, company:0.98|0.84|0.90, address:0.99|0.84|0.91, date:0.99|0.52|0.68, total:0.97|0.38|0.55
epoch:210, loss: 0.1216532850155124, other:0.93|1.00|0.96, company:0.96|0.85|0.90, address:0.99|0.84|0.91, date:0.99|0.55|0.70, total:0.98|0.35|0.51
epoch:211, loss: 0.11462213954439869, other:0.93|1.00|0.96, company:0.98|0.84|0.90, address:0.99|0.85|0.91, date:0.99|0.48|0.64, total:0.98|0.36|0.53
epoch:212, loss: 0.11834686856578898, other:0.93|1.00|0.96, company:0.96|0.86|0.91, address:0.99|0.84|0.91, date:0.99|0.57|0.72, total:0.98|0.35|0.51
epoch:213, loss: 0.13318221905717142, other:0.93|1.00|0.96, company:0.96|0.85|0.91, address:0.98|0.84|0.90, date:0.99|0.49|0.66, total:0.97|0.34|0.51
epoch:214, loss: 0.11320272667540444, other:0.93|1.00|0.96, company:0.98|0.84|0.91, address:0.99|0.83|0.90, date:0.99|0.51|0.68, total:0.97|0.38|0.54
epoch:215, loss: 0.118383240920526, other:0.93|1.00|0.97, company:0.97|0.86|0.91, address:0.99|0.84|0.91, date:0.99|0.53|0.69, total:0.97|0.38|0.54
epoch:216, loss: 0.10735117809640037, other:0.94|1.00|0.97, company:0.99|0.83|0.90, address:0.99|0.85|0.92, date:0.99|0.52|0.68, total:0.97|0.40|0.57
epoch:217, loss: 0.11690052184793684, other:0.93|1.00|0.96, company:0.98|0.85|0.91, address:0.99|0.85|0.91, date:0.99|0.53|0.69, total:0.97|0.37|0.54
epoch:218, loss: 0.11577142609490289, other:0.93|1.00|0.96, company:0.98|0.85|0.91, address:0.99|0.84|0.91, date:0.99|0.54|0.70, total:0.98|0.36|0.53
epoch:219, loss: 0.12353459773240266, other:0.93|1.00|0.96, company:0.98|0.85|0.91, address:0.97|0.86|0.91, date:0.99|0.52|0.68, total:0.97|0.36|0.53
epoch:220, loss: 0.11013460076517528, other:0.93|1.00|0.96, company:0.98|0.84|0.90, address:1.00|0.82|0.90, date:0.99|0.52|0.68, total:0.97|0.40|0.56
epoch:221, loss: 0.11520066250253606, other:0.94|1.00|0.97, company:0.97|0.85|0.91, address:0.99|0.84|0.91, date:0.99|0.55|0.70, total:0.96|0.40|0.57
epoch:222, loss: 0.11921510928206974, other:0.93|1.00|0.96, company:0.97|0.85|0.91, address:0.98|0.85|0.91, date:0.99|0.51|0.67, total:0.97|0.38|0.55
epoch:223, loss: 0.11765548283303226, other:0.94|1.00|0.97, company:0.98|0.86|0.91, address:0.97|0.85|0.91, date:0.99|0.50|0.67, total:0.97|0.40|0.57
epoch:224, loss: 0.1176525851090749, other:0.94|1.00|0.97, company:0.96|0.86|0.90, address:0.98|0.84|0.91, date:0.99|0.57|0.72, total:0.96|0.41|0.57
epoch:225, loss: 0.11361108527139381, other:0.94|1.00|0.97, company:0.96|0.86|0.91, address:0.98|0.86|0.92, date:0.99|0.56|0.71, total:0.97|0.40|0.56
epoch:226, loss: 0.10903687554377096, other:0.94|1.00|0.97, company:0.97|0.86|0.91, address:0.99|0.83|0.90, date:0.99|0.53|0.69, total:0.97|0.40|0.56
epoch:227, loss: 0.12730096694495943, other:0.93|1.00|0.96, company:0.95|0.86|0.90, address:0.97|0.85|0.91, date:0.99|0.49|0.66, total:0.97|0.38|0.55
epoch:228, loss: 0.11064424476137867, other:0.94|1.00|0.97, company:0.98|0.85|0.91, address:0.99|0.85|0.92, date:0.99|0.51|0.68, total:0.95|0.42|0.58
epoch:229, loss: 0.1067760181095865, other:0.93|1.00|0.97, company:0.97|0.86|0.91, address:1.00|0.82|0.90, date:0.99|0.56|0.71, total:0.97|0.38|0.55
epoch:230, loss: 0.11026392877101898, other:0.93|1.00|0.96, company:0.98|0.84|0.91, address:1.00|0.84|0.91, date:0.99|0.49|0.65, total:0.97|0.38|0.54
epoch:231, loss: 0.10090458475881153, other:0.94|1.00|0.97, company:0.99|0.83|0.90, address:1.00|0.84|0.91, date:0.99|0.55|0.71, total:0.97|0.39|0.55
epoch:232, loss: 0.11125431485750058, other:0.92|1.00|0.96, company:0.99|0.82|0.90, address:1.00|0.83|0.91, date:1.00|0.47|0.64, total:0.98|0.37|0.53
epoch:233, loss: 0.11514580442949578, other:0.94|1.00|0.97, company:0.97|0.86|0.91, address:0.98|0.87|0.92, date:0.99|0.51|0.68, total:0.97|0.38|0.55
epoch:234, loss: 0.11132118271456824, other:0.94|1.00|0.97, company:0.97|0.85|0.91, address:0.98|0.86|0.92, date:0.99|0.53|0.69, total:0.98|0.41|0.58
epoch:235, loss: 0.10593272745609283, other:0.94|1.00|0.97, company:0.99|0.84|0.91, address:0.99|0.86|0.92, date:0.99|0.56|0.72, total:0.98|0.37|0.54
epoch:236, loss: 0.11245710761458785, other:0.93|1.00|0.96, company:0.99|0.83|0.90, address:0.99|0.86|0.92, date:1.00|0.46|0.63, total:0.98|0.38|0.55
epoch:237, loss: 0.10909722359092147, other:0.93|1.00|0.97, company:0.99|0.85|0.91, address:0.99|0.86|0.92, date:1.00|0.51|0.67, total:0.97|0.39|0.55
epoch:238, loss: 0.12327139162355, other:0.94|1.00|0.97, company:0.95|0.85|0.90, address:0.96|0.84|0.90, date:0.99|0.55|0.71, total:0.98|0.39|0.55
epoch:239, loss: 0.12134940839476055, other:0.93|1.00|0.96, company:0.94|0.86|0.90, address:0.99|0.82|0.90, date:0.99|0.53|0.69, total:0.98|0.38|0.54
epoch:240, loss: 0.1118504868613349, other:0.93|1.00|0.96, company:0.99|0.83|0.90, address:0.99|0.85|0.92, date:1.00|0.46|0.63, total:0.99|0.37|0.54
epoch:241, loss: 0.11870473457707299, other:0.94|1.00|0.97, company:0.97|0.86|0.91, address:0.97|0.86|0.91, date:0.99|0.56|0.71, total:0.97|0.39|0.56
epoch:242, loss: 0.12319801140714574, other:0.93|1.00|0.96, company:0.96|0.86|0.91, address:0.98|0.85|0.91, date:0.99|0.49|0.66, total:0.97|0.39|0.56
epoch:243, loss: 0.11379801785504376, other:0.93|1.00|0.96, company:0.97|0.85|0.90, address:0.99|0.84|0.91, date:1.00|0.50|0.67, total:0.98|0.37|0.54
epoch:244, loss: 0.1065094440623566, other:0.94|1.00|0.97, company:0.98|0.84|0.91, address:0.99|0.84|0.91, date:0.99|0.53|0.69, total:0.97|0.41|0.57
epoch:245, loss: 0.10221348151012703, other:0.94|1.00|0.97, company:0.98|0.85|0.91, address:0.99|0.86|0.92, date:0.99|0.58|0.73, total:0.98|0.40|0.57
epoch:246, loss: 0.10316160762751544, other:0.94|1.00|0.97, company:0.99|0.85|0.91, address:0.99|0.87|0.93, date:0.99|0.57|0.73, total:0.98|0.39|0.56
epoch:247, loss: 0.09964990809007927, other:0.94|1.00|0.97, company:0.99|0.84|0.91, address:0.99|0.86|0.92, date:1.00|0.53|0.69, total:0.98|0.40|0.57
epoch:248, loss: 0.1024810630414221, other:0.94|1.00|0.97, company:0.99|0.85|0.92, address:0.99|0.87|0.93, date:1.00|0.55|0.71, total:0.98|0.38|0.55
epoch:249, loss: 0.0998970294992129, other:0.94|1.00|0.97, company:0.98|0.86|0.92, address:0.99|0.86|0.92, date:1.00|0.56|0.72, total:0.97|0.43|0.60
epoch:250, loss: 0.10282243457105425, other:0.94|1.00|0.97, company:0.99|0.86|0.92, address:0.99|0.85|0.92, date:1.00|0.54|0.70, total:0.97|0.40|0.57
epoch:251, loss: 0.10899763388766183, other:0.93|1.00|0.96, company:0.99|0.85|0.91, address:0.99|0.85|0.91, date:1.00|0.50|0.66, total:0.98|0.39|0.55
epoch:252, loss: 0.09776265367313668, other:0.94|1.00|0.97, company:0.99|0.85|0.91, address:0.99|0.86|0.92, date:1.00|0.57|0.72, total:0.99|0.38|0.55
epoch:253, loss: 0.10442946520116594, other:0.94|1.00|0.97, company:0.98|0.85|0.91, address:0.99|0.87|0.93, date:0.99|0.55|0.71, total:0.97|0.40|0.57
epoch:254, loss: 0.09841857215872517, other:0.94|1.00|0.97, company:0.98|0.84|0.91, address:1.00|0.82|0.90, date:1.00|0.57|0.73, total:0.98|0.40|0.57
epoch:255, loss: 0.11347291922127759, other:0.93|1.00|0.97, company:0.96|0.85|0.91, address:0.99|0.85|0.91, date:1.00|0.53|0.69, total:0.98|0.38|0.55
epoch:256, loss: 0.11807522039722514, other:0.94|1.00|0.97, company:0.99|0.84|0.91, address:0.99|0.85|0.92, date:0.99|0.55|0.71, total:0.89|0.38|0.53
epoch:257, loss: 0.11301307711336347, other:0.94|1.00|0.97, company:0.98|0.86|0.91, address:0.97|0.86|0.91, date:0.99|0.60|0.75, total:0.97|0.39|0.56
epoch:258, loss: 0.11049424663737968, other:0.94|1.00|0.97, company:0.94|0.86|0.90, address:0.99|0.84|0.91, date:0.99|0.59|0.74, total:0.97|0.40|0.57
epoch:259, loss: 0.11587404928825519, other:0.94|1.00|0.97, company:0.97|0.86|0.91, address:0.96|0.86|0.91, date:0.99|0.55|0.71, total:0.99|0.40|0.57
epoch:260, loss: 0.12035914124162109, other:0.94|1.00|0.97, company:0.97|0.86|0.91, address:0.95|0.86|0.91, date:0.99|0.52|0.68, total:0.99|0.39|0.56
epoch:261, loss: 0.09379231419276308, other:0.94|1.00|0.97, company:0.99|0.85|0.92, address:1.00|0.86|0.92, date:0.99|0.58|0.74, total:0.98|0.41|0.58
epoch:262, loss: 0.10693979290900407, other:0.94|1.00|0.97, company:0.97|0.86|0.91, address:0.98|0.86|0.92, date:0.99|0.58|0.73, total:0.98|0.40|0.57
epoch:263, loss: 0.09336125395364231, other:0.94|1.00|0.97, company:0.99|0.83|0.91, address:1.00|0.85|0.92, date:0.99|0.57|0.73, total:0.98|0.41|0.57
epoch:264, loss: 0.09041780398951636, other:0.94|1.00|0.97, company:0.99|0.84|0.91, address:1.00|0.86|0.92, date:0.99|0.58|0.73, total:0.99|0.40|0.57
epoch:265, loss: 0.10206784418335667, other:0.94|1.00|0.97, company:0.98|0.85|0.91, address:0.99|0.86|0.92, date:1.00|0.54|0.70, total:0.97|0.43|0.60
epoch:266, loss: 0.09964867695062249, other:0.94|1.00|0.97, company:0.98|0.86|0.92, address:0.99|0.85|0.91, date:1.00|0.55|0.71, total:0.99|0.42|0.59
epoch:267, loss: 0.09533940490197253, other:0.94|1.00|0.97, company:0.98|0.85|0.91, address:1.00|0.83|0.90, date:1.00|0.58|0.73, total:0.98|0.40|0.57
epoch:268, loss: 0.10008464836412007, other:0.94|1.00|0.97, company:0.99|0.86|0.92, address:0.99|0.87|0.92, date:1.00|0.57|0.72, total:0.98|0.40|0.57
epoch:269, loss: 0.09593695843661273, other:0.94|1.00|0.97, company:0.99|0.85|0.92, address:1.00|0.89|0.94, date:1.00|0.57|0.72, total:0.97|0.40|0.56
epoch:270, loss: 0.10050965155716296, other:0.93|1.00|0.97, company:1.00|0.80|0.89, address:0.99|0.84|0.91, date:0.99|0.57|0.73, total:0.97|0.38|0.55
epoch:271, loss: 0.10383011290320644, other:0.93|1.00|0.97, company:0.99|0.86|0.92, address:1.00|0.84|0.91, date:1.00|0.53|0.69, total:0.96|0.38|0.55
epoch:272, loss: 0.10687339554230373, other:0.94|1.00|0.97, company:0.98|0.85|0.91, address:0.99|0.87|0.92, date:0.99|0.52|0.69, total:0.98|0.42|0.58
epoch:273, loss: 0.10086167051836296, other:0.95|1.00|0.97, company:0.97|0.85|0.91, address:0.99|0.87|0.93, date:0.99|0.59|0.74, total:0.98|0.42|0.59
epoch:274, loss: 0.09678475489770924, other:0.94|1.00|0.97, company:0.97|0.87|0.92, address:1.00|0.85|0.92, date:0.99|0.56|0.72, total:0.98|0.41|0.58
epoch:275, loss: 0.09194226300826779, other:0.94|1.00|0.97, company:0.99|0.85|0.92, address:1.00|0.85|0.92, date:0.99|0.60|0.75, total:0.98|0.41|0.57
epoch:276, loss: 0.09342395334883973, other:0.94|1.00|0.97, company:0.99|0.86|0.92, address:0.99|0.88|0.93, date:1.00|0.55|0.71, total:0.99|0.42|0.59
epoch:277, loss: 0.09383826440683117, other:0.95|1.00|0.97, company:0.99|0.86|0.92, address:0.99|0.88|0.93, date:1.00|0.59|0.74, total:0.98|0.44|0.61
epoch:278, loss: 0.09663799336111104, other:0.94|1.00|0.97, company:0.98|0.86|0.92, address:0.99|0.86|0.92, date:0.99|0.59|0.74, total:0.98|0.41|0.58
epoch:279, loss: 0.09269003238942888, other:0.94|1.00|0.97, company:1.00|0.84|0.91, address:0.99|0.87|0.93, date:1.00|0.55|0.71, total:0.98|0.42|0.59
epoch:280, loss: 0.08883231823091153, other:0.95|1.00|0.97, company:0.99|0.86|0.92, address:0.99|0.88|0.93, date:1.00|0.60|0.75, total:0.98|0.42|0.59
epoch:281, loss: 0.09903210622292978, other:0.94|1.00|0.97, company:0.97|0.86|0.91, address:0.99|0.85|0.91, date:1.00|0.58|0.73, total:0.98|0.43|0.60
epoch:282, loss: 0.08912094213344433, other:0.94|1.00|0.97, company:0.99|0.86|0.92, address:1.00|0.88|0.93, date:1.00|0.55|0.71, total:0.99|0.42|0.59
epoch:283, loss: 0.08884762793227478, other:0.94|1.00|0.97, company:0.99|0.85|0.92, address:1.00|0.85|0.92, date:0.99|0.58|0.74, total:0.98|0.42|0.59
epoch:284, loss: 0.09310640311903423, other:0.94|1.00|0.97, company:0.99|0.84|0.91, address:0.99|0.88|0.93, date:1.00|0.58|0.73, total:0.99|0.41|0.58
epoch:285, loss: 0.1035275340632156, other:0.94|1.00|0.97, company:0.98|0.86|0.92, address:0.99|0.86|0.92, date:1.00|0.51|0.68, total:0.99|0.40|0.57
epoch:286, loss: 0.09459418927629788, other:0.94|1.00|0.97, company:0.99|0.85|0.91, address:1.00|0.86|0.92, date:0.99|0.63|0.77, total:0.98|0.37|0.54
epoch:287, loss: 0.09047925403272664, other:0.94|1.00|0.97, company:0.99|0.86|0.92, address:1.00|0.87|0.93, date:1.00|0.60|0.75, total:0.99|0.41|0.58
epoch:288, loss: 0.09844335927455514, other:0.94|1.00|0.97, company:0.98|0.86|0.92, address:0.99|0.89|0.93, date:1.00|0.56|0.72, total:0.98|0.42|0.59
epoch:289, loss: 0.08811806542453943, other:0.94|1.00|0.97, company:0.99|0.86|0.92, address:1.00|0.87|0.93, date:1.00|0.62|0.76, total:0.99|0.40|0.57
epoch:290, loss: 0.08729640228880776, other:0.95|1.00|0.97, company:0.99|0.84|0.91, address:1.00|0.87|0.93, date:1.00|0.59|0.74, total:0.98|0.43|0.59
epoch:291, loss: 0.0971914426320129, other:0.95|1.00|0.97, company:0.98|0.86|0.92, address:0.98|0.87|0.92, date:1.00|0.59|0.74, total:0.98|0.44|0.61
epoch:292, loss: 0.08726437900353361, other:0.94|1.00|0.97, company:0.99|0.84|0.91, address:0.99|0.88|0.94, date:1.00|0.58|0.73, total:0.99|0.42|0.59
epoch:293, loss: 0.09173492880331145, other:0.95|1.00|0.97, company:0.99|0.86|0.92, address:0.99|0.88|0.93, date:1.00|0.61|0.76, total:0.98|0.42|0.59
epoch:294, loss: 0.08963505082108357, other:0.95|1.00|0.97, company:0.99|0.86|0.92, address:0.99|0.89|0.94, date:1.00|0.59|0.74, total:0.98|0.45|0.61
epoch:295, loss: 0.08468700738416778, other:0.95|1.00|0.97, company:1.00|0.85|0.92, address:0.99|0.88|0.93, date:1.00|0.60|0.75, total:0.98|0.45|0.62
epoch:296, loss: 0.09543360852532917, other:0.95|1.00|0.97, company:0.98|0.86|0.91, address:0.99|0.87|0.92, date:1.00|0.57|0.72, total:0.98|0.44|0.61
epoch:297, loss: 0.08633789213167296, other:0.95|1.00|0.97, company:0.99|0.84|0.91, address:1.00|0.88|0.93, date:1.00|0.55|0.71, total:0.99|0.45|0.61
epoch:298, loss: 0.09378203556493477, other:0.95|1.00|0.97, company:0.99|0.86|0.92, address:0.99|0.87|0.93, date:1.00|0.57|0.73, total:0.99|0.44|0.61
epoch:299, loss: 0.09194596539492961, other:0.95|1.00|0.97, company:0.99|0.86|0.92, address:0.98|0.89|0.93, date:1.00|0.59|0.74, total:0.99|0.46|0.62
