epoch:0, loss: 1.0922194277798687, other:0.98|0.93|0.96, company:0.37|0.56|0.44, address:0.47|0.47|0.47, date:0.00|0.00|0.00, total:0.00|0.00|0.00
epoch:1, loss: 0.8097063170539008, other:0.95|0.95|0.95, company:0.00|0.75|0.01, address:0.82|0.42|0.56, date:0.00|0.00|0.00, total:0.09|0.22|0.13
epoch:2, loss: 0.6548571564533092, other:0.87|0.97|0.92, company:0.30|0.67|0.41, address:0.92|0.37|0.53, date:0.13|0.23|0.17, total:0.46|0.17|0.25
epoch:3, loss: 0.5893337748668812, other:0.83|0.98|0.90, company:0.44|0.73|0.55, address:0.94|0.38|0.54, date:0.40|0.31|0.35, total:0.66|0.15|0.24
epoch:4, loss: 0.540663257793144, other:0.85|0.98|0.91, company:0.56|0.78|0.65, address:0.93|0.44|0.59, date:0.38|0.27|0.32, total:0.63|0.17|0.26
epoch:5, loss: 0.5013950147010662, other:0.83|0.98|0.90, company:0.74|0.74|0.74, address:0.92|0.44|0.59, date:0.48|0.30|0.37, total:0.71|0.15|0.25
epoch:6, loss: 0.48016786244180465, other:0.84|0.98|0.91, company:0.86|0.64|0.74, address:0.89|0.44|0.59, date:0.52|0.29|0.37, total:0.68|0.18|0.28
epoch:7, loss: 0.4546701886035778, other:0.85|0.98|0.91, company:0.65|0.80|0.72, address:0.96|0.47|0.63, date:0.54|0.30|0.38, total:0.67|0.18|0.28
epoch:8, loss: 0.4260632439895912, other:0.83|0.99|0.90, company:0.80|0.79|0.79, address:0.96|0.46|0.62, date:0.56|0.35|0.43, total:0.79|0.16|0.27
epoch:9, loss: 0.4072275525993771, other:0.85|0.99|0.91, company:0.82|0.76|0.79, address:0.95|0.50|0.66, date:0.68|0.29|0.41, total:0.75|0.20|0.31
epoch:10, loss: 0.39665373387160124, other:0.82|0.99|0.90, company:0.77|0.81|0.79, address:0.97|0.48|0.65, date:0.70|0.31|0.43, total:0.88|0.17|0.29
epoch:11, loss: 0.3812663632410544, other:0.84|0.99|0.91, company:0.90|0.68|0.78, address:0.94|0.49|0.64, date:0.71|0.32|0.44, total:0.81|0.20|0.32
epoch:12, loss: 0.36049936104703834, other:0.86|0.99|0.92, company:0.89|0.72|0.80, address:0.95|0.52|0.67, date:0.70|0.33|0.45, total:0.76|0.23|0.35
epoch:13, loss: 0.35372403926319546, other:0.83|0.99|0.90, company:0.90|0.70|0.79, address:0.96|0.50|0.66, date:0.74|0.32|0.45, total:0.87|0.19|0.32
epoch:14, loss: 0.3465051971099995, other:0.83|0.99|0.90, company:0.87|0.76|0.81, address:0.97|0.51|0.67, date:0.77|0.30|0.43, total:0.90|0.19|0.32
epoch:15, loss: 0.32684124619872484, other:0.86|0.99|0.92, company:0.89|0.72|0.80, address:0.96|0.54|0.69, date:0.75|0.32|0.45, total:0.79|0.23|0.36
epoch:16, loss: 0.32242392886568, other:0.85|0.99|0.91, company:0.85|0.75|0.80, address:0.98|0.53|0.69, date:0.77|0.32|0.45, total:0.86|0.22|0.35
epoch:17, loss: 0.32848949509638325, other:0.84|0.99|0.91, company:0.80|0.82|0.81, address:0.98|0.53|0.68, date:0.79|0.32|0.45, total:0.91|0.19|0.32
epoch:18, loss: 0.34641849001248676, other:0.85|0.99|0.91, company:0.64|0.81|0.72, address:0.98|0.52|0.68, date:0.79|0.30|0.43, total:0.88|0.21|0.34
epoch:19, loss: 0.31199271590621386, other:0.85|0.99|0.92, company:0.82|0.78|0.80, address:0.98|0.56|0.71, date:0.82|0.30|0.43, total:0.86|0.22|0.35
epoch:20, loss: 0.30714275494769766, other:0.83|0.99|0.91, company:0.89|0.78|0.83, address:0.98|0.54|0.69, date:0.82|0.31|0.45, total:0.92|0.20|0.33
epoch:21, loss: 0.30067379496715685, other:0.85|0.99|0.91, company:0.88|0.78|0.82, address:0.98|0.53|0.69, date:0.84|0.31|0.45, total:0.86|0.23|0.36
epoch:22, loss: 0.30675895346535575, other:0.85|0.99|0.92, company:0.81|0.73|0.77, address:0.98|0.59|0.73, date:0.78|0.33|0.47, total:0.89|0.21|0.33
epoch:23, loss: 0.29093048638767666, other:0.85|0.99|0.92, company:0.83|0.76|0.80, address:0.99|0.55|0.70, date:0.85|0.32|0.47, total:0.89|0.23|0.37
epoch:24, loss: 0.2811846335728963, other:0.85|0.99|0.92, company:0.91|0.76|0.83, address:0.97|0.61|0.75, date:0.78|0.35|0.49, total:0.92|0.20|0.33
epoch:25, loss: 0.2739845784725966, other:0.85|0.99|0.92, company:0.90|0.77|0.83, address:0.98|0.57|0.72, date:0.85|0.33|0.48, total:0.90|0.23|0.36
epoch:26, loss: 0.27428096367253196, other:0.84|1.00|0.91, company:0.94|0.69|0.79, address:0.97|0.58|0.73, date:0.87|0.35|0.50, total:0.94|0.20|0.33
epoch:27, loss: 0.26213993904767213, other:0.87|0.99|0.93, company:0.90|0.79|0.84, address:0.97|0.61|0.75, date:0.84|0.40|0.54, total:0.90|0.24|0.37
epoch:28, loss: 0.259898418629611, other:0.86|0.99|0.92, company:0.93|0.71|0.81, address:0.98|0.60|0.74, date:0.89|0.34|0.49, total:0.90|0.24|0.38
epoch:29, loss: 0.25734812683529323, other:0.87|0.99|0.93, company:0.89|0.73|0.80, address:0.98|0.63|0.77, date:0.88|0.38|0.53, total:0.92|0.24|0.37
epoch:30, loss: 0.26122088895903695, other:0.87|0.99|0.93, company:0.88|0.79|0.83, address:0.97|0.66|0.78, date:0.89|0.34|0.49, total:0.91|0.23|0.36
epoch:31, loss: 0.253479422794448, other:0.87|0.99|0.93, company:0.91|0.80|0.85, address:0.97|0.63|0.76, date:0.87|0.35|0.50, total:0.92|0.24|0.38
epoch:32, loss: 0.2500162124633789, other:0.86|1.00|0.92, company:0.89|0.76|0.82, address:0.99|0.60|0.75, date:0.89|0.40|0.56, total:0.95|0.21|0.35
epoch:33, loss: 0.24082914933010383, other:0.87|0.99|0.93, company:0.94|0.72|0.81, address:0.98|0.62|0.76, date:0.90|0.37|0.52, total:0.91|0.24|0.39
epoch:34, loss: 0.24183783873363776, other:0.86|1.00|0.92, company:0.92|0.74|0.82, address:0.98|0.63|0.77, date:0.89|0.42|0.58, total:0.95|0.21|0.35
epoch:35, loss: 0.24503946193942316, other:0.87|0.99|0.93, company:0.88|0.77|0.82, address:0.99|0.64|0.78, date:0.93|0.32|0.47, total:0.88|0.27|0.41
epoch:36, loss: 0.22936577984580286, other:0.89|0.99|0.94, company:0.93|0.75|0.83, address:0.98|0.69|0.81, date:0.90|0.41|0.56, total:0.88|0.27|0.42
epoch:37, loss: 0.2592471241950989, other:0.86|1.00|0.92, company:0.80|0.83|0.82, address:0.98|0.67|0.80, date:0.92|0.33|0.48, total:0.95|0.22|0.36
epoch:38, loss: 0.23802704722793014, other:0.89|0.99|0.94, company:0.86|0.79|0.82, address:0.98|0.68|0.80, date:0.89|0.46|0.61, total:0.92|0.26|0.41
epoch:39, loss: 0.22628576832788963, other:0.88|1.00|0.93, company:0.90|0.77|0.83, address:0.99|0.65|0.79, date:0.91|0.41|0.56, total:0.94|0.25|0.39
epoch:40, loss: 0.2157257734625428, other:0.90|0.99|0.95, company:0.94|0.74|0.83, address:0.97|0.71|0.82, date:0.91|0.42|0.58, total:0.88|0.31|0.45
epoch:41, loss: 0.2235241554401539, other:0.88|1.00|0.93, company:0.92|0.78|0.84, address:0.99|0.66|0.79, date:0.90|0.43|0.58, total:0.94|0.24|0.38
epoch:42, loss: 0.22311419524528361, other:0.89|1.00|0.94, company:0.96|0.69|0.80, address:0.96|0.71|0.82, date:0.92|0.36|0.52, total:0.91|0.27|0.42
epoch:43, loss: 0.22835975719822776, other:0.87|1.00|0.93, company:0.91|0.76|0.83, address:0.98|0.68|0.81, date:0.90|0.44|0.59, total:0.95|0.22|0.35
epoch:44, loss: 0.21378171885455097, other:0.89|1.00|0.94, company:0.94|0.75|0.84, address:0.98|0.65|0.78, date:0.92|0.38|0.54, total:0.91|0.29|0.44
epoch:45, loss: 0.23110015083242347, other:0.90|0.99|0.94, company:0.85|0.79|0.82, address:0.98|0.68|0.80, date:0.88|0.44|0.59, total:0.92|0.27|0.42
epoch:46, loss: 0.2456175215818264, other:0.88|1.00|0.93, company:0.81|0.84|0.82, address:0.98|0.68|0.80, date:0.93|0.36|0.52, total:0.95|0.24|0.38
epoch:47, loss: 0.2078853795925776, other:0.89|1.00|0.94, company:0.94|0.73|0.82, address:0.99|0.64|0.78, date:0.92|0.42|0.57, total:0.92|0.28|0.43
epoch:48, loss: 0.20585750374529097, other:0.90|0.99|0.94, company:0.93|0.76|0.84, address:0.98|0.71|0.83, date:0.93|0.39|0.55, total:0.91|0.30|0.46
epoch:49, loss: 0.2065865667881789, other:0.88|1.00|0.94, company:0.95|0.76|0.84, address:0.98|0.70|0.81, date:0.93|0.38|0.54, total:0.94|0.27|0.42
epoch:50, loss: 0.2245549096001519, other:0.90|0.99|0.95, company:0.84|0.84|0.84, address:0.97|0.72|0.83, date:0.93|0.41|0.57, total:0.92|0.29|0.44
epoch:51, loss: 0.19610404416366858, other:0.89|1.00|0.94, company:0.94|0.75|0.83, address:0.99|0.69|0.81, date:0.93|0.41|0.57, total:0.94|0.27|0.42
epoch:52, loss: 0.1989272932211558, other:0.89|1.00|0.94, company:0.94|0.74|0.83, address:0.98|0.73|0.84, date:0.93|0.41|0.57, total:0.95|0.26|0.41
epoch:53, loss: 0.20138465916668927, other:0.89|1.00|0.94, company:0.96|0.72|0.82, address:0.97|0.65|0.78, date:0.94|0.40|0.56, total:0.93|0.30|0.45
epoch:54, loss: 0.2218184134474507, other:0.90|1.00|0.94, company:0.82|0.81|0.82, address:0.98|0.66|0.79, date:0.93|0.43|0.59, total:0.92|0.29|0.44
epoch:55, loss: 0.2166275006753427, other:0.88|1.00|0.94, company:0.83|0.80|0.82, address:0.99|0.66|0.79, date:0.94|0.39|0.55, total:0.95|0.27|0.42
epoch:56, loss: 0.20770456779886176, other:0.88|1.00|0.94, company:0.96|0.73|0.83, address:0.97|0.71|0.82, date:0.93|0.40|0.56, total:0.95|0.26|0.40
epoch:57, loss: 0.21427273805494662, other:0.92|0.99|0.95, company:0.89|0.81|0.85, address:0.99|0.67|0.80, date:0.91|0.44|0.59, total:0.78|0.35|0.48
epoch:58, loss: 0.2007854006908558, other:0.90|1.00|0.94, company:0.90|0.79|0.84, address:0.99|0.71|0.83, date:0.93|0.41|0.57, total:0.92|0.28|0.43
epoch:59, loss: 0.196683825718032, other:0.89|1.00|0.94, company:0.93|0.79|0.86, address:0.99|0.70|0.82, date:0.95|0.39|0.55, total:0.94|0.28|0.43
epoch:60, loss: 0.19092942829485293, other:0.89|1.00|0.94, company:0.94|0.72|0.82, address:0.99|0.67|0.80, date:0.93|0.46|0.62, total:0.94|0.29|0.44
epoch:61, loss: 0.1873206772186138, other:0.90|1.00|0.95, company:0.93|0.77|0.84, address:0.99|0.73|0.84, date:0.94|0.43|0.59, total:0.93|0.30|0.45
epoch:62, loss: 0.1871356804061819, other:0.90|1.00|0.94, company:0.93|0.77|0.84, address:0.99|0.73|0.84, date:0.94|0.46|0.62, total:0.95|0.27|0.42
epoch:63, loss: 0.18856019719883246, other:0.91|1.00|0.95, company:0.89|0.83|0.86, address:0.99|0.71|0.83, date:0.93|0.49|0.64, total:0.92|0.32|0.48
epoch:64, loss: 0.18264377337914925, other:0.90|1.00|0.94, company:0.93|0.78|0.85, address:0.99|0.72|0.84, date:0.95|0.45|0.61, total:0.94|0.27|0.42
epoch:65, loss: 0.19455791292367158, other:0.89|1.00|0.94, company:0.91|0.80|0.85, address:0.99|0.70|0.82, date:0.96|0.39|0.56, total:0.95|0.27|0.42
epoch:66, loss: 0.17853616619551624, other:0.91|1.00|0.95, company:0.96|0.72|0.83, address:0.99|0.68|0.81, date:0.93|0.47|0.63, total:0.91|0.35|0.50
epoch:67, loss: 0.18025584684477913, other:0.90|1.00|0.94, company:0.94|0.80|0.86, address:0.99|0.73|0.84, date:0.96|0.42|0.58, total:0.94|0.28|0.43
epoch:68, loss: 0.18341381571911, other:0.89|1.00|0.94, company:0.93|0.78|0.85, address:0.99|0.73|0.84, date:0.96|0.43|0.59, total:0.96|0.27|0.42
epoch:69, loss: 0.19127534109133262, other:0.90|1.00|0.95, company:0.89|0.80|0.84, address:0.99|0.72|0.83, date:0.95|0.44|0.60, total:0.94|0.29|0.44
epoch:70, loss: 0.17706635346015295, other:0.90|1.00|0.94, company:0.96|0.74|0.83, address:0.99|0.71|0.83, date:0.95|0.44|0.60, total:0.94|0.28|0.44
epoch:71, loss: 0.17702986106828408, other:0.91|1.00|0.95, company:0.91|0.83|0.87, address:0.99|0.71|0.83, date:0.94|0.47|0.63, total:0.92|0.33|0.49
epoch:72, loss: 0.17845912939972347, other:0.89|1.00|0.94, company:0.96|0.75|0.84, address:0.99|0.72|0.83, date:0.94|0.44|0.60, total:0.95|0.27|0.42
epoch:73, loss: 0.17368923155245958, other:0.91|1.00|0.95, company:0.92|0.80|0.86, address:0.99|0.71|0.83, date:0.94|0.49|0.65, total:0.94|0.30|0.46
epoch:74, loss: 0.20897183650069767, other:0.91|1.00|0.95, company:0.76|0.81|0.79, address:0.99|0.70|0.82, date:0.95|0.49|0.64, total:0.93|0.28|0.43
epoch:75, loss: 0.17071964150225674, other:0.92|1.00|0.96, company:0.94|0.79|0.86, address:0.99|0.73|0.84, date:0.93|0.50|0.65, total:0.91|0.34|0.50
epoch:76, loss: 0.1694091605367484, other:0.91|1.00|0.95, company:0.93|0.82|0.87, address:0.99|0.73|0.84, date:0.94|0.51|0.66, total:0.93|0.31|0.46
epoch:77, loss: 0.18983396611831807, other:0.89|1.00|0.94, company:0.93|0.82|0.87, address:0.99|0.76|0.86, date:0.95|0.43|0.59, total:0.97|0.25|0.40
epoch:78, loss: 0.16655610805308377, other:0.91|1.00|0.95, company:0.96|0.76|0.85, address:0.99|0.72|0.84, date:0.97|0.47|0.63, total:0.93|0.32|0.48
epoch:79, loss: 0.16357218750097133, other:0.91|1.00|0.95, company:0.95|0.79|0.86, address:0.99|0.73|0.84, date:0.96|0.47|0.63, total:0.93|0.33|0.48
epoch:80, loss: 0.16014217061025124, other:0.91|1.00|0.95, company:0.96|0.80|0.87, address:0.99|0.73|0.84, date:0.97|0.46|0.62, total:0.94|0.32|0.48
epoch:81, loss: 0.163494362047425, other:0.92|1.00|0.95, company:0.93|0.81|0.87, address:0.99|0.77|0.87, date:0.95|0.48|0.64, total:0.94|0.32|0.48
epoch:82, loss: 0.16273168529625293, other:0.91|1.00|0.95, company:0.93|0.82|0.87, address:0.99|0.77|0.86, date:0.95|0.54|0.69, total:0.96|0.29|0.44
epoch:83, loss: 0.15984084926269673, other:0.92|1.00|0.96, company:0.94|0.79|0.86, address:0.99|0.73|0.84, date:0.96|0.50|0.66, total:0.91|0.36|0.52
epoch:84, loss: 0.1761576505722823, other:0.90|1.00|0.95, company:0.90|0.81|0.85, address:0.99|0.75|0.85, date:0.97|0.46|0.62, total:0.97|0.27|0.43
epoch:85, loss: 0.1528808703577077, other:0.91|1.00|0.95, company:0.96|0.78|0.86, address:0.99|0.76|0.86, date:0.95|0.51|0.67, total:0.96|0.31|0.47
epoch:86, loss: 0.15512623610319914, other:0.91|1.00|0.95, company:0.97|0.75|0.85, address:0.99|0.73|0.84, date:0.97|0.49|0.65, total:0.95|0.31|0.47
epoch:87, loss: 0.1483490718183694, other:0.92|1.00|0.96, company:0.96|0.78|0.86, address:0.99|0.75|0.86, date:0.96|0.54|0.69, total:0.92|0.35|0.51
epoch:88, loss: 0.1564465512832006, other:0.91|1.00|0.95, company:0.93|0.81|0.87, address:0.99|0.77|0.87, date:0.98|0.48|0.64, total:0.95|0.31|0.47
epoch:89, loss: 0.1576684476048858, other:0.90|1.00|0.95, company:0.97|0.76|0.86, address:0.99|0.75|0.86, date:0.99|0.40|0.57, total:0.95|0.33|0.49
epoch:90, loss: 0.14915225323703554, other:0.92|1.00|0.96, company:0.95|0.79|0.87, address:0.99|0.76|0.86, date:0.97|0.50|0.66, total:0.93|0.35|0.51
epoch:91, loss: 0.15090927647219765, other:0.91|1.00|0.95, company:0.97|0.76|0.85, address:0.99|0.75|0.85, date:0.98|0.48|0.65, total:0.95|0.31|0.47
epoch:92, loss: 0.14339777358152248, other:0.92|1.00|0.96, company:0.95|0.83|0.88, address:1.00|0.77|0.87, date:0.97|0.49|0.65, total:0.94|0.35|0.51
epoch:93, loss: 0.14871153538977658, other:0.91|1.00|0.95, company:0.96|0.79|0.87, address:0.99|0.78|0.87, date:0.97|0.51|0.67, total:0.96|0.30|0.45
epoch:94, loss: 0.15122085754518155, other:0.90|1.00|0.95, company:0.96|0.79|0.87, address:1.00|0.77|0.87, date:0.98|0.49|0.65, total:0.97|0.28|0.43
epoch:95, loss: 0.14629156087283735, other:0.91|1.00|0.95, company:0.96|0.79|0.87, address:1.00|0.72|0.84, date:0.97|0.53|0.69, total:0.96|0.30|0.46
epoch:96, loss: 0.1481277067904119, other:0.92|1.00|0.96, company:0.94|0.83|0.88, address:0.99|0.78|0.88, date:0.97|0.50|0.66, total:0.95|0.33|0.49
epoch:97, loss: 0.15591995556045463, other:0.90|1.00|0.94, company:0.98|0.73|0.83, address:0.99|0.78|0.87, date:0.98|0.47|0.63, total:0.98|0.27|0.42
epoch:98, loss: 0.15373644370723655, other:0.92|1.00|0.96, company:0.93|0.84|0.88, address:0.99|0.78|0.88, date:0.98|0.47|0.64, total:0.95|0.35|0.51
epoch:99, loss: 0.15610804436383424, other:0.93|1.00|0.96, company:0.90|0.85|0.88, address:0.98|0.80|0.88, date:0.98|0.50|0.66, total:0.93|0.37|0.53
epoch:100, loss: 0.1397042315867212, other:0.92|1.00|0.96, company:0.97|0.78|0.87, address:0.99|0.75|0.86, date:0.98|0.52|0.68, total:0.93|0.36|0.52
epoch:101, loss: 0.14770811216698754, other:0.91|1.00|0.95, company:0.95|0.83|0.88, address:0.99|0.77|0.87, date:0.98|0.49|0.65, total:0.95|0.32|0.48
epoch:102, loss: 0.15312988890541923, other:0.91|1.00|0.95, company:0.95|0.79|0.86, address:1.00|0.69|0.81, date:0.99|0.45|0.62, total:0.93|0.37|0.53
epoch:103, loss: 0.14189751667005043, other:0.91|1.00|0.95, company:0.97|0.77|0.86, address:0.99|0.76|0.86, date:0.98|0.48|0.65, total:0.96|0.32|0.48
epoch:104, loss: 0.14397646100432784, other:0.91|1.00|0.95, company:0.94|0.83|0.88, address:1.00|0.76|0.86, date:0.99|0.48|0.65, total:0.97|0.31|0.47
epoch:105, loss: 0.13397852193426202, other:0.92|1.00|0.96, company:0.97|0.80|0.88, address:0.99|0.78|0.88, date:0.98|0.51|0.67, total:0.96|0.34|0.50
epoch:106, loss: 0.15391775993285356, other:0.92|1.00|0.96, company:0.91|0.85|0.88, address:0.99|0.78|0.87, date:0.97|0.56|0.71, total:0.98|0.29|0.45
epoch:107, loss: 0.14419198284546533, other:0.92|1.00|0.96, company:0.95|0.81|0.88, address:0.99|0.77|0.87, date:0.97|0.56|0.71, total:0.97|0.30|0.46
epoch:108, loss: 0.13971492620529952, other:0.91|1.00|0.95, company:0.98|0.74|0.84, address:0.99|0.75|0.85, date:0.99|0.49|0.66, total:0.98|0.31|0.47
epoch:109, loss: 0.13119926496788306, other:0.93|1.00|0.96, company:0.96|0.81|0.88, address:0.99|0.80|0.88, date:0.99|0.54|0.70, total:0.95|0.37|0.53
epoch:110, loss: 0.1286119349576809, other:0.92|1.00|0.96, company:0.97|0.79|0.87, address:1.00|0.78|0.88, date:0.97|0.57|0.72, total:0.97|0.33|0.50
epoch:111, loss: 0.1285909096951838, other:0.93|1.00|0.96, company:0.97|0.79|0.87, address:0.99|0.80|0.89, date:0.98|0.53|0.69, total:0.92|0.41|0.57
epoch:112, loss: 0.14105004762057904, other:0.91|1.00|0.95, company:0.94|0.81|0.87, address:1.00|0.79|0.88, date:0.99|0.46|0.63, total:0.98|0.33|0.49
epoch:113, loss: 0.12384750086952138, other:0.92|1.00|0.96, company:0.98|0.78|0.87, address:0.99|0.82|0.90, date:0.99|0.53|0.69, total:0.97|0.33|0.50
epoch:114, loss: 0.12489956231028945, other:0.92|1.00|0.96, company:0.98|0.79|0.87, address:0.99|0.79|0.88, date:0.99|0.52|0.68, total:0.97|0.35|0.51
epoch:115, loss: 0.12315555247995588, other:0.94|1.00|0.97, company:0.96|0.83|0.89, address:0.99|0.83|0.91, date:0.99|0.53|0.69, total:0.94|0.39|0.55
epoch:116, loss: 0.13704554405477312, other:0.92|1.00|0.96, company:0.93|0.83|0.88, address:1.00|0.78|0.87, date:0.99|0.47|0.64, total:0.97|0.35|0.52
epoch:117, loss: 0.12890637500418556, other:0.93|1.00|0.96, company:0.96|0.84|0.90, address:0.99|0.79|0.88, date:0.99|0.52|0.68, total:0.97|0.35|0.52
epoch:118, loss: 0.12590621246231926, other:0.92|1.00|0.96, company:0.97|0.78|0.87, address:1.00|0.76|0.86, date:0.99|0.54|0.70, total:0.95|0.36|0.52
epoch:119, loss: 0.13141684896416134, other:0.92|1.00|0.96, company:0.97|0.78|0.86, address:1.00|0.75|0.86, date:0.99|0.48|0.64, total:0.97|0.36|0.53
epoch:120, loss: 0.118826429049174, other:0.93|1.00|0.96, company:0.97|0.83|0.89, address:1.00|0.78|0.87, date:0.98|0.55|0.71, total:0.96|0.39|0.55
epoch:121, loss: 0.12499913462886104, other:0.93|1.00|0.96, company:0.97|0.82|0.89, address:0.99|0.80|0.89, date:0.99|0.49|0.66, total:0.96|0.38|0.54
epoch:122, loss: 0.121674919018039, other:0.93|1.00|0.96, company:0.97|0.83|0.89, address:1.00|0.81|0.89, date:0.98|0.56|0.71, total:0.98|0.36|0.53
epoch:123, loss: 0.11865119084163948, other:0.93|1.00|0.96, company:0.98|0.82|0.89, address:0.99|0.83|0.90, date:0.99|0.57|0.72, total:0.95|0.36|0.52
epoch:124, loss: 0.13470605898786475, other:0.92|1.00|0.96, company:0.96|0.81|0.88, address:0.99|0.81|0.89, date:0.99|0.49|0.65, total:0.97|0.32|0.48
epoch:125, loss: 0.11807239331580975, other:0.93|1.00|0.96, company:0.96|0.83|0.89, address:1.00|0.80|0.89, date:0.99|0.56|0.71, total:0.97|0.38|0.55
epoch:126, loss: 0.12700095303632594, other:0.93|1.00|0.96, company:0.95|0.84|0.90, address:1.00|0.78|0.88, date:0.99|0.55|0.71, total:0.98|0.36|0.52
epoch:127, loss: 0.11969598575874611, other:0.92|1.00|0.96, company:0.98|0.79|0.87, address:1.00|0.78|0.88, date:0.99|0.52|0.69, total:0.98|0.35|0.51
epoch:128, loss: 0.13478733212859542, other:0.94|1.00|0.97, company:0.90|0.86|0.88, address:0.99|0.80|0.89, date:0.99|0.56|0.72, total:0.94|0.39|0.55
epoch:129, loss: 0.13135626608574832, other:0.93|1.00|0.96, company:0.94|0.84|0.89, address:0.99|0.83|0.90, date:0.99|0.49|0.66, total:0.98|0.36|0.53
epoch:130, loss: 0.1279807460528833, other:0.91|1.00|0.95, company:0.98|0.80|0.88, address:1.00|0.77|0.87, date:1.00|0.47|0.64, total:0.99|0.32|0.49
epoch:131, loss: 0.12049752804968092, other:0.93|1.00|0.96, company:0.95|0.83|0.89, address:0.99|0.80|0.89, date:0.99|0.49|0.66, total:0.96|0.40|0.57
epoch:132, loss: 0.12729063326561893, other:0.91|1.00|0.95, company:0.98|0.80|0.88, address:1.00|0.81|0.90, date:1.00|0.50|0.66, total:0.99|0.30|0.47
epoch:133, loss: 0.1278517547029036, other:0.92|1.00|0.96, company:0.95|0.84|0.89, address:1.00|0.78|0.88, date:1.00|0.51|0.67, total:0.98|0.33|0.49
epoch:134, loss: 0.11380426033779427, other:0.94|1.00|0.97, company:0.98|0.81|0.88, address:1.00|0.84|0.91, date:0.99|0.58|0.73, total:0.93|0.41|0.57
epoch:135, loss: 0.11848378264241749, other:0.93|1.00|0.96, company:0.96|0.83|0.89, address:0.99|0.84|0.91, date:0.99|0.52|0.69, total:0.97|0.38|0.55
epoch:136, loss: 0.11283397398613117, other:0.93|1.00|0.96, company:0.98|0.80|0.88, address:1.00|0.80|0.89, date:0.99|0.52|0.68, total:0.96|0.40|0.57
epoch:137, loss: 0.11607664519989933, other:0.93|1.00|0.97, company:0.97|0.83|0.89, address:1.00|0.82|0.90, date:1.00|0.50|0.67, total:0.95|0.41|0.58
epoch:138, loss: 0.13582290764208194, other:0.92|1.00|0.96, company:0.94|0.83|0.88, address:1.00|0.77|0.87, date:0.99|0.49|0.66, total:0.97|0.34|0.50
epoch:139, loss: 0.1260668878202085, other:0.93|1.00|0.96, company:0.97|0.82|0.89, address:0.99|0.82|0.90, date:0.99|0.55|0.71, total:0.95|0.36|0.52
epoch:140, loss: 0.11444463360088843, other:0.93|1.00|0.96, company:0.98|0.82|0.89, address:0.99|0.82|0.90, date:0.99|0.54|0.70, total:0.97|0.37|0.53
epoch:141, loss: 0.11770304458008872, other:0.93|1.00|0.96, company:0.98|0.75|0.85, address:0.99|0.79|0.88, date:1.00|0.56|0.72, total:0.98|0.37|0.54
epoch:142, loss: 0.11713007782344464, other:0.93|1.00|0.96, company:0.97|0.83|0.90, address:1.00|0.82|0.90, date:1.00|0.52|0.68, total:0.97|0.40|0.57
epoch:143, loss: 0.11100701187495832, other:0.93|1.00|0.96, company:0.97|0.81|0.88, address:1.00|0.80|0.89, date:0.99|0.53|0.69, total:0.98|0.38|0.55
epoch:144, loss: 0.1055486508541637, other:0.94|1.00|0.97, company:0.97|0.82|0.89, address:1.00|0.82|0.90, date:0.99|0.57|0.73, total:0.97|0.41|0.57
epoch:145, loss: 0.1148768765506921, other:0.93|1.00|0.96, company:0.96|0.82|0.88, address:0.99|0.84|0.91, date:1.00|0.54|0.70, total:0.98|0.38|0.55
epoch:146, loss: 0.11531381833332556, other:0.93|1.00|0.96, company:0.97|0.83|0.90, address:1.00|0.82|0.90, date:0.99|0.53|0.69, total:0.98|0.36|0.52
epoch:147, loss: 0.10953983085023032, other:0.93|1.00|0.96, company:0.98|0.77|0.86, address:1.00|0.82|0.90, date:0.99|0.58|0.73, total:0.97|0.37|0.54
epoch:148, loss: 0.10955373363362418, other:0.93|1.00|0.96, company:0.98|0.83|0.89, address:1.00|0.84|0.91, date:1.00|0.57|0.73, total:0.99|0.35|0.52
epoch:149, loss: 0.11144577049546772, other:0.93|1.00|0.96, company:0.98|0.83|0.90, address:1.00|0.82|0.90, date:1.00|0.53|0.69, total:0.99|0.36|0.53
epoch:150, loss: 0.11761663660958961, other:0.93|1.00|0.96, company:0.96|0.83|0.89, address:1.00|0.82|0.90, date:1.00|0.51|0.68, total:0.98|0.40|0.57
epoch:151, loss: 0.10592090945552897, other:0.93|1.00|0.96, company:0.98|0.81|0.89, address:1.00|0.82|0.90, date:0.99|0.56|0.72, total:0.98|0.38|0.54
epoch:152, loss: 0.10465205405597333, other:0.94|1.00|0.97, company:0.98|0.82|0.89, address:1.00|0.81|0.89, date:1.00|0.55|0.71, total:0.96|0.44|0.60
epoch:153, loss: 0.10859152923027675, other:0.93|1.00|0.96, company:0.97|0.84|0.90, address:1.00|0.81|0.89, date:1.00|0.55|0.71, total:0.99|0.38|0.55
epoch:154, loss: 0.10754252694271228, other:0.94|1.00|0.97, company:0.98|0.82|0.89, address:1.00|0.83|0.91, date:1.00|0.54|0.70, total:0.96|0.41|0.58
epoch:155, loss: 0.10526818009438338, other:0.94|1.00|0.97, company:0.98|0.83|0.90, address:1.00|0.84|0.91, date:0.99|0.57|0.72, total:0.98|0.41|0.58
epoch:156, loss: 0.09941479701686788, other:0.94|1.00|0.97, company:0.99|0.82|0.89, address:1.00|0.84|0.91, date:0.99|0.58|0.74, total:0.98|0.41|0.57
epoch:157, loss: 0.11382425714422155, other:0.94|1.00|0.97, company:0.98|0.85|0.91, address:1.00|0.84|0.91, date:1.00|0.57|0.73, total:0.91|0.42|0.58
epoch:158, loss: 0.10835560466404315, other:0.93|1.00|0.97, company:0.98|0.83|0.90, address:1.00|0.83|0.91, date:1.00|0.55|0.71, total:0.97|0.38|0.55
epoch:159, loss: 0.10424794091118707, other:0.93|1.00|0.96, company:0.99|0.81|0.89, address:1.00|0.81|0.90, date:1.00|0.57|0.72, total:0.99|0.38|0.55
epoch:160, loss: 0.10604250293087077, other:0.93|1.00|0.96, company:0.99|0.81|0.89, address:1.00|0.78|0.88, date:1.00|0.55|0.71, total:0.98|0.40|0.56
epoch:161, loss: 0.1265570386140435, other:0.94|1.00|0.97, company:0.91|0.84|0.87, address:0.98|0.81|0.89, date:1.00|0.59|0.74, total:0.96|0.44|0.60
epoch:162, loss: 0.10660063337396693, other:0.94|1.00|0.97, company:0.96|0.85|0.90, address:1.00|0.83|0.91, date:0.99|0.61|0.75, total:0.98|0.41|0.58
epoch:163, loss: 0.10151940087477367, other:0.94|1.00|0.97, company:0.97|0.85|0.90, address:1.00|0.84|0.91, date:1.00|0.60|0.75, total:0.97|0.41|0.58
epoch:164, loss: 0.10860109632765805, other:0.93|1.00|0.97, company:0.98|0.82|0.90, address:0.99|0.86|0.92, date:1.00|0.53|0.70, total:0.99|0.38|0.54
epoch:165, loss: 0.09672049157045505, other:0.94|1.00|0.97, company:0.99|0.81|0.89, address:1.00|0.84|0.91, date:1.00|0.61|0.76, total:0.97|0.42|0.59
epoch:166, loss: 0.10582543661197026, other:0.93|1.00|0.96, company:0.97|0.84|0.90, address:1.00|0.81|0.90, date:1.00|0.58|0.74, total:0.99|0.36|0.53
epoch:167, loss: 0.1061265120903651, other:0.93|1.00|0.97, company:0.97|0.84|0.90, address:0.99|0.85|0.91, date:1.00|0.56|0.71, total:0.99|0.37|0.54
epoch:168, loss: 0.09912299364805222, other:0.94|1.00|0.97, company:0.99|0.81|0.89, address:1.00|0.82|0.90, date:1.00|0.61|0.75, total:0.98|0.41|0.58
epoch:169, loss: 0.10572687453693813, other:0.94|1.00|0.97, company:0.98|0.84|0.90, address:0.99|0.83|0.91, date:0.99|0.57|0.72, total:0.98|0.41|0.58
epoch:170, loss: 0.1013649398529971, other:0.94|1.00|0.97, company:0.99|0.82|0.90, address:1.00|0.86|0.92, date:1.00|0.56|0.71, total:0.98|0.41|0.58
epoch:171, loss: 0.1046466667343069, other:0.93|1.00|0.96, company:0.99|0.78|0.87, address:0.99|0.81|0.89, date:1.00|0.54|0.70, total:0.98|0.40|0.57
epoch:172, loss: 0.09668061082009916, other:0.95|1.00|0.97, company:0.98|0.85|0.91, address:1.00|0.84|0.91, date:0.98|0.70|0.82, total:0.97|0.41|0.57
epoch:173, loss: 0.09934975813936305, other:0.94|1.00|0.97, company:0.98|0.81|0.89, address:1.00|0.81|0.90, date:1.00|0.60|0.75, total:0.98|0.40|0.57
epoch:174, loss: 0.10587200798370221, other:0.94|1.00|0.97, company:0.98|0.83|0.90, address:1.00|0.82|0.90, date:1.00|0.57|0.73, total:0.95|0.41|0.58
epoch:175, loss: 0.09902167265061979, other:0.94|1.00|0.97, company:0.98|0.82|0.89, address:1.00|0.82|0.90, date:1.00|0.61|0.75, total:0.98|0.42|0.59
epoch:176, loss: 0.09484157545699014, other:0.94|1.00|0.97, company:0.98|0.83|0.90, address:1.00|0.88|0.93, date:1.00|0.58|0.73, total:0.99|0.39|0.56
epoch:177, loss: 0.09475944991464968, other:0.94|1.00|0.97, company:0.98|0.80|0.88, address:1.00|0.84|0.91, date:1.00|0.61|0.76, total:0.98|0.42|0.59
epoch:178, loss: 0.10078845918178558, other:0.94|1.00|0.97, company:0.98|0.85|0.91, address:1.00|0.86|0.93, date:1.00|0.57|0.73, total:0.99|0.37|0.54
epoch:179, loss: 0.09421485179552326, other:0.94|1.00|0.97, company:0.98|0.84|0.90, address:1.00|0.82|0.90, date:1.00|0.61|0.76, total:0.98|0.44|0.61
epoch:180, loss: 0.0905463938359861, other:0.95|1.00|0.97, company:0.98|0.84|0.90, address:1.00|0.85|0.91, date:1.00|0.61|0.76, total:0.98|0.44|0.61
epoch:181, loss: 0.0999175453627551, other:0.94|1.00|0.97, company:0.97|0.84|0.90, address:1.00|0.86|0.92, date:1.00|0.59|0.75, total:0.99|0.38|0.55
epoch:182, loss: 0.09715053963440436, other:0.95|1.00|0.97, company:0.98|0.84|0.91, address:1.00|0.86|0.92, date:1.00|0.58|0.74, total:0.96|0.43|0.59
epoch:183, loss: 0.09043296040208251, other:0.94|1.00|0.97, company:0.99|0.78|0.87, address:0.99|0.86|0.92, date:1.00|0.64|0.78, total:0.98|0.42|0.58
epoch:184, loss: 0.09141728709693309, other:0.95|1.00|0.97, company:0.98|0.85|0.91, address:1.00|0.84|0.91, date:1.00|0.60|0.75, total:0.98|0.46|0.62
epoch:185, loss: 0.09117654586831729, other:0.94|1.00|0.97, company:0.99|0.83|0.90, address:1.00|0.84|0.91, date:1.00|0.60|0.75, total:0.99|0.41|0.58
epoch:186, loss: 0.09650681278219929, other:0.94|1.00|0.97, company:0.97|0.86|0.91, address:1.00|0.82|0.90, date:1.00|0.56|0.71, total:0.98|0.44|0.61
epoch:187, loss: 0.09756436585276215, other:0.94|1.00|0.97, company:0.97|0.85|0.90, address:1.00|0.84|0.91, date:1.00|0.58|0.74, total:1.00|0.38|0.55
epoch:188, loss: 0.09383361565845984, other:0.94|1.00|0.97, company:0.99|0.82|0.89, address:0.99|0.84|0.91, date:1.00|0.55|0.71, total:0.99|0.42|0.59
epoch:189, loss: 0.09295563054857431, other:0.94|1.00|0.97, company:0.96|0.85|0.90, address:1.00|0.83|0.90, date:1.00|0.64|0.78, total:0.99|0.41|0.58
epoch:190, loss: 0.09229629128067582, other:0.95|1.00|0.97, company:0.97|0.84|0.90, address:1.00|0.84|0.91, date:1.00|0.62|0.76, total:0.99|0.43|0.60
epoch:191, loss: 0.09110265804661645, other:0.94|1.00|0.97, company:0.98|0.83|0.90, address:1.00|0.82|0.90, date:1.00|0.59|0.74, total:1.00|0.41|0.58
epoch:192, loss: 0.10133615136146545, other:0.94|1.00|0.97, company:0.99|0.85|0.91, address:1.00|0.85|0.92, date:1.00|0.61|0.75, total:0.95|0.37|0.53
epoch:193, loss: 0.09515035097245816, other:0.94|1.00|0.97, company:0.99|0.79|0.88, address:0.99|0.87|0.93, date:1.00|0.62|0.76, total:0.96|0.40|0.56
epoch:194, loss: 0.09008654372559653, other:0.94|1.00|0.97, company:0.98|0.86|0.92, address:1.00|0.86|0.92, date:1.00|0.62|0.77, total:0.99|0.40|0.57
epoch:195, loss: 0.08622408713455554, other:0.95|1.00|0.97, company:0.99|0.85|0.91, address:1.00|0.86|0.93, date:1.00|0.61|0.76, total:0.98|0.45|0.62
epoch:196, loss: 0.09127908144836072, other:0.94|1.00|0.97, company:0.99|0.84|0.91, address:1.00|0.86|0.92, date:1.00|0.56|0.72, total:0.99|0.41|0.58
epoch:197, loss: 0.08694966096017095, other:0.95|1.00|0.97, company:0.99|0.85|0.91, address:1.00|0.88|0.93, date:1.00|0.62|0.77, total:0.97|0.43|0.60
epoch:198, loss: 0.08829194845424758, other:0.94|1.00|0.97, company:0.99|0.85|0.91, address:1.00|0.84|0.91, date:1.00|0.65|0.79, total:0.99|0.41|0.58
epoch:199, loss: 0.08485148281410888, other:0.95|1.00|0.97, company:0.99|0.83|0.91, address:1.00|0.88|0.94, date:1.00|0.58|0.74, total:0.97|0.49|0.65
epoch:200, loss: 0.08506289165880945, other:0.95|1.00|0.97, company:1.00|0.83|0.90, address:1.00|0.87|0.93, date:1.00|0.63|0.77, total:0.98|0.41|0.58
epoch:201, loss: 0.08149949709574382, other:0.95|1.00|0.97, company:0.99|0.84|0.91, address:1.00|0.87|0.93, date:1.00|0.65|0.79, total:0.98|0.45|0.62
epoch:202, loss: 0.10233164385513023, other:0.94|1.00|0.97, company:0.97|0.85|0.91, address:1.00|0.84|0.91, date:1.00|0.60|0.75, total:0.98|0.38|0.54
epoch:203, loss: 0.10017651954182873, other:0.94|1.00|0.97, company:1.00|0.82|0.90, address:1.00|0.83|0.91, date:1.00|0.55|0.71, total:0.94|0.40|0.56
epoch:204, loss: 0.09640274390026375, other:0.93|1.00|0.96, company:0.99|0.84|0.91, address:1.00|0.83|0.91, date:1.00|0.54|0.70, total:1.00|0.37|0.54
epoch:205, loss: 0.08332034559161575, other:0.95|1.00|0.97, company:0.99|0.83|0.91, address:1.00|0.86|0.93, date:1.00|0.62|0.77, total:0.99|0.47|0.64
epoch:206, loss: 0.08249438498859052, other:0.95|1.00|0.97, company:0.99|0.84|0.91, address:1.00|0.89|0.94, date:1.00|0.65|0.79, total:0.99|0.42|0.59
epoch:207, loss: 0.09075446702815869, other:0.94|1.00|0.97, company:0.99|0.84|0.91, address:1.00|0.87|0.93, date:1.00|0.59|0.74, total:0.99|0.38|0.55
epoch:208, loss: 0.08194684402810203, other:0.95|1.00|0.97, company:0.99|0.84|0.91, address:1.00|0.89|0.94, date:1.00|0.57|0.73, total:0.98|0.47|0.64
epoch:209, loss: 0.10207992902508488, other:0.93|1.00|0.96, company:0.99|0.83|0.90, address:1.00|0.83|0.91, date:1.00|0.53|0.69, total:1.00|0.35|0.52
epoch:210, loss: 0.09086638647649023, other:0.94|1.00|0.97, company:0.98|0.86|0.92, address:1.00|0.87|0.93, date:1.00|0.63|0.77, total:0.99|0.39|0.56
epoch:211, loss: 0.08275538062055905, other:0.95|1.00|0.98, company:0.99|0.84|0.91, address:1.00|0.88|0.93, date:1.00|0.64|0.78, total:0.99|0.46|0.63
epoch:212, loss: 0.07974900677800179, other:0.95|1.00|0.97, company:1.00|0.81|0.90, address:1.00|0.87|0.93, date:1.00|0.67|0.80, total:0.99|0.44|0.61
epoch:213, loss: 0.08013138299187024, other:0.95|1.00|0.97, company:1.00|0.83|0.90, address:1.00|0.88|0.93, date:1.00|0.64|0.78, total:0.98|0.45|0.62
epoch:214, loss: 0.07611683135231335, other:0.95|1.00|0.97, company:1.00|0.81|0.89, address:1.00|0.88|0.93, date:1.00|0.66|0.80, total:0.99|0.46|0.63
epoch:215, loss: 0.08802586876683766, other:0.94|1.00|0.97, company:0.97|0.85|0.91, address:1.00|0.84|0.91, date:1.00|0.65|0.79, total:0.99|0.41|0.58
epoch:216, loss: 0.08275934281172576, other:0.94|1.00|0.97, company:1.00|0.83|0.91, address:1.00|0.84|0.91, date:1.00|0.63|0.78, total:0.99|0.42|0.59
epoch:217, loss: 0.08575749576643661, other:0.95|1.00|0.97, company:0.98|0.86|0.92, address:1.00|0.88|0.93, date:1.00|0.61|0.75, total:0.98|0.45|0.61
epoch:218, loss: 0.0812589734516762, other:0.95|1.00|0.98, company:0.99|0.84|0.91, address:1.00|0.88|0.93, date:1.00|0.68|0.81, total:0.98|0.47|0.64
epoch:219, loss: 0.08151450394480317, other:0.95|1.00|0.97, company:1.00|0.82|0.90, address:1.00|0.87|0.93, date:1.00|0.63|0.78, total:0.99|0.42|0.59
epoch:220, loss: 0.0776348863210943, other:0.95|1.00|0.98, company:1.00|0.86|0.92, address:1.00|0.89|0.94, date:1.00|0.66|0.79, total:0.99|0.44|0.61
epoch:221, loss: 0.07401254442003039, other:0.95|1.00|0.98, company:1.00|0.82|0.90, address:1.00|0.89|0.94, date:1.00|0.68|0.81, total:0.99|0.47|0.63
epoch:222, loss: 0.07717082953011548, other:0.95|1.00|0.97, company:0.99|0.86|0.92, address:1.00|0.88|0.94, date:1.00|0.62|0.77, total:0.99|0.45|0.62
epoch:223, loss: 0.083464948805394, other:0.94|1.00|0.97, company:0.99|0.85|0.91, address:1.00|0.88|0.93, date:1.00|0.63|0.78, total:1.00|0.40|0.57
epoch:224, loss: 0.08655227596561114, other:0.94|1.00|0.97, company:0.99|0.84|0.91, address:1.00|0.88|0.94, date:1.00|0.60|0.75, total:0.98|0.41|0.58
epoch:225, loss: 0.0849438304150546, other:0.95|1.00|0.97, company:0.98|0.87|0.92, address:1.00|0.88|0.93, date:1.00|0.60|0.75, total:0.99|0.42|0.59
epoch:226, loss: 0.0760779476000203, other:0.95|1.00|0.97, company:1.00|0.82|0.90, address:1.00|0.86|0.92, date:1.00|0.67|0.80, total:0.99|0.44|0.61
epoch:227, loss: 0.09297378237048785, other:0.95|1.00|0.97, company:0.92|0.86|0.89, address:1.00|0.83|0.90, date:1.00|0.65|0.79, total:0.99|0.44|0.61
epoch:228, loss: 0.09169667076181483, other:0.94|1.00|0.97, company:0.98|0.86|0.92, address:1.00|0.87|0.93, date:1.00|0.62|0.77, total:0.99|0.39|0.56
epoch:229, loss: 0.08804983079985336, other:0.94|1.00|0.97, company:1.00|0.80|0.89, address:0.99|0.87|0.93, date:1.00|0.58|0.73, total:1.00|0.38|0.55
epoch:230, loss: 0.07806948310247173, other:0.95|1.00|0.97, company:0.99|0.85|0.92, address:1.00|0.87|0.93, date:1.00|0.67|0.80, total:0.98|0.44|0.61
epoch:231, loss: 0.07841602699072273, other:0.95|1.00|0.97, company:1.00|0.83|0.90, address:1.00|0.89|0.94, date:1.00|0.66|0.80, total:1.00|0.40|0.57
epoch:232, loss: 0.07720857762076237, other:0.95|1.00|0.97, company:1.00|0.83|0.91, address:1.00|0.87|0.93, date:1.00|0.66|0.79, total:0.99|0.45|0.62
epoch:233, loss: 0.0801408561291518, other:0.95|1.00|0.97, company:0.98|0.85|0.91, address:1.00|0.87|0.93, date:1.00|0.64|0.78, total:0.99|0.42|0.59
epoch:234, loss: 0.07100504098667039, other:0.96|1.00|0.98, company:1.00|0.85|0.92, address:1.00|0.89|0.94, date:1.00|0.67|0.80, total:0.99|0.53|0.69
epoch:235, loss: 0.07360670384433535, other:0.95|1.00|0.98, company:1.00|0.84|0.91, address:1.00|0.89|0.94, date:1.00|0.66|0.79, total:0.99|0.46|0.63
epoch:236, loss: 0.07838774858801453, other:0.95|1.00|0.97, company:0.99|0.86|0.92, address:1.00|0.91|0.95, date:1.00|0.67|0.80, total:1.00|0.39|0.56
epoch:237, loss: 0.08090120429793994, other:0.95|1.00|0.97, company:0.99|0.86|0.92, address:1.00|0.89|0.94, date:1.00|0.59|0.74, total:0.99|0.41|0.58
epoch:238, loss: 0.07168959867623118, other:0.95|1.00|0.98, company:0.99|0.87|0.93, address:1.00|0.89|0.94, date:1.00|0.69|0.82, total:0.99|0.45|0.62
epoch:239, loss: 0.07400079609619246, other:0.95|1.00|0.97, company:1.00|0.85|0.92, address:1.00|0.88|0.94, date:1.00|0.68|0.81, total:1.00|0.43|0.60
epoch:240, loss: 0.0732601603700055, other:0.95|1.00|0.97, company:1.00|0.84|0.91, address:1.00|0.88|0.94, date:1.00|0.66|0.79, total:0.99|0.44|0.61
epoch:241, loss: 0.0681467420525021, other:0.96|1.00|0.98, company:1.00|0.86|0.92, address:1.00|0.90|0.95, date:1.00|0.66|0.80, total:0.99|0.49|0.66
epoch:242, loss: 0.07808065455820826, other:0.95|1.00|0.97, company:1.00|0.86|0.92, address:1.00|0.89|0.94, date:1.00|0.66|0.79, total:0.99|0.40|0.57
epoch:243, loss: 0.06761622980788902, other:0.96|1.00|0.98, company:0.99|0.85|0.92, address:1.00|0.89|0.94, date:1.00|0.69|0.81, total:0.99|0.50|0.67
epoch:244, loss: 0.06929456483986643, other:0.95|1.00|0.98, company:1.00|0.86|0.92, address:1.00|0.88|0.93, date:1.00|0.66|0.80, total:1.00|0.45|0.62
epoch:245, loss: 0.06769320023832498, other:0.95|1.00|0.98, company:1.00|0.84|0.91, address:1.00|0.90|0.95, date:1.00|0.69|0.82, total:0.99|0.46|0.63
epoch:246, loss: 0.08676538823379411, other:0.94|1.00|0.97, company:0.99|0.86|0.92, address:1.00|0.83|0.91, date:1.00|0.59|0.74, total:1.00|0.39|0.56
epoch:247, loss: 0.0825259691035306, other:0.94|1.00|0.97, company:1.00|0.81|0.90, address:1.00|0.87|0.93, date:1.00|0.60|0.75, total:0.99|0.39|0.56
epoch:248, loss: 0.07511820078448013, other:0.95|1.00|0.97, company:1.00|0.85|0.92, address:1.00|0.86|0.92, date:1.00|0.65|0.78, total:0.99|0.46|0.63
epoch:249, loss: 0.08296049993347239, other:0.95|1.00|0.97, company:1.00|0.84|0.91, address:1.00|0.90|0.95, date:0.99|0.69|0.82, total:1.00|0.38|0.55
epoch:250, loss: 0.09047623171850487, other:0.94|1.00|0.97, company:0.99|0.85|0.91, address:1.00|0.88|0.93, date:1.00|0.61|0.76, total:0.97|0.40|0.57
epoch:251, loss: 0.0739262796662472, other:0.96|1.00|0.98, company:1.00|0.86|0.92, address:1.00|0.87|0.93, date:1.00|0.63|0.78, total:0.99|0.50|0.67
epoch:252, loss: 0.07510138744557346, other:0.96|1.00|0.98, company:0.99|0.86|0.92, address:1.00|0.88|0.93, date:1.00|0.71|0.83, total:0.99|0.49|0.65
epoch:253, loss: 0.07325035512999252, other:0.95|1.00|0.98, company:0.99|0.87|0.93, address:1.00|0.88|0.94, date:1.00|0.65|0.79, total:0.99|0.46|0.63
epoch:254, loss: 0.07308546867635515, other:0.95|1.00|0.97, company:1.00|0.86|0.92, address:1.00|0.89|0.94, date:1.00|0.64|0.78, total:1.00|0.42|0.59
epoch:255, loss: 0.08590562848581208, other:0.94|1.00|0.97, company:0.98|0.84|0.90, address:1.00|0.85|0.92, date:1.00|0.63|0.77, total:0.99|0.42|0.59
epoch:256, loss: 0.07934542469404361, other:0.95|1.00|0.97, company:1.00|0.84|0.91, address:1.00|0.89|0.94, date:1.00|0.64|0.78, total:0.99|0.41|0.58
epoch:257, loss: 0.07174089068063984, other:0.96|1.00|0.98, company:0.99|0.86|0.92, address:1.00|0.90|0.94, date:1.00|0.64|0.78, total:0.99|0.48|0.65
epoch:258, loss: 0.06646306702384243, other:0.96|1.00|0.98, company:1.00|0.83|0.90, address:1.00|0.90|0.94, date:1.00|0.70|0.82, total:0.99|0.52|0.68
epoch:259, loss: 0.06674836465605984, other:0.96|1.00|0.98, company:1.00|0.85|0.91, address:1.00|0.88|0.93, date:1.00|0.68|0.81, total:0.99|0.47|0.64
epoch:260, loss: 0.06805403530597687, other:0.95|1.00|0.98, company:1.00|0.85|0.92, address:1.00|0.88|0.94, date:1.00|0.69|0.81, total:1.00|0.46|0.63
epoch:261, loss: 0.0690400408649886, other:0.96|1.00|0.98, company:0.99|0.87|0.93, address:1.00|0.87|0.93, date:1.00|0.67|0.80, total:0.99|0.49|0.65
epoch:262, loss: 0.07328969695501858, other:0.95|1.00|0.97, company:1.00|0.86|0.93, address:1.00|0.90|0.95, date:1.00|0.65|0.79, total:0.99|0.42|0.59
epoch:263, loss: 0.06444027440415488, other:0.96|1.00|0.98, company:1.00|0.85|0.92, address:1.00|0.91|0.95, date:1.00|0.67|0.81, total:1.00|0.45|0.62
epoch:264, loss: 0.06926759042673641, other:0.95|1.00|0.97, company:1.00|0.85|0.92, address:1.00|0.89|0.94, date:1.00|0.63|0.78, total:1.00|0.44|0.62
epoch:265, loss: 0.0715254948095039, other:0.95|1.00|0.98, company:1.00|0.84|0.91, address:1.00|0.91|0.95, date:1.00|0.70|0.82, total:0.99|0.44|0.61
epoch:266, loss: 0.06750556302291376, other:0.96|1.00|0.98, company:1.00|0.85|0.92, address:1.00|0.87|0.93, date:1.00|0.73|0.84, total:0.99|0.47|0.63
epoch:267, loss: 0.06259932575954331, other:0.96|1.00|0.98, company:1.00|0.86|0.92, address:1.00|0.90|0.95, date:1.00|0.70|0.82, total:0.99|0.48|0.65
epoch:268, loss: 0.06861597934254894, other:0.96|1.00|0.98, company:1.00|0.85|0.92, address:1.00|0.90|0.94, date:1.00|0.66|0.80, total:0.99|0.49|0.66
epoch:269, loss: 0.06452515155628875, other:0.96|1.00|0.98, company:1.00|0.87|0.93, address:1.00|0.89|0.94, date:1.00|0.69|0.82, total:0.99|0.50|0.66
epoch:270, loss: 0.06484033056983242, other:0.95|1.00|0.98, company:1.00|0.84|0.91, address:1.00|0.88|0.94, date:1.00|0.67|0.81, total:1.00|0.47|0.64
epoch:271, loss: 0.0683268997128363, other:0.95|1.00|0.97, company:1.00|0.84|0.91, address:1.00|0.90|0.95, date:1.00|0.65|0.79, total:1.00|0.44|0.61
epoch:272, loss: 0.07126393169164658, other:0.95|1.00|0.98, company:0.99|0.88|0.93, address:1.00|0.89|0.94, date:1.00|0.70|0.82, total:0.99|0.43|0.60
epoch:273, loss: 0.07213945452261854, other:0.96|1.00|0.98, company:0.99|0.87|0.93, address:1.00|0.90|0.95, date:1.00|0.65|0.78, total:0.97|0.47|0.63
epoch:274, loss: 0.07514338816205661, other:0.94|1.00|0.97, company:1.00|0.86|0.93, address:1.00|0.86|0.92, date:1.00|0.62|0.77, total:1.00|0.41|0.58
epoch:275, loss: 0.06708840391150227, other:0.96|1.00|0.98, company:0.99|0.84|0.91, address:1.00|0.91|0.95, date:1.00|0.67|0.80, total:0.99|0.49|0.66
epoch:276, loss: 0.06895806378236523, other:0.96|1.00|0.98, company:1.00|0.86|0.92, address:1.00|0.90|0.94, date:1.00|0.68|0.81, total:0.98|0.48|0.65
epoch:277, loss: 0.06012104658616914, other:0.96|1.00|0.98, company:1.00|0.84|0.91, address:1.00|0.90|0.95, date:1.00|0.68|0.81, total:0.99|0.52|0.68
epoch:278, loss: 0.06565742456802616, other:0.96|1.00|0.98, company:1.00|0.83|0.91, address:1.00|0.89|0.94, date:1.00|0.67|0.81, total:1.00|0.48|0.65
epoch:279, loss: 0.07173407353736737, other:0.95|1.00|0.98, company:0.99|0.87|0.93, address:1.00|0.86|0.92, date:1.00|0.63|0.77, total:0.99|0.49|0.65
epoch:280, loss: 0.07806464533011119, other:0.94|1.00|0.97, company:1.00|0.84|0.92, address:1.00|0.88|0.94, date:1.00|0.66|0.80, total:1.00|0.37|0.54
epoch:281, loss: 0.06765049075086911, other:0.96|1.00|0.98, company:1.00|0.85|0.92, address:1.00|0.90|0.95, date:1.00|0.66|0.80, total:0.99|0.48|0.65
epoch:282, loss: 0.07013931263376165, other:0.96|1.00|0.98, company:0.97|0.89|0.93, address:1.00|0.85|0.92, date:1.00|0.70|0.82, total:1.00|0.54|0.70
epoch:283, loss: 0.06738535190622012, other:0.96|1.00|0.98, company:0.98|0.88|0.93, address:1.00|0.88|0.94, date:1.00|0.69|0.81, total:0.99|0.49|0.65
epoch:284, loss: 0.06419599221812354, other:0.96|1.00|0.98, company:1.00|0.84|0.91, address:1.00|0.89|0.94, date:1.00|0.66|0.79, total:1.00|0.50|0.67
epoch:285, loss: 0.06641360068762744, other:0.95|1.00|0.98, company:1.00|0.84|0.91, address:1.00|0.85|0.92, date:1.00|0.74|0.85, total:1.00|0.47|0.64
epoch:286, loss: 0.06832266240208237, other:0.95|1.00|0.97, company:1.00|0.86|0.92, address:1.00|0.89|0.94, date:1.00|0.63|0.78, total:1.00|0.45|0.62
epoch:287, loss: 0.07157745253708628, other:0.96|1.00|0.98, company:0.99|0.89|0.94, address:1.00|0.89|0.94, date:1.00|0.64|0.78, total:0.99|0.48|0.64
epoch:288, loss: 0.0650081800089942, other:0.96|1.00|0.98, company:1.00|0.86|0.92, address:1.00|0.89|0.94, date:0.99|0.73|0.84, total:1.00|0.45|0.62
epoch:289, loss: 0.0670555707205225, other:0.95|1.00|0.98, company:1.00|0.85|0.91, address:1.00|0.92|0.95, date:1.00|0.67|0.80, total:1.00|0.43|0.60
epoch:290, loss: 0.06467539016847257, other:0.95|1.00|0.98, company:1.00|0.86|0.93, address:1.00|0.87|0.93, date:1.00|0.67|0.80, total:1.00|0.47|0.64
epoch:291, loss: 0.0630826911440602, other:0.96|1.00|0.98, company:0.99|0.89|0.94, address:1.00|0.90|0.95, date:1.00|0.70|0.83, total:1.00|0.49|0.66
epoch:292, loss: 0.058765026154341524, other:0.96|1.00|0.98, company:1.00|0.85|0.92, address:1.00|0.91|0.95, date:1.00|0.72|0.84, total:1.00|0.49|0.66
epoch:293, loss: 0.06122576790275397, other:0.96|1.00|0.98, company:1.00|0.88|0.93, address:1.00|0.92|0.96, date:1.00|0.73|0.85, total:1.00|0.46|0.63
epoch:294, loss: 0.0664622161399435, other:0.96|1.00|0.98, company:1.00|0.88|0.93, address:1.00|0.91|0.95, date:1.00|0.65|0.79, total:0.99|0.48|0.65
epoch:295, loss: 0.06409297980092189, other:0.95|1.00|0.98, company:1.00|0.86|0.92, address:1.00|0.91|0.95, date:1.00|0.66|0.80, total:1.00|0.46|0.63
epoch:296, loss: 0.06580661747742582, other:0.95|1.00|0.97, company:1.00|0.86|0.92, address:1.00|0.89|0.94, date:1.00|0.69|0.82, total:1.00|0.42|0.59
epoch:297, loss: 0.06710436236527231, other:0.95|1.00|0.98, company:1.00|0.83|0.90, address:1.00|0.90|0.95, date:1.00|0.67|0.80, total:0.99|0.45|0.62
epoch:298, loss: 0.07550384876904664, other:0.95|1.00|0.97, company:1.00|0.88|0.93, address:1.00|0.87|0.93, date:1.00|0.64|0.78, total:1.00|0.41|0.58
epoch:299, loss: 0.07031722794528361, other:0.95|1.00|0.97, company:1.00|0.87|0.93, address:1.00|0.90|0.95, date:1.00|0.70|0.82, total:1.00|0.41|0.58
