epoch:0, loss: 1.056894964641995, other:0.94|0.96|0.95, company:0.00|0.00|0.00, address:0.88|0.36|0.51, date:0.00|0.00|0.00, total:0.05|0.38|0.08
epoch:1, loss: 0.7689767214987013, other:0.95|0.95|0.95, company:0.01|0.75|0.02, address:0.87|0.43|0.58, date:0.01|0.10|0.01, total:0.13|0.27|0.17
epoch:2, loss: 0.577665039786586, other:0.90|0.97|0.93, company:0.43|0.83|0.57, address:0.92|0.45|0.61, date:0.25|0.30|0.27, total:0.46|0.21|0.29
epoch:3, loss: 0.4759836693604787, other:0.88|0.98|0.93, company:0.62|0.84|0.71, address:0.96|0.48|0.64, date:0.47|0.31|0.37, total:0.60|0.21|0.31
epoch:4, loss: 0.41501539945602417, other:0.87|0.98|0.92, company:0.90|0.67|0.77, address:0.93|0.51|0.66, date:0.60|0.30|0.40, total:0.61|0.24|0.34
epoch:5, loss: 0.37536512149704826, other:0.88|0.98|0.93, company:0.83|0.81|0.82, address:0.97|0.52|0.68, date:0.62|0.32|0.42, total:0.68|0.24|0.36
epoch:6, loss: 0.3492040170563592, other:0.88|0.99|0.93, company:0.81|0.83|0.82, address:0.97|0.54|0.69, date:0.72|0.34|0.46, total:0.73|0.25|0.37
epoch:7, loss: 0.34122653471099007, other:0.86|0.99|0.92, company:0.79|0.84|0.81, address:0.98|0.52|0.68, date:0.72|0.34|0.46, total:0.85|0.22|0.35
epoch:8, loss: 0.3386833568414052, other:0.91|0.98|0.94, company:0.76|0.86|0.81, address:0.98|0.53|0.68, date:0.62|0.50|0.55, total:0.71|0.30|0.42
epoch:9, loss: 0.29915390467202224, other:0.88|0.99|0.93, company:0.89|0.79|0.84, address:0.98|0.52|0.68, date:0.72|0.44|0.55, total:0.83|0.26|0.39
epoch:10, loss: 0.29158493490130816, other:0.87|0.99|0.93, company:0.96|0.65|0.77, address:0.92|0.62|0.74, date:0.81|0.34|0.48, total:0.87|0.25|0.39
epoch:11, loss: 0.268948855775374, other:0.90|0.99|0.94, company:0.92|0.77|0.84, address:0.98|0.57|0.72, date:0.82|0.41|0.55, total:0.68|0.36|0.47
epoch:12, loss: 0.257527940803104, other:0.92|0.99|0.95, company:0.91|0.81|0.86, address:0.98|0.57|0.72, date:0.75|0.56|0.64, total:0.65|0.38|0.48
epoch:13, loss: 0.24781737559371525, other:0.90|0.99|0.95, company:0.95|0.72|0.82, address:0.97|0.59|0.73, date:0.88|0.44|0.59, total:0.74|0.37|0.49
epoch:14, loss: 0.23756466695555933, other:0.92|0.99|0.95, company:0.90|0.83|0.86, address:0.99|0.61|0.75, date:0.85|0.48|0.61, total:0.70|0.38|0.49
epoch:15, loss: 0.2451073036149696, other:0.87|1.00|0.93, company:0.92|0.80|0.85, address:0.98|0.65|0.78, date:0.91|0.40|0.56, total:0.95|0.22|0.36
epoch:16, loss: 0.2537997442263144, other:0.88|0.99|0.93, company:0.96|0.68|0.80, address:0.95|0.60|0.74, date:0.86|0.40|0.55, total:0.91|0.27|0.41
epoch:17, loss: 0.22393235122715985, other:0.92|0.99|0.96, company:0.91|0.81|0.85, address:0.99|0.64|0.78, date:0.82|0.57|0.67, total:0.82|0.36|0.50
epoch:18, loss: 0.21225979482686078, other:0.89|1.00|0.94, company:0.91|0.81|0.86, address:0.98|0.69|0.81, date:0.91|0.42|0.57, total:0.94|0.26|0.41
epoch:19, loss: 0.22853380110528734, other:0.94|0.99|0.96, company:0.95|0.80|0.87, address:0.98|0.66|0.79, date:0.80|0.60|0.68, total:0.60|0.44|0.51
epoch:20, loss: 0.22189319520084946, other:0.86|1.00|0.93, company:0.91|0.82|0.86, address:0.99|0.63|0.77, date:0.93|0.40|0.56, total:0.97|0.22|0.36
epoch:21, loss: 0.1993141555123859, other:0.94|0.99|0.97, company:0.95|0.75|0.84, address:0.98|0.77|0.86, date:0.89|0.55|0.68, total:0.70|0.46|0.55
epoch:22, loss: 0.188674321881047, other:0.91|1.00|0.95, company:0.97|0.75|0.85, address:0.98|0.64|0.77, date:0.94|0.52|0.67, total:0.91|0.34|0.49
epoch:23, loss: 0.19639412562052408, other:0.89|1.00|0.94, company:0.97|0.68|0.80, address:0.97|0.64|0.77, date:0.93|0.44|0.60, total:0.94|0.31|0.47
epoch:24, loss: 0.1869761805843424, other:0.93|0.99|0.96, company:0.96|0.78|0.86, address:0.99|0.68|0.80, date:0.89|0.62|0.73, total:0.73|0.41|0.52
epoch:25, loss: 0.23647560289612524, other:0.88|0.99|0.93, company:0.98|0.64|0.77, address:0.95|0.59|0.72, date:0.97|0.26|0.41, total:0.80|0.47|0.59
epoch:26, loss: 0.2033142254308418, other:0.92|0.99|0.96, company:0.98|0.66|0.79, address:0.95|0.68|0.79, date:0.80|0.62|0.70, total:0.90|0.35|0.50
epoch:27, loss: 0.18366801407602099, other:0.90|1.00|0.94, company:0.97|0.72|0.83, address:0.98|0.66|0.79, date:0.93|0.53|0.67, total:0.97|0.29|0.44
epoch:28, loss: 0.18736429843637678, other:0.95|0.99|0.97, company:0.93|0.87|0.90, address:0.97|0.81|0.88, date:0.91|0.56|0.70, total:0.70|0.45|0.55
epoch:29, loss: 0.1691101935726625, other:0.93|1.00|0.96, company:0.97|0.73|0.84, address:0.97|0.76|0.85, date:0.91|0.50|0.65, total:0.91|0.38|0.54
epoch:30, loss: 0.16407184109643655, other:0.95|0.99|0.97, company:0.91|0.85|0.88, address:0.98|0.78|0.87, date:0.92|0.65|0.76, total:0.85|0.43|0.57
epoch:31, loss: 0.15031666115478234, other:0.93|1.00|0.96, company:0.95|0.85|0.90, address:0.98|0.79|0.87, date:0.95|0.63|0.76, total:0.96|0.34|0.50
epoch:32, loss: 0.18197146499598468, other:0.96|0.99|0.97, company:0.97|0.80|0.87, address:0.95|0.85|0.89, date:0.94|0.63|0.75, total:0.73|0.48|0.58
epoch:33, loss: 0.14774950014220345, other:0.93|1.00|0.96, company:0.98|0.74|0.84, address:0.98|0.77|0.86, date:0.97|0.59|0.73, total:0.93|0.37|0.53
epoch:34, loss: 0.1733075954295971, other:0.91|1.00|0.95, company:0.97|0.77|0.86, address:0.97|0.85|0.90, date:0.99|0.37|0.54, total:0.94|0.34|0.50
epoch:35, loss: 0.16640131065139063, other:0.89|1.00|0.94, company:0.98|0.79|0.87, address:0.98|0.78|0.87, date:0.99|0.37|0.54, total:0.98|0.27|0.42
epoch:36, loss: 0.16836324886039453, other:0.95|0.99|0.97, company:0.94|0.87|0.91, address:0.97|0.84|0.90, date:0.99|0.49|0.66, total:0.70|0.51|0.59
epoch:37, loss: 0.16492269077786692, other:0.91|1.00|0.95, company:0.91|0.87|0.89, address:0.98|0.80|0.88, date:0.94|0.62|0.75, total:0.98|0.26|0.41
epoch:38, loss: 0.2085099258908519, other:0.93|0.99|0.96, company:0.98|0.70|0.82, address:0.95|0.70|0.81, date:0.96|0.45|0.61, total:0.59|0.48|0.53
epoch:39, loss: 0.1696727187545211, other:0.93|0.99|0.96, company:0.93|0.82|0.87, address:0.99|0.71|0.83, date:0.97|0.49|0.65, total:0.83|0.44|0.58
epoch:40, loss: 0.16368862903780407, other:0.91|1.00|0.95, company:0.91|0.84|0.87, address:1.00|0.67|0.80, date:0.98|0.45|0.62, total:0.95|0.34|0.50
epoch:41, loss: 0.17723051541381413, other:0.89|1.00|0.94, company:0.95|0.79|0.86, address:1.00|0.61|0.76, date:0.96|0.50|0.66, total:0.94|0.27|0.42
epoch:42, loss: 0.1749184203368646, other:0.90|1.00|0.94, company:0.93|0.83|0.88, address:0.99|0.71|0.83, date:0.97|0.39|0.56, total:0.96|0.30|0.46
epoch:43, loss: 0.1449905076512584, other:0.96|0.99|0.98, company:0.96|0.83|0.89, address:0.99|0.79|0.88, date:0.93|0.69|0.79, total:0.78|0.52|0.62
epoch:44, loss: 0.1297610385550393, other:0.93|1.00|0.96, company:0.94|0.85|0.89, address:1.00|0.74|0.85, date:0.96|0.68|0.80, total:0.97|0.36|0.53
epoch:45, loss: 0.13421884731010156, other:0.95|0.99|0.97, company:0.98|0.82|0.89, address:1.00|0.74|0.85, date:0.98|0.65|0.78, total:0.67|0.60|0.63
epoch:46, loss: 0.1309472769498825, other:0.92|1.00|0.96, company:0.98|0.80|0.89, address:0.99|0.82|0.89, date:0.99|0.59|0.74, total:0.99|0.32|0.49
epoch:47, loss: 0.13627542472547954, other:0.93|1.00|0.96, company:0.97|0.83|0.90, address:0.99|0.79|0.88, date:1.00|0.41|0.58, total:0.89|0.51|0.65
epoch:48, loss: 0.13943811230085515, other:0.94|1.00|0.97, company:0.96|0.87|0.91, address:0.97|0.87|0.92, date:0.99|0.54|0.70, total:0.95|0.37|0.53
epoch:49, loss: 0.1552875174416436, other:0.92|1.00|0.96, company:0.99|0.71|0.83, address:0.95|0.77|0.85, date:0.99|0.47|0.64, total:0.97|0.37|0.53
epoch:50, loss: 0.1215703186613542, other:0.94|1.00|0.97, company:0.98|0.82|0.89, address:0.99|0.83|0.90, date:0.98|0.62|0.76, total:0.94|0.42|0.58
epoch:51, loss: 0.11330229706234402, other:0.94|1.00|0.97, company:0.99|0.81|0.89, address:0.99|0.71|0.83, date:0.99|0.71|0.83, total:0.93|0.47|0.63
epoch:52, loss: 0.12619534493596465, other:0.97|0.99|0.98, company:0.98|0.86|0.92, address:0.98|0.89|0.93, date:0.99|0.67|0.80, total:0.73|0.56|0.63
epoch:53, loss: 0.10315350939830144, other:0.94|1.00|0.97, company:0.98|0.87|0.92, address:0.99|0.85|0.92, date:0.99|0.68|0.80, total:0.98|0.37|0.54
epoch:54, loss: 0.1635534363212409, other:0.92|1.00|0.96, company:0.98|0.83|0.90, address:0.99|0.81|0.89, date:0.98|0.29|0.45, total:0.84|0.55|0.66
epoch:55, loss: 0.10654336986718355, other:0.94|1.00|0.97, company:0.99|0.76|0.86, address:0.99|0.81|0.89, date:1.00|0.68|0.81, total:0.98|0.39|0.56
epoch:56, loss: 0.11727621682264187, other:0.95|1.00|0.97, company:0.97|0.85|0.90, address:1.00|0.81|0.89, date:0.93|0.65|0.77, total:0.91|0.49|0.63
epoch:57, loss: 0.12824695143434736, other:0.93|1.00|0.96, company:0.98|0.82|0.89, address:0.99|0.74|0.85, date:0.91|0.69|0.78, total:0.97|0.38|0.55
epoch:58, loss: 0.11124725419062155, other:0.96|1.00|0.98, company:0.98|0.87|0.92, address:1.00|0.83|0.91, date:0.98|0.74|0.84, total:0.83|0.52|0.64
epoch:59, loss: 0.1048654251628452, other:0.94|1.00|0.97, company:0.98|0.85|0.91, address:1.00|0.77|0.87, date:0.99|0.70|0.82, total:0.98|0.42|0.58
epoch:60, loss: 0.11841132243474324, other:0.93|1.00|0.96, company:0.99|0.78|0.88, address:0.99|0.73|0.84, date:1.00|0.57|0.73, total:0.95|0.42|0.58
epoch:61, loss: 0.12913187041326804, other:0.93|1.00|0.96, company:0.96|0.85|0.90, address:1.00|0.78|0.87, date:0.96|0.49|0.65, total:0.95|0.40|0.56
epoch:62, loss: 0.14315475909798234, other:0.91|1.00|0.95, company:0.95|0.84|0.89, address:1.00|0.66|0.79, date:0.95|0.61|0.74, total:0.98|0.33|0.49
epoch:63, loss: 0.12299248658948475, other:0.96|1.00|0.98, company:0.99|0.80|0.89, address:0.97|0.90|0.93, date:0.97|0.67|0.79, total:0.89|0.52|0.66
epoch:64, loss: 0.10647176895980481, other:0.95|1.00|0.97, company:0.99|0.76|0.86, address:0.98|0.87|0.92, date:0.99|0.67|0.80, total:0.96|0.45|0.61
epoch:65, loss: 0.11590630036813242, other:0.94|1.00|0.97, company:0.97|0.83|0.89, address:0.99|0.84|0.91, date:1.00|0.62|0.76, total:0.94|0.42|0.58
epoch:66, loss: 0.10196861928259884, other:0.94|1.00|0.97, company:0.99|0.82|0.90, address:0.99|0.75|0.85, date:1.00|0.65|0.79, total:0.97|0.46|0.62
epoch:67, loss: 0.11162647384184378, other:0.95|1.00|0.97, company:0.96|0.85|0.90, address:1.00|0.70|0.82, date:0.99|0.64|0.78, total:0.91|0.58|0.71
epoch:68, loss: 0.0955832349481406, other:0.97|1.00|0.98, company:0.97|0.89|0.93, address:1.00|0.84|0.91, date:1.00|0.72|0.84, total:0.88|0.60|0.71
epoch:69, loss: 0.0959906224851255, other:0.95|1.00|0.97, company:1.00|0.79|0.88, address:0.98|0.86|0.92, date:0.99|0.71|0.83, total:0.99|0.42|0.59
epoch:70, loss: 0.08788957515800441, other:0.95|1.00|0.98, company:0.99|0.83|0.90, address:1.00|0.83|0.90, date:1.00|0.69|0.82, total:0.94|0.48|0.64
epoch:71, loss: 0.10438710147583927, other:0.95|1.00|0.97, company:0.99|0.86|0.92, address:0.99|0.88|0.93, date:0.99|0.50|0.66, total:0.96|0.53|0.68
epoch:72, loss: 0.12351821776893404, other:0.96|1.00|0.98, company:0.98|0.85|0.91, address:0.98|0.90|0.94, date:0.87|0.83|0.85, total:0.95|0.43|0.59
epoch:73, loss: 0.11803056244496946, other:0.95|1.00|0.97, company:0.99|0.74|0.85, address:0.96|0.75|0.84, date:0.98|0.72|0.83, total:0.95|0.49|0.65
epoch:74, loss: 0.09405719254303861, other:0.97|1.00|0.98, company:0.97|0.86|0.91, address:0.99|0.85|0.92, date:0.98|0.79|0.87, total:0.93|0.58|0.71
epoch:75, loss: 0.09751398668245033, other:0.95|1.00|0.97, company:0.98|0.87|0.92, address:0.99|0.89|0.94, date:1.00|0.67|0.80, total:0.99|0.38|0.55
epoch:76, loss: 0.09457525748897481, other:0.97|1.00|0.98, company:0.98|0.89|0.93, address:1.00|0.87|0.93, date:0.97|0.73|0.83, total:0.91|0.58|0.71
epoch:0, loss: 0.7390506951897232, other:0.90|0.96|0.93, company:0.00|0.00|0.00, address:0.94|0.30|0.45, date:0.00|0.00|0.00, total:0.01|0.21|0.03
epoch:1, loss: 0.3623654610580868, other:0.64|0.98|0.78, company:0.00|0.00|0.00, address:0.99|0.25|0.40, date:0.00|0.20|0.00, total:0.86|0.07|0.14
epoch:2, loss: 0.2629524574235634, other:0.59|0.99|0.74, company:0.22|0.65|0.33, address:0.97|0.29|0.45, date:0.31|0.16|0.21, total:0.97|0.07|0.13
epoch:3, loss: 0.22727063518983345, other:0.58|0.99|0.73, company:0.28|0.74|0.41, address:0.98|0.32|0.48, date:0.46|0.11|0.18, total:0.97|0.08|0.14
epoch:4, loss: 0.20230384722903924, other:0.57|0.99|0.73, company:0.71|0.80|0.75, address:0.96|0.36|0.53, date:0.55|0.11|0.19, total:0.98|0.08|0.14
epoch:0, loss: 0.7140764064259, other:1.00|0.90|0.94, company:0.00|0.00|0.00, address:0.06|0.52|0.11, date:0.00|0.00|0.00, total:0.00|0.00|0.00
epoch:1, loss: 0.33990453128461484, other:1.00|0.90|0.95, company:0.00|0.00|0.00, address:0.07|0.40|0.13, date:0.00|0.00|0.00, total:0.00|0.00|0.00
epoch:2, loss: 0.2762910066931336, other:0.99|0.93|0.96, company:0.00|1.00|0.01, address:0.52|0.52|0.52, date:0.00|0.00|0.00, total:0.00|0.00|0.00
epoch:3, loss: 0.24502528651996894, other:0.99|0.94|0.96, company:0.33|0.87|0.48, address:0.66|0.61|0.64, date:0.00|0.00|0.00, total:0.00|0.00|0.00
epoch:4, loss: 0.22498242888185713, other:0.99|0.94|0.97, company:0.75|0.75|0.75, address:0.66|0.75|0.70, date:0.00|0.00|0.00, total:0.00|0.00|0.00
epoch:5, loss: 0.2106276292491842, other:0.99|0.95|0.97, company:0.70|0.89|0.78, address:0.76|0.74|0.75, date:0.00|0.00|0.00, total:0.00|0.00|0.00
epoch:6, loss: 0.1969174008678507, other:0.99|0.94|0.97, company:0.72|0.91|0.80, address:0.69|0.79|0.74, date:0.00|0.00|0.00, total:0.00|1.00|0.00
epoch:7, loss: 0.18696865494604464, other:0.99|0.95|0.97, company:0.80|0.88|0.84, address:0.79|0.80|0.79, date:0.03|0.64|0.06, total:0.01|1.00|0.02
epoch:8, loss: 0.17745643688572776, other:0.99|0.95|0.97, company:0.79|0.90|0.84, address:0.79|0.79|0.79, date:0.03|1.00|0.06, total:0.01|1.00|0.02
epoch:9, loss: 0.17767367318824487, other:0.98|0.95|0.97, company:0.82|0.89|0.86, address:0.89|0.71|0.79, date:0.06|0.89|0.12, total:0.02|0.92|0.03
epoch:10, loss: 0.16530742744604746, other:0.99|0.95|0.97, company:0.79|0.93|0.85, address:0.73|0.86|0.79, date:0.07|1.00|0.14, total:0.04|0.87|0.08
epoch:11, loss: 0.15600180487941812, other:0.99|0.95|0.97, company:0.83|0.90|0.86, address:0.81|0.85|0.83, date:0.09|1.00|0.16, total:0.05|0.85|0.10
epoch:12, loss: 0.14969065288702646, other:0.98|0.96|0.97, company:0.89|0.87|0.88, address:0.90|0.79|0.84, date:0.22|0.89|0.35, total:0.13|0.83|0.22
epoch:13, loss: 0.141719539684278, other:0.99|0.96|0.97, company:0.84|0.90|0.87, address:0.84|0.87|0.85, date:0.18|0.99|0.30, total:0.14|0.83|0.24
epoch:14, loss: 0.13835257209009594, other:0.99|0.96|0.97, company:0.85|0.90|0.88, address:0.83|0.89|0.86, date:0.23|0.98|0.38, total:0.21|0.82|0.33
epoch:15, loss: 0.13581337283054987, other:0.99|0.96|0.98, company:0.84|0.91|0.88, address:0.85|0.90|0.88, date:0.30|0.93|0.45, total:0.19|0.80|0.30
epoch:16, loss: 0.1400872766971588, other:0.98|0.96|0.97, company:0.90|0.84|0.87, address:0.87|0.82|0.85, date:0.39|0.74|0.51, total:0.18|0.82|0.30
epoch:17, loss: 0.1360697246812008, other:0.98|0.96|0.97, company:0.90|0.86|0.88, address:0.92|0.77|0.84, date:0.29|0.95|0.45, total:0.21|0.86|0.33
epoch:18, loss: 0.13010560941916924, other:0.98|0.97|0.98, company:0.89|0.88|0.89, address:0.93|0.84|0.88, date:0.47|0.85|0.61, total:0.41|0.58|0.48
epoch:19, loss: 0.12691748087052945, other:0.99|0.96|0.97, company:0.81|0.94|0.87, address:0.75|0.89|0.81, date:0.36|0.97|0.52, total:0.24|0.85|0.37
epoch:20, loss: 0.11784572926936326, other:0.99|0.97|0.98, company:0.87|0.93|0.90, address:0.92|0.88|0.90, date:0.54|0.90|0.67, total:0.34|0.65|0.45
epoch:21, loss: 0.11057470849266758, other:0.99|0.97|0.98, company:0.87|0.93|0.90, address:0.90|0.89|0.89, date:0.54|0.87|0.67, total:0.20|0.88|0.33
epoch:22, loss: 0.10696211236494559, other:0.99|0.97|0.98, company:0.89|0.90|0.89, address:0.92|0.89|0.91, date:0.53|0.92|0.67, total:0.23|0.87|0.37
epoch:23, loss: 0.1087079867720604, other:0.99|0.97|0.98, company:0.91|0.88|0.89, address:0.86|0.93|0.89, date:0.55|0.93|0.69, total:0.44|0.65|0.53
epoch:24, loss: 0.11182270750955299, other:1.00|0.96|0.98, company:0.88|0.91|0.89, address:0.77|0.94|0.84, date:0.46|0.95|0.62, total:0.20|0.92|0.33
epoch:25, loss: 0.10180833383842751, other:0.99|0.97|0.98, company:0.93|0.88|0.90, address:0.92|0.93|0.92, date:0.67|0.88|0.76, total:0.21|0.94|0.34
epoch:26, loss: 0.10210373694146122, other:0.99|0.97|0.98, company:0.91|0.89|0.90, address:0.94|0.89|0.91, date:0.48|0.92|0.63, total:0.41|0.72|0.53
epoch:27, loss: 0.11042359857647507, other:0.98|0.98|0.98, company:0.93|0.85|0.89, address:0.87|0.91|0.89, date:0.61|0.92|0.73, total:0.62|0.50|0.55
epoch:28, loss: 0.08973702705568737, other:0.99|0.97|0.98, company:0.90|0.92|0.91, address:0.94|0.93|0.93, date:0.66|0.89|0.76, total:0.34|0.92|0.50
epoch:29, loss: 0.09589729485688386, other:0.99|0.97|0.98, company:0.92|0.89|0.91, address:0.90|0.95|0.92, date:0.64|0.93|0.76, total:0.15|0.98|0.26
epoch:30, loss: 0.0957327123593401, other:0.99|0.98|0.98, company:0.91|0.91|0.91, address:0.96|0.85|0.90, date:0.70|0.90|0.79, total:0.31|0.88|0.46
epoch:31, loss: 0.09859008755948809, other:0.99|0.97|0.98, company:0.80|0.95|0.87, address:0.87|0.84|0.86, date:0.62|0.92|0.74, total:0.28|0.92|0.43
epoch:32, loss: 0.08789262258344227, other:0.99|0.98|0.98, company:0.93|0.92|0.92, address:0.93|0.92|0.92, date:0.74|0.86|0.80, total:0.35|0.86|0.50
epoch:33, loss: 0.08537639029048107, other:0.99|0.98|0.98, company:0.91|0.92|0.91, address:0.95|0.92|0.93, date:0.75|0.90|0.82, total:0.25|0.94|0.40
epoch:34, loss: 0.08723237337889495, other:0.99|0.97|0.98, company:0.90|0.92|0.91, address:0.79|0.97|0.87, date:0.75|0.89|0.82, total:0.52|0.77|0.62
epoch:35, loss: 0.09249963142253735, other:0.98|0.98|0.98, company:0.94|0.89|0.91, address:0.92|0.94|0.93, date:0.75|0.87|0.81, total:0.75|0.51|0.61
epoch:36, loss: 0.08314653568797642, other:1.00|0.97|0.98, company:0.87|0.94|0.90, address:0.84|0.96|0.90, date:0.73|0.89|0.80, total:0.39|0.94|0.55
epoch:37, loss: 0.09300444164761791, other:0.98|0.99|0.98, company:0.86|0.94|0.90, address:0.96|0.85|0.90, date:0.82|0.74|0.78, total:0.66|0.64|0.65
epoch:38, loss: 0.09556326904782543, other:0.98|0.98|0.98, company:0.94|0.84|0.89, address:0.93|0.81|0.87, date:0.65|0.93|0.76, total:0.43|0.86|0.58
epoch:39, loss: 0.09649464874355881, other:0.99|0.97|0.98, company:0.88|0.94|0.91, address:0.97|0.85|0.91, date:0.78|0.86|0.82, total:0.11|0.99|0.20
epoch:40, loss: 0.07973407774611756, other:0.99|0.98|0.98, company:0.89|0.95|0.92, address:0.96|0.92|0.94, date:0.74|0.90|0.81, total:0.26|0.99|0.41
epoch:41, loss: 0.08314624304572742, other:0.98|0.99|0.98, company:0.94|0.88|0.91, address:0.96|0.89|0.93, date:0.77|0.79|0.78, total:0.62|0.77|0.69
epoch:42, loss: 0.0861146145120815, other:0.99|0.98|0.98, company:0.88|0.95|0.91, address:0.98|0.84|0.91, date:0.80|0.84|0.82, total:0.35|0.94|0.52
epoch:43, loss: 0.0710450201122849, other:0.99|0.98|0.99, company:0.89|0.94|0.91, address:0.92|0.93|0.93, date:0.76|0.93|0.84, total:0.44|0.92|0.59
epoch:44, loss: 0.07821139734652308, other:0.99|0.98|0.98, company:0.86|0.94|0.90, address:0.87|0.90|0.88, date:0.80|0.91|0.85, total:0.59|0.81|0.69
epoch:45, loss: 0.07151365293948739, other:0.99|0.98|0.99, company:0.95|0.89|0.92, address:0.92|0.96|0.94, date:0.86|0.88|0.87, total:0.35|0.99|0.51
epoch:46, loss: 0.07371131993002361, other:0.99|0.98|0.99, company:0.92|0.94|0.93, address:0.93|0.96|0.94, date:0.88|0.83|0.85, total:0.35|0.99|0.51
epoch:47, loss: 0.06781640152136485, other:0.99|0.98|0.99, company:0.93|0.93|0.93, address:0.90|0.97|0.93, date:0.88|0.85|0.86, total:0.39|0.96|0.56
epoch:48, loss: 0.08673488031382914, other:0.99|0.97|0.98, company:0.90|0.95|0.92, address:0.79|0.98|0.88, date:0.70|0.80|0.74, total:0.49|0.81|0.61
epoch:49, loss: 0.0662125042743153, other:0.99|0.98|0.99, company:0.93|0.94|0.93, address:0.96|0.95|0.96, date:0.77|0.90|0.83, total:0.52|0.87|0.65
epoch:50, loss: 0.07378257645501031, other:1.00|0.97|0.98, company:0.91|0.95|0.93, address:0.85|0.96|0.90, date:0.76|0.89|0.82, total:0.36|0.99|0.52
epoch:51, loss: 0.06110520550498256, other:0.99|0.98|0.99, company:0.94|0.93|0.94, address:0.96|0.95|0.96, date:0.73|0.96|0.83, total:0.58|0.87|0.69
epoch:52, loss: 0.05670758295390341, other:1.00|0.98|0.99, company:0.92|0.95|0.93, address:0.95|0.97|0.96, date:0.86|0.94|0.90, total:0.44|0.98|0.61
epoch:53, loss: 0.057871363781116625, other:0.99|0.99|0.99, company:0.92|0.93|0.93, address:0.97|0.94|0.96, date:0.91|0.85|0.88, total:0.51|0.97|0.67
epoch:54, loss: 0.0755609185607345, other:0.99|0.98|0.98, company:0.95|0.90|0.92, address:0.98|0.91|0.95, date:0.91|0.74|0.82, total:0.36|1.00|0.53
epoch:55, loss: 0.05725358109231348, other:0.99|0.99|0.99, company:0.95|0.91|0.93, address:0.97|0.96|0.97, date:0.94|0.84|0.89, total:0.59|0.90|0.71
epoch:56, loss: 0.06328695336425746, other:0.99|0.98|0.99, company:0.93|0.92|0.92, address:0.99|0.89|0.94, date:0.86|0.92|0.89, total:0.42|0.99|0.59
epoch:57, loss: 0.06593399412102169, other:0.99|0.98|0.99, company:0.94|0.92|0.93, address:0.98|0.88|0.93, date:0.72|0.97|0.82, total:0.53|0.84|0.65
epoch:58, loss: 0.06634922670545401, other:1.00|0.98|0.99, company:0.84|0.97|0.90, address:0.92|0.96|0.94, date:0.79|0.94|0.86, total:0.37|1.00|0.54
epoch:59, loss: 0.06485808833881661, other:0.99|0.98|0.99, company:0.91|0.94|0.92, address:0.99|0.86|0.92, date:0.91|0.87|0.89, total:0.43|1.00|0.60
epoch:60, loss: 0.07037671586429631, other:0.99|0.99|0.99, company:0.94|0.86|0.90, address:0.94|0.90|0.92, date:0.90|0.82|0.86, total:0.52|0.92|0.66
epoch:61, loss: 0.06413201146103718, other:0.99|0.99|0.99, company:0.87|0.95|0.91, address:0.96|0.92|0.94, date:0.79|0.95|0.86, total:0.67|0.75|0.71
epoch:62, loss: 0.0706344445546468, other:0.99|0.98|0.98, company:0.93|0.94|0.93, address:0.99|0.84|0.91, date:0.82|0.92|0.87, total:0.38|0.94|0.54
epoch:63, loss: 0.06364326289406529, other:1.00|0.98|0.99, company:0.88|0.97|0.92, address:0.89|0.98|0.94, date:0.77|0.93|0.84, total:0.45|0.98|0.61
epoch:64, loss: 0.058344285245294926, other:0.99|0.99|0.99, company:0.97|0.89|0.93, address:0.95|0.97|0.96, date:0.95|0.81|0.88, total:0.55|0.91|0.68
epoch:65, loss: 0.05652350449451694, other:0.99|0.99|0.99, company:0.91|0.96|0.93, address:0.97|0.95|0.96, date:0.76|0.96|0.85, total:0.73|0.75|0.74
epoch:66, loss: 0.0509301197749597, other:0.99|0.99|0.99, company:0.96|0.90|0.93, address:0.97|0.95|0.96, date:0.84|0.93|0.88, total:0.61|0.93|0.74
epoch:67, loss: 0.050084707568641064, other:0.99|0.99|0.99, company:0.95|0.94|0.94, address:0.99|0.93|0.96, date:0.86|0.94|0.90, total:0.56|0.94|0.70
epoch:68, loss: 0.04931679361120418, other:1.00|0.98|0.99, company:0.93|0.96|0.94, address:0.96|0.97|0.97, date:0.85|0.95|0.89, total:0.50|0.99|0.66
epoch:69, loss: 0.04698787057013423, other:0.99|0.99|0.99, company:0.93|0.97|0.95, address:0.97|0.98|0.97, date:0.83|0.95|0.89, total:0.77|0.82|0.80
epoch:70, loss: 0.048337754138089994, other:1.00|0.98|0.99, company:0.94|0.95|0.94, address:0.95|0.97|0.96, date:0.81|0.98|0.88, total:0.54|0.98|0.70
epoch:71, loss: 0.047370325980914965, other:1.00|0.98|0.99, company:0.91|0.98|0.94, address:0.95|0.98|0.96, date:0.80|0.98|0.88, total:0.65|0.91|0.75
epoch:72, loss: 0.052869426983374136, other:0.99|0.99|0.99, company:0.92|0.96|0.94, address:0.95|0.98|0.96, date:0.82|0.95|0.88, total:0.81|0.71|0.75
epoch:73, loss: 0.04995863332792565, other:1.00|0.98|0.99, company:0.95|0.93|0.94, address:0.95|0.99|0.97, date:0.92|0.93|0.93, total:0.46|0.99|0.63
epoch:74, loss: 0.047399944729275174, other:0.99|0.99|0.99, company:0.90|0.97|0.93, address:0.99|0.91|0.95, date:0.89|0.94|0.91, total:0.69|0.91|0.79
epoch:75, loss: 0.05485628517689528, other:0.99|0.98|0.99, company:0.89|0.97|0.93, address:0.95|0.92|0.93, date:0.88|0.87|0.87, total:0.55|0.98|0.70
epoch:76, loss: 0.04808357323485392, other:0.99|0.99|0.99, company:0.94|0.95|0.94, address:0.98|0.97|0.97, date:0.87|0.95|0.91, total:0.68|0.84|0.75
epoch:77, loss: 0.047100667324331075, other:0.99|0.99|0.99, company:0.98|0.91|0.95, address:0.98|0.94|0.96, date:0.94|0.91|0.92, total:0.79|0.81|0.80
epoch:78, loss: 0.04066198250209844, other:0.99|0.99|0.99, company:0.93|0.97|0.95, address:0.99|0.95|0.97, date:0.93|0.95|0.94, total:0.72|0.90|0.80
epoch:79, loss: 0.043142511750812886, other:0.99|0.99|0.99, company:0.97|0.94|0.95, address:0.99|0.96|0.98, date:0.96|0.87|0.91, total:0.71|0.90|0.79
epoch:80, loss: 0.045734232705500394, other:0.99|0.99|0.99, company:0.96|0.96|0.96, address:0.99|0.95|0.97, date:0.94|0.89|0.92, total:0.50|0.94|0.65
