epoch:0, loss: 1.0549526302902787, other:0.92|0.96|0.94, company:0.00|0.00|0.00, address:0.92|0.33|0.48, date:0.00|0.00|0.00, total:0.02|0.40|0.03
epoch:1, loss: 0.7876642302230552, other:0.90|0.96|0.93, company:0.00|0.00|0.00, address:0.92|0.34|0.50, date:0.00|0.00|0.00, total:0.36|0.19|0.24
epoch:2, loss: 0.6919204592704773, other:0.83|0.97|0.89, company:0.13|0.73|0.23, address:0.96|0.35|0.51, date:0.07|0.26|0.11, total:0.67|0.13|0.22
epoch:3, loss: 0.6395976874563429, other:0.82|0.98|0.89, company:0.36|0.62|0.45, address:0.91|0.36|0.52, date:0.22|0.28|0.24, total:0.72|0.14|0.23
epoch:4, loss: 0.5984186618416397, other:0.82|0.98|0.89, company:0.40|0.66|0.50, address:0.92|0.38|0.54, date:0.34|0.30|0.32, total:0.71|0.14|0.24
epoch:5, loss: 0.5741365220811632, other:0.81|0.98|0.89, company:0.53|0.67|0.59, address:0.91|0.41|0.56, date:0.38|0.29|0.33, total:0.77|0.13|0.23
epoch:6, loss: 0.5446742331540143, other:0.80|0.98|0.88, company:0.52|0.75|0.62, address:0.95|0.41|0.58, date:0.42|0.29|0.35, total:0.80|0.13|0.23
epoch:7, loss: 0.5143226694177698, other:0.81|0.98|0.89, company:0.65|0.77|0.71, address:0.94|0.43|0.59, date:0.45|0.27|0.34, total:0.78|0.14|0.24
epoch:8, loss: 0.49268412038132, other:0.81|0.98|0.89, company:0.65|0.79|0.71, address:0.95|0.43|0.60, date:0.48|0.27|0.35, total:0.79|0.14|0.24
epoch:9, loss: 0.47082007152062877, other:0.83|0.98|0.90, company:0.76|0.78|0.77, address:0.94|0.45|0.61, date:0.50|0.28|0.36, total:0.74|0.16|0.26
epoch:10, loss: 0.4528094044438115, other:0.81|0.98|0.89, company:0.76|0.79|0.78, address:0.94|0.46|0.62, date:0.52|0.28|0.36, total:0.82|0.15|0.25
epoch:11, loss: 0.43583075095106055, other:0.81|0.98|0.89, company:0.78|0.80|0.79, address:0.96|0.46|0.62, date:0.56|0.28|0.37, total:0.82|0.15|0.26
epoch:12, loss: 0.4219349744143309, other:0.82|0.99|0.89, company:0.74|0.83|0.78, address:0.96|0.48|0.64, date:0.63|0.27|0.37, total:0.81|0.16|0.27
epoch:13, loss: 0.40807410964259394, other:0.81|0.99|0.89, company:0.77|0.84|0.80, address:0.97|0.48|0.64, date:0.60|0.29|0.39, total:0.85|0.15|0.26
epoch:14, loss: 0.39767442257316027, other:0.82|0.99|0.89, company:0.79|0.83|0.81, address:0.97|0.49|0.65, date:0.63|0.27|0.38, total:0.86|0.16|0.27
epoch:15, loss: 0.3887151579062144, other:0.81|0.99|0.89, company:0.81|0.83|0.82, address:0.98|0.48|0.64, date:0.64|0.30|0.41, total:0.88|0.16|0.27
epoch:16, loss: 0.3808744494561796, other:0.81|0.99|0.89, company:0.85|0.77|0.81, address:0.97|0.47|0.63, date:0.65|0.31|0.42, total:0.88|0.16|0.27
epoch:17, loss: 0.370085138965536, other:0.82|0.99|0.90, company:0.83|0.80|0.82, address:0.98|0.47|0.64, date:0.65|0.33|0.44, total:0.88|0.17|0.28
epoch:18, loss: 0.3627330947805334, other:0.82|0.99|0.90, company:0.83|0.82|0.82, address:0.98|0.50|0.66, date:0.70|0.30|0.42, total:0.89|0.17|0.28
epoch:19, loss: 0.3601615031560262, other:0.82|0.99|0.90, company:0.82|0.81|0.81, address:0.98|0.52|0.68, date:0.72|0.28|0.40, total:0.89|0.17|0.28
epoch:20, loss: 0.3435324761602614, other:0.84|0.99|0.91, company:0.84|0.83|0.83, address:0.98|0.52|0.68, date:0.72|0.30|0.43, total:0.83|0.19|0.31
epoch:21, loss: 0.3369653070414508, other:0.84|0.99|0.91, company:0.84|0.81|0.82, address:0.98|0.52|0.68, date:0.74|0.30|0.43, total:0.83|0.20|0.32
epoch:22, loss: 0.34921297762129044, other:0.84|0.99|0.91, company:0.78|0.84|0.81, address:0.99|0.52|0.68, date:0.75|0.29|0.42, total:0.85|0.19|0.31
epoch:23, loss: 0.32864237162801957, other:0.84|0.99|0.91, company:0.83|0.81|0.82, address:0.98|0.54|0.69, date:0.73|0.31|0.43, total:0.84|0.20|0.32
epoch:24, loss: 0.3257580057338432, other:0.84|0.99|0.91, company:0.84|0.82|0.83, address:0.98|0.52|0.68, date:0.75|0.29|0.42, total:0.82|0.21|0.33
epoch:25, loss: 0.3230194824713248, other:0.84|0.99|0.91, company:0.83|0.81|0.82, address:0.99|0.53|0.69, date:0.79|0.29|0.43, total:0.84|0.21|0.33
epoch:26, loss: 0.3161606738964717, other:0.84|0.99|0.91, company:0.84|0.82|0.83, address:0.98|0.55|0.70, date:0.79|0.29|0.42, total:0.88|0.19|0.32
epoch:27, loss: 0.3084798030279301, other:0.85|0.99|0.92, company:0.86|0.79|0.83, address:0.98|0.54|0.70, date:0.80|0.28|0.42, total:0.81|0.23|0.35
epoch:28, loss: 0.3103449907567766, other:0.84|0.99|0.91, company:0.85|0.81|0.83, address:0.98|0.55|0.70, date:0.79|0.31|0.45, total:0.89|0.19|0.32
epoch:29, loss: 0.3098055273294449, other:0.84|0.99|0.91, company:0.83|0.82|0.83, address:0.98|0.57|0.72, date:0.80|0.30|0.43, total:0.89|0.20|0.32
epoch:30, loss: 0.3035148393224787, other:0.84|0.99|0.91, company:0.85|0.80|0.82, address:0.99|0.55|0.71, date:0.84|0.27|0.41, total:0.85|0.21|0.34
epoch:31, loss: 0.2975123568817421, other:0.85|0.99|0.91, company:0.85|0.81|0.83, address:0.98|0.57|0.72, date:0.80|0.31|0.44, total:0.89|0.20|0.33
epoch:32, loss: 0.3059195235923485, other:0.83|0.99|0.91, company:0.83|0.80|0.81, address:0.98|0.58|0.73, date:0.82|0.30|0.44, total:0.93|0.19|0.31
epoch:33, loss: 0.284859883012595, other:0.86|0.99|0.92, company:0.87|0.81|0.84, address:0.98|0.58|0.73, date:0.81|0.31|0.45, total:0.83|0.24|0.37
epoch:34, loss: 0.30502969633649896, other:0.86|0.99|0.92, company:0.84|0.83|0.83, address:0.97|0.61|0.75, date:0.81|0.30|0.44, total:0.88|0.21|0.34
epoch:35, loss: 0.2775310062699848, other:0.85|0.99|0.92, company:0.90|0.80|0.85, address:0.98|0.62|0.76, date:0.84|0.30|0.45, total:0.88|0.21|0.35
epoch:36, loss: 0.28468058120321343, other:0.85|0.99|0.91, company:0.89|0.81|0.84, address:0.98|0.58|0.73, date:0.84|0.32|0.46, total:0.91|0.21|0.34
epoch:37, loss: 0.2816904970893153, other:0.85|0.99|0.92, company:0.87|0.81|0.84, address:0.99|0.58|0.73, date:0.81|0.33|0.47, total:0.90|0.20|0.33
epoch:38, loss: 0.29200861796184824, other:0.85|0.99|0.91, company:0.83|0.84|0.84, address:0.99|0.60|0.75, date:0.81|0.30|0.44, total:0.92|0.20|0.33
epoch:39, loss: 0.2745944173247726, other:0.85|0.99|0.92, company:0.90|0.77|0.83, address:0.98|0.60|0.75, date:0.86|0.28|0.42, total:0.85|0.24|0.37
epoch:40, loss: 0.27888086769315934, other:0.84|0.99|0.91, company:0.88|0.81|0.84, address:0.99|0.60|0.74, date:0.87|0.30|0.45, total:0.93|0.20|0.33
epoch:41, loss: 0.2899110113029127, other:0.87|0.99|0.92, company:0.81|0.84|0.83, address:0.98|0.61|0.75, date:0.82|0.33|0.47, total:0.88|0.23|0.36
epoch:42, loss: 0.2740477097255212, other:0.86|0.99|0.92, company:0.88|0.83|0.85, address:0.97|0.64|0.77, date:0.84|0.33|0.48, total:0.92|0.21|0.34
epoch:43, loss: 0.2714004654575277, other:0.87|0.99|0.93, company:0.86|0.83|0.84, address:0.97|0.64|0.77, date:0.85|0.31|0.46, total:0.86|0.25|0.38
epoch:44, loss: 0.26133516596423256, other:0.86|0.99|0.92, company:0.89|0.81|0.85, address:0.98|0.64|0.78, date:0.89|0.30|0.45, total:0.88|0.24|0.38
epoch:45, loss: 0.2578547127820827, other:0.86|0.99|0.92, company:0.89|0.81|0.85, address:0.98|0.62|0.76, date:0.88|0.31|0.46, total:0.90|0.23|0.37
epoch:46, loss: 0.2580573249746252, other:0.87|0.99|0.93, company:0.88|0.83|0.85, address:0.98|0.64|0.78, date:0.87|0.34|0.49, total:0.89|0.24|0.37
epoch:47, loss: 0.2521448510664481, other:0.86|0.99|0.92, company:0.89|0.81|0.85, address:0.99|0.62|0.76, date:0.88|0.35|0.50, total:0.92|0.22|0.36
epoch:48, loss: 0.26649584869543713, other:0.88|0.99|0.93, company:0.86|0.83|0.85, address:0.97|0.66|0.79, date:0.84|0.38|0.52, total:0.89|0.23|0.37
epoch:49, loss: 0.24711808562278748, other:0.86|1.00|0.92, company:0.92|0.80|0.85, address:0.99|0.61|0.76, date:0.88|0.36|0.52, total:0.93|0.21|0.35
epoch:50, loss: 0.24800054287468945, other:0.86|0.99|0.92, company:0.90|0.81|0.85, address:0.99|0.63|0.77, date:0.88|0.33|0.48, total:0.92|0.23|0.37
epoch:51, loss: 0.25002784585511245, other:0.88|0.99|0.93, company:0.88|0.82|0.85, address:0.98|0.65|0.78, date:0.88|0.38|0.53, total:0.90|0.25|0.39
epoch:52, loss: 0.24035762912697262, other:0.87|0.99|0.93, company:0.92|0.78|0.84, address:0.99|0.65|0.78, date:0.90|0.32|0.47, total:0.89|0.25|0.39
epoch:53, loss: 0.2475124360234649, other:0.87|0.99|0.93, company:0.88|0.82|0.85, address:0.99|0.65|0.78, date:0.89|0.33|0.48, total:0.92|0.24|0.38
epoch:54, loss: 0.2490440325604545, other:0.88|0.99|0.93, company:0.87|0.83|0.85, address:0.98|0.67|0.79, date:0.87|0.39|0.54, total:0.93|0.23|0.37
epoch:55, loss: 0.24637784284574013, other:0.87|0.99|0.93, company:0.90|0.82|0.86, address:0.97|0.69|0.81, date:0.91|0.31|0.46, total:0.91|0.24|0.38
epoch:56, loss: 0.2511648745448501, other:0.87|0.99|0.93, company:0.87|0.83|0.85, address:0.97|0.67|0.79, date:0.86|0.39|0.54, total:0.94|0.22|0.36
epoch:57, loss: 0.24121744599607256, other:0.89|0.99|0.94, company:0.88|0.83|0.86, address:0.98|0.65|0.78, date:0.87|0.37|0.52, total:0.86|0.28|0.42
epoch:58, loss: 0.22682237293985155, other:0.88|0.99|0.93, company:0.94|0.76|0.84, address:0.98|0.70|0.81, date:0.90|0.36|0.52, total:0.92|0.24|0.38
epoch:59, loss: 0.25689878397517735, other:0.88|0.99|0.93, company:0.84|0.84|0.84, address:0.96|0.68|0.79, date:0.89|0.36|0.51, total:0.91|0.25|0.39
epoch:60, loss: 0.2612650631754487, other:0.88|0.99|0.93, company:0.86|0.83|0.85, address:0.96|0.71|0.81, date:0.87|0.34|0.49, total:0.93|0.23|0.37
epoch:61, loss: 0.22861970133251613, other:0.87|1.00|0.93, company:0.93|0.78|0.85, address:0.99|0.67|0.80, date:0.90|0.36|0.52, total:0.93|0.23|0.37
epoch:62, loss: 0.2429180978624909, other:0.89|0.99|0.94, company:0.84|0.83|0.84, address:0.98|0.65|0.78, date:0.90|0.39|0.54, total:0.91|0.26|0.40
epoch:63, loss: 0.2316682333195651, other:0.87|0.99|0.93, company:0.91|0.81|0.86, address:0.98|0.69|0.81, date:0.89|0.38|0.54, total:0.94|0.23|0.36
epoch:64, loss: 0.22669560158694232, other:0.88|0.99|0.93, company:0.92|0.82|0.86, address:0.99|0.68|0.80, date:0.90|0.37|0.52, total:0.93|0.24|0.39
epoch:65, loss: 0.22398659973232835, other:0.88|1.00|0.93, company:0.92|0.79|0.85, address:0.98|0.68|0.81, date:0.91|0.37|0.52, total:0.93|0.25|0.39
epoch:66, loss: 0.22867677443557316, other:0.89|0.99|0.94, company:0.91|0.82|0.86, address:0.97|0.71|0.82, date:0.91|0.35|0.51, total:0.92|0.27|0.42
epoch:67, loss: 0.21863437913082265, other:0.90|0.99|0.94, company:0.91|0.81|0.86, address:0.99|0.68|0.80, date:0.90|0.40|0.55, total:0.90|0.29|0.44
epoch:68, loss: 0.23407035845297355, other:0.88|1.00|0.93, company:0.87|0.83|0.85, address:0.98|0.69|0.81, date:0.92|0.35|0.51, total:0.94|0.24|0.38
epoch:69, loss: 0.2195751181355229, other:0.89|0.99|0.94, company:0.91|0.82|0.86, address:0.98|0.68|0.80, date:0.90|0.39|0.54, total:0.93|0.26|0.41
epoch:70, loss: 0.20965239681579448, other:0.88|1.00|0.93, company:0.94|0.77|0.85, address:0.98|0.70|0.82, date:0.92|0.35|0.51, total:0.93|0.26|0.41
epoch:71, loss: 0.22504504687256283, other:0.90|0.99|0.95, company:0.89|0.83|0.86, address:0.97|0.70|0.81, date:0.90|0.40|0.55, total:0.89|0.31|0.46
epoch:72, loss: 0.21524550682968563, other:0.89|0.99|0.94, company:0.91|0.82|0.86, address:0.98|0.70|0.82, date:0.91|0.41|0.56, total:0.93|0.25|0.40
epoch:73, loss: 0.20892025364769828, other:0.88|1.00|0.94, company:0.94|0.79|0.86, address:0.98|0.72|0.83, date:0.91|0.37|0.53, total:0.93|0.26|0.40
epoch:74, loss: 0.24220357228208472, other:0.89|0.99|0.94, company:0.85|0.84|0.85, address:0.96|0.70|0.81, date:0.92|0.38|0.53, total:0.93|0.27|0.41
epoch:75, loss: 0.24203734320622902, other:0.88|0.99|0.94, company:0.84|0.83|0.84, address:0.96|0.70|0.81, date:0.92|0.36|0.51, total:0.93|0.25|0.40
epoch:76, loss: 0.2314027437457332, other:0.88|1.00|0.93, company:0.89|0.83|0.86, address:0.98|0.69|0.81, date:0.92|0.37|0.53, total:0.94|0.24|0.38
epoch:77, loss: 0.20258035207236255, other:0.89|1.00|0.94, company:0.92|0.82|0.86, address:0.99|0.69|0.82, date:0.92|0.39|0.55, total:0.92|0.28|0.43
epoch:78, loss: 0.2083470595103723, other:0.88|1.00|0.94, company:0.93|0.81|0.86, address:0.99|0.64|0.78, date:0.92|0.40|0.55, total:0.93|0.27|0.42
epoch:79, loss: 0.22426607156241382, other:0.89|0.99|0.94, company:0.91|0.83|0.87, address:0.96|0.72|0.83, date:0.93|0.35|0.51, total:0.93|0.27|0.42
epoch:80, loss: 0.20230657083016854, other:0.89|1.00|0.94, company:0.93|0.79|0.86, address:0.99|0.68|0.81, date:0.90|0.43|0.59, total:0.93|0.26|0.41
epoch:81, loss: 0.23094567987653944, other:0.89|0.99|0.94, company:0.87|0.83|0.85, address:0.96|0.72|0.82, date:0.91|0.42|0.58, total:0.94|0.25|0.39
epoch:82, loss: 0.22758175046355636, other:0.88|1.00|0.93, company:0.86|0.84|0.85, address:0.98|0.70|0.82, date:0.94|0.39|0.55, total:0.95|0.24|0.38
epoch:83, loss: 0.20987054815998785, other:0.89|0.99|0.94, company:0.91|0.83|0.87, address:0.97|0.73|0.83, date:0.92|0.38|0.54, total:0.94|0.27|0.42
epoch:84, loss: 0.2111244433455997, other:0.89|1.00|0.94, company:0.90|0.84|0.87, address:0.98|0.72|0.83, date:0.94|0.39|0.55, total:0.95|0.25|0.40
epoch:85, loss: 0.20808070622108601, other:0.88|1.00|0.93, company:0.92|0.81|0.86, address:0.99|0.70|0.82, date:0.95|0.37|0.53, total:0.95|0.25|0.40
epoch:86, loss: 0.20317223612908963, other:0.89|1.00|0.94, company:0.92|0.82|0.86, address:0.98|0.73|0.83, date:0.92|0.39|0.55, total:0.94|0.26|0.41
epoch:87, loss: 0.21810373663902283, other:0.89|1.00|0.94, company:0.88|0.84|0.86, address:0.97|0.71|0.82, date:0.93|0.40|0.56, total:0.95|0.26|0.41
epoch:88, loss: 0.19461152067890874, other:0.91|0.99|0.95, company:0.95|0.80|0.87, address:0.97|0.77|0.86, date:0.92|0.42|0.57, total:0.90|0.29|0.44
epoch:89, loss: 0.19623426651513134, other:0.89|1.00|0.94, company:0.93|0.81|0.86, address:0.99|0.72|0.83, date:0.94|0.38|0.54, total:0.94|0.27|0.42
epoch:90, loss: 0.20416224554732995, other:0.90|0.99|0.95, company:0.90|0.84|0.87, address:0.98|0.74|0.84, date:0.91|0.42|0.58, total:0.93|0.29|0.44
epoch:91, loss: 0.19925820606726188, other:0.89|1.00|0.94, company:0.93|0.81|0.87, address:0.98|0.74|0.84, date:0.94|0.36|0.52, total:0.92|0.29|0.44
epoch:92, loss: 0.18552682521166625, other:0.90|1.00|0.95, company:0.94|0.79|0.86, address:0.99|0.71|0.83, date:0.93|0.41|0.57, total:0.93|0.30|0.45
epoch:93, loss: 0.18866347107622358, other:0.90|1.00|0.95, company:0.93|0.81|0.87, address:0.99|0.73|0.84, date:0.93|0.42|0.58, total:0.93|0.29|0.44
epoch:94, loss: 0.18844644835701696, other:0.89|1.00|0.94, company:0.94|0.80|0.87, address:0.99|0.72|0.83, date:0.93|0.40|0.56, total:0.95|0.26|0.41
epoch:95, loss: 0.19907444963852564, other:0.90|1.00|0.94, company:0.89|0.83|0.86, address:0.98|0.73|0.84, date:0.92|0.43|0.59, total:0.95|0.27|0.42
epoch:96, loss: 0.20990440359822027, other:0.91|0.99|0.95, company:0.86|0.84|0.85, address:0.98|0.73|0.83, date:0.92|0.43|0.58, total:0.93|0.30|0.45
epoch:97, loss: 0.2099246741444976, other:0.91|0.99|0.95, company:0.89|0.84|0.86, address:0.96|0.75|0.84, date:0.94|0.41|0.57, total:0.93|0.31|0.46
epoch:98, loss: 0.19835968646738264, other:0.89|1.00|0.94, company:0.89|0.84|0.86, address:0.99|0.71|0.83, date:0.94|0.39|0.55, total:0.94|0.29|0.44
epoch:99, loss: 0.20375014951935522, other:0.91|0.99|0.95, company:0.88|0.83|0.86, address:0.97|0.73|0.84, date:0.93|0.44|0.60, total:0.93|0.29|0.45
epoch:100, loss: 0.18594484969421668, other:0.89|1.00|0.94, company:0.92|0.82|0.86, address:0.99|0.70|0.82, date:0.93|0.42|0.58, total:0.95|0.28|0.43
epoch:101, loss: 0.19291130425753417, other:0.89|1.00|0.94, company:0.91|0.85|0.88, address:0.99|0.71|0.83, date:0.94|0.39|0.55, total:0.94|0.28|0.43
epoch:102, loss: 0.19080398700855397, other:0.90|1.00|0.94, company:0.91|0.83|0.87, address:0.98|0.75|0.85, date:0.94|0.41|0.57, total:0.94|0.28|0.43
epoch:103, loss: 0.1937112742000156, other:0.89|1.00|0.94, company:0.92|0.83|0.87, address:0.98|0.74|0.84, date:0.95|0.39|0.55, total:0.96|0.28|0.43
epoch:104, loss: 0.18820310356440367, other:0.90|1.00|0.95, company:0.91|0.83|0.87, address:0.97|0.76|0.85, date:0.95|0.42|0.58, total:0.95|0.29|0.44
epoch:105, loss: 0.17317074647656194, other:0.91|1.00|0.95, company:0.94|0.83|0.88, address:0.99|0.74|0.85, date:0.93|0.45|0.60, total:0.94|0.30|0.45
epoch:106, loss: 0.1746447847949134, other:0.89|1.00|0.94, company:0.95|0.80|0.87, address:0.99|0.73|0.84, date:0.94|0.42|0.59, total:0.95|0.27|0.42
epoch:107, loss: 0.17583949036068386, other:0.90|1.00|0.94, company:0.93|0.82|0.87, address:0.99|0.72|0.83, date:0.94|0.45|0.61, total:0.95|0.28|0.43
epoch:108, loss: 0.18883779617371382, other:0.90|1.00|0.95, company:0.91|0.83|0.87, address:0.97|0.76|0.85, date:0.95|0.40|0.56, total:0.94|0.30|0.46
epoch:109, loss: 0.17707457117460393, other:0.91|1.00|0.95, company:0.93|0.83|0.88, address:0.98|0.76|0.86, date:0.95|0.41|0.57, total:0.93|0.32|0.47
epoch:110, loss: 0.17506495338899117, other:0.90|1.00|0.95, company:0.93|0.83|0.88, address:0.99|0.76|0.86, date:0.95|0.40|0.56, total:0.93|0.31|0.46
epoch:111, loss: 0.1696905697937365, other:0.90|1.00|0.95, company:0.96|0.81|0.88, address:0.99|0.72|0.84, date:0.95|0.42|0.59, total:0.94|0.30|0.45
epoch:112, loss: 0.18075774720421545, other:0.88|1.00|0.94, company:0.97|0.80|0.87, address:0.99|0.71|0.83, date:0.96|0.36|0.53, total:0.97|0.27|0.42
epoch:113, loss: 0.16375749475426143, other:0.91|1.00|0.95, company:0.96|0.81|0.88, address:0.99|0.74|0.85, date:0.95|0.44|0.60, total:0.94|0.32|0.47
epoch:114, loss: 0.16753377958580298, other:0.90|1.00|0.94, company:0.97|0.79|0.87, address:0.99|0.72|0.83, date:0.96|0.42|0.58, total:0.95|0.30|0.46
epoch:115, loss: 0.181166408514535, other:0.91|1.00|0.95, company:0.90|0.84|0.87, address:0.97|0.76|0.85, date:0.95|0.42|0.58, total:0.94|0.32|0.47
epoch:116, loss: 0.18091949296218376, other:0.91|1.00|0.95, company:0.92|0.83|0.87, address:0.97|0.78|0.87, date:0.95|0.43|0.59, total:0.93|0.32|0.47
epoch:117, loss: 0.1733880506621467, other:0.90|1.00|0.95, company:0.93|0.82|0.87, address:0.98|0.76|0.86, date:0.97|0.40|0.57, total:0.95|0.31|0.46
epoch:118, loss: 0.18968235590943583, other:0.91|1.00|0.95, company:0.88|0.84|0.86, address:0.98|0.73|0.83, date:0.94|0.46|0.62, total:0.94|0.30|0.45
epoch:119, loss: 0.16571397693068893, other:0.92|1.00|0.96, company:0.94|0.82|0.87, address:0.99|0.76|0.86, date:0.95|0.45|0.61, total:0.90|0.35|0.50
epoch:120, loss: 0.16775040770018543, other:0.90|1.00|0.95, company:0.95|0.81|0.88, address:0.99|0.75|0.85, date:0.96|0.42|0.58, total:0.95|0.29|0.45
epoch:121, loss: 0.16946936564313042, other:0.91|1.00|0.95, company:0.93|0.83|0.88, address:0.98|0.77|0.87, date:0.96|0.44|0.60, total:0.95|0.30|0.46
epoch:122, loss: 0.16926640575682675, other:0.91|1.00|0.95, company:0.94|0.83|0.88, address:0.98|0.78|0.87, date:0.97|0.43|0.59, total:0.97|0.30|0.46
epoch:123, loss: 0.1643794203797976, other:0.91|1.00|0.95, company:0.95|0.83|0.89, address:0.99|0.79|0.88, date:0.94|0.45|0.61, total:0.94|0.30|0.45
epoch:124, loss: 0.1985123720433977, other:0.91|0.99|0.95, company:0.87|0.84|0.85, address:0.95|0.75|0.84, date:0.94|0.47|0.63, total:0.95|0.30|0.46
epoch:125, loss: 0.16285405087250251, other:0.90|1.00|0.95, company:0.96|0.79|0.86, address:0.99|0.78|0.87, date:0.95|0.43|0.59, total:0.96|0.29|0.45
epoch:126, loss: 0.17118810227623693, other:0.91|1.00|0.95, company:0.94|0.82|0.88, address:0.98|0.78|0.87, date:0.97|0.42|0.59, total:0.94|0.30|0.46
epoch:127, loss: 0.18446192531673997, other:0.91|1.00|0.95, company:0.89|0.84|0.86, address:0.97|0.77|0.86, date:0.95|0.45|0.61, total:0.96|0.30|0.46
epoch:128, loss: 0.18007500331710885, other:0.91|1.00|0.95, company:0.89|0.85|0.87, address:0.98|0.74|0.84, date:0.97|0.45|0.61, total:0.95|0.32|0.48
epoch:129, loss: 0.16193051746597997, other:0.91|1.00|0.95, company:0.95|0.81|0.88, address:0.99|0.77|0.87, date:0.96|0.42|0.58, total:0.95|0.30|0.46
epoch:130, loss: 0.15977352912779208, other:0.91|1.00|0.95, company:0.96|0.81|0.88, address:0.98|0.80|0.88, date:0.96|0.44|0.60, total:0.94|0.32|0.48
epoch:131, loss: 0.1632048926419682, other:0.91|1.00|0.95, company:0.93|0.84|0.88, address:0.98|0.77|0.86, date:0.95|0.49|0.64, total:0.95|0.31|0.46
epoch:132, loss: 0.163302269798738, other:0.91|1.00|0.95, company:0.93|0.84|0.88, address:0.98|0.77|0.86, date:0.95|0.49|0.65, total:0.95|0.30|0.46
epoch:133, loss: 0.15235591652216735, other:0.91|1.00|0.95, company:0.96|0.81|0.88, address:0.99|0.76|0.86, date:0.96|0.44|0.61, total:0.95|0.32|0.48
epoch:134, loss: 0.1592817665250213, other:0.91|1.00|0.95, company:0.92|0.84|0.88, address:0.99|0.77|0.87, date:0.97|0.44|0.61, total:0.94|0.33|0.48
epoch:135, loss: 0.15488826345514367, other:0.91|1.00|0.95, company:0.97|0.81|0.88, address:0.99|0.78|0.87, date:0.97|0.42|0.59, total:0.95|0.31|0.47
epoch:136, loss: 0.1591312907360218, other:0.91|1.00|0.95, company:0.95|0.83|0.88, address:0.99|0.80|0.88, date:0.97|0.44|0.61, total:0.95|0.30|0.46
epoch:137, loss: 0.1601106289912153, other:0.92|1.00|0.96, company:0.94|0.83|0.88, address:0.98|0.79|0.88, date:0.97|0.46|0.62, total:0.94|0.33|0.49
epoch:138, loss: 0.15746429728137123, other:0.91|1.00|0.95, company:0.95|0.83|0.88, address:0.98|0.81|0.89, date:0.96|0.44|0.60, total:0.95|0.32|0.48
epoch:139, loss: 0.15392343230821467, other:0.91|1.00|0.95, company:0.94|0.84|0.89, address:0.99|0.80|0.88, date:0.98|0.44|0.61, total:0.95|0.32|0.48
epoch:140, loss: 0.14932006183597776, other:0.91|1.00|0.95, company:0.98|0.76|0.86, address:0.99|0.74|0.85, date:0.97|0.45|0.61, total:0.94|0.34|0.50
epoch:141, loss: 0.15905754350953633, other:0.91|1.00|0.95, company:0.95|0.83|0.89, address:0.99|0.80|0.88, date:0.97|0.41|0.57, total:0.94|0.34|0.50
epoch:142, loss: 0.15182384158726092, other:0.91|1.00|0.95, company:0.96|0.82|0.89, address:0.99|0.79|0.88, date:0.97|0.46|0.63, total:0.95|0.30|0.46
epoch:143, loss: 0.1727662906050682, other:0.91|1.00|0.95, company:0.92|0.82|0.87, address:0.98|0.77|0.87, date:0.97|0.41|0.58, total:0.95|0.30|0.46
epoch:144, loss: 0.15689208772447374, other:0.90|1.00|0.95, company:0.97|0.82|0.89, address:0.99|0.77|0.87, date:0.98|0.43|0.60, total:0.95|0.30|0.45
epoch:145, loss: 0.15477035774124992, other:0.91|1.00|0.95, company:0.95|0.82|0.88, address:0.99|0.79|0.88, date:0.97|0.48|0.64, total:0.95|0.30|0.46
epoch:146, loss: 0.1544467387376008, other:0.91|1.00|0.95, company:0.94|0.83|0.88, address:0.99|0.78|0.87, date:0.98|0.44|0.61, total:0.96|0.30|0.46
epoch:147, loss: 0.15203117110111095, other:0.92|1.00|0.95, company:0.94|0.82|0.87, address:0.99|0.79|0.88, date:0.97|0.47|0.64, total:0.96|0.32|0.48
epoch:148, loss: 0.14530317926848377, other:0.91|1.00|0.95, company:0.95|0.83|0.88, address:0.99|0.76|0.86, date:0.97|0.46|0.62, total:0.95|0.33|0.49
epoch:149, loss: 0.14714206451619113, other:0.92|1.00|0.96, company:0.95|0.83|0.88, address:0.99|0.78|0.87, date:0.97|0.47|0.64, total:0.96|0.33|0.49
epoch:150, loss: 0.15786115356065608, other:0.92|1.00|0.96, company:0.91|0.84|0.87, address:0.98|0.78|0.87, date:0.97|0.47|0.63, total:0.95|0.33|0.49
epoch:151, loss: 0.16159589064342003, other:0.92|1.00|0.96, company:0.91|0.85|0.88, address:0.98|0.77|0.86, date:0.96|0.50|0.66, total:0.95|0.32|0.47
epoch:152, loss: 0.15197167793909708, other:0.91|1.00|0.95, company:0.95|0.83|0.89, address:0.99|0.79|0.88, date:0.98|0.45|0.61, total:0.96|0.31|0.47
epoch:153, loss: 0.148008963852017, other:0.92|1.00|0.96, company:0.95|0.83|0.88, address:0.99|0.82|0.90, date:0.97|0.47|0.63, total:0.96|0.32|0.48
epoch:154, loss: 0.1400613737878976, other:0.92|1.00|0.96, company:0.97|0.83|0.89, address:0.99|0.81|0.89, date:0.98|0.47|0.63, total:0.95|0.35|0.51
epoch:155, loss: 0.1506710132514989, other:0.92|1.00|0.96, company:0.94|0.83|0.88, address:0.99|0.81|0.89, date:0.97|0.47|0.64, total:0.95|0.34|0.49
epoch:156, loss: 0.14160169771424047, other:0.92|1.00|0.96, company:0.97|0.82|0.89, address:0.99|0.82|0.90, date:0.97|0.49|0.65, total:0.94|0.33|0.49
epoch:157, loss: 0.1501473624397207, other:0.93|1.00|0.96, company:0.95|0.83|0.89, address:0.99|0.81|0.89, date:0.95|0.49|0.64, total:0.93|0.35|0.51
epoch:158, loss: 0.14567054394218656, other:0.92|1.00|0.96, company:0.95|0.84|0.89, address:0.99|0.79|0.88, date:0.98|0.47|0.63, total:0.92|0.36|0.51
epoch:159, loss: 0.1395828381732658, other:0.92|1.00|0.96, company:0.96|0.83|0.89, address:0.99|0.81|0.89, date:0.98|0.46|0.63, total:0.95|0.35|0.51
epoch:160, loss: 0.1817311523137269, other:0.91|1.00|0.95, company:0.90|0.85|0.87, address:0.94|0.77|0.85, date:0.98|0.44|0.61, total:0.96|0.32|0.48
epoch:161, loss: 0.13642182339120795, other:0.92|1.00|0.96, company:0.96|0.82|0.89, address:1.00|0.79|0.88, date:0.97|0.51|0.67, total:0.95|0.34|0.51
epoch:162, loss: 0.1619785025163933, other:0.92|1.00|0.95, company:0.93|0.84|0.89, address:0.97|0.81|0.88, date:0.98|0.44|0.60, total:0.96|0.33|0.49
epoch:163, loss: 0.14332468504155124, other:0.93|1.00|0.96, company:0.94|0.85|0.89, address:0.99|0.83|0.90, date:0.98|0.45|0.62, total:0.95|0.36|0.53
epoch:164, loss: 0.14406106896974422, other:0.91|1.00|0.95, company:0.95|0.84|0.89, address:0.99|0.80|0.89, date:0.99|0.46|0.63, total:0.97|0.31|0.47
epoch:165, loss: 0.14069044093290964, other:0.92|1.00|0.96, company:0.96|0.84|0.89, address:0.99|0.82|0.90, date:0.98|0.47|0.64, total:0.96|0.33|0.49
epoch:166, loss: 0.15484395926749264, other:0.92|1.00|0.95, company:0.93|0.84|0.88, address:0.97|0.80|0.88, date:0.98|0.50|0.66, total:0.97|0.31|0.47
epoch:167, loss: 0.1615480402553523, other:0.92|1.00|0.96, company:0.91|0.84|0.88, address:0.98|0.80|0.88, date:0.97|0.46|0.62, total:0.95|0.32|0.48
epoch:168, loss: 0.13156559152735603, other:0.92|1.00|0.96, company:0.97|0.82|0.89, address:0.99|0.82|0.90, date:0.98|0.51|0.67, total:0.96|0.33|0.50
epoch:169, loss: 0.141140709872599, other:0.92|1.00|0.96, company:0.96|0.84|0.89, address:0.98|0.82|0.89, date:0.98|0.48|0.65, total:0.96|0.34|0.50
epoch:170, loss: 0.14294103257082127, other:0.93|1.00|0.96, company:0.94|0.84|0.89, address:0.98|0.82|0.89, date:0.98|0.46|0.63, total:0.95|0.36|0.53
epoch:171, loss: 0.13707205184079982, other:0.93|1.00|0.96, company:0.95|0.84|0.89, address:0.99|0.80|0.89, date:0.98|0.52|0.68, total:0.95|0.35|0.51
epoch:172, loss: 0.13298556594936936, other:0.92|1.00|0.96, company:0.97|0.83|0.90, address:0.99|0.80|0.89, date:0.98|0.47|0.64, total:0.96|0.35|0.51
epoch:173, loss: 0.13303686678409576, other:0.92|1.00|0.96, company:0.96|0.84|0.90, address:0.99|0.80|0.89, date:0.98|0.49|0.65, total:0.96|0.34|0.51
epoch:174, loss: 0.12607880019479328, other:0.93|1.00|0.96, company:0.98|0.83|0.90, address:0.99|0.81|0.89, date:0.98|0.49|0.65, total:0.94|0.37|0.53
epoch:175, loss: 0.12860950496461657, other:0.93|1.00|0.96, company:0.98|0.82|0.89, address:0.99|0.83|0.91, date:0.98|0.49|0.65, total:0.94|0.36|0.52
epoch:176, loss: 0.12849630691387035, other:0.93|1.00|0.96, company:0.97|0.83|0.89, address:0.99|0.83|0.91, date:0.98|0.51|0.67, total:0.96|0.36|0.52
epoch:177, loss: 0.1574650906302311, other:0.92|1.00|0.96, company:0.91|0.85|0.88, address:0.97|0.78|0.86, date:0.98|0.49|0.66, total:0.96|0.33|0.49
epoch:178, loss: 0.13246006408223399, other:0.92|1.00|0.96, company:0.97|0.83|0.90, address:0.99|0.84|0.91, date:0.98|0.49|0.65, total:0.96|0.34|0.50
epoch:179, loss: 0.13057638980724193, other:0.92|1.00|0.96, company:0.98|0.83|0.90, address:0.99|0.83|0.90, date:0.98|0.50|0.66, total:0.95|0.34|0.50
epoch:180, loss: 0.14020513715567412, other:0.92|1.00|0.96, company:0.95|0.84|0.89, address:0.98|0.83|0.90, date:0.98|0.45|0.62, total:0.95|0.36|0.53
epoch:181, loss: 0.15718834847211838, other:0.93|0.99|0.96, company:0.91|0.85|0.88, address:0.94|0.81|0.87, date:0.97|0.53|0.68, total:0.96|0.37|0.53
epoch:182, loss: 0.1289810276141873, other:0.92|1.00|0.96, company:0.97|0.83|0.89, address:0.99|0.83|0.90, date:0.99|0.48|0.65, total:0.96|0.34|0.51
epoch:183, loss: 0.12736267486104258, other:0.93|1.00|0.96, company:0.96|0.85|0.90, address:0.99|0.81|0.89, date:0.99|0.45|0.62, total:0.95|0.39|0.55
epoch:184, loss: 0.12866793931634338, other:0.93|1.00|0.96, company:0.97|0.85|0.90, address:0.99|0.83|0.90, date:0.98|0.46|0.63, total:0.96|0.37|0.54
epoch:185, loss: 0.14995539409142952, other:0.92|1.00|0.96, company:0.94|0.84|0.89, address:0.96|0.83|0.89, date:0.98|0.49|0.65, total:0.97|0.33|0.49
epoch:186, loss: 0.13168519928499503, other:0.93|1.00|0.96, company:0.96|0.84|0.90, address:0.99|0.83|0.90, date:0.99|0.51|0.67, total:0.95|0.38|0.55
epoch:187, loss: 0.13667107042339113, other:0.93|1.00|0.96, company:0.95|0.84|0.89, address:0.98|0.83|0.90, date:0.98|0.49|0.66, total:0.97|0.35|0.52
epoch:188, loss: 0.143936511543062, other:0.93|1.00|0.96, company:0.94|0.85|0.89, address:0.97|0.81|0.88, date:0.98|0.50|0.67, total:0.96|0.36|0.52
epoch:189, loss: 0.1556413471698761, other:0.92|1.00|0.96, company:0.95|0.85|0.89, address:0.94|0.83|0.88, date:0.98|0.46|0.63, total:0.96|0.34|0.51
epoch:190, loss: 0.1324357393163222, other:0.92|1.00|0.96, company:0.97|0.84|0.90, address:0.99|0.82|0.90, date:0.98|0.50|0.67, total:0.97|0.32|0.48
epoch:191, loss: 0.12287701445597189, other:0.92|1.00|0.96, company:0.98|0.80|0.88, address:0.99|0.82|0.90, date:0.99|0.48|0.64, total:0.97|0.35|0.52
epoch:192, loss: 0.12396044256510558, other:0.93|1.00|0.96, company:0.94|0.85|0.90, address:1.00|0.80|0.88, date:0.98|0.55|0.71, total:0.96|0.37|0.53
epoch:193, loss: 0.12828864129605116, other:0.93|1.00|0.96, company:0.97|0.85|0.90, address:0.99|0.83|0.90, date:0.99|0.47|0.64, total:0.96|0.37|0.53
epoch:194, loss: 0.12052970572754189, other:0.93|1.00|0.96, company:0.99|0.84|0.91, address:1.00|0.80|0.88, date:0.99|0.49|0.66, total:0.94|0.39|0.55
epoch:195, loss: 0.1209413182956201, other:0.93|1.00|0.96, company:0.97|0.84|0.90, address:0.99|0.81|0.89, date:0.98|0.53|0.69, total:0.96|0.37|0.54
epoch:196, loss: 0.12444614619016647, other:0.93|1.00|0.96, company:0.96|0.86|0.91, address:0.99|0.81|0.89, date:0.99|0.49|0.65, total:0.95|0.39|0.55
epoch:197, loss: 0.12086278448502223, other:0.92|1.00|0.96, company:0.99|0.83|0.90, address:0.99|0.83|0.91, date:0.98|0.50|0.66, total:0.97|0.35|0.51
epoch:198, loss: 0.12320628679460949, other:0.93|1.00|0.96, company:0.98|0.84|0.90, address:0.99|0.86|0.92, date:0.99|0.48|0.65, total:0.97|0.35|0.51
epoch:199, loss: 0.11839836063208403, other:0.93|1.00|0.96, company:0.98|0.83|0.90, address:1.00|0.82|0.90, date:0.99|0.52|0.68, total:0.96|0.37|0.53
epoch:200, loss: 0.11671187011180101, other:0.93|1.00|0.96, company:0.98|0.83|0.90, address:0.99|0.83|0.90, date:0.99|0.49|0.66, total:0.96|0.38|0.54
epoch:201, loss: 0.12226142982641856, other:0.93|1.00|0.96, company:0.97|0.84|0.90, address:0.99|0.83|0.91, date:0.99|0.49|0.65, total:0.97|0.36|0.52
epoch:202, loss: 0.11274909835170817, other:0.93|1.00|0.96, company:0.98|0.83|0.90, address:0.99|0.82|0.90, date:0.98|0.54|0.70, total:0.97|0.37|0.54
epoch:203, loss: 0.12937919519565724, other:0.93|1.00|0.96, company:0.96|0.85|0.90, address:0.98|0.85|0.91, date:0.99|0.50|0.67, total:0.97|0.38|0.54
epoch:204, loss: 0.12102203236685859, other:0.94|1.00|0.97, company:0.96|0.85|0.90, address:0.99|0.85|0.91, date:0.99|0.51|0.67, total:0.95|0.39|0.55
epoch:205, loss: 0.12256697786075098, other:0.93|1.00|0.96, company:0.95|0.85|0.90, address:0.99|0.82|0.90, date:0.98|0.49|0.66, total:0.95|0.40|0.56
epoch:206, loss: 0.1174176365688995, other:0.93|1.00|0.96, company:0.97|0.83|0.90, address:1.00|0.83|0.91, date:0.99|0.51|0.67, total:0.97|0.35|0.51
epoch:207, loss: 0.1158650114580437, other:0.93|1.00|0.96, company:0.98|0.84|0.91, address:1.00|0.84|0.91, date:0.99|0.49|0.66, total:0.97|0.36|0.52
epoch:208, loss: 0.11521515443369194, other:0.93|1.00|0.97, company:0.97|0.85|0.91, address:0.99|0.85|0.92, date:0.99|0.50|0.66, total:0.96|0.39|0.56
epoch:209, loss: 0.11772808874094928, other:0.93|1.00|0.96, company:0.97|0.85|0.91, address:0.99|0.84|0.91, date:0.99|0.51|0.67, total:0.97|0.36|0.53
epoch:210, loss: 0.12231585769741624, other:0.92|1.00|0.96, company:0.97|0.85|0.91, address:0.99|0.84|0.91, date:0.99|0.51|0.67, total:0.98|0.33|0.50
epoch:211, loss: 0.11704578443809792, other:0.92|1.00|0.96, company:0.98|0.83|0.90, address:0.99|0.84|0.91, date:0.99|0.47|0.64, total:0.98|0.34|0.51
epoch:212, loss: 0.11761059777604209, other:0.93|1.00|0.96, company:0.97|0.84|0.90, address:0.98|0.85|0.91, date:0.98|0.56|0.71, total:0.98|0.34|0.51
epoch:213, loss: 0.1320470259697349, other:0.92|1.00|0.96, company:0.97|0.85|0.91, address:0.99|0.84|0.91, date:0.99|0.47|0.63, total:0.97|0.34|0.50
epoch:214, loss: 0.11593926835943151, other:0.93|1.00|0.96, company:0.98|0.84|0.91, address:0.99|0.83|0.90, date:0.99|0.52|0.68, total:0.97|0.36|0.52
epoch:215, loss: 0.11424897390383261, other:0.93|1.00|0.96, company:0.98|0.85|0.91, address:0.99|0.86|0.92, date:0.99|0.50|0.67, total:0.96|0.37|0.54
epoch:216, loss: 0.10779449978360424, other:0.93|1.00|0.97, company:0.98|0.82|0.89, address:0.99|0.85|0.91, date:0.98|0.53|0.69, total:0.97|0.38|0.55
epoch:217, loss: 0.12326242057261644, other:0.93|1.00|0.96, company:0.96|0.85|0.90, address:0.99|0.83|0.90, date:0.99|0.52|0.68, total:0.97|0.36|0.52
epoch:218, loss: 0.12376245939069325, other:0.93|1.00|0.96, company:0.95|0.85|0.90, address:0.99|0.84|0.91, date:0.98|0.53|0.69, total:0.98|0.36|0.52
epoch:219, loss: 0.12662798690575142, other:0.93|1.00|0.96, company:0.96|0.85|0.90, address:0.97|0.85|0.91, date:0.98|0.52|0.68, total:0.98|0.37|0.54
epoch:220, loss: 0.1119854908298563, other:0.93|1.00|0.97, company:0.97|0.84|0.90, address:1.00|0.82|0.90, date:0.99|0.51|0.67, total:0.96|0.40|0.57
epoch:221, loss: 0.11210879545520853, other:0.94|1.00|0.97, company:0.97|0.85|0.91, address:0.99|0.84|0.91, date:0.99|0.53|0.69, total:0.97|0.40|0.57
epoch:222, loss: 0.12091401081394267, other:0.94|1.00|0.97, company:0.96|0.85|0.90, address:0.98|0.85|0.91, date:0.99|0.54|0.69, total:0.97|0.39|0.56
epoch:223, loss: 0.11622619822069451, other:0.94|1.00|0.97, company:0.97|0.85|0.91, address:0.98|0.86|0.92, date:0.99|0.50|0.67, total:0.97|0.40|0.56
epoch:224, loss: 0.11857278396685918, other:0.94|1.00|0.97, company:0.96|0.85|0.90, address:0.98|0.85|0.91, date:0.98|0.55|0.71, total:0.96|0.41|0.57
epoch:225, loss: 0.11470528416059635, other:0.94|1.00|0.97, company:0.96|0.86|0.91, address:0.98|0.87|0.92, date:0.98|0.56|0.71, total:0.97|0.42|0.59
epoch:226, loss: 0.10797102445805515, other:0.94|1.00|0.97, company:0.98|0.85|0.91, address:0.99|0.84|0.91, date:0.99|0.52|0.68, total:0.97|0.40|0.56
epoch:227, loss: 0.11971818407376607, other:0.94|1.00|0.97, company:0.96|0.86|0.91, address:0.98|0.87|0.92, date:0.99|0.50|0.66, total:0.98|0.39|0.55
epoch:228, loss: 0.11637751785693345, other:0.94|1.00|0.97, company:0.98|0.85|0.91, address:0.99|0.85|0.92, date:0.99|0.52|0.68, total:0.93|0.41|0.57
epoch:229, loss: 0.10928082604099203, other:0.93|1.00|0.96, company:0.97|0.85|0.91, address:1.00|0.84|0.91, date:0.99|0.55|0.70, total:0.98|0.36|0.53
epoch:230, loss: 0.1124661804901229, other:0.93|1.00|0.96, company:0.99|0.83|0.90, address:1.00|0.83|0.90, date:0.99|0.48|0.64, total:0.97|0.37|0.54
epoch:231, loss: 0.1047913321742305, other:0.93|1.00|0.96, company:0.99|0.84|0.91, address:1.00|0.83|0.91, date:0.99|0.54|0.69, total:0.97|0.38|0.54
epoch:232, loss: 0.11040412055121528, other:0.93|1.00|0.96, company:0.99|0.82|0.90, address:1.00|0.84|0.91, date:0.99|0.50|0.66, total:0.98|0.36|0.53
epoch:233, loss: 0.1122842483498432, other:0.93|1.00|0.96, company:0.98|0.85|0.91, address:0.99|0.85|0.91, date:0.99|0.51|0.67, total:0.98|0.38|0.55
epoch:234, loss: 0.11189470495338794, other:0.94|1.00|0.97, company:0.98|0.85|0.91, address:0.98|0.87|0.92, date:0.99|0.52|0.68, total:0.98|0.40|0.57
epoch:235, loss: 0.10751787959425538, other:0.93|1.00|0.97, company:0.98|0.84|0.90, address:0.99|0.86|0.92, date:0.99|0.56|0.71, total:0.98|0.36|0.53
epoch:236, loss: 0.11139057797414285, other:0.93|1.00|0.96, company:0.99|0.83|0.90, address:0.99|0.86|0.92, date:0.99|0.46|0.63, total:0.98|0.38|0.55
epoch:237, loss: 0.11115260284256052, other:0.94|1.00|0.97, company:0.98|0.85|0.91, address:0.99|0.86|0.92, date:0.99|0.52|0.68, total:0.97|0.39|0.56
epoch:238, loss: 0.11982248254396298, other:0.94|1.00|0.97, company:0.96|0.85|0.90, address:0.98|0.84|0.91, date:0.99|0.55|0.71, total:0.98|0.39|0.56
epoch:239, loss: 0.11479131794638103, other:0.93|1.00|0.96, company:0.96|0.85|0.90, address:0.99|0.82|0.90, date:0.99|0.53|0.69, total:0.98|0.38|0.55
epoch:240, loss: 0.11078324969168063, other:0.93|1.00|0.96, company:0.99|0.84|0.90, address:1.00|0.84|0.91, date:0.99|0.49|0.65, total:0.97|0.37|0.54
epoch:241, loss: 0.10821997401890932, other:0.94|1.00|0.97, company:0.98|0.85|0.91, address:0.99|0.87|0.92, date:0.99|0.53|0.69, total:0.98|0.39|0.56
epoch:242, loss: 0.12413398286810627, other:0.93|1.00|0.96, company:0.96|0.85|0.90, address:0.97|0.85|0.91, date:0.99|0.51|0.67, total:0.97|0.38|0.54
epoch:243, loss: 0.11567247686562715, other:0.93|1.00|0.96, company:0.97|0.85|0.91, address:1.00|0.83|0.91, date:1.00|0.50|0.66, total:0.98|0.36|0.52
epoch:244, loss: 0.10994791956963362, other:0.93|1.00|0.96, company:0.99|0.83|0.90, address:1.00|0.82|0.90, date:0.99|0.51|0.68, total:0.96|0.38|0.55
epoch:245, loss: 0.10221429196772752, other:0.94|1.00|0.97, company:0.98|0.85|0.91, address:0.99|0.86|0.92, date:0.99|0.57|0.72, total:0.98|0.41|0.57
epoch:246, loss: 0.10285366712896912, other:0.94|1.00|0.97, company:0.98|0.84|0.91, address:0.99|0.87|0.92, date:0.99|0.55|0.71, total:0.98|0.39|0.55
epoch:247, loss: 0.10275884027834292, other:0.94|1.00|0.97, company:0.98|0.85|0.91, address:0.99|0.87|0.92, date:0.99|0.55|0.70, total:0.98|0.40|0.57
epoch:248, loss: 0.10331841420244288, other:0.94|1.00|0.97, company:0.98|0.86|0.92, address:0.99|0.87|0.92, date:1.00|0.56|0.72, total:0.98|0.38|0.55
epoch:249, loss: 0.09871732278002633, other:0.94|1.00|0.97, company:0.98|0.85|0.91, address:0.99|0.87|0.93, date:0.99|0.56|0.72, total:0.97|0.41|0.58
epoch:250, loss: 0.10283731172482173, other:0.94|1.00|0.97, company:0.98|0.85|0.91, address:1.00|0.86|0.92, date:1.00|0.54|0.70, total:0.98|0.40|0.57
epoch:251, loss: 0.1069353186973819, other:0.93|1.00|0.96, company:0.99|0.85|0.91, address:0.99|0.86|0.92, date:0.99|0.50|0.66, total:0.98|0.38|0.55
epoch:252, loss: 0.09564113837701303, other:0.94|1.00|0.97, company:0.98|0.85|0.91, address:1.00|0.85|0.92, date:0.99|0.57|0.72, total:0.98|0.39|0.56
epoch:253, loss: 0.09690932529392066, other:0.94|1.00|0.97, company:0.99|0.84|0.91, address:1.00|0.86|0.92, date:0.99|0.55|0.71, total:0.96|0.43|0.59
epoch:254, loss: 0.101201756408921, other:0.94|1.00|0.97, company:0.97|0.84|0.90, address:1.00|0.82|0.90, date:1.00|0.56|0.72, total:0.98|0.40|0.56
epoch:255, loss: 0.10861278546077234, other:0.94|1.00|0.97, company:0.98|0.85|0.91, address:0.99|0.85|0.92, date:0.99|0.54|0.70, total:0.98|0.39|0.55
epoch:256, loss: 0.10884318307594017, other:0.94|1.00|0.97, company:0.99|0.83|0.90, address:0.99|0.86|0.92, date:0.99|0.55|0.70, total:0.93|0.41|0.57
epoch:257, loss: 0.10418882386551963, other:0.94|1.00|0.97, company:0.98|0.85|0.91, address:0.98|0.86|0.92, date:0.99|0.58|0.73, total:0.97|0.40|0.57
epoch:258, loss: 0.10749510261747572, other:0.94|1.00|0.97, company:0.95|0.85|0.90, address:0.99|0.85|0.91, date:0.99|0.56|0.72, total:0.98|0.40|0.57
epoch:259, loss: 0.11425165556095264, other:0.94|1.00|0.97, company:0.97|0.85|0.91, address:0.98|0.86|0.92, date:0.99|0.52|0.69, total:0.97|0.41|0.58
epoch:260, loss: 0.12127571718560325, other:0.94|1.00|0.97, company:0.95|0.86|0.91, address:0.96|0.86|0.90, date:0.99|0.54|0.70, total:0.98|0.39|0.55
epoch:261, loss: 0.09746410725293336, other:0.94|1.00|0.97, company:0.99|0.85|0.91, address:1.00|0.84|0.92, date:0.99|0.54|0.70, total:0.97|0.41|0.58
epoch:262, loss: 0.10713691816285804, other:0.94|1.00|0.97, company:0.97|0.86|0.91, address:0.99|0.86|0.92, date:0.99|0.59|0.74, total:0.98|0.39|0.56
epoch:263, loss: 0.09512286743632069, other:0.94|1.00|0.97, company:0.99|0.82|0.90, address:1.00|0.83|0.91, date:0.99|0.55|0.71, total:0.98|0.42|0.59
epoch:264, loss: 0.09469475252208887, other:0.94|1.00|0.97, company:0.98|0.85|0.91, address:1.00|0.85|0.92, date:1.00|0.57|0.73, total:0.98|0.42|0.58
epoch:265, loss: 0.10478540261586507, other:0.94|1.00|0.97, company:0.97|0.86|0.91, address:0.99|0.86|0.92, date:1.00|0.51|0.68, total:0.98|0.44|0.61
epoch:266, loss: 0.09950685639072347, other:0.94|1.00|0.97, company:0.99|0.86|0.92, address:0.99|0.86|0.92, date:1.00|0.55|0.71, total:0.98|0.41|0.58
epoch:267, loss: 0.09690361552768284, other:0.94|1.00|0.97, company:0.98|0.85|0.91, address:1.00|0.82|0.90, date:0.99|0.59|0.74, total:0.98|0.38|0.55
epoch:268, loss: 0.09698176094227368, other:0.94|1.00|0.97, company:0.99|0.85|0.92, address:1.00|0.86|0.92, date:1.00|0.55|0.71, total:0.98|0.40|0.56
epoch:269, loss: 0.09856758873771738, other:0.94|1.00|0.97, company:0.98|0.85|0.91, address:1.00|0.87|0.93, date:0.99|0.55|0.70, total:0.98|0.39|0.56
epoch:270, loss: 0.10419633073939218, other:0.93|1.00|0.97, company:1.00|0.82|0.90, address:1.00|0.84|0.91, date:1.00|0.57|0.73, total:0.97|0.37|0.53
epoch:271, loss: 0.1065913259431168, other:0.93|1.00|0.97, company:0.99|0.85|0.92, address:1.00|0.85|0.92, date:1.00|0.54|0.70, total:0.94|0.37|0.53
epoch:272, loss: 0.10774114258863308, other:0.94|1.00|0.97, company:0.99|0.85|0.91, address:0.99|0.87|0.92, date:0.99|0.52|0.68, total:0.98|0.38|0.55
epoch:273, loss: 0.09527111619159027, other:0.95|1.00|0.97, company:0.98|0.85|0.91, address:1.00|0.87|0.93, date:0.99|0.61|0.76, total:0.97|0.42|0.58
epoch:274, loss: 0.09536738321185112, other:0.94|1.00|0.97, company:0.97|0.86|0.92, address:1.00|0.86|0.92, date:0.99|0.57|0.72, total:0.99|0.41|0.58
epoch:275, loss: 0.09133655895237569, other:0.94|1.00|0.97, company:0.99|0.85|0.91, address:1.00|0.86|0.93, date:0.99|0.58|0.74, total:0.99|0.40|0.57
epoch:276, loss: 0.09934680219049807, other:0.94|1.00|0.97, company:0.99|0.85|0.92, address:0.99|0.89|0.93, date:1.00|0.53|0.69, total:0.99|0.40|0.57
epoch:277, loss: 0.0991310664901027, other:0.94|1.00|0.97, company:0.98|0.86|0.92, address:0.99|0.87|0.93, date:0.99|0.57|0.72, total:0.98|0.42|0.59
epoch:278, loss: 0.0964832464577975, other:0.95|1.00|0.97, company:0.98|0.86|0.92, address:0.99|0.87|0.93, date:0.99|0.61|0.76, total:0.97|0.41|0.58
epoch:279, loss: 0.09158693005641301, other:0.94|1.00|0.97, company:1.00|0.84|0.91, address:1.00|0.87|0.93, date:1.00|0.53|0.69, total:0.98|0.43|0.60
epoch:280, loss: 0.09245900989130691, other:0.94|1.00|0.97, company:0.98|0.86|0.92, address:0.99|0.88|0.93, date:1.00|0.58|0.74, total:0.99|0.41|0.58
epoch:281, loss: 0.09253404386065624, other:0.94|1.00|0.97, company:0.99|0.85|0.91, address:0.99|0.87|0.93, date:1.00|0.56|0.72, total:0.98|0.43|0.60
epoch:282, loss: 0.0897845566548683, other:0.94|1.00|0.97, company:0.99|0.85|0.91, address:1.00|0.89|0.94, date:1.00|0.57|0.72, total:0.99|0.42|0.59
epoch:283, loss: 0.09414997420929096, other:0.94|1.00|0.97, company:0.99|0.85|0.91, address:1.00|0.83|0.91, date:0.99|0.55|0.71, total:0.99|0.40|0.57
epoch:284, loss: 0.09399309423234728, other:0.94|1.00|0.97, company:0.99|0.85|0.91, address:0.99|0.87|0.93, date:0.99|0.56|0.72, total:0.99|0.40|0.57
epoch:285, loss: 0.10239342324159763, other:0.94|1.00|0.97, company:0.97|0.86|0.91, address:1.00|0.84|0.91, date:1.00|0.53|0.69, total:0.98|0.40|0.57
epoch:286, loss: 0.10084682730612932, other:0.94|1.00|0.97, company:0.99|0.86|0.92, address:0.99|0.87|0.93, date:0.99|0.60|0.74, total:0.98|0.38|0.55
epoch:287, loss: 0.08680618112837826, other:0.95|1.00|0.97, company:0.99|0.85|0.92, address:1.00|0.88|0.93, date:0.99|0.62|0.76, total:0.99|0.42|0.59
epoch:288, loss: 0.09611600527056942, other:0.95|1.00|0.97, company:0.98|0.87|0.92, address:0.99|0.88|0.93, date:1.00|0.54|0.70, total:0.99|0.44|0.60
epoch:289, loss: 0.08901626630513756, other:0.94|1.00|0.97, company:0.99|0.85|0.91, address:1.00|0.87|0.93, date:1.00|0.59|0.74, total:0.99|0.39|0.56
epoch:290, loss: 0.08686704602506426, other:0.94|1.00|0.97, company:0.99|0.84|0.91, address:1.00|0.87|0.93, date:1.00|0.57|0.73, total:0.97|0.43|0.59
epoch:291, loss: 0.10379746915013702, other:0.95|1.00|0.97, company:0.96|0.87|0.91, address:0.98|0.86|0.91, date:1.00|0.60|0.75, total:0.98|0.45|0.61
epoch:292, loss: 0.09028510197445198, other:0.94|1.00|0.97, company:1.00|0.84|0.91, address:0.99|0.90|0.94, date:1.00|0.55|0.71, total:0.98|0.43|0.60
epoch:293, loss: 0.09127273645114016, other:0.95|1.00|0.97, company:0.99|0.85|0.92, address:1.00|0.87|0.93, date:1.00|0.59|0.74, total:0.98|0.42|0.59
epoch:294, loss: 0.0883403987520271, other:0.95|1.00|0.97, company:0.99|0.85|0.91, address:1.00|0.87|0.93, date:1.00|0.58|0.74, total:0.98|0.45|0.61
epoch:295, loss: 0.08377387898939627, other:0.95|1.00|0.97, company:0.99|0.85|0.91, address:1.00|0.89|0.94, date:1.00|0.59|0.74, total:0.98|0.45|0.61
epoch:296, loss: 0.09231962263584137, other:0.95|1.00|0.97, company:0.99|0.85|0.91, address:0.99|0.88|0.93, date:1.00|0.56|0.72, total:0.98|0.46|0.63
epoch:297, loss: 0.08878028572157577, other:0.94|1.00|0.97, company:0.99|0.86|0.92, address:1.00|0.88|0.93, date:1.00|0.56|0.71, total:0.99|0.44|0.61
epoch:298, loss: 0.09043711851592418, other:0.95|1.00|0.97, company:0.98|0.87|0.92, address:0.99|0.87|0.93, date:1.00|0.58|0.73, total:0.99|0.43|0.60
epoch:299, loss: 0.08341363789858641, other:0.95|1.00|0.97, company:0.99|0.85|0.92, address:1.00|0.89|0.94, date:1.00|0.58|0.73, total:0.99|0.46|0.63
epoch:300, loss: 0.0788608727355798, other:0.95|1.00|0.97, company:0.99|0.86|0.92, address:1.00|0.85|0.92, date:1.00|0.62|0.76, total:0.99|0.48|0.64
epoch:301, loss: 0.08306987928571524, other:0.94|1.00|0.97, company:0.99|0.85|0.91, address:1.00|0.85|0.92, date:1.00|0.57|0.73, total:0.99|0.44|0.61
epoch:302, loss: 0.09434360514084499, other:0.95|1.00|0.97, company:0.99|0.86|0.92, address:1.00|0.88|0.93, date:1.00|0.59|0.74, total:0.95|0.42|0.58
epoch:303, loss: 0.08403315381319434, other:0.95|1.00|0.97, company:0.99|0.85|0.92, address:1.00|0.88|0.93, date:1.00|0.60|0.75, total:0.99|0.43|0.60
epoch:304, loss: 0.07977415372927983, other:0.95|1.00|0.97, company:1.00|0.84|0.91, address:1.00|0.88|0.94, date:1.00|0.56|0.72, total:0.99|0.44|0.61
epoch:305, loss: 0.0851072259247303, other:0.95|1.00|0.97, company:0.98|0.86|0.92, address:1.00|0.85|0.92, date:1.00|0.60|0.75, total:0.99|0.43|0.60
epoch:306, loss: 0.08066842856782454, other:0.95|1.00|0.97, company:0.99|0.84|0.91, address:1.00|0.87|0.93, date:1.00|0.60|0.75, total:0.98|0.45|0.62
epoch:307, loss: 0.08865528871063832, other:0.95|1.00|0.97, company:0.98|0.87|0.92, address:1.00|0.86|0.92, date:1.00|0.59|0.74, total:0.99|0.44|0.61
epoch:308, loss: 0.08890614741378361, other:0.95|1.00|0.97, company:0.99|0.86|0.92, address:0.99|0.86|0.92, date:1.00|0.59|0.74, total:0.98|0.47|0.63
epoch:309, loss: 0.09087410403622521, other:0.95|1.00|0.97, company:0.99|0.87|0.93, address:0.98|0.90|0.94, date:1.00|0.59|0.74, total:0.99|0.45|0.62
epoch:310, loss: 0.08421419588504014, other:0.95|1.00|0.97, company:0.99|0.84|0.91, address:1.00|0.88|0.93, date:1.00|0.56|0.72, total:0.97|0.46|0.63
epoch:311, loss: 0.08674780927874425, other:0.95|1.00|0.97, company:0.99|0.85|0.91, address:1.00|0.88|0.93, date:1.00|0.60|0.75, total:0.98|0.44|0.60
epoch:312, loss: 0.08605371512196681, other:0.95|1.00|0.97, company:0.99|0.85|0.92, address:1.00|0.88|0.93, date:1.00|0.58|0.73, total:0.99|0.44|0.61
epoch:313, loss: 0.07911090111290967, other:0.95|1.00|0.97, company:0.99|0.85|0.92, address:1.00|0.87|0.93, date:1.00|0.59|0.74, total:0.98|0.48|0.65
epoch:314, loss: 0.08585078890124957, other:0.94|1.00|0.97, company:1.00|0.84|0.91, address:1.00|0.86|0.92, date:1.00|0.56|0.72, total:0.98|0.44|0.61
epoch:315, loss: 0.08038824396552863, other:0.95|1.00|0.97, company:1.00|0.86|0.92, address:1.00|0.87|0.93, date:1.00|0.59|0.74, total:0.99|0.43|0.60
epoch:316, loss: 0.0853429112445425, other:0.94|1.00|0.97, company:1.00|0.84|0.91, address:1.00|0.86|0.93, date:1.00|0.59|0.74, total:0.99|0.41|0.58
epoch:317, loss: 0.08011405583884981, other:0.95|1.00|0.97, company:0.99|0.84|0.91, address:1.00|0.87|0.93, date:1.00|0.60|0.75, total:0.99|0.44|0.61
epoch:318, loss: 0.08229145338689839, other:0.95|1.00|0.97, company:0.99|0.86|0.92, address:0.99|0.88|0.93, date:1.00|0.56|0.71, total:0.99|0.45|0.62
epoch:319, loss: 0.08033752772543165, other:0.94|1.00|0.97, company:1.00|0.82|0.90, address:1.00|0.89|0.94, date:1.00|0.58|0.73, total:1.00|0.43|0.60
epoch:320, loss: 0.0815060291853216, other:0.95|1.00|0.97, company:0.99|0.87|0.92, address:0.99|0.88|0.94, date:1.00|0.63|0.77, total:0.99|0.45|0.62
epoch:321, loss: 0.08139315854620051, other:0.94|1.00|0.97, company:1.00|0.85|0.92, address:1.00|0.88|0.93, date:1.00|0.59|0.74, total:0.99|0.42|0.59
epoch:322, loss: 0.07529532799014339, other:0.95|1.00|0.98, company:0.99|0.87|0.93, address:1.00|0.87|0.93, date:1.00|0.63|0.77, total:0.99|0.46|0.63
epoch:323, loss: 0.07872386124950868, other:0.96|1.00|0.98, company:1.00|0.85|0.92, address:0.99|0.91|0.95, date:1.00|0.61|0.76, total:0.98|0.50|0.66
epoch:324, loss: 0.08031213076578246, other:0.95|1.00|0.97, company:0.99|0.85|0.91, address:1.00|0.90|0.94, date:1.00|0.57|0.72, total:0.99|0.47|0.64
epoch:325, loss: 0.07483397976115898, other:0.95|1.00|0.98, company:1.00|0.86|0.92, address:1.00|0.89|0.94, date:1.00|0.62|0.76, total:0.99|0.47|0.64
epoch:326, loss: 0.07652326162766528, other:0.95|1.00|0.97, company:1.00|0.83|0.91, address:1.00|0.87|0.93, date:1.00|0.62|0.77, total:0.99|0.45|0.62
epoch:327, loss: 0.08015454477734035, other:0.95|1.00|0.98, company:0.99|0.85|0.92, address:0.99|0.87|0.93, date:1.00|0.64|0.78, total:0.99|0.48|0.64
epoch:328, loss: 0.07927385731427758, other:0.95|1.00|0.97, company:0.99|0.86|0.92, address:1.00|0.89|0.94, date:1.00|0.65|0.78, total:0.99|0.44|0.61
epoch:329, loss: 0.08227547589275572, other:0.95|1.00|0.97, company:0.99|0.86|0.92, address:0.99|0.90|0.94, date:1.00|0.58|0.73, total:0.99|0.46|0.63
epoch:330, loss: 0.0885351515478558, other:0.95|1.00|0.97, company:0.99|0.85|0.91, address:0.98|0.89|0.93, date:1.00|0.60|0.75, total:0.99|0.43|0.60
epoch:331, loss: 0.08035878850905984, other:0.95|1.00|0.97, company:0.99|0.87|0.92, address:1.00|0.88|0.93, date:1.00|0.60|0.75, total:1.00|0.43|0.60
epoch:332, loss: 0.07986008693222646, other:0.95|1.00|0.97, company:0.99|0.86|0.92, address:0.99|0.90|0.95, date:1.00|0.60|0.75, total:1.00|0.45|0.62
epoch:333, loss: 0.08007060156928168, other:0.95|1.00|0.97, company:0.99|0.85|0.92, address:0.99|0.91|0.95, date:1.00|0.63|0.77, total:1.00|0.43|0.60
epoch:334, loss: 0.0823565423488617, other:0.94|1.00|0.97, company:0.99|0.86|0.92, address:1.00|0.89|0.94, date:1.00|0.61|0.75, total:1.00|0.41|0.58
epoch:335, loss: 0.07297493255248776, other:0.95|1.00|0.98, company:1.00|0.85|0.92, address:1.00|0.90|0.95, date:1.00|0.62|0.77, total:1.00|0.46|0.63
epoch:336, loss: 0.08113791503840023, other:0.95|1.00|0.97, company:0.99|0.87|0.92, address:1.00|0.87|0.93, date:1.00|0.61|0.75, total:0.99|0.43|0.60
epoch:337, loss: 0.07500350268350707, other:0.95|1.00|0.97, company:1.00|0.84|0.91, address:1.00|0.88|0.93, date:1.00|0.64|0.78, total:0.99|0.43|0.60
epoch:338, loss: 0.07950228024963979, other:0.95|1.00|0.97, company:0.99|0.87|0.93, address:1.00|0.88|0.93, date:1.00|0.64|0.78, total:0.97|0.44|0.60
epoch:339, loss: 0.07834985576294086, other:0.95|1.00|0.97, company:1.00|0.85|0.92, address:1.00|0.87|0.93, date:1.00|0.58|0.73, total:0.99|0.45|0.62
epoch:340, loss: 0.07447699416014883, other:0.96|1.00|0.98, company:0.99|0.87|0.93, address:1.00|0.90|0.95, date:1.00|0.66|0.79, total:0.99|0.46|0.63
epoch:341, loss: 0.08116342913773325, other:0.96|1.00|0.98, company:0.98|0.86|0.92, address:0.99|0.89|0.94, date:1.00|0.62|0.77, total:0.98|0.50|0.66
epoch:342, loss: 0.06949448792470826, other:0.96|1.00|0.98, company:1.00|0.86|0.93, address:1.00|0.89|0.94, date:1.00|0.66|0.79, total:0.99|0.48|0.65
epoch:343, loss: 0.07030441874155292, other:0.96|1.00|0.98, company:1.00|0.85|0.92, address:1.00|0.89|0.94, date:1.00|0.65|0.79, total:0.99|0.49|0.66
epoch:344, loss: 0.07395030309756596, other:0.95|1.00|0.98, company:0.99|0.84|0.91, address:1.00|0.90|0.95, date:1.00|0.61|0.76, total:0.99|0.48|0.65
epoch:345, loss: 0.0702401841128314, other:0.95|1.00|0.98, company:0.99|0.85|0.92, address:1.00|0.89|0.94, date:1.00|0.65|0.79, total:0.99|0.47|0.64
epoch:346, loss: 0.07429711617253444, other:0.96|1.00|0.98, company:1.00|0.87|0.93, address:1.00|0.90|0.95, date:1.00|0.62|0.76, total:0.99|0.51|0.67
epoch:347, loss: 0.06887314979124952, other:0.96|1.00|0.98, company:1.00|0.85|0.92, address:1.00|0.89|0.94, date:1.00|0.61|0.76, total:0.99|0.50|0.67
epoch:348, loss: 0.07625256685747041, other:0.95|1.00|0.98, company:0.99|0.86|0.92, address:1.00|0.89|0.94, date:1.00|0.63|0.77, total:1.00|0.46|0.63
epoch:349, loss: 0.06808370931280984, other:0.95|1.00|0.98, company:1.00|0.86|0.92, address:1.00|0.88|0.93, date:1.00|0.65|0.79, total:0.99|0.47|0.64
epoch:350, loss: 0.07137636205664387, other:0.95|1.00|0.98, company:1.00|0.86|0.92, address:1.00|0.88|0.94, date:1.00|0.63|0.77, total:0.99|0.48|0.65
epoch:351, loss: 0.07474636465862945, other:0.96|1.00|0.98, company:0.99|0.87|0.93, address:0.98|0.92|0.95, date:1.00|0.65|0.79, total:0.99|0.49|0.65
epoch:352, loss: 0.07372804938091172, other:0.95|1.00|0.98, company:1.00|0.87|0.93, address:1.00|0.90|0.95, date:1.00|0.59|0.74, total:0.99|0.49|0.65
epoch:353, loss: 0.07110035805790513, other:0.96|1.00|0.98, company:1.00|0.86|0.92, address:1.00|0.90|0.95, date:1.00|0.61|0.76, total:0.99|0.52|0.68
epoch:354, loss: 0.07266016456264036, other:0.96|1.00|0.98, company:1.00|0.86|0.93, address:1.00|0.91|0.95, date:1.00|0.64|0.78, total:0.99|0.47|0.64
epoch:355, loss: 0.0741910007264879, other:0.95|1.00|0.98, company:0.99|0.86|0.92, address:1.00|0.90|0.95, date:1.00|0.60|0.75, total:0.99|0.46|0.63
epoch:356, loss: 0.07078691158029768, other:0.95|1.00|0.98, company:1.00|0.87|0.93, address:1.00|0.89|0.94, date:1.00|0.69|0.82, total:1.00|0.45|0.62
epoch:357, loss: 0.0756459249942391, other:0.95|1.00|0.98, company:0.99|0.88|0.93, address:1.00|0.90|0.94, date:1.00|0.61|0.76, total:0.99|0.48|0.64
epoch:358, loss: 0.06953446373895363, other:0.96|1.00|0.98, company:1.00|0.86|0.93, address:1.00|0.92|0.96, date:1.00|0.64|0.78, total:0.99|0.48|0.65
epoch:359, loss: 0.07295553331021909, other:0.96|1.00|0.98, company:0.99|0.87|0.92, address:0.99|0.90|0.95, date:1.00|0.61|0.76, total:0.99|0.49|0.66
epoch:360, loss: 0.07694445053736369, other:0.95|1.00|0.98, company:0.99|0.87|0.93, address:1.00|0.90|0.94, date:1.00|0.59|0.74, total:0.99|0.47|0.64
epoch:361, loss: 0.07912277692446003, other:0.95|1.00|0.98, company:0.99|0.86|0.92, address:0.98|0.89|0.94, date:1.00|0.65|0.79, total:1.00|0.45|0.62
epoch:362, loss: 0.07019394815520004, other:0.96|1.00|0.98, company:0.99|0.88|0.93, address:1.00|0.89|0.94, date:1.00|0.65|0.79, total:0.97|0.50|0.66
epoch:363, loss: 0.06981812693454602, other:0.95|1.00|0.98, company:1.00|0.84|0.91, address:1.00|0.89|0.94, date:1.00|0.62|0.76, total:1.00|0.48|0.65
epoch:364, loss: 0.07090308944936152, other:0.96|1.00|0.98, company:1.00|0.87|0.93, address:0.99|0.91|0.95, date:1.00|0.62|0.76, total:0.99|0.48|0.65
epoch:365, loss: 0.08486065213327054, other:0.95|1.00|0.97, company:1.00|0.85|0.92, address:1.00|0.89|0.94, date:1.00|0.62|0.77, total:0.97|0.42|0.59
epoch:366, loss: 0.07191304931486095, other:0.95|1.00|0.98, company:1.00|0.85|0.92, address:1.00|0.89|0.94, date:1.00|0.61|0.76, total:0.99|0.47|0.64
epoch:367, loss: 0.06744983419775963, other:0.96|1.00|0.98, company:0.99|0.88|0.93, address:0.99|0.90|0.95, date:1.00|0.68|0.81, total:0.99|0.53|0.69
epoch:368, loss: 0.07720170487408284, other:0.96|1.00|0.98, company:0.99|0.87|0.93, address:0.98|0.91|0.95, date:1.00|0.62|0.77, total:0.99|0.48|0.64
epoch:369, loss: 0.07129381597042084, other:0.96|1.00|0.98, company:1.00|0.87|0.93, address:0.99|0.91|0.95, date:1.00|0.63|0.78, total:0.99|0.51|0.67
epoch:370, loss: 0.06607813277730236, other:0.96|1.00|0.98, company:1.00|0.86|0.93, address:1.00|0.89|0.94, date:1.00|0.62|0.77, total:0.99|0.49|0.66
epoch:371, loss: 0.06701358987225427, other:0.96|1.00|0.98, company:1.00|0.86|0.92, address:1.00|0.89|0.94, date:1.00|0.64|0.78, total:0.99|0.53|0.69
epoch:372, loss: 0.06727661813298862, other:0.96|1.00|0.98, company:1.00|0.87|0.93, address:1.00|0.90|0.95, date:1.00|0.67|0.80, total:0.99|0.48|0.64
epoch:373, loss: 0.065740249361153, other:0.96|1.00|0.98, company:1.00|0.87|0.93, address:1.00|0.90|0.94, date:1.00|0.63|0.77, total:0.99|0.51|0.67
epoch:374, loss: 0.06788207549187872, other:0.96|1.00|0.98, company:0.99|0.87|0.93, address:1.00|0.90|0.95, date:1.00|0.62|0.76, total:1.00|0.50|0.66
epoch:375, loss: 0.06904597539040777, other:0.95|1.00|0.98, company:1.00|0.86|0.92, address:1.00|0.91|0.95, date:1.00|0.65|0.79, total:1.00|0.46|0.63
epoch:376, loss: 0.06740372407215613, other:0.96|1.00|0.98, company:1.00|0.87|0.93, address:1.00|0.91|0.95, date:1.00|0.63|0.77, total:0.99|0.48|0.65
epoch:377, loss: 0.06464229993246219, other:0.96|1.00|0.98, company:1.00|0.87|0.93, address:1.00|0.91|0.95, date:1.00|0.64|0.78, total:0.99|0.50|0.66
epoch:378, loss: 0.060965434820563706, other:0.96|1.00|0.98, company:1.00|0.88|0.93, address:1.00|0.89|0.94, date:1.00|0.70|0.82, total:0.98|0.53|0.69
epoch:379, loss: 0.067381810258936, other:0.96|1.00|0.98, company:1.00|0.87|0.93, address:1.00|0.90|0.95, date:1.00|0.64|0.78, total:0.99|0.50|0.67
epoch:380, loss: 0.0612942031412213, other:0.96|1.00|0.98, company:1.00|0.87|0.93, address:1.00|0.89|0.94, date:1.00|0.69|0.82, total:0.99|0.50|0.67
epoch:381, loss: 0.06736556647552384, other:0.96|1.00|0.98, company:1.00|0.87|0.93, address:1.00|0.92|0.95, date:1.00|0.63|0.77, total:0.99|0.53|0.69
epoch:382, loss: 0.07536489102575514, other:0.96|1.00|0.98, company:0.99|0.88|0.93, address:0.98|0.91|0.95, date:1.00|0.64|0.78, total:0.99|0.47|0.64
epoch:383, loss: 0.06114952597353193, other:0.96|1.00|0.98, company:1.00|0.86|0.93, address:1.00|0.91|0.95, date:1.00|0.65|0.79, total:0.99|0.53|0.69
epoch:384, loss: 0.06714116271447253, other:0.95|1.00|0.98, company:1.00|0.87|0.93, address:0.99|0.91|0.95, date:1.00|0.65|0.78, total:1.00|0.46|0.63
epoch:385, loss: 0.06508410749612031, other:0.96|1.00|0.98, company:1.00|0.87|0.93, address:1.00|0.91|0.95, date:1.00|0.64|0.78, total:0.99|0.50|0.67
epoch:386, loss: 0.0679647612075011, other:0.95|1.00|0.98, company:1.00|0.86|0.92, address:1.00|0.89|0.94, date:1.00|0.61|0.76, total:1.00|0.46|0.63
epoch:387, loss: 0.08463965411539431, other:0.96|1.00|0.98, company:0.98|0.88|0.93, address:0.96|0.90|0.93, date:1.00|0.67|0.80, total:0.99|0.48|0.65
epoch:388, loss: 0.06552635754148166, other:0.96|1.00|0.98, company:1.00|0.84|0.91, address:1.00|0.91|0.95, date:1.00|0.65|0.78, total:0.99|0.50|0.67
epoch:389, loss: 0.06995997136389767, other:0.95|1.00|0.98, company:0.99|0.88|0.93, address:1.00|0.90|0.95, date:1.00|0.60|0.75, total:1.00|0.46|0.63
epoch:390, loss: 0.07275973605336966, other:0.96|1.00|0.98, company:0.99|0.87|0.92, address:0.99|0.91|0.95, date:1.00|0.67|0.80, total:1.00|0.47|0.64
epoch:391, loss: 0.06694697229950516, other:0.96|1.00|0.98, company:1.00|0.86|0.92, address:1.00|0.90|0.95, date:1.00|0.63|0.78, total:0.99|0.49|0.65
epoch:392, loss: 0.0639539595555376, other:0.96|1.00|0.98, company:0.99|0.87|0.93, address:1.00|0.89|0.94, date:1.00|0.65|0.79, total:0.99|0.55|0.71
epoch:393, loss: 0.06106877616710133, other:0.96|1.00|0.98, company:1.00|0.86|0.92, address:1.00|0.92|0.95, date:1.00|0.65|0.79, total:0.99|0.54|0.70
epoch:394, loss: 0.06436913046571943, other:0.96|1.00|0.98, company:1.00|0.85|0.92, address:1.00|0.91|0.95, date:1.00|0.63|0.77, total:0.99|0.51|0.67
epoch:395, loss: 0.06337484786355937, other:0.96|1.00|0.98, company:1.00|0.87|0.93, address:1.00|0.91|0.95, date:1.00|0.67|0.81, total:1.00|0.47|0.64
epoch:396, loss: 0.06652711097289014, other:0.96|1.00|0.98, company:0.99|0.87|0.93, address:1.00|0.91|0.95, date:1.00|0.67|0.80, total:0.99|0.52|0.69
epoch:397, loss: 0.08240622309622941, other:0.96|1.00|0.98, company:0.99|0.89|0.93, address:0.97|0.91|0.94, date:1.00|0.67|0.80, total:0.97|0.51|0.67
epoch:398, loss: 0.06481728785567814, other:0.96|1.00|0.98, company:0.99|0.88|0.94, address:1.00|0.90|0.95, date:1.00|0.66|0.80, total:0.99|0.50|0.66
epoch:399, loss: 0.06404909119009972, other:0.96|1.00|0.98, company:0.99|0.87|0.93, address:1.00|0.90|0.95, date:1.00|0.67|0.80, total:1.00|0.51|0.68
epoch:400, loss: 0.05937351189829685, other:0.96|1.00|0.98, company:1.00|0.84|0.91, address:1.00|0.89|0.94, date:1.00|0.66|0.80, total:0.98|0.57|0.72
epoch:401, loss: 0.061095584321905066, other:0.96|1.00|0.98, company:1.00|0.88|0.93, address:1.00|0.90|0.95, date:1.00|0.64|0.78, total:1.00|0.53|0.69
epoch:402, loss: 0.0611085734433598, other:0.96|1.00|0.98, company:1.00|0.88|0.93, address:1.00|0.92|0.96, date:1.00|0.68|0.81, total:1.00|0.48|0.65
epoch:403, loss: 0.07368081780495467, other:0.96|1.00|0.98, company:0.99|0.88|0.93, address:0.97|0.92|0.94, date:1.00|0.67|0.80, total:0.99|0.53|0.69
epoch:404, loss: 0.0642977361049917, other:0.96|1.00|0.98, company:0.99|0.88|0.93, address:0.99|0.92|0.96, date:1.00|0.69|0.82, total:0.99|0.52|0.68
epoch:405, loss: 0.06197506796430658, other:0.96|1.00|0.98, company:1.00|0.89|0.94, address:1.00|0.92|0.96, date:1.00|0.65|0.79, total:1.00|0.49|0.65
epoch:406, loss: 0.06892546804414855, other:0.95|1.00|0.97, company:0.99|0.86|0.92, address:1.00|0.89|0.94, date:1.00|0.60|0.75, total:1.00|0.45|0.62
epoch:407, loss: 0.05904158908459875, other:0.96|1.00|0.98, company:1.00|0.87|0.93, address:1.00|0.89|0.94, date:1.00|0.67|0.80, total:0.99|0.51|0.67
epoch:408, loss: 0.06409283437662655, other:0.96|1.00|0.98, company:1.00|0.86|0.93, address:1.00|0.92|0.96, date:1.00|0.67|0.80, total:0.99|0.52|0.68
epoch:409, loss: 0.06199733568010507, other:0.96|1.00|0.98, company:1.00|0.89|0.94, address:1.00|0.92|0.96, date:1.00|0.62|0.76, total:0.99|0.55|0.71
epoch:410, loss: 0.06019855387232922, other:0.96|1.00|0.98, company:0.99|0.87|0.93, address:1.00|0.90|0.95, date:1.00|0.65|0.79, total:0.99|0.53|0.69
epoch:411, loss: 0.06526674978710988, other:0.95|1.00|0.98, company:1.00|0.85|0.92, address:1.00|0.88|0.94, date:1.00|0.60|0.75, total:1.00|0.50|0.67
epoch:412, loss: 0.06600658457588267, other:0.95|1.00|0.98, company:1.00|0.85|0.92, address:1.00|0.89|0.94, date:1.00|0.64|0.78, total:0.99|0.47|0.64
epoch:413, loss: 0.057733195937342115, other:0.96|1.00|0.98, company:1.00|0.88|0.93, address:1.00|0.90|0.95, date:1.00|0.69|0.81, total:1.00|0.51|0.67
epoch:414, loss: 0.0647732997658076, other:0.95|1.00|0.98, company:1.00|0.85|0.92, address:1.00|0.85|0.92, date:1.00|0.66|0.79, total:1.00|0.49|0.66
epoch:415, loss: 0.06423663637704319, other:0.96|1.00|0.98, company:0.99|0.88|0.93, address:0.98|0.91|0.95, date:1.00|0.67|0.80, total:0.99|0.53|0.70
epoch:416, loss: 0.05978797596913797, other:0.96|1.00|0.98, company:1.00|0.89|0.94, address:1.00|0.91|0.95, date:1.00|0.67|0.80, total:0.99|0.53|0.69
epoch:417, loss: 0.059192526119726675, other:0.96|1.00|0.98, company:1.00|0.86|0.93, address:1.00|0.91|0.95, date:1.00|0.65|0.79, total:1.00|0.51|0.67
epoch:418, loss: 0.061636012185502936, other:0.96|1.00|0.98, company:0.99|0.88|0.93, address:1.00|0.90|0.95, date:1.00|0.72|0.83, total:0.99|0.52|0.68
epoch:419, loss: 0.060403141296572156, other:0.96|1.00|0.98, company:0.99|0.87|0.93, address:1.00|0.89|0.94, date:1.00|0.66|0.80, total:0.99|0.54|0.70
epoch:420, loss: 0.05795012524834386, other:0.96|1.00|0.98, company:1.00|0.88|0.94, address:1.00|0.90|0.95, date:1.00|0.65|0.79, total:1.00|0.54|0.70
epoch:421, loss: 0.05828092343829296, other:0.96|1.00|0.98, company:1.00|0.86|0.92, address:1.00|0.89|0.94, date:1.00|0.64|0.78, total:1.00|0.53|0.70
epoch:422, loss: 0.059828046433351656, other:0.96|1.00|0.98, company:1.00|0.90|0.95, address:0.99|0.93|0.96, date:1.00|0.67|0.81, total:1.00|0.53|0.69
epoch:423, loss: 0.05928223511135137, other:0.97|1.00|0.98, company:1.00|0.88|0.93, address:0.99|0.93|0.96, date:1.00|0.68|0.81, total:0.99|0.55|0.71
epoch:424, loss: 0.05383745622303751, other:0.97|1.00|0.98, company:1.00|0.87|0.93, address:1.00|0.92|0.96, date:1.00|0.68|0.81, total:0.99|0.57|0.73
epoch:425, loss: 0.05979428992227272, other:0.96|1.00|0.98, company:1.00|0.88|0.93, address:1.00|0.91|0.95, date:1.00|0.67|0.80, total:1.00|0.52|0.68
epoch:426, loss: 0.060376694081006224, other:0.96|1.00|0.98, company:1.00|0.88|0.93, address:1.00|0.92|0.95, date:1.00|0.65|0.79, total:0.99|0.53|0.69
epoch:427, loss: 0.05825714960142418, other:0.96|1.00|0.98, company:0.99|0.87|0.93, address:1.00|0.92|0.96, date:1.00|0.66|0.80, total:0.99|0.53|0.69
epoch:428, loss: 0.057056858859680315, other:0.96|1.00|0.98, company:1.00|0.88|0.94, address:1.00|0.92|0.96, date:1.00|0.68|0.81, total:0.99|0.55|0.70
epoch:429, loss: 0.056558046765901426, other:0.96|1.00|0.98, company:1.00|0.87|0.93, address:1.00|0.90|0.94, date:1.00|0.65|0.79, total:1.00|0.54|0.70
epoch:430, loss: 0.05896014596025149, other:0.96|1.00|0.98, company:1.00|0.87|0.93, address:1.00|0.91|0.95, date:1.00|0.68|0.81, total:1.00|0.52|0.68
epoch:431, loss: 0.05359047292559235, other:0.97|1.00|0.98, company:1.00|0.88|0.93, address:1.00|0.93|0.96, date:1.00|0.73|0.84, total:1.00|0.53|0.69
epoch:432, loss: 0.06624850782531279, other:0.96|1.00|0.98, company:1.00|0.88|0.94, address:1.00|0.92|0.96, date:1.00|0.69|0.82, total:0.97|0.46|0.63
epoch:433, loss: 0.053687700518855345, other:0.96|1.00|0.98, company:1.00|0.88|0.93, address:1.00|0.91|0.95, date:1.00|0.65|0.79, total:0.99|0.56|0.71
epoch:434, loss: 0.056796456997593246, other:0.97|1.00|0.98, company:1.00|0.88|0.94, address:1.00|0.93|0.96, date:1.00|0.67|0.80, total:1.00|0.56|0.72
epoch:435, loss: 0.055958913846148386, other:0.96|1.00|0.98, company:1.00|0.86|0.93, address:1.00|0.89|0.94, date:1.00|0.66|0.79, total:1.00|0.53|0.70
epoch:436, loss: 0.05699733106626405, other:0.96|1.00|0.98, company:1.00|0.88|0.93, address:1.00|0.89|0.94, date:1.00|0.68|0.81, total:1.00|0.52|0.68
epoch:437, loss: 0.05518340153826608, other:0.97|1.00|0.98, company:1.00|0.88|0.94, address:1.00|0.92|0.96, date:1.00|0.67|0.80, total:0.99|0.56|0.72
epoch:438, loss: 0.05454998960097631, other:0.96|1.00|0.98, company:1.00|0.88|0.94, address:1.00|0.93|0.96, date:1.00|0.69|0.81, total:1.00|0.52|0.68
epoch:439, loss: 0.06228724025465824, other:0.96|1.00|0.98, company:1.00|0.90|0.94, address:1.00|0.92|0.96, date:1.00|0.66|0.80, total:0.99|0.52|0.68
epoch:440, loss: 0.0510261596214992, other:0.97|1.00|0.98, company:1.00|0.87|0.93, address:1.00|0.92|0.96, date:1.00|0.71|0.83, total:1.00|0.54|0.70
epoch:441, loss: 0.05507447115249104, other:0.96|1.00|0.98, company:1.00|0.89|0.94, address:1.00|0.91|0.95, date:1.00|0.65|0.79, total:1.00|0.52|0.68
epoch:442, loss: 0.054121654756643156, other:0.96|1.00|0.98, company:1.00|0.87|0.93, address:1.00|0.91|0.95, date:1.00|0.68|0.81, total:1.00|0.52|0.68
epoch:443, loss: 0.05845085517675788, other:0.96|1.00|0.98, company:1.00|0.88|0.94, address:1.00|0.91|0.95, date:1.00|0.69|0.81, total:1.00|0.53|0.69
epoch:444, loss: 0.06660578744830908, other:0.96|1.00|0.98, company:1.00|0.87|0.93, address:1.00|0.91|0.95, date:1.00|0.66|0.80, total:0.97|0.49|0.65
epoch:445, loss: 0.06170775479188672, other:0.96|1.00|0.98, company:0.99|0.90|0.94, address:1.00|0.92|0.96, date:1.00|0.70|0.82, total:0.99|0.49|0.65
epoch:446, loss: 0.053646137592969115, other:0.96|1.00|0.98, company:1.00|0.86|0.92, address:1.00|0.90|0.95, date:1.00|0.70|0.83, total:1.00|0.54|0.70
epoch:447, loss: 0.053929688339983975, other:0.97|1.00|0.98, company:1.00|0.88|0.93, address:1.00|0.92|0.96, date:1.00|0.70|0.83, total:1.00|0.54|0.70
epoch:448, loss: 0.05243532538965896, other:0.97|1.00|0.98, company:1.00|0.89|0.94, address:1.00|0.92|0.96, date:1.00|0.68|0.81, total:1.00|0.56|0.72
epoch:449, loss: 0.05249255012582849, other:0.96|1.00|0.98, company:1.00|0.86|0.92, address:1.00|0.92|0.95, date:1.00|0.67|0.80, total:0.99|0.57|0.72
epoch:450, loss: 0.05305286738331671, other:0.97|1.00|0.98, company:1.00|0.89|0.94, address:1.00|0.91|0.95, date:1.00|0.67|0.80, total:1.00|0.58|0.73
epoch:451, loss: 0.058505847636196345, other:0.96|1.00|0.98, company:1.00|0.89|0.94, address:1.00|0.92|0.95, date:1.00|0.71|0.83, total:1.00|0.48|0.65
epoch:452, loss: 0.052939171316447084, other:0.96|1.00|0.98, company:1.00|0.88|0.94, address:1.00|0.92|0.96, date:1.00|0.71|0.83, total:1.00|0.52|0.68
epoch:453, loss: 0.05382705245304991, other:0.97|1.00|0.98, company:1.00|0.88|0.94, address:1.00|0.93|0.96, date:1.00|0.70|0.82, total:0.99|0.56|0.72
epoch:454, loss: 0.04904713371285686, other:0.97|1.00|0.99, company:1.00|0.89|0.94, address:1.00|0.94|0.97, date:1.00|0.71|0.83, total:0.99|0.61|0.75
epoch:455, loss: 0.04917157655236898, other:0.97|1.00|0.98, company:1.00|0.89|0.94, address:1.00|0.91|0.95, date:1.00|0.72|0.84, total:0.99|0.60|0.74
epoch:456, loss: 0.06342417788174418, other:0.96|1.00|0.98, company:1.00|0.89|0.94, address:0.99|0.92|0.95, date:1.00|0.67|0.80, total:1.00|0.54|0.70
epoch:457, loss: 0.05388881238522353, other:0.97|1.00|0.98, company:1.00|0.88|0.93, address:1.00|0.93|0.96, date:1.00|0.72|0.84, total:0.99|0.54|0.70
epoch:458, loss: 0.05304223816427919, other:0.97|1.00|0.99, company:0.99|0.89|0.94, address:1.00|0.93|0.96, date:1.00|0.72|0.84, total:0.98|0.60|0.75
epoch:459, loss: 0.04994150941018705, other:0.97|1.00|0.98, company:1.00|0.88|0.94, address:1.00|0.94|0.97, date:1.00|0.69|0.82, total:0.99|0.56|0.72
epoch:460, loss: 0.05810831901099947, other:0.96|1.00|0.98, company:0.99|0.88|0.94, address:1.00|0.92|0.96, date:1.00|0.67|0.81, total:1.00|0.51|0.68
epoch:461, loss: 0.05092572496721038, other:0.96|1.00|0.98, company:1.00|0.88|0.93, address:1.00|0.93|0.96, date:1.00|0.71|0.83, total:1.00|0.53|0.69
epoch:462, loss: 0.07142280759634795, other:0.97|1.00|0.98, company:1.00|0.89|0.94, address:0.97|0.92|0.94, date:1.00|0.70|0.83, total:1.00|0.55|0.70
epoch:463, loss: 0.04886361356410715, other:0.97|1.00|0.98, company:1.00|0.89|0.94, address:1.00|0.93|0.96, date:1.00|0.69|0.81, total:1.00|0.61|0.75
epoch:464, loss: 0.05352938499439646, other:0.96|1.00|0.98, company:1.00|0.88|0.93, address:1.00|0.93|0.96, date:1.00|0.69|0.82, total:1.00|0.53|0.69
epoch:465, loss: 0.04759224097209948, other:0.97|1.00|0.98, company:1.00|0.88|0.94, address:1.00|0.93|0.96, date:1.00|0.73|0.84, total:0.99|0.58|0.74
epoch:466, loss: 0.05551847484376696, other:0.97|1.00|0.98, company:1.00|0.88|0.94, address:0.99|0.94|0.96, date:1.00|0.69|0.82, total:1.00|0.53|0.70
epoch:467, loss: 0.050783493314628246, other:0.97|1.00|0.98, company:1.00|0.89|0.94, address:1.00|0.93|0.96, date:1.00|0.69|0.81, total:0.99|0.56|0.72
epoch:468, loss: 0.047471492654747434, other:0.97|1.00|0.98, company:1.00|0.89|0.94, address:1.00|0.94|0.97, date:1.00|0.72|0.84, total:1.00|0.56|0.71
epoch:469, loss: 0.054237819656177806, other:0.96|1.00|0.98, company:1.00|0.89|0.94, address:0.99|0.93|0.96, date:1.00|0.69|0.82, total:1.00|0.52|0.68
epoch:470, loss: 0.056798171941880825, other:0.96|1.00|0.98, company:1.00|0.89|0.94, address:1.00|0.92|0.96, date:1.00|0.64|0.78, total:0.99|0.56|0.72
epoch:471, loss: 0.049198617675790084, other:0.97|1.00|0.98, company:1.00|0.89|0.94, address:1.00|0.93|0.96, date:1.00|0.72|0.84, total:1.00|0.55|0.71
epoch:472, loss: 0.050205213880097424, other:0.97|1.00|0.98, company:0.99|0.89|0.94, address:1.00|0.92|0.96, date:1.00|0.70|0.82, total:1.00|0.58|0.73
epoch:473, loss: 0.05519779488720276, other:0.97|1.00|0.98, company:0.99|0.89|0.94, address:1.00|0.91|0.96, date:1.00|0.70|0.82, total:0.99|0.57|0.72
epoch:474, loss: 0.04812823815478219, other:0.97|1.00|0.98, company:1.00|0.88|0.94, address:1.00|0.93|0.96, date:1.00|0.73|0.84, total:0.99|0.55|0.71
epoch:475, loss: 0.048777323492147306, other:0.97|1.00|0.98, company:1.00|0.88|0.93, address:1.00|0.93|0.96, date:1.00|0.71|0.83, total:1.00|0.55|0.71
epoch:476, loss: 0.05288229786135532, other:0.97|1.00|0.99, company:1.00|0.89|0.94, address:1.00|0.95|0.97, date:1.00|0.73|0.84, total:0.98|0.58|0.73
epoch:477, loss: 0.04946302995085716, other:0.97|1.00|0.98, company:1.00|0.89|0.94, address:1.00|0.94|0.97, date:1.00|0.71|0.83, total:1.00|0.57|0.72
epoch:478, loss: 0.04815932604725714, other:0.97|1.00|0.98, company:1.00|0.89|0.94, address:1.00|0.94|0.97, date:1.00|0.72|0.84, total:0.99|0.58|0.73
epoch:479, loss: 0.045915788453486234, other:0.97|1.00|0.98, company:1.00|0.87|0.93, address:1.00|0.94|0.97, date:1.00|0.71|0.83, total:1.00|0.59|0.74
epoch:480, loss: 0.05283092617712639, other:0.97|1.00|0.98, company:1.00|0.89|0.94, address:1.00|0.94|0.97, date:1.00|0.67|0.80, total:1.00|0.57|0.72
epoch:481, loss: 0.04754201260705789, other:0.97|1.00|0.99, company:1.00|0.90|0.94, address:1.00|0.94|0.97, date:1.00|0.76|0.86, total:1.00|0.59|0.74
epoch:482, loss: 0.04844963364303112, other:0.97|1.00|0.98, company:1.00|0.88|0.93, address:1.00|0.94|0.97, date:1.00|0.71|0.83, total:0.99|0.58|0.73
epoch:483, loss: 0.04691207519284001, other:0.97|1.00|0.98, company:1.00|0.89|0.94, address:1.00|0.94|0.97, date:1.00|0.68|0.81, total:0.99|0.59|0.74
epoch:484, loss: 0.04613986066370099, other:0.97|1.00|0.98, company:1.00|0.89|0.94, address:1.00|0.94|0.97, date:1.00|0.73|0.84, total:1.00|0.56|0.72
epoch:485, loss: 0.051826790182126894, other:0.97|1.00|0.98, company:1.00|0.89|0.94, address:0.99|0.93|0.96, date:1.00|0.72|0.84, total:1.00|0.57|0.73
epoch:486, loss: 0.04731713973537639, other:0.97|1.00|0.99, company:1.00|0.89|0.94, address:1.00|0.94|0.97, date:1.00|0.72|0.84, total:0.99|0.61|0.76
epoch:487, loss: 0.05157864838838577, other:0.97|1.00|0.98, company:1.00|0.89|0.94, address:1.00|0.94|0.97, date:1.00|0.74|0.85, total:1.00|0.54|0.70
epoch:488, loss: 0.04959245729777548, other:0.97|1.00|0.98, company:1.00|0.89|0.94, address:1.00|0.92|0.96, date:1.00|0.72|0.84, total:1.00|0.55|0.71
epoch:489, loss: 0.051371319909338596, other:0.97|1.00|0.98, company:1.00|0.90|0.95, address:1.00|0.94|0.97, date:1.00|0.69|0.82, total:1.00|0.55|0.71
epoch:490, loss: 0.04776002073453532, other:0.97|1.00|0.98, company:1.00|0.88|0.93, address:1.00|0.94|0.97, date:1.00|0.71|0.83, total:1.00|0.55|0.71
epoch:491, loss: 0.04716716244540833, other:0.97|1.00|0.98, company:1.00|0.90|0.94, address:1.00|0.93|0.96, date:1.00|0.69|0.82, total:1.00|0.57|0.73
epoch:492, loss: 0.0460327907844826, other:0.97|1.00|0.98, company:1.00|0.90|0.94, address:1.00|0.93|0.96, date:1.00|0.71|0.83, total:1.00|0.60|0.75
epoch:493, loss: 0.04709648030499617, other:0.97|1.00|0.98, company:1.00|0.90|0.95, address:1.00|0.93|0.96, date:1.00|0.70|0.82, total:0.99|0.60|0.75
epoch:494, loss: 0.04953481974425139, other:0.97|1.00|0.98, company:0.99|0.89|0.94, address:1.00|0.93|0.96, date:1.00|0.72|0.83, total:0.99|0.59|0.74
epoch:495, loss: 0.045898518076649415, other:0.97|1.00|0.98, company:1.00|0.89|0.94, address:1.00|0.93|0.96, date:1.00|0.71|0.83, total:1.00|0.59|0.74
epoch:496, loss: 0.044499806162935716, other:0.97|1.00|0.99, company:1.00|0.90|0.95, address:1.00|0.91|0.95, date:1.00|0.70|0.82, total:1.00|0.64|0.78
epoch:497, loss: 0.04658106776575247, other:0.97|1.00|0.98, company:1.00|0.87|0.93, address:1.00|0.93|0.96, date:1.00|0.72|0.83, total:1.00|0.59|0.74
epoch:498, loss: 0.05183817867051672, other:0.97|1.00|0.98, company:1.00|0.89|0.94, address:1.00|0.93|0.96, date:1.00|0.69|0.82, total:1.00|0.56|0.71
epoch:499, loss: 0.050741072813117946, other:0.97|1.00|0.98, company:1.00|0.84|0.91, address:1.00|0.94|0.97, date:1.00|0.75|0.86, total:0.99|0.57|0.73
epoch:500, loss: 0.04713948740175477, other:0.97|1.00|0.98, company:1.00|0.87|0.93, address:1.00|0.93|0.96, date:1.00|0.71|0.83, total:1.00|0.58|0.73
epoch:501, loss: 0.0444178764052965, other:0.97|1.00|0.98, company:1.00|0.89|0.94, address:1.00|0.94|0.97, date:1.00|0.75|0.86, total:0.99|0.57|0.72
epoch:502, loss: 0.04313234005261351, other:0.97|1.00|0.98, company:1.00|0.88|0.94, address:1.00|0.94|0.97, date:1.00|0.72|0.84, total:1.00|0.58|0.74
epoch:503, loss: 0.04760471082947872, other:0.97|1.00|0.99, company:1.00|0.90|0.94, address:0.99|0.93|0.96, date:1.00|0.73|0.84, total:1.00|0.60|0.75
epoch:504, loss: 0.04881655673185984, other:0.97|1.00|0.98, company:1.00|0.90|0.94, address:1.00|0.94|0.97, date:1.00|0.71|0.83, total:1.00|0.54|0.70
epoch:505, loss: 0.04199297105272611, other:0.97|1.00|0.98, company:1.00|0.88|0.94, address:1.00|0.93|0.97, date:1.00|0.72|0.84, total:1.00|0.59|0.74
epoch:506, loss: 0.042582057761373346, other:0.97|1.00|0.99, company:1.00|0.89|0.94, address:1.00|0.93|0.96, date:1.00|0.74|0.85, total:1.00|0.59|0.74
epoch:507, loss: 0.045111800302509907, other:0.97|1.00|0.98, company:1.00|0.89|0.94, address:1.00|0.92|0.96, date:1.00|0.71|0.83, total:0.99|0.57|0.72
epoch:508, loss: 0.04220994175584228, other:0.97|1.00|0.99, company:1.00|0.90|0.94, address:1.00|0.94|0.97, date:1.00|0.76|0.86, total:1.00|0.59|0.74
epoch:509, loss: 0.042486593748132385, other:0.97|1.00|0.99, company:1.00|0.90|0.95, address:1.00|0.94|0.97, date:1.00|0.73|0.84, total:1.00|0.58|0.73
epoch:510, loss: 0.04807206160492367, other:0.97|1.00|0.98, company:1.00|0.90|0.94, address:1.00|0.94|0.97, date:1.00|0.74|0.85, total:0.99|0.54|0.70
epoch:511, loss: 0.041088183996854, other:0.97|1.00|0.99, company:1.00|0.88|0.94, address:1.00|0.95|0.97, date:1.00|0.72|0.84, total:1.00|0.60|0.75
epoch:512, loss: 0.04030728374642355, other:0.97|1.00|0.99, company:1.00|0.90|0.95, address:1.00|0.94|0.97, date:1.00|0.76|0.86, total:1.00|0.59|0.74
epoch:513, loss: 0.04318202749170639, other:0.97|1.00|0.98, company:1.00|0.89|0.94, address:1.00|0.93|0.96, date:1.00|0.69|0.82, total:1.00|0.59|0.74
epoch:514, loss: 0.0446273156752189, other:0.97|1.00|0.99, company:0.99|0.89|0.94, address:1.00|0.93|0.96, date:1.00|0.72|0.84, total:1.00|0.60|0.75
epoch:515, loss: 0.043307497131603735, other:0.97|1.00|0.98, company:1.00|0.90|0.95, address:1.00|0.93|0.97, date:1.00|0.72|0.84, total:1.00|0.58|0.73
epoch:516, loss: 0.0397184199343125, other:0.97|1.00|0.99, company:1.00|0.88|0.94, address:1.00|0.94|0.97, date:1.00|0.75|0.86, total:1.00|0.63|0.77
epoch:517, loss: 0.045121411275532514, other:0.97|1.00|0.98, company:1.00|0.89|0.94, address:1.00|0.93|0.96, date:1.00|0.71|0.83, total:1.00|0.58|0.73
epoch:518, loss: 0.0476914718747139, other:0.97|1.00|0.98, company:1.00|0.90|0.95, address:1.00|0.93|0.96, date:1.00|0.75|0.86, total:1.00|0.56|0.72
epoch:519, loss: 0.0499940213781816, other:0.97|1.00|0.98, company:1.00|0.90|0.94, address:0.99|0.94|0.97, date:1.00|0.75|0.86, total:1.00|0.57|0.73
epoch:520, loss: 0.04086132913276001, other:0.97|1.00|0.99, company:1.00|0.89|0.94, address:1.00|0.93|0.97, date:1.00|0.72|0.84, total:1.00|0.63|0.77
epoch:521, loss: 0.045378557302885585, other:0.97|1.00|0.99, company:1.00|0.89|0.94, address:1.00|0.94|0.97, date:1.00|0.71|0.83, total:1.00|0.60|0.75
epoch:522, loss: 0.04219972763072561, other:0.97|1.00|0.99, company:1.00|0.90|0.95, address:1.00|0.94|0.97, date:1.00|0.72|0.84, total:1.00|0.58|0.74
epoch:523, loss: 0.04289980853597323, other:0.97|1.00|0.98, company:1.00|0.89|0.94, address:1.00|0.94|0.97, date:1.00|0.73|0.85, total:1.00|0.58|0.73
epoch:524, loss: 0.0463144421853401, other:0.97|1.00|0.99, company:1.00|0.90|0.95, address:1.00|0.95|0.97, date:1.00|0.74|0.85, total:1.00|0.57|0.73
epoch:525, loss: 0.04352425604506775, other:0.98|1.00|0.99, company:0.99|0.91|0.95, address:1.00|0.95|0.97, date:1.00|0.76|0.86, total:1.00|0.63|0.77
epoch:526, loss: 0.04300829078312273, other:0.97|1.00|0.99, company:1.00|0.90|0.95, address:1.00|0.93|0.96, date:1.00|0.74|0.85, total:1.00|0.61|0.75
epoch:527, loss: 0.039692316480256895, other:0.97|1.00|0.99, company:1.00|0.90|0.95, address:1.00|0.95|0.97, date:1.00|0.74|0.85, total:1.00|0.60|0.75
epoch:528, loss: 0.04191836562973482, other:0.97|1.00|0.98, company:1.00|0.89|0.94, address:1.00|0.93|0.96, date:1.00|0.72|0.84, total:1.00|0.59|0.74
epoch:529, loss: 0.04005237930902728, other:0.97|1.00|0.99, company:1.00|0.90|0.94, address:1.00|0.93|0.97, date:1.00|0.75|0.86, total:1.00|0.59|0.74
epoch:530, loss: 0.04123690275958291, other:0.97|1.00|0.99, company:1.00|0.88|0.94, address:1.00|0.94|0.97, date:1.00|0.73|0.85, total:1.00|0.59|0.74
epoch:531, loss: 0.040835568129464435, other:0.97|1.00|0.99, company:1.00|0.89|0.94, address:1.00|0.94|0.97, date:1.00|0.72|0.84, total:1.00|0.61|0.75
epoch:532, loss: 0.04283930830381535, other:0.97|1.00|0.98, company:1.00|0.88|0.94, address:1.00|0.94|0.97, date:1.00|0.69|0.82, total:1.00|0.57|0.72
epoch:533, loss: 0.04851286396108292, other:0.97|1.00|0.98, company:1.00|0.91|0.95, address:1.00|0.93|0.96, date:1.00|0.73|0.84, total:0.99|0.58|0.73
epoch:534, loss: 0.0427689487459483, other:0.97|1.00|0.99, company:1.00|0.90|0.95, address:1.00|0.95|0.97, date:1.00|0.73|0.84, total:1.00|0.61|0.76
epoch:535, loss: 0.04013677893413438, other:0.97|1.00|0.99, company:1.00|0.88|0.93, address:1.00|0.94|0.97, date:1.00|0.74|0.85, total:1.00|0.60|0.75
epoch:536, loss: 0.0473661406862515, other:0.97|1.00|0.98, company:1.00|0.88|0.94, address:1.00|0.93|0.96, date:1.00|0.68|0.81, total:0.99|0.58|0.73
epoch:537, loss: 0.04243370331823826, other:0.97|1.00|0.99, company:1.00|0.90|0.94, address:1.00|0.95|0.97, date:1.00|0.72|0.84, total:1.00|0.59|0.74
epoch:538, loss: 0.04813372709408954, other:0.97|1.00|0.98, company:1.00|0.90|0.94, address:1.00|0.95|0.97, date:1.00|0.74|0.85, total:1.00|0.55|0.71
epoch:539, loss: 0.047980414082606636, other:0.97|1.00|0.98, company:0.99|0.89|0.94, address:0.99|0.93|0.96, date:1.00|0.73|0.84, total:1.00|0.55|0.71
epoch:540, loss: 0.04351865645084116, other:0.97|1.00|0.98, company:1.00|0.90|0.95, address:1.00|0.95|0.97, date:1.00|0.73|0.84, total:1.00|0.57|0.72
epoch:541, loss: 0.04142642876616231, other:0.97|1.00|0.99, company:1.00|0.90|0.94, address:1.00|0.96|0.98, date:1.00|0.73|0.84, total:1.00|0.60|0.75
epoch:542, loss: 0.045004464547943185, other:0.97|1.00|0.99, company:1.00|0.90|0.94, address:1.00|0.94|0.97, date:1.00|0.72|0.84, total:1.00|0.60|0.75
epoch:543, loss: 0.04164731944048846, other:0.97|1.00|0.98, company:1.00|0.90|0.95, address:1.00|0.92|0.96, date:1.00|0.74|0.85, total:1.00|0.58|0.74
epoch:544, loss: 0.039543515968101996, other:0.97|1.00|0.99, company:1.00|0.88|0.94, address:1.00|0.93|0.96, date:1.00|0.75|0.86, total:1.00|0.60|0.75
epoch:545, loss: 0.035841351857891786, other:0.98|1.00|0.99, company:1.00|0.89|0.94, address:1.00|0.95|0.97, date:1.00|0.79|0.88, total:1.00|0.61|0.76
epoch:546, loss: 0.03873662015906087, other:0.97|1.00|0.99, company:1.00|0.90|0.94, address:1.00|0.96|0.98, date:1.00|0.76|0.86, total:1.00|0.59|0.74
epoch:547, loss: 0.042878989751140274, other:0.97|1.00|0.99, company:1.00|0.90|0.95, address:1.00|0.95|0.97, date:1.00|0.75|0.85, total:1.00|0.58|0.73
epoch:548, loss: 0.03880481318467193, other:0.97|1.00|0.99, company:1.00|0.91|0.95, address:1.00|0.95|0.98, date:1.00|0.74|0.85, total:1.00|0.58|0.73
epoch:549, loss: 0.03967190092360532, other:0.97|1.00|0.99, company:1.00|0.89|0.94, address:1.00|0.95|0.97, date:1.00|0.76|0.86, total:1.00|0.59|0.74
epoch:550, loss: 0.03985149606510445, other:0.97|1.00|0.99, company:1.00|0.91|0.95, address:1.00|0.94|0.97, date:1.00|0.72|0.84, total:1.00|0.61|0.76
epoch:551, loss: 0.04507064460604279, other:0.97|1.00|0.98, company:1.00|0.89|0.94, address:1.00|0.94|0.97, date:1.00|0.72|0.84, total:0.99|0.57|0.73
epoch:552, loss: 0.03837256216340595, other:0.97|1.00|0.99, company:1.00|0.92|0.96, address:1.00|0.94|0.97, date:1.00|0.76|0.86, total:1.00|0.59|0.74
epoch:553, loss: 0.03751363494881877, other:0.97|1.00|0.99, company:1.00|0.90|0.95, address:1.00|0.94|0.97, date:1.00|0.75|0.86, total:1.00|0.62|0.77
epoch:554, loss: 0.04083511074660001, other:0.97|1.00|0.99, company:1.00|0.90|0.94, address:1.00|0.94|0.97, date:1.00|0.74|0.85, total:0.99|0.64|0.78
epoch:555, loss: 0.045372930320876616, other:0.97|1.00|0.98, company:1.00|0.90|0.95, address:1.00|0.94|0.97, date:1.00|0.73|0.85, total:1.00|0.55|0.71
epoch:556, loss: 0.05027863831707725, other:0.97|1.00|0.99, company:1.00|0.89|0.94, address:1.00|0.95|0.97, date:1.00|0.74|0.85, total:0.97|0.58|0.72
epoch:557, loss: 0.03756544939069836, other:0.97|1.00|0.99, company:1.00|0.91|0.95, address:1.00|0.95|0.97, date:1.00|0.76|0.86, total:1.00|0.59|0.74
epoch:558, loss: 0.044982131432603906, other:0.97|1.00|0.99, company:1.00|0.91|0.95, address:0.99|0.95|0.97, date:1.00|0.74|0.85, total:0.99|0.59|0.74
epoch:559, loss: 0.04105545035390942, other:0.97|1.00|0.99, company:1.00|0.90|0.94, address:1.00|0.95|0.97, date:1.00|0.72|0.84, total:1.00|0.59|0.74
epoch:560, loss: 0.04810095999251913, other:0.98|1.00|0.99, company:0.99|0.91|0.95, address:0.98|0.94|0.96, date:1.00|0.76|0.87, total:1.00|0.65|0.79
epoch:561, loss: 0.03670077632974695, other:0.97|1.00|0.99, company:1.00|0.90|0.95, address:1.00|0.96|0.98, date:1.00|0.74|0.85, total:1.00|0.62|0.76
epoch:562, loss: 0.03979974378038336, other:0.98|1.00|0.99, company:1.00|0.90|0.95, address:1.00|0.95|0.97, date:1.00|0.78|0.88, total:1.00|0.61|0.76
epoch:563, loss: 0.037060097170372806, other:0.97|1.00|0.99, company:1.00|0.89|0.94, address:1.00|0.93|0.96, date:1.00|0.77|0.87, total:1.00|0.62|0.76
epoch:564, loss: 0.035595720909811834, other:0.98|1.00|0.99, company:1.00|0.90|0.95, address:1.00|0.94|0.97, date:1.00|0.77|0.87, total:1.00|0.68|0.81
epoch:565, loss: 0.03939261018402047, other:0.97|1.00|0.99, company:1.00|0.90|0.95, address:1.00|0.95|0.97, date:1.00|0.71|0.83, total:1.00|0.64|0.78
epoch:566, loss: 0.0410441680362931, other:0.97|1.00|0.99, company:1.00|0.92|0.95, address:1.00|0.94|0.97, date:1.00|0.72|0.84, total:1.00|0.62|0.76
epoch:567, loss: 0.03578113136744058, other:0.97|1.00|0.99, company:1.00|0.90|0.94, address:1.00|0.93|0.96, date:1.00|0.78|0.87, total:1.00|0.60|0.75
epoch:568, loss: 0.03612441169442954, other:0.97|1.00|0.99, company:1.00|0.89|0.94, address:1.00|0.95|0.97, date:1.00|0.75|0.86, total:1.00|0.62|0.76
epoch:569, loss: 0.04237345475013609, other:0.97|1.00|0.99, company:1.00|0.92|0.96, address:1.00|0.95|0.98, date:1.00|0.74|0.85, total:0.99|0.58|0.73
epoch:570, loss: 0.0366370448221763, other:0.97|1.00|0.99, company:1.00|0.89|0.94, address:1.00|0.92|0.96, date:1.00|0.78|0.88, total:1.00|0.59|0.74
epoch:571, loss: 0.041781687971066545, other:0.97|1.00|0.99, company:0.99|0.92|0.95, address:1.00|0.94|0.97, date:1.00|0.75|0.86, total:1.00|0.60|0.75
epoch:572, loss: 0.04664346375675113, other:0.97|1.00|0.99, company:1.00|0.90|0.94, address:0.99|0.94|0.97, date:1.00|0.72|0.84, total:1.00|0.61|0.76
epoch:573, loss: 0.0411875675673838, other:0.98|1.00|0.99, company:1.00|0.90|0.95, address:1.00|0.94|0.97, date:1.00|0.76|0.87, total:0.99|0.66|0.79
epoch:574, loss: 0.037796651047688944, other:0.97|1.00|0.99, company:1.00|0.91|0.95, address:1.00|0.94|0.97, date:1.00|0.75|0.86, total:1.00|0.62|0.77
epoch:575, loss: 0.037480314227717894, other:0.97|1.00|0.99, company:1.00|0.90|0.95, address:1.00|0.95|0.97, date:1.00|0.74|0.85, total:1.00|0.58|0.74
epoch:576, loss: 0.035912917306025825, other:0.98|1.00|0.99, company:1.00|0.90|0.95, address:1.00|0.95|0.97, date:1.00|0.75|0.86, total:1.00|0.65|0.79
epoch:577, loss: 0.036277668481623684, other:0.98|1.00|0.99, company:1.00|0.90|0.95, address:1.00|0.95|0.97, date:1.00|0.76|0.86, total:1.00|0.62|0.77
epoch:578, loss: 0.04145182538087721, other:0.97|1.00|0.99, company:1.00|0.92|0.96, address:1.00|0.94|0.97, date:1.00|0.77|0.87, total:1.00|0.56|0.72
epoch:579, loss: 0.0373533160460216, other:0.97|1.00|0.99, company:1.00|0.90|0.95, address:1.00|0.95|0.97, date:1.00|0.74|0.85, total:1.00|0.63|0.77
epoch:580, loss: 0.03673345326549477, other:0.98|1.00|0.99, company:1.00|0.91|0.95, address:1.00|0.94|0.97, date:1.00|0.75|0.86, total:1.00|0.65|0.79
epoch:581, loss: 0.0361949303359897, other:0.98|1.00|0.99, company:1.00|0.91|0.95, address:1.00|0.94|0.97, date:1.00|0.76|0.86, total:1.00|0.64|0.78
epoch:582, loss: 0.03468135468385838, other:0.98|1.00|0.99, company:1.00|0.91|0.95, address:1.00|0.95|0.97, date:1.00|0.78|0.88, total:1.00|0.61|0.76
epoch:583, loss: 0.035938018243070004, other:0.97|1.00|0.99, company:1.00|0.90|0.95, address:1.00|0.95|0.98, date:1.00|0.76|0.86, total:1.00|0.59|0.74
epoch:584, loss: 0.03531728498637676, other:0.97|1.00|0.99, company:1.00|0.91|0.95, address:1.00|0.95|0.98, date:1.00|0.78|0.88, total:1.00|0.60|0.75
epoch:585, loss: 0.03705811479853259, other:0.97|1.00|0.99, company:1.00|0.90|0.95, address:1.00|0.93|0.96, date:1.00|0.74|0.85, total:1.00|0.61|0.76
epoch:586, loss: 0.03507784353914084, other:0.98|1.00|0.99, company:1.00|0.91|0.95, address:1.00|0.95|0.98, date:1.00|0.82|0.90, total:1.00|0.60|0.75
epoch:587, loss: 0.0354632259932933, other:0.98|1.00|0.99, company:1.00|0.91|0.95, address:1.00|0.95|0.97, date:1.00|0.74|0.85, total:0.99|0.68|0.80
epoch:588, loss: 0.03794148778197942, other:0.97|1.00|0.99, company:1.00|0.92|0.96, address:1.00|0.95|0.97, date:1.00|0.72|0.83, total:1.00|0.64|0.78
epoch:589, loss: 0.036259958037623656, other:0.97|1.00|0.99, company:1.00|0.90|0.95, address:1.00|0.94|0.97, date:1.00|0.78|0.88, total:1.00|0.60|0.75
epoch:590, loss: 0.035775069837216976, other:0.97|1.00|0.99, company:1.00|0.91|0.95, address:1.00|0.95|0.97, date:1.00|0.74|0.85, total:1.00|0.62|0.77
epoch:591, loss: 0.038938876103471826, other:0.98|1.00|0.99, company:1.00|0.92|0.96, address:0.99|0.94|0.96, date:1.00|0.72|0.84, total:0.99|0.67|0.80
epoch:592, loss: 0.04013330268639105, other:0.97|1.00|0.99, company:1.00|0.90|0.94, address:1.00|0.95|0.97, date:1.00|0.75|0.86, total:0.99|0.61|0.76
epoch:593, loss: 0.036753836605283946, other:0.97|1.00|0.99, company:1.00|0.91|0.95, address:1.00|0.94|0.97, date:1.00|0.74|0.85, total:1.00|0.61|0.76
epoch:594, loss: 0.033790929036007986, other:0.98|1.00|0.99, company:1.00|0.91|0.95, address:1.00|0.94|0.97, date:1.00|0.78|0.88, total:1.00|0.66|0.79
epoch:595, loss: 0.03429060194779326, other:0.98|1.00|0.99, company:1.00|0.90|0.95, address:1.00|0.96|0.98, date:1.00|0.74|0.85, total:1.00|0.63|0.77
epoch:596, loss: 0.0327460513346725, other:0.98|1.00|0.99, company:1.00|0.91|0.95, address:1.00|0.95|0.98, date:1.00|0.77|0.87, total:1.00|0.65|0.79
epoch:597, loss: 0.033435220933622785, other:0.98|1.00|0.99, company:1.00|0.90|0.95, address:1.00|0.95|0.97, date:1.00|0.77|0.87, total:1.00|0.63|0.78
epoch:598, loss: 0.036558192085336755, other:0.97|1.00|0.99, company:1.00|0.90|0.95, address:1.00|0.95|0.97, date:1.00|0.74|0.85, total:1.00|0.60|0.75
epoch:599, loss: 0.03444820787343714, other:0.98|1.00|0.99, company:1.00|0.91|0.95, address:1.00|0.94|0.97, date:1.00|0.77|0.87, total:1.00|0.62|0.76
