epoch:300, loss: 0.01116729403535525, other:0.96|1.00|0.98, company:1.00|0.89|0.94, address:1.00|0.90|0.94, date:1.00|0.57|0.73, total:0.98|0.59|0.74
epoch:301, loss: 0.010049331423942931, other:0.95|1.00|0.97, company:1.00|0.90|0.94, address:1.00|0.84|0.91, date:1.00|0.49|0.66, total:0.99|0.60|0.75
epoch:302, loss: 0.007064317594523783, other:0.95|1.00|0.97, company:1.00|0.86|0.93, address:1.00|0.82|0.90, date:1.00|0.50|0.67, total:0.98|0.63|0.77
epoch:303, loss: 0.01090078226816668, other:0.95|1.00|0.97, company:1.00|0.89|0.94, address:1.00|0.78|0.87, date:1.00|0.51|0.68, total:0.99|0.60|0.74
epoch:304, loss: 0.021214724675734976, other:0.94|1.00|0.97, company:1.00|0.90|0.95, address:1.00|0.78|0.87, date:1.00|0.47|0.64, total:0.90|0.53|0.67
epoch:0, loss: 0.7140762055361712, other:1.00|0.90|0.94, company:0.00|0.00|0.00, address:0.06|0.52|0.11, date:0.00|0.00|0.00, total:0.00|0.00|0.00
epoch:1, loss: 0.33989497025807697, other:1.00|0.90|0.95, company:0.00|0.00|0.00, address:0.08|0.40|0.13, date:0.00|0.00|0.00, total:0.00|0.00|0.00
epoch:2, loss: 0.276290739024127, other:0.99|0.93|0.96, company:0.00|1.00|0.01, address:0.51|0.52|0.52, date:0.00|0.00|0.00, total:0.00|0.00|0.00
epoch:3, loss: 0.2450178497367435, other:0.99|0.94|0.96, company:0.33|0.88|0.48, address:0.66|0.62|0.64, date:0.00|0.00|0.00, total:0.00|0.00|0.00
epoch:4, loss: 0.22476763361030155, other:0.99|0.94|0.97, company:0.74|0.75|0.75, address:0.66|0.74|0.70, date:0.00|0.00|0.00, total:0.00|0.00|0.00
epoch:5, loss: 0.21049615023312745, other:0.99|0.95|0.97, company:0.70|0.89|0.78, address:0.76|0.74|0.75, date:0.00|0.00|0.00, total:0.00|0.00|0.00
epoch:6, loss: 0.19738859214164592, other:0.99|0.94|0.97, company:0.71|0.91|0.80, address:0.68|0.79|0.73, date:0.00|0.00|0.00, total:0.00|1.00|0.01
epoch:7, loss: 0.18657254455266176, other:0.99|0.95|0.97, company:0.80|0.88|0.84, address:0.79|0.79|0.79, date:0.03|0.72|0.06, total:0.01|1.00|0.02
epoch:8, loss: 0.1785541425148646, other:0.99|0.95|0.97, company:0.78|0.90|0.84, address:0.78|0.79|0.79, date:0.03|1.00|0.06, total:0.01|1.00|0.02
epoch:9, loss: 0.1766159379923785, other:0.98|0.95|0.97, company:0.82|0.89|0.86, address:0.89|0.72|0.80, date:0.07|0.92|0.14, total:0.02|0.88|0.04
epoch:10, loss: 0.16565991110271877, other:0.99|0.94|0.97, company:0.78|0.93|0.85, address:0.71|0.86|0.78, date:0.06|1.00|0.12, total:0.04|0.85|0.08
epoch:11, loss: 0.15615282814811776, other:0.99|0.95|0.97, company:0.81|0.91|0.86, address:0.81|0.85|0.83, date:0.09|0.96|0.16, total:0.06|0.84|0.11
epoch:12, loss: 0.14978942523399988, other:0.98|0.96|0.97, company:0.88|0.87|0.88, address:0.91|0.78|0.84, date:0.23|0.88|0.36, total:0.13|0.82|0.22
epoch:13, loss: 0.14216778261793983, other:0.99|0.95|0.97, company:0.84|0.90|0.87, address:0.83|0.87|0.85, date:0.17|0.96|0.29, total:0.12|0.86|0.22
epoch:14, loss: 0.1387564617174643, other:0.99|0.96|0.97, company:0.85|0.91|0.88, address:0.84|0.88|0.86, date:0.25|0.95|0.39, total:0.21|0.80|0.34
epoch:15, loss: 0.1370992856445136, other:0.99|0.96|0.97, company:0.84|0.91|0.87, address:0.80|0.92|0.86, date:0.25|0.96|0.40, total:0.16|0.79|0.27
epoch:16, loss: 0.14294002260322924, other:0.98|0.96|0.97, company:0.90|0.84|0.87, address:0.87|0.81|0.84, date:0.41|0.72|0.52, total:0.22|0.75|0.35
epoch:17, loss: 0.1356767451873532, other:0.98|0.96|0.97, company:0.91|0.85|0.88, address:0.90|0.78|0.84, date:0.28|0.95|0.43, total:0.19|0.87|0.32
epoch:18, loss: 0.13035457967608063, other:0.98|0.97|0.98, company:0.89|0.88|0.88, address:0.93|0.84|0.88, date:0.46|0.85|0.60, total:0.40|0.57|0.47
epoch:19, loss: 0.12437600007763615, other:0.99|0.96|0.98, company:0.81|0.94|0.87, address:0.78|0.89|0.83, date:0.36|0.96|0.52, total:0.26|0.80|0.39
epoch:20, loss: 0.12109983684840026, other:0.99|0.97|0.98, company:0.88|0.92|0.90, address:0.91|0.88|0.90, date:0.55|0.86|0.67, total:0.39|0.59|0.47
epoch:21, loss: 0.11159753578680533, other:0.99|0.97|0.98, company:0.87|0.94|0.90, address:0.90|0.89|0.90, date:0.54|0.87|0.66, total:0.20|0.86|0.33
epoch:22, loss: 0.10575211351668393, other:0.99|0.97|0.98, company:0.89|0.90|0.89, address:0.91|0.90|0.91, date:0.55|0.93|0.69, total:0.23|0.85|0.36
epoch:23, loss: 0.10562779671616024, other:0.99|0.97|0.98, company:0.91|0.88|0.89, address:0.88|0.92|0.90, date:0.54|0.94|0.69, total:0.35|0.74|0.48
epoch:24, loss: 0.11547909704623399, other:1.00|0.96|0.98, company:0.88|0.91|0.89, address:0.73|0.94|0.82, date:0.45|0.95|0.61, total:0.21|0.90|0.34
epoch:25, loss: 0.1025442999822122, other:0.99|0.97|0.98, company:0.92|0.89|0.90, address:0.91|0.93|0.92, date:0.66|0.88|0.76, total:0.18|0.97|0.31
epoch:26, loss: 0.10306739475991991, other:0.99|0.97|0.98, company:0.90|0.90|0.90, address:0.93|0.91|0.92, date:0.44|0.94|0.60, total:0.42|0.71|0.52
epoch:27, loss: 0.10550680839353138, other:0.98|0.97|0.98, company:0.91|0.89|0.90, address:0.86|0.93|0.89, date:0.63|0.92|0.75, total:0.56|0.55|0.55
epoch:28, loss: 0.0892751135483936, other:0.99|0.98|0.98, company:0.89|0.92|0.90, address:0.95|0.90|0.93, date:0.64|0.92|0.75, total:0.36|0.91|0.52
epoch:29, loss: 0.09806388506182918, other:0.99|0.97|0.98, company:0.93|0.89|0.91, address:0.90|0.95|0.92, date:0.62|0.94|0.75, total:0.13|0.98|0.23
epoch:30, loss: 0.09478582469401536, other:0.99|0.97|0.98, company:0.90|0.91|0.90, address:0.97|0.85|0.91, date:0.66|0.93|0.77, total:0.27|0.93|0.41
epoch:31, loss: 0.09727498088721875, other:0.99|0.97|0.98, company:0.80|0.95|0.87, address:0.89|0.83|0.86, date:0.68|0.90|0.78, total:0.29|0.89|0.44
epoch:32, loss: 0.08909246739414003, other:0.99|0.97|0.98, company:0.93|0.89|0.91, address:0.91|0.93|0.92, date:0.68|0.91|0.78, total:0.32|0.88|0.47
epoch:33, loss: 0.08725678865556363, other:0.99|0.97|0.98, company:0.92|0.89|0.90, address:0.92|0.93|0.93, date:0.73|0.89|0.80, total:0.25|0.96|0.40
epoch:34, loss: 0.08805627541409598, other:0.99|0.97|0.98, company:0.92|0.91|0.92, address:0.82|0.97|0.89, date:0.76|0.88|0.81, total:0.52|0.69|0.59
epoch:35, loss: 0.0932042129613735, other:0.98|0.99|0.98, company:0.95|0.88|0.91, address:0.93|0.92|0.93, date:0.72|0.85|0.78, total:0.76|0.52|0.62
epoch:36, loss: 0.09397461127351832, other:0.99|0.96|0.98, company:0.81|0.95|0.88, address:0.77|0.95|0.85, date:0.69|0.85|0.76, total:0.36|0.94|0.52
epoch:37, loss: 0.0853530194748331, other:0.98|0.98|0.98, company:0.87|0.95|0.91, address:0.95|0.88|0.91, date:0.80|0.80|0.80, total:0.60|0.69|0.64
epoch:38, loss: 0.09960529208183289, other:0.99|0.98|0.98, company:0.95|0.75|0.84, address:0.87|0.85|0.86, date:0.67|0.86|0.75, total:0.39|0.89|0.55
epoch:39, loss: 0.08977812238865429, other:0.99|0.98|0.98, company:0.85|0.95|0.90, address:0.97|0.85|0.91, date:0.77|0.88|0.82, total:0.21|0.98|0.34
epoch:40, loss: 0.07666238907862592, other:0.99|0.98|0.99, company:0.90|0.94|0.92, address:0.95|0.94|0.94, date:0.74|0.91|0.82, total:0.33|0.96|0.49
epoch:41, loss: 0.09083712294145867, other:0.98|0.99|0.98, company:0.95|0.85|0.90, address:0.96|0.86|0.91, date:0.81|0.74|0.77, total:0.66|0.71|0.68
epoch:42, loss: 0.08393121069228207, other:0.99|0.98|0.98, company:0.89|0.95|0.91, address:0.98|0.87|0.92, date:0.84|0.83|0.83, total:0.32|0.97|0.48
epoch:43, loss: 0.07232213172095793, other:0.99|0.98|0.99, company:0.90|0.93|0.92, address:0.92|0.95|0.93, date:0.79|0.91|0.84, total:0.37|0.96|0.53
epoch:44, loss: 0.07886480650416126, other:0.99|0.98|0.98, company:0.87|0.95|0.91, address:0.87|0.91|0.89, date:0.78|0.93|0.85, total:0.66|0.71|0.69
epoch:45, loss: 0.07384090843024077, other:0.99|0.98|0.99, company:0.95|0.88|0.92, address:0.94|0.96|0.95, date:0.84|0.88|0.86, total:0.30|0.99|0.46
epoch:46, loss: 0.0688038675321473, other:0.99|0.98|0.99, company:0.92|0.94|0.93, address:0.92|0.97|0.94, date:0.90|0.85|0.87, total:0.42|0.97|0.58
epoch:47, loss: 0.07069531552217624, other:0.99|0.98|0.99, company:0.92|0.93|0.93, address:0.88|0.96|0.92, date:0.90|0.82|0.86, total:0.37|0.98|0.54
epoch:48, loss: 0.08687863650697249, other:0.99|0.97|0.98, company:0.89|0.95|0.92, address:0.80|0.96|0.87, date:0.76|0.79|0.78, total:0.55|0.74|0.63
epoch:49, loss: 0.06677481007796747, other:0.99|0.99|0.99, company:0.93|0.94|0.93, address:0.97|0.94|0.96, date:0.82|0.87|0.84, total:0.60|0.77|0.68
epoch:50, loss: 0.07363178429228288, other:0.99|0.97|0.98, company:0.92|0.94|0.93, address:0.89|0.95|0.92, date:0.78|0.88|0.82, total:0.35|0.99|0.51
epoch:51, loss: 0.06462464398807949, other:0.99|0.98|0.99, company:0.96|0.90|0.93, address:0.95|0.93|0.94, date:0.74|0.97|0.84, total:0.47|0.96|0.63
epoch:52, loss: 0.0561480814660037, other:1.00|0.98|0.99, company:0.93|0.94|0.93, address:0.96|0.96|0.96, date:0.86|0.93|0.89, total:0.47|0.96|0.63
epoch:53, loss: 0.056868217471573085, other:0.99|0.98|0.99, company:0.94|0.93|0.94, address:0.96|0.96|0.96, date:0.88|0.90|0.89, total:0.41|0.99|0.58
epoch:54, loss: 0.07449419520519397, other:0.99|0.98|0.99, company:0.95|0.90|0.92, address:0.98|0.91|0.95, date:0.90|0.80|0.84, total:0.31|0.99|0.47
epoch:55, loss: 0.05346853410204252, other:0.99|0.99|0.99, company:0.95|0.91|0.93, address:0.96|0.97|0.97, date:0.90|0.92|0.91, total:0.59|0.89|0.71
epoch:56, loss: 0.06060141766512835, other:0.99|0.98|0.99, company:0.93|0.92|0.93, address:0.99|0.91|0.95, date:0.80|0.96|0.87, total:0.39|0.99|0.56
epoch:57, loss: 0.06345494505431917, other:0.99|0.98|0.99, company:0.94|0.92|0.93, address:0.98|0.90|0.94, date:0.75|0.95|0.84, total:0.47|0.93|0.63
epoch:58, loss: 0.06707213391308431, other:1.00|0.98|0.99, company:0.90|0.95|0.93, address:0.91|0.97|0.94, date:0.83|0.88|0.85, total:0.32|0.98|0.48
epoch:59, loss: 0.06097097501710609, other:0.99|0.99|0.99, company:0.91|0.95|0.93, address:0.99|0.87|0.92, date:0.89|0.88|0.88, total:0.47|0.99|0.64
epoch:60, loss: 0.077121509997933, other:0.98|0.99|0.98, company:0.95|0.84|0.89, address:0.92|0.89|0.90, date:0.86|0.80|0.83, total:0.57|0.81|0.67
epoch:61, loss: 0.06445187702775002, other:0.99|0.99|0.99, company:0.89|0.95|0.92, address:0.98|0.90|0.94, date:0.81|0.90|0.86, total:0.65|0.80|0.71
epoch:62, loss: 0.06259229737851355, other:0.99|0.98|0.99, company:0.92|0.95|0.93, address:0.99|0.89|0.94, date:0.78|0.94|0.85, total:0.49|0.94|0.64
epoch:63, loss: 0.06585256493201962, other:1.00|0.98|0.99, company:0.92|0.96|0.94, address:0.90|0.98|0.94, date:0.82|0.90|0.86, total:0.37|1.00|0.54
epoch:64, loss: 0.05555889617513727, other:0.99|0.99|0.99, company:0.96|0.92|0.94, address:0.95|0.97|0.96, date:0.94|0.84|0.89, total:0.53|0.97|0.69
epoch:65, loss: 0.05590223465804701, other:0.99|0.98|0.99, company:0.90|0.96|0.93, address:0.95|0.96|0.96, date:0.77|0.97|0.86, total:0.68|0.80|0.74
epoch:66, loss: 0.0511326163455292, other:0.99|0.98|0.99, company:0.96|0.91|0.93, address:0.96|0.97|0.96, date:0.82|0.95|0.88, total:0.55|0.94|0.69
epoch:67, loss: 0.05010187888035068, other:0.99|0.99|0.99, company:0.94|0.94|0.94, address:0.99|0.93|0.96, date:0.89|0.92|0.91, total:0.63|0.93|0.75
epoch:68, loss: 0.04907373690770732, other:1.00|0.98|0.99, company:0.92|0.96|0.94, address:0.96|0.98|0.97, date:0.75|0.99|0.85, total:0.58|0.98|0.72
epoch:69, loss: 0.048605991458451306, other:0.99|0.99|0.99, company:0.92|0.97|0.94, address:0.96|0.98|0.97, date:0.84|0.95|0.89, total:0.84|0.76|0.80
epoch:70, loss: 0.047898662862954314, other:0.99|0.99|0.99, company:0.96|0.95|0.95, address:0.97|0.94|0.95, date:0.81|0.98|0.89, total:0.66|0.94|0.78
epoch:71, loss: 0.04421792131055285, other:1.00|0.99|0.99, company:0.92|0.97|0.95, address:0.97|0.97|0.97, date:0.85|0.95|0.90, total:0.60|0.94|0.73
epoch:72, loss: 0.05229831583521984, other:0.99|0.98|0.99, company:0.92|0.97|0.94, address:0.94|0.97|0.96, date:0.78|0.96|0.86, total:0.71|0.79|0.75
epoch:73, loss: 0.050639934423897, other:1.00|0.98|0.99, company:0.97|0.92|0.94, address:0.96|0.98|0.97, date:0.91|0.96|0.93, total:0.42|0.99|0.59
epoch:74, loss: 0.04522759957170045, other:1.00|0.99|0.99, company:0.90|0.98|0.94, address:0.98|0.95|0.97, date:0.86|0.93|0.89, total:0.67|0.91|0.77
epoch:75, loss: 0.048036075162666815, other:1.00|0.98|0.99, company:0.90|0.98|0.94, address:0.97|0.94|0.95, date:0.87|0.95|0.91, total:0.51|0.98|0.67
epoch:76, loss: 0.05169742416452478, other:0.99|0.99|0.99, company:0.95|0.94|0.94, address:0.95|0.98|0.96, date:0.94|0.89|0.92, total:0.82|0.73|0.77
epoch:77, loss: 0.047876218195866654, other:0.99|0.99|0.99, company:0.96|0.95|0.95, address:0.99|0.94|0.97, date:0.97|0.83|0.90, total:0.76|0.82|0.79
epoch:78, loss: 0.04165213948322667, other:1.00|0.99|0.99, company:0.94|0.96|0.95, address:0.99|0.96|0.97, date:0.85|0.98|0.91, total:0.72|0.90|0.80
epoch:79, loss: 0.043140549764589024, other:0.99|0.99|0.99, company:0.97|0.93|0.95, address:0.99|0.96|0.97, date:0.93|0.90|0.92, total:0.72|0.82|0.77
epoch:80, loss: 0.055982387866135, other:0.99|0.98|0.99, company:0.96|0.95|0.96, address:0.99|0.93|0.96, date:0.91|0.92|0.91, total:0.39|0.98|0.56
epoch:81, loss: 0.03985571675002575, other:1.00|0.99|0.99, company:0.94|0.97|0.96, address:0.96|0.97|0.97, date:0.84|0.98|0.91, total:0.76|0.88|0.81
epoch:82, loss: 0.04370026193835117, other:0.99|0.99|0.99, company:0.97|0.95|0.96, address:1.00|0.97|0.98, date:0.96|0.87|0.91, total:0.77|0.76|0.76
epoch:83, loss: 0.03962451592087746, other:1.00|0.99|0.99, company:0.94|0.97|0.96, address:0.98|0.98|0.98, date:0.91|0.93|0.92, total:0.71|0.91|0.80
epoch:84, loss: 0.041258303034636706, other:0.99|0.99|0.99, company:0.96|0.95|0.96, address:0.99|0.96|0.98, date:0.89|0.96|0.92, total:0.82|0.76|0.79
epoch:85, loss: 0.037474605703243506, other:1.00|0.99|0.99, company:0.95|0.98|0.96, address:0.99|0.97|0.98, date:0.85|0.97|0.91, total:0.72|0.90|0.80
epoch:86, loss: 0.05278372626613687, other:0.99|0.99|0.99, company:0.87|0.99|0.93, address:0.94|0.99|0.97, date:0.91|0.87|0.89, total:0.91|0.67|0.77
epoch:87, loss: 0.041802140780621104, other:1.00|0.98|0.99, company:0.94|0.97|0.96, address:0.94|0.99|0.97, date:0.83|0.98|0.90, total:0.64|0.93|0.76
epoch:88, loss: 0.039792228697074786, other:1.00|0.99|0.99, company:0.93|0.96|0.95, address:0.98|0.94|0.96, date:0.92|0.95|0.93, total:0.60|1.00|0.75
epoch:89, loss: 0.04664945126407676, other:1.00|0.98|0.99, company:0.89|0.99|0.94, address:0.85|0.99|0.91, date:0.96|0.94|0.95, total:0.66|0.97|0.79
epoch:90, loss: 0.04098584709895982, other:1.00|0.99|0.99, company:0.87|0.99|0.93, address:0.94|0.98|0.96, date:0.84|0.99|0.91, total:0.76|0.90|0.83
epoch:91, loss: 0.05903695675509947, other:1.00|0.98|0.99, company:0.85|0.98|0.91, address:0.84|0.99|0.90, date:0.83|0.98|0.90, total:0.68|0.84|0.75
epoch:92, loss: 0.04634762479475251, other:0.99|0.99|0.99, company:0.97|0.91|0.94, address:0.99|0.94|0.97, date:0.87|0.94|0.90, total:0.60|0.94|0.73
epoch:93, loss: 0.03667540544712985, other:1.00|0.99|0.99, company:0.95|0.98|0.96, address:0.95|0.99|0.97, date:0.90|0.98|0.94, total:0.73|0.88|0.80
epoch:94, loss: 0.03998190343931869, other:0.99|0.99|0.99, company:0.94|0.98|0.96, address:0.98|0.99|0.98, date:0.96|0.91|0.94, total:0.71|0.84|0.77
epoch:95, loss: 0.039181816081206, other:0.99|0.99|0.99, company:0.97|0.96|0.97, address:0.99|0.96|0.97, date:0.94|0.92|0.93, total:0.66|0.94|0.78
epoch:96, loss: 0.05201548986412861, other:0.98|0.99|0.99, company:0.93|0.96|0.95, address:0.99|0.94|0.96, date:0.82|0.91|0.86, total:0.91|0.63|0.74
epoch:97, loss: 0.03886903401602198, other:1.00|0.99|0.99, company:0.97|0.94|0.95, address:0.96|0.99|0.97, date:0.89|0.96|0.92, total:0.70|0.91|0.80
epoch:98, loss: 0.03802794776856899, other:0.99|0.99|0.99, company:0.97|0.96|0.97, address:0.98|0.97|0.97, date:0.97|0.90|0.94, total:0.79|0.89|0.84
epoch:99, loss: 0.03762506003733034, other:1.00|0.99|0.99, company:0.97|0.96|0.96, address:0.97|0.98|0.98, date:0.95|0.90|0.93, total:0.66|0.97|0.79
epoch:100, loss: 0.03694377874058706, other:1.00|0.99|0.99, company:0.98|0.95|0.96, address:0.99|0.98|0.99, date:0.97|0.90|0.93, total:0.62|0.96|0.76
epoch:101, loss: 0.03397262765577546, other:1.00|0.99|0.99, company:0.97|0.97|0.97, address:0.98|0.99|0.98, date:0.91|0.96|0.94, total:0.79|0.85|0.82
epoch:102, loss: 0.03492471182511912, other:1.00|0.99|0.99, company:0.97|0.97|0.97, address:1.00|0.95|0.97, date:0.90|0.99|0.94, total:0.66|0.96|0.78
epoch:103, loss: 0.03727263191507922, other:0.99|0.99|0.99, company:0.97|0.96|0.96, address:0.98|0.97|0.97, date:0.98|0.87|0.92, total:0.74|0.92|0.82
epoch:104, loss: 0.03823291827683096, other:1.00|0.99|0.99, company:0.98|0.97|0.97, address:0.98|0.99|0.99, date:0.89|0.98|0.93, total:0.49|1.00|0.66
epoch:105, loss: 0.03176030247575707, other:1.00|0.99|0.99, company:0.97|0.98|0.97, address:0.98|0.99|0.99, date:0.94|0.94|0.94, total:0.66|0.95|0.78
epoch:106, loss: 0.030863203453244985, other:1.00|0.99|0.99, company:0.98|0.98|0.98, address:0.99|0.98|0.98, date:0.92|0.97|0.94, total:0.75|0.93|0.83
epoch:107, loss: 0.02610600201619996, other:1.00|1.00|1.00, company:0.98|0.97|0.97, address:1.00|0.98|0.99, date:0.98|0.95|0.96, total:0.88|0.89|0.89
epoch:108, loss: 0.027480834198218805, other:1.00|0.99|0.99, company:0.97|0.99|0.98, address:0.97|0.99|0.98, date:0.93|0.98|0.96, total:0.71|0.98|0.82
epoch:109, loss: 0.039858418275360706, other:1.00|0.98|0.99, company:0.91|0.99|0.95, address:0.89|0.99|0.94, date:0.84|0.98|0.90, total:0.68|0.96|0.80
epoch:110, loss: 0.03160099478231536, other:0.99|0.99|0.99, company:0.97|0.97|0.97, address:0.99|0.96|0.97, date:0.87|0.98|0.92, total:0.86|0.86|0.86
epoch:111, loss: 0.043213323724490625, other:0.99|0.99|0.99, company:0.97|0.95|0.96, address:0.98|0.91|0.95, date:0.85|0.95|0.90, total:0.80|0.91|0.85
epoch:112, loss: 0.039087005580465, other:0.99|0.99|0.99, company:0.98|0.96|0.97, address:0.99|0.95|0.97, date:0.91|0.90|0.90, total:0.68|0.91|0.78
epoch:113, loss: 0.030645907408109418, other:1.00|0.99|0.99, company:0.97|0.97|0.97, address:0.99|0.97|0.98, date:0.94|0.98|0.96, total:0.67|0.99|0.80
epoch:114, loss: 0.028989768483572535, other:1.00|0.99|0.99, company:0.98|0.96|0.97, address:0.98|0.99|0.99, date:0.88|0.99|0.93, total:0.86|0.89|0.87
epoch:115, loss: 0.027559511949894606, other:1.00|0.99|1.00, company:0.98|0.96|0.97, address:0.99|0.99|0.99, date:0.98|0.91|0.95, total:0.79|0.94|0.86
epoch:116, loss: 0.026814765676304145, other:1.00|0.99|0.99, company:0.98|0.97|0.98, address:1.00|0.98|0.99, date:0.98|0.95|0.96, total:0.67|0.99|0.80
epoch:117, loss: 0.03199315909296274, other:1.00|0.99|0.99, company:0.93|0.99|0.96, address:0.93|1.00|0.96, date:0.90|0.98|0.94, total:0.83|0.90|0.86
epoch:118, loss: 0.027109905422009802, other:1.00|0.99|1.00, company:0.95|0.99|0.97, address:0.99|0.97|0.98, date:0.95|0.96|0.95, total:0.84|0.90|0.87
epoch:119, loss: 0.03619879649745093, other:0.99|0.99|0.99, company:0.96|0.99|0.97, address:0.99|0.97|0.98, date:0.87|0.84|0.85, total:0.82|0.91|0.86
epoch:120, loss: 0.045573072163043196, other:1.00|0.99|0.99, company:0.95|0.97|0.96, address:0.97|0.98|0.98, date:0.93|0.87|0.90, total:0.53|0.98|0.69
epoch:121, loss: 0.034835626612658856, other:1.00|0.99|0.99, company:0.97|0.97|0.97, address:0.99|0.97|0.98, date:0.84|1.00|0.91, total:0.61|0.98|0.75
epoch:122, loss: 0.033170616944079044, other:1.00|0.99|0.99, company:0.95|0.98|0.97, address:0.98|0.97|0.97, date:0.85|0.98|0.91, total:0.70|0.97|0.81
epoch:123, loss: 0.02818565622523979, other:1.00|0.99|0.99, company:0.97|0.97|0.97, address:0.99|0.99|0.99, date:0.87|1.00|0.93, total:0.74|0.98|0.84
epoch:124, loss: 0.041504348110821515, other:0.99|1.00|0.99, company:0.97|0.97|0.97, address:0.99|0.98|0.98, date:0.99|0.73|0.84, total:0.88|0.87|0.88
epoch:125, loss: 0.026134457508171047, other:1.00|0.99|1.00, company:0.97|0.98|0.97, address:0.99|0.98|0.99, date:0.93|0.98|0.96, total:0.74|0.98|0.84
epoch:126, loss: 0.04689147137105465, other:0.99|0.99|0.99, company:0.99|0.92|0.95, address:1.00|0.85|0.92, date:0.97|0.91|0.94, total:0.74|0.96|0.83
epoch:127, loss: 0.039711676813938, other:1.00|0.99|0.99, company:0.96|0.96|0.96, address:0.97|0.99|0.98, date:0.78|0.95|0.86, total:0.72|0.92|0.81
epoch:128, loss: 0.028634950173673807, other:1.00|0.99|1.00, company:0.98|0.96|0.97, address:0.99|0.98|0.99, date:0.95|0.96|0.96, total:0.83|0.90|0.86
epoch:129, loss: 0.02991119723905016, other:0.99|1.00|0.99, company:0.97|0.98|0.97, address:0.98|1.00|0.99, date:0.97|0.91|0.94, total:0.88|0.85|0.87
epoch:130, loss: 0.02816750188530595, other:1.00|0.99|0.99, company:0.98|0.98|0.98, address:0.99|0.98|0.98, date:0.89|0.96|0.92, total:0.78|0.95|0.86
epoch:131, loss: 0.028136438034750796, other:0.99|1.00|1.00, company:0.99|0.95|0.97, address:0.99|0.99|0.99, date:0.98|0.92|0.95, total:0.83|0.91|0.87
epoch:132, loss: 0.023716663079405273, other:1.00|0.99|1.00, company:0.98|0.98|0.98, address:0.99|0.99|0.99, date:0.94|0.99|0.96, total:0.84|0.91|0.88
epoch:133, loss: 0.026506622597851134, other:1.00|0.99|0.99, company:0.97|0.99|0.98, address:0.99|1.00|0.99, date:0.94|0.98|0.96, total:0.76|0.90|0.83
epoch:134, loss: 0.03275034004063518, other:1.00|0.99|0.99, company:0.98|0.98|0.98, address:1.00|0.95|0.97, date:0.93|0.97|0.95, total:0.59|0.99|0.74
epoch:135, loss: 0.032971454646300385, other:1.00|0.99|0.99, company:0.99|0.94|0.97, address:0.98|0.97|0.97, date:0.95|0.96|0.96, total:0.59|0.99|0.74
epoch:136, loss: 0.0324954040762451, other:0.99|0.99|0.99, company:0.98|0.98|0.98, address:0.99|0.98|0.99, date:0.95|0.95|0.95, total:0.85|0.76|0.80
epoch:137, loss: 0.02814791110102777, other:0.99|1.00|0.99, company:0.98|0.98|0.98, address:1.00|0.98|0.99, date:0.92|0.98|0.95, total:0.91|0.79|0.85
epoch:138, loss: 0.02257167520346465, other:1.00|1.00|1.00, company:0.99|0.97|0.98, address:0.99|1.00|0.99, date:0.99|0.92|0.95, total:0.83|0.96|0.89
epoch:139, loss: 0.01930563845154312, other:1.00|1.00|1.00, company:0.98|0.99|0.98, address:0.99|0.99|0.99, date:1.00|0.95|0.97, total:0.85|0.96|0.90
epoch:140, loss: 0.021426468190771562, other:1.00|0.99|1.00, company:0.96|1.00|0.98, address:0.98|1.00|0.99, date:0.94|0.97|0.95, total:0.80|0.97|0.88
epoch:141, loss: 0.03231529277507906, other:0.99|0.99|0.99, company:0.99|0.97|0.98, address:0.99|0.99|0.99, date:0.87|0.87|0.87, total:0.77|0.92|0.84
epoch:142, loss: 0.033083464156974246, other:0.99|0.99|0.99, company:0.95|0.98|0.96, address:0.95|0.96|0.96, date:0.95|0.93|0.94, total:0.90|0.80|0.85
epoch:143, loss: 0.028532211116894527, other:1.00|0.99|0.99, company:0.97|0.98|0.98, address:0.99|0.97|0.98, date:0.93|0.97|0.95, total:0.81|0.91|0.86
epoch:144, loss: 0.049256787462918845, other:0.99|0.99|0.99, company:0.97|0.97|0.97, address:0.96|1.00|0.98, date:0.94|0.75|0.84, total:0.64|0.96|0.76
epoch:145, loss: 0.028913763558699027, other:1.00|0.99|0.99, company:0.99|0.96|0.97, address:0.99|0.98|0.99, date:0.95|0.97|0.96, total:0.64|0.99|0.78
epoch:146, loss: 0.030537294396371754, other:0.99|1.00|0.99, company:0.98|0.96|0.97, address:0.99|0.93|0.96, date:0.99|0.94|0.96, total:0.90|0.88|0.89
epoch:147, loss: 0.024237507367851557, other:1.00|0.99|1.00, company:0.97|0.97|0.97, address:0.99|0.98|0.98, date:0.94|0.95|0.94, total:0.84|0.95|0.89
epoch:148, loss: 0.02524048641875938, other:1.00|0.99|1.00, company:0.97|0.99|0.98, address:0.98|1.00|0.99, date:0.86|1.00|0.93, total:0.76|0.98|0.86
epoch:149, loss: 0.023021471134766384, other:1.00|0.99|1.00, company:0.96|1.00|0.98, address:0.99|1.00|0.99, date:0.94|0.98|0.96, total:0.72|0.98|0.83
epoch:150, loss: 0.0246347867090393, other:1.00|1.00|1.00, company:0.98|0.98|0.98, address:0.99|0.99|0.99, date:0.99|0.92|0.95, total:0.83|0.92|0.87
epoch:151, loss: 0.026802922943951906, other:1.00|0.99|0.99, company:0.95|0.99|0.97, address:0.99|0.99|0.99, date:0.95|0.93|0.94, total:0.79|0.94|0.86
epoch:152, loss: 0.031172682013776567, other:0.99|1.00|0.99, company:0.99|0.95|0.97, address:1.00|0.96|0.98, date:0.98|0.88|0.93, total:0.84|0.92|0.88
epoch:153, loss: 0.02401266792030246, other:1.00|0.99|1.00, company:0.95|0.99|0.97, address:0.99|0.99|0.99, date:0.88|0.99|0.93, total:0.77|0.97|0.86
epoch:154, loss: 0.020249840320536384, other:1.00|1.00|1.00, company:0.98|1.00|0.99, address:0.99|0.99|0.99, date:0.97|0.95|0.96, total:0.92|0.91|0.92
epoch:155, loss: 0.020134144065970624, other:1.00|1.00|1.00, company:0.99|0.96|0.98, address:1.00|0.98|0.99, date:0.97|0.96|0.97, total:0.87|0.96|0.91
epoch:156, loss: 0.026880244448505067, other:1.00|0.99|0.99, company:0.99|0.93|0.96, address:0.99|0.99|0.99, date:0.95|0.95|0.95, total:0.81|0.92|0.86
epoch:157, loss: 0.03152160767327856, other:0.99|0.99|0.99, company:0.96|0.98|0.97, address:0.98|0.99|0.98, date:0.95|0.88|0.91, total:0.81|0.91|0.86
epoch:158, loss: 0.02453431731986779, other:1.00|1.00|1.00, company:0.98|0.99|0.99, address:0.99|0.99|0.99, date:0.95|0.90|0.92, total:0.85|0.94|0.89
epoch:159, loss: 0.021666517101780133, other:1.00|0.99|1.00, company:0.99|0.99|0.99, address:1.00|0.99|0.99, date:0.99|0.92|0.95, total:0.74|1.00|0.85
epoch:160, loss: 0.017804778612184304, other:1.00|1.00|1.00, company:0.98|0.99|0.99, address:1.00|0.99|0.99, date:0.97|0.98|0.98, total:0.90|0.93|0.91
epoch:161, loss: 0.023996526237439225, other:1.00|0.99|0.99, company:0.99|0.98|0.98, address:1.00|0.98|0.99, date:0.98|0.96|0.97, total:0.64|0.99|0.78
epoch:162, loss: 0.03118895408180025, other:0.99|1.00|0.99, company:0.96|0.99|0.98, address:0.99|0.99|0.99, date:0.97|0.97|0.97, total:0.91|0.74|0.82
epoch:163, loss: 0.026996124846239884, other:1.00|0.99|0.99, company:0.99|0.96|0.97, address:1.00|0.96|0.98, date:0.94|0.99|0.96, total:0.74|0.96|0.84
epoch:164, loss: 0.025780485322078068, other:1.00|0.99|1.00, company:0.96|1.00|0.98, address:0.97|0.99|0.98, date:0.95|0.98|0.97, total:0.78|0.94|0.85
epoch:165, loss: 0.02687978485806121, other:1.00|0.99|0.99, company:0.98|0.98|0.98, address:0.96|1.00|0.98, date:0.89|0.99|0.94, total:0.74|0.94|0.83
epoch:166, loss: 0.01839454044346456, other:1.00|1.00|1.00, company:0.99|0.96|0.98, address:1.00|0.99|0.99, date:0.97|0.99|0.98, total:0.82|0.98|0.89
epoch:167, loss: 0.022377062968357845, other:1.00|0.99|1.00, company:0.96|1.00|0.98, address:1.00|0.99|0.99, date:0.99|0.96|0.97, total:0.71|0.98|0.83
epoch:168, loss: 0.02252954941380907, other:1.00|0.99|1.00, company:0.99|0.97|0.98, address:0.99|0.98|0.99, date:0.88|0.99|0.93, total:0.86|0.97|0.91
epoch:169, loss: 0.01857977037973426, other:1.00|1.00|1.00, company:0.98|0.98|0.98, address:1.00|0.98|0.99, date:0.98|0.98|0.98, total:0.87|0.96|0.92
epoch:170, loss: 0.017547135775977815, other:1.00|1.00|1.00, company:0.98|0.99|0.98, address:1.00|0.99|0.99, date:0.97|0.99|0.98, total:0.87|0.96|0.92
epoch:171, loss: 0.018503370073934395, other:1.00|1.00|1.00, company:0.99|0.99|0.99, address:0.99|1.00|1.00, date:0.98|0.98|0.98, total:0.88|0.91|0.89
epoch:172, loss: 0.020597919925219484, other:1.00|0.99|1.00, company:0.98|0.99|0.98, address:0.98|1.00|0.99, date:0.96|0.95|0.95, total:0.80|0.98|0.88
epoch:173, loss: 0.024366776493412477, other:1.00|0.99|1.00, company:0.96|0.98|0.97, address:0.96|0.99|0.98, date:0.96|0.98|0.97, total:0.86|0.91|0.89
epoch:174, loss: 0.019966862302411487, other:1.00|1.00|1.00, company:0.98|0.97|0.97, address:0.99|0.99|0.99, date:0.99|0.95|0.97, total:0.93|0.91|0.92
epoch:175, loss: 0.017367854162498756, other:1.00|0.99|1.00, company:0.99|0.99|0.99, address:1.00|1.00|1.00, date:0.95|0.99|0.97, total:0.79|1.00|0.88
epoch:176, loss: 0.01649622820938627, other:1.00|0.99|1.00, company:0.98|1.00|0.99, address:1.00|1.00|1.00, date:0.97|0.98|0.98, total:0.80|0.97|0.88
epoch:177, loss: 0.022449550529321034, other:1.00|0.99|1.00, company:0.99|0.99|0.99, address:1.00|0.99|0.99, date:0.89|0.95|0.92, total:0.74|0.99|0.85
epoch:178, loss: 0.030194456654566305, other:0.99|1.00|0.99, company:0.99|0.95|0.97, address:0.99|0.95|0.97, date:0.98|0.91|0.94, total:0.83|0.90|0.86
epoch:179, loss: 0.02637492879121392, other:1.00|0.99|0.99, company:0.99|0.97|0.98, address:0.98|0.98|0.98, date:0.85|0.99|0.92, total:0.85|0.93|0.89
epoch:180, loss: 0.024579468148726004, other:1.00|0.99|1.00, company:0.98|0.98|0.98, address:0.98|0.99|0.98, date:0.97|0.92|0.94, total:0.87|0.95|0.91
epoch:181, loss: 0.02189442881003574, other:1.00|1.00|1.00, company:0.99|0.96|0.97, address:0.99|0.98|0.99, date:0.99|0.93|0.96, total:0.89|0.95|0.92
epoch:182, loss: 0.02060606027090991, other:1.00|0.99|1.00, company:0.98|0.98|0.98, address:0.98|1.00|0.99, date:0.94|0.99|0.96, total:0.79|0.97|0.87
epoch:183, loss: 0.01578041128124352, other:1.00|1.00|1.00, company:0.98|0.99|0.99, address:1.00|0.99|0.99, date:0.99|0.96|0.98, total:0.91|0.96|0.93
epoch:184, loss: 0.015377435453787999, other:1.00|1.00|1.00, company:0.99|0.99|0.99, address:0.99|0.99|0.99, date:0.99|0.99|0.99, total:0.92|0.93|0.92
epoch:185, loss: 0.02321565641021287, other:0.99|1.00|1.00, company:0.98|0.97|0.97, address:1.00|0.95|0.97, date:0.98|0.93|0.95, total:0.92|0.91|0.91
epoch:186, loss: 0.0153040187433362, other:1.00|1.00|1.00, company:0.99|0.99|0.99, address:0.97|1.00|0.99, date:0.98|0.98|0.98, total:0.90|0.97|0.93
epoch:187, loss: 0.015785177419376042, other:1.00|1.00|1.00, company:0.98|0.98|0.98, address:1.00|0.99|0.99, date:0.99|0.97|0.98, total:0.85|0.97|0.91
epoch:188, loss: 0.017181259226398887, other:1.00|1.00|1.00, company:0.98|0.95|0.97, address:1.00|0.97|0.99, date:0.97|0.99|0.98, total:0.89|0.97|0.93
epoch:189, loss: 0.018256357905489427, other:1.00|1.00|1.00, company:0.99|0.98|0.99, address:1.00|0.99|0.99, date:0.99|0.94|0.96, total:0.83|0.96|0.89
epoch:190, loss: 0.028513220414795256, other:1.00|0.99|0.99, company:1.00|0.90|0.94, address:0.95|1.00|0.97, date:0.95|0.91|0.93, total:0.85|0.94|0.89
epoch:191, loss: 0.034896113737313834, other:0.99|0.99|0.99, company:0.93|0.99|0.96, address:0.97|0.99|0.98, date:0.83|0.90|0.87, total:0.86|0.85|0.85
epoch:192, loss: 0.022738132591324824, other:1.00|1.00|1.00, company:0.95|0.99|0.97, address:0.99|0.99|0.99, date:0.93|0.97|0.95, total:0.91|0.91|0.91
epoch:193, loss: 0.017679793139298756, other:1.00|1.00|1.00, company:0.99|0.96|0.97, address:1.00|0.98|0.99, date:0.98|0.98|0.98, total:0.91|0.95|0.93
epoch:194, loss: 0.01709352024934358, other:1.00|1.00|1.00, company:0.97|1.00|0.98, address:0.98|1.00|0.99, date:0.97|0.98|0.97, total:0.91|0.95|0.93
epoch:195, loss: 0.0238766198012012, other:0.99|1.00|0.99, company:0.99|0.97|0.98, address:0.99|0.95|0.97, date:0.94|0.99|0.96, total:0.87|0.89|0.88
epoch:196, loss: 0.014768419890767999, other:1.00|1.00|1.00, company:0.99|0.99|0.99, address:0.98|1.00|0.99, date:0.98|0.98|0.98, total:0.92|0.97|0.94
epoch:197, loss: 0.015252319544001861, other:1.00|1.00|1.00, company:0.99|0.97|0.98, address:0.99|0.99|0.99, date:0.99|0.96|0.97, total:0.89|0.99|0.94
epoch:198, loss: 0.01430741410392026, other:1.00|1.00|1.00, company:0.99|0.99|0.99, address:0.99|1.00|0.99, date:0.99|0.97|0.98, total:0.95|0.92|0.93
epoch:199, loss: 0.01654759452988704, other:1.00|1.00|1.00, company:0.99|0.97|0.98, address:0.98|0.99|0.99, date:0.94|0.98|0.96, total:0.88|0.98|0.93
epoch:200, loss: 0.020460644150497736, other:1.00|1.00|1.00, company:0.98|0.97|0.97, address:0.98|0.99|0.99, date:0.98|0.93|0.96, total:0.84|0.97|0.90
epoch:201, loss: 0.0182706868638181, other:1.00|1.00|1.00, company:0.99|0.96|0.97, address:1.00|0.99|0.99, date:0.98|0.93|0.96, total:0.90|0.94|0.92
epoch:202, loss: 0.015070620872494247, other:1.00|1.00|1.00, company:0.99|0.98|0.98, address:1.00|1.00|1.00, date:0.97|0.98|0.98, total:0.89|0.96|0.92
epoch:203, loss: 0.014448280377244507, other:1.00|1.00|1.00, company:0.98|0.99|0.99, address:1.00|0.99|0.99, date:0.96|0.99|0.97, total:0.91|0.97|0.94
epoch:204, loss: 0.014401224631540201, other:1.00|1.00|1.00, company:0.98|1.00|0.99, address:0.99|1.00|1.00, date:0.98|0.99|0.99, total:0.84|0.97|0.90
epoch:205, loss: 0.014169125403794978, other:1.00|1.00|1.00, company:0.99|0.97|0.98, address:1.00|0.99|0.99, date:0.99|0.96|0.98, total:0.92|0.95|0.93
epoch:206, loss: 0.013078608058599962, other:1.00|1.00|1.00, company:0.98|1.00|0.99, address:1.00|1.00|1.00, date:0.99|0.99|0.99, total:0.96|0.94|0.95
epoch:207, loss: 0.020223349505276593, other:1.00|0.99|1.00, company:0.93|1.00|0.96, address:1.00|0.97|0.98, date:0.95|0.98|0.96, total:0.80|0.98|0.88
epoch:208, loss: 0.027262865738184365, other:1.00|0.99|0.99, company:0.89|1.00|0.94, address:0.92|1.00|0.95, date:0.94|0.99|0.96, total:0.90|0.92|0.91
epoch:209, loss: 0.018698314515252907, other:1.00|0.99|1.00, company:0.98|0.99|0.99, address:0.99|0.99|0.99, date:1.00|0.98|0.99, total:0.75|1.00|0.86
epoch:210, loss: 0.01272855431738275, other:1.00|1.00|1.00, company:0.98|1.00|0.99, address:1.00|0.98|0.99, date:0.99|0.99|0.99, total:0.89|1.00|0.94
epoch:211, loss: 0.01092791415888954, other:1.00|1.00|1.00, company:0.99|0.99|0.99, address:0.99|1.00|0.99, date:0.99|0.99|0.99, total:0.91|0.99|0.95
epoch:212, loss: 0.012255038747012063, other:1.00|1.00|1.00, company:0.99|0.99|0.99, address:1.00|1.00|1.00, date:1.00|0.96|0.98, total:0.95|0.94|0.94
epoch:213, loss: 0.011733140813669673, other:1.00|1.00|1.00, company:0.99|0.99|0.99, address:1.00|1.00|1.00, date:0.98|1.00|0.99, total:0.84|0.99|0.91
epoch:214, loss: 0.008868765862037739, other:1.00|1.00|1.00, company:0.99|1.00|0.99, address:1.00|1.00|1.00, date:0.99|0.98|0.99, total:0.94|0.99|0.96
epoch:215, loss: 0.011265590804180613, other:1.00|1.00|1.00, company:0.99|0.99|0.99, address:0.99|1.00|1.00, date:0.98|0.97|0.97, total:0.93|0.98|0.95
epoch:216, loss: 0.021592187419257784, other:0.99|1.00|1.00, company:0.99|0.95|0.97, address:1.00|0.98|0.99, date:0.92|0.89|0.90, total:0.93|0.96|0.94
epoch:217, loss: 0.017464979258538398, other:1.00|0.99|1.00, company:0.99|0.99|0.99, address:0.99|1.00|0.99, date:0.96|0.96|0.96, total:0.82|0.99|0.89
epoch:218, loss: 0.019477658008259756, other:1.00|0.99|1.00, company:0.99|0.99|0.99, address:0.99|1.00|0.99, date:0.90|0.98|0.94, total:0.86|0.96|0.91
epoch:219, loss: 0.02400372177362442, other:1.00|0.99|0.99, company:0.98|0.98|0.98, address:0.95|1.00|0.97, date:0.95|0.91|0.93, total:0.87|0.95|0.91
epoch:220, loss: 0.018701670449916965, other:1.00|0.99|1.00, company:0.99|0.98|0.99, address:0.99|0.99|0.99, date:0.93|0.97|0.95, total:0.79|1.00|0.88
epoch:221, loss: 0.015862745163893258, other:1.00|1.00|1.00, company:0.99|0.98|0.99, address:1.00|0.98|0.99, date:0.95|0.99|0.97, total:0.84|0.99|0.91
epoch:222, loss: 0.018023979056764533, other:1.00|1.00|1.00, company:0.98|0.99|0.99, address:1.00|0.99|1.00, date:0.97|0.95|0.96, total:0.89|0.90|0.90
epoch:223, loss: 0.01374341456943916, other:1.00|1.00|1.00, company:0.99|0.99|0.99, address:1.00|0.99|0.99, date:0.96|0.98|0.97, total:0.89|0.97|0.93
epoch:224, loss: 0.01510926917264307, other:1.00|1.00|1.00, company:0.99|0.99|0.99, address:1.00|0.99|1.00, date:0.97|0.99|0.98, total:0.95|0.90|0.92
epoch:225, loss: 0.012585690072565167, other:1.00|1.00|1.00, company:0.99|1.00|0.99, address:1.00|1.00|1.00, date:0.99|0.99|0.99, total:0.82|1.00|0.90
epoch:226, loss: 0.010361862722439346, other:1.00|1.00|1.00, company:0.99|1.00|0.99, address:1.00|1.00|1.00, date:0.98|0.98|0.98, total:0.95|0.96|0.95
epoch:227, loss: 0.013198668145816083, other:1.00|1.00|1.00, company:0.99|0.98|0.99, address:1.00|0.98|0.99, date:1.00|0.96|0.98, total:0.89|0.99|0.94
epoch:228, loss: 0.011722043380831127, other:1.00|1.00|1.00, company:0.98|1.00|0.99, address:1.00|1.00|1.00, date:0.99|0.98|0.99, total:0.92|0.96|0.94
epoch:229, loss: 0.011393743411948284, other:1.00|1.00|1.00, company:0.99|0.99|0.99, address:1.00|0.99|1.00, date:0.97|1.00|0.98, total:0.86|1.00|0.93
epoch:230, loss: 0.012678603115664036, other:1.00|1.00|1.00, company:0.98|0.99|0.98, address:0.99|1.00|0.99, date:0.99|0.98|0.98, total:0.89|0.98|0.93
epoch:231, loss: 0.01432637870311737, other:1.00|1.00|1.00, company:0.98|0.99|0.99, address:0.99|1.00|1.00, date:0.96|0.98|0.97, total:0.84|0.99|0.91
epoch:232, loss: 0.01496706444218203, other:1.00|1.00|1.00, company:0.98|0.99|0.99, address:0.99|1.00|0.99, date:1.00|0.94|0.97, total:0.88|0.98|0.93
epoch:233, loss: 0.01183821198840936, other:1.00|1.00|1.00, company:0.98|1.00|0.99, address:1.00|0.99|0.99, date:1.00|0.97|0.98, total:0.95|0.93|0.94
epoch:234, loss: 0.010435487109201926, other:1.00|1.00|1.00, company:0.99|1.00|0.99, address:0.99|1.00|1.00, date:0.98|0.99|0.99, total:0.94|0.95|0.95
epoch:235, loss: 0.012558980931148486, other:1.00|1.00|1.00, company:1.00|0.99|0.99, address:1.00|1.00|1.00, date:1.00|0.99|1.00, total:0.98|0.88|0.92
epoch:236, loss: 0.018918674646152392, other:1.00|0.99|1.00, company:0.98|1.00|0.99, address:1.00|0.99|0.99, date:0.94|1.00|0.97, total:0.74|0.97|0.84
epoch:237, loss: 0.014920015560670031, other:1.00|1.00|1.00, company:0.99|0.99|0.99, address:0.98|1.00|0.99, date:1.00|0.98|0.99, total:0.82|0.98|0.90
epoch:238, loss: 0.012576901647089809, other:1.00|1.00|1.00, company:1.00|0.99|0.99, address:1.00|1.00|1.00, date:0.99|0.99|0.99, total:0.81|1.00|0.90
epoch:239, loss: 0.01599705117513184, other:1.00|1.00|1.00, company:0.99|0.97|0.98, address:1.00|0.98|0.99, date:0.97|0.99|0.98, total:0.83|0.96|0.89
epoch:240, loss: 0.02482853547014572, other:1.00|0.99|0.99, company:0.99|0.97|0.98, address:1.00|0.98|0.99, date:0.99|0.94|0.96, total:0.66|0.98|0.79
epoch:241, loss: 0.01853235500554244, other:1.00|0.99|1.00, company:0.98|1.00|0.99, address:0.99|0.99|0.99, date:0.96|0.98|0.97, total:0.79|0.98|0.87
epoch:242, loss: 0.0478026709622807, other:0.98|1.00|0.99, company:1.00|0.93|0.96, address:1.00|0.92|0.96, date:0.99|0.71|0.83, total:0.88|0.88|0.88
epoch:243, loss: 0.0576245570210395, other:0.99|0.99|0.99, company:0.89|1.00|0.94, address:1.00|0.80|0.89, date:0.80|0.94|0.86, total:0.78|0.96|0.86
epoch:244, loss: 0.023806182840080174, other:1.00|0.99|1.00, company:0.97|0.98|0.98, address:0.97|0.99|0.98, date:0.91|0.99|0.95, total:0.79|0.98|0.88
epoch:245, loss: 0.018044519617601677, other:1.00|0.99|1.00, company:0.97|0.99|0.98, address:0.99|1.00|0.99, date:0.97|0.97|0.97, total:0.81|0.98|0.89
epoch:246, loss: 0.014438497402739746, other:1.00|1.00|1.00, company:0.99|0.99|0.99, address:1.00|0.99|0.99, date:0.99|0.99|0.99, total:0.82|1.00|0.90
epoch:247, loss: 0.013783177309152152, other:1.00|1.00|1.00, company:0.96|1.00|0.98, address:0.99|0.99|0.99, date:0.97|0.99|0.98, total:0.95|0.97|0.96
epoch:248, loss: 0.014344558688915439, other:1.00|1.00|1.00, company:0.99|0.99|0.99, address:1.00|1.00|1.00, date:0.97|1.00|0.98, total:0.83|1.00|0.90
epoch:249, loss: 0.014472035777375655, other:1.00|1.00|1.00, company:0.97|1.00|0.99, address:1.00|0.99|0.99, date:0.98|0.99|0.99, total:0.84|0.99|0.91
epoch:250, loss: 0.014930839236411784, other:1.00|1.00|1.00, company:0.99|1.00|0.99, address:0.99|1.00|1.00, date:1.00|0.98|0.99, total:0.81|0.99|0.89
epoch:251, loss: 0.011516101554863982, other:1.00|1.00|1.00, company:0.99|0.98|0.99, address:1.00|0.99|1.00, date:0.97|1.00|0.98, total:0.94|0.98|0.96
epoch:252, loss: 0.010775278486242448, other:1.00|1.00|1.00, company:0.98|1.00|0.99, address:0.99|1.00|1.00, date:0.99|0.99|0.99, total:0.89|0.99|0.94
epoch:253, loss: 0.01076959678903222, other:1.00|1.00|1.00, company:0.99|1.00|0.99, address:1.00|1.00|1.00, date:1.00|0.98|0.99, total:0.97|0.92|0.95
epoch:254, loss: 0.014454215282091388, other:1.00|1.00|1.00, company:0.99|0.99|0.99, address:0.99|1.00|0.99, date:0.95|0.98|0.96, total:0.91|0.98|0.94
epoch:255, loss: 0.03977409929588989, other:0.99|1.00|0.99, company:0.95|0.96|0.95, address:1.00|0.89|0.94, date:0.97|0.86|0.91, total:0.86|0.91|0.89
epoch:256, loss: 0.04252663399610254, other:1.00|0.99|0.99, company:0.96|0.97|0.97, address:0.97|0.99|0.98, date:0.89|0.92|0.91, total:0.63|0.93|0.75
epoch:257, loss: 0.0184997557145026, other:1.00|1.00|1.00, company:0.99|0.97|0.98, address:0.99|0.99|0.99, date:0.97|0.97|0.97, total:0.88|0.93|0.91
epoch:258, loss: 0.01993364471666239, other:1.00|1.00|1.00, company:0.97|0.99|0.98, address:0.98|0.99|0.98, date:0.99|0.97|0.98, total:0.89|0.92|0.91
epoch:259, loss: 0.012425567558104242, other:1.00|1.00|1.00, company:0.99|1.00|1.00, address:1.00|0.99|1.00, date:0.99|0.99|0.99, total:0.89|0.99|0.94
epoch:260, loss: 0.012917634108345266, other:1.00|1.00|1.00, company:0.99|1.00|0.99, address:1.00|1.00|1.00, date:0.99|0.99|0.99, total:0.95|0.92|0.93
epoch:261, loss: 0.015777286228344397, other:1.00|1.00|1.00, company:0.99|0.99|0.99, address:0.99|1.00|0.99, date:0.99|0.99|0.99, total:0.95|0.84|0.89
epoch:262, loss: 0.013418965334831565, other:1.00|1.00|1.00, company:0.99|0.99|0.99, address:1.00|0.99|0.99, date:0.97|0.99|0.98, total:0.94|0.96|0.95
epoch:263, loss: 0.015394997886485524, other:1.00|1.00|1.00, company:0.99|0.99|0.99, address:1.00|1.00|1.00, date:0.98|0.95|0.97, total:0.87|0.95|0.91
epoch:264, loss: 0.01311891935593276, other:1.00|1.00|1.00, company:0.98|1.00|0.99, address:1.00|0.99|0.99, date:0.99|0.99|0.99, total:0.92|0.94|0.93
epoch:265, loss: 0.011750385122097752, other:1.00|1.00|1.00, company:0.99|0.99|0.99, address:1.00|0.99|1.00, date:0.99|0.98|0.98, total:0.94|0.97|0.96
epoch:266, loss: 0.010735983598149486, other:1.00|1.00|1.00, company:0.99|1.00|0.99, address:0.99|1.00|1.00, date:1.00|0.97|0.99, total:0.97|0.94|0.95
epoch:267, loss: 0.015184399447645302, other:1.00|1.00|1.00, company:0.99|0.99|0.99, address:1.00|0.98|0.99, date:0.96|0.99|0.97, total:0.95|0.92|0.94
epoch:268, loss: 0.013415058126190194, other:1.00|1.00|1.00, company:0.99|1.00|0.99, address:0.98|1.00|0.99, date:0.95|0.98|0.97, total:0.95|0.95|0.95
epoch:269, loss: 0.020935475929743715, other:0.99|1.00|1.00, company:1.00|0.97|0.98, address:0.99|0.99|0.99, date:0.99|0.87|0.93, total:0.92|0.91|0.92
epoch:270, loss: 0.021396016667562502, other:1.00|1.00|1.00, company:0.99|0.97|0.98, address:0.99|0.99|0.99, date:0.98|0.90|0.94, total:0.82|0.96|0.89
epoch:271, loss: 0.021693879531489477, other:1.00|0.99|1.00, company:0.99|1.00|0.99, address:0.99|1.00|0.99, date:0.95|0.98|0.96, total:0.75|0.97|0.84
epoch:272, loss: 0.016446844174492138, other:1.00|1.00|1.00, company:0.99|0.97|0.98, address:1.00|0.99|0.99, date:0.97|0.98|0.97, total:0.85|0.97|0.91
epoch:273, loss: 0.016508006249313003, other:1.00|1.00|1.00, company:0.98|1.00|0.99, address:0.99|1.00|0.99, date:0.93|0.99|0.96, total:0.91|0.95|0.93
epoch:274, loss: 0.014758698987188163, other:1.00|1.00|1.00, company:0.99|1.00|0.99, address:0.98|1.00|0.99, date:0.97|0.98|0.97, total:0.88|0.99|0.93
epoch:275, loss: 0.01992562340779437, other:0.99|1.00|1.00, company:0.99|0.98|0.99, address:1.00|0.96|0.98, date:1.00|0.93|0.96, total:0.96|0.94|0.95
epoch:276, loss: 0.010517076002778831, other:1.00|1.00|1.00, company:0.99|1.00|1.00, address:1.00|1.00|1.00, date:0.98|0.99|0.98, total:0.93|0.97|0.95
epoch:277, loss: 0.011064913141092769, other:1.00|1.00|1.00, company:1.00|0.99|1.00, address:1.00|1.00|1.00, date:1.00|0.99|0.99, total:0.94|0.95|0.94
epoch:278, loss: 0.013468614244764601, other:1.00|1.00|1.00, company:1.00|0.98|0.99, address:0.99|0.99|0.99, date:0.99|0.99|0.99, total:0.92|0.94|0.93
epoch:279, loss: 0.022854566436122964, other:1.00|1.00|1.00, company:0.99|0.98|0.99, address:0.99|0.99|0.99, date:0.99|0.91|0.95, total:0.88|0.91|0.89
epoch:280, loss: 0.015322844377132478, other:1.00|1.00|1.00, company:0.99|0.99|0.99, address:1.00|0.99|0.99, date:0.98|0.98|0.98, total:0.96|0.87|0.91
epoch:281, loss: 0.014167105796298495, other:1.00|1.00|1.00, company:0.99|1.00|0.99, address:0.99|1.00|1.00, date:0.98|0.98|0.98, total:0.87|0.97|0.92
epoch:282, loss: 0.012304747908341664, other:1.00|1.00|1.00, company:0.99|0.99|0.99, address:1.00|1.00|1.00, date:0.97|0.99|0.98, total:0.90|0.99|0.94
epoch:283, loss: 0.017328093587248412, other:1.00|1.00|1.00, company:0.98|1.00|0.99, address:0.99|1.00|0.99, date:0.98|0.96|0.97, total:0.84|0.97|0.90
epoch:284, loss: 0.01913357477773119, other:1.00|1.00|1.00, company:0.98|0.96|0.97, address:0.97|0.99|0.98, date:0.98|0.98|0.98, total:0.86|0.98|0.92
epoch:285, loss: 0.02558820308358581, other:0.99|1.00|0.99, company:0.99|0.99|0.99, address:1.00|0.99|0.99, date:0.99|0.89|0.94, total:0.96|0.75|0.85
epoch:286, loss: 0.0243388208112231, other:0.99|1.00|1.00, company:1.00|0.94|0.97, address:1.00|0.99|0.99, date:0.96|0.91|0.94, total:0.85|0.93|0.89
epoch:287, loss: 0.015929202618146385, other:1.00|1.00|1.00, company:0.99|1.00|0.99, address:1.00|1.00|1.00, date:0.91|1.00|0.95, total:0.89|0.96|0.92
epoch:288, loss: 0.01627809545715098, other:1.00|1.00|1.00, company:0.98|0.99|0.98, address:0.97|0.99|0.98, date:0.99|0.98|0.98, total:0.94|0.96|0.95
epoch:289, loss: 0.020503412690703517, other:1.00|1.00|1.00, company:0.97|0.98|0.97, address:0.98|0.99|0.98, date:0.98|0.93|0.95, total:0.90|0.91|0.90
epoch:290, loss: 0.01722336658794019, other:1.00|1.00|1.00, company:0.99|0.99|0.99, address:1.00|0.97|0.98, date:0.98|0.97|0.97, total:0.92|0.95|0.94
epoch:291, loss: 0.019355440029391536, other:1.00|0.99|1.00, company:0.94|1.00|0.97, address:0.95|1.00|0.98, date:0.95|0.98|0.97, total:0.85|1.00|0.92
epoch:292, loss: 0.012406120818384268, other:1.00|1.00|1.00, company:0.99|0.99|0.99, address:0.99|1.00|1.00, date:0.98|0.98|0.98, total:0.90|0.97|0.94
epoch:293, loss: 0.01356593360779462, other:1.00|1.00|1.00, company:0.99|1.00|0.99, address:1.00|1.00|1.00, date:1.00|0.93|0.96, total:0.91|0.99|0.95
epoch:294, loss: 0.010002929622445393, other:1.00|1.00|1.00, company:1.00|1.00|1.00, address:1.00|1.00|1.00, date:0.99|0.97|0.98, total:0.95|0.98|0.96
epoch:295, loss: 0.009355697556640263, other:1.00|1.00|1.00, company:1.00|1.00|1.00, address:0.99|1.00|0.99, date:0.99|1.00|1.00, total:0.95|0.98|0.97
epoch:296, loss: 0.009280475632598003, other:1.00|1.00|1.00, company:1.00|0.99|0.99, address:1.00|1.00|1.00, date:1.00|0.98|0.99, total:0.97|0.96|0.96
epoch:297, loss: 0.008259844707532061, other:1.00|1.00|1.00, company:1.00|1.00|1.00, address:0.99|1.00|1.00, date:1.00|0.99|0.99, total:0.94|1.00|0.97
epoch:298, loss: 0.007045663927716238, other:1.00|1.00|1.00, company:1.00|1.00|1.00, address:1.00|1.00|1.00, date:0.99|0.99|0.99, total:0.96|0.98|0.97
epoch:299, loss: 0.0069360702678009315, other:1.00|1.00|1.00, company:0.99|1.00|1.00, address:1.00|1.00|1.00, date:1.00|0.98|0.99, total:0.92|1.00|0.96
epoch:300, loss: 0.011495941827349641, other:1.00|1.00|1.00, company:1.00|1.00|1.00, address:1.00|1.00|1.00, date:1.00|0.98|0.99, total:0.99|0.85|0.91
epoch:301, loss: 0.009501979203411826, other:1.00|1.00|1.00, company:1.00|0.99|0.99, address:0.99|1.00|0.99, date:0.99|0.99|0.99, total:0.97|0.95|0.96
epoch:302, loss: 0.01982983212090201, other:1.00|1.00|1.00, company:1.00|0.98|0.99, address:1.00|1.00|1.00, date:1.00|0.94|0.97, total:0.79|0.90|0.84
epoch:303, loss: 0.01891517197644269, other:1.00|0.99|1.00, company:0.95|0.99|0.97, address:0.96|1.00|0.98, date:0.97|0.98|0.97, total:0.92|0.94|0.93
epoch:304, loss: 0.014200471117402668, other:1.00|1.00|1.00, company:0.97|1.00|0.98, address:1.00|0.99|0.99, date:1.00|0.94|0.97, total:0.95|0.96|0.95
epoch:305, loss: 0.012071834963366942, other:1.00|1.00|1.00, company:0.99|0.96|0.97, address:1.00|0.99|0.99, date:0.99|0.99|0.99, total:0.89|1.00|0.94
epoch:306, loss: 0.010315883464904295, other:1.00|1.00|1.00, company:0.97|1.00|0.98, address:0.99|1.00|0.99, date:1.00|1.00|1.00, total:0.97|0.96|0.96
epoch:307, loss: 0.01344279893156555, other:1.00|1.00|1.00, company:0.98|0.99|0.98, address:0.98|0.99|0.99, date:0.98|0.99|0.99, total:0.97|0.93|0.95
epoch:308, loss: 0.01561426274754383, other:1.00|1.00|1.00, company:0.98|0.99|0.98, address:0.99|0.99|0.99, date:0.98|0.94|0.96, total:0.96|0.92|0.94
epoch:309, loss: 0.017838426882884017, other:1.00|1.00|1.00, company:0.99|1.00|0.99, address:1.00|0.99|1.00, date:0.91|0.99|0.95, total:0.91|0.89|0.90
epoch:310, loss: 0.011592570330119796, other:1.00|1.00|1.00, company:0.99|1.00|0.99, address:1.00|1.00|1.00, date:0.99|0.98|0.99, total:0.87|0.99|0.93
epoch:311, loss: 0.012194164356009828, other:1.00|1.00|1.00, company:0.99|0.99|0.99, address:1.00|0.99|0.99, date:0.98|0.99|0.98, total:0.92|0.97|0.94
epoch:312, loss: 0.018558605160150263, other:1.00|1.00|1.00, company:0.97|0.99|0.98, address:0.98|0.99|0.99, date:0.97|0.99|0.98, total:0.87|0.92|0.90
epoch:313, loss: 0.011667970102280378, other:1.00|1.00|1.00, company:0.99|1.00|0.99, address:1.00|0.99|1.00, date:1.00|0.99|0.99, total:0.85|0.99|0.91
epoch:314, loss: 0.010710698319599032, other:1.00|1.00|1.00, company:1.00|0.99|0.99, address:1.00|1.00|1.00, date:1.00|0.98|0.99, total:0.98|0.92|0.95
epoch:315, loss: 0.012652506672397808, other:1.00|1.00|1.00, company:0.98|1.00|0.99, address:0.99|1.00|0.99, date:1.00|0.99|1.00, total:0.92|0.95|0.93
epoch:316, loss: 0.009936278582447104, other:1.00|1.00|1.00, company:0.99|1.00|0.99, address:0.99|1.00|1.00, date:0.98|0.99|0.99, total:0.92|0.97|0.95
epoch:317, loss: 0.008519929437035764, other:1.00|1.00|1.00, company:0.99|1.00|1.00, address:1.00|1.00|1.00, date:1.00|0.99|0.99, total:0.96|0.97|0.97
epoch:318, loss: 0.009250460278794722, other:1.00|1.00|1.00, company:0.99|1.00|0.99, address:0.99|0.99|0.99, date:0.98|0.99|0.99, total:0.95|0.98|0.96
epoch:319, loss: 0.007679386711161997, other:1.00|1.00|1.00, company:1.00|0.99|1.00, address:1.00|1.00|1.00, date:1.00|0.98|0.99, total:0.95|0.99|0.97
epoch:320, loss: 0.00706630986166635, other:1.00|1.00|1.00, company:1.00|1.00|1.00, address:1.00|1.00|1.00, date:1.00|0.99|0.99, total:0.94|1.00|0.97
epoch:321, loss: 0.007142018824298348, other:1.00|1.00|1.00, company:1.00|1.00|1.00, address:1.00|1.00|1.00, date:0.99|1.00|1.00, total:0.96|0.97|0.96
epoch:322, loss: 0.0071062424578014075, other:1.00|1.00|1.00, company:1.00|0.99|0.99, address:1.00|0.99|1.00, date:0.99|0.99|0.99, total:0.97|0.99|0.98
epoch:323, loss: 0.012312261163498517, other:1.00|1.00|1.00, company:1.00|0.98|0.99, address:0.96|1.00|0.98, date:0.98|0.99|0.99, total:0.95|0.98|0.97
epoch:324, loss: 0.010939902591484564, other:1.00|1.00|1.00, company:0.99|1.00|0.99, address:1.00|1.00|1.00, date:0.99|0.98|0.99, total:0.89|0.97|0.93
epoch:325, loss: 0.0192537695100462, other:0.99|1.00|1.00, company:0.99|0.99|0.99, address:1.00|0.98|0.99, date:0.99|0.94|0.96, total:0.98|0.80|0.88
epoch:326, loss: 0.017632559252281983, other:1.00|1.00|1.00, company:0.95|1.00|0.97, address:0.99|1.00|0.99, date:0.98|0.95|0.97, total:0.87|0.96|0.91
epoch:327, loss: 0.015446133928856364, other:1.00|1.00|1.00, company:0.97|1.00|0.98, address:0.99|1.00|0.99, date:0.99|0.93|0.96, total:0.89|0.99|0.94
epoch:328, loss: 0.011797886031369368, other:1.00|1.00|1.00, company:0.98|1.00|0.99, address:1.00|1.00|1.00, date:0.99|0.97|0.98, total:0.90|0.98|0.94
epoch:329, loss: 0.018619776427469873, other:1.00|1.00|1.00, company:0.99|0.99|0.99, address:0.98|0.99|0.99, date:0.98|0.97|0.98, total:0.87|0.88|0.88
epoch:330, loss: 0.020409433723047928, other:1.00|1.00|1.00, company:0.99|0.97|0.98, address:0.99|0.99|0.99, date:0.92|0.93|0.92, total:0.91|0.97|0.94
epoch:331, loss: 0.015034924657946383, other:1.00|1.00|1.00, company:0.93|1.00|0.97, address:1.00|0.99|0.99, date:0.96|0.98|0.97, total:0.93|0.96|0.95
epoch:332, loss: 0.012690222097767724, other:1.00|1.00|1.00, company:1.00|0.98|0.99, address:1.00|1.00|1.00, date:0.99|0.98|0.99, total:0.96|0.93|0.95
epoch:333, loss: 0.009260943952809882, other:1.00|1.00|1.00, company:1.00|0.99|1.00, address:1.00|1.00|1.00, date:1.00|0.97|0.99, total:0.96|0.97|0.96
epoch:334, loss: 0.008034440645672105, other:1.00|1.00|1.00, company:0.99|1.00|0.99, address:1.00|1.00|1.00, date:0.99|0.99|0.99, total:0.96|0.98|0.97
epoch:335, loss: 0.018106778842155582, other:1.00|0.99|1.00, company:0.97|1.00|0.99, address:0.97|1.00|0.99, date:0.95|0.97|0.96, total:0.77|1.00|0.87
epoch:336, loss: 0.01982723590400484, other:1.00|1.00|1.00, company:0.99|0.98|0.98, address:0.99|0.98|0.99, date:0.96|0.97|0.96, total:0.84|0.95|0.89
epoch:337, loss: 0.017795588683199, other:1.00|0.99|1.00, company:1.00|0.99|0.99, address:0.99|0.99|0.99, date:1.00|0.98|0.99, total:0.79|0.99|0.88
epoch:338, loss: 0.01497370390980332, other:1.00|1.00|1.00, company:0.99|0.99|0.99, address:0.99|0.98|0.99, date:0.99|0.98|0.99, total:0.86|1.00|0.92
epoch:339, loss: 0.014524139032733661, other:1.00|0.99|1.00, company:0.98|1.00|0.99, address:0.99|1.00|0.99, date:1.00|0.99|0.99, total:0.81|1.00|0.90
epoch:340, loss: 0.013126163570969194, other:1.00|1.00|1.00, company:1.00|0.97|0.98, address:1.00|0.98|0.99, date:0.98|1.00|0.99, total:0.92|0.96|0.94
epoch:341, loss: 0.0127696987517454, other:1.00|1.00|1.00, company:0.99|1.00|0.99, address:0.99|1.00|0.99, date:0.94|0.99|0.97, total:0.91|0.98|0.94
epoch:342, loss: 0.01041807157539383, other:1.00|1.00|1.00, company:0.99|0.99|0.99, address:0.99|1.00|1.00, date:0.99|0.99|0.99, total:0.90|0.99|0.95
epoch:343, loss: 0.015282208341415282, other:1.00|1.00|1.00, company:0.97|0.99|0.98, address:0.97|1.00|0.98, date:0.98|0.98|0.98, total:0.97|0.93|0.95
epoch:344, loss: 0.019009130248041066, other:0.99|1.00|1.00, company:1.00|0.93|0.96, address:1.00|0.96|0.98, date:0.97|0.96|0.96, total:0.95|0.95|0.95
epoch:345, loss: 0.014429989063905345, other:1.00|1.00|1.00, company:0.98|0.99|0.99, address:1.00|0.99|0.99, date:0.96|0.93|0.94, total:0.96|0.95|0.95
epoch:346, loss: 0.010371530747593002, other:1.00|1.00|1.00, company:1.00|0.99|0.99, address:1.00|1.00|1.00, date:0.99|0.97|0.98, total:0.94|0.98|0.96
epoch:347, loss: 0.010363557358720788, other:1.00|1.00|1.00, company:0.99|0.99|0.99, address:1.00|1.00|1.00, date:0.99|0.99|0.99, total:0.89|0.99|0.94
epoch:348, loss: 0.008111385783801476, other:1.00|1.00|1.00, company:1.00|1.00|1.00, address:1.00|1.00|1.00, date:1.00|0.97|0.99, total:0.98|0.96|0.97
epoch:349, loss: 0.010267306515877997, other:1.00|1.00|1.00, company:0.99|1.00|1.00, address:1.00|1.00|1.00, date:0.93|0.99|0.96, total:0.89|1.00|0.94
epoch:350, loss: 0.007582075126400149, other:1.00|1.00|1.00, company:0.99|1.00|1.00, address:1.00|1.00|1.00, date:0.97|0.99|0.98, total:0.95|0.99|0.97
epoch:351, loss: 0.008031334167484331, other:1.00|1.00|1.00, company:0.99|1.00|1.00, address:0.99|1.00|0.99, date:0.98|1.00|0.99, total:0.97|0.99|0.98
epoch:352, loss: 0.007386366828103308, other:1.00|1.00|1.00, company:1.00|1.00|1.00, address:1.00|1.00|1.00, date:0.99|0.99|0.99, total:0.97|0.99|0.98
epoch:353, loss: 0.006408963007507501, other:1.00|1.00|1.00, company:0.99|1.00|0.99, address:1.00|1.00|1.00, date:1.00|1.00|1.00, total:0.98|0.98|0.98
epoch:354, loss: 0.0062558707496565245, other:1.00|1.00|1.00, company:0.99|1.00|0.99, address:1.00|1.00|1.00, date:1.00|0.99|0.99, total:0.98|0.98|0.98
