epoch:0, loss: 1.4038109028780903, other:1.00|0.89|0.94, company:0.00|0.00|0.00, address:0.00|0.00|0.00, date:0.00|0.00|0.00, total:0.00|0.00|0.00
epoch:1, loss: 1.0989796894567985, other:1.00|0.91|0.95, company:0.00|0.00|0.00, address:0.21|0.46|0.29, date:0.00|0.00|0.00, total:0.00|0.20|0.01
epoch:2, loss: 0.6737462480862936, other:0.90|0.96|0.93, company:0.22|0.77|0.34, address:0.93|0.39|0.55, date:0.02|0.14|0.04, total:0.30|0.15|0.20
epoch:3, loss: 0.595950722694397, other:0.84|0.97|0.90, company:0.44|0.70|0.54, address:0.94|0.38|0.54, date:0.26|0.32|0.29, total:0.58|0.15|0.23
epoch:4, loss: 0.5457503144387845, other:0.85|0.98|0.91, company:0.60|0.70|0.65, address:0.91|0.42|0.57, date:0.37|0.29|0.33, total:0.62|0.16|0.25
epoch:5, loss: 0.5144518525512131, other:0.81|0.98|0.89, company:0.73|0.73|0.73, address:0.92|0.42|0.57, date:0.51|0.28|0.36, total:0.78|0.15|0.25
epoch:6, loss: 0.5026299854119619, other:0.82|0.99|0.89, company:0.86|0.62|0.72, address:0.87|0.40|0.55, date:0.58|0.28|0.38, total:0.76|0.17|0.27
epoch:7, loss: 0.4667006057721597, other:0.82|0.99|0.89, company:0.65|0.78|0.71, address:0.97|0.44|0.61, date:0.64|0.28|0.39, total:0.78|0.16|0.27
epoch:8, loss: 0.44149091839790344, other:0.83|0.99|0.90, company:0.66|0.78|0.72, address:0.96|0.44|0.60, date:0.59|0.32|0.42, total:0.77|0.17|0.28
epoch:9, loss: 0.4334978328810798, other:0.83|0.99|0.90, company:0.64|0.81|0.71, address:0.96|0.48|0.64, date:0.70|0.27|0.39, total:0.80|0.18|0.30
epoch:10, loss: 0.4233228431807624, other:0.80|0.99|0.89, company:0.65|0.82|0.72, address:0.97|0.46|0.62, date:0.74|0.26|0.39, total:0.88|0.17|0.28
epoch:11, loss: 0.3994948621149416, other:0.83|0.99|0.90, company:0.76|0.80|0.78, address:0.97|0.45|0.62, date:0.74|0.27|0.40, total:0.74|0.21|0.32
epoch:12, loss: 0.3853704885200218, other:0.83|0.99|0.90, company:0.75|0.80|0.78, address:0.97|0.49|0.65, date:0.76|0.26|0.39, total:0.81|0.21|0.33
epoch:13, loss: 0.37407934444921986, other:0.82|0.99|0.90, company:0.79|0.79|0.79, address:0.98|0.46|0.63, date:0.78|0.29|0.43, total:0.84|0.19|0.31
epoch:14, loss: 0.3695458703570896, other:0.83|0.99|0.90, company:0.73|0.81|0.77, address:0.98|0.48|0.64, date:0.79|0.27|0.41, total:0.85|0.20|0.32
epoch:15, loss: 0.3511638641357422, other:0.84|0.99|0.91, company:0.79|0.80|0.79, address:0.97|0.50|0.66, date:0.77|0.28|0.42, total:0.85|0.20|0.33
epoch:16, loss: 0.341260959704717, other:0.82|0.99|0.90, company:0.87|0.76|0.81, address:0.97|0.51|0.67, date:0.83|0.27|0.40, total:0.89|0.19|0.32
epoch:17, loss: 0.3336387773354848, other:0.83|0.99|0.90, company:0.87|0.79|0.83, address:0.96|0.49|0.65, date:0.82|0.30|0.43, total:0.89|0.20|0.33
epoch:18, loss: 0.33062945361490603, other:0.84|0.99|0.91, company:0.83|0.80|0.82, address:0.96|0.52|0.67, date:0.80|0.29|0.43, total:0.86|0.21|0.34
epoch:19, loss: 0.3950493070814345, other:0.83|0.99|0.91, company:0.49|0.81|0.61, address:0.96|0.52|0.67, date:0.86|0.23|0.36, total:0.87|0.22|0.35
epoch:20, loss: 0.3326698398148572, other:0.82|0.99|0.90, company:0.75|0.82|0.78, address:0.98|0.51|0.67, date:0.84|0.28|0.43, total:0.91|0.19|0.32
epoch:21, loss: 0.31953853699896073, other:0.82|0.99|0.90, company:0.83|0.79|0.81, address:0.98|0.50|0.66, date:0.89|0.26|0.41, total:0.89|0.21|0.34
epoch:22, loss: 0.30481911257461264, other:0.85|0.99|0.91, company:0.84|0.79|0.81, address:0.98|0.53|0.68, date:0.82|0.31|0.45, total:0.84|0.22|0.35
epoch:23, loss: 0.311900085873074, other:0.82|0.99|0.90, company:0.78|0.80|0.79, address:0.99|0.50|0.66, date:0.89|0.29|0.44, total:0.92|0.20|0.32
epoch:24, loss: 0.2983240518305037, other:0.85|0.99|0.91, company:0.82|0.78|0.80, address:0.97|0.56|0.71, date:0.84|0.31|0.46, total:0.90|0.21|0.35
epoch:25, loss: 0.28927145015310357, other:0.84|0.99|0.91, company:0.85|0.79|0.82, address:0.99|0.52|0.68, date:0.84|0.33|0.48, total:0.92|0.21|0.34
epoch:26, loss: 0.303417491140189, other:0.83|1.00|0.91, company:0.76|0.80|0.78, address:0.99|0.51|0.68, date:0.90|0.31|0.46, total:0.93|0.20|0.34
epoch:27, loss: 0.2825037412069462, other:0.84|0.99|0.91, company:0.84|0.80|0.82, address:0.99|0.53|0.69, date:0.85|0.36|0.51, total:0.93|0.21|0.34
epoch:28, loss: 0.27522230589831315, other:0.84|1.00|0.91, company:0.89|0.76|0.82, address:0.99|0.53|0.69, date:0.91|0.30|0.45, total:0.91|0.22|0.35
epoch:29, loss: 0.293047993823334, other:0.85|0.99|0.92, company:0.77|0.80|0.78, address:0.99|0.56|0.71, date:0.88|0.34|0.49, total:0.92|0.21|0.34
epoch:30, loss: 0.27360225717226666, other:0.85|0.99|0.92, company:0.84|0.81|0.83, address:0.98|0.58|0.73, date:0.90|0.31|0.46, total:0.90|0.23|0.36
epoch:31, loss: 0.26758970540982707, other:0.83|1.00|0.91, company:0.89|0.81|0.85, address:0.99|0.55|0.70, date:0.90|0.32|0.48, total:0.95|0.20|0.34
epoch:32, loss: 0.2642021041225504, other:0.82|1.00|0.90, company:0.91|0.78|0.84, address:0.99|0.53|0.69, date:0.91|0.35|0.50, total:0.96|0.19|0.32
epoch:33, loss: 0.26092807783020866, other:0.84|1.00|0.91, company:0.91|0.77|0.84, address:0.99|0.56|0.71, date:0.93|0.31|0.46, total:0.94|0.22|0.35
epoch:34, loss: 0.2531502749081011, other:0.86|1.00|0.92, company:0.88|0.78|0.83, address:0.98|0.61|0.75, date:0.91|0.35|0.51, total:0.92|0.23|0.37
epoch:35, loss: 0.25492062281679223, other:0.85|1.00|0.92, company:0.90|0.78|0.84, address:0.99|0.57|0.72, date:0.93|0.30|0.46, total:0.89|0.25|0.39
epoch:36, loss: 0.25073472989930046, other:0.87|1.00|0.93, company:0.86|0.81|0.84, address:0.99|0.62|0.76, date:0.92|0.34|0.50, total:0.90|0.26|0.40
epoch:37, loss: 0.2557858532225644, other:0.87|1.00|0.93, company:0.81|0.84|0.83, address:0.99|0.61|0.76, date:0.92|0.37|0.52, total:0.94|0.23|0.37
epoch:38, loss: 0.26320279637972516, other:0.88|0.99|0.94, company:0.78|0.83|0.80, address:0.97|0.65|0.78, date:0.88|0.40|0.55, total:0.93|0.25|0.39
epoch:39, loss: 0.24616173847957892, other:0.86|1.00|0.92, company:0.87|0.82|0.84, address:0.99|0.62|0.76, date:0.93|0.35|0.51, total:0.94|0.22|0.36
epoch:40, loss: 0.23684526428028388, other:0.89|0.99|0.94, company:0.89|0.83|0.86, address:0.97|0.67|0.79, date:0.93|0.35|0.51, total:0.88|0.28|0.43
epoch:41, loss: 0.246264378229777, other:0.87|0.99|0.93, company:0.88|0.84|0.86, address:0.98|0.67|0.80, date:0.90|0.38|0.54, total:0.94|0.23|0.37
epoch:42, loss: 0.23209603682712274, other:0.86|1.00|0.92, company:0.95|0.72|0.82, address:0.98|0.64|0.77, date:0.93|0.34|0.50, total:0.94|0.23|0.37
epoch:43, loss: 0.25334660874472725, other:0.87|1.00|0.93, company:0.80|0.82|0.81, address:0.98|0.63|0.77, date:0.91|0.39|0.54, total:0.94|0.23|0.37
epoch:44, loss: 0.2262898595244796, other:0.86|1.00|0.93, company:0.92|0.80|0.86, address:0.99|0.59|0.74, date:0.91|0.41|0.56, total:0.95|0.23|0.37
epoch:45, loss: 0.240732553380507, other:0.88|1.00|0.93, company:0.86|0.83|0.84, address:0.98|0.67|0.80, date:0.92|0.38|0.54, total:0.93|0.24|0.38
epoch:46, loss: 0.2484747623955762, other:0.85|1.00|0.92, company:0.85|0.83|0.84, address:0.99|0.61|0.76, date:0.95|0.31|0.47, total:0.96|0.22|0.36
epoch:47, loss: 0.22545973018363671, other:0.87|1.00|0.93, company:0.90|0.78|0.83, address:0.99|0.60|0.75, date:0.93|0.37|0.53, total:0.91|0.26|0.40
epoch:48, loss: 0.21182090485537494, other:0.89|1.00|0.94, company:0.94|0.74|0.82, address:0.99|0.64|0.78, date:0.92|0.43|0.59, total:0.92|0.27|0.42
epoch:49, loss: 0.23238186207082537, other:0.86|1.00|0.92, company:0.89|0.81|0.85, address:0.99|0.61|0.76, date:0.95|0.34|0.50, total:0.95|0.23|0.36
epoch:50, loss: 0.2210999125683749, other:0.90|0.99|0.95, company:0.88|0.85|0.87, address:0.97|0.74|0.84, date:0.92|0.39|0.55, total:0.91|0.29|0.43
epoch:51, loss: 0.22108153833283317, other:0.88|1.00|0.94, company:0.86|0.82|0.84, address:0.99|0.64|0.78, date:0.94|0.41|0.57, total:0.94|0.26|0.40
epoch:52, loss: 0.20803064163084384, other:0.88|1.00|0.94, company:0.94|0.78|0.85, address:0.98|0.73|0.84, date:0.95|0.36|0.52, total:0.94|0.26|0.41
epoch:53, loss: 0.2133353324951949, other:0.86|1.00|0.92, company:0.95|0.76|0.84, address:0.99|0.62|0.76, date:0.95|0.35|0.52, total:0.95|0.24|0.39
epoch:54, loss: 0.21238005050906428, other:0.88|1.00|0.93, company:0.90|0.80|0.85, address:0.99|0.65|0.79, date:0.94|0.39|0.55, total:0.94|0.25|0.40
epoch:55, loss: 0.2443294784537068, other:0.85|1.00|0.92, company:0.81|0.81|0.81, address:1.00|0.56|0.72, date:0.94|0.34|0.50, total:0.95|0.23|0.37
epoch:56, loss: 0.21504955545619683, other:0.87|1.00|0.93, company:0.94|0.78|0.85, address:0.98|0.67|0.80, date:0.94|0.39|0.56, total:0.95|0.22|0.36
epoch:57, loss: 0.21712148741439538, other:0.91|0.99|0.95, company:0.88|0.84|0.86, address:0.98|0.70|0.82, date:0.90|0.46|0.61, total:0.90|0.29|0.44
epoch:58, loss: 0.20939622984992134, other:0.88|1.00|0.93, company:0.90|0.81|0.85, address:0.99|0.66|0.80, date:0.94|0.40|0.56, total:0.95|0.24|0.38
epoch:59, loss: 0.2067198803027471, other:0.87|1.00|0.93, company:0.92|0.78|0.85, address:0.99|0.67|0.80, date:0.95|0.37|0.53, total:0.95|0.24|0.38
epoch:60, loss: 0.20177075432406533, other:0.88|1.00|0.94, company:0.91|0.78|0.84, address:0.99|0.69|0.81, date:0.93|0.42|0.58, total:0.94|0.25|0.39
epoch:61, loss: 0.20120627129519428, other:0.89|1.00|0.94, company:0.91|0.78|0.84, address:0.99|0.69|0.81, date:0.93|0.43|0.59, total:0.95|0.26|0.41
epoch:62, loss: 0.1927770906024509, other:0.88|1.00|0.93, company:0.94|0.77|0.85, address:0.99|0.70|0.82, date:0.94|0.42|0.59, total:0.96|0.24|0.38
epoch:63, loss: 0.20732330999992513, other:0.89|1.00|0.94, company:0.87|0.84|0.85, address:0.99|0.69|0.81, date:0.94|0.43|0.59, total:0.94|0.27|0.42
epoch:64, loss: 0.20448033180501726, other:0.88|1.00|0.94, company:0.87|0.82|0.85, address:0.99|0.68|0.81, date:0.95|0.42|0.58, total:0.95|0.25|0.40
epoch:65, loss: 0.20322837487415032, other:0.88|1.00|0.94, company:0.89|0.83|0.86, address:0.99|0.68|0.80, date:0.96|0.39|0.56, total:0.95|0.26|0.40
epoch:66, loss: 0.19374486748818998, other:0.88|1.00|0.94, company:0.96|0.68|0.80, address:0.99|0.66|0.79, date:0.93|0.43|0.59, total:0.95|0.27|0.42
epoch:67, loss: 0.19640425454687188, other:0.87|1.00|0.93, company:0.93|0.81|0.87, address:0.99|0.67|0.80, date:0.96|0.38|0.54, total:0.95|0.24|0.38
epoch:68, loss: 0.18384915203959853, other:0.89|1.00|0.94, company:0.93|0.81|0.87, address:0.99|0.69|0.81, date:0.95|0.46|0.62, total:0.95|0.27|0.42
epoch:69, loss: 0.22073122969380132, other:0.88|1.00|0.94, company:0.81|0.83|0.82, address:0.99|0.67|0.80, date:0.97|0.38|0.54, total:0.95|0.26|0.41
epoch:70, loss: 0.19098903128394373, other:0.88|1.00|0.93, company:0.94|0.77|0.84, address:0.99|0.68|0.81, date:0.97|0.41|0.57, total:0.95|0.25|0.39
epoch:71, loss: 0.20434607289455556, other:0.89|1.00|0.94, company:0.87|0.85|0.86, address:1.00|0.66|0.79, date:0.95|0.44|0.60, total:0.95|0.25|0.40
epoch:72, loss: 0.1911663567578351, other:0.88|1.00|0.93, company:0.95|0.79|0.86, address:0.99|0.66|0.79, date:0.96|0.41|0.58, total:0.95|0.25|0.40
epoch:73, loss: 0.18581441265565377, other:0.90|1.00|0.94, company:0.91|0.84|0.87, address:0.99|0.69|0.81, date:0.94|0.48|0.63, total:0.96|0.27|0.42
epoch:74, loss: 0.22282389247858966, other:0.89|1.00|0.94, company:0.76|0.83|0.79, address:0.99|0.69|0.81, date:0.97|0.42|0.58, total:0.95|0.26|0.40
epoch:75, loss: 0.19193030617855214, other:0.89|1.00|0.94, company:0.91|0.82|0.86, address:0.99|0.66|0.79, date:0.93|0.45|0.61, total:0.95|0.26|0.41
epoch:76, loss: 0.19950579437944624, other:0.89|1.00|0.94, company:0.86|0.85|0.85, address:0.99|0.69|0.81, date:0.96|0.44|0.60, total:0.95|0.27|0.42
epoch:77, loss: 0.19042314478644617, other:0.88|1.00|0.93, company:0.92|0.81|0.86, address:0.99|0.68|0.81, date:0.97|0.42|0.58, total:0.96|0.24|0.39
epoch:78, loss: 0.17630096166222184, other:0.90|1.00|0.95, company:0.96|0.73|0.83, address:0.98|0.69|0.81, date:0.95|0.50|0.65, total:0.93|0.30|0.45
epoch:79, loss: 0.19188274056823165, other:0.87|1.00|0.93, company:0.93|0.81|0.87, address:0.99|0.69|0.82, date:0.98|0.37|0.53, total:0.96|0.25|0.39
epoch:80, loss: 0.17003556396122332, other:0.90|1.00|0.95, company:0.95|0.80|0.87, address:0.99|0.72|0.83, date:0.97|0.45|0.62, total:0.95|0.29|0.44
epoch:81, loss: 0.1743758362200525, other:0.90|1.00|0.95, company:0.92|0.82|0.87, address:0.99|0.73|0.84, date:0.97|0.44|0.61, total:0.95|0.29|0.44
epoch:82, loss: 0.1760026420708056, other:0.90|1.00|0.94, company:0.93|0.85|0.88, address:0.99|0.74|0.85, date:0.97|0.47|0.63, total:0.96|0.26|0.41
epoch:83, loss: 0.169929051288852, other:0.90|1.00|0.95, company:0.93|0.82|0.87, address:1.00|0.70|0.82, date:0.94|0.50|0.66, total:0.94|0.29|0.44
epoch:84, loss: 0.18148677547772726, other:0.89|1.00|0.94, company:0.91|0.82|0.86, address:0.99|0.72|0.84, date:0.97|0.43|0.60, total:0.97|0.26|0.41
epoch:85, loss: 0.16422585618716698, other:0.90|1.00|0.94, company:0.95|0.81|0.87, address:0.99|0.73|0.84, date:0.97|0.46|0.63, total:0.96|0.27|0.42
epoch:86, loss: 0.16408327718575796, other:0.89|1.00|0.94, company:0.94|0.81|0.87, address:0.99|0.70|0.82, date:0.97|0.48|0.64, total:0.96|0.27|0.42
epoch:87, loss: 0.16125232947093468, other:0.90|1.00|0.95, company:0.95|0.78|0.86, address:0.99|0.71|0.83, date:0.97|0.50|0.66, total:0.96|0.29|0.44
epoch:88, loss: 0.173972779126079, other:0.89|1.00|0.94, company:0.90|0.82|0.86, address:1.00|0.71|0.83, date:0.98|0.43|0.60, total:0.96|0.28|0.43
epoch:89, loss: 0.16220684183968437, other:0.90|1.00|0.95, company:0.97|0.78|0.86, address:0.99|0.71|0.82, date:0.97|0.44|0.61, total:0.96|0.30|0.46
epoch:90, loss: 0.16261735944836228, other:0.90|1.00|0.95, company:0.94|0.83|0.88, address:0.99|0.73|0.84, date:0.97|0.45|0.61, total:0.97|0.28|0.43
epoch:91, loss: 0.15719577559718378, other:0.90|1.00|0.95, company:0.96|0.79|0.87, address:0.99|0.75|0.85, date:0.98|0.47|0.63, total:0.96|0.30|0.45
epoch:92, loss: 0.1647924264823949, other:0.91|1.00|0.95, company:0.90|0.85|0.87, address:0.99|0.75|0.85, date:0.98|0.47|0.64, total:0.95|0.30|0.45
epoch:93, loss: 0.15862663255797493, other:0.91|1.00|0.95, company:0.93|0.84|0.88, address:0.99|0.75|0.86, date:0.97|0.50|0.66, total:0.96|0.28|0.43
epoch:94, loss: 0.16601256584679638, other:0.89|1.00|0.94, company:0.94|0.82|0.87, address:1.00|0.69|0.81, date:0.98|0.46|0.63, total:0.97|0.26|0.41
epoch:95, loss: 0.16652955832304778, other:0.89|1.00|0.94, company:0.93|0.79|0.85, address:1.00|0.69|0.81, date:0.97|0.49|0.65, total:0.97|0.27|0.42
epoch:96, loss: 0.18649635160410846, other:0.90|1.00|0.95, company:0.83|0.85|0.84, address:1.00|0.71|0.83, date:0.98|0.44|0.61, total:0.97|0.29|0.45
epoch:97, loss: 0.18054421190862302, other:0.88|1.00|0.94, company:0.98|0.70|0.81, address:0.96|0.68|0.80, date:0.98|0.44|0.61, total:0.98|0.25|0.40
epoch:98, loss: 0.1751943956370707, other:0.90|1.00|0.95, company:0.90|0.87|0.88, address:0.98|0.77|0.86, date:0.99|0.42|0.59, total:0.97|0.28|0.43
epoch:99, loss: 0.16988608185891751, other:0.91|1.00|0.95, company:0.89|0.85|0.87, address:0.99|0.74|0.85, date:0.98|0.47|0.64, total:0.96|0.29|0.44
epoch:100, loss: 0.15281208411411004, other:0.91|1.00|0.95, company:0.94|0.83|0.88, address:0.99|0.76|0.86, date:0.98|0.51|0.67, total:0.96|0.29|0.45
epoch:101, loss: 0.15534049934811062, other:0.90|1.00|0.95, company:0.95|0.84|0.89, address:0.99|0.75|0.85, date:0.99|0.45|0.62, total:0.95|0.30|0.45
epoch:102, loss: 0.1701092043960536, other:0.90|1.00|0.94, company:0.89|0.82|0.85, address:0.99|0.71|0.83, date:0.98|0.45|0.62, total:0.97|0.28|0.43
epoch:103, loss: 0.16856190783006172, other:0.89|1.00|0.94, company:0.94|0.80|0.87, address:1.00|0.70|0.82, date:0.99|0.42|0.59, total:0.97|0.26|0.41
epoch:104, loss: 0.1616166463052785, other:0.90|1.00|0.95, company:0.93|0.84|0.89, address:0.99|0.75|0.85, date:0.99|0.44|0.61, total:0.96|0.28|0.43
epoch:105, loss: 0.14394492324855593, other:0.91|1.00|0.95, company:0.96|0.80|0.87, address:0.99|0.75|0.86, date:0.97|0.53|0.68, total:0.95|0.31|0.47
epoch:106, loss: 0.18136338034161814, other:0.90|1.00|0.95, company:0.85|0.86|0.85, address:0.99|0.74|0.84, date:0.98|0.46|0.63, total:0.97|0.27|0.43
epoch:107, loss: 0.1629998736359455, other:0.90|1.00|0.94, company:0.92|0.82|0.87, address:1.00|0.72|0.83, date:0.97|0.49|0.65, total:0.97|0.26|0.41
epoch:108, loss: 0.15050718160691084, other:0.90|1.00|0.95, company:0.97|0.79|0.87, address:0.99|0.73|0.84, date:0.99|0.47|0.64, total:0.97|0.28|0.44
epoch:109, loss: 0.14386720955371857, other:0.91|1.00|0.95, company:0.96|0.80|0.87, address:0.99|0.75|0.85, date:0.98|0.51|0.67, total:0.97|0.29|0.45
epoch:110, loss: 0.14566903644137913, other:0.92|1.00|0.96, company:0.93|0.84|0.88, address:0.99|0.77|0.87, date:0.97|0.52|0.68, total:0.96|0.32|0.48
epoch:111, loss: 0.14833219239005335, other:0.91|1.00|0.95, company:0.95|0.83|0.88, address:0.99|0.77|0.87, date:0.99|0.46|0.63, total:0.97|0.30|0.46
epoch:112, loss: 0.18275471362802717, other:0.90|1.00|0.95, company:0.80|0.84|0.82, address:0.99|0.72|0.83, date:0.99|0.45|0.62, total:0.97|0.30|0.45
epoch:113, loss: 0.1414948014749421, other:0.91|1.00|0.95, company:0.97|0.79|0.87, address:1.00|0.78|0.87, date:0.99|0.48|0.65, total:0.98|0.29|0.45
epoch:114, loss: 0.13628214708081, other:0.92|1.00|0.96, company:0.96|0.83|0.89, address:1.00|0.75|0.86, date:0.98|0.52|0.68, total:0.96|0.33|0.49
epoch:115, loss: 0.1407979100390717, other:0.90|1.00|0.95, company:0.97|0.80|0.87, address:1.00|0.76|0.87, date:0.99|0.47|0.63, total:0.97|0.29|0.45
epoch:116, loss: 0.14173041973952893, other:0.91|1.00|0.95, company:0.96|0.81|0.88, address:1.00|0.72|0.83, date:0.98|0.52|0.68, total:0.97|0.30|0.46
epoch:117, loss: 0.15364123853268447, other:0.91|1.00|0.95, company:0.90|0.86|0.88, address:0.99|0.76|0.86, date:0.99|0.48|0.65, total:0.97|0.30|0.46
epoch:118, loss: 0.14148520126386924, other:0.90|1.00|0.95, company:0.96|0.80|0.87, address:1.00|0.72|0.84, date:0.99|0.49|0.65, total:0.96|0.30|0.46
epoch:119, loss: 0.14697766248826627, other:0.91|1.00|0.95, company:0.94|0.81|0.87, address:0.99|0.75|0.85, date:0.99|0.50|0.66, total:0.98|0.30|0.46
epoch:120, loss: 0.13354520858437927, other:0.93|1.00|0.96, company:0.94|0.85|0.89, address:0.99|0.80|0.88, date:0.99|0.50|0.66, total:0.95|0.35|0.52
epoch:121, loss: 0.1333294336994489, other:0.92|1.00|0.96, company:0.95|0.85|0.90, address:1.00|0.78|0.88, date:0.99|0.50|0.66, total:0.97|0.33|0.49
epoch:122, loss: 0.1365862207280265, other:0.92|1.00|0.96, company:0.95|0.84|0.89, address:0.99|0.80|0.89, date:0.99|0.53|0.69, total:0.97|0.31|0.47
epoch:123, loss: 0.13078218312175185, other:0.92|1.00|0.96, company:0.97|0.83|0.89, address:1.00|0.79|0.88, date:0.99|0.52|0.68, total:0.96|0.32|0.48
epoch:124, loss: 0.14022366757746096, other:0.91|1.00|0.95, company:0.97|0.78|0.87, address:0.99|0.76|0.86, date:1.00|0.47|0.64, total:0.97|0.31|0.47
epoch:125, loss: 0.13293300293110036, other:0.92|1.00|0.96, company:0.94|0.86|0.90, address:0.99|0.79|0.88, date:0.99|0.53|0.69, total:0.98|0.32|0.48
epoch:126, loss: 0.15367185379619952, other:0.91|1.00|0.95, company:0.90|0.85|0.87, address:0.99|0.78|0.87, date:0.99|0.48|0.65, total:0.98|0.30|0.46
epoch:127, loss: 0.13040016177627775, other:0.91|1.00|0.95, company:0.97|0.81|0.89, address:1.00|0.73|0.84, date:0.99|0.53|0.69, total:0.98|0.32|0.48
epoch:128, loss: 0.1412476439166952, other:0.92|1.00|0.96, company:0.92|0.86|0.89, address:0.99|0.81|0.89, date:1.00|0.49|0.66, total:0.98|0.32|0.49
epoch:129, loss: 0.14289498108404655, other:0.91|1.00|0.95, company:0.95|0.86|0.90, address:0.99|0.81|0.89, date:0.99|0.46|0.63, total:0.98|0.29|0.45
epoch:130, loss: 0.1325065184522558, other:0.91|1.00|0.95, company:0.97|0.84|0.90, address:1.00|0.80|0.89, date:0.99|0.46|0.63, total:0.98|0.32|0.48
epoch:131, loss: 0.13036606460809708, other:0.91|1.00|0.95, company:0.97|0.83|0.89, address:1.00|0.78|0.87, date:1.00|0.50|0.67, total:0.97|0.32|0.48
epoch:132, loss: 0.14220494970127387, other:0.90|1.00|0.95, company:0.97|0.82|0.89, address:1.00|0.74|0.85, date:0.99|0.45|0.62, total:0.97|0.30|0.46
epoch:133, loss: 0.14280221059366507, other:0.91|1.00|0.95, company:0.90|0.86|0.88, address:1.00|0.77|0.87, date:1.00|0.49|0.66, total:0.98|0.31|0.47
epoch:134, loss: 0.1208702000202956, other:0.93|1.00|0.96, company:0.98|0.81|0.89, address:0.99|0.82|0.89, date:0.99|0.59|0.74, total:0.97|0.33|0.50
epoch:135, loss: 0.12720712081149774, other:0.93|1.00|0.96, company:0.98|0.85|0.91, address:0.98|0.84|0.91, date:0.99|0.53|0.69, total:0.98|0.33|0.49
epoch:136, loss: 0.12958527659928357, other:0.91|1.00|0.95, company:0.98|0.82|0.89, address:1.00|0.75|0.85, date:1.00|0.48|0.65, total:0.98|0.32|0.48
epoch:137, loss: 0.12411080355997439, other:0.91|1.00|0.96, company:0.98|0.80|0.88, address:0.99|0.79|0.88, date:0.99|0.52|0.68, total:0.98|0.31|0.48
epoch:138, loss: 0.13646317466541572, other:0.91|1.00|0.95, company:0.96|0.85|0.90, address:1.00|0.77|0.87, date:1.00|0.48|0.65, total:0.97|0.30|0.45
epoch:139, loss: 0.13146292942541618, other:0.92|1.00|0.96, company:0.97|0.79|0.87, address:0.99|0.80|0.89, date:0.99|0.49|0.65, total:0.97|0.32|0.49
epoch:140, loss: 0.14146111602032627, other:0.91|1.00|0.95, company:0.93|0.86|0.89, address:1.00|0.75|0.86, date:1.00|0.46|0.63, total:0.99|0.30|0.46
epoch:141, loss: 0.1279258617648372, other:0.92|1.00|0.96, company:0.99|0.76|0.86, address:0.99|0.75|0.86, date:0.99|0.53|0.69, total:0.96|0.34|0.50
epoch:142, loss: 0.13270210833461196, other:0.92|1.00|0.96, company:0.93|0.86|0.89, address:0.99|0.81|0.89, date:1.00|0.46|0.63, total:0.97|0.33|0.50
epoch:143, loss: 0.12084677291137201, other:0.92|1.00|0.96, company:0.97|0.80|0.88, address:1.00|0.77|0.87, date:1.00|0.52|0.68, total:0.98|0.33|0.49
epoch:144, loss: 0.11774606864761424, other:0.92|1.00|0.96, company:0.97|0.85|0.90, address:1.00|0.79|0.88, date:1.00|0.56|0.71, total:0.98|0.33|0.49
epoch:145, loss: 0.12230759196811253, other:0.92|1.00|0.96, company:0.96|0.84|0.90, address:1.00|0.80|0.89, date:0.99|0.54|0.70, total:0.98|0.32|0.48
epoch:146, loss: 0.12457314685538963, other:0.92|1.00|0.96, company:0.97|0.84|0.90, address:1.00|0.80|0.89, date:0.99|0.49|0.66, total:0.98|0.32|0.48
epoch:147, loss: 0.12241888211833106, other:0.92|1.00|0.96, company:0.99|0.77|0.86, address:0.99|0.79|0.88, date:0.99|0.53|0.69, total:0.97|0.33|0.49
epoch:148, loss: 0.12358587731917699, other:0.92|1.00|0.96, company:0.96|0.86|0.91, address:0.99|0.84|0.91, date:1.00|0.51|0.67, total:0.98|0.33|0.50
epoch:149, loss: 0.13712844832075965, other:0.90|1.00|0.95, company:0.97|0.81|0.88, address:1.00|0.79|0.88, date:1.00|0.42|0.59, total:0.99|0.30|0.46
epoch:150, loss: 0.13438266239784383, other:0.92|1.00|0.96, company:0.92|0.86|0.89, address:1.00|0.78|0.88, date:1.00|0.51|0.68, total:0.98|0.32|0.49
epoch:151, loss: 0.12129792019172951, other:0.92|1.00|0.96, company:0.98|0.82|0.89, address:1.00|0.79|0.88, date:1.00|0.51|0.67, total:0.98|0.32|0.48
epoch:152, loss: 0.11477346828690281, other:0.93|1.00|0.96, company:0.97|0.85|0.91, address:0.99|0.82|0.90, date:1.00|0.57|0.72, total:0.97|0.36|0.53
epoch:153, loss: 0.11600057008089842, other:0.92|1.00|0.96, company:0.97|0.84|0.90, address:1.00|0.78|0.87, date:1.00|0.55|0.70, total:0.98|0.34|0.51
epoch:154, loss: 0.11327286340572217, other:0.93|1.00|0.96, company:0.97|0.84|0.90, address:1.00|0.83|0.90, date:0.99|0.59|0.74, total:0.97|0.34|0.51
epoch:155, loss: 0.11624092829448206, other:0.93|1.00|0.96, company:0.97|0.83|0.90, address:1.00|0.82|0.90, date:1.00|0.55|0.70, total:0.98|0.35|0.51
epoch:156, loss: 0.11676010296300605, other:0.92|1.00|0.96, company:0.98|0.85|0.91, address:1.00|0.80|0.89, date:1.00|0.51|0.68, total:0.98|0.35|0.51
epoch:157, loss: 0.1124617396681397, other:0.93|1.00|0.96, company:0.98|0.86|0.91, address:1.00|0.83|0.91, date:1.00|0.56|0.72, total:0.98|0.33|0.50
epoch:158, loss: 0.12713134095624642, other:0.93|1.00|0.96, company:0.95|0.85|0.90, address:0.99|0.84|0.91, date:1.00|0.52|0.68, total:0.96|0.35|0.51
epoch:159, loss: 0.12573176070495887, other:0.91|1.00|0.95, company:0.97|0.81|0.89, address:1.00|0.78|0.87, date:1.00|0.46|0.63, total:0.99|0.32|0.48
epoch:160, loss: 0.11885953639392499, other:0.92|1.00|0.96, company:0.98|0.84|0.90, address:0.99|0.79|0.88, date:1.00|0.49|0.66, total:0.98|0.34|0.50
epoch:161, loss: 0.11965865034748006, other:0.93|1.00|0.96, company:0.95|0.86|0.90, address:0.99|0.83|0.90, date:1.00|0.53|0.69, total:0.97|0.35|0.51
epoch:162, loss: 0.12229847107772474, other:0.94|1.00|0.97, company:0.91|0.86|0.88, address:1.00|0.81|0.89, date:1.00|0.55|0.71, total:0.97|0.38|0.55
epoch:163, loss: 0.11263779605980273, other:0.94|1.00|0.97, company:0.96|0.86|0.91, address:0.99|0.83|0.91, date:0.99|0.59|0.74, total:0.96|0.38|0.54
epoch:164, loss: 0.1272574183013704, other:0.93|1.00|0.96, company:0.93|0.86|0.89, address:0.99|0.83|0.90, date:1.00|0.53|0.69, total:0.97|0.33|0.50
epoch:165, loss: 0.1120108887553215, other:0.92|1.00|0.96, company:0.99|0.81|0.89, address:0.99|0.83|0.90, date:1.00|0.54|0.70, total:0.98|0.34|0.50
epoch:166, loss: 0.11337391287088394, other:0.92|1.00|0.96, company:0.98|0.83|0.90, address:1.00|0.78|0.87, date:1.00|0.54|0.70, total:0.99|0.33|0.50
epoch:167, loss: 0.1339790854189131, other:0.92|1.00|0.96, company:0.93|0.87|0.90, address:0.98|0.82|0.89, date:1.00|0.53|0.69, total:0.99|0.32|0.48
epoch:168, loss: 0.11604855292373234, other:0.92|1.00|0.96, company:1.00|0.77|0.87, address:0.99|0.79|0.88, date:1.00|0.53|0.70, total:0.98|0.35|0.51
epoch:169, loss: 0.13261111604946632, other:0.92|1.00|0.96, company:0.91|0.87|0.89, address:0.99|0.81|0.89, date:1.00|0.48|0.64, total:0.98|0.35|0.52
epoch:170, loss: 0.11771811544895172, other:0.92|1.00|0.96, company:0.99|0.84|0.91, address:0.99|0.80|0.89, date:1.00|0.51|0.67, total:0.98|0.34|0.50
epoch:171, loss: 0.11377569122446908, other:0.92|1.00|0.96, company:0.99|0.81|0.89, address:1.00|0.77|0.87, date:1.00|0.54|0.70, total:0.98|0.35|0.52
epoch:172, loss: 0.1130507442134398, other:0.94|1.00|0.97, company:0.94|0.85|0.89, address:0.99|0.81|0.89, date:0.99|0.59|0.74, total:0.97|0.38|0.55
epoch:173, loss: 0.11420596998046946, other:0.92|1.00|0.96, company:0.98|0.80|0.88, address:1.00|0.76|0.86, date:1.00|0.57|0.73, total:0.99|0.33|0.50
epoch:174, loss: 0.11174966284522304, other:0.92|1.00|0.96, company:0.98|0.83|0.90, address:1.00|0.79|0.88, date:1.00|0.57|0.72, total:0.99|0.34|0.51
epoch:175, loss: 0.11355442967679766, other:0.93|1.00|0.96, company:0.97|0.84|0.90, address:0.99|0.84|0.91, date:1.00|0.52|0.69, total:0.98|0.37|0.53
epoch:176, loss: 0.10826307507576766, other:0.93|1.00|0.96, company:0.98|0.86|0.91, address:0.99|0.85|0.92, date:0.99|0.58|0.74, total:0.99|0.33|0.50
epoch:177, loss: 0.10184727498778591, other:0.93|1.00|0.97, company:0.99|0.82|0.90, address:1.00|0.83|0.90, date:1.00|0.59|0.74, total:0.98|0.37|0.54
epoch:178, loss: 0.10571668600594555, other:0.93|1.00|0.96, company:0.99|0.83|0.90, address:1.00|0.81|0.90, date:1.00|0.56|0.71, total:0.99|0.35|0.51
epoch:179, loss: 0.11421747478070082, other:0.93|1.00|0.96, company:0.94|0.84|0.89, address:0.99|0.81|0.89, date:1.00|0.57|0.73, total:0.99|0.36|0.53
epoch:180, loss: 0.09711037245061663, other:0.94|1.00|0.97, company:0.98|0.85|0.91, address:1.00|0.84|0.91, date:1.00|0.61|0.76, total:0.98|0.37|0.54
epoch:181, loss: 0.10405333892062858, other:0.93|1.00|0.97, company:0.97|0.87|0.92, address:0.99|0.85|0.92, date:1.00|0.57|0.73, total:0.99|0.35|0.52
epoch:182, loss: 0.09435077673859066, other:0.94|1.00|0.97, company:0.99|0.84|0.91, address:1.00|0.83|0.90, date:1.00|0.60|0.75, total:0.98|0.39|0.55
epoch:183, loss: 0.09881991948242541, other:0.94|1.00|0.97, company:0.98|0.87|0.92, address:1.00|0.81|0.89, date:1.00|0.63|0.77, total:0.98|0.39|0.55
epoch:184, loss: 0.11325848240543294, other:0.94|1.00|0.97, company:0.94|0.87|0.90, address:0.98|0.85|0.91, date:1.00|0.58|0.73, total:0.99|0.37|0.54
epoch:185, loss: 0.10776723534972579, other:0.92|1.00|0.96, company:0.99|0.84|0.91, address:1.00|0.82|0.90, date:1.00|0.51|0.67, total:0.99|0.34|0.50
epoch:186, loss: 0.09772899719300093, other:0.93|1.00|0.97, company:0.99|0.86|0.92, address:1.00|0.83|0.91, date:1.00|0.55|0.71, total:0.99|0.38|0.55
epoch:187, loss: 0.11917700011421133, other:0.92|1.00|0.96, company:0.94|0.85|0.89, address:1.00|0.79|0.88, date:1.00|0.55|0.71, total:1.00|0.31|0.47
epoch:188, loss: 0.11101504580842124, other:0.92|1.00|0.96, company:0.96|0.85|0.90, address:1.00|0.83|0.91, date:1.00|0.55|0.71, total:0.99|0.32|0.48
epoch:189, loss: 0.11084718836678399, other:0.92|1.00|0.96, company:0.96|0.86|0.91, address:1.00|0.80|0.89, date:1.00|0.55|0.71, total:0.99|0.33|0.50
epoch:190, loss: 0.10836795275961911, other:0.93|1.00|0.96, company:0.96|0.84|0.90, address:1.00|0.82|0.90, date:1.00|0.58|0.73, total:0.98|0.33|0.50
epoch:191, loss: 0.10132865718117466, other:0.93|1.00|0.96, company:0.98|0.83|0.90, address:1.00|0.79|0.88, date:1.00|0.59|0.74, total:0.98|0.37|0.53
epoch:192, loss: 0.10729212534648401, other:0.93|1.00|0.96, company:0.97|0.86|0.91, address:1.00|0.82|0.90, date:1.00|0.57|0.72, total:0.99|0.34|0.50
epoch:193, loss: 0.10760273618830575, other:0.92|1.00|0.96, company:1.00|0.81|0.90, address:1.00|0.82|0.90, date:1.00|0.58|0.73, total:0.97|0.33|0.49
epoch:194, loss: 0.10229355814280333, other:0.94|1.00|0.97, company:0.97|0.86|0.91, address:1.00|0.84|0.91, date:1.00|0.63|0.77, total:0.98|0.37|0.54
epoch:195, loss: 0.1006641639051614, other:0.93|1.00|0.96, company:0.98|0.87|0.92, address:1.00|0.82|0.90, date:1.00|0.56|0.72, total:0.99|0.35|0.52
epoch:196, loss: 0.10187156084511015, other:0.94|1.00|0.97, company:0.96|0.87|0.91, address:1.00|0.86|0.92, date:1.00|0.58|0.73, total:0.99|0.36|0.53
epoch:197, loss: 0.10364861813960252, other:0.93|1.00|0.97, company:0.96|0.86|0.91, address:1.00|0.84|0.91, date:1.00|0.57|0.72, total:0.99|0.37|0.53
epoch:198, loss: 0.09823469790043654, other:0.93|1.00|0.97, company:0.99|0.87|0.92, address:1.00|0.85|0.92, date:1.00|0.55|0.71, total:0.99|0.38|0.55
epoch:199, loss: 0.09630857821967867, other:0.93|1.00|0.97, company:0.98|0.86|0.91, address:1.00|0.84|0.91, date:1.00|0.58|0.74, total:1.00|0.36|0.53
epoch:200, loss: 0.09252091966293476, other:0.94|1.00|0.97, company:0.99|0.84|0.91, address:1.00|0.84|0.91, date:1.00|0.61|0.76, total:0.99|0.37|0.53
epoch:201, loss: 0.09645202397196381, other:0.94|1.00|0.97, company:0.99|0.84|0.91, address:1.00|0.87|0.93, date:1.00|0.56|0.72, total:0.99|0.38|0.55
epoch:202, loss: 0.09582847522364722, other:0.94|1.00|0.97, company:0.98|0.86|0.92, address:1.00|0.85|0.92, date:1.00|0.57|0.72, total:0.99|0.39|0.55
epoch:203, loss: 0.10054528713226318, other:0.93|1.00|0.96, company:0.99|0.85|0.91, address:1.00|0.80|0.89, date:1.00|0.55|0.71, total:0.99|0.35|0.52
epoch:204, loss: 0.10376800762282477, other:0.92|1.00|0.96, company:0.99|0.83|0.90, address:1.00|0.79|0.88, date:1.00|0.56|0.72, total:0.99|0.34|0.51
epoch:205, loss: 0.0994368060319512, other:0.94|1.00|0.97, company:0.96|0.87|0.92, address:1.00|0.83|0.91, date:1.00|0.58|0.73, total:0.98|0.40|0.57
epoch:206, loss: 0.08993709887619372, other:0.94|1.00|0.97, company:0.99|0.85|0.92, address:1.00|0.86|0.92, date:1.00|0.63|0.77, total:0.99|0.38|0.54
epoch:207, loss: 0.1060769913925065, other:0.93|1.00|0.96, company:1.00|0.82|0.90, address:0.99|0.84|0.91, date:1.00|0.54|0.70, total:0.97|0.35|0.52
epoch:208, loss: 0.09398098483129784, other:0.94|1.00|0.97, company:0.99|0.87|0.93, address:1.00|0.88|0.94, date:1.00|0.54|0.70, total:0.99|0.40|0.57
epoch:209, loss: 0.09745215155460217, other:0.94|1.00|0.97, company:0.97|0.86|0.91, address:1.00|0.83|0.90, date:1.00|0.58|0.73, total:0.99|0.39|0.56
epoch:210, loss: 0.09885765198204252, other:0.93|1.00|0.97, company:0.97|0.88|0.92, address:1.00|0.86|0.92, date:1.00|0.54|0.70, total:0.99|0.37|0.54
epoch:211, loss: 0.09866845938894483, other:0.94|1.00|0.97, company:0.98|0.86|0.91, address:1.00|0.86|0.92, date:1.00|0.58|0.73, total:0.99|0.36|0.53
epoch:212, loss: 0.09587432664853555, other:0.93|1.00|0.96, company:0.99|0.84|0.91, address:1.00|0.82|0.90, date:1.00|0.56|0.72, total:0.99|0.38|0.55
epoch:213, loss: 0.09214732161274662, other:0.93|1.00|0.97, company:0.99|0.86|0.92, address:1.00|0.83|0.91, date:1.00|0.61|0.76, total:0.99|0.35|0.52
epoch:214, loss: 0.08914210661141961, other:0.94|1.00|0.97, company:0.99|0.84|0.91, address:1.00|0.84|0.91, date:1.00|0.62|0.76, total:0.99|0.40|0.57
epoch:215, loss: 0.09130046902983277, other:0.94|1.00|0.97, company:0.98|0.86|0.92, address:1.00|0.85|0.92, date:1.00|0.64|0.78, total:0.99|0.37|0.54
epoch:216, loss: 0.10717345691389507, other:0.93|1.00|0.96, company:0.97|0.85|0.90, address:1.00|0.81|0.89, date:1.00|0.59|0.74, total:0.99|0.34|0.50
epoch:217, loss: 0.10411674032608668, other:0.93|1.00|0.97, company:0.95|0.87|0.91, address:1.00|0.81|0.89, date:1.00|0.57|0.72, total:0.99|0.37|0.54
epoch:218, loss: 0.09634348998467128, other:0.94|1.00|0.97, company:0.99|0.84|0.91, address:1.00|0.86|0.93, date:1.00|0.58|0.73, total:0.98|0.39|0.56
epoch:219, loss: 0.09082271669197965, other:0.94|1.00|0.97, company:0.99|0.86|0.92, address:1.00|0.83|0.90, date:1.00|0.62|0.76, total:1.00|0.37|0.54
epoch:220, loss: 0.08767757675162068, other:0.94|1.00|0.97, company:0.99|0.85|0.91, address:1.00|0.86|0.92, date:1.00|0.61|0.76, total:0.99|0.38|0.55
epoch:221, loss: 0.0849009092759203, other:0.94|1.00|0.97, company:1.00|0.85|0.92, address:1.00|0.86|0.92, date:1.00|0.61|0.76, total:0.99|0.41|0.58
epoch:222, loss: 0.08487214299815672, other:0.94|1.00|0.97, company:0.99|0.86|0.92, address:1.00|0.88|0.93, date:1.00|0.63|0.77, total:0.99|0.38|0.55
epoch:223, loss: 0.09201725986268786, other:0.94|1.00|0.97, company:0.98|0.86|0.91, address:1.00|0.85|0.92, date:1.00|0.57|0.72, total:0.99|0.38|0.55
epoch:224, loss: 0.08508306589943392, other:0.94|1.00|0.97, company:0.98|0.87|0.92, address:1.00|0.87|0.93, date:1.00|0.65|0.79, total:0.99|0.39|0.56
epoch:225, loss: 0.12719770327762323, other:0.93|1.00|0.96, company:0.91|0.87|0.89, address:0.99|0.84|0.91, date:1.00|0.49|0.66, total:0.99|0.36|0.53
epoch:226, loss: 0.08876109137027352, other:0.94|1.00|0.97, company:1.00|0.81|0.89, address:1.00|0.82|0.90, date:1.00|0.58|0.74, total:0.99|0.40|0.57
epoch:227, loss: 0.09337851377548995, other:0.94|1.00|0.97, company:0.98|0.88|0.92, address:1.00|0.87|0.93, date:1.00|0.56|0.72, total:1.00|0.37|0.54
epoch:228, loss: 0.09788746690308606, other:0.94|1.00|0.97, company:0.99|0.86|0.92, address:0.99|0.87|0.93, date:1.00|0.53|0.70, total:0.99|0.38|0.55
epoch:229, loss: 0.09968834756701081, other:0.92|1.00|0.96, company:1.00|0.83|0.91, address:1.00|0.85|0.92, date:1.00|0.52|0.68, total:1.00|0.33|0.50
epoch:230, loss: 0.08713552852471669, other:0.94|1.00|0.97, company:0.99|0.86|0.92, address:1.00|0.86|0.92, date:1.00|0.59|0.74, total:0.99|0.40|0.57
epoch:231, loss: 0.08936535622234698, other:0.94|1.00|0.97, company:0.99|0.85|0.92, address:1.00|0.88|0.94, date:1.00|0.59|0.74, total:1.00|0.37|0.54
epoch:232, loss: 0.09366763327960614, other:0.93|1.00|0.97, company:0.99|0.86|0.92, address:1.00|0.82|0.90, date:1.00|0.58|0.73, total:0.99|0.38|0.55
epoch:233, loss: 0.08266262309970679, other:0.95|1.00|0.97, company:0.99|0.87|0.92, address:1.00|0.87|0.93, date:1.00|0.64|0.78, total:0.98|0.41|0.58
epoch:234, loss: 0.08358559785065828, other:0.94|1.00|0.97, company:1.00|0.83|0.91, address:1.00|0.86|0.92, date:1.00|0.60|0.75, total:0.99|0.41|0.58
epoch:235, loss: 0.08762060726682346, other:0.94|1.00|0.97, company:0.98|0.86|0.92, address:1.00|0.88|0.94, date:1.00|0.64|0.78, total:1.00|0.37|0.54
epoch:236, loss: 0.09220134135749605, other:0.93|1.00|0.97, company:1.00|0.87|0.93, address:1.00|0.89|0.94, date:1.00|0.57|0.73, total:1.00|0.35|0.51
epoch:237, loss: 0.09619968550072776, other:0.93|1.00|0.96, company:1.00|0.86|0.92, address:1.00|0.89|0.94, date:1.00|0.56|0.72, total:1.00|0.33|0.49
epoch:238, loss: 0.08830673951241705, other:0.94|1.00|0.97, company:0.98|0.87|0.92, address:1.00|0.88|0.94, date:1.00|0.56|0.72, total:0.99|0.38|0.55
epoch:239, loss: 0.09346961064471139, other:0.93|1.00|0.96, company:1.00|0.83|0.91, address:1.00|0.86|0.92, date:1.00|0.53|0.70, total:0.99|0.35|0.52
epoch:240, loss: 0.08250239863991737, other:0.94|1.00|0.97, company:0.99|0.86|0.92, address:1.00|0.86|0.92, date:1.00|0.62|0.76, total:0.99|0.39|0.56
epoch:241, loss: 0.0880877262464276, other:0.94|1.00|0.97, company:0.99|0.87|0.92, address:1.00|0.86|0.93, date:1.00|0.58|0.74, total:0.99|0.38|0.55
epoch:242, loss: 0.09764042993386586, other:0.93|1.00|0.96, company:0.99|0.86|0.92, address:1.00|0.84|0.91, date:1.00|0.54|0.70, total:1.00|0.33|0.50
epoch:243, loss: 0.09409314449186679, other:0.94|1.00|0.97, company:0.96|0.87|0.92, address:0.99|0.88|0.93, date:1.00|0.63|0.77, total:1.00|0.37|0.54
epoch:244, loss: 0.08386046770546171, other:0.94|1.00|0.97, company:0.99|0.87|0.93, address:1.00|0.83|0.91, date:1.00|0.64|0.78, total:0.99|0.38|0.55
epoch:245, loss: 0.08063961993213054, other:0.94|1.00|0.97, company:1.00|0.85|0.92, address:1.00|0.88|0.93, date:1.00|0.64|0.78, total:0.99|0.38|0.55
epoch:246, loss: 0.09529002121201267, other:0.94|1.00|0.97, company:0.97|0.85|0.91, address:1.00|0.80|0.89, date:1.00|0.58|0.73, total:0.99|0.40|0.57
epoch:247, loss: 0.09633154532423725, other:0.93|1.00|0.96, company:0.99|0.84|0.91, address:1.00|0.85|0.92, date:1.00|0.56|0.72, total:1.00|0.35|0.52
epoch:248, loss: 0.0842067469601278, other:0.94|1.00|0.97, company:0.99|0.86|0.92, address:1.00|0.85|0.91, date:1.00|0.61|0.76, total:0.99|0.40|0.57
epoch:249, loss: 0.09171173059278065, other:0.93|1.00|0.96, company:1.00|0.86|0.92, address:1.00|0.85|0.92, date:1.00|0.62|0.76, total:1.00|0.34|0.51
epoch:250, loss: 0.09765324244896571, other:0.93|1.00|0.96, company:0.99|0.88|0.93, address:1.00|0.87|0.93, date:1.00|0.54|0.70, total:0.99|0.35|0.52
epoch:251, loss: 0.08676506040824784, other:0.94|1.00|0.97, company:1.00|0.86|0.92, address:1.00|0.87|0.93, date:1.00|0.61|0.76, total:0.99|0.37|0.54
epoch:252, loss: 0.1082374194154033, other:0.95|1.00|0.97, company:0.87|0.89|0.88, address:1.00|0.82|0.90, date:1.00|0.66|0.80, total:0.98|0.42|0.59
epoch:253, loss: 0.08912468453248341, other:0.94|1.00|0.97, company:0.96|0.87|0.91, address:1.00|0.87|0.93, date:1.00|0.64|0.78, total:1.00|0.39|0.56
epoch:254, loss: 0.08022262473349218, other:0.94|1.00|0.97, company:1.00|0.86|0.92, address:1.00|0.89|0.94, date:1.00|0.62|0.77, total:1.00|0.38|0.55
epoch:255, loss: 0.09185879663736732, other:0.94|1.00|0.97, company:0.99|0.85|0.92, address:0.99|0.87|0.93, date:1.00|0.59|0.75, total:0.99|0.39|0.55
epoch:256, loss: 0.08543880628766837, other:0.94|1.00|0.97, company:1.00|0.85|0.92, address:1.00|0.88|0.93, date:1.00|0.57|0.73, total:1.00|0.38|0.55
epoch:257, loss: 0.084711241501349, other:0.95|1.00|0.97, company:0.98|0.88|0.93, address:0.99|0.88|0.93, date:1.00|0.64|0.78, total:0.99|0.42|0.59
epoch:258, loss: 0.07598812988510838, other:0.95|1.00|0.97, company:1.00|0.85|0.92, address:1.00|0.86|0.93, date:1.00|0.62|0.77, total:0.99|0.42|0.59
epoch:259, loss: 0.07450659600672899, other:0.95|1.00|0.97, company:1.00|0.86|0.92, address:1.00|0.86|0.92, date:1.00|0.67|0.80, total:0.99|0.43|0.60
epoch:260, loss: 0.08090218805052617, other:0.94|1.00|0.97, company:1.00|0.87|0.93, address:1.00|0.89|0.94, date:1.00|0.63|0.77, total:0.99|0.39|0.56
epoch:261, loss: 0.0820793477749383, other:0.95|1.00|0.97, company:0.97|0.87|0.92, address:1.00|0.86|0.92, date:1.00|0.63|0.77, total:1.00|0.41|0.58
epoch:262, loss: 0.07937620828549068, other:0.95|1.00|0.97, company:0.98|0.88|0.93, address:1.00|0.88|0.93, date:1.00|0.64|0.78, total:1.00|0.40|0.57
epoch:263, loss: 0.08393254172470835, other:0.95|1.00|0.97, company:0.98|0.87|0.92, address:0.99|0.88|0.93, date:1.00|0.64|0.78, total:1.00|0.41|0.58
epoch:264, loss: 0.07929241160551707, other:0.94|1.00|0.97, company:1.00|0.84|0.91, address:1.00|0.83|0.91, date:1.00|0.64|0.78, total:1.00|0.40|0.57
epoch:265, loss: 0.07457767495954479, other:0.95|1.00|0.97, company:1.00|0.84|0.91, address:1.00|0.87|0.93, date:1.00|0.66|0.79, total:0.98|0.41|0.58
epoch:266, loss: 0.07630963761497427, other:0.95|1.00|0.97, company:0.98|0.87|0.92, address:1.00|0.87|0.93, date:1.00|0.66|0.79, total:0.99|0.44|0.61
epoch:267, loss: 0.07003058355163645, other:0.95|1.00|0.98, company:1.00|0.87|0.93, address:1.00|0.90|0.95, date:1.00|0.68|0.81, total:1.00|0.42|0.59
epoch:268, loss: 0.0756522534346139, other:0.95|1.00|0.97, company:1.00|0.86|0.92, address:1.00|0.88|0.93, date:1.00|0.67|0.80, total:1.00|0.40|0.57
epoch:269, loss: 0.07701350817525829, other:0.95|1.00|0.97, company:0.99|0.88|0.93, address:1.00|0.87|0.93, date:1.00|0.64|0.78, total:1.00|0.40|0.57
epoch:270, loss: 0.08266896519947935, other:0.94|1.00|0.97, company:1.00|0.82|0.90, address:1.00|0.83|0.91, date:1.00|0.64|0.78, total:0.99|0.39|0.56
epoch:271, loss: 0.07623020407778246, other:0.95|1.00|0.97, company:0.99|0.89|0.94, address:1.00|0.88|0.94, date:1.00|0.65|0.79, total:0.99|0.42|0.59
epoch:272, loss: 0.07290944429459395, other:0.95|1.00|0.97, company:1.00|0.88|0.93, address:1.00|0.88|0.93, date:1.00|0.67|0.80, total:1.00|0.42|0.59
epoch:273, loss: 0.07100852979002176, other:0.95|1.00|0.98, company:0.99|0.88|0.93, address:1.00|0.89|0.94, date:1.00|0.68|0.81, total:0.99|0.42|0.59
epoch:274, loss: 0.08453216596885964, other:0.94|1.00|0.97, company:0.99|0.86|0.92, address:1.00|0.86|0.92, date:1.00|0.55|0.71, total:1.00|0.40|0.58
epoch:275, loss: 0.07466082150737445, other:0.95|1.00|0.97, company:1.00|0.86|0.92, address:1.00|0.87|0.93, date:1.00|0.64|0.78, total:0.99|0.41|0.58
epoch:276, loss: 0.07378427960254529, other:0.95|1.00|0.97, company:1.00|0.86|0.92, address:1.00|0.88|0.93, date:1.00|0.65|0.79, total:1.00|0.41|0.58
epoch:277, loss: 0.06870640786709609, other:0.95|1.00|0.98, company:1.00|0.83|0.91, address:1.00|0.89|0.94, date:1.00|0.67|0.80, total:0.99|0.47|0.64
epoch:278, loss: 0.07535392556477476, other:0.95|1.00|0.97, company:1.00|0.85|0.92, address:1.00|0.87|0.93, date:1.00|0.60|0.75, total:0.99|0.43|0.60
epoch:279, loss: 0.08047924370125488, other:0.95|1.00|0.97, company:0.97|0.91|0.94, address:1.00|0.86|0.93, date:1.00|0.65|0.79, total:1.00|0.42|0.59
epoch:280, loss: 0.07668162509799004, other:0.94|1.00|0.97, company:1.00|0.85|0.92, address:1.00|0.86|0.92, date:1.00|0.63|0.77, total:1.00|0.40|0.57
epoch:281, loss: 0.07662760852663605, other:0.95|1.00|0.97, company:0.99|0.85|0.92, address:1.00|0.87|0.93, date:1.00|0.62|0.77, total:0.99|0.42|0.59
epoch:282, loss: 0.07984410930011007, other:0.95|1.00|0.97, company:0.97|0.87|0.92, address:1.00|0.85|0.92, date:1.00|0.67|0.80, total:1.00|0.41|0.58
epoch:283, loss: 0.08882761981200289, other:0.94|1.00|0.97, company:0.95|0.88|0.91, address:1.00|0.86|0.92, date:1.00|0.63|0.77, total:1.00|0.37|0.54
epoch:284, loss: 0.07648795511987475, other:0.95|1.00|0.97, company:1.00|0.85|0.92, address:1.00|0.85|0.92, date:1.00|0.64|0.78, total:0.99|0.43|0.60
epoch:285, loss: 0.08588437860210736, other:0.93|1.00|0.97, company:1.00|0.84|0.91, address:1.00|0.85|0.92, date:1.00|0.58|0.73, total:1.00|0.36|0.53
epoch:286, loss: 0.07958876755502489, other:0.94|1.00|0.97, company:0.99|0.88|0.93, address:1.00|0.87|0.93, date:1.00|0.58|0.73, total:0.99|0.39|0.56
epoch:287, loss: 0.07321783831274067, other:0.95|1.00|0.97, company:0.99|0.87|0.93, address:1.00|0.88|0.94, date:1.00|0.64|0.78, total:0.99|0.43|0.60
epoch:288, loss: 0.08117310578624408, other:0.94|1.00|0.97, company:0.99|0.87|0.93, address:1.00|0.88|0.93, date:1.00|0.57|0.73, total:1.00|0.39|0.56
epoch:289, loss: 0.07779117452877539, other:0.94|1.00|0.97, company:0.99|0.87|0.93, address:1.00|0.87|0.93, date:1.00|0.61|0.76, total:1.00|0.39|0.56
epoch:290, loss: 0.06843963872503352, other:0.95|1.00|0.98, company:1.00|0.87|0.93, address:1.00|0.89|0.94, date:1.00|0.70|0.82, total:1.00|0.42|0.59
epoch:291, loss: 0.0725335751970609, other:0.95|1.00|0.98, company:0.97|0.89|0.93, address:1.00|0.87|0.93, date:1.00|0.66|0.80, total:0.99|0.44|0.61
epoch:292, loss: 0.0693937059905794, other:0.95|1.00|0.97, company:1.00|0.85|0.92, address:1.00|0.89|0.94, date:1.00|0.64|0.78, total:1.00|0.43|0.60
epoch:293, loss: 0.07069404105897303, other:0.95|1.00|0.97, company:1.00|0.87|0.93, address:1.00|0.89|0.94, date:1.00|0.64|0.78, total:0.99|0.41|0.59
epoch:294, loss: 0.07645733778675397, other:0.94|1.00|0.97, company:1.00|0.85|0.92, address:1.00|0.85|0.92, date:1.00|0.63|0.77, total:1.00|0.41|0.58
epoch:295, loss: 0.06853017818044733, other:0.95|1.00|0.98, company:0.99|0.89|0.94, address:1.00|0.89|0.94, date:1.00|0.68|0.81, total:1.00|0.43|0.60
epoch:296, loss: 0.07602101633394207, other:0.94|1.00|0.97, company:1.00|0.85|0.92, address:1.00|0.84|0.91, date:1.00|0.64|0.78, total:1.00|0.41|0.58
epoch:297, loss: 0.07768461232384045, other:0.94|1.00|0.97, company:1.00|0.85|0.92, address:1.00|0.86|0.93, date:1.00|0.60|0.75, total:1.00|0.39|0.56
epoch:298, loss: 0.07935745158681164, other:0.94|1.00|0.97, company:1.00|0.87|0.93, address:1.00|0.89|0.94, date:1.00|0.58|0.73, total:1.00|0.39|0.57
epoch:299, loss: 0.07330195536767994, other:0.95|1.00|0.97, company:0.99|0.88|0.93, address:1.00|0.88|0.94, date:1.00|0.63|0.77, total:0.99|0.43|0.60
