epoch:0, loss: 1.08546898983143, other:0.98|0.94|0.96, company:0.25|0.66|0.37, address:0.56|0.46|0.51, date:0.00|0.00|0.00, total:0.00|0.00|0.00
epoch:1, loss: 0.808940401783696, other:0.96|0.95|0.95, company:0.00|0.75|0.01, address:0.83|0.42|0.56, date:0.00|0.25|0.00, total:0.09|0.25|0.13
epoch:2, loss: 0.649164100488027, other:0.88|0.97|0.92, company:0.27|0.72|0.39, address:0.94|0.37|0.53, date:0.13|0.22|0.16, total:0.45|0.17|0.25
epoch:3, loss: 0.5771090454525418, other:0.83|0.98|0.90, company:0.48|0.77|0.59, address:0.95|0.39|0.55, date:0.40|0.31|0.35, total:0.67|0.15|0.24
epoch:4, loss: 0.5359761494177359, other:0.87|0.98|0.92, company:0.43|0.84|0.57, address:0.95|0.44|0.60, date:0.45|0.27|0.34, total:0.56|0.18|0.27
epoch:5, loss: 0.491553325344015, other:0.82|0.98|0.89, company:0.77|0.76|0.77, address:0.92|0.44|0.59, date:0.50|0.31|0.38, total:0.75|0.15|0.24
epoch:6, loss: 0.4628585930223818, other:0.83|0.98|0.90, company:0.88|0.68|0.77, address:0.92|0.44|0.60, date:0.52|0.30|0.38, total:0.73|0.16|0.27
epoch:7, loss: 0.4329502317640517, other:0.85|0.98|0.91, company:0.73|0.84|0.78, address:0.97|0.47|0.63, date:0.54|0.30|0.38, total:0.66|0.18|0.28
epoch:8, loss: 0.4090819877606851, other:0.83|0.98|0.90, company:0.79|0.85|0.82, address:0.97|0.46|0.63, date:0.55|0.33|0.41, total:0.80|0.16|0.27
epoch:9, loss: 0.3864375220404731, other:0.86|0.98|0.92, company:0.81|0.84|0.82, address:0.97|0.48|0.64, date:0.65|0.30|0.41, total:0.68|0.20|0.31
epoch:10, loss: 0.37027589700840136, other:0.83|0.99|0.90, company:0.84|0.81|0.82, address:0.97|0.48|0.65, date:0.69|0.32|0.44, total:0.84|0.18|0.30
epoch:11, loss: 0.3541773811534599, other:0.85|0.99|0.91, company:0.88|0.78|0.83, address:0.98|0.50|0.66, date:0.70|0.31|0.43, total:0.76|0.21|0.33
epoch:12, loss: 0.3453752045278196, other:0.85|0.99|0.92, company:0.84|0.80|0.82, address:0.98|0.51|0.67, date:0.71|0.32|0.44, total:0.79|0.21|0.34
epoch:13, loss: 0.33006721293484725, other:0.85|0.99|0.92, company:0.86|0.80|0.83, address:0.98|0.51|0.67, date:0.74|0.33|0.46, total:0.81|0.21|0.34
epoch:14, loss: 0.3260740786790848, other:0.84|0.99|0.91, company:0.88|0.79|0.83, address:0.98|0.51|0.67, date:0.77|0.30|0.43, total:0.86|0.21|0.33
epoch:15, loss: 0.3137473138394179, other:0.85|0.99|0.91, company:0.87|0.79|0.83, address:0.98|0.54|0.69, date:0.76|0.31|0.44, total:0.86|0.21|0.34
epoch:16, loss: 0.30610157935707655, other:0.85|0.99|0.92, company:0.88|0.79|0.83, address:0.98|0.55|0.71, date:0.77|0.32|0.45, total:0.84|0.22|0.34
epoch:17, loss: 0.30496143577275453, other:0.83|0.99|0.91, company:0.89|0.81|0.85, address:0.97|0.57|0.72, date:0.77|0.32|0.46, total:0.93|0.18|0.30
epoch:18, loss: 0.2945030386801119, other:0.85|0.99|0.92, company:0.88|0.80|0.84, address:0.98|0.55|0.71, date:0.78|0.32|0.46, total:0.86|0.22|0.35
epoch:19, loss: 0.29513081853036527, other:0.84|0.99|0.91, company:0.86|0.82|0.84, address:0.98|0.57|0.72, date:0.83|0.29|0.43, total:0.90|0.21|0.34
epoch:20, loss: 0.2976985800045508, other:0.85|0.99|0.92, company:0.85|0.83|0.84, address:0.98|0.56|0.71, date:0.83|0.31|0.45, total:0.87|0.21|0.34
epoch:21, loss: 0.2810305831608949, other:0.85|0.99|0.92, company:0.92|0.77|0.84, address:0.98|0.54|0.70, date:0.84|0.30|0.44, total:0.84|0.24|0.37
epoch:22, loss: 0.28649776953238026, other:0.86|0.99|0.92, company:0.84|0.83|0.84, address:0.98|0.58|0.73, date:0.79|0.35|0.49, total:0.91|0.21|0.34
epoch:23, loss: 0.27086607615152997, other:0.86|0.99|0.92, company:0.87|0.83|0.85, address:0.98|0.59|0.74, date:0.88|0.34|0.49, total:0.87|0.24|0.37
epoch:24, loss: 0.259968552324507, other:0.87|0.99|0.93, company:0.88|0.81|0.85, address:0.98|0.60|0.74, date:0.84|0.38|0.53, total:0.87|0.24|0.37
epoch:25, loss: 0.25891619037698815, other:0.86|0.99|0.92, company:0.90|0.80|0.85, address:0.98|0.59|0.73, date:0.84|0.34|0.49, total:0.88|0.23|0.36
epoch:26, loss: 0.2562098613491765, other:0.86|0.99|0.92, company:0.91|0.75|0.82, address:0.99|0.56|0.71, date:0.87|0.36|0.51, total:0.90|0.23|0.37
epoch:27, loss: 0.24735830117155005, other:0.87|0.99|0.93, company:0.91|0.79|0.85, address:0.98|0.59|0.74, date:0.85|0.43|0.57, total:0.92|0.22|0.36
epoch:28, loss: 0.24557595451672873, other:0.87|0.99|0.92, company:0.93|0.74|0.83, address:0.98|0.58|0.73, date:0.90|0.34|0.50, total:0.86|0.25|0.39
epoch:29, loss: 0.25487980632870283, other:0.88|0.99|0.93, company:0.87|0.82|0.84, address:0.97|0.63|0.77, date:0.88|0.40|0.55, total:0.91|0.24|0.38
epoch:30, loss: 0.24966453402130692, other:0.86|1.00|0.92, company:0.88|0.81|0.85, address:0.98|0.62|0.76, date:0.90|0.33|0.49, total:0.93|0.23|0.37
epoch:31, loss: 0.2328708745815136, other:0.88|0.99|0.93, company:0.93|0.74|0.83, address:0.98|0.60|0.74, date:0.87|0.41|0.56, total:0.90|0.25|0.40
epoch:32, loss: 0.23879815030980994, other:0.85|1.00|0.92, company:0.93|0.78|0.85, address:0.99|0.59|0.74, date:0.90|0.39|0.55, total:0.95|0.21|0.34
epoch:33, loss: 0.22886920637554592, other:0.87|1.00|0.93, company:0.91|0.81|0.85, address:0.99|0.64|0.77, date:0.91|0.39|0.55, total:0.92|0.24|0.39
epoch:34, loss: 0.22549977512271316, other:0.87|1.00|0.93, company:0.93|0.75|0.83, address:0.99|0.63|0.77, date:0.92|0.42|0.58, total:0.92|0.23|0.37
epoch:35, loss: 0.23866355584727394, other:0.88|0.99|0.93, company:0.87|0.83|0.85, address:0.98|0.65|0.78, date:0.93|0.35|0.51, total:0.90|0.25|0.39
epoch:36, loss: 0.22488593999986295, other:0.88|0.99|0.93, company:0.91|0.82|0.86, address:0.98|0.67|0.80, date:0.92|0.39|0.54, total:0.92|0.25|0.39
epoch:37, loss: 0.22234040222786092, other:0.87|1.00|0.93, company:0.94|0.77|0.85, address:0.98|0.66|0.79, date:0.92|0.41|0.57, total:0.97|0.22|0.36
epoch:38, loss: 0.23090381147684874, other:0.89|0.99|0.94, company:0.88|0.81|0.85, address:0.96|0.70|0.81, date:0.92|0.42|0.58, total:0.92|0.25|0.40
epoch:39, loss: 0.2220208313730028, other:0.87|1.00|0.93, company:0.90|0.81|0.86, address:0.99|0.61|0.76, date:0.92|0.41|0.57, total:0.92|0.24|0.38
epoch:40, loss: 0.21153415794725772, other:0.89|0.99|0.94, company:0.93|0.80|0.86, address:0.98|0.68|0.80, date:0.92|0.39|0.55, total:0.88|0.29|0.43
epoch:41, loss: 0.22501108050346375, other:0.89|0.99|0.94, company:0.88|0.84|0.86, address:0.98|0.67|0.80, date:0.91|0.41|0.56, total:0.92|0.26|0.40
epoch:42, loss: 0.2101326165375886, other:0.89|1.00|0.94, company:0.94|0.77|0.85, address:0.98|0.69|0.81, date:0.91|0.42|0.57, total:0.92|0.26|0.40
epoch:43, loss: 0.21601412583280494, other:0.87|1.00|0.93, company:0.92|0.80|0.86, address:0.99|0.66|0.79, date:0.92|0.42|0.57, total:0.95|0.22|0.36
epoch:44, loss: 0.20565996291460814, other:0.88|1.00|0.94, company:0.91|0.82|0.86, address:0.99|0.67|0.80, date:0.93|0.41|0.57, total:0.94|0.25|0.40
epoch:45, loss: 0.21527174280749428, other:0.91|0.99|0.95, company:0.87|0.84|0.85, address:0.97|0.71|0.82, date:0.90|0.47|0.62, total:0.91|0.28|0.43
epoch:46, loss: 0.2132143157499808, other:0.86|1.00|0.93, company:0.94|0.78|0.85, address:0.99|0.65|0.79, date:0.94|0.39|0.55, total:0.97|0.23|0.37
epoch:47, loss: 0.19567708339956072, other:0.89|1.00|0.94, company:0.94|0.76|0.84, address:0.99|0.67|0.80, date:0.94|0.41|0.57, total:0.91|0.29|0.44
epoch:48, loss: 0.20108237200313145, other:0.88|1.00|0.94, company:0.95|0.74|0.83, address:0.98|0.70|0.82, date:0.95|0.36|0.52, total:0.93|0.28|0.43
epoch:49, loss: 0.1925734281539917, other:0.90|1.00|0.94, company:0.94|0.78|0.86, address:0.99|0.71|0.83, date:0.94|0.41|0.57, total:0.92|0.29|0.44
epoch:50, loss: 0.2006418329698068, other:0.90|1.00|0.94, company:0.92|0.82|0.87, address:0.97|0.77|0.86, date:0.94|0.41|0.57, total:0.95|0.27|0.42
epoch:51, loss: 0.1982015879065902, other:0.90|1.00|0.95, company:0.90|0.84|0.86, address:0.98|0.73|0.84, date:0.94|0.42|0.58, total:0.92|0.29|0.44
epoch:52, loss: 0.18768206901020473, other:0.89|1.00|0.94, company:0.95|0.77|0.85, address:0.99|0.73|0.84, date:0.95|0.43|0.59, total:0.96|0.25|0.40
epoch:53, loss: 0.1916969766219457, other:0.89|1.00|0.94, company:0.97|0.72|0.83, address:0.98|0.68|0.80, date:0.96|0.38|0.55, total:0.93|0.30|0.45
epoch:54, loss: 0.18824368825665228, other:0.89|1.00|0.94, company:0.93|0.79|0.86, address:0.99|0.69|0.81, date:0.93|0.46|0.62, total:0.94|0.27|0.42
epoch:55, loss: 0.19499051350134392, other:0.89|1.00|0.94, company:0.92|0.81|0.86, address:0.99|0.71|0.82, date:0.93|0.43|0.59, total:0.96|0.25|0.39
epoch:56, loss: 0.1936614590662497, other:0.89|1.00|0.94, company:0.95|0.78|0.85, address:0.98|0.74|0.85, date:0.96|0.39|0.55, total:0.94|0.27|0.42
epoch:57, loss: 0.19570909219759483, other:0.91|0.99|0.95, company:0.92|0.80|0.86, address:1.00|0.67|0.80, date:0.94|0.42|0.59, total:0.83|0.35|0.49
epoch:58, loss: 0.18238715827465057, other:0.90|1.00|0.94, company:0.94|0.79|0.86, address:1.00|0.68|0.80, date:0.95|0.44|0.60, total:0.93|0.29|0.44
epoch:59, loss: 0.1810398984838415, other:0.89|1.00|0.94, company:0.95|0.80|0.87, address:0.99|0.70|0.82, date:0.96|0.44|0.60, total:0.95|0.27|0.43
epoch:60, loss: 0.18266702691713968, other:0.90|1.00|0.95, company:0.92|0.80|0.85, address:0.99|0.69|0.81, date:0.95|0.46|0.62, total:0.92|0.30|0.45
epoch:61, loss: 0.17864764785325085, other:0.91|1.00|0.95, company:0.91|0.83|0.87, address:0.99|0.73|0.84, date:0.94|0.47|0.63, total:0.92|0.31|0.47
epoch:62, loss: 0.17757928481808416, other:0.89|1.00|0.94, company:0.95|0.79|0.86, address:1.00|0.69|0.82, date:0.96|0.43|0.60, total:0.96|0.26|0.41
epoch:63, loss: 0.18000721545131118, other:0.91|1.00|0.95, company:0.89|0.84|0.87, address:0.99|0.71|0.82, date:0.95|0.48|0.63, total:0.91|0.33|0.49
epoch:64, loss: 0.17016085071696174, other:0.91|1.00|0.95, company:0.94|0.82|0.87, address:0.99|0.73|0.84, date:0.95|0.47|0.63, total:0.94|0.30|0.45
epoch:65, loss: 0.175153864202676, other:0.89|1.00|0.94, company:0.93|0.83|0.88, address:0.99|0.71|0.83, date:0.96|0.47|0.63, total:0.97|0.26|0.42
epoch:66, loss: 0.16868869684360646, other:0.91|1.00|0.95, company:0.97|0.69|0.81, address:0.98|0.71|0.82, date:0.94|0.50|0.65, total:0.92|0.32|0.48
epoch:67, loss: 0.19198026370119164, other:0.88|1.00|0.93, company:0.91|0.83|0.87, address:0.99|0.71|0.83, date:0.98|0.35|0.52, total:0.97|0.26|0.40
epoch:68, loss: 0.1750086090630955, other:0.91|1.00|0.95, company:0.94|0.82|0.88, address:0.98|0.78|0.86, date:0.95|0.43|0.60, total:0.93|0.31|0.47
epoch:69, loss: 0.16808425303962496, other:0.90|1.00|0.95, company:0.96|0.80|0.87, address:0.99|0.70|0.82, date:0.96|0.46|0.62, total:0.95|0.29|0.45
epoch:70, loss: 0.17037801858451632, other:0.90|1.00|0.94, company:0.96|0.77|0.86, address:0.99|0.70|0.82, date:0.97|0.45|0.61, total:0.95|0.28|0.44
epoch:71, loss: 0.17409158498048782, other:0.91|1.00|0.95, company:0.90|0.86|0.88, address:0.99|0.71|0.83, date:0.96|0.46|0.62, total:0.95|0.30|0.45
epoch:72, loss: 0.16856326549141495, other:0.91|1.00|0.95, company:0.95|0.82|0.88, address:0.99|0.74|0.85, date:0.95|0.44|0.61, total:0.94|0.30|0.46
epoch:73, loss: 0.15993056115176943, other:0.91|1.00|0.95, company:0.96|0.80|0.87, address:0.99|0.74|0.85, date:0.95|0.49|0.65, total:0.95|0.29|0.45
epoch:74, loss: 0.1978969055193442, other:0.91|1.00|0.95, company:0.83|0.84|0.84, address:0.97|0.74|0.84, date:0.97|0.47|0.63, total:0.95|0.29|0.45
epoch:75, loss: 0.16559702020000527, other:0.90|1.00|0.95, company:0.93|0.82|0.87, address:0.99|0.72|0.83, date:0.96|0.48|0.64, total:0.96|0.29|0.45
epoch:76, loss: 0.15541923184085776, other:0.92|1.00|0.96, company:0.95|0.82|0.88, address:0.99|0.75|0.85, date:0.96|0.53|0.68, total:0.94|0.32|0.47
epoch:77, loss: 0.1661651286262053, other:0.90|1.00|0.95, company:0.97|0.76|0.85, address:0.99|0.73|0.84, date:0.98|0.44|0.61, total:0.95|0.30|0.45
epoch:78, loss: 0.1555585088553252, other:0.92|1.00|0.95, company:0.96|0.79|0.87, address:0.99|0.75|0.85, date:0.97|0.46|0.63, total:0.91|0.34|0.50
epoch:79, loss: 0.16658593741831956, other:0.90|1.00|0.95, company:0.93|0.82|0.87, address:0.99|0.74|0.85, date:0.98|0.41|0.58, total:0.96|0.30|0.46
epoch:80, loss: 0.1546627034743627, other:0.90|1.00|0.95, company:0.96|0.80|0.88, address:0.99|0.75|0.86, date:0.98|0.45|0.62, total:0.96|0.30|0.46
epoch:81, loss: 0.15497016465222394, other:0.92|1.00|0.96, company:0.94|0.83|0.88, address:0.99|0.74|0.85, date:0.95|0.49|0.65, total:0.93|0.34|0.50
epoch:82, loss: 0.15244891936028446, other:0.92|1.00|0.96, company:0.95|0.84|0.89, address:0.99|0.77|0.87, date:0.96|0.55|0.70, total:0.95|0.30|0.46
epoch:83, loss: 0.1511970830184442, other:0.91|1.00|0.95, company:0.97|0.77|0.86, address:0.99|0.72|0.83, date:0.96|0.51|0.67, total:0.93|0.34|0.50
epoch:84, loss: 0.1578608629880128, other:0.91|1.00|0.95, company:0.93|0.84|0.88, address:0.99|0.77|0.86, date:0.98|0.47|0.64, total:0.95|0.30|0.46
epoch:85, loss: 0.1503979257411427, other:0.91|1.00|0.95, company:0.95|0.82|0.88, address:0.99|0.76|0.86, date:0.98|0.48|0.64, total:0.97|0.29|0.45
epoch:86, loss: 0.1480817002830682, other:0.91|1.00|0.95, company:0.97|0.78|0.86, address:0.99|0.72|0.83, date:0.98|0.49|0.66, total:0.96|0.31|0.47
epoch:87, loss: 0.14180297238959205, other:0.92|1.00|0.96, company:0.96|0.81|0.88, address:0.99|0.75|0.86, date:0.98|0.50|0.67, total:0.95|0.35|0.51
epoch:88, loss: 0.1471177767272349, other:0.91|1.00|0.95, company:0.96|0.81|0.88, address:0.99|0.79|0.88, date:0.98|0.51|0.67, total:0.97|0.29|0.45
epoch:89, loss: 0.14549961630944852, other:0.91|1.00|0.95, company:0.97|0.79|0.87, address:0.99|0.78|0.87, date:0.99|0.44|0.61, total:0.95|0.32|0.48
epoch:90, loss: 0.14297097314287116, other:0.92|1.00|0.96, company:0.96|0.81|0.88, address:0.99|0.76|0.86, date:0.98|0.51|0.67, total:0.94|0.34|0.49
epoch:91, loss: 0.13604534169038138, other:0.92|1.00|0.96, company:0.98|0.79|0.88, address:0.99|0.76|0.86, date:0.98|0.51|0.67, total:0.96|0.33|0.50
epoch:92, loss: 0.1361913714143965, other:0.92|1.00|0.96, company:0.96|0.82|0.89, address:0.99|0.75|0.86, date:0.97|0.52|0.68, total:0.96|0.34|0.50
epoch:93, loss: 0.14128481375950355, other:0.92|1.00|0.96, company:0.96|0.82|0.88, address:0.99|0.79|0.88, date:0.98|0.48|0.65, total:0.95|0.34|0.50
epoch:94, loss: 0.13980676592500121, other:0.92|1.00|0.95, company:0.96|0.82|0.88, address:0.99|0.78|0.88, date:0.98|0.51|0.67, total:0.95|0.31|0.47
epoch:95, loss: 0.1427486428508052, other:0.91|1.00|0.95, company:0.96|0.82|0.88, address:1.00|0.73|0.84, date:0.97|0.54|0.70, total:0.97|0.30|0.46
epoch:96, loss: 0.1451546420101766, other:0.93|1.00|0.96, company:0.91|0.85|0.88, address:0.99|0.77|0.87, date:0.98|0.50|0.67, total:0.94|0.37|0.53
epoch:97, loss: 0.14066817031966317, other:0.91|1.00|0.95, company:0.96|0.82|0.89, address:0.99|0.78|0.87, date:0.98|0.50|0.66, total:0.96|0.30|0.46
epoch:98, loss: 0.15464811192618477, other:0.91|1.00|0.95, company:0.95|0.84|0.89, address:0.99|0.79|0.88, date:0.99|0.40|0.57, total:0.97|0.33|0.49
epoch:99, loss: 0.14658972317421878, other:0.93|1.00|0.96, company:0.92|0.85|0.89, address:0.98|0.80|0.88, date:0.98|0.52|0.68, total:0.95|0.35|0.51
epoch:100, loss: 0.14584190288075694, other:0.91|1.00|0.95, company:0.97|0.81|0.88, address:1.00|0.75|0.85, date:0.99|0.45|0.62, total:0.96|0.32|0.47
epoch:101, loss: 0.14218269178160914, other:0.91|1.00|0.95, company:0.97|0.80|0.88, address:0.99|0.76|0.86, date:0.99|0.44|0.61, total:0.96|0.33|0.49
epoch:102, loss: 0.14952663718550294, other:0.91|1.00|0.95, company:0.95|0.83|0.88, address:0.99|0.75|0.86, date:0.98|0.42|0.59, total:0.96|0.32|0.48
epoch:103, loss: 0.14228507738422463, other:0.91|1.00|0.95, company:0.96|0.81|0.88, address:0.99|0.77|0.87, date:0.99|0.44|0.61, total:0.96|0.32|0.47
epoch:104, loss: 0.13678689301013947, other:0.91|1.00|0.95, company:0.96|0.83|0.89, address:0.99|0.79|0.88, date:0.99|0.51|0.67, total:0.97|0.30|0.46
epoch:105, loss: 0.1330786590222959, other:0.92|1.00|0.96, company:0.96|0.82|0.88, address:0.99|0.79|0.88, date:0.99|0.52|0.68, total:0.97|0.32|0.48
epoch:106, loss: 0.13462098135992331, other:0.92|1.00|0.96, company:0.96|0.84|0.90, address:0.99|0.78|0.88, date:0.99|0.52|0.68, total:0.98|0.31|0.47
epoch:107, loss: 0.13860441661543316, other:0.92|1.00|0.96, company:0.95|0.83|0.88, address:1.00|0.78|0.87, date:0.97|0.55|0.71, total:0.96|0.31|0.47
epoch:108, loss: 0.13737151799378572, other:0.90|1.00|0.95, company:0.98|0.82|0.89, address:1.00|0.76|0.86, date:0.99|0.44|0.61, total:0.98|0.31|0.47
epoch:109, loss: 0.12843879946955927, other:0.93|1.00|0.96, company:0.97|0.81|0.89, address:0.99|0.80|0.88, date:0.99|0.53|0.69, total:0.95|0.36|0.53
epoch:110, loss: 0.12570216755072275, other:0.92|1.00|0.96, company:0.97|0.81|0.89, address:1.00|0.79|0.88, date:0.98|0.53|0.69, total:0.96|0.34|0.51
epoch:111, loss: 0.12296747305878887, other:0.93|1.00|0.96, company:0.97|0.82|0.89, address:1.00|0.79|0.88, date:0.98|0.56|0.71, total:0.95|0.37|0.53
epoch:112, loss: 0.12764817089946182, other:0.92|1.00|0.96, company:0.97|0.82|0.89, address:0.99|0.82|0.90, date:0.99|0.49|0.66, total:0.97|0.33|0.49
epoch:113, loss: 0.12183522791774185, other:0.92|1.00|0.96, company:0.98|0.81|0.88, address:0.99|0.81|0.89, date:0.99|0.56|0.71, total:0.98|0.31|0.47
epoch:114, loss: 0.11867236373601137, other:0.93|1.00|0.96, company:0.98|0.79|0.87, address:0.99|0.77|0.87, date:0.99|0.53|0.69, total:0.95|0.39|0.55
epoch:115, loss: 0.12262638244363996, other:0.92|1.00|0.96, company:0.98|0.80|0.88, address:1.00|0.81|0.89, date:1.00|0.49|0.66, total:0.98|0.33|0.49
epoch:116, loss: 0.11760436136413503, other:0.92|1.00|0.96, company:0.98|0.82|0.89, address:1.00|0.78|0.88, date:0.99|0.55|0.71, total:0.97|0.34|0.51
epoch:117, loss: 0.11408931761980057, other:0.93|1.00|0.96, company:0.98|0.82|0.89, address:0.99|0.83|0.90, date:0.99|0.55|0.71, total:0.96|0.38|0.54
epoch:118, loss: 0.1182132934530576, other:0.92|1.00|0.96, company:0.98|0.80|0.88, address:0.99|0.80|0.89, date:0.99|0.52|0.69, total:0.96|0.34|0.51
epoch:119, loss: 0.12928984452176978, other:0.92|1.00|0.96, company:0.95|0.84|0.89, address:0.99|0.78|0.87, date:0.99|0.54|0.70, total:0.98|0.32|0.49
epoch:120, loss: 0.11547977256554144, other:0.92|1.00|0.96, company:0.99|0.79|0.88, address:1.00|0.76|0.86, date:1.00|0.57|0.73, total:0.97|0.36|0.53
epoch:121, loss: 0.11691336885646537, other:0.93|1.00|0.96, company:0.97|0.82|0.89, address:1.00|0.79|0.88, date:1.00|0.53|0.70, total:0.97|0.36|0.52
epoch:122, loss: 0.1152815780153981, other:0.93|1.00|0.97, company:0.97|0.84|0.90, address:0.99|0.84|0.91, date:0.99|0.55|0.71, total:0.97|0.38|0.54
epoch:123, loss: 0.11516371369361877, other:0.93|1.00|0.96, company:0.98|0.82|0.89, address:0.99|0.82|0.90, date:0.99|0.52|0.68, total:0.97|0.36|0.53
epoch:124, loss: 0.1191417412073524, other:0.92|1.00|0.96, company:0.97|0.81|0.88, address:0.99|0.79|0.88, date:0.99|0.55|0.71, total:0.98|0.34|0.50
epoch:125, loss: 0.11685333483748966, other:0.93|1.00|0.96, company:0.96|0.82|0.89, address:1.00|0.76|0.86, date:0.99|0.57|0.72, total:0.96|0.36|0.53
epoch:126, loss: 0.11816427056436185, other:0.92|1.00|0.96, company:0.97|0.85|0.91, address:1.00|0.78|0.88, date:0.99|0.54|0.70, total:0.97|0.34|0.51
epoch:127, loss: 0.12021821157799827, other:0.92|1.00|0.96, company:0.97|0.83|0.89, address:1.00|0.79|0.88, date:0.99|0.54|0.70, total:0.98|0.31|0.47
epoch:128, loss: 0.12285016063186857, other:0.93|1.00|0.97, company:0.95|0.84|0.89, address:1.00|0.79|0.88, date:0.99|0.55|0.70, total:0.94|0.40|0.56
epoch:129, loss: 0.121771941030467, other:0.92|1.00|0.96, company:0.95|0.84|0.89, address:0.99|0.82|0.90, date:0.99|0.53|0.69, total:0.98|0.34|0.50
epoch:130, loss: 0.11385099838177364, other:0.92|1.00|0.96, company:0.98|0.83|0.90, address:1.00|0.81|0.90, date:1.00|0.52|0.68, total:0.98|0.35|0.52
epoch:131, loss: 0.11076235522826512, other:0.93|1.00|0.96, company:0.99|0.80|0.89, address:0.99|0.81|0.90, date:1.00|0.53|0.69, total:0.98|0.36|0.53
epoch:132, loss: 0.11625227552873117, other:0.92|1.00|0.96, company:0.99|0.82|0.90, address:1.00|0.81|0.90, date:0.99|0.54|0.70, total:0.97|0.34|0.50
epoch:133, loss: 0.11921556956238216, other:0.93|1.00|0.96, company:0.95|0.85|0.90, address:0.99|0.84|0.91, date:0.99|0.60|0.75, total:0.98|0.35|0.51
epoch:134, loss: 0.10891124137021878, other:0.94|1.00|0.97, company:0.96|0.83|0.89, address:1.00|0.81|0.89, date:0.99|0.62|0.76, total:0.98|0.37|0.54
epoch:135, loss: 0.11466580105048639, other:0.94|1.00|0.97, company:0.95|0.85|0.90, address:0.99|0.85|0.91, date:0.99|0.61|0.75, total:0.98|0.37|0.53
epoch:136, loss: 0.11033519274658626, other:0.93|1.00|0.97, company:0.99|0.79|0.88, address:0.99|0.83|0.91, date:0.99|0.52|0.68, total:0.96|0.41|0.57
epoch:137, loss: 0.11043876519909611, other:0.93|1.00|0.96, company:0.99|0.80|0.89, address:0.99|0.81|0.89, date:1.00|0.53|0.69, total:0.98|0.36|0.52
epoch:138, loss: 0.11924359671495578, other:0.92|1.00|0.96, company:0.97|0.85|0.91, address:1.00|0.78|0.88, date:1.00|0.52|0.69, total:0.97|0.36|0.52
epoch:139, loss: 0.10715878534096258, other:0.94|1.00|0.97, company:0.97|0.84|0.90, address:1.00|0.81|0.89, date:0.99|0.61|0.76, total:0.96|0.39|0.55
epoch:140, loss: 0.10560336929780466, other:0.93|1.00|0.96, company:0.98|0.84|0.90, address:1.00|0.80|0.89, date:0.99|0.60|0.74, total:0.98|0.37|0.54
epoch:141, loss: 0.11656076267913536, other:0.92|1.00|0.96, company:1.00|0.72|0.84, address:0.98|0.81|0.89, date:1.00|0.52|0.69, total:0.98|0.36|0.53
epoch:142, loss: 0.10780426777071422, other:0.94|1.00|0.97, company:0.96|0.85|0.90, address:0.99|0.83|0.91, date:1.00|0.53|0.69, total:0.96|0.42|0.58
epoch:143, loss: 0.10090889009060683, other:0.93|1.00|0.97, company:0.98|0.82|0.90, address:1.00|0.81|0.90, date:1.00|0.60|0.74, total:0.98|0.38|0.55
epoch:144, loss: 0.10001977229559864, other:0.94|1.00|0.97, company:0.99|0.84|0.91, address:1.00|0.83|0.91, date:1.00|0.57|0.72, total:0.98|0.38|0.55
epoch:145, loss: 0.10686188577501862, other:0.93|1.00|0.96, company:0.99|0.81|0.89, address:1.00|0.85|0.92, date:1.00|0.56|0.72, total:0.98|0.36|0.53
epoch:146, loss: 0.10194410604459268, other:0.94|1.00|0.97, company:0.98|0.83|0.90, address:1.00|0.83|0.91, date:0.99|0.58|0.73, total:0.97|0.40|0.56
epoch:147, loss: 0.10604136326798687, other:0.93|1.00|0.97, company:1.00|0.77|0.87, address:0.99|0.82|0.90, date:1.00|0.58|0.73, total:0.95|0.40|0.56
epoch:148, loss: 0.10865500155422422, other:0.93|1.00|0.96, company:0.99|0.83|0.90, address:1.00|0.83|0.91, date:1.00|0.54|0.70, total:0.97|0.37|0.54
epoch:149, loss: 0.10284929998494961, other:0.94|1.00|0.97, company:0.99|0.82|0.90, address:1.00|0.85|0.92, date:1.00|0.53|0.70, total:0.98|0.39|0.56
epoch:150, loss: 0.10120578965655079, other:0.94|1.00|0.97, company:0.99|0.85|0.91, address:1.00|0.84|0.91, date:0.99|0.58|0.73, total:0.98|0.38|0.55
epoch:151, loss: 0.09874739139168351, other:0.93|1.00|0.97, company:1.00|0.80|0.89, address:1.00|0.83|0.90, date:1.00|0.55|0.71, total:0.98|0.40|0.57
epoch:152, loss: 0.10652811411354277, other:0.93|1.00|0.96, company:0.98|0.84|0.91, address:0.99|0.83|0.90, date:1.00|0.58|0.73, total:0.99|0.35|0.52
epoch:153, loss: 0.09899645547072093, other:0.94|1.00|0.97, company:0.98|0.83|0.90, address:1.00|0.83|0.91, date:1.00|0.59|0.74, total:0.97|0.41|0.57
epoch:154, loss: 0.09914802953048989, other:0.94|1.00|0.97, company:0.98|0.83|0.90, address:1.00|0.84|0.91, date:0.99|0.60|0.75, total:0.98|0.39|0.56
epoch:155, loss: 0.10567511507758388, other:0.93|1.00|0.97, company:0.97|0.84|0.90, address:1.00|0.82|0.90, date:1.00|0.57|0.73, total:0.98|0.38|0.55
epoch:156, loss: 0.09603584875111226, other:0.94|1.00|0.97, company:0.99|0.83|0.90, address:1.00|0.85|0.92, date:0.99|0.62|0.76, total:0.97|0.40|0.57
epoch:157, loss: 0.10915486404189358, other:0.93|1.00|0.96, company:1.00|0.80|0.89, address:0.99|0.85|0.92, date:1.00|0.51|0.68, total:0.98|0.38|0.55
epoch:158, loss: 0.1022643491073891, other:0.94|1.00|0.97, company:1.00|0.81|0.90, address:0.99|0.86|0.92, date:1.00|0.58|0.73, total:0.96|0.40|0.57
epoch:159, loss: 0.09581306769892022, other:0.94|1.00|0.97, company:0.99|0.81|0.89, address:0.99|0.83|0.91, date:1.00|0.59|0.74, total:0.98|0.40|0.57
epoch:160, loss: 0.09436943382024765, other:0.94|1.00|0.97, company:1.00|0.82|0.90, address:0.99|0.83|0.91, date:0.99|0.60|0.75, total:0.96|0.42|0.59
epoch:161, loss: 0.1083063350783454, other:0.94|1.00|0.97, company:0.96|0.84|0.90, address:0.99|0.84|0.91, date:1.00|0.61|0.76, total:0.97|0.39|0.56
epoch:162, loss: 0.10516997261179818, other:0.94|1.00|0.97, company:0.98|0.84|0.91, address:0.99|0.84|0.91, date:1.00|0.57|0.73, total:0.98|0.37|0.54
epoch:163, loss: 0.09473974795805083, other:0.95|1.00|0.97, company:0.98|0.85|0.91, address:1.00|0.86|0.92, date:1.00|0.63|0.77, total:0.97|0.43|0.59
epoch:164, loss: 0.10100321057769987, other:0.94|1.00|0.97, company:0.98|0.86|0.91, address:0.99|0.87|0.93, date:0.99|0.61|0.75, total:0.99|0.37|0.54
epoch:165, loss: 0.09497610824527564, other:0.93|1.00|0.97, company:1.00|0.81|0.90, address:0.99|0.83|0.90, date:1.00|0.57|0.72, total:0.98|0.39|0.56
epoch:166, loss: 0.0942344069480896, other:0.94|1.00|0.97, company:0.99|0.83|0.90, address:1.00|0.85|0.92, date:1.00|0.60|0.75, total:0.99|0.39|0.56
epoch:167, loss: 0.11440736303726833, other:0.93|1.00|0.96, company:0.97|0.85|0.90, address:0.98|0.82|0.89, date:1.00|0.61|0.75, total:0.99|0.34|0.51
epoch:168, loss: 0.09687940141669026, other:0.94|1.00|0.97, company:1.00|0.80|0.89, address:1.00|0.83|0.90, date:1.00|0.58|0.74, total:0.99|0.40|0.57
epoch:169, loss: 0.09809248894453049, other:0.94|1.00|0.97, company:0.98|0.85|0.91, address:0.99|0.84|0.91, date:1.00|0.56|0.71, total:0.98|0.42|0.59
epoch:170, loss: 0.09561102368213513, other:0.94|1.00|0.97, company:0.99|0.84|0.91, address:1.00|0.83|0.91, date:1.00|0.62|0.76, total:0.99|0.39|0.56
epoch:171, loss: 0.09855339069057394, other:0.94|1.00|0.97, company:1.00|0.79|0.88, address:0.99|0.78|0.88, date:1.00|0.60|0.75, total:0.97|0.43|0.59
epoch:172, loss: 0.09182961464480117, other:0.94|1.00|0.97, company:0.99|0.85|0.91, address:1.00|0.80|0.89, date:1.00|0.67|0.80, total:0.98|0.40|0.57
epoch:173, loss: 0.09739767401306718, other:0.93|1.00|0.96, company:0.99|0.82|0.90, address:1.00|0.84|0.91, date:1.00|0.58|0.73, total:0.99|0.36|0.53
epoch:174, loss: 0.09128846655841227, other:0.95|1.00|0.97, company:0.99|0.83|0.90, address:1.00|0.83|0.91, date:1.00|0.60|0.75, total:0.98|0.45|0.62
epoch:175, loss: 0.0900282643183514, other:0.94|1.00|0.97, company:1.00|0.81|0.89, address:1.00|0.83|0.91, date:1.00|0.61|0.76, total:0.99|0.43|0.60
epoch:176, loss: 0.08979204297065735, other:0.94|1.00|0.97, company:0.99|0.84|0.91, address:0.99|0.89|0.94, date:1.00|0.63|0.77, total:0.99|0.39|0.56
epoch:177, loss: 0.08324282809540078, other:0.95|1.00|0.97, company:0.99|0.83|0.91, address:1.00|0.86|0.92, date:1.00|0.66|0.79, total:0.99|0.42|0.59
epoch:178, loss: 0.09080947894189093, other:0.94|1.00|0.97, company:0.99|0.85|0.91, address:1.00|0.86|0.92, date:1.00|0.62|0.76, total:0.99|0.38|0.55
epoch:179, loss: 0.08640482497436029, other:0.94|1.00|0.97, company:0.99|0.83|0.90, address:1.00|0.81|0.89, date:1.00|0.61|0.75, total:0.99|0.45|0.62
epoch:180, loss: 0.08898035519652897, other:0.95|1.00|0.97, company:0.98|0.86|0.92, address:1.00|0.85|0.92, date:1.00|0.64|0.78, total:0.99|0.43|0.60
epoch:181, loss: 0.10006208055549198, other:0.95|1.00|0.97, company:0.94|0.87|0.90, address:1.00|0.81|0.90, date:1.00|0.65|0.79, total:0.99|0.44|0.61
epoch:182, loss: 0.08375856763234844, other:0.95|1.00|0.97, company:0.99|0.84|0.91, address:0.99|0.84|0.91, date:1.00|0.61|0.76, total:0.99|0.45|0.62
epoch:183, loss: 0.08520080494108023, other:0.95|1.00|0.97, company:1.00|0.82|0.90, address:1.00|0.84|0.91, date:1.00|0.63|0.77, total:0.99|0.44|0.60
epoch:184, loss: 0.08981939653555553, other:0.95|1.00|0.97, company:0.99|0.86|0.92, address:1.00|0.84|0.91, date:1.00|0.66|0.80, total:0.97|0.43|0.59
epoch:185, loss: 0.08587004340909145, other:0.94|1.00|0.97, company:0.99|0.84|0.91, address:1.00|0.82|0.90, date:1.00|0.60|0.75, total:0.99|0.44|0.61
epoch:186, loss: 0.08412472738160028, other:0.94|1.00|0.97, company:0.99|0.85|0.91, address:1.00|0.85|0.92, date:1.00|0.59|0.74, total:0.99|0.41|0.58
epoch:187, loss: 0.08704168114949155, other:0.94|1.00|0.97, company:1.00|0.82|0.90, address:1.00|0.86|0.92, date:1.00|0.61|0.76, total:1.00|0.38|0.55
epoch:188, loss: 0.08581258604923885, other:0.94|1.00|0.97, company:0.99|0.84|0.91, address:1.00|0.87|0.93, date:1.00|0.59|0.74, total:0.99|0.41|0.58
epoch:189, loss: 0.09564215772681767, other:0.94|1.00|0.97, company:0.99|0.86|0.92, address:1.00|0.85|0.92, date:1.00|0.66|0.79, total:0.98|0.37|0.54
epoch:190, loss: 0.08791994193085918, other:0.94|1.00|0.97, company:0.99|0.86|0.92, address:1.00|0.86|0.92, date:1.00|0.61|0.76, total:0.99|0.41|0.58
epoch:191, loss: 0.0908102798793051, other:0.94|1.00|0.97, company:0.99|0.83|0.91, address:1.00|0.82|0.90, date:1.00|0.60|0.75, total:0.99|0.40|0.57
epoch:192, loss: 0.09739528692982814, other:0.93|1.00|0.96, company:0.99|0.84|0.91, address:1.00|0.82|0.90, date:1.00|0.64|0.78, total:1.00|0.35|0.52
epoch:193, loss: 0.09480202280812794, other:0.94|1.00|0.97, company:1.00|0.81|0.89, address:0.99|0.85|0.92, date:1.00|0.60|0.75, total:0.95|0.39|0.56
epoch:194, loss: 0.08869111330972777, other:0.94|1.00|0.97, company:1.00|0.84|0.91, address:0.99|0.83|0.91, date:1.00|0.60|0.75, total:0.99|0.42|0.59
epoch:195, loss: 0.09065613385151934, other:0.94|1.00|0.97, company:0.98|0.86|0.92, address:0.99|0.86|0.92, date:1.00|0.64|0.78, total:0.98|0.39|0.56
epoch:196, loss: 0.0837093203983925, other:0.95|1.00|0.97, company:0.99|0.86|0.92, address:1.00|0.88|0.93, date:1.00|0.66|0.80, total:0.99|0.41|0.58
epoch:197, loss: 0.08186775639101311, other:0.95|1.00|0.97, company:0.99|0.86|0.92, address:1.00|0.87|0.93, date:1.00|0.65|0.79, total:0.98|0.45|0.62
epoch:198, loss: 0.08091093351443608, other:0.95|1.00|0.97, company:0.99|0.84|0.91, address:1.00|0.88|0.93, date:1.00|0.62|0.77, total:0.99|0.43|0.60
epoch:199, loss: 0.08368142556261134, other:0.94|1.00|0.97, company:1.00|0.84|0.91, address:1.00|0.86|0.92, date:1.00|0.60|0.75, total:0.99|0.41|0.58
epoch:200, loss: 0.08516259629417348, other:0.95|1.00|0.97, company:0.99|0.85|0.92, address:1.00|0.87|0.93, date:1.00|0.63|0.77, total:0.97|0.42|0.58
epoch:201, loss: 0.08454527043633991, other:0.94|1.00|0.97, company:1.00|0.84|0.91, address:1.00|0.85|0.92, date:1.00|0.58|0.73, total:1.00|0.41|0.58
epoch:202, loss: 0.0759284505965533, other:0.95|1.00|0.97, company:1.00|0.84|0.91, address:1.00|0.88|0.93, date:1.00|0.63|0.78, total:0.99|0.45|0.62
epoch:203, loss: 0.07766691871263363, other:0.95|1.00|0.97, company:1.00|0.83|0.91, address:1.00|0.84|0.91, date:1.00|0.64|0.78, total:0.99|0.44|0.61
epoch:204, loss: 0.08590700132427392, other:0.94|1.00|0.97, company:1.00|0.79|0.88, address:0.99|0.86|0.92, date:1.00|0.65|0.79, total:1.00|0.40|0.57
epoch:205, loss: 0.08038814600419115, other:0.95|1.00|0.97, company:1.00|0.84|0.91, address:1.00|0.86|0.92, date:1.00|0.60|0.75, total:0.99|0.45|0.62
epoch:206, loss: 0.07567937810111929, other:0.95|1.00|0.98, company:1.00|0.84|0.92, address:1.00|0.89|0.94, date:1.00|0.65|0.79, total:0.98|0.45|0.62
epoch:207, loss: 0.0823861521979173, other:0.95|1.00|0.97, company:0.99|0.85|0.92, address:1.00|0.87|0.93, date:1.00|0.61|0.76, total:1.00|0.43|0.60
epoch:208, loss: 0.07565326174652134, other:0.95|1.00|0.98, company:0.99|0.85|0.92, address:1.00|0.90|0.95, date:1.00|0.65|0.79, total:0.99|0.45|0.62
epoch:209, loss: 0.07875787880685595, other:0.95|1.00|0.97, company:0.99|0.86|0.92, address:1.00|0.86|0.92, date:1.00|0.67|0.80, total:1.00|0.41|0.59
epoch:210, loss: 0.08461703415270205, other:0.94|1.00|0.97, company:0.99|0.86|0.92, address:1.00|0.88|0.94, date:1.00|0.60|0.75, total:1.00|0.37|0.54
epoch:211, loss: 0.07836506736499292, other:0.95|1.00|0.97, company:1.00|0.84|0.92, address:1.00|0.87|0.93, date:1.00|0.62|0.77, total:0.99|0.43|0.60
epoch:212, loss: 0.07561226741031364, other:0.95|1.00|0.97, company:1.00|0.86|0.92, address:1.00|0.88|0.93, date:1.00|0.64|0.78, total:1.00|0.44|0.61
epoch:213, loss: 0.07767913614710172, other:0.95|1.00|0.97, company:1.00|0.84|0.91, address:1.00|0.88|0.93, date:1.00|0.62|0.77, total:0.99|0.44|0.61
epoch:214, loss: 0.07441371706900773, other:0.95|1.00|0.97, company:1.00|0.83|0.91, address:1.00|0.86|0.92, date:1.00|0.65|0.79, total:0.99|0.45|0.62
epoch:215, loss: 0.07747585409217411, other:0.95|1.00|0.98, company:0.99|0.86|0.92, address:1.00|0.88|0.93, date:1.00|0.66|0.79, total:0.99|0.45|0.62
epoch:216, loss: 0.0775257179306613, other:0.95|1.00|0.97, company:1.00|0.85|0.92, address:1.00|0.84|0.91, date:1.00|0.59|0.74, total:1.00|0.47|0.64
epoch:217, loss: 0.07912240053216617, other:0.95|1.00|0.97, company:0.99|0.85|0.92, address:1.00|0.88|0.94, date:1.00|0.60|0.75, total:0.98|0.47|0.63
epoch:218, loss: 0.07578929168758569, other:0.95|1.00|0.98, company:1.00|0.84|0.91, address:1.00|0.88|0.93, date:1.00|0.67|0.80, total:0.99|0.48|0.64
epoch:219, loss: 0.07317632616118148, other:0.96|1.00|0.98, company:0.99|0.85|0.92, address:1.00|0.87|0.93, date:1.00|0.70|0.82, total:0.99|0.47|0.64
epoch:220, loss: 0.06909994781017303, other:0.96|1.00|0.98, company:1.00|0.85|0.91, address:1.00|0.89|0.94, date:1.00|0.67|0.80, total:0.99|0.47|0.64
epoch:221, loss: 0.07121525608279088, other:0.95|1.00|0.98, company:1.00|0.85|0.92, address:1.00|0.88|0.93, date:1.00|0.63|0.77, total:0.99|0.49|0.66
epoch:222, loss: 0.06791894951904262, other:0.96|1.00|0.98, company:1.00|0.87|0.93, address:1.00|0.89|0.94, date:1.00|0.66|0.79, total:0.99|0.50|0.67
epoch:223, loss: 0.07013183321665835, other:0.95|1.00|0.97, company:1.00|0.85|0.92, address:1.00|0.89|0.94, date:1.00|0.64|0.78, total:1.00|0.45|0.62
epoch:224, loss: 0.07371513669689496, other:0.95|1.00|0.97, company:0.99|0.86|0.92, address:1.00|0.88|0.93, date:1.00|0.67|0.80, total:1.00|0.42|0.59
epoch:225, loss: 0.0903160937682346, other:0.95|1.00|0.97, company:0.99|0.86|0.92, address:0.99|0.89|0.94, date:1.00|0.57|0.73, total:0.95|0.42|0.59
epoch:226, loss: 0.08102791314875638, other:0.94|1.00|0.97, company:1.00|0.82|0.90, address:1.00|0.88|0.94, date:1.00|0.66|0.79, total:0.99|0.38|0.55
epoch:227, loss: 0.08012271907042574, other:0.94|1.00|0.97, company:0.99|0.87|0.93, address:1.00|0.85|0.92, date:1.00|0.64|0.78, total:1.00|0.41|0.58
epoch:228, loss: 0.08304591835648925, other:0.95|1.00|0.97, company:0.98|0.87|0.92, address:1.00|0.86|0.93, date:1.00|0.65|0.78, total:0.98|0.44|0.61
epoch:229, loss: 0.07450421154499054, other:0.95|1.00|0.97, company:1.00|0.85|0.92, address:1.00|0.88|0.93, date:1.00|0.72|0.83, total:1.00|0.41|0.58
epoch:230, loss: 0.07079275573293368, other:0.95|1.00|0.98, company:1.00|0.84|0.91, address:1.00|0.90|0.95, date:1.00|0.67|0.80, total:0.99|0.46|0.63
epoch:231, loss: 0.07321805686310486, other:0.95|1.00|0.97, company:1.00|0.84|0.91, address:1.00|0.89|0.94, date:1.00|0.64|0.78, total:0.99|0.44|0.61
epoch:232, loss: 0.07265554713430228, other:0.95|1.00|0.98, company:0.99|0.87|0.92, address:1.00|0.88|0.94, date:1.00|0.68|0.81, total:1.00|0.46|0.63
epoch:233, loss: 0.06691442471411493, other:0.96|1.00|0.98, company:1.00|0.84|0.91, address:1.00|0.89|0.94, date:1.00|0.69|0.81, total:0.99|0.47|0.64
epoch:234, loss: 0.0681111507669643, other:0.96|1.00|0.98, company:1.00|0.84|0.91, address:1.00|0.88|0.94, date:1.00|0.69|0.82, total:0.99|0.48|0.65
epoch:235, loss: 0.07388801858932884, other:0.95|1.00|0.98, company:0.99|0.86|0.92, address:1.00|0.87|0.93, date:1.00|0.65|0.78, total:0.99|0.47|0.64
epoch:236, loss: 0.06778951168612198, other:0.95|1.00|0.98, company:1.00|0.86|0.92, address:1.00|0.90|0.94, date:1.00|0.66|0.80, total:0.99|0.45|0.62
epoch:237, loss: 0.07019418767756885, other:0.95|1.00|0.98, company:1.00|0.84|0.91, address:1.00|0.90|0.95, date:1.00|0.67|0.80, total:0.99|0.43|0.60
epoch:238, loss: 0.07005061209201813, other:0.95|1.00|0.98, company:1.00|0.87|0.93, address:1.00|0.88|0.94, date:1.00|0.65|0.78, total:0.99|0.45|0.61
epoch:239, loss: 0.07023755295409097, other:0.95|1.00|0.97, company:1.00|0.85|0.92, address:1.00|0.89|0.94, date:1.00|0.65|0.79, total:1.00|0.43|0.60
epoch:240, loss: 0.06821606156450731, other:0.95|1.00|0.98, company:1.00|0.85|0.92, address:1.00|0.89|0.94, date:1.00|0.67|0.80, total:0.99|0.46|0.63
epoch:241, loss: 0.06483029298208377, other:0.96|1.00|0.98, company:1.00|0.86|0.93, address:1.00|0.89|0.94, date:1.00|0.66|0.80, total:0.99|0.49|0.65
epoch:242, loss: 0.06826497228057296, other:0.95|1.00|0.98, company:1.00|0.85|0.92, address:1.00|0.90|0.94, date:1.00|0.69|0.81, total:0.99|0.46|0.62
epoch:243, loss: 0.06889033220984318, other:0.96|1.00|0.98, company:0.98|0.89|0.93, address:1.00|0.89|0.94, date:1.00|0.74|0.85, total:1.00|0.47|0.63
epoch:244, loss: 0.06286018948864054, other:0.96|1.00|0.98, company:1.00|0.88|0.93, address:1.00|0.89|0.94, date:1.00|0.71|0.83, total:0.99|0.53|0.69
epoch:245, loss: 0.06713238330902876, other:0.96|1.00|0.98, company:1.00|0.85|0.92, address:1.00|0.89|0.94, date:1.00|0.63|0.78, total:0.99|0.50|0.66
epoch:246, loss: 0.07545508499498721, other:0.95|1.00|0.97, company:0.99|0.88|0.93, address:1.00|0.87|0.93, date:1.00|0.61|0.76, total:0.99|0.46|0.62
epoch:247, loss: 0.07578984675584016, other:0.95|1.00|0.97, company:1.00|0.84|0.91, address:1.00|0.81|0.90, date:1.00|0.65|0.79, total:0.99|0.44|0.61
epoch:248, loss: 0.0685923535514761, other:0.96|1.00|0.98, company:1.00|0.84|0.92, address:1.00|0.88|0.94, date:1.00|0.66|0.80, total:1.00|0.48|0.65
epoch:249, loss: 0.07727560345773343, other:0.95|1.00|0.97, company:1.00|0.83|0.91, address:1.00|0.90|0.95, date:1.00|0.65|0.79, total:1.00|0.42|0.59
epoch:250, loss: 0.08676171330390153, other:0.95|1.00|0.97, company:0.99|0.88|0.93, address:0.99|0.89|0.94, date:1.00|0.62|0.77, total:0.97|0.42|0.59
epoch:251, loss: 0.07348114224495711, other:0.95|1.00|0.98, company:1.00|0.84|0.91, address:1.00|0.87|0.93, date:1.00|0.63|0.77, total:0.99|0.48|0.65
epoch:252, loss: 0.06873394148769202, other:0.96|1.00|0.98, company:1.00|0.88|0.93, address:1.00|0.89|0.94, date:1.00|0.73|0.84, total:0.98|0.53|0.69
epoch:253, loss: 0.07795053858447958, other:0.95|1.00|0.97, company:0.97|0.88|0.93, address:1.00|0.87|0.93, date:1.00|0.68|0.81, total:1.00|0.42|0.59
epoch:254, loss: 0.07517810607397998, other:0.94|1.00|0.97, company:1.00|0.83|0.91, address:0.99|0.88|0.93, date:1.00|0.64|0.78, total:1.00|0.40|0.57
epoch:255, loss: 0.08133930850912023, other:0.95|1.00|0.97, company:1.00|0.80|0.89, address:0.99|0.86|0.92, date:1.00|0.64|0.78, total:0.99|0.42|0.59
epoch:256, loss: 0.07563382318174397, other:0.95|1.00|0.97, company:1.00|0.85|0.92, address:1.00|0.86|0.93, date:1.00|0.62|0.77, total:1.00|0.42|0.59
epoch:257, loss: 0.07105264660936815, other:0.96|1.00|0.98, company:0.99|0.88|0.93, address:0.99|0.91|0.95, date:1.00|0.65|0.79, total:0.99|0.51|0.67
epoch:258, loss: 0.06254964942733447, other:0.96|1.00|0.98, company:1.00|0.87|0.93, address:1.00|0.90|0.94, date:1.00|0.68|0.81, total:0.99|0.49|0.65
epoch:259, loss: 0.06504504672355121, other:0.96|1.00|0.98, company:1.00|0.86|0.92, address:1.00|0.89|0.94, date:1.00|0.70|0.82, total:0.99|0.47|0.64
epoch:260, loss: 0.06701400048202938, other:0.96|1.00|0.98, company:1.00|0.87|0.93, address:1.00|0.90|0.94, date:1.00|0.72|0.84, total:1.00|0.45|0.62
epoch:261, loss: 0.06715426676803166, other:0.96|1.00|0.98, company:0.99|0.87|0.93, address:0.99|0.89|0.94, date:1.00|0.66|0.80, total:1.00|0.50|0.67
epoch:262, loss: 0.0649882662627432, other:0.96|1.00|0.98, company:1.00|0.86|0.92, address:1.00|0.91|0.95, date:1.00|0.69|0.81, total:0.99|0.46|0.63
epoch:263, loss: 0.06813333017958535, other:0.95|1.00|0.98, company:1.00|0.86|0.92, address:1.00|0.90|0.94, date:1.00|0.65|0.79, total:1.00|0.45|0.62
epoch:264, loss: 0.06476717469868837, other:0.95|1.00|0.98, company:1.00|0.86|0.92, address:1.00|0.90|0.95, date:1.00|0.69|0.82, total:1.00|0.45|0.62
epoch:265, loss: 0.0665451656613085, other:0.95|1.00|0.98, company:1.00|0.85|0.92, address:1.00|0.90|0.94, date:1.00|0.66|0.79, total:1.00|0.44|0.61
epoch:266, loss: 0.0587409238020579, other:0.96|1.00|0.98, company:1.00|0.89|0.94, address:1.00|0.88|0.94, date:1.00|0.74|0.85, total:1.00|0.50|0.66
epoch:267, loss: 0.05871688602147279, other:0.96|1.00|0.98, company:1.00|0.85|0.92, address:1.00|0.91|0.95, date:1.00|0.70|0.82, total:1.00|0.50|0.66
epoch:268, loss: 0.060119256377220154, other:0.96|1.00|0.98, company:1.00|0.88|0.94, address:1.00|0.89|0.94, date:1.00|0.71|0.83, total:1.00|0.49|0.66
epoch:269, loss: 0.056887435692327994, other:0.96|1.00|0.98, company:1.00|0.88|0.94, address:1.00|0.90|0.95, date:1.00|0.72|0.83, total:1.00|0.52|0.69
epoch:270, loss: 0.06971820609437095, other:0.95|1.00|0.97, company:1.00|0.84|0.91, address:0.99|0.85|0.92, date:1.00|0.67|0.80, total:1.00|0.45|0.62
epoch:271, loss: 0.07703260015006419, other:0.95|1.00|0.97, company:0.98|0.87|0.92, address:1.00|0.89|0.94, date:1.00|0.70|0.82, total:0.98|0.41|0.58
epoch:272, loss: 0.06534356527306416, other:0.96|1.00|0.98, company:0.99|0.88|0.93, address:1.00|0.89|0.94, date:1.00|0.69|0.81, total:0.99|0.47|0.64
epoch:273, loss: 0.07091907315232136, other:0.95|1.00|0.97, company:0.99|0.89|0.94, address:1.00|0.89|0.94, date:1.00|0.64|0.78, total:1.00|0.42|0.59
epoch:274, loss: 0.07766444691353375, other:0.95|1.00|0.97, company:1.00|0.89|0.94, address:1.00|0.88|0.94, date:1.00|0.65|0.79, total:0.97|0.42|0.59
epoch:275, loss: 0.05999797168705198, other:0.96|1.00|0.98, company:1.00|0.86|0.92, address:1.00|0.90|0.95, date:1.00|0.74|0.85, total:1.00|0.48|0.64
epoch:276, loss: 0.06286796817073116, other:0.96|1.00|0.98, company:1.00|0.89|0.94, address:1.00|0.90|0.95, date:1.00|0.70|0.82, total:1.00|0.46|0.63
epoch:277, loss: 0.06326106714981573, other:0.96|1.00|0.98, company:1.00|0.81|0.90, address:1.00|0.88|0.93, date:1.00|0.69|0.81, total:0.99|0.50|0.67
epoch:278, loss: 0.06380623923959555, other:0.96|1.00|0.98, company:1.00|0.84|0.91, address:1.00|0.92|0.96, date:1.00|0.67|0.80, total:1.00|0.48|0.65
epoch:279, loss: 0.06138648810210051, other:0.96|1.00|0.98, company:1.00|0.88|0.94, address:1.00|0.88|0.94, date:1.00|0.71|0.83, total:0.99|0.51|0.67
epoch:280, loss: 0.06442348452077971, other:0.96|1.00|0.98, company:1.00|0.82|0.90, address:0.99|0.86|0.92, date:1.00|0.74|0.85, total:1.00|0.47|0.64
epoch:281, loss: 0.06562369178842616, other:0.95|1.00|0.98, company:1.00|0.85|0.92, address:0.99|0.87|0.93, date:1.00|0.68|0.81, total:1.00|0.47|0.64
epoch:282, loss: 0.05951603295074569, other:0.96|1.00|0.98, company:1.00|0.88|0.93, address:1.00|0.90|0.95, date:1.00|0.70|0.82, total:0.99|0.51|0.68
epoch:283, loss: 0.055110574734431726, other:0.96|1.00|0.98, company:1.00|0.88|0.94, address:1.00|0.92|0.95, date:1.00|0.72|0.84, total:1.00|0.52|0.69
epoch:284, loss: 0.059568064356291736, other:0.96|1.00|0.98, company:1.00|0.87|0.93, address:1.00|0.91|0.95, date:1.00|0.69|0.82, total:1.00|0.47|0.64
epoch:285, loss: 0.061926648020744324, other:0.96|1.00|0.98, company:1.00|0.85|0.92, address:1.00|0.87|0.93, date:1.00|0.71|0.83, total:0.99|0.49|0.65
epoch:286, loss: 0.061963524807382514, other:0.96|1.00|0.98, company:1.00|0.87|0.93, address:1.00|0.90|0.94, date:1.00|0.67|0.80, total:1.00|0.47|0.64
epoch:287, loss: 0.06040622845843986, other:0.96|1.00|0.98, company:1.00|0.89|0.94, address:1.00|0.91|0.95, date:1.00|0.71|0.83, total:0.99|0.49|0.65
epoch:288, loss: 0.06093733150649954, other:0.96|1.00|0.98, company:1.00|0.87|0.93, address:1.00|0.90|0.95, date:1.00|0.73|0.84, total:1.00|0.45|0.62
epoch:289, loss: 0.06684104242810497, other:0.95|1.00|0.97, company:1.00|0.85|0.92, address:1.00|0.90|0.95, date:1.00|0.66|0.79, total:1.00|0.42|0.59
epoch:290, loss: 0.058830644383474635, other:0.96|1.00|0.98, company:0.99|0.88|0.93, address:1.00|0.90|0.94, date:1.00|0.68|0.81, total:1.00|0.49|0.66
epoch:291, loss: 0.07031201364265548, other:0.96|1.00|0.98, company:0.98|0.89|0.93, address:1.00|0.86|0.93, date:1.00|0.72|0.84, total:0.99|0.51|0.67
epoch:292, loss: 0.057094378051934416, other:0.96|1.00|0.98, company:1.00|0.85|0.92, address:1.00|0.91|0.95, date:1.00|0.72|0.84, total:1.00|0.52|0.68
epoch:293, loss: 0.05824142473715323, other:0.96|1.00|0.98, company:1.00|0.88|0.94, address:1.00|0.93|0.96, date:1.00|0.70|0.83, total:1.00|0.48|0.64
epoch:294, loss: 0.055252945671478905, other:0.96|1.00|0.98, company:1.00|0.86|0.93, address:1.00|0.89|0.94, date:1.00|0.75|0.86, total:1.00|0.50|0.66
epoch:295, loss: 0.05704505148309248, other:0.96|1.00|0.98, company:1.00|0.89|0.94, address:1.00|0.91|0.95, date:1.00|0.70|0.82, total:1.00|0.49|0.65
epoch:296, loss: 0.06143293722912117, other:0.96|1.00|0.98, company:1.00|0.87|0.93, address:1.00|0.90|0.95, date:1.00|0.69|0.82, total:0.99|0.47|0.64
epoch:297, loss: 0.0607425598082719, other:0.95|1.00|0.98, company:1.00|0.84|0.91, address:1.00|0.88|0.93, date:1.00|0.69|0.82, total:1.00|0.47|0.63
epoch:298, loss: 0.07018865106834306, other:0.95|1.00|0.97, company:1.00|0.88|0.93, address:1.00|0.88|0.94, date:1.00|0.61|0.76, total:0.99|0.46|0.63
epoch:299, loss: 0.05665570042199559, other:0.96|1.00|0.98, company:1.00|0.88|0.93, address:1.00|0.90|0.95, date:1.00|0.70|0.82, total:1.00|0.50|0.67
